I200407 20:12:58.474570 1 util/log/clog.go:1196  [config] file created at: 2020/04/07 20:12:58
I200407 20:12:58.474570 1 util/log/clog.go:1196  [config] running on machine: 7fccd0f05b67
I200407 20:12:58.474570 1 util/log/clog.go:1196  [config] binary: CockroachDB CCL v19.2.5 (x86_64-unknown-linux-gnu, built 2020/03/16 18:27:12, go1.12.12)
I200407 20:12:58.474570 1 util/log/clog.go:1196  [config] arguments: [/cockroach/cockroach start --insecure]
I200407 20:12:58.474570 1 util/log/clog.go:1196  line format: [IWEF]yymmdd hh:mm:ss.uuuuuu goid file:line msg utf8=✓
I200407 20:12:58.474553 1 cli/start.go:1144  logging to directory /cockroach/cockroach-data/logs
W200407 20:12:58.643087 1 cli/start.go:1182  RUNNING IN INSECURE MODE!

- Your cluster is open for any client that can access <all your IP addresses>.
- Any user, even root, can log in without providing a password.
- Any user, connecting as root, can read or write any data in your cluster.
- There is no network encryption nor authentication, and thus no confidentiality.

Check out how to secure your cluster: https://www.cockroachlabs.com/docs/v19.2/secure-a-cluster.html
I200407 20:12:58.643663 1 server/status/recorder.go:597  available memory from cgroups (8.0 EiB) is unsupported, using system memory 2.9 GiB instead: 
W200407 20:12:58.644080 1 cli/start.go:1052  Using the default setting for --cache (128 MiB).
  A significantly larger value is usually needed for good performance.
  If you have a dedicated server a reasonable setting is --cache=.25 (749 MiB).
I200407 20:12:58.652670 1 server/status/recorder.go:597  available memory from cgroups (8.0 EiB) is unsupported, using system memory 2.9 GiB instead: 
W200407 20:12:58.682355 1 cli/start.go:1065  Using the default setting for --max-sql-memory (128 MiB).
  A significantly larger value is usually needed in production.
  If you have a dedicated server a reasonable setting is --max-sql-memory=.25 (749 MiB).
I200407 20:12:58.694156 1 server/status/recorder.go:597  available memory from cgroups (8.0 EiB) is unsupported, using system memory 2.9 GiB instead: 
I200407 20:12:58.694311 1 cli/start.go:1196  CockroachDB CCL v19.2.5 (x86_64-unknown-linux-gnu, built 2020/03/16 18:27:12, go1.12.12)
W200407 20:12:59.562360 1 cli/start.go:511  running 'cockroach start' without --join is deprecated.
Consider using 'cockroach start-single-node' or 'cockroach init' instead.
I200407 20:12:59.892229 1 server/status/recorder.go:597  available memory from cgroups (8.0 EiB) is unsupported, using system memory 2.9 GiB instead: 
I200407 20:12:59.892329 1 server/config.go:394  system total memory: 2.9 GiB
I200407 20:12:59.892450 1 server/config.go:396  server configuration:
max offset             500000000
cache size             128 MiB
SQL memory pool size   128 MiB
scan interval          10m0s
scan min idle time     10ms
scan max idle time     1s
event log enabled      true
I200407 20:12:59.892521 1 cli/start.go:1030  using local environment variables: COCKROACH_CHANNEL=official-docker
I200407 20:12:59.892615 1 cli/start.go:1037  process identity: uid 0 euid 0 gid 0 egid 0
I200407 20:12:59.892762 1 cli/start.go:644  starting cockroach node
I200407 20:12:59.900734 13 storage/engine/rocksdb.go:622  opening rocksdb instance at "/cockroach/cockroach-data/cockroach-temp031095652"
I200407 20:13:00.689013 13 server/server.go:928  [n?] monitoring forward clock jumps based on server.clock.forward_jump_check_enabled
I200407 20:13:00.697944 13 storage/engine/rocksdb.go:622  opening rocksdb instance at "/cockroach/cockroach-data"
I200407 20:13:11.607178 13 server/config.go:502  [n?] 1 storage engine initialized
I200407 20:13:11.607492 13 server/config.go:505  [n?] RocksDB cache size: 128 MiB
I200407 20:13:11.607656 13 server/config.go:505  [n?] store 0: RocksDB, max size 0 B, max open file limit 1043576
W200407 20:13:11.669055 13 cli/start.go:996  neither --listen-addr nor --advertise-addr was specified.
The server will advertise "7fccd0f05b67" to other nodes, is this routable?

Consider using:
- for local-only servers:  --listen-addr=localhost
- for multi-node clusters: --advertise-addr=<host/IP addr>
I200407 20:13:11.684541 13 gossip/gossip.go:394  [n1] NodeDescriptor set to node_id:1 address:<network_field:"tcp" address_field:"7fccd0f05b67:26257" > attrs:<> locality:<> ServerVersion:<major_val:19 minor_val:2 patch:0 unstable:0 > build_tag:"v19.2.5" started_at:1586290391684099700 cluster_name:"" sql_address:<network_field:"tcp" address_field:"7fccd0f05b67:26257" > 
I200407 20:13:12.368602 13 server/node.go:431  [n1] initialized store [n1,s1]: disk (capacity=60 TiB, available=32 TiB, used=35 MiB, logicalBytes=303 MiB), ranges=35, leases=2, queries=0.00, writes=0.00, bytesPerReplica={p10=0.00 p25=0.00 p50=6527.00 p75=6841840.00 p90=45858225.00 pMax=57811503.00}, writesPerReplica={p10=0.00 p25=0.00 p50=0.00 p75=0.00 p90=0.00 pMax=0.00}
I200407 20:13:12.373862 13 storage/stores.go:240  [n1] read 1 node addresses from persistent storage
I200407 20:13:12.377889 13 server/node.go:645  [n1] connecting to gossip network to verify cluster ID...
I200407 20:13:12.378045 13 server/node.go:665  [n1] node connected via gossip and verified as part of cluster "ea35b6ad-0215-43e2-94d0-3ce953db1cc1"
I200407 20:13:12.383668 13 server/node.go:512  [n1] node=1: started with [<no-attributes>=/cockroach/cockroach-data] engine(s) and attributes []
I200407 20:13:12.391243 13 server/server.go:1514  [n1] starting http server at [::]:8080 (use: 7fccd0f05b67:8080)
I200407 20:13:12.391512 13 server/server.go:1521  [n1] starting grpc/postgres server at [::]:26257
I200407 20:13:12.391709 13 server/server.go:1522  [n1] advertising CockroachDB node at 7fccd0f05b67:26257
I200407 20:13:12.764037 16 storage/stores.go:259  [n1] wrote 2 node addresses to persistent storage
I200407 20:13:13.205266 190 gossip/client.go:124  [n1] started gossip client to b3822c71d721:26257
W200407 20:13:13.323141 135 storage/node_liveness.go:559  [n1,s1,r6/1:/Table/{SystemCon…-11}] slow heartbeat took 1.2s
I200407 20:13:13.342348 150 storage/node_liveness.go:474  [n1,liveness-hb] heartbeat failed on epoch increment; retrying
I200407 20:13:13.551287 72 gossip/gossip.go:1531  [n1] node has connected to cluster via gossip
I200407 20:13:13.552188 72 storage/stores.go:259  [n1] wrote 1 node addresses to persistent storage
I200407 20:13:14.177833 13 server/server.go:1590  [n1] done ensuring all necessary migrations have run
I200407 20:13:14.177954 13 server/server.go:1841  [n1] serving sql connections
I200407 20:13:14.178144 13 cli/start.go:803  [config] clusterID: ea35b6ad-0215-43e2-94d0-3ce953db1cc1
I200407 20:13:14.178238 13 cli/start.go:812  node startup completed:
CockroachDB node starting at 2020-04-07 20:13:14.178031 +0000 UTC (took 15.7s)
build:               CCL v19.2.5 @ 2020/03/16 18:27:12 (go1.12.12)
webui:               http://7fccd0f05b67:8080
sql:                 postgresql://root@7fccd0f05b67:26257?sslmode=disable
RPC client flags:    /cockroach/cockroach <client cmd> --host=7fccd0f05b67:26257 --insecure
logs:                /cockroach/cockroach-data/logs
temp dir:            /cockroach/cockroach-data/cockroach-temp031095652
external I/O path:   /cockroach/cockroach-data/extern
store[0]:            path=/cockroach/cockroach-data
status:              restarted pre-existing node
clusterID:           ea35b6ad-0215-43e2-94d0-3ce953db1cc1
nodeID:              1
I200407 20:13:14.950282 293 server/server_update.go:53  [n1] no need to upgrade, cluster already at the newest version
W200407 20:13:15.263042 98 storage/store_raft.go:514  [n1,s1,r23/1:/Table/2{7-8}] handle raft ready: 0.6s [applied=1, batches=1, state_assertions=1]
I200407 20:13:15.542801 375 sql/lease.go:1919  released orphaned table lease: {id:53 version:13 expiration:{Time:{wall:356998000 ext:63721887441 loc:<nil>}}}
I200407 20:13:15.564329 295 sql/event_log.go:130  [n1] Event: "node_restart", target: 1, info: {Descriptor:{NodeID:1 Address:7fccd0f05b67:26257 Attrs: Locality: ServerVersion:19.2 BuildTag:v19.2.5 StartedAt:1586290391684099700 LocalityAddress:[] ClusterName: SQLAddress:7fccd0f05b67:26257} ClusterID:ea35b6ad-0215-43e2-94d0-3ce953db1cc1 StartedAt:1586290391684099700 LastUp:1586290361691667400}
I200407 20:13:22.399532 144 server/status/runtime.go:498  [n1] runtime stats: 125 MiB RSS, 147 goroutines, 106 MiB/18 MiB/135 MiB GO alloc/idle/total, 16 MiB/19 MiB CGO alloc/total, 0.0 CGO/sec, 0.0/0.0 %(u/s)time, 0.0 %gc (8x), 124 KiB/94 KiB (r/w)net
W200407 20:13:25.146866 278 server/node.go:826  [n1,summaries] health alerts detected: {Alerts:[{StoreID:0 Category:METRICS Description:liveness.heartbeatfailures Value:1} {StoreID:1 Category:METRICS Description:ranges.underreplicated Value:35}]}
I200407 20:13:32.396951 144 server/status/runtime.go:498  [n1] runtime stats: 135 MiB RSS, 144 goroutines, 84 MiB/36 MiB/135 MiB GO alloc/idle/total, 17 MiB/20 MiB CGO alloc/total, 66.0 CGO/sec, 4.3/7.2 %(u/s)time, 0.1 %gc (1x), 42 KiB/28 KiB (r/w)net
I200407 20:13:33.345536 139 storage/store.go:2364  [n1,s1] sstables (read amplification = 2):
0 [ 416K 1 ]: 416K
6 [  25M 8 ]: 4M[6] 817K 43K
I200407 20:13:33.345929 139 storage/store.go:2365  [n1,s1] 
** Compaction Stats [default] **
Level    Files   Size     Score Read(GB)  Rn(GB) Rnp1(GB) Write(GB) Wnew(GB) Moved(GB) W-Amp Rd(MB/s) Wr(MB/s) Comp(sec) CompMergeCPU(sec) Comp(cnt) Avg(sec) KeyIn KeyDrop
----------------------------------------------------------------------------------------------------------------------------------------------------------------------------
  L0      1/0   415.62 KB   0.5      0.0     0.0      0.0       0.0      0.0       0.0   1.0      0.0      0.1      3.38              0.00         1    3.378       0      0
  L6      8/0   24.96 MB   0.0      0.0     0.0      0.0       0.0      0.0       0.0   0.0      0.0      0.0      0.00              0.00         0    0.000       0      0
 Sum      9/0   25.37 MB   0.0      0.0     0.0      0.0       0.0      0.0       0.0   1.0      0.0      0.1      3.38              0.00         1    3.378       0      0
 Int      0/0    0.00 KB   0.0      0.0     0.0      0.0       0.0      0.0       0.0   1.0      0.0      0.1      3.38              0.00         1    3.378       0      0

** Compaction Stats [default] **
Priority    Files   Size     Score Read(GB)  Rn(GB) Rnp1(GB) Write(GB) Wnew(GB) Moved(GB) W-Amp Rd(MB/s) Wr(MB/s) Comp(sec) CompMergeCPU(sec) Comp(cnt) Avg(sec) KeyIn KeyDrop
-------------------------------------------------------------------------------------------------------------------------------------------------------------------------------
User      0/0    0.00 KB   0.0      0.0     0.0      0.0       0.0      0.0       0.0   0.0      0.0      0.1      3.38              0.00         1    3.378       0      0
Uptime(secs): 32.5 total, 32.5 interval
Flush(GB): cumulative 0.000, interval 0.000
AddFile(GB): cumulative 0.000, interval 0.000
AddFile(Total Files): cumulative 0, interval 0
AddFile(L0 Files): cumulative 0, interval 0
AddFile(Keys): cumulative 0, interval 0
Cumulative compaction: 0.00 GB write, 0.01 MB/s write, 0.00 GB read, 0.00 MB/s read, 3.4 seconds
Interval compaction: 0.00 GB write, 0.01 MB/s write, 0.00 GB read, 0.00 MB/s read, 3.4 seconds
Stalls(count): 0 level0_slowdown, 0 level0_slowdown_with_compaction, 0 level0_numfiles, 0 level0_numfiles_with_compaction, 0 stop for pending_compaction_bytes, 0 slowdown for pending_compaction_bytes, 0 memtable_compaction, 0 memtable_slowdown, interval 0 total count
estimated_pending_compaction_bytes: 0 B
W200407 20:13:35.215252 278 server/node.go:826  [n1,summaries] health alerts detected: {Alerts:[{StoreID:1 Category:METRICS Description:ranges.underreplicated Value:35}]}
I200407 20:13:42.381842 144 server/status/runtime.go:498  [n1] runtime stats: 136 MiB RSS, 146 goroutines, 93 MiB/28 MiB/135 MiB GO alloc/idle/total, 18 MiB/21 MiB CGO alloc/total, 64.8 CGO/sec, 3.2/4.8 %(u/s)time, 0.0 %gc (0x), 32 KiB/19 KiB (r/w)net
W200407 20:13:44.704366 278 server/node.go:826  [n1,summaries] health alerts detected: {Alerts:[{StoreID:1 Category:METRICS Description:ranges.underreplicated Value:35}]}
I200407 20:13:52.381115 144 server/status/runtime.go:498  [n1] runtime stats: 137 MiB RSS, 145 goroutines, 102 MiB/21 MiB/135 MiB GO alloc/idle/total, 18 MiB/22 MiB CGO alloc/total, 58.3 CGO/sec, 2.9/4.6 %(u/s)time, 0.0 %gc (0x), 34 KiB/18 KiB (r/w)net
W200407 20:13:54.577876 278 server/node.go:826  [n1,summaries] health alerts detected: {Alerts:[{StoreID:1 Category:METRICS Description:ranges.underreplicated Value:35}]}
I200407 20:14:02.345803 144 server/status/runtime.go:498  [n1] runtime stats: 139 MiB RSS, 145 goroutines, 110 MiB/13 MiB/135 MiB GO alloc/idle/total, 18 MiB/22 MiB CGO alloc/total, 45.9 CGO/sec, 2.0/2.7 %(u/s)time, 0.0 %gc (0x), 30 KiB/13 KiB (r/w)net
W200407 20:14:04.993612 278 server/node.go:826  [n1,summaries] health alerts detected: {Alerts:[{StoreID:1 Category:METRICS Description:ranges.underreplicated Value:35}]}
W200407 20:14:08.914277 72 gossip/gossip.go:1517  [n1] no incoming or outgoing connections
W200407 20:14:08.972080 253 vendor/google.golang.org/grpc/clientconn.go:1206  grpc: addrConn.createTransport failed to connect to {b3822c71d721:26257 0  <nil>}. Err :connection error: desc = "transport: Error while dialing cannot reuse client connection". Reconnecting...
W200407 20:14:08.977978 181 vendor/google.golang.org/grpc/clientconn.go:1206  grpc: addrConn.createTransport failed to connect to {b3822c71d721:26257 0  <nil>}. Err :connection error: desc = "transport: Error while dialing cannot reuse client connection". Reconnecting...
W200407 20:14:09.026205 1538 vendor/google.golang.org/grpc/clientconn.go:1206  grpc: addrConn.createTransport failed to connect to {b3822c71d721:26257 0  <nil>}. Err :connection error: desc = "transport: Error while dialing dial tcp 192.168.0.2:26257: connect: connection refused". Reconnecting...
I200407 20:14:09.026640 1526 vendor/github.com/cockroachdb/circuitbreaker/circuitbreaker.go:322  [n1] circuitbreaker: gossip [::]:26257->b3822c71d721:26257 tripped: initial connection heartbeat failed: rpc error: code = Unavailable desc = all SubConns are in TransientFailure, latest connection error: connection error: desc = "transport: Error while dialing dial tcp 192.168.0.2:26257: connect: connection refused"
I200407 20:14:09.026813 1526 vendor/github.com/cockroachdb/circuitbreaker/circuitbreaker.go:447  [n1] circuitbreaker: gossip [::]:26257->b3822c71d721:26257 event: BreakerTripped
W200407 20:14:09.026923 1526 gossip/client.go:118  [n1] failed to start gossip client to b3822c71d721:26257: initial connection heartbeat failed: rpc error: code = Unavailable desc = all SubConns are in TransientFailure, latest connection error: connection error: desc = "transport: Error while dialing dial tcp 192.168.0.2:26257: connect: connection refused"
I200407 20:14:09.069252 1 cli/start.go:865  received signal 'terminated'
I200407 20:14:09.084289 1 cli/start.go:930  initiating graceful shutdown of server
I200407 20:14:09.155005 1543 util/stop/stopper.go:542  [server drain process] quiescing; tasks left:
1      [async] stats.Refresher: maybeRefreshStats
1      [async] intent_resolver_ir_batcher
1      [async] intent_resolver_gc_batcher
1      [async] closedts-subscription
1      [async] closedts-rangefeed-subscriber
I200407 20:14:09.166966 1543 storage/engine/rocksdb.go:762  closing rocksdb instance at "/cockroach/cockroach-data/cockroach-temp031095652"
I200407 20:14:09.306377 1543 storage/engine/rocksdb.go:762  closing rocksdb instance at "/cockroach/cockroach-data"
I200407 20:14:09.466965 1 cli/start.go:976  server drained and shutdown completed
