I200430 17:00:07.709154 25 util/log/clog.go:1196  [config] file created at: 2020/04/30 17:00:07
I200430 17:00:07.709154 25 util/log/clog.go:1196  [config] running on machine: add3abda1ceb
I200430 17:00:07.709154 25 util/log/clog.go:1196  [config] binary: CockroachDB CCL v19.2.5 (x86_64-unknown-linux-gnu, built 2020/03/16 18:27:12, go1.12.12)
I200430 17:00:07.709154 25 util/log/clog.go:1196  [config] arguments: [/cockroach/cockroach start --insecure]
I200430 17:00:07.709154 25 util/log/clog.go:1196  line format: [IWEF]yymmdd hh:mm:ss.uuuuuu goid file:line msg utf8=✓
I200430 17:00:07.709153 25 storage/engine/rocksdb.go:120  RocksDB version: 6.2.1
I200430 17:00:07.722609 25 storage/engine/rocksdb.go:120  Git sha rocksdb_build_git_sha:@b7009236531fa784872f4823eabf393501e41bf2@
I200430 17:00:07.945271 25 storage/engine/rocksdb.go:120  Compile date Mar 16 2020
I200430 17:00:07.946960 25 storage/engine/rocksdb.go:120  DB SUMMARY
I200430 17:00:07.956123 25 storage/engine/rocksdb.go:120  SST files in /cockroach/cockroach-data/cockroach-temp025988539 dir, Total Num: 0, files: 
I200430 17:00:07.956135 25 storage/engine/rocksdb.go:120  Write Ahead Log file in /cockroach/cockroach-data/cockroach-temp025988539: 
I200430 17:00:07.956145 25 storage/engine/rocksdb.go:120                          Options.error_if_exists: 0
I200430 17:00:07.956151 25 storage/engine/rocksdb.go:120                        Options.create_if_missing: 1
I200430 17:00:07.956157 25 storage/engine/rocksdb.go:120                          Options.paranoid_checks: 1
I200430 17:00:07.956162 25 storage/engine/rocksdb.go:120                                      Options.env: 0x75757a0
I200430 17:00:07.956211 25 storage/engine/rocksdb.go:120                                 Options.info_log: 0x7f91190270e0
I200430 17:00:07.956220 25 storage/engine/rocksdb.go:120                 Options.max_file_opening_threads: 16
I200430 17:00:07.956226 25 storage/engine/rocksdb.go:120                               Options.statistics: 0x7f9119034010
I200430 17:00:07.956233 25 storage/engine/rocksdb.go:120                                Options.use_fsync: 0
I200430 17:00:07.956239 25 storage/engine/rocksdb.go:120                        Options.max_log_file_size: 0
I200430 17:00:07.956244 25 storage/engine/rocksdb.go:120                   Options.max_manifest_file_size: 134217728
I200430 17:00:07.956249 25 storage/engine/rocksdb.go:120                    Options.log_file_time_to_roll: 0
I200430 17:00:07.956255 25 storage/engine/rocksdb.go:120                        Options.keep_log_file_num: 1000
I200430 17:00:07.957186 25 storage/engine/rocksdb.go:120                     Options.recycle_log_file_num: 1
I200430 17:00:07.957205 25 storage/engine/rocksdb.go:120                          Options.allow_fallocate: 1
I200430 17:00:07.957217 25 storage/engine/rocksdb.go:120                         Options.allow_mmap_reads: 0
I200430 17:00:07.957227 25 storage/engine/rocksdb.go:120                        Options.allow_mmap_writes: 0
I200430 17:00:07.957238 25 storage/engine/rocksdb.go:120                         Options.use_direct_reads: 0
I200430 17:00:07.957250 25 storage/engine/rocksdb.go:120                         Options.use_direct_io_for_flush_and_compaction: 0
I200430 17:00:07.957262 25 storage/engine/rocksdb.go:120           Options.create_missing_column_families: 0
I200430 17:00:07.957285 25 storage/engine/rocksdb.go:120                               Options.db_log_dir: 
I200430 17:00:07.957301 25 storage/engine/rocksdb.go:120                                  Options.wal_dir: /cockroach/cockroach-data/cockroach-temp025988539
I200430 17:00:07.957311 25 storage/engine/rocksdb.go:120                 Options.table_cache_numshardbits: 6
I200430 17:00:07.957321 25 storage/engine/rocksdb.go:120                       Options.max_subcompactions: 1
I200430 17:00:07.957332 25 storage/engine/rocksdb.go:120                   Options.max_background_flushes: -1
I200430 17:00:07.957342 25 storage/engine/rocksdb.go:120                          Options.WAL_ttl_seconds: 0
I200430 17:00:07.957351 25 storage/engine/rocksdb.go:120                        Options.WAL_size_limit_MB: 0
I200430 17:00:07.957360 25 storage/engine/rocksdb.go:120              Options.manifest_preallocation_size: 4194304
I200430 17:00:07.957366 25 storage/engine/rocksdb.go:120                      Options.is_fd_close_on_exec: 1
I200430 17:00:07.957488 25 storage/engine/rocksdb.go:120                    Options.advise_random_on_open: 1
I200430 17:00:07.957502 25 storage/engine/rocksdb.go:120                     Options.db_write_buffer_size: 0
I200430 17:00:07.957509 25 storage/engine/rocksdb.go:120                     Options.write_buffer_manager: 0x7f9119019060
I200430 17:00:07.957557 25 storage/engine/rocksdb.go:120          Options.access_hint_on_compaction_start: 1
I200430 17:00:07.957564 25 storage/engine/rocksdb.go:120   Options.new_table_reader_for_compaction_inputs: 0
I200430 17:00:07.957570 25 storage/engine/rocksdb.go:120            Options.random_access_max_buffer_size: 1048576
I200430 17:00:07.957575 25 storage/engine/rocksdb.go:120                       Options.use_adaptive_mutex: 0
I200430 17:00:07.957580 25 storage/engine/rocksdb.go:120                             Options.rate_limiter: (nil)
I200430 17:00:07.957664 25 storage/engine/rocksdb.go:120      Options.sst_file_manager.rate_bytes_per_sec: 0
I200430 17:00:07.957671 25 storage/engine/rocksdb.go:120                        Options.wal_recovery_mode: 0
I200430 17:00:07.957676 25 storage/engine/rocksdb.go:120                   Options.enable_thread_tracking: 0
I200430 17:00:07.957682 25 storage/engine/rocksdb.go:120                   Options.enable_pipelined_write: 0
I200430 17:00:07.957687 25 storage/engine/rocksdb.go:120          Options.allow_concurrent_memtable_write: 1
I200430 17:00:07.957692 25 storage/engine/rocksdb.go:120       Options.enable_write_thread_adaptive_yield: 1
I200430 17:00:07.957697 25 storage/engine/rocksdb.go:120              Options.write_thread_max_yield_usec: 100
I200430 17:00:07.957718 25 storage/engine/rocksdb.go:120             Options.write_thread_slow_yield_usec: 3
I200430 17:00:07.957724 25 storage/engine/rocksdb.go:120                                Options.row_cache: None
I200430 17:00:07.957730 25 storage/engine/rocksdb.go:120                               Options.wal_filter: None
I200430 17:00:07.957736 25 storage/engine/rocksdb.go:120              Options.avoid_flush_during_recovery: 0
I200430 17:00:07.957742 25 storage/engine/rocksdb.go:120              Options.allow_ingest_behind: 0
I200430 17:00:07.957747 25 storage/engine/rocksdb.go:120              Options.preserve_deletes: 0
I200430 17:00:07.957752 25 storage/engine/rocksdb.go:120              Options.two_write_queues: 0
I200430 17:00:07.957757 25 storage/engine/rocksdb.go:120              Options.manual_wal_flush: 1
I200430 17:00:07.957762 25 storage/engine/rocksdb.go:120              Options.atomic_flush: 0
I200430 17:00:07.957768 25 storage/engine/rocksdb.go:120              Options.avoid_unnecessary_blocking_io: 0
I200430 17:00:07.957773 25 storage/engine/rocksdb.go:120              Options.max_background_jobs: 2
I200430 17:00:07.957778 25 storage/engine/rocksdb.go:120              Options.max_background_compactions: -1
I200430 17:00:07.957784 25 storage/engine/rocksdb.go:120              Options.avoid_flush_during_shutdown: 0
I200430 17:00:07.957789 25 storage/engine/rocksdb.go:120            Options.writable_file_max_buffer_size: 1048576
I200430 17:00:07.957794 25 storage/engine/rocksdb.go:120              Options.delayed_write_rate : 16777216
I200430 17:00:07.957799 25 storage/engine/rocksdb.go:120              Options.max_total_wal_size: 0
I200430 17:00:07.957805 25 storage/engine/rocksdb.go:120              Options.delete_obsolete_files_period_micros: 21600000000
I200430 17:00:07.957810 25 storage/engine/rocksdb.go:120                    Options.stats_dump_period_sec: 0
I200430 17:00:07.957815 25 storage/engine/rocksdb.go:120                  Options.stats_persist_period_sec: 600
I200430 17:00:07.957822 25 storage/engine/rocksdb.go:120                  Options.stats_history_buffer_size: 1048576
I200430 17:00:07.957828 25 storage/engine/rocksdb.go:120                           Options.max_open_files: 128
I200430 17:00:07.957833 25 storage/engine/rocksdb.go:120                           Options.bytes_per_sync: 524288
I200430 17:00:07.957838 25 storage/engine/rocksdb.go:120                       Options.wal_bytes_per_sync: 0
I200430 17:00:07.957843 25 storage/engine/rocksdb.go:120                    Options.strict_bytes_per_sync: 1
I200430 17:00:07.957848 25 storage/engine/rocksdb.go:120        Options.compaction_readahead_size: 0
I200430 17:00:07.957853 25 storage/engine/rocksdb.go:120  Compression algorithms supported:
I200430 17:00:07.957864 25 storage/engine/rocksdb.go:120  	kZSTDNotFinalCompression supported: 0
I200430 17:00:07.957870 25 storage/engine/rocksdb.go:120  	kZSTD supported: 0
I200430 17:00:07.957875 25 storage/engine/rocksdb.go:120  	kXpressCompression supported: 0
I200430 17:00:07.957881 25 storage/engine/rocksdb.go:120  	kLZ4HCCompression supported: 0
I200430 17:00:07.957886 25 storage/engine/rocksdb.go:120  	kLZ4Compression supported: 0
I200430 17:00:07.957892 25 storage/engine/rocksdb.go:120  	kBZip2Compression supported: 0
I200430 17:00:07.957897 25 storage/engine/rocksdb.go:120  	kZlibCompression supported: 0
I200430 17:00:07.957903 25 storage/engine/rocksdb.go:120  	kSnappyCompression supported: 1
I200430 17:00:07.957925 25 storage/engine/rocksdb.go:120  Fast CRC32 supported: Supported on x86
I200430 17:00:07.966143 25 storage/engine/rocksdb.go:120  [db/db_impl_open.cc:242] Creating manifest 1 
I200430 17:00:08.154214 25 storage/engine/rocksdb.go:120  [db/version_set.cc:4072] Recovering from manifest file: /cockroach/cockroach-data/cockroach-temp025988539/MANIFEST-000001
I200430 17:00:08.240798 25 storage/engine/rocksdb.go:120  [db/column_family.cc:488] --------------- Options for column family [default]:
I200430 17:00:08.240816 25 storage/engine/rocksdb.go:120                Options.comparator: cockroach_comparator
I200430 17:00:08.240823 25 storage/engine/rocksdb.go:120            Options.merge_operator: cockroach_merge_operator
I200430 17:00:08.240830 25 storage/engine/rocksdb.go:120         Options.compaction_filter: None
I200430 17:00:08.240835 25 storage/engine/rocksdb.go:120         Options.compaction_filter_factory: None
I200430 17:00:08.240841 25 storage/engine/rocksdb.go:120          Options.memtable_factory: SkipListFactory
I200430 17:00:08.240847 25 storage/engine/rocksdb.go:120             Options.table_factory: BlockBasedTable
I200430 17:00:08.240894 25 storage/engine/rocksdb.go:120             table_factory options:   flush_block_policy_factory: FlushBlockBySizePolicyFactory (0x7f9119028030)
  cache_index_and_filter_blocks: 0
  cache_index_and_filter_blocks_with_high_priority: 0
  pin_l0_filter_and_index_blocks_in_cache: 0
  pin_top_level_index_and_filter: 1
  index_type: 0
  data_block_index_type: 0
  index_shortening: 1
  data_block_hash_table_util_ratio: 0.750000
  hash_index_allow_collision: 1
  checksum: 1
  no_block_cache: 0
  block_cache: 0x7f911901c010
  block_cache_name: LRUCache
  block_cache_options:
    capacity : 1048576
    num_shard_bits : 4
    strict_capacity_limit : 0
    memory_allocator : None
    high_pri_pool_ratio: 0.000
  block_cache_compressed: (nil)
  persistent_cache: (nil)
  block_size: 32768
  block_size_deviation: 10
  block_restart_interval: 16
  index_block_restart_interval: 1
  metadata_block_size: 4096
  partition_filters: 0
  use_delta_encoding: 1
  filter_policy: rocksdb.BuiltinBloomFilter
  whole_key_filtering: 0
  verify_compression: 0
  read_amp_bytes_per_bit: 0
  format_version: 2
  enable_index_compression: 1
  block_align: 0
I200430 17:00:08.240906 25 storage/engine/rocksdb.go:120         Options.write_buffer_size: 67108864
I200430 17:00:08.240920 25 storage/engine/rocksdb.go:120   Options.max_write_buffer_number: 4
I200430 17:00:08.240934 25 storage/engine/rocksdb.go:120           Options.compression: Snappy
I200430 17:00:08.240940 25 storage/engine/rocksdb.go:120                   Options.bottommost_compression: Disabled
I200430 17:00:08.240945 25 storage/engine/rocksdb.go:120        Options.prefix_extractor: cockroach_prefix_extractor
I200430 17:00:08.240951 25 storage/engine/rocksdb.go:120    Options.memtable_insert_with_hint_prefix_extractor: nullptr
I200430 17:00:08.240957 25 storage/engine/rocksdb.go:120              Options.num_levels: 7
I200430 17:00:08.240962 25 storage/engine/rocksdb.go:120         Options.min_write_buffer_number_to_merge: 1
I200430 17:00:08.240967 25 storage/engine/rocksdb.go:120      Options.max_write_buffer_number_to_maintain: 0
I200430 17:00:08.240973 25 storage/engine/rocksdb.go:120             Options.bottommost_compression_opts.window_bits: -14
I200430 17:00:08.240978 25 storage/engine/rocksdb.go:120                   Options.bottommost_compression_opts.level: 32767
I200430 17:00:08.240984 25 storage/engine/rocksdb.go:120                Options.bottommost_compression_opts.strategy: 0
I200430 17:00:08.240989 25 storage/engine/rocksdb.go:120          Options.bottommost_compression_opts.max_dict_bytes: 0
I200430 17:00:08.240994 25 storage/engine/rocksdb.go:120          Options.bottommost_compression_opts.zstd_max_train_bytes: 0
I200430 17:00:08.240999 25 storage/engine/rocksdb.go:120                   Options.bottommost_compression_opts.enabled: false
I200430 17:00:08.241005 25 storage/engine/rocksdb.go:120             Options.compression_opts.window_bits: -14
I200430 17:00:08.241010 25 storage/engine/rocksdb.go:120                   Options.compression_opts.level: 32767
I200430 17:00:08.241015 25 storage/engine/rocksdb.go:120                Options.compression_opts.strategy: 0
I200430 17:00:08.241020 25 storage/engine/rocksdb.go:120          Options.compression_opts.max_dict_bytes: 0
I200430 17:00:08.241026 25 storage/engine/rocksdb.go:120          Options.compression_opts.zstd_max_train_bytes: 0
I200430 17:00:08.241031 25 storage/engine/rocksdb.go:120                   Options.compression_opts.enabled: false
I200430 17:00:08.241036 25 storage/engine/rocksdb.go:120       Options.level0_file_num_compaction_trigger: 2
I200430 17:00:08.241042 25 storage/engine/rocksdb.go:120           Options.level0_slowdown_writes_trigger: 950
I200430 17:00:08.241047 25 storage/engine/rocksdb.go:120               Options.level0_stop_writes_trigger: 1000
I200430 17:00:08.241052 25 storage/engine/rocksdb.go:120                    Options.target_file_size_base: 4194304
I200430 17:00:08.241057 25 storage/engine/rocksdb.go:120              Options.target_file_size_multiplier: 2
I200430 17:00:08.241062 25 storage/engine/rocksdb.go:120                 Options.max_bytes_for_level_base: 67108864
I200430 17:00:08.241067 25 storage/engine/rocksdb.go:120  Options.level_compaction_dynamic_level_bytes: 1
I200430 17:00:08.241074 25 storage/engine/rocksdb.go:120           Options.max_bytes_for_level_multiplier: 10.000000
I200430 17:00:08.241080 25 storage/engine/rocksdb.go:120  Options.max_bytes_for_level_multiplier_addtl[0]: 1
I200430 17:00:08.241085 25 storage/engine/rocksdb.go:120  Options.max_bytes_for_level_multiplier_addtl[1]: 1
I200430 17:00:08.241090 25 storage/engine/rocksdb.go:120  Options.max_bytes_for_level_multiplier_addtl[2]: 1
I200430 17:00:08.241095 25 storage/engine/rocksdb.go:120  Options.max_bytes_for_level_multiplier_addtl[3]: 1
I200430 17:00:08.241101 25 storage/engine/rocksdb.go:120  Options.max_bytes_for_level_multiplier_addtl[4]: 1
I200430 17:00:08.241106 25 storage/engine/rocksdb.go:120  Options.max_bytes_for_level_multiplier_addtl[5]: 1
I200430 17:00:08.241111 25 storage/engine/rocksdb.go:120  Options.max_bytes_for_level_multiplier_addtl[6]: 1
I200430 17:00:08.241117 25 storage/engine/rocksdb.go:120        Options.max_sequential_skip_in_iterations: 8
I200430 17:00:08.241122 25 storage/engine/rocksdb.go:120                     Options.max_compaction_bytes: 104857600
I200430 17:00:08.241127 25 storage/engine/rocksdb.go:120                         Options.arena_block_size: 8388608
I200430 17:00:08.241137 25 storage/engine/rocksdb.go:120    Options.soft_pending_compaction_bytes_limit: 2199023255552
I200430 17:00:08.241146 25 storage/engine/rocksdb.go:120    Options.hard_pending_compaction_bytes_limit: 4400193994752
I200430 17:00:08.241155 25 storage/engine/rocksdb.go:120        Options.rate_limit_delay_max_milliseconds: 100
I200430 17:00:08.241161 25 storage/engine/rocksdb.go:120                 Options.disable_auto_compactions: 0
I200430 17:00:08.241169 25 storage/engine/rocksdb.go:120                         Options.compaction_style: kCompactionStyleLevel
I200430 17:00:08.241175 25 storage/engine/rocksdb.go:120                           Options.compaction_pri: kMinOverlappingRatio
I200430 17:00:08.241180 25 storage/engine/rocksdb.go:120  Options.compaction_options_universal.size_ratio: 1
I200430 17:00:08.241186 25 storage/engine/rocksdb.go:120  Options.compaction_options_universal.min_merge_width: 2
I200430 17:00:08.241205 25 storage/engine/rocksdb.go:120  Options.compaction_options_universal.max_merge_width: 4294967295
I200430 17:00:08.241211 25 storage/engine/rocksdb.go:120  Options.compaction_options_universal.max_size_amplification_percent: 200
I200430 17:00:08.241216 25 storage/engine/rocksdb.go:120  Options.compaction_options_universal.compression_size_percent: -1
I200430 17:00:08.241223 25 storage/engine/rocksdb.go:120  Options.compaction_options_universal.stop_style: kCompactionStopStyleTotalSize
I200430 17:00:08.241229 25 storage/engine/rocksdb.go:120  Options.compaction_options_fifo.max_table_files_size: 1073741824
I200430 17:00:08.241234 25 storage/engine/rocksdb.go:120  Options.compaction_options_fifo.allow_compaction: 0
I200430 17:00:08.241243 25 storage/engine/rocksdb.go:120                    Options.table_properties_collectors: TimeBoundTblPropCollectorFactory; DeleteRangeTblPropCollectorFactory; 
I200430 17:00:08.241249 25 storage/engine/rocksdb.go:120                    Options.inplace_update_support: 0
I200430 17:00:08.241254 25 storage/engine/rocksdb.go:120                  Options.inplace_update_num_locks: 10000
I200430 17:00:08.241261 25 storage/engine/rocksdb.go:120                Options.memtable_prefix_bloom_size_ratio: 0.000000
I200430 17:00:08.241266 25 storage/engine/rocksdb.go:120                Options.memtable_whole_key_filtering: 0
I200430 17:00:08.241271 25 storage/engine/rocksdb.go:120    Options.memtable_huge_page_size: 0
I200430 17:00:08.241276 25 storage/engine/rocksdb.go:120                            Options.bloom_locality: 0
I200430 17:00:08.241282 25 storage/engine/rocksdb.go:120                     Options.max_successive_merges: 0
I200430 17:00:08.241288 25 storage/engine/rocksdb.go:120                 Options.optimize_filters_for_hits: 1
I200430 17:00:08.241293 25 storage/engine/rocksdb.go:120                 Options.paranoid_file_checks: 0
I200430 17:00:08.241298 25 storage/engine/rocksdb.go:120                 Options.force_consistency_checks: 0
I200430 17:00:08.241304 25 storage/engine/rocksdb.go:120                 Options.report_bg_io_stats: 0
I200430 17:00:08.241310 25 storage/engine/rocksdb.go:120                                Options.ttl: 0
I200430 17:00:08.241315 25 storage/engine/rocksdb.go:120           Options.periodic_compaction_seconds: 0
I200430 17:00:08.339311 25 storage/engine/rocksdb.go:120  [db/version_set.cc:4286] Recovered from manifest file:/cockroach/cockroach-data/cockroach-temp025988539/MANIFEST-000001 succeeded,manifest_file_number is 1, next_file_number is 3, last_sequence is 0, log_number is 0,prev_log_number is 0,max_column_family is 0,min_log_number_to_keep is 0
I200430 17:00:08.339353 25 storage/engine/rocksdb.go:120  [db/version_set.cc:4295] Column family [default] (ID 0), log number is 0
I200430 17:00:08.406247 25 storage/engine/rocksdb.go:120  DB pointer 0x7f91190a1000
I200430 17:00:08.653787 25 storage/engine/rocksdb.go:120  RocksDB version: 6.2.1
I200430 17:00:08.653810 25 storage/engine/rocksdb.go:120  Git sha rocksdb_build_git_sha:@b7009236531fa784872f4823eabf393501e41bf2@
I200430 17:00:08.653822 25 storage/engine/rocksdb.go:120  Compile date Mar 16 2020
I200430 17:00:08.653833 25 storage/engine/rocksdb.go:120  DB SUMMARY
I200430 17:00:08.679449 25 storage/engine/rocksdb.go:120  CURRENT file:  CURRENT
I200430 17:00:08.679474 25 storage/engine/rocksdb.go:120  IDENTITY file:  IDENTITY
I200430 17:00:08.693755 25 storage/engine/rocksdb.go:120  MANIFEST file:  MANIFEST-001518 size: 62728 Bytes
I200430 17:00:08.694631 25 storage/engine/rocksdb.go:120  SST files in /cockroach/cockroach-data dir, Total Num: 11, files: 002104.sst 002105.sst 002106.sst 002107.sst 002108.sst 002109.sst 002110.sst 002111.sst 002112.sst 
I200430 17:00:08.697689 25 storage/engine/rocksdb.go:120  Write Ahead Log file in /cockroach/cockroach-data: 002100.log size: 59469461 ; 002102.log size: 43844913 ; 
I200430 17:00:08.697699 25 storage/engine/rocksdb.go:120                          Options.error_if_exists: 0
I200430 17:00:08.697705 25 storage/engine/rocksdb.go:120                        Options.create_if_missing: 1
I200430 17:00:08.697713 25 storage/engine/rocksdb.go:120                          Options.paranoid_checks: 1
I200430 17:00:08.697721 25 storage/engine/rocksdb.go:120                                      Options.env: 0x75757a0
I200430 17:00:08.697730 25 storage/engine/rocksdb.go:120                                 Options.info_log: 0x7f9121687f20
I200430 17:00:08.697737 25 storage/engine/rocksdb.go:120                 Options.max_file_opening_threads: 16
I200430 17:00:08.697742 25 storage/engine/rocksdb.go:120                               Options.statistics: 0x7f912161d8d0
I200430 17:00:08.697748 25 storage/engine/rocksdb.go:120                                Options.use_fsync: 0
I200430 17:00:08.697753 25 storage/engine/rocksdb.go:120                        Options.max_log_file_size: 0
I200430 17:00:08.697773 25 storage/engine/rocksdb.go:120                   Options.max_manifest_file_size: 134217728
I200430 17:00:08.697779 25 storage/engine/rocksdb.go:120                    Options.log_file_time_to_roll: 0
I200430 17:00:08.697785 25 storage/engine/rocksdb.go:120                        Options.keep_log_file_num: 1000
I200430 17:00:08.697790 25 storage/engine/rocksdb.go:120                     Options.recycle_log_file_num: 1
I200430 17:00:08.697795 25 storage/engine/rocksdb.go:120                          Options.allow_fallocate: 1
I200430 17:00:08.697801 25 storage/engine/rocksdb.go:120                         Options.allow_mmap_reads: 0
I200430 17:00:08.697806 25 storage/engine/rocksdb.go:120                        Options.allow_mmap_writes: 0
I200430 17:00:08.697812 25 storage/engine/rocksdb.go:120                         Options.use_direct_reads: 0
I200430 17:00:08.697845 25 storage/engine/rocksdb.go:120                         Options.use_direct_io_for_flush_and_compaction: 0
I200430 17:00:08.703055 25 storage/engine/rocksdb.go:120           Options.create_missing_column_families: 0
I200430 17:00:08.703205 25 storage/engine/rocksdb.go:120                               Options.db_log_dir: 
I200430 17:00:08.703221 25 storage/engine/rocksdb.go:120                                  Options.wal_dir: /cockroach/cockroach-data
I200430 17:00:08.703232 25 storage/engine/rocksdb.go:120                 Options.table_cache_numshardbits: 6
I200430 17:00:08.703244 25 storage/engine/rocksdb.go:120                       Options.max_subcompactions: 1
I200430 17:00:08.703253 25 storage/engine/rocksdb.go:120                   Options.max_background_flushes: -1
I200430 17:00:08.703263 25 storage/engine/rocksdb.go:120                          Options.WAL_ttl_seconds: 0
I200430 17:00:08.703339 25 storage/engine/rocksdb.go:120                        Options.WAL_size_limit_MB: 0
I200430 17:00:08.703353 25 storage/engine/rocksdb.go:120              Options.manifest_preallocation_size: 4194304
I200430 17:00:08.703363 25 storage/engine/rocksdb.go:120                      Options.is_fd_close_on_exec: 1
I200430 17:00:08.703372 25 storage/engine/rocksdb.go:120                    Options.advise_random_on_open: 1
I200430 17:00:08.703381 25 storage/engine/rocksdb.go:120                     Options.db_write_buffer_size: 0
I200430 17:00:08.703392 25 storage/engine/rocksdb.go:120                     Options.write_buffer_manager: 0x7f9121660cb0
I200430 17:00:08.703401 25 storage/engine/rocksdb.go:120          Options.access_hint_on_compaction_start: 1
I200430 17:00:08.703421 25 storage/engine/rocksdb.go:120   Options.new_table_reader_for_compaction_inputs: 0
I200430 17:00:08.703505 25 storage/engine/rocksdb.go:120            Options.random_access_max_buffer_size: 1048576
I200430 17:00:08.703516 25 storage/engine/rocksdb.go:120                       Options.use_adaptive_mutex: 0
I200430 17:00:08.703525 25 storage/engine/rocksdb.go:120                             Options.rate_limiter: (nil)
I200430 17:00:08.703537 25 storage/engine/rocksdb.go:120      Options.sst_file_manager.rate_bytes_per_sec: 0
I200430 17:00:08.703546 25 storage/engine/rocksdb.go:120                        Options.wal_recovery_mode: 0
I200430 17:00:08.703555 25 storage/engine/rocksdb.go:120                   Options.enable_thread_tracking: 0
I200430 17:00:08.703564 25 storage/engine/rocksdb.go:120                   Options.enable_pipelined_write: 0
I200430 17:00:08.703574 25 storage/engine/rocksdb.go:120          Options.allow_concurrent_memtable_write: 1
I200430 17:00:08.703583 25 storage/engine/rocksdb.go:120       Options.enable_write_thread_adaptive_yield: 1
I200430 17:00:08.703593 25 storage/engine/rocksdb.go:120              Options.write_thread_max_yield_usec: 100
I200430 17:00:08.703602 25 storage/engine/rocksdb.go:120             Options.write_thread_slow_yield_usec: 3
I200430 17:00:08.703611 25 storage/engine/rocksdb.go:120                                Options.row_cache: None
I200430 17:00:08.703645 25 storage/engine/rocksdb.go:120                               Options.wal_filter: None
I200430 17:00:08.703654 25 storage/engine/rocksdb.go:120              Options.avoid_flush_during_recovery: 0
I200430 17:00:08.703752 25 storage/engine/rocksdb.go:120              Options.allow_ingest_behind: 0
I200430 17:00:08.703766 25 storage/engine/rocksdb.go:120              Options.preserve_deletes: 0
I200430 17:00:08.703775 25 storage/engine/rocksdb.go:120              Options.two_write_queues: 0
I200430 17:00:08.703784 25 storage/engine/rocksdb.go:120              Options.manual_wal_flush: 1
I200430 17:00:08.703796 25 storage/engine/rocksdb.go:120              Options.atomic_flush: 0
I200430 17:00:08.703925 25 storage/engine/rocksdb.go:120              Options.avoid_unnecessary_blocking_io: 0
I200430 17:00:08.703938 25 storage/engine/rocksdb.go:120              Options.max_background_jobs: 2
I200430 17:00:08.703948 25 storage/engine/rocksdb.go:120              Options.max_background_compactions: -1
I200430 17:00:08.703957 25 storage/engine/rocksdb.go:120              Options.avoid_flush_during_shutdown: 0
I200430 17:00:08.703966 25 storage/engine/rocksdb.go:120            Options.writable_file_max_buffer_size: 1048576
I200430 17:00:08.703979 25 storage/engine/rocksdb.go:120              Options.delayed_write_rate : 16777216
I200430 17:00:08.703988 25 storage/engine/rocksdb.go:120              Options.max_total_wal_size: 0
I200430 17:00:08.703997 25 storage/engine/rocksdb.go:120              Options.delete_obsolete_files_period_micros: 21600000000
I200430 17:00:08.704007 25 storage/engine/rocksdb.go:120                    Options.stats_dump_period_sec: 0
I200430 17:00:08.704016 25 storage/engine/rocksdb.go:120                  Options.stats_persist_period_sec: 600
I200430 17:00:08.704190 25 storage/engine/rocksdb.go:120                  Options.stats_history_buffer_size: 1048576
I200430 17:00:08.704204 25 storage/engine/rocksdb.go:120                           Options.max_open_files: 1043576
I200430 17:00:08.704215 25 storage/engine/rocksdb.go:120                           Options.bytes_per_sync: 524288
I200430 17:00:08.704224 25 storage/engine/rocksdb.go:120                       Options.wal_bytes_per_sync: 0
I200430 17:00:08.704314 25 storage/engine/rocksdb.go:120                    Options.strict_bytes_per_sync: 1
I200430 17:00:08.704357 25 storage/engine/rocksdb.go:120        Options.compaction_readahead_size: 0
I200430 17:00:08.704519 25 storage/engine/rocksdb.go:120  Compression algorithms supported:
I200430 17:00:08.704535 25 storage/engine/rocksdb.go:120  	kZSTDNotFinalCompression supported: 0
I200430 17:00:08.704545 25 storage/engine/rocksdb.go:120  	kZSTD supported: 0
I200430 17:00:08.712536 25 storage/engine/rocksdb.go:120  	kXpressCompression supported: 0
I200430 17:00:08.712572 25 storage/engine/rocksdb.go:120  	kLZ4HCCompression supported: 0
I200430 17:00:08.712584 25 storage/engine/rocksdb.go:120  	kLZ4Compression supported: 0
I200430 17:00:08.712593 25 storage/engine/rocksdb.go:120  	kBZip2Compression supported: 0
I200430 17:00:08.712603 25 storage/engine/rocksdb.go:120  	kZlibCompression supported: 0
I200430 17:00:08.712613 25 storage/engine/rocksdb.go:120  	kSnappyCompression supported: 1
I200430 17:00:08.712642 25 storage/engine/rocksdb.go:120  Fast CRC32 supported: Supported on x86
I200430 17:00:08.791093 25 storage/engine/rocksdb.go:120  [db/version_set.cc:4072] Recovering from manifest file: /cockroach/cockroach-data/MANIFEST-001518
I200430 17:00:08.801047 25 storage/engine/rocksdb.go:120  [db/column_family.cc:488] --------------- Options for column family [default]:
I200430 17:00:08.801063 25 storage/engine/rocksdb.go:120                Options.comparator: cockroach_comparator
I200430 17:00:08.801071 25 storage/engine/rocksdb.go:120            Options.merge_operator: cockroach_merge_operator
I200430 17:00:08.801077 25 storage/engine/rocksdb.go:120         Options.compaction_filter: None
I200430 17:00:08.801083 25 storage/engine/rocksdb.go:120         Options.compaction_filter_factory: None
I200430 17:00:08.801108 25 storage/engine/rocksdb.go:120          Options.memtable_factory: SkipListFactory
I200430 17:00:08.801115 25 storage/engine/rocksdb.go:120             Options.table_factory: BlockBasedTable
I200430 17:00:08.801160 25 storage/engine/rocksdb.go:120             table_factory options:   flush_block_policy_factory: FlushBlockBySizePolicyFactory (0x7f9121624038)
  cache_index_and_filter_blocks: 0
  cache_index_and_filter_blocks_with_high_priority: 0
  pin_l0_filter_and_index_blocks_in_cache: 0
  pin_top_level_index_and_filter: 1
  index_type: 0
  data_block_index_type: 0
  index_shortening: 1
  data_block_hash_table_util_ratio: 0.750000
  hash_index_allow_collision: 1
  checksum: 1
  no_block_cache: 0
  block_cache: 0x7f912167a190
  block_cache_name: LRUCache
  block_cache_options:
    capacity : 67108864
    num_shard_bits : 4
    strict_capacity_limit : 0
    memory_allocator : None
    high_pri_pool_ratio: 0.000
  block_cache_compressed: (nil)
  persistent_cache: (nil)
  block_size: 32768
  block_size_deviation: 10
  block_restart_interval: 16
  index_block_restart_interval: 1
  metadata_block_size: 4096
  partition_filters: 0
  use_delta_encoding: 1
  filter_policy: rocksdb.BuiltinBloomFilter
  whole_key_filtering: 0
  verify_compression: 0
  read_amp_bytes_per_bit: 0
  format_version: 2
  enable_index_compression: 1
  block_align: 0
I200430 17:00:08.801171 25 storage/engine/rocksdb.go:120         Options.write_buffer_size: 67108864
I200430 17:00:08.801180 25 storage/engine/rocksdb.go:120   Options.max_write_buffer_number: 4
I200430 17:00:08.801188 25 storage/engine/rocksdb.go:120           Options.compression: Snappy
I200430 17:00:08.801193 25 storage/engine/rocksdb.go:120                   Options.bottommost_compression: Disabled
I200430 17:00:08.801199 25 storage/engine/rocksdb.go:120        Options.prefix_extractor: cockroach_prefix_extractor
I200430 17:00:08.801204 25 storage/engine/rocksdb.go:120    Options.memtable_insert_with_hint_prefix_extractor: nullptr
I200430 17:00:08.801209 25 storage/engine/rocksdb.go:120              Options.num_levels: 7
I200430 17:00:08.801215 25 storage/engine/rocksdb.go:120         Options.min_write_buffer_number_to_merge: 1
I200430 17:00:08.801220 25 storage/engine/rocksdb.go:120      Options.max_write_buffer_number_to_maintain: 0
I200430 17:00:08.801225 25 storage/engine/rocksdb.go:120             Options.bottommost_compression_opts.window_bits: -14
I200430 17:00:08.801231 25 storage/engine/rocksdb.go:120                   Options.bottommost_compression_opts.level: 32767
I200430 17:00:08.801236 25 storage/engine/rocksdb.go:120                Options.bottommost_compression_opts.strategy: 0
I200430 17:00:08.801241 25 storage/engine/rocksdb.go:120          Options.bottommost_compression_opts.max_dict_bytes: 0
I200430 17:00:08.801246 25 storage/engine/rocksdb.go:120          Options.bottommost_compression_opts.zstd_max_train_bytes: 0
I200430 17:00:08.801252 25 storage/engine/rocksdb.go:120                   Options.bottommost_compression_opts.enabled: false
I200430 17:00:08.801257 25 storage/engine/rocksdb.go:120             Options.compression_opts.window_bits: -14
I200430 17:00:08.801262 25 storage/engine/rocksdb.go:120                   Options.compression_opts.level: 32767
I200430 17:00:08.801267 25 storage/engine/rocksdb.go:120                Options.compression_opts.strategy: 0
I200430 17:00:08.801273 25 storage/engine/rocksdb.go:120          Options.compression_opts.max_dict_bytes: 0
I200430 17:00:08.801279 25 storage/engine/rocksdb.go:120          Options.compression_opts.zstd_max_train_bytes: 0
I200430 17:00:08.801284 25 storage/engine/rocksdb.go:120                   Options.compression_opts.enabled: false
I200430 17:00:08.801289 25 storage/engine/rocksdb.go:120       Options.level0_file_num_compaction_trigger: 2
I200430 17:00:08.801294 25 storage/engine/rocksdb.go:120           Options.level0_slowdown_writes_trigger: 950
I200430 17:00:08.801299 25 storage/engine/rocksdb.go:120               Options.level0_stop_writes_trigger: 1000
I200430 17:00:08.801304 25 storage/engine/rocksdb.go:120                    Options.target_file_size_base: 4194304
I200430 17:00:08.801314 25 storage/engine/rocksdb.go:120              Options.target_file_size_multiplier: 2
I200430 17:00:08.801319 25 storage/engine/rocksdb.go:120                 Options.max_bytes_for_level_base: 67108864
I200430 17:00:08.801324 25 storage/engine/rocksdb.go:120  Options.level_compaction_dynamic_level_bytes: 1
I200430 17:00:08.801331 25 storage/engine/rocksdb.go:120           Options.max_bytes_for_level_multiplier: 10.000000
I200430 17:00:08.801337 25 storage/engine/rocksdb.go:120  Options.max_bytes_for_level_multiplier_addtl[0]: 1
I200430 17:00:08.801349 25 storage/engine/rocksdb.go:120  Options.max_bytes_for_level_multiplier_addtl[1]: 1
I200430 17:00:08.801355 25 storage/engine/rocksdb.go:120  Options.max_bytes_for_level_multiplier_addtl[2]: 1
I200430 17:00:08.801360 25 storage/engine/rocksdb.go:120  Options.max_bytes_for_level_multiplier_addtl[3]: 1
I200430 17:00:08.801366 25 storage/engine/rocksdb.go:120  Options.max_bytes_for_level_multiplier_addtl[4]: 1
I200430 17:00:08.801371 25 storage/engine/rocksdb.go:120  Options.max_bytes_for_level_multiplier_addtl[5]: 1
I200430 17:00:08.801377 25 storage/engine/rocksdb.go:120  Options.max_bytes_for_level_multiplier_addtl[6]: 1
I200430 17:00:08.801382 25 storage/engine/rocksdb.go:120        Options.max_sequential_skip_in_iterations: 8
I200430 17:00:08.801388 25 storage/engine/rocksdb.go:120                     Options.max_compaction_bytes: 104857600
I200430 17:00:08.801393 25 storage/engine/rocksdb.go:120                         Options.arena_block_size: 8388608
I200430 17:00:08.801401 25 storage/engine/rocksdb.go:120    Options.soft_pending_compaction_bytes_limit: 2199023255552
I200430 17:00:08.801410 25 storage/engine/rocksdb.go:120    Options.hard_pending_compaction_bytes_limit: 4400193994752
I200430 17:00:08.801417 25 storage/engine/rocksdb.go:120        Options.rate_limit_delay_max_milliseconds: 100
I200430 17:00:08.801425 25 storage/engine/rocksdb.go:120                 Options.disable_auto_compactions: 0
I200430 17:00:08.801432 25 storage/engine/rocksdb.go:120                         Options.compaction_style: kCompactionStyleLevel
I200430 17:00:08.801439 25 storage/engine/rocksdb.go:120                           Options.compaction_pri: kMinOverlappingRatio
I200430 17:00:08.801444 25 storage/engine/rocksdb.go:120  Options.compaction_options_universal.size_ratio: 1
I200430 17:00:08.801449 25 storage/engine/rocksdb.go:120  Options.compaction_options_universal.min_merge_width: 2
I200430 17:00:08.801454 25 storage/engine/rocksdb.go:120  Options.compaction_options_universal.max_merge_width: 4294967295
I200430 17:00:08.801471 25 storage/engine/rocksdb.go:120  Options.compaction_options_universal.max_size_amplification_percent: 200
I200430 17:00:08.801479 25 storage/engine/rocksdb.go:120  Options.compaction_options_universal.compression_size_percent: -1
I200430 17:00:08.801486 25 storage/engine/rocksdb.go:120  Options.compaction_options_universal.stop_style: kCompactionStopStyleTotalSize
I200430 17:00:08.801492 25 storage/engine/rocksdb.go:120  Options.compaction_options_fifo.max_table_files_size: 1073741824
I200430 17:00:08.801497 25 storage/engine/rocksdb.go:120  Options.compaction_options_fifo.allow_compaction: 0
I200430 17:00:08.801506 25 storage/engine/rocksdb.go:120                    Options.table_properties_collectors: TimeBoundTblPropCollectorFactory; DeleteRangeTblPropCollectorFactory; 
I200430 17:00:08.801513 25 storage/engine/rocksdb.go:120                    Options.inplace_update_support: 0
I200430 17:00:08.801519 25 storage/engine/rocksdb.go:120                  Options.inplace_update_num_locks: 10000
I200430 17:00:08.801525 25 storage/engine/rocksdb.go:120                Options.memtable_prefix_bloom_size_ratio: 0.000000
I200430 17:00:08.801531 25 storage/engine/rocksdb.go:120                Options.memtable_whole_key_filtering: 0
I200430 17:00:08.801536 25 storage/engine/rocksdb.go:120    Options.memtable_huge_page_size: 0
I200430 17:00:08.801542 25 storage/engine/rocksdb.go:120                            Options.bloom_locality: 0
I200430 17:00:08.801554 25 storage/engine/rocksdb.go:120                     Options.max_successive_merges: 0
I200430 17:00:08.801559 25 storage/engine/rocksdb.go:120                 Options.optimize_filters_for_hits: 1
I200430 17:00:08.801565 25 storage/engine/rocksdb.go:120                 Options.paranoid_file_checks: 0
I200430 17:00:08.801570 25 storage/engine/rocksdb.go:120                 Options.force_consistency_checks: 0
I200430 17:00:08.801575 25 storage/engine/rocksdb.go:120                 Options.report_bg_io_stats: 0
I200430 17:00:08.801580 25 storage/engine/rocksdb.go:120                                Options.ttl: 0
I200430 17:00:08.801586 25 storage/engine/rocksdb.go:120           Options.periodic_compaction_seconds: 0
I200430 17:00:09.055148 25 storage/engine/rocksdb.go:120  [db/version_set.cc:4286] Recovered from manifest file:/cockroach/cockroach-data/MANIFEST-001518 succeeded,manifest_file_number is 1518, next_file_number is 2116, last_sequence is 69798886, log_number is 2102,prev_log_number is 0,max_column_family is 0,min_log_number_to_keep is 0
I200430 17:00:09.055176 25 storage/engine/rocksdb.go:120  [db/version_set.cc:4295] Column family [default] (ID 0), log number is 2102
I200430 17:00:09.104105 25 storage/engine/rocksdb.go:120  EVENT_LOG_v1 {"time_micros": 1588266009103769, "job": 1, "event": "recovery_started", "log_files": [2100, 2102]}
I200430 17:00:09.104190 25 storage/engine/rocksdb.go:120  [db/db_impl_open.cc:586] Skipping log #2100 since it is older than min log to keep #2102
I200430 17:00:09.104216 25 storage/engine/rocksdb.go:120  [db/db_impl_open.cc:598] Recovering log #2102 mode 0
I200430 17:00:12.701429 25 storage/engine/rocksdb.go:120  EVENT_LOG_v1 {"time_micros": 1588266012700645, "cf_name": "default", "job": 1, "event": "table_file_creation", "file_number": 2116, "file_size": 421361, "table_properties": {"data_size": 403194, "index_size": 4376, "index_partitions": 0, "top_level_index_size": 0, "index_key_is_user_key": 0, "index_value_is_delta_encoded": 0, "filter_size": 14661, "raw_key_size": 438822, "raw_average_key_size": 33, "raw_value_size": 2223820, "raw_average_value_size": 170, "num_data_blocks": 75, "num_entries": 13037, "num_deletions": 10516, "num_merge_operands": 1544, "num_range_deletions": 1544, "format_version": 0, "fixed_key_len": 0, "filter_policy": "rocksdb.BuiltinBloomFilter", "column_family_name": "default", "column_family_id": 0, "comparator": "cockroach_comparator", "merge_operator": "cockroach_merge_operator", "prefix_extractor_name": "cockroach_prefix_extractor", "property_collectors": "[TimeBoundTblPropCollectorFactory,DeleteRangeTblPropCollectorFactory]", "compression": "Snappy", "compression_options": "window_bits=-14; level=32767; strategy=0; max_dict_bytes=0; zstd_max_train_bytes=0; enabled=0; ", "creation_time": 1588266011, "oldest_key_time": 3, "file_creation_time": 0}}
I200430 17:00:12.719467 25 storage/engine/rocksdb.go:120  [db/version_set.cc:3560] Creating manifest 2117
I200430 17:00:12.741228 25 storage/engine/rocksdb.go:120  EVENT_LOG_v1 {"time_micros": 1588266012741052, "job": 1, "event": "recovery_finished"}
I200430 17:00:12.882540 25 storage/engine/rocksdb.go:120  DB pointer 0x7f9121765000
I200430 17:05:16.039616 6332 storage/engine/rocksdb.go:120  bloom filter utility:    -nan%
I200430 17:05:16.040942 6332 storage/engine/rocksdb.go:120  [db/db_impl.cc:392] Shutdown: canceling all background work
I200430 17:05:16.052861 6332 storage/engine/rocksdb.go:120  [db/db_impl.cc:565] Shutdown complete
I200430 17:05:16.127366 6332 storage/engine/rocksdb.go:120  bloom filter utility:    94.8%
I200430 17:05:16.128132 6332 storage/engine/rocksdb.go:120  [db/db_impl.cc:392] Shutdown: canceling all background work
I200430 17:05:16.192888 6332 storage/engine/rocksdb.go:120  [db/db_impl.cc:565] Shutdown complete
