I200407 19:12:27.861021 1 util/log/clog.go:1196  [config] file created at: 2020/04/07 19:12:27
I200407 19:12:27.861021 1 util/log/clog.go:1196  [config] running on machine: 2fe6eeccd136
I200407 19:12:27.861021 1 util/log/clog.go:1196  [config] binary: CockroachDB CCL v19.2.5 (x86_64-unknown-linux-gnu, built 2020/03/16 18:27:12, go1.12.12)
I200407 19:12:27.861021 1 util/log/clog.go:1196  [config] arguments: [/cockroach/cockroach start --insecure]
I200407 19:12:27.861021 1 util/log/clog.go:1196  line format: [IWEF]yymmdd hh:mm:ss.uuuuuu goid file:line msg utf8=✓
I200407 19:12:27.860997 1 cli/start.go:1144  logging to directory /cockroach/cockroach-data/logs
W200407 19:12:27.920569 1 cli/start.go:1182  RUNNING IN INSECURE MODE!

- Your cluster is open for any client that can access <all your IP addresses>.
- Any user, even root, can log in without providing a password.
- Any user, connecting as root, can read or write any data in your cluster.
- There is no network encryption nor authentication, and thus no confidentiality.

Check out how to secure your cluster: https://www.cockroachlabs.com/docs/v19.2/secure-a-cluster.html
I200407 19:12:27.996314 1 server/status/recorder.go:597  available memory from cgroups (8.0 EiB) is unsupported, using system memory 2.9 GiB instead: 
W200407 19:12:27.996706 1 cli/start.go:1052  Using the default setting for --cache (128 MiB).
  A significantly larger value is usually needed for good performance.
  If you have a dedicated server a reasonable setting is --cache=.25 (749 MiB).
I200407 19:12:28.005808 1 server/status/recorder.go:597  available memory from cgroups (8.0 EiB) is unsupported, using system memory 2.9 GiB instead: 
W200407 19:12:28.005894 1 cli/start.go:1065  Using the default setting for --max-sql-memory (128 MiB).
  A significantly larger value is usually needed in production.
  If you have a dedicated server a reasonable setting is --max-sql-memory=.25 (749 MiB).
I200407 19:12:28.006545 1 server/status/recorder.go:597  available memory from cgroups (8.0 EiB) is unsupported, using system memory 2.9 GiB instead: 
I200407 19:12:28.006770 1 cli/start.go:1196  CockroachDB CCL v19.2.5 (x86_64-unknown-linux-gnu, built 2020/03/16 18:27:12, go1.12.12)
W200407 19:12:28.699297 1 cli/start.go:511  running 'cockroach start' without --join is deprecated.
Consider using 'cockroach start-single-node' or 'cockroach init' instead.
I200407 19:12:28.808276 1 server/status/recorder.go:597  available memory from cgroups (8.0 EiB) is unsupported, using system memory 2.9 GiB instead: 
I200407 19:12:28.808487 1 server/config.go:394  system total memory: 2.9 GiB
I200407 19:12:28.808608 1 server/config.go:396  server configuration:
max offset             500000000
cache size             128 MiB
SQL memory pool size   128 MiB
scan interval          10m0s
scan min idle time     10ms
scan max idle time     1s
event log enabled      true
I200407 19:12:28.809050 1 cli/start.go:1030  using local environment variables: COCKROACH_CHANNEL=official-docker
I200407 19:12:28.809139 1 cli/start.go:1037  process identity: uid 0 euid 0 gid 0 egid 0
I200407 19:12:28.809448 1 cli/start.go:644  starting cockroach node
I200407 19:12:28.882560 13 storage/engine/rocksdb.go:622  opening rocksdb instance at "/cockroach/cockroach-data/cockroach-temp902566672"
I200407 19:12:29.836972 13 server/server.go:928  [n?] monitoring forward clock jumps based on server.clock.forward_jump_check_enabled
I200407 19:12:29.859062 13 storage/engine/rocksdb.go:622  opening rocksdb instance at "/cockroach/cockroach-data"
I200407 19:12:36.463392 13 server/config.go:502  [n?] 1 storage engine initialized
I200407 19:12:36.463456 13 server/config.go:505  [n?] RocksDB cache size: 128 MiB
I200407 19:12:36.463514 13 server/config.go:505  [n?] store 0: RocksDB, max size 0 B, max open file limit 1043576
W200407 19:12:36.590210 13 cli/start.go:996  neither --listen-addr nor --advertise-addr was specified.
The server will advertise "2fe6eeccd136" to other nodes, is this routable?

Consider using:
- for local-only servers:  --listen-addr=localhost
- for multi-node clusters: --advertise-addr=<host/IP addr>
I200407 19:12:36.604177 13 gossip/gossip.go:394  [n1] NodeDescriptor set to node_id:1 address:<network_field:"tcp" address_field:"2fe6eeccd136:26257" > attrs:<> locality:<> ServerVersion:<major_val:19 minor_val:2 patch:0 unstable:0 > build_tag:"v19.2.5" started_at:1586286756596577400 cluster_name:"" sql_address:<network_field:"tcp" address_field:"2fe6eeccd136:26257" > 
W200407 19:12:37.052442 115 storage/replica_range_lease.go:554  can't determine lease status due to node liveness error: node not in the liveness table
github.com/cockroachdb/cockroach/pkg/storage.init.ializers
	/go/src/github.com/cockroachdb/cockroach/pkg/storage/node_liveness.go:44
runtime.main
	/usr/local/go/src/runtime/proc.go:188
runtime.goexit
	/usr/local/go/src/runtime/asm_amd64.s:1337
W200407 19:12:37.052798 115 storage/store.go:1530  [n1,s1,r6/1:/Table/{SystemCon…-11}] could not gossip system config: [NotLeaseHolderError] r6: replica (n1,s1):1 not lease holder; lease holder unknown
W200407 19:12:37.106594 115 storage/store.go:1530  [n1,s1,r6/1:/Table/{SystemCon…-11}] could not gossip system config: [NotLeaseHolderError] r6: replica (n1,s1):1 not lease holder; lease holder unknown
I200407 19:12:38.149796 13 server/node.go:431  [n1] initialized store [n1,s1]: disk (capacity=60 TiB, available=32 TiB, used=34 MiB, logicalBytes=283 MiB), ranges=35, leases=2, queries=0.00, writes=0.00, bytesPerReplica={p10=0.00 p25=0.00 p50=6527.00 p75=6333812.00 p90=42033073.00 pMax=53956467.00}, writesPerReplica={p10=0.00 p25=0.00 p50=0.00 p75=0.00 p90=0.00 pMax=0.00}
I200407 19:12:38.150427 13 storage/stores.go:240  [n1] read 1 node addresses from persistent storage
I200407 19:12:38.153142 13 storage/stores.go:259  [n1] wrote 2 node addresses to persistent storage
I200407 19:12:38.178450 13 server/node.go:645  [n1] connecting to gossip network to verify cluster ID...
I200407 19:12:38.180681 13 server/node.go:665  [n1] node connected via gossip and verified as part of cluster "ea35b6ad-0215-43e2-94d0-3ce953db1cc1"
I200407 19:12:38.184659 13 server/node.go:512  [n1] node=1: started with [<no-attributes>=/cockroach/cockroach-data] engine(s) and attributes []
I200407 19:12:38.204920 13 server/server.go:1514  [n1] starting http server at [::]:8080 (use: 2fe6eeccd136:8080)
I200407 19:12:38.204984 13 server/server.go:1521  [n1] starting grpc/postgres server at [::]:26257
I200407 19:12:38.205041 13 server/server.go:1522  [n1] advertising CockroachDB node at 2fe6eeccd136:26257
I200407 19:12:38.248064 176 gossip/client.go:124  [n1] started gossip client to a161ea8f0270:26257
W200407 19:12:38.459960 137 storage/node_liveness.go:559  [n1,s1,r6/1:/Table/{SystemCon…-11}] slow heartbeat took 1.2s
I200407 19:12:38.460179 204 storage/node_liveness.go:474  [n1,liveness-hb] heartbeat failed on epoch increment; retrying
I200407 19:12:39.303996 65 gossip/gossip.go:1531  [n1] node has connected to cluster via gossip
I200407 19:12:39.304450 65 storage/stores.go:259  [n1] wrote 1 node addresses to persistent storage
W200407 19:12:39.652391 105 storage/store_raft.go:514  [n1,s1,r2/1:/System/NodeLiveness{-Max}] handle raft ready: 1.0s [applied=1, batches=1, state_assertions=0]
W200407 19:12:39.865978 204 storage/node_liveness.go:559  [n1,liveness-hb] slow heartbeat took 1.3s
W200407 19:12:39.910895 80 storage/store_raft.go:514  [n1,s1,r56/1:/System/tsd/cr.store.{co…-kv…}] handle raft ready: 0.7s [applied=3, batches=2, state_assertions=1]
W200407 19:12:40.883646 100 storage/store_raft.go:514  [n1,s1,r32/1:/System/tsd/cr.store.{kv…-ra…}] handle raft ready: 0.6s [applied=2, batches=1, state_assertions=0]
W200407 19:12:40.937546 98 storage/store_raft.go:514  [n1,s1,r52/1:/System/tsd/cr.node.sql.mem.…] handle raft ready: 0.7s [applied=1, batches=1, state_assertions=0]
I200407 19:12:42.198997 13 server/server.go:1590  [n1] done ensuring all necessary migrations have run
I200407 19:12:42.199331 13 server/server.go:1841  [n1] serving sql connections
I200407 19:12:42.199601 13 cli/start.go:803  [config] clusterID: ea35b6ad-0215-43e2-94d0-3ce953db1cc1
I200407 19:12:42.199674 13 cli/start.go:812  node startup completed:
CockroachDB node starting at 2020-04-07 19:12:42.1994311 +0000 UTC (took 14.3s)
build:               CCL v19.2.5 @ 2020/03/16 18:27:12 (go1.12.12)
webui:               http://2fe6eeccd136:8080
sql:                 postgresql://root@2fe6eeccd136:26257?sslmode=disable
RPC client flags:    /cockroach/cockroach <client cmd> --host=2fe6eeccd136:26257 --insecure
logs:                /cockroach/cockroach-data/logs
temp dir:            /cockroach/cockroach-data/cockroach-temp902566672
external I/O path:   /cockroach/cockroach-data/extern
store[0]:            path=/cockroach/cockroach-data
status:              restarted pre-existing node
clusterID:           ea35b6ad-0215-43e2-94d0-3ce953db1cc1
nodeID:              1
I200407 19:12:42.449759 458 sql/event_log.go:130  [n1] Event: "node_restart", target: 1, info: {Descriptor:{NodeID:1 Address:2fe6eeccd136:26257 Attrs: Locality: ServerVersion:19.2 BuildTag:v19.2.5 StartedAt:1586286756596577400 LocalityAddress:[] ClusterName: SQLAddress:2fe6eeccd136:26257} ClusterID:ea35b6ad-0215-43e2-94d0-3ce953db1cc1 StartedAt:1586286756596577400 LastUp:1586286461632909000}
I200407 19:12:42.587261 456 server/server_update.go:53  [n1] no need to upgrade, cluster already at the newest version
I200407 19:12:48.378025 198 server/status/runtime.go:498  [n1] runtime stats: 124 MiB RSS, 150 goroutines, 104 MiB/19 MiB/135 MiB GO alloc/idle/total, 16 MiB/19 MiB CGO alloc/total, 0.0 CGO/sec, 0.0/0.0 %(u/s)time, 0.0 %gc (8x), 88 KiB/83 KiB (r/w)net
W200407 19:12:52.794294 450 server/node.go:826  [n1,summaries] health alerts detected: {Alerts:[{StoreID:1 Category:METRICS Description:ranges.underreplicated Value:35} {StoreID:0 Category:METRICS Description:liveness.heartbeatfailures Value:1}]}
I200407 19:12:54.820015 1 cli/start.go:865  received signal 'terminated'
I200407 19:12:54.822856 1 cli/start.go:930  initiating graceful shutdown of server
W200407 19:12:54.925403 65 gossip/gossip.go:1517  [n1] no incoming or outgoing connections
I200407 19:12:54.946329 869 gossip/client.go:124  [n1] started gossip client to a161ea8f0270:26257
W200407 19:12:54.972123 149 vendor/google.golang.org/grpc/clientconn.go:1206  grpc: addrConn.createTransport failed to connect to {a161ea8f0270:26257 0  <nil>}. Err :connection error: desc = "transport: Error while dialing cannot reuse client connection". Reconnecting...
W200407 19:12:54.972561 293 vendor/google.golang.org/grpc/clientconn.go:1206  grpc: addrConn.createTransport failed to connect to {a161ea8f0270:26257 0  <nil>}. Err :connection error: desc = "transport: Error while dialing cannot reuse client connection". Reconnecting...
W200407 19:12:55.051926 862 vendor/google.golang.org/grpc/clientconn.go:1206  grpc: addrConn.createTransport failed to connect to {a161ea8f0270:26257 0  <nil>}. Err :connection error: desc = "transport: Error while dialing dial tcp 192.168.0.5:26257: connect: connection refused". Reconnecting...
I200407 19:12:55.060031 859 vendor/github.com/cockroachdb/circuitbreaker/circuitbreaker.go:322  [n1] circuitbreaker: rpc [::]:26257 [n2] tripped: failed to connect to n2 at a161ea8f0270:26257: initial connection heartbeat failed: rpc error: code = Unavailable desc = all SubConns are in TransientFailure, latest connection error: connection error: desc = "transport: Error while dialing dial tcp 192.168.0.5:26257: connect: connection refused"
I200407 19:12:55.069215 859 vendor/github.com/cockroachdb/circuitbreaker/circuitbreaker.go:447  [n1] circuitbreaker: rpc [::]:26257 [n2] event: BreakerTripped
I200407 19:12:55.074166 859 rpc/nodedialer/nodedialer.go:160  [ct-client] unable to connect to n2: failed to connect to n2 at a161ea8f0270:26257: initial connection heartbeat failed: rpc error: code = Unavailable desc = all SubConns are in TransientFailure, latest connection error: connection error: desc = "transport: Error while dialing dial tcp 192.168.0.5:26257: connect: connection refused"
I200407 19:12:55.855188 848 util/stop/stopper.go:542  [server drain process] quiescing; tasks left:
1      [async] intent_resolver_ir_batcher
1      [async] intent_resolver_gc_batcher
1      [async] closedts-subscription
1      [async] closedts-rangefeed-subscriber
W200407 19:12:55.856649 33 vendor/google.golang.org/grpc/clientconn.go:1206  grpc: addrConn.createTransport failed to connect to {2fe6eeccd136:26257 0  <nil>}. Err :connection error: desc = "transport: failed to write client preface: io: read/write on closed pipe". Reconnecting...
I200407 19:12:55.884096 848 storage/engine/rocksdb.go:762  closing rocksdb instance at "/cockroach/cockroach-data/cockroach-temp902566672"
I200407 19:12:56.081453 848 storage/engine/rocksdb.go:762  closing rocksdb instance at "/cockroach/cockroach-data"
I200407 19:12:56.112095 1 cli/start.go:976  server drained and shutdown completed
