I200410 05:28:22.118050 1 util/log/clog.go:1196  [config] file created at: 2020/04/10 05:28:22
I200410 05:28:22.118050 1 util/log/clog.go:1196  [config] running on machine: c175d47b2166
I200410 05:28:22.118050 1 util/log/clog.go:1196  [config] binary: CockroachDB CCL v19.2.5 (x86_64-unknown-linux-gnu, built 2020/03/16 18:27:12, go1.12.12)
I200410 05:28:22.118050 1 util/log/clog.go:1196  [config] arguments: [/cockroach/cockroach start --insecure]
I200410 05:28:22.118050 1 util/log/clog.go:1196  line format: [IWEF]yymmdd hh:mm:ss.uuuuuu goid file:line msg utf8=✓
I200410 05:28:22.117993 1 cli/start.go:1144  logging to directory /cockroach/cockroach-data/logs
W200410 05:28:22.158942 1 cli/start.go:1182  RUNNING IN INSECURE MODE!

- Your cluster is open for any client that can access <all your IP addresses>.
- Any user, even root, can log in without providing a password.
- Any user, connecting as root, can read or write any data in your cluster.
- There is no network encryption nor authentication, and thus no confidentiality.

Check out how to secure your cluster: https://www.cockroachlabs.com/docs/v19.2/secure-a-cluster.html
I200410 05:28:22.165732 1 server/status/recorder.go:597  available memory from cgroups (8.0 EiB) is unsupported, using system memory 2.9 GiB instead: 
W200410 05:28:22.166657 1 cli/start.go:1052  Using the default setting for --cache (128 MiB).
  A significantly larger value is usually needed for good performance.
  If you have a dedicated server a reasonable setting is --cache=.25 (749 MiB).
I200410 05:28:22.169390 1 server/status/recorder.go:597  available memory from cgroups (8.0 EiB) is unsupported, using system memory 2.9 GiB instead: 
W200410 05:28:22.174566 1 cli/start.go:1065  Using the default setting for --max-sql-memory (128 MiB).
  A significantly larger value is usually needed in production.
  If you have a dedicated server a reasonable setting is --max-sql-memory=.25 (749 MiB).
I200410 05:28:22.175057 1 server/status/recorder.go:597  available memory from cgroups (8.0 EiB) is unsupported, using system memory 2.9 GiB instead: 
I200410 05:28:22.175140 1 cli/start.go:1196  CockroachDB CCL v19.2.5 (x86_64-unknown-linux-gnu, built 2020/03/16 18:27:12, go1.12.12)
W200410 05:28:23.105138 1 cli/start.go:511  running 'cockroach start' without --join is deprecated.
Consider using 'cockroach start-single-node' or 'cockroach init' instead.
I200410 05:28:23.147639 1 server/status/recorder.go:597  available memory from cgroups (8.0 EiB) is unsupported, using system memory 2.9 GiB instead: 
I200410 05:28:23.147846 1 server/config.go:394  system total memory: 2.9 GiB
I200410 05:28:23.148038 1 server/config.go:396  server configuration:
max offset             500000000
cache size             128 MiB
SQL memory pool size   128 MiB
scan interval          10m0s
scan min idle time     10ms
scan max idle time     1s
event log enabled      true
I200410 05:28:23.148140 1 cli/start.go:1030  using local environment variables: COCKROACH_CHANNEL=official-docker
I200410 05:28:23.148258 1 cli/start.go:1037  process identity: uid 0 euid 0 gid 0 egid 0
I200410 05:28:23.150464 1 cli/start.go:644  starting cockroach node
I200410 05:28:23.209438 16 storage/engine/rocksdb.go:622  opening rocksdb instance at "/cockroach/cockroach-data/cockroach-temp251137316"
I200410 05:28:24.521692 16 server/server.go:928  [n?] monitoring forward clock jumps based on server.clock.forward_jump_check_enabled
I200410 05:28:24.519542 16 storage/engine/rocksdb.go:622  opening rocksdb instance at "/cockroach/cockroach-data"
I200410 05:28:28.328382 16 server/config.go:502  [n?] 1 storage engine initialized
I200410 05:28:28.328535 16 server/config.go:505  [n?] RocksDB cache size: 128 MiB
I200410 05:28:28.328601 16 server/config.go:505  [n?] store 0: RocksDB, max size 0 B, max open file limit 1043576
W200410 05:28:28.369383 16 cli/start.go:996  neither --listen-addr nor --advertise-addr was specified.
The server will advertise "c175d47b2166" to other nodes, is this routable?

Consider using:
- for local-only servers:  --listen-addr=localhost
- for multi-node clusters: --advertise-addr=<host/IP addr>
I200410 05:28:28.389332 16 gossip/gossip.go:394  [n1] NodeDescriptor set to node_id:1 address:<network_field:"tcp" address_field:"c175d47b2166:26257" > attrs:<> locality:<> ServerVersion:<major_val:19 minor_val:2 patch:0 unstable:0 > build_tag:"v19.2.5" started_at:1586496508386733800 cluster_name:"" sql_address:<network_field:"tcp" address_field:"c175d47b2166:26257" > 
W200410 05:28:28.607035 122 storage/replica_range_lease.go:554  can't determine lease status due to node liveness error: node not in the liveness table
github.com/cockroachdb/cockroach/pkg/storage.init.ializers
	/go/src/github.com/cockroachdb/cockroach/pkg/storage/node_liveness.go:44
runtime.main
	/usr/local/go/src/runtime/proc.go:188
runtime.goexit
	/usr/local/go/src/runtime/asm_amd64.s:1337
W200410 05:28:28.607293 122 storage/store.go:1530  [n1,s1,r6/1:/Table/{SystemCon…-11}] could not gossip system config: [NotLeaseHolderError] r6: replica (n1,s1):1 not lease holder; lease holder unknown
I200410 05:28:29.057000 16 server/node.go:431  [n1] initialized store [n1,s1]: disk (capacity=60 TiB, available=31 TiB, used=52 MiB, logicalBytes=349 MiB), ranges=36, leases=2, queries=0.00, writes=0.00, bytesPerReplica={p10=0.00 p25=0.00 p50=20776.00 p75=20647427.00 p90=42475445.00 pMax=57163407.00}, writesPerReplica={p10=0.00 p25=0.00 p50=0.00 p75=0.00 p90=0.00 pMax=0.00}
I200410 05:28:29.057311 16 storage/stores.go:240  [n1] read 1 node addresses from persistent storage
I200410 05:28:29.057630 16 server/node.go:645  [n1] connecting to gossip network to verify cluster ID...
I200410 05:28:29.057718 16 server/node.go:665  [n1] node connected via gossip and verified as part of cluster "ea35b6ad-0215-43e2-94d0-3ce953db1cc1"
I200410 05:28:29.057955 16 server/node.go:512  [n1] node=1: started with [<no-attributes>=/cockroach/cockroach-data] engine(s) and attributes []
I200410 05:28:29.064463 16 server/server.go:1514  [n1] starting http server at [::]:8080 (use: c175d47b2166:8080)
I200410 05:28:29.064557 16 server/server.go:1521  [n1] starting grpc/postgres server at [::]:26257
I200410 05:28:29.064642 16 server/server.go:1522  [n1] advertising CockroachDB node at c175d47b2166:26257
I200410 05:28:29.323438 197 storage/node_liveness.go:474  [n1,liveness-hb] heartbeat failed on epoch increment; retrying
I200410 05:28:29.896343 62 gossip/gossip.go:1531  [n1] node has connected to cluster via gossip
I200410 05:28:29.909853 62 storage/stores.go:259  [n1] wrote 1 node addresses to persistent storage
I200410 05:28:30.166465 16 server/server.go:1590  [n1] done ensuring all necessary migrations have run
I200410 05:28:30.166575 16 server/server.go:1841  [n1] serving sql connections
I200410 05:28:30.166751 16 cli/start.go:803  [config] clusterID: ea35b6ad-0215-43e2-94d0-3ce953db1cc1
I200410 05:28:30.166842 16 cli/start.go:812  node startup completed:
CockroachDB node starting at 2020-04-10 05:28:30.1666454 +0000 UTC (took 8.1s)
build:               CCL v19.2.5 @ 2020/03/16 18:27:12 (go1.12.12)
webui:               http://c175d47b2166:8080
sql:                 postgresql://root@c175d47b2166:26257?sslmode=disable
RPC client flags:    /cockroach/cockroach <client cmd> --host=c175d47b2166:26257 --insecure
logs:                /cockroach/cockroach-data/logs
temp dir:            /cockroach/cockroach-data/cockroach-temp251137316
external I/O path:   /cockroach/cockroach-data/extern
store[0]:            path=/cockroach/cockroach-data
status:              restarted pre-existing node
clusterID:           ea35b6ad-0215-43e2-94d0-3ce953db1cc1
nodeID:              1
I200410 05:28:30.276117 330 server/server_update.go:53  [n1] no need to upgrade, cluster already at the newest version
I200410 05:28:30.435147 332 sql/event_log.go:130  [n1] Event: "node_restart", target: 1, info: {Descriptor:{NodeID:1 Address:c175d47b2166:26257 Attrs: Locality: ServerVersion:19.2 BuildTag:v19.2.5 StartedAt:1586496508386733800 LocalityAddress:[] ClusterName: SQLAddress:c175d47b2166:26257} ClusterID:ea35b6ad-0215-43e2-94d0-3ce953db1cc1 StartedAt:1586496508386733800 LastUp:1586496480139899700}
I200410 05:28:39.075243 175 server/status/runtime.go:498  [n1] runtime stats: 162 MiB RSS, 146 goroutines, 106 MiB/18 MiB/135 MiB GO alloc/idle/total, 19 MiB/24 MiB CGO alloc/total, 0.0 CGO/sec, 0.0/0.0 %(u/s)time, 0.0 %gc (8x), 122 KiB/99 KiB (r/w)net
W200410 05:28:40.630156 326 server/node.go:826  [n1,summaries] health alerts detected: {Alerts:[{StoreID:0 Category:METRICS Description:liveness.heartbeatfailures Value:1} {StoreID:1 Category:METRICS Description:ranges.underreplicated Value:36}]}
I200410 05:28:49.074744 175 server/status/runtime.go:498  [n1] runtime stats: 174 MiB RSS, 146 goroutines, 83 MiB/36 MiB/135 MiB GO alloc/idle/total, 20 MiB/25 MiB CGO alloc/total, 65.7 CGO/sec, 2.7/3.8 %(u/s)time, 0.2 %gc (1x), 30 KiB/16 KiB (r/w)net
I200410 05:28:49.382176 170 storage/store.go:2364  [n1,s1] sstables (read amplification = 1):
6 [ 36M 9 ]: 4M[9]
I200410 05:28:49.383546 170 storage/store.go:2365  [n1,s1] 
** Compaction Stats [default] **
Level    Files   Size     Score Read(GB)  Rn(GB) Rnp1(GB) Write(GB) Wnew(GB) Moved(GB) W-Amp Rd(MB/s) Wr(MB/s) Comp(sec) CompMergeCPU(sec) Comp(cnt) Avg(sec) KeyIn KeyDrop
----------------------------------------------------------------------------------------------------------------------------------------------------------------------------
  L0      0/0    0.00 KB   0.0      0.0     0.0      0.0       0.0      0.0       0.0   1.0      0.0      0.2      1.26              0.00         1    1.258       0      0
  L6      9/0   35.90 MB   0.0      0.0     0.0      0.0       0.0      0.0       0.0  53.2      7.5      7.5      4.81              2.13         1    4.811    123K    12K
 Sum      9/0   35.90 MB   0.0      0.0     0.0      0.0       0.0      0.0       0.0 131.0      6.0      6.0      6.07              2.13         2    3.034    123K    12K
 Int      0/0    0.00 KB   0.0      0.0     0.0      0.0       0.0      0.0       0.0 131.0      6.0      6.0      6.07              2.13         2    3.034    123K    12K

** Compaction Stats [default] **
Priority    Files   Size     Score Read(GB)  Rn(GB) Rnp1(GB) Write(GB) Wnew(GB) Moved(GB) W-Amp Rd(MB/s) Wr(MB/s) Comp(sec) CompMergeCPU(sec) Comp(cnt) Avg(sec) KeyIn KeyDrop
-------------------------------------------------------------------------------------------------------------------------------------------------------------------------------
 Low      0/0    0.00 KB   0.0      0.0     0.0      0.0       0.0      0.0       0.0   0.0      7.5      7.5      4.81              2.13         1    4.811    123K    12K
User      0/0    0.00 KB   0.0      0.0     0.0      0.0       0.0      0.0       0.0   0.0      0.0      0.2      1.26              0.00         1    1.258       0      0
Uptime(secs): 24.7 total, 24.7 interval
Flush(GB): cumulative 0.000, interval 0.000
AddFile(GB): cumulative 0.000, interval 0.000
AddFile(Total Files): cumulative 0, interval 0
AddFile(L0 Files): cumulative 0, interval 0
AddFile(Keys): cumulative 0, interval 0
Cumulative compaction: 0.04 GB write, 1.46 MB/s write, 0.04 GB read, 1.46 MB/s read, 6.1 seconds
Interval compaction: 0.04 GB write, 1.46 MB/s write, 0.04 GB read, 1.46 MB/s read, 6.1 seconds
Stalls(count): 0 level0_slowdown, 0 level0_slowdown_with_compaction, 0 level0_numfiles, 0 level0_numfiles_with_compaction, 0 stop for pending_compaction_bytes, 0 slowdown for pending_compaction_bytes, 0 memtable_compaction, 0 memtable_slowdown, interval 0 total count
estimated_pending_compaction_bytes: 0 B
W200410 05:28:50.340888 326 server/node.go:826  [n1,summaries] health alerts detected: {Alerts:[{StoreID:1 Category:METRICS Description:ranges.underreplicated Value:36}]}
I200410 05:28:59.042613 175 server/status/runtime.go:498  [n1] runtime stats: 175 MiB RSS, 146 goroutines, 92 MiB/30 MiB/135 MiB GO alloc/idle/total, 20 MiB/26 MiB CGO alloc/total, 66.4 CGO/sec, 1.8/2.4 %(u/s)time, 0.0 %gc (0x), 30 KiB/15 KiB (r/w)net
W200410 05:29:00.284518 326 server/node.go:826  [n1,summaries] health alerts detected: {Alerts:[{StoreID:1 Category:METRICS Description:ranges.underreplicated Value:36}]}
I200410 05:29:09.043343 175 server/status/runtime.go:498  [n1] runtime stats: 176 MiB RSS, 147 goroutines, 100 MiB/23 MiB/135 MiB GO alloc/idle/total, 20 MiB/26 MiB CGO alloc/total, 59.8 CGO/sec, 1.6/2.2 %(u/s)time, 0.0 %gc (0x), 32 KiB/15 KiB (r/w)net
W200410 05:29:10.395992 326 server/node.go:826  [n1,summaries] health alerts detected: {Alerts:[{StoreID:1 Category:METRICS Description:ranges.underreplicated Value:36}]}
I200410 05:29:19.042169 175 server/status/runtime.go:498  [n1] runtime stats: 176 MiB RSS, 147 goroutines, 108 MiB/15 MiB/135 MiB GO alloc/idle/total, 20 MiB/26 MiB CGO alloc/total, 46.0 CGO/sec, 1.1/3.3 %(u/s)time, 0.0 %gc (0x), 29 KiB/12 KiB (r/w)net
W200410 05:29:20.429641 326 server/node.go:826  [n1,summaries] health alerts detected: {Alerts:[{StoreID:1 Category:METRICS Description:ranges.underreplicated Value:36}]}
I200410 05:29:28.988825 171 gossip/gossip.go:566  [n1] gossip status (ok, 2 nodes)
gossip client (0/3 cur/max conns)
gossip server (1/3 cur/max conns, infos 220/41 sent/received, bytes 47813B/6376B sent/received)
  2: 50a625ea948d:26257 (1m1s)
gossip connectivity
  n1 [sentinel];
  n2 -> n1;
I200410 05:29:29.006832 175 server/status/runtime.go:498  [n1] runtime stats: 180 MiB RSS, 148 goroutines, 118 MiB/5.2 MiB/135 MiB GO alloc/idle/total, 20 MiB/26 MiB CGO alloc/total, 37.2 CGO/sec, 1.4/2.3 %(u/s)time, 0.0 %gc (0x), 30 KiB/11 KiB (r/w)net
W200410 05:29:30.553206 326 server/node.go:826  [n1,summaries] health alerts detected: {Alerts:[{StoreID:1 Category:METRICS Description:ranges.underreplicated Value:36}]}
I200410 05:29:39.007263 175 server/status/runtime.go:498  [n1] runtime stats: 193 MiB RSS, 146 goroutines, 130 MiB/58 MiB/201 MiB GO alloc/idle/total, 21 MiB/26 MiB CGO alloc/total, 75.2 CGO/sec, 2.5/4.2 %(u/s)time, 0.0 %gc (0x), 38 KiB/24 KiB (r/w)net
W200410 05:29:40.327577 326 server/node.go:826  [n1,summaries] health alerts detected: {Alerts:[{StoreID:1 Category:METRICS Description:ranges.underreplicated Value:36}]}
I200410 05:29:49.009614 175 server/status/runtime.go:498  [n1] runtime stats: 203 MiB RSS, 146 goroutines, 80 MiB/102 MiB/201 MiB GO alloc/idle/total, 21 MiB/27 MiB CGO alloc/total, 37.9 CGO/sec, 1.6/3.1 %(u/s)time, 0.0 %gc (1x), 29 KiB/11 KiB (r/w)net
W200410 05:29:50.516989 326 server/node.go:826  [n1,summaries] health alerts detected: {Alerts:[{StoreID:1 Category:METRICS Description:ranges.underreplicated Value:36}]}
I200410 05:29:58.973794 175 server/status/runtime.go:498  [n1] runtime stats: 204 MiB RSS, 147 goroutines, 88 MiB/96 MiB/201 MiB GO alloc/idle/total, 21 MiB/27 MiB CGO alloc/total, 39.1 CGO/sec, 1.9/3.0 %(u/s)time, 0.0 %gc (0x), 30 KiB/12 KiB (r/w)net
W200410 05:30:00.207980 326 server/node.go:826  [n1,summaries] health alerts detected: {Alerts:[{StoreID:1 Category:METRICS Description:ranges.underreplicated Value:36}]}
I200410 05:30:08.976394 175 server/status/runtime.go:498  [n1] runtime stats: 204 MiB RSS, 147 goroutines, 96 MiB/88 MiB/202 MiB GO alloc/idle/total, 21 MiB/27 MiB CGO alloc/total, 39.6 CGO/sec, 1.2/2.2 %(u/s)time, 0.0 %gc (0x), 32 KiB/14 KiB (r/w)net
W200410 05:30:10.184842 326 server/node.go:826  [n1,summaries] health alerts detected: {Alerts:[{StoreID:1 Category:METRICS Description:ranges.underreplicated Value:36}]}
I200410 05:30:18.975060 175 server/status/runtime.go:498  [n1] runtime stats: 204 MiB RSS, 147 goroutines, 105 MiB/81 MiB/202 MiB GO alloc/idle/total, 22 MiB/27 MiB CGO alloc/total, 40.5 CGO/sec, 1.5/2.0 %(u/s)time, 0.0 %gc (0x), 29 KiB/11 KiB (r/w)net
W200410 05:30:20.209895 326 server/node.go:826  [n1,summaries] health alerts detected: {Alerts:[{StoreID:1 Category:METRICS Description:ranges.underreplicated Value:36}]}
I200410 05:30:28.918907 171 gossip/gossip.go:566  [n1] gossip status (ok, 2 nodes)
gossip client (0/3 cur/max conns)
gossip server (1/3 cur/max conns, infos 364/72 sent/received, bytes 63585B/10998B sent/received)
  2: 50a625ea948d:26257 (2m1s)
I200410 05:30:28.962664 175 server/status/runtime.go:498  [n1] runtime stats: 205 MiB RSS, 147 goroutines, 113 MiB/73 MiB/202 MiB GO alloc/idle/total, 22 MiB/27 MiB CGO alloc/total, 365.3 CGO/sec, 2.3/2.6 %(u/s)time, 0.0 %gc (0x), 30 KiB/11 KiB (r/w)net
W200410 05:30:30.173676 326 server/node.go:826  [n1,summaries] health alerts detected: {Alerts:[{StoreID:1 Category:METRICS Description:ranges.underreplicated Value:36}]}
I200410 05:30:38.955807 175 server/status/runtime.go:498  [n1] runtime stats: 206 MiB RSS, 146 goroutines, 122 MiB/65 MiB/202 MiB GO alloc/idle/total, 22 MiB/27 MiB CGO alloc/total, 58.6 CGO/sec, 2.0/2.6 %(u/s)time, 0.0 %gc (0x), 32 KiB/14 KiB (r/w)net
W200410 05:30:40.164606 326 server/node.go:826  [n1,summaries] health alerts detected: {Alerts:[{StoreID:1 Category:METRICS Description:ranges.underreplicated Value:36}]}
I200410 05:30:48.953978 175 server/status/runtime.go:498  [n1] runtime stats: 206 MiB RSS, 146 goroutines, 130 MiB/57 MiB/202 MiB GO alloc/idle/total, 22 MiB/27 MiB CGO alloc/total, 42.7 CGO/sec, 1.0/1.5 %(u/s)time, 0.0 %gc (0x), 29 KiB/12 KiB (r/w)net
W200410 05:30:50.189198 326 server/node.go:826  [n1,summaries] health alerts detected: {Alerts:[{StoreID:1 Category:METRICS Description:ranges.underreplicated Value:36}]}
I200410 05:30:58.915827 175 server/status/runtime.go:498  [n1] runtime stats: 209 MiB RSS, 146 goroutines, 140 MiB/48 MiB/202 MiB GO alloc/idle/total, 22 MiB/27 MiB CGO alloc/total, 35.1 CGO/sec, 1.4/1.6 %(u/s)time, 0.0 %gc (0x), 30 KiB/11 KiB (r/w)net
W200410 05:31:00.237042 326 server/node.go:826  [n1,summaries] health alerts detected: {Alerts:[{StoreID:1 Category:METRICS Description:ranges.underreplicated Value:36}]}
I200410 05:31:08.915504 175 server/status/runtime.go:498  [n1] runtime stats: 215 MiB RSS, 147 goroutines, 86 MiB/96 MiB/202 MiB GO alloc/idle/total, 22 MiB/27 MiB CGO alloc/total, 43.4 CGO/sec, 2.0/2.8 %(u/s)time, 0.0 %gc (1x), 32 KiB/14 KiB (r/w)net
W200410 05:31:10.145998 326 server/node.go:826  [n1,summaries] health alerts detected: {Alerts:[{StoreID:1 Category:METRICS Description:ranges.underreplicated Value:36}]}
I200410 05:31:18.917520 175 server/status/runtime.go:498  [n1] runtime stats: 215 MiB RSS, 147 goroutines, 94 MiB/89 MiB/202 MiB GO alloc/idle/total, 22 MiB/28 MiB CGO alloc/total, 38.8 CGO/sec, 1.1/1.9 %(u/s)time, 0.0 %gc (0x), 29 KiB/11 KiB (r/w)net
W200410 05:31:20.172765 326 server/node.go:826  [n1,summaries] health alerts detected: {Alerts:[{StoreID:1 Category:METRICS Description:ranges.underreplicated Value:36}]}
I200410 05:31:28.848276 171 gossip/gossip.go:566  [n1] gossip status (ok, 2 nodes)
gossip client (0/3 cur/max conns)
gossip server (1/3 cur/max conns, infos 509/103 sent/received, bytes 79506B/15620B sent/received)
  2: 50a625ea948d:26257 (3m0s)
I200410 05:31:28.884639 175 server/status/runtime.go:498  [n1] runtime stats: 216 MiB RSS, 147 goroutines, 102 MiB/83 MiB/202 MiB GO alloc/idle/total, 30 MiB/36 MiB CGO alloc/total, 40.4 CGO/sec, 1.2/1.6 %(u/s)time, 0.0 %gc (0x), 30 KiB/12 KiB (r/w)net
W200410 05:31:30.116470 326 server/node.go:826  [n1,summaries] health alerts detected: {Alerts:[{StoreID:1 Category:METRICS Description:ranges.underreplicated Value:36}]}
I200410 05:31:38.884083 175 server/status/runtime.go:498  [n1] runtime stats: 216 MiB RSS, 146 goroutines, 111 MiB/75 MiB/202 MiB GO alloc/idle/total, 30 MiB/36 MiB CGO alloc/total, 61.3 CGO/sec, 1.3/2.1 %(u/s)time, 0.0 %gc (0x), 32 KiB/14 KiB (r/w)net
W200410 05:31:40.131326 326 server/node.go:826  [n1,summaries] health alerts detected: {Alerts:[{StoreID:1 Category:METRICS Description:ranges.underreplicated Value:36}]}
I200410 05:31:48.884413 175 server/status/runtime.go:498  [n1] runtime stats: 217 MiB RSS, 146 goroutines, 119 MiB/68 MiB/202 MiB GO alloc/idle/total, 30 MiB/36 MiB CGO alloc/total, 37.2 CGO/sec, 1.0/1.4 %(u/s)time, 0.0 %gc (0x), 29 KiB/11 KiB (r/w)net
W200410 05:31:50.162250 326 server/node.go:826  [n1,summaries] health alerts detected: {Alerts:[{StoreID:1 Category:METRICS Description:ranges.underreplicated Value:36}]}
I200410 05:31:58.850826 175 server/status/runtime.go:498  [n1] runtime stats: 217 MiB RSS, 146 goroutines, 127 MiB/60 MiB/202 MiB GO alloc/idle/total, 30 MiB/36 MiB CGO alloc/total, 40.4 CGO/sec, 1.1/1.7 %(u/s)time, 0.0 %gc (0x), 29 KiB/11 KiB (r/w)net
W200410 05:32:00.086944 326 server/node.go:826  [n1,summaries] health alerts detected: {Alerts:[{StoreID:1 Category:METRICS Description:ranges.underreplicated Value:36}]}
I200410 05:32:08.851221 175 server/status/runtime.go:498  [n1] runtime stats: 218 MiB RSS, 147 goroutines, 135 MiB/53 MiB/202 MiB GO alloc/idle/total, 30 MiB/36 MiB CGO alloc/total, 37.6 CGO/sec, 1.0/1.7 %(u/s)time, 0.0 %gc (0x), 32 KiB/14 KiB (r/w)net
W200410 05:32:10.041574 326 server/node.go:826  [n1,summaries] health alerts detected: {Alerts:[{StoreID:1 Category:METRICS Description:ranges.underreplicated Value:36}]}
I200410 05:32:18.852209 175 server/status/runtime.go:498  [n1] runtime stats: 218 MiB RSS, 147 goroutines, 143 MiB/45 MiB/202 MiB GO alloc/idle/total, 30 MiB/36 MiB CGO alloc/total, 39.0 CGO/sec, 1.2/1.9 %(u/s)time, 0.0 %gc (0x), 29 KiB/11 KiB (r/w)net
W200410 05:32:20.112338 326 server/node.go:826  [n1,summaries] health alerts detected: {Alerts:[{StoreID:1 Category:METRICS Description:ranges.underreplicated Value:36}]}
I200410 05:32:28.777799 171 gossip/gossip.go:566  [n1] gossip status (ok, 2 nodes)
gossip client (0/3 cur/max conns)
gossip server (1/3 cur/max conns, infos 651/133 sent/received, bytes 95010B/19850B sent/received)
  2: 50a625ea948d:26257 (4m0s)
I200410 05:32:28.820819 175 server/status/runtime.go:498  [n1] runtime stats: 227 MiB RSS, 147 goroutines, 79 MiB/102 MiB/202 MiB GO alloc/idle/total, 30 MiB/36 MiB CGO alloc/total, 36.4 CGO/sec, 1.8/2.7 %(u/s)time, 0.0 %gc (1x), 29 KiB/11 KiB (r/w)net
W200410 05:32:30.091104 326 server/node.go:826  [n1,summaries] health alerts detected: {Alerts:[{StoreID:1 Category:METRICS Description:ranges.underreplicated Value:36}]}
I200410 05:32:38.817154 175 server/status/runtime.go:498  [n1] runtime stats: 227 MiB RSS, 146 goroutines, 89 MiB/95 MiB/202 MiB GO alloc/idle/total, 29 MiB/36 MiB CGO alloc/total, 66.9 CGO/sec, 1.8/2.2 %(u/s)time, 0.0 %gc (0x), 32 KiB/14 KiB (r/w)net
W200410 05:32:39.998425 326 server/node.go:826  [n1,summaries] health alerts detected: {Alerts:[{StoreID:1 Category:METRICS Description:ranges.underreplicated Value:36}]}
I200410 05:32:48.819083 175 server/status/runtime.go:498  [n1] runtime stats: 227 MiB RSS, 146 goroutines, 97 MiB/88 MiB/202 MiB GO alloc/idle/total, 29 MiB/36 MiB CGO alloc/total, 35.9 CGO/sec, 0.9/1.4 %(u/s)time, 0.0 %gc (0x), 29 KiB/11 KiB (r/w)net
W200410 05:32:50.032175 326 server/node.go:826  [n1,summaries] health alerts detected: {Alerts:[{StoreID:1 Category:METRICS Description:ranges.underreplicated Value:36}]}
I200410 05:32:58.783474 175 server/status/runtime.go:498  [n1] runtime stats: 228 MiB RSS, 146 goroutines, 106 MiB/80 MiB/202 MiB GO alloc/idle/total, 29 MiB/36 MiB CGO alloc/total, 38.0 CGO/sec, 1.1/2.0 %(u/s)time, 0.0 %gc (0x), 30 KiB/11 KiB (r/w)net
W200410 05:33:00.020961 326 server/node.go:826  [n1,summaries] health alerts detected: {Alerts:[{StoreID:1 Category:METRICS Description:ranges.underreplicated Value:36}]}
I200410 05:33:08.784660 175 server/status/runtime.go:498  [n1] runtime stats: 228 MiB RSS, 147 goroutines, 114 MiB/73 MiB/202 MiB GO alloc/idle/total, 29 MiB/36 MiB CGO alloc/total, 40.6 CGO/sec, 1.0/1.5 %(u/s)time, 0.0 %gc (0x), 32 KiB/14 KiB (r/w)net
W200410 05:33:09.985399 326 server/node.go:826  [n1,summaries] health alerts detected: {Alerts:[{StoreID:1 Category:METRICS Description:ranges.underreplicated Value:36}]}
I200410 05:33:18.786835 175 server/status/runtime.go:498  [n1] runtime stats: 229 MiB RSS, 147 goroutines, 122 MiB/65 MiB/202 MiB GO alloc/idle/total, 29 MiB/36 MiB CGO alloc/total, 39.6 CGO/sec, 1.1/1.7 %(u/s)time, 0.0 %gc (0x), 30 KiB/12 KiB (r/w)net
W200410 05:33:20.028511 326 server/node.go:826  [n1,summaries] health alerts detected: {Alerts:[{StoreID:1 Category:METRICS Description:ranges.underreplicated Value:36}]}
I200410 05:33:28.707645 171 gossip/gossip.go:566  [n1] gossip status (ok, 2 nodes)
gossip client (0/3 cur/max conns)
gossip server (1/3 cur/max conns, infos 795/165 sent/received, bytes 110782B/24864B sent/received)
  2: 50a625ea948d:26257 (5m0s)
I200410 05:33:28.750074 175 server/status/runtime.go:498  [n1] runtime stats: 229 MiB RSS, 147 goroutines, 130 MiB/57 MiB/202 MiB GO alloc/idle/total, 29 MiB/36 MiB CGO alloc/total, 33.7 CGO/sec, 0.8/1.7 %(u/s)time, 0.0 %gc (0x), 29 KiB/11 KiB (r/w)net
W200410 05:33:30.511415 326 server/node.go:826  [n1,summaries] health alerts detected: {Alerts:[{StoreID:1 Category:METRICS Description:ranges.underreplicated Value:36}]}
I200410 05:33:38.753637 175 server/status/runtime.go:498  [n1] runtime stats: 230 MiB RSS, 146 goroutines, 140 MiB/48 MiB/202 MiB GO alloc/idle/total, 29 MiB/36 MiB CGO alloc/total, 64.7 CGO/sec, 2.3/3.3 %(u/s)time, 0.0 %gc (0x), 32 KiB/15 KiB (r/w)net
W200410 05:33:40.080511 326 server/node.go:826  [n1,summaries] health alerts detected: {Alerts:[{StoreID:1 Category:METRICS Description:ranges.underreplicated Value:36}]}
I200410 05:33:48.758303 175 server/status/runtime.go:498  [n1] runtime stats: 230 MiB RSS, 146 goroutines, 148 MiB/40 MiB/202 MiB GO alloc/idle/total, 28 MiB/36 MiB CGO alloc/total, 42.6 CGO/sec, 1.2/2.0 %(u/s)time, 0.0 %gc (0x), 29 KiB/11 KiB (r/w)net
W200410 05:33:49.937353 326 server/node.go:826  [n1,summaries] health alerts detected: {Alerts:[{StoreID:1 Category:METRICS Description:ranges.underreplicated Value:36}]}
I200410 05:33:58.721741 175 server/status/runtime.go:498  [n1] runtime stats: 231 MiB RSS, 146 goroutines, 86 MiB/95 MiB/202 MiB GO alloc/idle/total, 28 MiB/36 MiB CGO alloc/total, 34.8 CGO/sec, 1.8/2.5 %(u/s)time, 0.0 %gc (1x), 29 KiB/10 KiB (r/w)net
W200410 05:33:59.912575 326 server/node.go:826  [n1,summaries] health alerts detected: {Alerts:[{StoreID:1 Category:METRICS Description:ranges.underreplicated Value:36}]}
I200410 05:34:08.723221 175 server/status/runtime.go:498  [n1] runtime stats: 232 MiB RSS, 147 goroutines, 94 MiB/88 MiB/202 MiB GO alloc/idle/total, 28 MiB/36 MiB CGO alloc/total, 38.2 CGO/sec, 1.2/1.9 %(u/s)time, 0.0 %gc (0x), 32 KiB/14 KiB (r/w)net
W200410 05:34:09.866495 326 server/node.go:826  [n1,summaries] health alerts detected: {Alerts:[{StoreID:1 Category:METRICS Description:ranges.underreplicated Value:36}]}
I200410 05:34:18.726134 175 server/status/runtime.go:498  [n1] runtime stats: 233 MiB RSS, 147 goroutines, 102 MiB/82 MiB/202 MiB GO alloc/idle/total, 35 MiB/44 MiB CGO alloc/total, 43.0 CGO/sec, 1.2/1.7 %(u/s)time, 0.0 %gc (0x), 29 KiB/10 KiB (r/w)net
W200410 05:34:19.865418 326 server/node.go:826  [n1,summaries] health alerts detected: {Alerts:[{StoreID:1 Category:METRICS Description:ranges.underreplicated Value:36}]}
I200410 05:34:28.636507 171 gossip/gossip.go:566  [n1] gossip status (ok, 2 nodes)
gossip client (0/3 cur/max conns)
gossip server (1/3 cur/max conns, infos 940/196 sent/received, bytes 126559B/29486B sent/received)
  2: 50a625ea948d:26257 (6m0s)
I200410 05:34:28.694746 175 server/status/runtime.go:498  [n1] runtime stats: 233 MiB RSS, 147 goroutines, 111 MiB/74 MiB/202 MiB GO alloc/idle/total, 35 MiB/44 MiB CGO alloc/total, 41.4 CGO/sec, 1.3/2.2 %(u/s)time, 0.0 %gc (0x), 30 KiB/11 KiB (r/w)net
W200410 05:34:29.908957 326 server/node.go:826  [n1,summaries] health alerts detected: {Alerts:[{StoreID:1 Category:METRICS Description:ranges.underreplicated Value:36}]}
I200410 05:34:38.691016 175 server/status/runtime.go:498  [n1] runtime stats: 234 MiB RSS, 146 goroutines, 120 MiB/67 MiB/202 MiB GO alloc/idle/total, 35 MiB/44 MiB CGO alloc/total, 58.8 CGO/sec, 1.3/2.0 %(u/s)time, 0.0 %gc (0x), 32 KiB/14 KiB (r/w)net
W200410 05:34:39.828485 326 server/node.go:826  [n1,summaries] health alerts detected: {Alerts:[{StoreID:1 Category:METRICS Description:ranges.underreplicated Value:36}]}
I200410 05:34:48.690954 175 server/status/runtime.go:498  [n1] runtime stats: 234 MiB RSS, 146 goroutines, 128 MiB/60 MiB/202 MiB GO alloc/idle/total, 35 MiB/44 MiB CGO alloc/total, 37.3 CGO/sec, 1.2/1.5 %(u/s)time, 0.0 %gc (0x), 29 KiB/11 KiB (r/w)net
W200410 05:34:49.980039 326 server/node.go:826  [n1,summaries] health alerts detected: {Alerts:[{StoreID:1 Category:METRICS Description:ranges.underreplicated Value:36}]}
I200410 05:34:58.661162 175 server/status/runtime.go:498  [n1] runtime stats: 234 MiB RSS, 146 goroutines, 135 MiB/52 MiB/202 MiB GO alloc/idle/total, 35 MiB/44 MiB CGO alloc/total, 37.1 CGO/sec, 1.2/1.5 %(u/s)time, 0.0 %gc (0x), 29 KiB/10 KiB (r/w)net
W200410 05:34:59.850576 326 server/node.go:826  [n1,summaries] health alerts detected: {Alerts:[{StoreID:1 Category:METRICS Description:ranges.underreplicated Value:36}]}
I200410 05:35:08.659540 175 server/status/runtime.go:498  [n1] runtime stats: 235 MiB RSS, 147 goroutines, 143 MiB/44 MiB/202 MiB GO alloc/idle/total, 35 MiB/44 MiB CGO alloc/total, 42.8 CGO/sec, 1.2/2.0 %(u/s)time, 0.0 %gc (0x), 32 KiB/14 KiB (r/w)net
W200410 05:35:09.837394 326 server/node.go:826  [n1,summaries] health alerts detected: {Alerts:[{StoreID:1 Category:METRICS Description:ranges.underreplicated Value:36}]}
I200410 05:35:18.660691 175 server/status/runtime.go:498  [n1] runtime stats: 236 MiB RSS, 147 goroutines, 151 MiB/37 MiB/202 MiB GO alloc/idle/total, 34 MiB/44 MiB CGO alloc/total, 39.7 CGO/sec, 1.1/1.5 %(u/s)time, 0.0 %gc (0x), 29 KiB/11 KiB (r/w)net
W200410 05:35:19.824822 326 server/node.go:826  [n1,summaries] health alerts detected: {Alerts:[{StoreID:1 Category:METRICS Description:ranges.underreplicated Value:36}]}
I200410 05:35:28.566240 171 gossip/gossip.go:566  [n1] gossip status (ok, 2 nodes)
gossip client (0/3 cur/max conns)
gossip server (1/3 cur/max conns, infos 1082/227 sent/received, bytes 142063B/34108B sent/received)
  2: 50a625ea948d:26257 (7m0s)
I200410 05:35:28.628788 175 server/status/runtime.go:498  [n1] runtime stats: 241 MiB RSS, 148 goroutines, 85 MiB/96 MiB/202 MiB GO alloc/idle/total, 34 MiB/44 MiB CGO alloc/total, 49.4 CGO/sec, 2.4/3.4 %(u/s)time, 0.0 %gc (1x), 29 KiB/10 KiB (r/w)net
W200410 05:35:29.811115 326 server/node.go:826  [n1,summaries] health alerts detected: {Alerts:[{StoreID:1 Category:METRICS Description:ranges.underreplicated Value:36}]}
I200410 05:35:38.969916 175 server/status/runtime.go:498  [n1] runtime stats: 241 MiB RSS, 146 goroutines, 95 MiB/89 MiB/202 MiB GO alloc/idle/total, 34 MiB/44 MiB CGO alloc/total, 62.9 CGO/sec, 2.0/2.6 %(u/s)time, 0.0 %gc (0x), 32 KiB/14 KiB (r/w)net
W200410 05:35:40.449812 106 storage/engine/rocksdb.go:2076  batch [2/10988/0] commit took 527.7784ms (>= warning threshold 500ms)
W200410 05:35:40.748159 115 storage/store_raft.go:514  [n1,s1,r48/1:/System/tsd/cr.node.sql.…] handle raft ready: 0.8s [applied=1, batches=1, state_assertions=0]
W200410 05:35:40.806040 106 storage/store_raft.go:514  [n1,s1,r4/1:/System/tsd{-/cr.nod…}] handle raft ready: 0.9s [applied=1, batches=1, state_assertions=0]
W200410 05:35:40.824313 113 storage/store_raft.go:514  [n1,s1,r55/1:/System{/tsd/cr.s…-tse}] handle raft ready: 0.9s [applied=1, batches=1, state_assertions=0]
W200410 05:35:41.474550 326 server/node.go:826  [n1,summaries] health alerts detected: {Alerts:[{StoreID:1 Category:METRICS Description:ranges.underreplicated Value:36}]}
I200410 05:35:48.746780 175 server/status/runtime.go:498  [n1] runtime stats: 242 MiB RSS, 146 goroutines, 103 MiB/82 MiB/202 MiB GO alloc/idle/total, 34 MiB/44 MiB CGO alloc/total, 28.4 CGO/sec, 4.0/5.7 %(u/s)time, 0.0 %gc (0x), 29 KiB/11 KiB (r/w)net
W200410 05:35:50.134872 326 server/node.go:826  [n1,summaries] health alerts detected: {Alerts:[{StoreID:1 Category:METRICS Description:ranges.underreplicated Value:36}]}
I200410 05:35:58.710633 175 server/status/runtime.go:498  [n1] runtime stats: 243 MiB RSS, 146 goroutines, 111 MiB/75 MiB/202 MiB GO alloc/idle/total, 34 MiB/44 MiB CGO alloc/total, 41.0 CGO/sec, 1.2/2.0 %(u/s)time, 0.0 %gc (0x), 29 KiB/12 KiB (r/w)net
W200410 05:35:59.764951 326 server/node.go:826  [n1,summaries] health alerts detected: {Alerts:[{StoreID:1 Category:METRICS Description:ranges.underreplicated Value:36}]}
I200410 05:36:08.762048 175 server/status/runtime.go:498  [n1] runtime stats: 243 MiB RSS, 147 goroutines, 119 MiB/68 MiB/202 MiB GO alloc/idle/total, 34 MiB/44 MiB CGO alloc/total, 43.8 CGO/sec, 1.7/2.5 %(u/s)time, 0.0 %gc (0x), 31 KiB/13 KiB (r/w)net
W200410 05:36:10.082641 326 server/node.go:826  [n1,summaries] health alerts detected: {Alerts:[{StoreID:1 Category:METRICS Description:ranges.underreplicated Value:36}]}
I200410 05:36:18.762648 175 server/status/runtime.go:498  [n1] runtime stats: 244 MiB RSS, 147 goroutines, 127 MiB/60 MiB/202 MiB GO alloc/idle/total, 34 MiB/44 MiB CGO alloc/total, 35.0 CGO/sec, 2.4/3.4 %(u/s)time, 0.0 %gc (0x), 30 KiB/12 KiB (r/w)net
W200410 05:36:21.547536 326 server/node.go:826  [n1,summaries] health alerts detected: {Alerts:[{StoreID:1 Category:METRICS Description:ranges.underreplicated Value:36}]}
I200410 05:36:28.494566 171 gossip/gossip.go:566  [n1] gossip status (ok, 2 nodes)
gossip client (0/3 cur/max conns)
gossip server (1/3 cur/max conns, infos 1225/257 sent/received, bytes 157590B/38589B sent/received)
  2: 50a625ea948d:26257 (8m0s)
I200410 05:36:28.738750 175 server/status/runtime.go:498  [n1] runtime stats: 244 MiB RSS, 147 goroutines, 135 MiB/52 MiB/202 MiB GO alloc/idle/total, 34 MiB/44 MiB CGO alloc/total, 36.8 CGO/sec, 4.7/6.4 %(u/s)time, 0.0 %gc (0x), 30 KiB/11 KiB (r/w)net
W200410 05:36:29.751087 326 server/node.go:826  [n1,summaries] health alerts detected: {Alerts:[{StoreID:1 Category:METRICS Description:ranges.underreplicated Value:36}]}
I200410 05:36:38.733538 175 server/status/runtime.go:498  [n1] runtime stats: 245 MiB RSS, 146 goroutines, 144 MiB/43 MiB/202 MiB GO alloc/idle/total, 34 MiB/44 MiB CGO alloc/total, 71.8 CGO/sec, 2.2/2.8 %(u/s)time, 0.0 %gc (0x), 32 KiB/14 KiB (r/w)net
W200410 05:36:39.763297 326 server/node.go:826  [n1,summaries] health alerts detected: {Alerts:[{StoreID:1 Category:METRICS Description:ranges.underreplicated Value:36}]}
I200410 05:36:48.732998 175 server/status/runtime.go:498  [n1] runtime stats: 246 MiB RSS, 146 goroutines, 152 MiB/36 MiB/202 MiB GO alloc/idle/total, 34 MiB/44 MiB CGO alloc/total, 36.8 CGO/sec, 1.2/1.9 %(u/s)time, 0.0 %gc (0x), 30 KiB/12 KiB (r/w)net
W200410 05:36:49.901100 326 server/node.go:826  [n1,summaries] health alerts detected: {Alerts:[{StoreID:1 Category:METRICS Description:ranges.underreplicated Value:36}]}
I200410 05:36:58.747471 175 server/status/runtime.go:498  [n1] runtime stats: 246 MiB RSS, 146 goroutines, 87 MiB/94 MiB/202 MiB GO alloc/idle/total, 34 MiB/44 MiB CGO alloc/total, 33.7 CGO/sec, 2.9/4.0 %(u/s)time, 0.0 %gc (1x), 29 KiB/11 KiB (r/w)net
W200410 05:36:59.703114 326 server/node.go:826  [n1,summaries] health alerts detected: {Alerts:[{StoreID:1 Category:METRICS Description:ranges.underreplicated Value:36}]}
I200410 05:37:08.702309 175 server/status/runtime.go:498  [n1] runtime stats: 246 MiB RSS, 147 goroutines, 95 MiB/87 MiB/202 MiB GO alloc/idle/total, 34 MiB/44 MiB CGO alloc/total, 39.6 CGO/sec, 1.9/2.4 %(u/s)time, 0.0 %gc (0x), 31 KiB/14 KiB (r/w)net
W200410 05:37:09.714359 326 server/node.go:826  [n1,summaries] health alerts detected: {Alerts:[{StoreID:1 Category:METRICS Description:ranges.underreplicated Value:36}]}
I200410 05:37:18.705745 175 server/status/runtime.go:498  [n1] runtime stats: 246 MiB RSS, 147 goroutines, 103 MiB/81 MiB/202 MiB GO alloc/idle/total, 42 MiB/52 MiB CGO alloc/total, 41.2 CGO/sec, 1.4/2.1 %(u/s)time, 0.0 %gc (0x), 30 KiB/12 KiB (r/w)net
W200410 05:37:19.752941 326 server/node.go:826  [n1,summaries] health alerts detected: {Alerts:[{StoreID:1 Category:METRICS Description:ranges.underreplicated Value:36}]}
I200410 05:37:28.432842 171 gossip/gossip.go:566  [n1] gossip status (ok, 2 nodes)
gossip client (0/3 cur/max conns)
gossip server (1/3 cur/max conns, infos 1370/288 sent/received, bytes 173439B/43211B sent/received)
  2: 50a625ea948d:26257 (9m0s)
I200410 05:37:28.740676 175 server/status/runtime.go:498  [n1] runtime stats: 247 MiB RSS, 147 goroutines, 111 MiB/74 MiB/202 MiB GO alloc/idle/total, 42 MiB/52 MiB CGO alloc/total, 38.2 CGO/sec, 1.7/1.8 %(u/s)time, 0.0 %gc (0x), 30 KiB/12 KiB (r/w)net
W200410 05:37:29.681133 326 server/node.go:826  [n1,summaries] health alerts detected: {Alerts:[{StoreID:1 Category:METRICS Description:ranges.underreplicated Value:36}]}
I200410 05:37:38.730564 175 server/status/runtime.go:498  [n1] runtime stats: 248 MiB RSS, 146 goroutines, 120 MiB/66 MiB/202 MiB GO alloc/idle/total, 42 MiB/52 MiB CGO alloc/total, 61.8 CGO/sec, 2.1/2.6 %(u/s)time, 0.0 %gc (0x), 31 KiB/13 KiB (r/w)net
W200410 05:37:39.668196 326 server/node.go:826  [n1,summaries] health alerts detected: {Alerts:[{StoreID:1 Category:METRICS Description:ranges.underreplicated Value:36}]}
I200410 05:37:48.731195 175 server/status/runtime.go:498  [n1] runtime stats: 248 MiB RSS, 146 goroutines, 128 MiB/58 MiB/202 MiB GO alloc/idle/total, 42 MiB/52 MiB CGO alloc/total, 42.9 CGO/sec, 1.3/1.8 %(u/s)time, 0.0 %gc (0x), 30 KiB/12 KiB (r/w)net
W200410 05:37:49.624422 326 server/node.go:826  [n1,summaries] health alerts detected: {Alerts:[{StoreID:1 Category:METRICS Description:ranges.underreplicated Value:36}]}
I200410 05:37:58.698310 175 server/status/runtime.go:498  [n1] runtime stats: 249 MiB RSS, 146 goroutines, 136 MiB/51 MiB/202 MiB GO alloc/idle/total, 42 MiB/52 MiB CGO alloc/total, 35.7 CGO/sec, 1.2/1.8 %(u/s)time, 0.0 %gc (0x), 29 KiB/10 KiB (r/w)net
W200410 05:37:59.650246 326 server/node.go:826  [n1,summaries] health alerts detected: {Alerts:[{StoreID:1 Category:METRICS Description:ranges.underreplicated Value:36}]}
I200410 05:38:08.697832 175 server/status/runtime.go:498  [n1] runtime stats: 249 MiB RSS, 147 goroutines, 144 MiB/44 MiB/202 MiB GO alloc/idle/total, 42 MiB/52 MiB CGO alloc/total, 47.4 CGO/sec, 1.3/1.9 %(u/s)time, 0.0 %gc (0x), 31 KiB/14 KiB (r/w)net
W200410 05:38:09.664885 326 server/node.go:826  [n1,summaries] health alerts detected: {Alerts:[{StoreID:1 Category:METRICS Description:ranges.underreplicated Value:36}]}
I200410 05:38:18.700080 175 server/status/runtime.go:498  [n1] runtime stats: 250 MiB RSS, 147 goroutines, 152 MiB/35 MiB/202 MiB GO alloc/idle/total, 42 MiB/52 MiB CGO alloc/total, 36.1 CGO/sec, 1.3/1.9 %(u/s)time, 0.0 %gc (0x), 30 KiB/12 KiB (r/w)net
W200410 05:38:19.625506 326 server/node.go:826  [n1,summaries] health alerts detected: {Alerts:[{StoreID:1 Category:METRICS Description:ranges.underreplicated Value:36}]}
I200410 05:38:25.446971 1 cli/start.go:865  received signal 'terminated'
I200410 05:38:25.463520 1 cli/start.go:930  initiating graceful shutdown of server
I200410 05:38:25.495563 9591 util/stop/stopper.go:542  [server drain process] quiescing; tasks left:
1      storage.Store: draining replica
1      [async] stats.Refresher: maybeRefreshStats
1      [async] intent_resolver_ir_batcher
1      [async] intent_resolver_gc_batcher
1      [async] closedts-subscription
1      [async] closedts-rangefeed-subscriber
W200410 05:38:25.515678 66 vendor/google.golang.org/grpc/clientconn.go:1206  grpc: addrConn.createTransport failed to connect to {c175d47b2166:26257 0  <nil>}. Err :connection error: desc = "transport: failed to write client preface: io: read/write on closed pipe". Reconnecting...
I200410 05:38:25.521023 9591 util/stop/stopper.go:542  [server drain process] quiescing; tasks left:
1      [async] closedts-subscription
1      [async] closedts-rangefeed-subscriber
I200410 05:38:25.562925 9591 storage/engine/rocksdb.go:762  closing rocksdb instance at "/cockroach/cockroach-data/cockroach-temp251137316"
I200410 05:38:25.733904 9591 storage/engine/rocksdb.go:762  closing rocksdb instance at "/cockroach/cockroach-data"
I200410 05:38:25.791176 1 cli/start.go:976  server drained and shutdown completed
