I200407 19:12:28.955438 13 util/log/clog.go:1196  [config] file created at: 2020/04/07 19:12:28
I200407 19:12:28.955438 13 util/log/clog.go:1196  [config] running on machine: 2fe6eeccd136
I200407 19:12:28.955438 13 util/log/clog.go:1196  [config] binary: CockroachDB CCL v19.2.5 (x86_64-unknown-linux-gnu, built 2020/03/16 18:27:12, go1.12.12)
I200407 19:12:28.955438 13 util/log/clog.go:1196  [config] arguments: [/cockroach/cockroach start --insecure]
I200407 19:12:28.955438 13 util/log/clog.go:1196  line format: [IWEF]yymmdd hh:mm:ss.uuuuuu goid file:line msg utf8=✓
I200407 19:12:28.955412 13 storage/engine/rocksdb.go:120  RocksDB version: 6.2.1
I200407 19:12:29.086939 13 storage/engine/rocksdb.go:120  Git sha rocksdb_build_git_sha:@b7009236531fa784872f4823eabf393501e41bf2@
I200407 19:12:29.086973 13 storage/engine/rocksdb.go:120  Compile date Mar 16 2020
I200407 19:12:29.087004 13 storage/engine/rocksdb.go:120  DB SUMMARY
I200407 19:12:29.136112 13 storage/engine/rocksdb.go:120  SST files in /cockroach/cockroach-data/cockroach-temp902566672 dir, Total Num: 0, files: 
I200407 19:12:29.267011 13 storage/engine/rocksdb.go:120  Write Ahead Log file in /cockroach/cockroach-data/cockroach-temp902566672: 
I200407 19:12:29.267217 13 storage/engine/rocksdb.go:120                          Options.error_if_exists: 0
I200407 19:12:29.267589 13 storage/engine/rocksdb.go:120                        Options.create_if_missing: 1
I200407 19:12:29.267619 13 storage/engine/rocksdb.go:120                          Options.paranoid_checks: 1
I200407 19:12:29.267648 13 storage/engine/rocksdb.go:120                                      Options.env: 0x75757a0
I200407 19:12:29.267819 13 storage/engine/rocksdb.go:120                                 Options.info_log: 0x7f5af880d100
I200407 19:12:29.267857 13 storage/engine/rocksdb.go:120                 Options.max_file_opening_threads: 16
I200407 19:12:29.267893 13 storage/engine/rocksdb.go:120                               Options.statistics: 0x7f5af8834010
I200407 19:12:29.268033 13 storage/engine/rocksdb.go:120                                Options.use_fsync: 0
I200407 19:12:29.268065 13 storage/engine/rocksdb.go:120                        Options.max_log_file_size: 0
I200407 19:12:29.268391 13 storage/engine/rocksdb.go:120                   Options.max_manifest_file_size: 134217728
I200407 19:12:29.268423 13 storage/engine/rocksdb.go:120                    Options.log_file_time_to_roll: 0
I200407 19:12:29.268570 13 storage/engine/rocksdb.go:120                        Options.keep_log_file_num: 1000
I200407 19:12:29.268604 13 storage/engine/rocksdb.go:120                     Options.recycle_log_file_num: 1
I200407 19:12:29.269108 13 storage/engine/rocksdb.go:120                          Options.allow_fallocate: 1
I200407 19:12:29.269809 13 storage/engine/rocksdb.go:120                         Options.allow_mmap_reads: 0
I200407 19:12:29.269980 13 storage/engine/rocksdb.go:120                        Options.allow_mmap_writes: 0
I200407 19:12:29.270024 13 storage/engine/rocksdb.go:120                         Options.use_direct_reads: 0
I200407 19:12:29.270791 13 storage/engine/rocksdb.go:120                         Options.use_direct_io_for_flush_and_compaction: 0
I200407 19:12:29.270820 13 storage/engine/rocksdb.go:120           Options.create_missing_column_families: 0
I200407 19:12:29.270959 13 storage/engine/rocksdb.go:120                               Options.db_log_dir: 
I200407 19:12:29.270990 13 storage/engine/rocksdb.go:120                                  Options.wal_dir: /cockroach/cockroach-data/cockroach-temp902566672
I200407 19:12:29.271059 13 storage/engine/rocksdb.go:120                 Options.table_cache_numshardbits: 6
I200407 19:12:29.271187 13 storage/engine/rocksdb.go:120                       Options.max_subcompactions: 1
I200407 19:12:29.271216 13 storage/engine/rocksdb.go:120                   Options.max_background_flushes: -1
I200407 19:12:29.271247 13 storage/engine/rocksdb.go:120                          Options.WAL_ttl_seconds: 0
I200407 19:12:29.271276 13 storage/engine/rocksdb.go:120                        Options.WAL_size_limit_MB: 0
I200407 19:12:29.271306 13 storage/engine/rocksdb.go:120              Options.manifest_preallocation_size: 4194304
I200407 19:12:29.271334 13 storage/engine/rocksdb.go:120                      Options.is_fd_close_on_exec: 1
I200407 19:12:29.271362 13 storage/engine/rocksdb.go:120                    Options.advise_random_on_open: 1
I200407 19:12:29.271392 13 storage/engine/rocksdb.go:120                     Options.db_write_buffer_size: 0
I200407 19:12:29.271422 13 storage/engine/rocksdb.go:120                     Options.write_buffer_manager: 0x7f5af881f060
I200407 19:12:29.271450 13 storage/engine/rocksdb.go:120          Options.access_hint_on_compaction_start: 1
I200407 19:12:29.271478 13 storage/engine/rocksdb.go:120   Options.new_table_reader_for_compaction_inputs: 0
I200407 19:12:29.271507 13 storage/engine/rocksdb.go:120            Options.random_access_max_buffer_size: 1048576
I200407 19:12:29.271535 13 storage/engine/rocksdb.go:120                       Options.use_adaptive_mutex: 0
I200407 19:12:29.271564 13 storage/engine/rocksdb.go:120                             Options.rate_limiter: (nil)
I200407 19:12:29.271599 13 storage/engine/rocksdb.go:120      Options.sst_file_manager.rate_bytes_per_sec: 0
I200407 19:12:29.271629 13 storage/engine/rocksdb.go:120                        Options.wal_recovery_mode: 0
I200407 19:12:29.271657 13 storage/engine/rocksdb.go:120                   Options.enable_thread_tracking: 0
I200407 19:12:29.271686 13 storage/engine/rocksdb.go:120                   Options.enable_pipelined_write: 0
I200407 19:12:29.271714 13 storage/engine/rocksdb.go:120          Options.allow_concurrent_memtable_write: 1
I200407 19:12:29.271743 13 storage/engine/rocksdb.go:120       Options.enable_write_thread_adaptive_yield: 1
I200407 19:12:29.271772 13 storage/engine/rocksdb.go:120              Options.write_thread_max_yield_usec: 100
I200407 19:12:29.271800 13 storage/engine/rocksdb.go:120             Options.write_thread_slow_yield_usec: 3
I200407 19:12:29.271829 13 storage/engine/rocksdb.go:120                                Options.row_cache: None
I200407 19:12:29.271857 13 storage/engine/rocksdb.go:120                               Options.wal_filter: None
I200407 19:12:29.271886 13 storage/engine/rocksdb.go:120              Options.avoid_flush_during_recovery: 0
I200407 19:12:29.271914 13 storage/engine/rocksdb.go:120              Options.allow_ingest_behind: 0
I200407 19:12:29.271943 13 storage/engine/rocksdb.go:120              Options.preserve_deletes: 0
I200407 19:12:29.271971 13 storage/engine/rocksdb.go:120              Options.two_write_queues: 0
I200407 19:12:29.271999 13 storage/engine/rocksdb.go:120              Options.manual_wal_flush: 1
I200407 19:12:29.272028 13 storage/engine/rocksdb.go:120              Options.atomic_flush: 0
I200407 19:12:29.272056 13 storage/engine/rocksdb.go:120              Options.avoid_unnecessary_blocking_io: 0
I200407 19:12:29.272085 13 storage/engine/rocksdb.go:120              Options.max_background_jobs: 2
I200407 19:12:29.272113 13 storage/engine/rocksdb.go:120              Options.max_background_compactions: -1
I200407 19:12:29.272142 13 storage/engine/rocksdb.go:120              Options.avoid_flush_during_shutdown: 0
I200407 19:12:29.279348 13 storage/engine/rocksdb.go:120            Options.writable_file_max_buffer_size: 1048576
I200407 19:12:29.279380 13 storage/engine/rocksdb.go:120              Options.delayed_write_rate : 16777216
I200407 19:12:29.279408 13 storage/engine/rocksdb.go:120              Options.max_total_wal_size: 0
I200407 19:12:29.279437 13 storage/engine/rocksdb.go:120              Options.delete_obsolete_files_period_micros: 21600000000
I200407 19:12:29.279466 13 storage/engine/rocksdb.go:120                    Options.stats_dump_period_sec: 0
I200407 19:12:29.279494 13 storage/engine/rocksdb.go:120                  Options.stats_persist_period_sec: 600
I200407 19:12:29.279522 13 storage/engine/rocksdb.go:120                  Options.stats_history_buffer_size: 1048576
I200407 19:12:29.279551 13 storage/engine/rocksdb.go:120                           Options.max_open_files: 128
I200407 19:12:29.279579 13 storage/engine/rocksdb.go:120                           Options.bytes_per_sync: 524288
I200407 19:12:29.279608 13 storage/engine/rocksdb.go:120                       Options.wal_bytes_per_sync: 0
I200407 19:12:29.279637 13 storage/engine/rocksdb.go:120                    Options.strict_bytes_per_sync: 1
I200407 19:12:29.279683 13 storage/engine/rocksdb.go:120        Options.compaction_readahead_size: 0
I200407 19:12:29.279726 13 storage/engine/rocksdb.go:120  Compression algorithms supported:
I200407 19:12:29.279763 13 storage/engine/rocksdb.go:120  	kZSTDNotFinalCompression supported: 0
I200407 19:12:29.279921 13 storage/engine/rocksdb.go:120  	kZSTD supported: 0
I200407 19:12:29.279962 13 storage/engine/rocksdb.go:120  	kXpressCompression supported: 0
I200407 19:12:29.280003 13 storage/engine/rocksdb.go:120  	kLZ4HCCompression supported: 0
I200407 19:12:29.280046 13 storage/engine/rocksdb.go:120  	kLZ4Compression supported: 0
I200407 19:12:29.280088 13 storage/engine/rocksdb.go:120  	kBZip2Compression supported: 0
I200407 19:12:29.280126 13 storage/engine/rocksdb.go:120  	kZlibCompression supported: 0
I200407 19:12:29.280171 13 storage/engine/rocksdb.go:120  	kSnappyCompression supported: 1
I200407 19:12:29.280222 13 storage/engine/rocksdb.go:120  Fast CRC32 supported: Supported on x86
I200407 19:12:29.306924 13 storage/engine/rocksdb.go:120  [db/db_impl_open.cc:242] Creating manifest 1 
I200407 19:12:29.532289 13 storage/engine/rocksdb.go:120  [db/version_set.cc:4072] Recovering from manifest file: /cockroach/cockroach-data/cockroach-temp902566672/MANIFEST-000001
I200407 19:12:29.588008 13 storage/engine/rocksdb.go:120  [db/column_family.cc:488] --------------- Options for column family [default]:
I200407 19:12:29.588410 13 storage/engine/rocksdb.go:120                Options.comparator: cockroach_comparator
I200407 19:12:29.588576 13 storage/engine/rocksdb.go:120            Options.merge_operator: cockroach_merge_operator
I200407 19:12:29.596110 13 storage/engine/rocksdb.go:120         Options.compaction_filter: None
I200407 19:12:29.596321 13 storage/engine/rocksdb.go:120         Options.compaction_filter_factory: None
I200407 19:12:29.596584 13 storage/engine/rocksdb.go:120          Options.memtable_factory: SkipListFactory
I200407 19:12:29.596836 13 storage/engine/rocksdb.go:120             Options.table_factory: BlockBasedTable
I200407 19:12:29.597433 13 storage/engine/rocksdb.go:120             table_factory options:   flush_block_policy_factory: FlushBlockBySizePolicyFactory (0x7f5af882d030)
  cache_index_and_filter_blocks: 0
  cache_index_and_filter_blocks_with_high_priority: 0
  pin_l0_filter_and_index_blocks_in_cache: 0
  pin_top_level_index_and_filter: 1
  index_type: 0
  data_block_index_type: 0
  index_shortening: 1
  data_block_hash_table_util_ratio: 0.750000
  hash_index_allow_collision: 1
  checksum: 1
  no_block_cache: 0
  block_cache: 0x7f5af8822010
  block_cache_name: LRUCache
  block_cache_options:
    capacity : 1048576
    num_shard_bits : 4
    strict_capacity_limit : 0
    memory_allocator : None
    high_pri_pool_ratio: 0.000
  block_cache_compressed: (nil)
  persistent_cache: (nil)
  block_size: 32768
  block_size_deviation: 10
  block_restart_interval: 16
  index_block_restart_interval: 1
  metadata_block_size: 4096
  partition_filters: 0
  use_delta_encoding: 1
  filter_policy: rocksdb.BuiltinBloomFilter
  whole_key_filtering: 0
  verify_compression: 0
  read_amp_bytes_per_bit: 0
  format_version: 2
  enable_index_compression: 1
  block_align: 0
I200407 19:12:29.597596 13 storage/engine/rocksdb.go:120         Options.write_buffer_size: 67108864
I200407 19:12:29.597628 13 storage/engine/rocksdb.go:120   Options.max_write_buffer_number: 4
I200407 19:12:29.604885 13 storage/engine/rocksdb.go:120           Options.compression: Snappy
I200407 19:12:29.605221 13 storage/engine/rocksdb.go:120                   Options.bottommost_compression: Disabled
I200407 19:12:29.605568 13 storage/engine/rocksdb.go:120        Options.prefix_extractor: cockroach_prefix_extractor
I200407 19:12:29.605793 13 storage/engine/rocksdb.go:120    Options.memtable_insert_with_hint_prefix_extractor: nullptr
I200407 19:12:29.605988 13 storage/engine/rocksdb.go:120              Options.num_levels: 7
I200407 19:12:29.606169 13 storage/engine/rocksdb.go:120         Options.min_write_buffer_number_to_merge: 1
I200407 19:12:29.606393 13 storage/engine/rocksdb.go:120      Options.max_write_buffer_number_to_maintain: 0
I200407 19:12:29.606607 13 storage/engine/rocksdb.go:120             Options.bottommost_compression_opts.window_bits: -14
I200407 19:12:29.606637 13 storage/engine/rocksdb.go:120                   Options.bottommost_compression_opts.level: 32767
I200407 19:12:29.607608 13 storage/engine/rocksdb.go:120                Options.bottommost_compression_opts.strategy: 0
I200407 19:12:29.607773 13 storage/engine/rocksdb.go:120          Options.bottommost_compression_opts.max_dict_bytes: 0
I200407 19:12:29.616554 13 storage/engine/rocksdb.go:120          Options.bottommost_compression_opts.zstd_max_train_bytes: 0
I200407 19:12:29.616983 13 storage/engine/rocksdb.go:120                   Options.bottommost_compression_opts.enabled: false
I200407 19:12:29.617012 13 storage/engine/rocksdb.go:120             Options.compression_opts.window_bits: -14
I200407 19:12:29.617124 13 storage/engine/rocksdb.go:120                   Options.compression_opts.level: 32767
I200407 19:12:29.617155 13 storage/engine/rocksdb.go:120                Options.compression_opts.strategy: 0
I200407 19:12:29.617183 13 storage/engine/rocksdb.go:120          Options.compression_opts.max_dict_bytes: 0
I200407 19:12:29.617376 13 storage/engine/rocksdb.go:120          Options.compression_opts.zstd_max_train_bytes: 0
I200407 19:12:29.617405 13 storage/engine/rocksdb.go:120                   Options.compression_opts.enabled: false
I200407 19:12:29.617589 13 storage/engine/rocksdb.go:120       Options.level0_file_num_compaction_trigger: 2
I200407 19:12:29.627593 13 storage/engine/rocksdb.go:120           Options.level0_slowdown_writes_trigger: 950
I200407 19:12:29.627634 13 storage/engine/rocksdb.go:120               Options.level0_stop_writes_trigger: 1000
I200407 19:12:29.627757 13 storage/engine/rocksdb.go:120                    Options.target_file_size_base: 4194304
I200407 19:12:29.627869 13 storage/engine/rocksdb.go:120              Options.target_file_size_multiplier: 2
I200407 19:12:29.627900 13 storage/engine/rocksdb.go:120                 Options.max_bytes_for_level_base: 67108864
I200407 19:12:29.627929 13 storage/engine/rocksdb.go:120  Options.level_compaction_dynamic_level_bytes: 1
I200407 19:12:29.627961 13 storage/engine/rocksdb.go:120           Options.max_bytes_for_level_multiplier: 10.000000
I200407 19:12:29.627990 13 storage/engine/rocksdb.go:120  Options.max_bytes_for_level_multiplier_addtl[0]: 1
I200407 19:12:29.628019 13 storage/engine/rocksdb.go:120  Options.max_bytes_for_level_multiplier_addtl[1]: 1
I200407 19:12:29.628048 13 storage/engine/rocksdb.go:120  Options.max_bytes_for_level_multiplier_addtl[2]: 1
I200407 19:12:29.628163 13 storage/engine/rocksdb.go:120  Options.max_bytes_for_level_multiplier_addtl[3]: 1
I200407 19:12:29.628261 13 storage/engine/rocksdb.go:120  Options.max_bytes_for_level_multiplier_addtl[4]: 1
I200407 19:12:29.628300 13 storage/engine/rocksdb.go:120  Options.max_bytes_for_level_multiplier_addtl[5]: 1
I200407 19:12:29.628342 13 storage/engine/rocksdb.go:120  Options.max_bytes_for_level_multiplier_addtl[6]: 1
I200407 19:12:29.628383 13 storage/engine/rocksdb.go:120        Options.max_sequential_skip_in_iterations: 8
I200407 19:12:29.628427 13 storage/engine/rocksdb.go:120                     Options.max_compaction_bytes: 104857600
I200407 19:12:29.628468 13 storage/engine/rocksdb.go:120                         Options.arena_block_size: 8388608
I200407 19:12:29.628517 13 storage/engine/rocksdb.go:120    Options.soft_pending_compaction_bytes_limit: 2199023255552
I200407 19:12:29.628886 13 storage/engine/rocksdb.go:120    Options.hard_pending_compaction_bytes_limit: 4400193994752
I200407 19:12:29.628976 13 storage/engine/rocksdb.go:120        Options.rate_limit_delay_max_milliseconds: 100
I200407 19:12:29.629004 13 storage/engine/rocksdb.go:120                 Options.disable_auto_compactions: 0
I200407 19:12:29.629037 13 storage/engine/rocksdb.go:120                         Options.compaction_style: kCompactionStyleLevel
I200407 19:12:29.629067 13 storage/engine/rocksdb.go:120                           Options.compaction_pri: kMinOverlappingRatio
I200407 19:12:29.629095 13 storage/engine/rocksdb.go:120  Options.compaction_options_universal.size_ratio: 1
I200407 19:12:29.629122 13 storage/engine/rocksdb.go:120  Options.compaction_options_universal.min_merge_width: 2
I200407 19:12:29.629150 13 storage/engine/rocksdb.go:120  Options.compaction_options_universal.max_merge_width: 4294967295
I200407 19:12:29.629179 13 storage/engine/rocksdb.go:120  Options.compaction_options_universal.max_size_amplification_percent: 200
I200407 19:12:29.629207 13 storage/engine/rocksdb.go:120  Options.compaction_options_universal.compression_size_percent: -1
I200407 19:12:29.629236 13 storage/engine/rocksdb.go:120  Options.compaction_options_universal.stop_style: kCompactionStopStyleTotalSize
I200407 19:12:29.629264 13 storage/engine/rocksdb.go:120  Options.compaction_options_fifo.max_table_files_size: 1073741824
I200407 19:12:29.629292 13 storage/engine/rocksdb.go:120  Options.compaction_options_fifo.allow_compaction: 0
I200407 19:12:29.629326 13 storage/engine/rocksdb.go:120                    Options.table_properties_collectors: TimeBoundTblPropCollectorFactory; DeleteRangeTblPropCollectorFactory; 
I200407 19:12:29.629358 13 storage/engine/rocksdb.go:120                    Options.inplace_update_support: 0
I200407 19:12:29.629387 13 storage/engine/rocksdb.go:120                  Options.inplace_update_num_locks: 10000
I200407 19:12:29.629417 13 storage/engine/rocksdb.go:120                Options.memtable_prefix_bloom_size_ratio: 0.000000
I200407 19:12:29.629453 13 storage/engine/rocksdb.go:120                Options.memtable_whole_key_filtering: 0
I200407 19:12:29.629482 13 storage/engine/rocksdb.go:120    Options.memtable_huge_page_size: 0
I200407 19:12:29.629510 13 storage/engine/rocksdb.go:120                            Options.bloom_locality: 0
I200407 19:12:29.629538 13 storage/engine/rocksdb.go:120                     Options.max_successive_merges: 0
I200407 19:12:29.629566 13 storage/engine/rocksdb.go:120                 Options.optimize_filters_for_hits: 1
I200407 19:12:29.629593 13 storage/engine/rocksdb.go:120                 Options.paranoid_file_checks: 0
I200407 19:12:29.629621 13 storage/engine/rocksdb.go:120                 Options.force_consistency_checks: 0
I200407 19:12:29.629649 13 storage/engine/rocksdb.go:120                 Options.report_bg_io_stats: 0
I200407 19:12:29.629760 13 storage/engine/rocksdb.go:120                                Options.ttl: 0
I200407 19:12:29.629816 13 storage/engine/rocksdb.go:120           Options.periodic_compaction_seconds: 0
I200407 19:12:29.643374 13 storage/engine/rocksdb.go:120  [db/version_set.cc:4286] Recovered from manifest file:/cockroach/cockroach-data/cockroach-temp902566672/MANIFEST-000001 succeeded,manifest_file_number is 1, next_file_number is 3, last_sequence is 0, log_number is 0,prev_log_number is 0,max_column_family is 0,min_log_number_to_keep is 0
I200407 19:12:29.643413 13 storage/engine/rocksdb.go:120  [db/version_set.cc:4295] Column family [default] (ID 0), log number is 0
I200407 19:12:29.723703 13 storage/engine/rocksdb.go:120  DB pointer 0x7f5af88a1000
I200407 19:12:29.921236 13 storage/engine/rocksdb.go:120  RocksDB version: 6.2.1
I200407 19:12:29.921411 13 storage/engine/rocksdb.go:120  Git sha rocksdb_build_git_sha:@b7009236531fa784872f4823eabf393501e41bf2@
I200407 19:12:29.921559 13 storage/engine/rocksdb.go:120  Compile date Mar 16 2020
I200407 19:12:29.921594 13 storage/engine/rocksdb.go:120  DB SUMMARY
I200407 19:12:29.970482 13 storage/engine/rocksdb.go:120  CURRENT file:  CURRENT
I200407 19:12:29.970526 13 storage/engine/rocksdb.go:120  IDENTITY file:  IDENTITY
I200407 19:12:29.978862 13 storage/engine/rocksdb.go:120  MANIFEST file:  MANIFEST-000416 size: 1708 Bytes
I200407 19:12:29.978970 13 storage/engine/rocksdb.go:120  SST files in /cockroach/cockroach-data dir, Total Num: 8, files: 000411.sst 000420.sst 000421.sst 000422.sst 000423.sst 000424.sst 000425.sst 000426.sst 
I200407 19:12:29.979064 13 storage/engine/rocksdb.go:120  Write Ahead Log file in /cockroach/cockroach-data: 000417.log size: 43148159 ; 
I200407 19:12:29.979105 13 storage/engine/rocksdb.go:120                          Options.error_if_exists: 0
I200407 19:12:29.979146 13 storage/engine/rocksdb.go:120                        Options.create_if_missing: 1
I200407 19:12:29.979192 13 storage/engine/rocksdb.go:120                          Options.paranoid_checks: 1
I200407 19:12:29.979248 13 storage/engine/rocksdb.go:120                                      Options.env: 0x75757a0
I200407 19:12:29.979292 13 storage/engine/rocksdb.go:120                                 Options.info_log: 0x7f5af9c0dce0
I200407 19:12:29.979333 13 storage/engine/rocksdb.go:120                 Options.max_file_opening_threads: 16
I200407 19:12:29.979430 13 storage/engine/rocksdb.go:120                               Options.statistics: 0x7f5af9c25010
I200407 19:12:29.979474 13 storage/engine/rocksdb.go:120                                Options.use_fsync: 0
I200407 19:12:29.979785 13 storage/engine/rocksdb.go:120                        Options.max_log_file_size: 0
I200407 19:12:29.979831 13 storage/engine/rocksdb.go:120                   Options.max_manifest_file_size: 134217728
I200407 19:12:29.979875 13 storage/engine/rocksdb.go:120                    Options.log_file_time_to_roll: 0
I200407 19:12:29.980020 13 storage/engine/rocksdb.go:120                        Options.keep_log_file_num: 1000
I200407 19:12:29.980101 13 storage/engine/rocksdb.go:120                     Options.recycle_log_file_num: 1
I200407 19:12:29.980370 13 storage/engine/rocksdb.go:120                          Options.allow_fallocate: 1
I200407 19:12:29.980783 13 storage/engine/rocksdb.go:120                         Options.allow_mmap_reads: 0
I200407 19:12:29.980835 13 storage/engine/rocksdb.go:120                        Options.allow_mmap_writes: 0
I200407 19:12:29.982357 13 storage/engine/rocksdb.go:120                         Options.use_direct_reads: 0
I200407 19:12:29.982406 13 storage/engine/rocksdb.go:120                         Options.use_direct_io_for_flush_and_compaction: 0
I200407 19:12:29.982568 13 storage/engine/rocksdb.go:120           Options.create_missing_column_families: 0
I200407 19:12:29.986101 13 storage/engine/rocksdb.go:120                               Options.db_log_dir: 
I200407 19:12:29.986177 13 storage/engine/rocksdb.go:120                                  Options.wal_dir: /cockroach/cockroach-data
I200407 19:12:29.986486 13 storage/engine/rocksdb.go:120                 Options.table_cache_numshardbits: 6
I200407 19:12:29.986594 13 storage/engine/rocksdb.go:120                       Options.max_subcompactions: 1
I200407 19:12:29.986959 13 storage/engine/rocksdb.go:120                   Options.max_background_flushes: -1
I200407 19:12:29.992047 13 storage/engine/rocksdb.go:120                          Options.WAL_ttl_seconds: 0
I200407 19:12:29.992102 13 storage/engine/rocksdb.go:120                        Options.WAL_size_limit_MB: 0
I200407 19:12:29.992143 13 storage/engine/rocksdb.go:120              Options.manifest_preallocation_size: 4194304
I200407 19:12:29.992186 13 storage/engine/rocksdb.go:120                      Options.is_fd_close_on_exec: 1
I200407 19:12:29.992286 13 storage/engine/rocksdb.go:120                    Options.advise_random_on_open: 1
I200407 19:12:29.992331 13 storage/engine/rocksdb.go:120                     Options.db_write_buffer_size: 0
I200407 19:12:29.992368 13 storage/engine/rocksdb.go:120                     Options.write_buffer_manager: 0x7f5af9c8d030
I200407 19:12:30.011971 13 storage/engine/rocksdb.go:120          Options.access_hint_on_compaction_start: 1
I200407 19:12:30.012078 13 storage/engine/rocksdb.go:120   Options.new_table_reader_for_compaction_inputs: 0
I200407 19:12:30.012119 13 storage/engine/rocksdb.go:120            Options.random_access_max_buffer_size: 1048576
I200407 19:12:30.012170 13 storage/engine/rocksdb.go:120                       Options.use_adaptive_mutex: 0
I200407 19:12:30.012216 13 storage/engine/rocksdb.go:120                             Options.rate_limiter: (nil)
I200407 19:12:30.012252 13 storage/engine/rocksdb.go:120      Options.sst_file_manager.rate_bytes_per_sec: 0
I200407 19:12:30.012294 13 storage/engine/rocksdb.go:120                        Options.wal_recovery_mode: 0
I200407 19:12:30.012382 13 storage/engine/rocksdb.go:120                   Options.enable_thread_tracking: 0
I200407 19:12:30.012619 13 storage/engine/rocksdb.go:120                   Options.enable_pipelined_write: 0
I200407 19:12:30.012659 13 storage/engine/rocksdb.go:120          Options.allow_concurrent_memtable_write: 1
I200407 19:12:30.018136 13 storage/engine/rocksdb.go:120       Options.enable_write_thread_adaptive_yield: 1
I200407 19:12:30.018178 13 storage/engine/rocksdb.go:120              Options.write_thread_max_yield_usec: 100
I200407 19:12:30.018223 13 storage/engine/rocksdb.go:120             Options.write_thread_slow_yield_usec: 3
I200407 19:12:30.030484 13 storage/engine/rocksdb.go:120                                Options.row_cache: None
I200407 19:12:30.030886 13 storage/engine/rocksdb.go:120                               Options.wal_filter: None
I200407 19:12:30.031178 13 storage/engine/rocksdb.go:120              Options.avoid_flush_during_recovery: 0
I200407 19:12:30.031423 13 storage/engine/rocksdb.go:120              Options.allow_ingest_behind: 0
I200407 19:12:30.031590 13 storage/engine/rocksdb.go:120              Options.preserve_deletes: 0
I200407 19:12:30.031626 13 storage/engine/rocksdb.go:120              Options.two_write_queues: 0
I200407 19:12:30.031757 13 storage/engine/rocksdb.go:120              Options.manual_wal_flush: 1
I200407 19:12:30.031788 13 storage/engine/rocksdb.go:120              Options.atomic_flush: 0
I200407 19:12:30.031825 13 storage/engine/rocksdb.go:120              Options.avoid_unnecessary_blocking_io: 0
I200407 19:12:30.031857 13 storage/engine/rocksdb.go:120              Options.max_background_jobs: 2
I200407 19:12:30.031956 13 storage/engine/rocksdb.go:120              Options.max_background_compactions: -1
I200407 19:12:30.056863 13 storage/engine/rocksdb.go:120              Options.avoid_flush_during_shutdown: 0
I200407 19:12:30.056893 13 storage/engine/rocksdb.go:120            Options.writable_file_max_buffer_size: 1048576
I200407 19:12:30.056923 13 storage/engine/rocksdb.go:120              Options.delayed_write_rate : 16777216
I200407 19:12:30.056996 13 storage/engine/rocksdb.go:120              Options.max_total_wal_size: 0
I200407 19:12:30.057030 13 storage/engine/rocksdb.go:120              Options.delete_obsolete_files_period_micros: 21600000000
I200407 19:12:30.057058 13 storage/engine/rocksdb.go:120                    Options.stats_dump_period_sec: 0
I200407 19:12:30.057228 13 storage/engine/rocksdb.go:120                  Options.stats_persist_period_sec: 600
I200407 19:12:30.057332 13 storage/engine/rocksdb.go:120                  Options.stats_history_buffer_size: 1048576
I200407 19:12:30.057402 13 storage/engine/rocksdb.go:120                           Options.max_open_files: 1043576
I200407 19:12:30.057438 13 storage/engine/rocksdb.go:120                           Options.bytes_per_sync: 524288
I200407 19:12:30.057572 13 storage/engine/rocksdb.go:120                       Options.wal_bytes_per_sync: 0
I200407 19:12:30.057615 13 storage/engine/rocksdb.go:120                    Options.strict_bytes_per_sync: 1
I200407 19:12:30.057802 13 storage/engine/rocksdb.go:120        Options.compaction_readahead_size: 0
I200407 19:12:30.057855 13 storage/engine/rocksdb.go:120  Compression algorithms supported:
I200407 19:12:30.057896 13 storage/engine/rocksdb.go:120  	kZSTDNotFinalCompression supported: 0
I200407 19:12:30.057939 13 storage/engine/rocksdb.go:120  	kZSTD supported: 0
I200407 19:12:30.057978 13 storage/engine/rocksdb.go:120  	kXpressCompression supported: 0
I200407 19:12:30.070039 13 storage/engine/rocksdb.go:120  	kLZ4HCCompression supported: 0
I200407 19:12:30.070858 13 storage/engine/rocksdb.go:120  	kLZ4Compression supported: 0
I200407 19:12:30.071207 13 storage/engine/rocksdb.go:120  	kBZip2Compression supported: 0
I200407 19:12:30.071374 13 storage/engine/rocksdb.go:120  	kZlibCompression supported: 0
I200407 19:12:30.071419 13 storage/engine/rocksdb.go:120  	kSnappyCompression supported: 1
I200407 19:12:30.071642 13 storage/engine/rocksdb.go:120  Fast CRC32 supported: Supported on x86
I200407 19:12:30.130838 13 storage/engine/rocksdb.go:120  [db/version_set.cc:4072] Recovering from manifest file: /cockroach/cockroach-data/MANIFEST-000416
I200407 19:12:30.135920 13 storage/engine/rocksdb.go:120  [db/column_family.cc:488] --------------- Options for column family [default]:
I200407 19:12:30.135964 13 storage/engine/rocksdb.go:120                Options.comparator: cockroach_comparator
I200407 19:12:30.135995 13 storage/engine/rocksdb.go:120            Options.merge_operator: cockroach_merge_operator
I200407 19:12:30.136023 13 storage/engine/rocksdb.go:120         Options.compaction_filter: None
I200407 19:12:30.136051 13 storage/engine/rocksdb.go:120         Options.compaction_filter_factory: None
I200407 19:12:30.136079 13 storage/engine/rocksdb.go:120          Options.memtable_factory: SkipListFactory
I200407 19:12:30.136107 13 storage/engine/rocksdb.go:120             Options.table_factory: BlockBasedTable
I200407 19:12:30.136175 13 storage/engine/rocksdb.go:120             table_factory options:   flush_block_policy_factory: FlushBlockBySizePolicyFactory (0x7f5af9c23028)
  cache_index_and_filter_blocks: 0
  cache_index_and_filter_blocks_with_high_priority: 0
  pin_l0_filter_and_index_blocks_in_cache: 0
  pin_top_level_index_and_filter: 1
  index_type: 0
  data_block_index_type: 0
  index_shortening: 1
  data_block_hash_table_util_ratio: 0.750000
  hash_index_allow_collision: 1
  checksum: 1
  no_block_cache: 0
  block_cache: 0x7f5af9c14010
  block_cache_name: LRUCache
  block_cache_options:
    capacity : 67108864
    num_shard_bits : 4
    strict_capacity_limit : 0
    memory_allocator : None
    high_pri_pool_ratio: 0.000
  block_cache_compressed: (nil)
  persistent_cache: (nil)
  block_size: 32768
  block_size_deviation: 10
  block_restart_interval: 16
  index_block_restart_interval: 1
  metadata_block_size: 4096
  partition_filters: 0
  use_delta_encoding: 1
  filter_policy: rocksdb.BuiltinBloomFilter
  whole_key_filtering: 0
  verify_compression: 0
  read_amp_bytes_per_bit: 0
  format_version: 2
  enable_index_compression: 1
  block_align: 0
I200407 19:12:30.136209 13 storage/engine/rocksdb.go:120         Options.write_buffer_size: 67108864
I200407 19:12:30.136240 13 storage/engine/rocksdb.go:120   Options.max_write_buffer_number: 4
I200407 19:12:30.136268 13 storage/engine/rocksdb.go:120           Options.compression: Snappy
I200407 19:12:30.136296 13 storage/engine/rocksdb.go:120                   Options.bottommost_compression: Disabled
I200407 19:12:30.136326 13 storage/engine/rocksdb.go:120        Options.prefix_extractor: cockroach_prefix_extractor
I200407 19:12:30.136355 13 storage/engine/rocksdb.go:120    Options.memtable_insert_with_hint_prefix_extractor: nullptr
I200407 19:12:30.136382 13 storage/engine/rocksdb.go:120              Options.num_levels: 7
I200407 19:12:30.136410 13 storage/engine/rocksdb.go:120         Options.min_write_buffer_number_to_merge: 1
I200407 19:12:30.136438 13 storage/engine/rocksdb.go:120      Options.max_write_buffer_number_to_maintain: 0
I200407 19:12:30.136467 13 storage/engine/rocksdb.go:120             Options.bottommost_compression_opts.window_bits: -14
I200407 19:12:30.136500 13 storage/engine/rocksdb.go:120                   Options.bottommost_compression_opts.level: 32767
I200407 19:12:30.136528 13 storage/engine/rocksdb.go:120                Options.bottommost_compression_opts.strategy: 0
I200407 19:12:30.136556 13 storage/engine/rocksdb.go:120          Options.bottommost_compression_opts.max_dict_bytes: 0
I200407 19:12:30.136584 13 storage/engine/rocksdb.go:120          Options.bottommost_compression_opts.zstd_max_train_bytes: 0
I200407 19:12:30.136612 13 storage/engine/rocksdb.go:120                   Options.bottommost_compression_opts.enabled: false
I200407 19:12:30.136638 13 storage/engine/rocksdb.go:120             Options.compression_opts.window_bits: -14
I200407 19:12:30.136660 13 storage/engine/rocksdb.go:120                   Options.compression_opts.level: 32767
I200407 19:12:30.136777 13 storage/engine/rocksdb.go:120                Options.compression_opts.strategy: 0
I200407 19:12:30.136809 13 storage/engine/rocksdb.go:120          Options.compression_opts.max_dict_bytes: 0
I200407 19:12:30.136837 13 storage/engine/rocksdb.go:120          Options.compression_opts.zstd_max_train_bytes: 0
I200407 19:12:30.136864 13 storage/engine/rocksdb.go:120                   Options.compression_opts.enabled: false
I200407 19:12:30.136924 13 storage/engine/rocksdb.go:120       Options.level0_file_num_compaction_trigger: 2
I200407 19:12:30.136954 13 storage/engine/rocksdb.go:120           Options.level0_slowdown_writes_trigger: 950
I200407 19:12:30.136982 13 storage/engine/rocksdb.go:120               Options.level0_stop_writes_trigger: 1000
I200407 19:12:30.137018 13 storage/engine/rocksdb.go:120                    Options.target_file_size_base: 4194304
I200407 19:12:30.137058 13 storage/engine/rocksdb.go:120              Options.target_file_size_multiplier: 2
I200407 19:12:30.137086 13 storage/engine/rocksdb.go:120                 Options.max_bytes_for_level_base: 67108864
I200407 19:12:30.137114 13 storage/engine/rocksdb.go:120  Options.level_compaction_dynamic_level_bytes: 1
I200407 19:12:30.137144 13 storage/engine/rocksdb.go:120           Options.max_bytes_for_level_multiplier: 10.000000
I200407 19:12:30.137173 13 storage/engine/rocksdb.go:120  Options.max_bytes_for_level_multiplier_addtl[0]: 1
I200407 19:12:30.137202 13 storage/engine/rocksdb.go:120  Options.max_bytes_for_level_multiplier_addtl[1]: 1
I200407 19:12:30.137230 13 storage/engine/rocksdb.go:120  Options.max_bytes_for_level_multiplier_addtl[2]: 1
I200407 19:12:30.137270 13 storage/engine/rocksdb.go:120  Options.max_bytes_for_level_multiplier_addtl[3]: 1
I200407 19:12:30.137360 13 storage/engine/rocksdb.go:120  Options.max_bytes_for_level_multiplier_addtl[4]: 1
I200407 19:12:30.137391 13 storage/engine/rocksdb.go:120  Options.max_bytes_for_level_multiplier_addtl[5]: 1
I200407 19:12:30.137419 13 storage/engine/rocksdb.go:120  Options.max_bytes_for_level_multiplier_addtl[6]: 1
I200407 19:12:30.137447 13 storage/engine/rocksdb.go:120        Options.max_sequential_skip_in_iterations: 8
I200407 19:12:30.137475 13 storage/engine/rocksdb.go:120                     Options.max_compaction_bytes: 104857600
I200407 19:12:30.137504 13 storage/engine/rocksdb.go:120                         Options.arena_block_size: 8388608
I200407 19:12:30.137532 13 storage/engine/rocksdb.go:120    Options.soft_pending_compaction_bytes_limit: 2199023255552
I200407 19:12:30.137560 13 storage/engine/rocksdb.go:120    Options.hard_pending_compaction_bytes_limit: 4400193994752
I200407 19:12:30.137588 13 storage/engine/rocksdb.go:120        Options.rate_limit_delay_max_milliseconds: 100
I200407 19:12:30.137616 13 storage/engine/rocksdb.go:120                 Options.disable_auto_compactions: 0
I200407 19:12:30.137647 13 storage/engine/rocksdb.go:120                         Options.compaction_style: kCompactionStyleLevel
I200407 19:12:30.137677 13 storage/engine/rocksdb.go:120                           Options.compaction_pri: kMinOverlappingRatio
I200407 19:12:30.137705 13 storage/engine/rocksdb.go:120  Options.compaction_options_universal.size_ratio: 1
I200407 19:12:30.137733 13 storage/engine/rocksdb.go:120  Options.compaction_options_universal.min_merge_width: 2
I200407 19:12:30.137760 13 storage/engine/rocksdb.go:120  Options.compaction_options_universal.max_merge_width: 4294967295
I200407 19:12:30.137869 13 storage/engine/rocksdb.go:120  Options.compaction_options_universal.max_size_amplification_percent: 200
I200407 19:12:30.137898 13 storage/engine/rocksdb.go:120  Options.compaction_options_universal.compression_size_percent: -1
I200407 19:12:30.137927 13 storage/engine/rocksdb.go:120  Options.compaction_options_universal.stop_style: kCompactionStopStyleTotalSize
I200407 19:12:30.137956 13 storage/engine/rocksdb.go:120  Options.compaction_options_fifo.max_table_files_size: 1073741824
I200407 19:12:30.137984 13 storage/engine/rocksdb.go:120  Options.compaction_options_fifo.allow_compaction: 0
I200407 19:12:30.138016 13 storage/engine/rocksdb.go:120                    Options.table_properties_collectors: TimeBoundTblPropCollectorFactory; DeleteRangeTblPropCollectorFactory; 
I200407 19:12:30.138047 13 storage/engine/rocksdb.go:120                    Options.inplace_update_support: 0
I200407 19:12:30.138075 13 storage/engine/rocksdb.go:120                  Options.inplace_update_num_locks: 10000
I200407 19:12:30.138105 13 storage/engine/rocksdb.go:120                Options.memtable_prefix_bloom_size_ratio: 0.000000
I200407 19:12:30.138133 13 storage/engine/rocksdb.go:120                Options.memtable_whole_key_filtering: 0
I200407 19:12:30.138158 13 storage/engine/rocksdb.go:120    Options.memtable_huge_page_size: 0
I200407 19:12:30.138186 13 storage/engine/rocksdb.go:120                            Options.bloom_locality: 0
I200407 19:12:30.138215 13 storage/engine/rocksdb.go:120                     Options.max_successive_merges: 0
I200407 19:12:30.138244 13 storage/engine/rocksdb.go:120                 Options.optimize_filters_for_hits: 1
I200407 19:12:30.138272 13 storage/engine/rocksdb.go:120                 Options.paranoid_file_checks: 0
I200407 19:12:30.138301 13 storage/engine/rocksdb.go:120                 Options.force_consistency_checks: 0
I200407 19:12:30.138334 13 storage/engine/rocksdb.go:120                 Options.report_bg_io_stats: 0
I200407 19:12:30.138362 13 storage/engine/rocksdb.go:120                                Options.ttl: 0
I200407 19:12:30.138390 13 storage/engine/rocksdb.go:120           Options.periodic_compaction_seconds: 0
I200407 19:12:30.196064 13 storage/engine/rocksdb.go:120  [db/version_set.cc:4286] Recovered from manifest file:/cockroach/cockroach-data/MANIFEST-000416 succeeded,manifest_file_number is 416, next_file_number is 428, last_sequence is 22696848, log_number is 413,prev_log_number is 0,max_column_family is 0,min_log_number_to_keep is 0
I200407 19:12:30.196121 13 storage/engine/rocksdb.go:120  [db/version_set.cc:4295] Column family [default] (ID 0), log number is 413
I200407 19:12:30.283969 13 storage/engine/rocksdb.go:120  EVENT_LOG_v1 {"time_micros": 1586286750283830, "job": 1, "event": "recovery_started", "log_files": [417]}
I200407 19:12:30.284045 13 storage/engine/rocksdb.go:120  [db/db_impl_open.cc:598] Recovering log #417 mode 0
I200407 19:12:36.032640 13 storage/engine/rocksdb.go:120  EVENT_LOG_v1 {"time_micros": 1586286756032370, "cf_name": "default", "job": 1, "event": "table_file_creation", "file_number": 428, "file_size": 369394, "table_properties": {"data_size": 354590, "index_size": 3795, "index_partitions": 0, "top_level_index_size": 0, "index_key_is_user_key": 0, "index_value_is_delta_encoded": 0, "filter_size": 11589, "raw_key_size": 359808, "raw_average_key_size": 33, "raw_value_size": 1919364, "raw_average_value_size": 179, "num_data_blocks": 64, "num_entries": 10692, "num_deletions": 6888, "num_merge_operands": 2656, "num_range_deletions": 2656, "format_version": 0, "fixed_key_len": 0, "filter_policy": "rocksdb.BuiltinBloomFilter", "column_family_name": "default", "column_family_id": 0, "comparator": "cockroach_comparator", "merge_operator": "cockroach_merge_operator", "prefix_extractor_name": "cockroach_prefix_extractor", "property_collectors": "[TimeBoundTblPropCollectorFactory,DeleteRangeTblPropCollectorFactory]", "compression": "Snappy", "compression_options": "window_bits=-14; level=32767; strategy=0; max_dict_bytes=0; zstd_max_train_bytes=0; enabled=0; ", "creation_time": 1586286753, "oldest_key_time": 3, "file_creation_time": 0}}
I200407 19:12:36.055080 13 storage/engine/rocksdb.go:120  [db/version_set.cc:3560] Creating manifest 429
I200407 19:12:36.083545 13 storage/engine/rocksdb.go:120  EVENT_LOG_v1 {"time_micros": 1586286756082271, "job": 1, "event": "recovery_finished"}
I200407 19:12:36.462987 13 storage/engine/rocksdb.go:120  DB pointer 0x7f5af9c9a000
I200407 19:12:55.891154 848 storage/engine/rocksdb.go:120  bloom filter utility:    -nan%
I200407 19:12:55.898332 848 storage/engine/rocksdb.go:120  [db/db_impl.cc:392] Shutdown: canceling all background work
I200407 19:12:55.939962 848 storage/engine/rocksdb.go:120  [db/db_impl.cc:565] Shutdown complete
I200407 19:12:56.083036 848 storage/engine/rocksdb.go:120  bloom filter utility:    44.0%
I200407 19:12:56.086463 848 storage/engine/rocksdb.go:120  [db/db_impl.cc:392] Shutdown: canceling all background work
I200407 19:12:56.110573 848 storage/engine/rocksdb.go:120  [db/db_impl.cc:565] Shutdown complete
