I200430 17:26:47.118507 22 util/log/clog.go:1196  [config] file created at: 2020/04/30 17:26:47
I200430 17:26:47.118507 22 util/log/clog.go:1196  [config] running on machine: d9d719c101d3
I200430 17:26:47.118507 22 util/log/clog.go:1196  [config] binary: CockroachDB CCL v19.2.5 (x86_64-unknown-linux-gnu, built 2020/03/16 18:27:12, go1.12.12)
I200430 17:26:47.118507 22 util/log/clog.go:1196  [config] arguments: [/cockroach/cockroach start --insecure]
I200430 17:26:47.118507 22 util/log/clog.go:1196  line format: [IWEF]yymmdd hh:mm:ss.uuuuuu goid file:line msg utf8=✓
I200430 17:26:47.118505 22 storage/engine/rocksdb.go:120  RocksDB version: 6.2.1
I200430 17:26:47.178181 22 storage/engine/rocksdb.go:120  Git sha rocksdb_build_git_sha:@b7009236531fa784872f4823eabf393501e41bf2@
I200430 17:26:47.178195 22 storage/engine/rocksdb.go:120  Compile date Mar 16 2020
I200430 17:26:47.178207 22 storage/engine/rocksdb.go:120  DB SUMMARY
I200430 17:26:47.199123 22 storage/engine/rocksdb.go:120  SST files in /cockroach/cockroach-data/cockroach-temp270210080 dir, Total Num: 0, files: 
I200430 17:26:47.569920 22 storage/engine/rocksdb.go:120  Write Ahead Log file in /cockroach/cockroach-data/cockroach-temp270210080: 
I200430 17:26:47.569939 22 storage/engine/rocksdb.go:120                          Options.error_if_exists: 0
I200430 17:26:47.569947 22 storage/engine/rocksdb.go:120                        Options.create_if_missing: 1
I200430 17:26:47.569954 22 storage/engine/rocksdb.go:120                          Options.paranoid_checks: 1
I200430 17:26:47.569960 22 storage/engine/rocksdb.go:120                                      Options.env: 0x75757a0
I200430 17:26:47.569966 22 storage/engine/rocksdb.go:120                                 Options.info_log: 0x7f612ea1c0e0
I200430 17:26:47.569971 22 storage/engine/rocksdb.go:120                 Options.max_file_opening_threads: 16
I200430 17:26:47.569977 22 storage/engine/rocksdb.go:120                               Options.statistics: 0x7f612ea33010
I200430 17:26:47.569982 22 storage/engine/rocksdb.go:120                                Options.use_fsync: 0
I200430 17:26:47.569988 22 storage/engine/rocksdb.go:120                        Options.max_log_file_size: 0
I200430 17:26:47.569993 22 storage/engine/rocksdb.go:120                   Options.max_manifest_file_size: 134217728
I200430 17:26:47.569998 22 storage/engine/rocksdb.go:120                    Options.log_file_time_to_roll: 0
I200430 17:26:47.570004 22 storage/engine/rocksdb.go:120                        Options.keep_log_file_num: 1000
I200430 17:26:47.570009 22 storage/engine/rocksdb.go:120                     Options.recycle_log_file_num: 1
I200430 17:26:47.570015 22 storage/engine/rocksdb.go:120                          Options.allow_fallocate: 1
I200430 17:26:47.570020 22 storage/engine/rocksdb.go:120                         Options.allow_mmap_reads: 0
I200430 17:26:47.570025 22 storage/engine/rocksdb.go:120                        Options.allow_mmap_writes: 0
I200430 17:26:47.570030 22 storage/engine/rocksdb.go:120                         Options.use_direct_reads: 0
I200430 17:26:47.570035 22 storage/engine/rocksdb.go:120                         Options.use_direct_io_for_flush_and_compaction: 0
I200430 17:26:47.570042 22 storage/engine/rocksdb.go:120           Options.create_missing_column_families: 0
I200430 17:26:47.570102 22 storage/engine/rocksdb.go:120                               Options.db_log_dir: 
I200430 17:26:47.570121 22 storage/engine/rocksdb.go:120                                  Options.wal_dir: /cockroach/cockroach-data/cockroach-temp270210080
I200430 17:26:47.570236 22 storage/engine/rocksdb.go:120                 Options.table_cache_numshardbits: 6
I200430 17:26:47.570255 22 storage/engine/rocksdb.go:120                       Options.max_subcompactions: 1
I200430 17:26:47.570268 22 storage/engine/rocksdb.go:120                   Options.max_background_flushes: -1
I200430 17:26:47.570283 22 storage/engine/rocksdb.go:120                          Options.WAL_ttl_seconds: 0
I200430 17:26:47.570360 22 storage/engine/rocksdb.go:120                        Options.WAL_size_limit_MB: 0
I200430 17:26:47.570373 22 storage/engine/rocksdb.go:120              Options.manifest_preallocation_size: 4194304
I200430 17:26:47.570407 22 storage/engine/rocksdb.go:120                      Options.is_fd_close_on_exec: 1
I200430 17:26:47.570437 22 storage/engine/rocksdb.go:120                    Options.advise_random_on_open: 1
I200430 17:26:47.570712 22 storage/engine/rocksdb.go:120                     Options.db_write_buffer_size: 0
I200430 17:26:47.570722 22 storage/engine/rocksdb.go:120                     Options.write_buffer_manager: 0x7f612ea19060
I200430 17:26:47.570750 22 storage/engine/rocksdb.go:120          Options.access_hint_on_compaction_start: 1
I200430 17:26:47.570762 22 storage/engine/rocksdb.go:120   Options.new_table_reader_for_compaction_inputs: 0
I200430 17:26:47.570773 22 storage/engine/rocksdb.go:120            Options.random_access_max_buffer_size: 1048576
I200430 17:26:47.570796 22 storage/engine/rocksdb.go:120                       Options.use_adaptive_mutex: 0
I200430 17:26:47.570811 22 storage/engine/rocksdb.go:120                             Options.rate_limiter: (nil)
I200430 17:26:47.570824 22 storage/engine/rocksdb.go:120      Options.sst_file_manager.rate_bytes_per_sec: 0
I200430 17:26:47.570835 22 storage/engine/rocksdb.go:120                        Options.wal_recovery_mode: 0
I200430 17:26:47.570845 22 storage/engine/rocksdb.go:120                   Options.enable_thread_tracking: 0
I200430 17:26:47.570864 22 storage/engine/rocksdb.go:120                   Options.enable_pipelined_write: 0
I200430 17:26:47.570877 22 storage/engine/rocksdb.go:120          Options.allow_concurrent_memtable_write: 1
I200430 17:26:47.570900 22 storage/engine/rocksdb.go:120       Options.enable_write_thread_adaptive_yield: 1
I200430 17:26:47.571024 22 storage/engine/rocksdb.go:120              Options.write_thread_max_yield_usec: 100
I200430 17:26:47.571041 22 storage/engine/rocksdb.go:120             Options.write_thread_slow_yield_usec: 3
I200430 17:26:47.571052 22 storage/engine/rocksdb.go:120                                Options.row_cache: None
I200430 17:26:47.571062 22 storage/engine/rocksdb.go:120                               Options.wal_filter: None
I200430 17:26:47.571070 22 storage/engine/rocksdb.go:120              Options.avoid_flush_during_recovery: 0
I200430 17:26:47.571079 22 storage/engine/rocksdb.go:120              Options.allow_ingest_behind: 0
I200430 17:26:47.571089 22 storage/engine/rocksdb.go:120              Options.preserve_deletes: 0
I200430 17:26:47.571098 22 storage/engine/rocksdb.go:120              Options.two_write_queues: 0
I200430 17:26:47.571109 22 storage/engine/rocksdb.go:120              Options.manual_wal_flush: 1
I200430 17:26:47.571120 22 storage/engine/rocksdb.go:120              Options.atomic_flush: 0
I200430 17:26:47.571131 22 storage/engine/rocksdb.go:120              Options.avoid_unnecessary_blocking_io: 0
I200430 17:26:47.571141 22 storage/engine/rocksdb.go:120              Options.max_background_jobs: 2
I200430 17:26:47.571165 22 storage/engine/rocksdb.go:120              Options.max_background_compactions: -1
I200430 17:26:47.571175 22 storage/engine/rocksdb.go:120              Options.avoid_flush_during_shutdown: 0
I200430 17:26:47.571184 22 storage/engine/rocksdb.go:120            Options.writable_file_max_buffer_size: 1048576
I200430 17:26:47.571194 22 storage/engine/rocksdb.go:120              Options.delayed_write_rate : 16777216
I200430 17:26:47.571203 22 storage/engine/rocksdb.go:120              Options.max_total_wal_size: 0
I200430 17:26:47.571213 22 storage/engine/rocksdb.go:120              Options.delete_obsolete_files_period_micros: 21600000000
I200430 17:26:47.571222 22 storage/engine/rocksdb.go:120                    Options.stats_dump_period_sec: 0
I200430 17:26:47.571232 22 storage/engine/rocksdb.go:120                  Options.stats_persist_period_sec: 600
I200430 17:26:47.571328 22 storage/engine/rocksdb.go:120                  Options.stats_history_buffer_size: 1048576
I200430 17:26:47.571346 22 storage/engine/rocksdb.go:120                           Options.max_open_files: 128
I200430 17:26:47.571356 22 storage/engine/rocksdb.go:120                           Options.bytes_per_sync: 524288
I200430 17:26:47.571370 22 storage/engine/rocksdb.go:120                       Options.wal_bytes_per_sync: 0
I200430 17:26:47.571397 22 storage/engine/rocksdb.go:120                    Options.strict_bytes_per_sync: 1
I200430 17:26:47.571409 22 storage/engine/rocksdb.go:120        Options.compaction_readahead_size: 0
I200430 17:26:47.571419 22 storage/engine/rocksdb.go:120  Compression algorithms supported:
I200430 17:26:47.571444 22 storage/engine/rocksdb.go:120  	kZSTDNotFinalCompression supported: 0
I200430 17:26:47.571455 22 storage/engine/rocksdb.go:120  	kZSTD supported: 0
I200430 17:26:47.571465 22 storage/engine/rocksdb.go:120  	kXpressCompression supported: 0
I200430 17:26:47.571474 22 storage/engine/rocksdb.go:120  	kLZ4HCCompression supported: 0
I200430 17:26:47.571564 22 storage/engine/rocksdb.go:120  	kLZ4Compression supported: 0
I200430 17:26:47.571578 22 storage/engine/rocksdb.go:120  	kBZip2Compression supported: 0
I200430 17:26:47.571587 22 storage/engine/rocksdb.go:120  	kZlibCompression supported: 0
I200430 17:26:47.571609 22 storage/engine/rocksdb.go:120  	kSnappyCompression supported: 1
I200430 17:26:47.571636 22 storage/engine/rocksdb.go:120  Fast CRC32 supported: Supported on x86
I200430 17:26:47.589404 22 storage/engine/rocksdb.go:120  [db/db_impl_open.cc:242] Creating manifest 1 
I200430 17:26:47.733117 22 storage/engine/rocksdb.go:120  [db/version_set.cc:4072] Recovering from manifest file: /cockroach/cockroach-data/cockroach-temp270210080/MANIFEST-000001
I200430 17:26:47.831970 22 storage/engine/rocksdb.go:120  [db/column_family.cc:488] --------------- Options for column family [default]:
I200430 17:26:47.832375 22 storage/engine/rocksdb.go:120                Options.comparator: cockroach_comparator
I200430 17:26:47.832399 22 storage/engine/rocksdb.go:120            Options.merge_operator: cockroach_merge_operator
I200430 17:26:47.832412 22 storage/engine/rocksdb.go:120         Options.compaction_filter: None
I200430 17:26:47.832421 22 storage/engine/rocksdb.go:120         Options.compaction_filter_factory: None
I200430 17:26:47.832432 22 storage/engine/rocksdb.go:120          Options.memtable_factory: SkipListFactory
I200430 17:26:47.832443 22 storage/engine/rocksdb.go:120             Options.table_factory: BlockBasedTable
I200430 17:26:47.832719 22 storage/engine/rocksdb.go:120             table_factory options:   flush_block_policy_factory: FlushBlockBySizePolicyFactory (0x7f612ea1d030)
  cache_index_and_filter_blocks: 0
  cache_index_and_filter_blocks_with_high_priority: 0
  pin_l0_filter_and_index_blocks_in_cache: 0
  pin_top_level_index_and_filter: 1
  index_type: 0
  data_block_index_type: 0
  index_shortening: 1
  data_block_hash_table_util_ratio: 0.750000
  hash_index_allow_collision: 1
  checksum: 1
  no_block_cache: 0
  block_cache: 0x7f613787a190
  block_cache_name: LRUCache
  block_cache_options:
    capacity : 1048576
    num_shard_bits : 4
    strict_capacity_limit : 0
    memory_allocator : None
    high_pri_pool_ratio: 0.000
  block_cache_compressed: (nil)
  persistent_cache: (nil)
  block_size: 32768
  block_size_deviation: 10
  block_restart_interval: 16
  index_block_restart_interval: 1
  metadata_block_size: 4096
  partition_filters: 0
  use_delta_encoding: 1
  filter_policy: rocksdb.BuiltinBloomFilter
  whole_key_filtering: 0
  verify_compression: 0
  read_amp_bytes_per_bit: 0
  format_version: 2
  enable_index_compression: 1
  block_align: 0
I200430 17:26:47.832741 22 storage/engine/rocksdb.go:120         Options.write_buffer_size: 67108864
I200430 17:26:47.832756 22 storage/engine/rocksdb.go:120   Options.max_write_buffer_number: 4
I200430 17:26:47.832767 22 storage/engine/rocksdb.go:120           Options.compression: Snappy
I200430 17:26:47.832777 22 storage/engine/rocksdb.go:120                   Options.bottommost_compression: Disabled
I200430 17:26:47.832859 22 storage/engine/rocksdb.go:120        Options.prefix_extractor: cockroach_prefix_extractor
I200430 17:26:47.832871 22 storage/engine/rocksdb.go:120    Options.memtable_insert_with_hint_prefix_extractor: nullptr
I200430 17:26:47.832880 22 storage/engine/rocksdb.go:120              Options.num_levels: 7
I200430 17:26:47.832890 22 storage/engine/rocksdb.go:120         Options.min_write_buffer_number_to_merge: 1
I200430 17:26:47.832900 22 storage/engine/rocksdb.go:120      Options.max_write_buffer_number_to_maintain: 0
I200430 17:26:47.832909 22 storage/engine/rocksdb.go:120             Options.bottommost_compression_opts.window_bits: -14
I200430 17:26:47.832919 22 storage/engine/rocksdb.go:120                   Options.bottommost_compression_opts.level: 32767
I200430 17:26:47.832929 22 storage/engine/rocksdb.go:120                Options.bottommost_compression_opts.strategy: 0
I200430 17:26:47.833009 22 storage/engine/rocksdb.go:120          Options.bottommost_compression_opts.max_dict_bytes: 0
I200430 17:26:47.833023 22 storage/engine/rocksdb.go:120          Options.bottommost_compression_opts.zstd_max_train_bytes: 0
I200430 17:26:47.833033 22 storage/engine/rocksdb.go:120                   Options.bottommost_compression_opts.enabled: false
I200430 17:26:47.833043 22 storage/engine/rocksdb.go:120             Options.compression_opts.window_bits: -14
I200430 17:26:47.833052 22 storage/engine/rocksdb.go:120                   Options.compression_opts.level: 32767
I200430 17:26:47.833061 22 storage/engine/rocksdb.go:120                Options.compression_opts.strategy: 0
I200430 17:26:47.833071 22 storage/engine/rocksdb.go:120          Options.compression_opts.max_dict_bytes: 0
I200430 17:26:47.833081 22 storage/engine/rocksdb.go:120          Options.compression_opts.zstd_max_train_bytes: 0
I200430 17:26:47.833162 22 storage/engine/rocksdb.go:120                   Options.compression_opts.enabled: false
I200430 17:26:47.833177 22 storage/engine/rocksdb.go:120       Options.level0_file_num_compaction_trigger: 2
I200430 17:26:47.833187 22 storage/engine/rocksdb.go:120           Options.level0_slowdown_writes_trigger: 950
I200430 17:26:47.833197 22 storage/engine/rocksdb.go:120               Options.level0_stop_writes_trigger: 1000
I200430 17:26:47.833207 22 storage/engine/rocksdb.go:120                    Options.target_file_size_base: 4194304
I200430 17:26:47.833216 22 storage/engine/rocksdb.go:120              Options.target_file_size_multiplier: 2
I200430 17:26:47.833227 22 storage/engine/rocksdb.go:120                 Options.max_bytes_for_level_base: 67108864
I200430 17:26:47.833310 22 storage/engine/rocksdb.go:120  Options.level_compaction_dynamic_level_bytes: 1
I200430 17:26:47.833334 22 storage/engine/rocksdb.go:120           Options.max_bytes_for_level_multiplier: 10.000000
I200430 17:26:47.833346 22 storage/engine/rocksdb.go:120  Options.max_bytes_for_level_multiplier_addtl[0]: 1
I200430 17:26:47.833356 22 storage/engine/rocksdb.go:120  Options.max_bytes_for_level_multiplier_addtl[1]: 1
I200430 17:26:47.833366 22 storage/engine/rocksdb.go:120  Options.max_bytes_for_level_multiplier_addtl[2]: 1
I200430 17:26:47.833376 22 storage/engine/rocksdb.go:120  Options.max_bytes_for_level_multiplier_addtl[3]: 1
I200430 17:26:47.833526 22 storage/engine/rocksdb.go:120  Options.max_bytes_for_level_multiplier_addtl[4]: 1
I200430 17:26:47.833541 22 storage/engine/rocksdb.go:120  Options.max_bytes_for_level_multiplier_addtl[5]: 1
I200430 17:26:47.833551 22 storage/engine/rocksdb.go:120  Options.max_bytes_for_level_multiplier_addtl[6]: 1
I200430 17:26:47.833562 22 storage/engine/rocksdb.go:120        Options.max_sequential_skip_in_iterations: 8
I200430 17:26:47.833572 22 storage/engine/rocksdb.go:120                     Options.max_compaction_bytes: 104857600
I200430 17:26:47.833592 22 storage/engine/rocksdb.go:120                         Options.arena_block_size: 8388608
I200430 17:26:47.833605 22 storage/engine/rocksdb.go:120    Options.soft_pending_compaction_bytes_limit: 2199023255552
I200430 17:26:47.833754 22 storage/engine/rocksdb.go:120    Options.hard_pending_compaction_bytes_limit: 4400193994752
I200430 17:26:47.833767 22 storage/engine/rocksdb.go:120        Options.rate_limit_delay_max_milliseconds: 100
I200430 17:26:47.833776 22 storage/engine/rocksdb.go:120                 Options.disable_auto_compactions: 0
I200430 17:26:47.833791 22 storage/engine/rocksdb.go:120                         Options.compaction_style: kCompactionStyleLevel
I200430 17:26:47.833802 22 storage/engine/rocksdb.go:120                           Options.compaction_pri: kMinOverlappingRatio
I200430 17:26:47.833811 22 storage/engine/rocksdb.go:120  Options.compaction_options_universal.size_ratio: 1
I200430 17:26:47.834261 22 storage/engine/rocksdb.go:120  Options.compaction_options_universal.min_merge_width: 2
I200430 17:26:47.834276 22 storage/engine/rocksdb.go:120  Options.compaction_options_universal.max_merge_width: 4294967295
I200430 17:26:47.834287 22 storage/engine/rocksdb.go:120  Options.compaction_options_universal.max_size_amplification_percent: 200
I200430 17:26:47.834298 22 storage/engine/rocksdb.go:120  Options.compaction_options_universal.compression_size_percent: -1
I200430 17:26:47.834312 22 storage/engine/rocksdb.go:120  Options.compaction_options_universal.stop_style: kCompactionStopStyleTotalSize
I200430 17:26:47.834324 22 storage/engine/rocksdb.go:120  Options.compaction_options_fifo.max_table_files_size: 1073741824
I200430 17:26:47.834525 22 storage/engine/rocksdb.go:120  Options.compaction_options_fifo.allow_compaction: 0
I200430 17:26:47.834550 22 storage/engine/rocksdb.go:120                    Options.table_properties_collectors: TimeBoundTblPropCollectorFactory; DeleteRangeTblPropCollectorFactory; 
I200430 17:26:47.834563 22 storage/engine/rocksdb.go:120                    Options.inplace_update_support: 0
I200430 17:26:47.834574 22 storage/engine/rocksdb.go:120                  Options.inplace_update_num_locks: 10000
I200430 17:26:47.834589 22 storage/engine/rocksdb.go:120                Options.memtable_prefix_bloom_size_ratio: 0.000000
I200430 17:26:47.834599 22 storage/engine/rocksdb.go:120                Options.memtable_whole_key_filtering: 0
I200430 17:26:47.834609 22 storage/engine/rocksdb.go:120    Options.memtable_huge_page_size: 0
I200430 17:26:47.834618 22 storage/engine/rocksdb.go:120                            Options.bloom_locality: 0
I200430 17:26:47.834628 22 storage/engine/rocksdb.go:120                     Options.max_successive_merges: 0
I200430 17:26:47.834638 22 storage/engine/rocksdb.go:120                 Options.optimize_filters_for_hits: 1
I200430 17:26:47.834649 22 storage/engine/rocksdb.go:120                 Options.paranoid_file_checks: 0
I200430 17:26:47.834659 22 storage/engine/rocksdb.go:120                 Options.force_consistency_checks: 0
I200430 17:26:47.834668 22 storage/engine/rocksdb.go:120                 Options.report_bg_io_stats: 0
I200430 17:26:47.834678 22 storage/engine/rocksdb.go:120                                Options.ttl: 0
I200430 17:26:47.834687 22 storage/engine/rocksdb.go:120           Options.periodic_compaction_seconds: 0
I200430 17:26:47.903081 22 storage/engine/rocksdb.go:120  [db/version_set.cc:4286] Recovered from manifest file:/cockroach/cockroach-data/cockroach-temp270210080/MANIFEST-000001 succeeded,manifest_file_number is 1, next_file_number is 3, last_sequence is 0, log_number is 0,prev_log_number is 0,max_column_family is 0,min_log_number_to_keep is 0
I200430 17:26:47.903121 22 storage/engine/rocksdb.go:120  [db/version_set.cc:4295] Column family [default] (ID 0), log number is 0
I200430 17:26:48.117267 22 storage/engine/rocksdb.go:120  DB pointer 0x7f612eaa0000
I200430 17:26:48.764774 22 storage/engine/rocksdb.go:120  RocksDB version: 6.2.1
I200430 17:26:48.764797 22 storage/engine/rocksdb.go:120  Git sha rocksdb_build_git_sha:@b7009236531fa784872f4823eabf393501e41bf2@
I200430 17:26:48.764810 22 storage/engine/rocksdb.go:120  Compile date Mar 16 2020
I200430 17:26:48.765365 22 storage/engine/rocksdb.go:120  DB SUMMARY
I200430 17:26:48.814779 22 storage/engine/rocksdb.go:120  CURRENT file:  CURRENT
I200430 17:26:48.814800 22 storage/engine/rocksdb.go:120  IDENTITY file:  IDENTITY
I200430 17:26:48.822301 22 storage/engine/rocksdb.go:120  MANIFEST file:  MANIFEST-002137 size: 1754 Bytes
I200430 17:26:48.822348 22 storage/engine/rocksdb.go:120  SST files in /cockroach/cockroach-data dir, Total Num: 5, files: 002141.sst 002142.sst 002143.sst 002144.sst 002145.sst 
I200430 17:26:48.822362 22 storage/engine/rocksdb.go:120  Write Ahead Log file in /cockroach/cockroach-data: 002138.log size: 21847319 ; 
I200430 17:26:48.822378 22 storage/engine/rocksdb.go:120                          Options.error_if_exists: 0
I200430 17:26:48.822532 22 storage/engine/rocksdb.go:120                        Options.create_if_missing: 1
I200430 17:26:48.822552 22 storage/engine/rocksdb.go:120                          Options.paranoid_checks: 1
I200430 17:26:48.822564 22 storage/engine/rocksdb.go:120                                      Options.env: 0x75757a0
I200430 17:26:48.822586 22 storage/engine/rocksdb.go:120                                 Options.info_log: 0x7f6137887f80
I200430 17:26:48.822600 22 storage/engine/rocksdb.go:120                 Options.max_file_opening_threads: 16
I200430 17:26:48.822612 22 storage/engine/rocksdb.go:120                               Options.statistics: 0x7f613781d8d0
I200430 17:26:48.822694 22 storage/engine/rocksdb.go:120                                Options.use_fsync: 0
I200430 17:26:48.822713 22 storage/engine/rocksdb.go:120                        Options.max_log_file_size: 0
I200430 17:26:48.822724 22 storage/engine/rocksdb.go:120                   Options.max_manifest_file_size: 134217728
I200430 17:26:48.822735 22 storage/engine/rocksdb.go:120                    Options.log_file_time_to_roll: 0
I200430 17:26:48.825741 22 storage/engine/rocksdb.go:120                        Options.keep_log_file_num: 1000
I200430 17:26:48.825796 22 storage/engine/rocksdb.go:120                     Options.recycle_log_file_num: 1
I200430 17:26:48.825900 22 storage/engine/rocksdb.go:120                          Options.allow_fallocate: 1
I200430 17:26:48.825920 22 storage/engine/rocksdb.go:120                         Options.allow_mmap_reads: 0
I200430 17:26:48.825938 22 storage/engine/rocksdb.go:120                        Options.allow_mmap_writes: 0
I200430 17:26:48.825957 22 storage/engine/rocksdb.go:120                         Options.use_direct_reads: 0
I200430 17:26:48.826133 22 storage/engine/rocksdb.go:120                         Options.use_direct_io_for_flush_and_compaction: 0
I200430 17:26:48.826158 22 storage/engine/rocksdb.go:120           Options.create_missing_column_families: 0
I200430 17:26:48.826304 22 storage/engine/rocksdb.go:120                               Options.db_log_dir: 
I200430 17:26:48.826325 22 storage/engine/rocksdb.go:120                                  Options.wal_dir: /cockroach/cockroach-data
I200430 17:26:48.826343 22 storage/engine/rocksdb.go:120                 Options.table_cache_numshardbits: 6
I200430 17:26:48.826502 22 storage/engine/rocksdb.go:120                       Options.max_subcompactions: 1
I200430 17:26:48.826526 22 storage/engine/rocksdb.go:120                   Options.max_background_flushes: -1
I200430 17:26:48.826660 22 storage/engine/rocksdb.go:120                          Options.WAL_ttl_seconds: 0
I200430 17:26:48.826688 22 storage/engine/rocksdb.go:120                        Options.WAL_size_limit_MB: 0
I200430 17:26:48.826708 22 storage/engine/rocksdb.go:120              Options.manifest_preallocation_size: 4194304
I200430 17:26:48.829946 22 storage/engine/rocksdb.go:120                      Options.is_fd_close_on_exec: 1
I200430 17:26:48.848001 22 storage/engine/rocksdb.go:120                    Options.advise_random_on_open: 1
I200430 17:26:48.848024 22 storage/engine/rocksdb.go:120                     Options.db_write_buffer_size: 0
I200430 17:26:48.848036 22 storage/engine/rocksdb.go:120                     Options.write_buffer_manager: 0x7f6137860cb0
I200430 17:26:48.848045 22 storage/engine/rocksdb.go:120          Options.access_hint_on_compaction_start: 1
I200430 17:26:48.848055 22 storage/engine/rocksdb.go:120   Options.new_table_reader_for_compaction_inputs: 0
I200430 17:26:48.848065 22 storage/engine/rocksdb.go:120            Options.random_access_max_buffer_size: 1048576
I200430 17:26:48.848075 22 storage/engine/rocksdb.go:120                       Options.use_adaptive_mutex: 0
I200430 17:26:48.848088 22 storage/engine/rocksdb.go:120                             Options.rate_limiter: (nil)
I200430 17:26:48.848100 22 storage/engine/rocksdb.go:120      Options.sst_file_manager.rate_bytes_per_sec: 0
I200430 17:26:48.848108 22 storage/engine/rocksdb.go:120                        Options.wal_recovery_mode: 0
I200430 17:26:48.848117 22 storage/engine/rocksdb.go:120                   Options.enable_thread_tracking: 0
I200430 17:26:48.848127 22 storage/engine/rocksdb.go:120                   Options.enable_pipelined_write: 0
I200430 17:26:48.848137 22 storage/engine/rocksdb.go:120          Options.allow_concurrent_memtable_write: 1
I200430 17:26:48.848147 22 storage/engine/rocksdb.go:120       Options.enable_write_thread_adaptive_yield: 1
I200430 17:26:48.848158 22 storage/engine/rocksdb.go:120              Options.write_thread_max_yield_usec: 100
I200430 17:26:48.848168 22 storage/engine/rocksdb.go:120             Options.write_thread_slow_yield_usec: 3
I200430 17:26:48.848178 22 storage/engine/rocksdb.go:120                                Options.row_cache: None
I200430 17:26:48.848187 22 storage/engine/rocksdb.go:120                               Options.wal_filter: None
I200430 17:26:48.848196 22 storage/engine/rocksdb.go:120              Options.avoid_flush_during_recovery: 0
I200430 17:26:48.848207 22 storage/engine/rocksdb.go:120              Options.allow_ingest_behind: 0
I200430 17:26:48.848221 22 storage/engine/rocksdb.go:120              Options.preserve_deletes: 0
I200430 17:26:48.848233 22 storage/engine/rocksdb.go:120              Options.two_write_queues: 0
I200430 17:26:48.848243 22 storage/engine/rocksdb.go:120              Options.manual_wal_flush: 1
I200430 17:26:48.848253 22 storage/engine/rocksdb.go:120              Options.atomic_flush: 0
I200430 17:26:48.848268 22 storage/engine/rocksdb.go:120              Options.avoid_unnecessary_blocking_io: 0
I200430 17:26:48.848280 22 storage/engine/rocksdb.go:120              Options.max_background_jobs: 2
I200430 17:26:48.848290 22 storage/engine/rocksdb.go:120              Options.max_background_compactions: -1
I200430 17:26:48.848304 22 storage/engine/rocksdb.go:120              Options.avoid_flush_during_shutdown: 0
I200430 17:26:48.848318 22 storage/engine/rocksdb.go:120            Options.writable_file_max_buffer_size: 1048576
I200430 17:26:48.848328 22 storage/engine/rocksdb.go:120              Options.delayed_write_rate : 16777216
I200430 17:26:48.848343 22 storage/engine/rocksdb.go:120              Options.max_total_wal_size: 0
I200430 17:26:48.848357 22 storage/engine/rocksdb.go:120              Options.delete_obsolete_files_period_micros: 21600000000
I200430 17:26:48.848366 22 storage/engine/rocksdb.go:120                    Options.stats_dump_period_sec: 0
I200430 17:26:48.848378 22 storage/engine/rocksdb.go:120                  Options.stats_persist_period_sec: 600
I200430 17:26:48.848391 22 storage/engine/rocksdb.go:120                  Options.stats_history_buffer_size: 1048576
I200430 17:26:48.848403 22 storage/engine/rocksdb.go:120                           Options.max_open_files: 1043576
I200430 17:26:48.848418 22 storage/engine/rocksdb.go:120                           Options.bytes_per_sync: 524288
I200430 17:26:48.852424 22 storage/engine/rocksdb.go:120                       Options.wal_bytes_per_sync: 0
I200430 17:26:48.854940 22 storage/engine/rocksdb.go:120                    Options.strict_bytes_per_sync: 1
I200430 17:26:48.854964 22 storage/engine/rocksdb.go:120        Options.compaction_readahead_size: 0
I200430 17:26:48.854977 22 storage/engine/rocksdb.go:120  Compression algorithms supported:
I200430 17:26:48.854987 22 storage/engine/rocksdb.go:120  	kZSTDNotFinalCompression supported: 0
I200430 17:26:48.854997 22 storage/engine/rocksdb.go:120  	kZSTD supported: 0
I200430 17:26:48.855006 22 storage/engine/rocksdb.go:120  	kXpressCompression supported: 0
I200430 17:26:48.855015 22 storage/engine/rocksdb.go:120  	kLZ4HCCompression supported: 0
I200430 17:26:48.855024 22 storage/engine/rocksdb.go:120  	kLZ4Compression supported: 0
I200430 17:26:48.855033 22 storage/engine/rocksdb.go:120  	kBZip2Compression supported: 0
I200430 17:26:48.855041 22 storage/engine/rocksdb.go:120  	kZlibCompression supported: 0
I200430 17:26:48.855050 22 storage/engine/rocksdb.go:120  	kSnappyCompression supported: 1
I200430 17:26:48.855079 22 storage/engine/rocksdb.go:120  Fast CRC32 supported: Supported on x86
I200430 17:26:48.955151 22 storage/engine/rocksdb.go:120  [db/version_set.cc:4072] Recovering from manifest file: /cockroach/cockroach-data/MANIFEST-002137
I200430 17:26:48.995433 22 storage/engine/rocksdb.go:120  [db/column_family.cc:488] --------------- Options for column family [default]:
I200430 17:26:48.995458 22 storage/engine/rocksdb.go:120                Options.comparator: cockroach_comparator
I200430 17:26:48.995499 22 storage/engine/rocksdb.go:120            Options.merge_operator: cockroach_merge_operator
I200430 17:26:48.995512 22 storage/engine/rocksdb.go:120         Options.compaction_filter: None
I200430 17:26:48.995522 22 storage/engine/rocksdb.go:120         Options.compaction_filter_factory: None
I200430 17:26:48.995533 22 storage/engine/rocksdb.go:120          Options.memtable_factory: SkipListFactory
I200430 17:26:48.995544 22 storage/engine/rocksdb.go:120             Options.table_factory: BlockBasedTable
I200430 17:26:48.995615 22 storage/engine/rocksdb.go:120             table_factory options:   flush_block_policy_factory: FlushBlockBySizePolicyFactory (0x7f6137824038)
  cache_index_and_filter_blocks: 0
  cache_index_and_filter_blocks_with_high_priority: 0
  pin_l0_filter_and_index_blocks_in_cache: 0
  pin_top_level_index_and_filter: 1
  index_type: 0
  data_block_index_type: 0
  index_shortening: 1
  data_block_hash_table_util_ratio: 0.750000
  hash_index_allow_collision: 1
  checksum: 1
  no_block_cache: 0
  block_cache: 0x7f6131a14010
  block_cache_name: LRUCache
  block_cache_options:
    capacity : 67108864
    num_shard_bits : 4
    strict_capacity_limit : 0
    memory_allocator : None
    high_pri_pool_ratio: 0.000
  block_cache_compressed: (nil)
  persistent_cache: (nil)
  block_size: 32768
  block_size_deviation: 10
  block_restart_interval: 16
  index_block_restart_interval: 1
  metadata_block_size: 4096
  partition_filters: 0
  use_delta_encoding: 1
  filter_policy: rocksdb.BuiltinBloomFilter
  whole_key_filtering: 0
  verify_compression: 0
  read_amp_bytes_per_bit: 0
  format_version: 2
  enable_index_compression: 1
  block_align: 0
I200430 17:26:48.995632 22 storage/engine/rocksdb.go:120         Options.write_buffer_size: 67108864
I200430 17:26:48.995647 22 storage/engine/rocksdb.go:120   Options.max_write_buffer_number: 4
I200430 17:26:48.995657 22 storage/engine/rocksdb.go:120           Options.compression: Snappy
I200430 17:26:48.995666 22 storage/engine/rocksdb.go:120                   Options.bottommost_compression: Disabled
I200430 17:26:48.995677 22 storage/engine/rocksdb.go:120        Options.prefix_extractor: cockroach_prefix_extractor
I200430 17:26:48.995686 22 storage/engine/rocksdb.go:120    Options.memtable_insert_with_hint_prefix_extractor: nullptr
I200430 17:26:48.995696 22 storage/engine/rocksdb.go:120              Options.num_levels: 7
I200430 17:26:48.995705 22 storage/engine/rocksdb.go:120         Options.min_write_buffer_number_to_merge: 1
I200430 17:26:48.995725 22 storage/engine/rocksdb.go:120      Options.max_write_buffer_number_to_maintain: 0
I200430 17:26:48.995735 22 storage/engine/rocksdb.go:120             Options.bottommost_compression_opts.window_bits: -14
I200430 17:26:48.995745 22 storage/engine/rocksdb.go:120                   Options.bottommost_compression_opts.level: 32767
I200430 17:26:48.995755 22 storage/engine/rocksdb.go:120                Options.bottommost_compression_opts.strategy: 0
I200430 17:26:48.995765 22 storage/engine/rocksdb.go:120          Options.bottommost_compression_opts.max_dict_bytes: 0
I200430 17:26:48.995775 22 storage/engine/rocksdb.go:120          Options.bottommost_compression_opts.zstd_max_train_bytes: 0
I200430 17:26:48.995784 22 storage/engine/rocksdb.go:120                   Options.bottommost_compression_opts.enabled: false
I200430 17:26:48.995792 22 storage/engine/rocksdb.go:120             Options.compression_opts.window_bits: -14
I200430 17:26:48.995801 22 storage/engine/rocksdb.go:120                   Options.compression_opts.level: 32767
I200430 17:26:48.995811 22 storage/engine/rocksdb.go:120                Options.compression_opts.strategy: 0
I200430 17:26:48.995819 22 storage/engine/rocksdb.go:120          Options.compression_opts.max_dict_bytes: 0
I200430 17:26:48.995828 22 storage/engine/rocksdb.go:120          Options.compression_opts.zstd_max_train_bytes: 0
I200430 17:26:48.995838 22 storage/engine/rocksdb.go:120                   Options.compression_opts.enabled: false
I200430 17:26:48.995848 22 storage/engine/rocksdb.go:120       Options.level0_file_num_compaction_trigger: 2
I200430 17:26:48.995857 22 storage/engine/rocksdb.go:120           Options.level0_slowdown_writes_trigger: 950
I200430 17:26:48.995868 22 storage/engine/rocksdb.go:120               Options.level0_stop_writes_trigger: 1000
I200430 17:26:48.995877 22 storage/engine/rocksdb.go:120                    Options.target_file_size_base: 4194304
I200430 17:26:48.995887 22 storage/engine/rocksdb.go:120              Options.target_file_size_multiplier: 2
I200430 17:26:48.995897 22 storage/engine/rocksdb.go:120                 Options.max_bytes_for_level_base: 67108864
I200430 17:26:48.995906 22 storage/engine/rocksdb.go:120  Options.level_compaction_dynamic_level_bytes: 1
I200430 17:26:48.995926 22 storage/engine/rocksdb.go:120           Options.max_bytes_for_level_multiplier: 10.000000
I200430 17:26:48.995937 22 storage/engine/rocksdb.go:120  Options.max_bytes_for_level_multiplier_addtl[0]: 1
I200430 17:26:48.995947 22 storage/engine/rocksdb.go:120  Options.max_bytes_for_level_multiplier_addtl[1]: 1
I200430 17:26:48.995956 22 storage/engine/rocksdb.go:120  Options.max_bytes_for_level_multiplier_addtl[2]: 1
I200430 17:26:48.995966 22 storage/engine/rocksdb.go:120  Options.max_bytes_for_level_multiplier_addtl[3]: 1
I200430 17:26:48.995977 22 storage/engine/rocksdb.go:120  Options.max_bytes_for_level_multiplier_addtl[4]: 1
I200430 17:26:48.995988 22 storage/engine/rocksdb.go:120  Options.max_bytes_for_level_multiplier_addtl[5]: 1
I200430 17:26:48.995997 22 storage/engine/rocksdb.go:120  Options.max_bytes_for_level_multiplier_addtl[6]: 1
I200430 17:26:48.996007 22 storage/engine/rocksdb.go:120        Options.max_sequential_skip_in_iterations: 8
I200430 17:26:48.996017 22 storage/engine/rocksdb.go:120                     Options.max_compaction_bytes: 104857600
I200430 17:26:48.996027 22 storage/engine/rocksdb.go:120                         Options.arena_block_size: 8388608
I200430 17:26:48.996037 22 storage/engine/rocksdb.go:120    Options.soft_pending_compaction_bytes_limit: 2199023255552
I200430 17:26:48.996047 22 storage/engine/rocksdb.go:120    Options.hard_pending_compaction_bytes_limit: 4400193994752
I200430 17:26:48.996057 22 storage/engine/rocksdb.go:120        Options.rate_limit_delay_max_milliseconds: 100
I200430 17:26:48.996066 22 storage/engine/rocksdb.go:120                 Options.disable_auto_compactions: 0
I200430 17:26:48.996079 22 storage/engine/rocksdb.go:120                         Options.compaction_style: kCompactionStyleLevel
I200430 17:26:48.996099 22 storage/engine/rocksdb.go:120                           Options.compaction_pri: kMinOverlappingRatio
I200430 17:26:48.996108 22 storage/engine/rocksdb.go:120  Options.compaction_options_universal.size_ratio: 1
I200430 17:26:48.996117 22 storage/engine/rocksdb.go:120  Options.compaction_options_universal.min_merge_width: 2
I200430 17:26:48.996127 22 storage/engine/rocksdb.go:120  Options.compaction_options_universal.max_merge_width: 4294967295
I200430 17:26:48.996152 22 storage/engine/rocksdb.go:120  Options.compaction_options_universal.max_size_amplification_percent: 200
I200430 17:26:48.996555 22 storage/engine/rocksdb.go:120  Options.compaction_options_universal.compression_size_percent: -1
I200430 17:26:48.996570 22 storage/engine/rocksdb.go:120  Options.compaction_options_universal.stop_style: kCompactionStopStyleTotalSize
I200430 17:26:48.996580 22 storage/engine/rocksdb.go:120  Options.compaction_options_fifo.max_table_files_size: 1073741824
I200430 17:26:48.996590 22 storage/engine/rocksdb.go:120  Options.compaction_options_fifo.allow_compaction: 0
I200430 17:26:48.996773 22 storage/engine/rocksdb.go:120                    Options.table_properties_collectors: TimeBoundTblPropCollectorFactory; DeleteRangeTblPropCollectorFactory; 
I200430 17:26:48.996791 22 storage/engine/rocksdb.go:120                    Options.inplace_update_support: 0
I200430 17:26:48.996802 22 storage/engine/rocksdb.go:120                  Options.inplace_update_num_locks: 10000
I200430 17:26:48.996814 22 storage/engine/rocksdb.go:120                Options.memtable_prefix_bloom_size_ratio: 0.000000
I200430 17:26:48.996826 22 storage/engine/rocksdb.go:120                Options.memtable_whole_key_filtering: 0
I200430 17:26:48.996836 22 storage/engine/rocksdb.go:120    Options.memtable_huge_page_size: 0
I200430 17:26:48.997540 22 storage/engine/rocksdb.go:120                            Options.bloom_locality: 0
I200430 17:26:48.997554 22 storage/engine/rocksdb.go:120                     Options.max_successive_merges: 0
I200430 17:26:48.997564 22 storage/engine/rocksdb.go:120                 Options.optimize_filters_for_hits: 1
I200430 17:26:48.997574 22 storage/engine/rocksdb.go:120                 Options.paranoid_file_checks: 0
I200430 17:26:48.997613 22 storage/engine/rocksdb.go:120                 Options.force_consistency_checks: 0
I200430 17:26:48.997627 22 storage/engine/rocksdb.go:120                 Options.report_bg_io_stats: 0
I200430 17:26:48.997639 22 storage/engine/rocksdb.go:120                                Options.ttl: 0
I200430 17:26:48.997907 22 storage/engine/rocksdb.go:120           Options.periodic_compaction_seconds: 0
I200430 17:26:49.296954 22 storage/engine/rocksdb.go:120  [db/version_set.cc:4286] Recovered from manifest file:/cockroach/cockroach-data/MANIFEST-002137 succeeded,manifest_file_number is 2137, next_file_number is 2147, last_sequence is 70149443, log_number is 2136,prev_log_number is 0,max_column_family is 0,min_log_number_to_keep is 0
I200430 17:26:49.296985 22 storage/engine/rocksdb.go:120  [db/version_set.cc:4295] Column family [default] (ID 0), log number is 2136
I200430 17:26:49.385246 22 storage/engine/rocksdb.go:120  EVENT_LOG_v1 {"time_micros": 1588267609384998, "job": 1, "event": "recovery_started", "log_files": [2138]}
I200430 17:26:49.385275 22 storage/engine/rocksdb.go:120  [db/db_impl_open.cc:598] Recovering log #2138 mode 0
I200430 17:26:56.386334 22 storage/engine/rocksdb.go:120  EVENT_LOG_v1 {"time_micros": 1588267616386162, "cf_name": "default", "job": 1, "event": "table_file_creation", "file_number": 2147, "file_size": 527438, "table_properties": {"data_size": 500601, "index_size": 5182, "index_partitions": 0, "top_level_index_size": 0, "index_key_is_user_key": 0, "index_value_is_delta_encoded": 0, "filter_size": 23237, "raw_key_size": 961695, "raw_average_key_size": 51, "raw_value_size": 2413165, "raw_average_value_size": 128, "num_data_blocks": 84, "num_entries": 18792, "num_deletions": 15311, "num_merge_operands": 2758, "num_range_deletions": 2758, "format_version": 0, "fixed_key_len": 0, "filter_policy": "rocksdb.BuiltinBloomFilter", "column_family_name": "default", "column_family_id": 0, "comparator": "cockroach_comparator", "merge_operator": "cockroach_merge_operator", "prefix_extractor_name": "cockroach_prefix_extractor", "property_collectors": "[TimeBoundTblPropCollectorFactory,DeleteRangeTblPropCollectorFactory]", "compression": "Snappy", "compression_options": "window_bits=-14; level=32767; strategy=0; max_dict_bytes=0; zstd_max_train_bytes=0; enabled=0; ", "creation_time": 1588267614, "oldest_key_time": 3, "file_creation_time": 0}}
I200430 17:26:56.426824 22 storage/engine/rocksdb.go:120  [db/version_set.cc:3560] Creating manifest 2148
I200430 17:26:56.468825 22 storage/engine/rocksdb.go:120  EVENT_LOG_v1 {"time_micros": 1588267616468754, "job": 1, "event": "recovery_finished"}
I200430 17:26:56.602392 17 storage/engine/rocksdb.go:120  [db/compaction_job.cc:1647] [default] [JOB 3] Compacting 1@0 + 5@6 files to L6, score 0.00
I200430 17:26:56.602487 17 storage/engine/rocksdb.go:120  [db/compaction_job.cc:1651] [default] Compaction start summary: Base version 2 Base level 0, inputs: [2147(515KB)], [2141(4112KB) 2142(4114KB) 2143(4122KB) 2144(4123KB) 2145(2500KB)]
I200430 17:26:56.602607 17 storage/engine/rocksdb.go:120  EVENT_LOG_v1 {"time_micros": 1588267616602559, "job": 3, "event": "compaction_started", "compaction_reason": "ManualCompaction", "files_L0": [2147], "files_L6": [2141, 2142, 2143, 2144, 2145], "score": 0, "input_data_size": 19956574}
I200430 17:26:56.661342 22 storage/engine/rocksdb.go:120  DB pointer 0x7f613796d000
I200430 17:26:58.541093 17 storage/engine/rocksdb.go:120  [db/compaction_job.cc:1334] [default] [JOB 3] Generated table #2152: 10874 keys, 4218934 bytes
I200430 17:26:58.541317 17 storage/engine/rocksdb.go:120  EVENT_LOG_v1 {"time_micros": 1588267618541137, "cf_name": "default", "job": 3, "event": "table_file_creation", "file_number": 2152, "file_size": 4218934, "table_properties": {"data_size": 4204468, "index_size": 51443, "index_partitions": 0, "top_level_index_size": 0, "index_key_is_user_key": 0, "index_value_is_delta_encoded": 0, "filter_size": 0, "raw_key_size": 549428, "raw_average_key_size": 50, "raw_value_size": 24115797, "raw_average_value_size": 2217, "num_data_blocks": 777, "num_entries": 10874, "num_deletions": 0, "num_merge_operands": 0, "num_range_deletions": 0, "format_version": 0, "fixed_key_len": 0, "filter_policy": "rocksdb.BuiltinBloomFilter", "column_family_name": "default", "column_family_id": 0, "comparator": "cockroach_comparator", "merge_operator": "cockroach_merge_operator", "prefix_extractor_name": "cockroach_prefix_extractor", "property_collectors": "[TimeBoundTblPropCollectorFactory,DeleteRangeTblPropCollectorFactory]", "compression": "Snappy", "compression_options": "window_bits=-14; level=32767; strategy=0; max_dict_bytes=0; zstd_max_train_bytes=0; enabled=0; ", "creation_time": 1588267614, "oldest_key_time": 0, "file_creation_time": 1588267616}}
I200430 17:27:02.483836 17 storage/engine/rocksdb.go:120  [db/compaction_job.cc:1334] [default] [JOB 3] Generated table #2153: 12377 keys, 4211795 bytes
I200430 17:27:02.483986 17 storage/engine/rocksdb.go:120  EVENT_LOG_v1 {"time_micros": 1588267622483900, "cf_name": "default", "job": 3, "event": "table_file_creation", "file_number": 2153, "file_size": 4211795, "table_properties": {"data_size": 4195332, "index_size": 64743, "index_partitions": 0, "top_level_index_size": 0, "index_key_is_user_key": 0, "index_value_is_delta_encoded": 0, "filter_size": 0, "raw_key_size": 707947, "raw_average_key_size": 57, "raw_value_size": 28978538, "raw_average_value_size": 2341, "num_data_blocks": 926, "num_entries": 12377, "num_deletions": 0, "num_merge_operands": 0, "num_range_deletions": 0, "format_version": 0, "fixed_key_len": 0, "filter_policy": "rocksdb.BuiltinBloomFilter", "column_family_name": "default", "column_family_id": 0, "comparator": "cockroach_comparator", "merge_operator": "cockroach_merge_operator", "prefix_extractor_name": "cockroach_prefix_extractor", "property_collectors": "[TimeBoundTblPropCollectorFactory,DeleteRangeTblPropCollectorFactory]", "compression": "Snappy", "compression_options": "window_bits=-14; level=32767; strategy=0; max_dict_bytes=0; zstd_max_train_bytes=0; enabled=0; ", "creation_time": 1588267614, "oldest_key_time": 0, "file_creation_time": 1588267618}}
I200430 17:27:08.288906 17 storage/engine/rocksdb.go:120  [db/compaction_job.cc:1334] [default] [JOB 3] Generated table #2154: 17254 keys, 4225992 bytes
I200430 17:27:08.289047 17 storage/engine/rocksdb.go:120  EVENT_LOG_v1 {"time_micros": 1588267628288952, "cf_name": "default", "job": 3, "event": "table_file_creation", "file_number": 2154, "file_size": 4225992, "table_properties": {"data_size": 4205004, "index_size": 81834, "index_partitions": 0, "top_level_index_size": 0, "index_key_is_user_key": 0, "index_value_is_delta_encoded": 0, "filter_size": 0, "raw_key_size": 960588, "raw_average_key_size": 55, "raw_value_size": 37187917, "raw_average_value_size": 2155, "num_data_blocks": 1198, "num_entries": 17254, "num_deletions": 0, "num_merge_operands": 0, "num_range_deletions": 0, "format_version": 0, "fixed_key_len": 0, "filter_policy": "rocksdb.BuiltinBloomFilter", "column_family_name": "default", "column_family_id": 0, "comparator": "cockroach_comparator", "merge_operator": "cockroach_merge_operator", "prefix_extractor_name": "cockroach_prefix_extractor", "property_collectors": "[TimeBoundTblPropCollectorFactory,DeleteRangeTblPropCollectorFactory]", "compression": "Snappy", "compression_options": "window_bits=-14; level=32767; strategy=0; max_dict_bytes=0; zstd_max_train_bytes=0; enabled=0; ", "creation_time": 1588267614, "oldest_key_time": 0, "file_creation_time": 1588267622}}
I200430 17:27:11.728949 17 storage/engine/rocksdb.go:120  [db/compaction_job.cc:1334] [default] [JOB 3] Generated table #2155: 15657 keys, 3699395 bytes
I200430 17:27:11.729075 17 storage/engine/rocksdb.go:120  EVENT_LOG_v1 {"time_micros": 1588267631728993, "cf_name": "default", "job": 3, "event": "table_file_creation", "file_number": 2155, "file_size": 3699395, "table_properties": {"data_size": 3682223, "index_size": 58710, "index_partitions": 0, "top_level_index_size": 0, "index_key_is_user_key": 0, "index_value_is_delta_encoded": 0, "filter_size": 0, "raw_key_size": 832217, "raw_average_key_size": 53, "raw_value_size": 27933584, "raw_average_value_size": 1784, "num_data_blocks": 899, "num_entries": 15657, "num_deletions": 0, "num_merge_operands": 0, "num_range_deletions": 0, "format_version": 0, "fixed_key_len": 0, "filter_policy": "rocksdb.BuiltinBloomFilter", "column_family_name": "default", "column_family_id": 0, "comparator": "cockroach_comparator", "merge_operator": "cockroach_merge_operator", "prefix_extractor_name": "cockroach_prefix_extractor", "property_collectors": "[TimeBoundTblPropCollectorFactory,DeleteRangeTblPropCollectorFactory]", "compression": "Snappy", "compression_options": "window_bits=-14; level=32767; strategy=0; max_dict_bytes=0; zstd_max_train_bytes=0; enabled=0; ", "creation_time": 1588267614, "oldest_key_time": 0, "file_creation_time": 1588267628}}
I200430 17:27:12.007983 17 storage/engine/rocksdb.go:120  [db/compaction_job.cc:1397] [default] [JOB 3] Compacted 1@0 + 5@6 files to L6 => 16356116 bytes
I200430 17:27:12.038244 17 storage/engine/rocksdb.go:120  (Original Log Time 2020/04/30-17:27:12.014934) [db/compaction_job.cc:770] [default] compacted to: base level 6 level multiplier 10.00 max bytes base 67108864 files[0 0 0 0 0 0 4] max score 0.00, MB/sec: 1.3 rd, 1.1 wr, level 6, files in(1, 5) out(4) MB in(0.5, 18.5) out(15.6), read-write-amplify(68.8) write-amplify(31.0) OK, records in: 85913, records dropped: 28292 output_compression: Snappy
I200430 17:27:12.038449 17 storage/engine/rocksdb.go:120  (Original Log Time 2020/04/30-17:27:12.023567) EVENT_LOG_v1 {"time_micros": 1588267632023171, "job": 3, "event": "compaction_finished", "compaction_time_micros": 15130639, "compaction_time_cpu_micros": 775455, "output_level": 6, "num_output_files": 4, "total_output_size": 16356116, "num_input_records": 84454, "num_output_records": 56162, "num_subcompactions": 1, "output_compression": "Snappy", "num_single_delete_mismatches": 0, "num_single_delete_fallthrough": 0, "lsm_state": [0, 0, 0, 0, 0, 0, 4]}
I200430 17:27:12.158785 17 storage/engine/rocksdb.go:120  EVENT_LOG_v1 {"time_micros": 1588267632088262, "job": 3, "event": "table_file_deletion", "file_number": 2147}
I200430 17:27:12.179493 17 storage/engine/rocksdb.go:120  EVENT_LOG_v1 {"time_micros": 1588267632179428, "job": 3, "event": "table_file_deletion", "file_number": 2145}
I200430 17:27:12.218028 17 storage/engine/rocksdb.go:120  EVENT_LOG_v1 {"time_micros": 1588267632217956, "job": 3, "event": "table_file_deletion", "file_number": 2144}
I200430 17:27:12.282239 17 storage/engine/rocksdb.go:120  EVENT_LOG_v1 {"time_micros": 1588267632281962, "job": 3, "event": "table_file_deletion", "file_number": 2143}
I200430 17:27:12.360946 17 storage/engine/rocksdb.go:120  EVENT_LOG_v1 {"time_micros": 1588267632352051, "job": 3, "event": "table_file_deletion", "file_number": 2142}
I200430 17:27:12.388160 17 storage/engine/rocksdb.go:120  EVENT_LOG_v1 {"time_micros": 1588267632383507, "job": 3, "event": "table_file_deletion", "file_number": 2141}
I200430 17:33:16.668768 6956 storage/engine/rocksdb.go:120  bloom filter utility:    -nan%
I200430 17:33:16.674551 6956 storage/engine/rocksdb.go:120  [db/db_impl.cc:392] Shutdown: canceling all background work
I200430 17:33:16.764531 6956 storage/engine/rocksdb.go:120  [db/db_impl.cc:565] Shutdown complete
I200430 17:33:16.936823 6956 storage/engine/rocksdb.go:120  bloom filter utility:    42.8%
I200430 17:33:16.937614 6956 storage/engine/rocksdb.go:120  [db/db_impl.cc:392] Shutdown: canceling all background work
I200430 17:33:16.972891 6956 storage/engine/rocksdb.go:120  [db/db_impl.cc:565] Shutdown complete
