I200407 19:28:02.549356 7 util/log/clog.go:1196  [config] file created at: 2020/04/07 19:28:02
I200407 19:28:02.549356 7 util/log/clog.go:1196  [config] running on machine: e27b7fe17789
I200407 19:28:02.549356 7 util/log/clog.go:1196  [config] binary: CockroachDB CCL v19.2.5 (x86_64-unknown-linux-gnu, built 2020/03/16 18:27:12, go1.12.12)
I200407 19:28:02.549356 7 util/log/clog.go:1196  [config] arguments: [/cockroach/cockroach start --insecure]
I200407 19:28:02.549356 7 util/log/clog.go:1196  line format: [IWEF]yymmdd hh:mm:ss.uuuuuu goid file:line msg utf8=✓
I200407 19:28:02.549334 7 storage/engine/rocksdb.go:120  RocksDB version: 6.2.1
I200407 19:28:02.660927 7 storage/engine/rocksdb.go:120  Git sha rocksdb_build_git_sha:@b7009236531fa784872f4823eabf393501e41bf2@
I200407 19:28:02.660966 7 storage/engine/rocksdb.go:120  Compile date Mar 16 2020
I200407 19:28:02.661002 7 storage/engine/rocksdb.go:120  DB SUMMARY
I200407 19:28:02.671984 7 storage/engine/rocksdb.go:120  SST files in /cockroach/cockroach-data/cockroach-temp070633488 dir, Total Num: 0, files: 
I200407 19:28:02.928259 7 storage/engine/rocksdb.go:120  Write Ahead Log file in /cockroach/cockroach-data/cockroach-temp070633488: 
I200407 19:28:02.928313 7 storage/engine/rocksdb.go:120                          Options.error_if_exists: 0
I200407 19:28:02.928356 7 storage/engine/rocksdb.go:120                        Options.create_if_missing: 1
I200407 19:28:02.928497 7 storage/engine/rocksdb.go:120                          Options.paranoid_checks: 1
I200407 19:28:02.928545 7 storage/engine/rocksdb.go:120                                      Options.env: 0x75757a0
I200407 19:28:02.928588 7 storage/engine/rocksdb.go:120                                 Options.info_log: 0x7f77eec270e0
I200407 19:28:02.928640 7 storage/engine/rocksdb.go:120                 Options.max_file_opening_threads: 16
I200407 19:28:02.928683 7 storage/engine/rocksdb.go:120                               Options.statistics: 0x7f77eec34010
I200407 19:28:02.928720 7 storage/engine/rocksdb.go:120                                Options.use_fsync: 0
I200407 19:28:02.928759 7 storage/engine/rocksdb.go:120                        Options.max_log_file_size: 0
I200407 19:28:02.928802 7 storage/engine/rocksdb.go:120                   Options.max_manifest_file_size: 134217728
I200407 19:28:02.928854 7 storage/engine/rocksdb.go:120                    Options.log_file_time_to_roll: 0
I200407 19:28:02.928896 7 storage/engine/rocksdb.go:120                        Options.keep_log_file_num: 1000
I200407 19:28:02.928930 7 storage/engine/rocksdb.go:120                     Options.recycle_log_file_num: 1
I200407 19:28:02.928972 7 storage/engine/rocksdb.go:120                          Options.allow_fallocate: 1
I200407 19:28:02.929016 7 storage/engine/rocksdb.go:120                         Options.allow_mmap_reads: 0
I200407 19:28:02.929065 7 storage/engine/rocksdb.go:120                        Options.allow_mmap_writes: 0
I200407 19:28:02.929110 7 storage/engine/rocksdb.go:120                         Options.use_direct_reads: 0
I200407 19:28:02.929153 7 storage/engine/rocksdb.go:120                         Options.use_direct_io_for_flush_and_compaction: 0
I200407 19:28:02.929197 7 storage/engine/rocksdb.go:120           Options.create_missing_column_families: 0
I200407 19:28:02.929241 7 storage/engine/rocksdb.go:120                               Options.db_log_dir: 
I200407 19:28:02.929280 7 storage/engine/rocksdb.go:120                                  Options.wal_dir: /cockroach/cockroach-data/cockroach-temp070633488
I200407 19:28:02.929321 7 storage/engine/rocksdb.go:120                 Options.table_cache_numshardbits: 6
I200407 19:28:02.929366 7 storage/engine/rocksdb.go:120                       Options.max_subcompactions: 1
I200407 19:28:02.929497 7 storage/engine/rocksdb.go:120                   Options.max_background_flushes: -1
I200407 19:28:02.929543 7 storage/engine/rocksdb.go:120                          Options.WAL_ttl_seconds: 0
I200407 19:28:02.929589 7 storage/engine/rocksdb.go:120                        Options.WAL_size_limit_MB: 0
I200407 19:28:02.929634 7 storage/engine/rocksdb.go:120              Options.manifest_preallocation_size: 4194304
I200407 19:28:02.929671 7 storage/engine/rocksdb.go:120                      Options.is_fd_close_on_exec: 1
I200407 19:28:02.929713 7 storage/engine/rocksdb.go:120                    Options.advise_random_on_open: 1
I200407 19:28:02.929780 7 storage/engine/rocksdb.go:120                     Options.db_write_buffer_size: 0
I200407 19:28:02.929855 7 storage/engine/rocksdb.go:120                     Options.write_buffer_manager: 0x7f77eec19060
I200407 19:28:02.929896 7 storage/engine/rocksdb.go:120          Options.access_hint_on_compaction_start: 1
I200407 19:28:02.929940 7 storage/engine/rocksdb.go:120   Options.new_table_reader_for_compaction_inputs: 0
I200407 19:28:02.930043 7 storage/engine/rocksdb.go:120            Options.random_access_max_buffer_size: 1048576
I200407 19:28:02.930086 7 storage/engine/rocksdb.go:120                       Options.use_adaptive_mutex: 0
I200407 19:28:02.930129 7 storage/engine/rocksdb.go:120                             Options.rate_limiter: (nil)
I200407 19:28:02.930171 7 storage/engine/rocksdb.go:120      Options.sst_file_manager.rate_bytes_per_sec: 0
I200407 19:28:02.930226 7 storage/engine/rocksdb.go:120                        Options.wal_recovery_mode: 0
I200407 19:28:02.930267 7 storage/engine/rocksdb.go:120                   Options.enable_thread_tracking: 0
I200407 19:28:02.930304 7 storage/engine/rocksdb.go:120                   Options.enable_pipelined_write: 0
I200407 19:28:02.930349 7 storage/engine/rocksdb.go:120          Options.allow_concurrent_memtable_write: 1
I200407 19:28:02.930392 7 storage/engine/rocksdb.go:120       Options.enable_write_thread_adaptive_yield: 1
I200407 19:28:02.930646 7 storage/engine/rocksdb.go:120              Options.write_thread_max_yield_usec: 100
I200407 19:28:02.930691 7 storage/engine/rocksdb.go:120             Options.write_thread_slow_yield_usec: 3
I200407 19:28:02.930740 7 storage/engine/rocksdb.go:120                                Options.row_cache: None
I200407 19:28:02.930781 7 storage/engine/rocksdb.go:120                               Options.wal_filter: None
I200407 19:28:02.930824 7 storage/engine/rocksdb.go:120              Options.avoid_flush_during_recovery: 0
I200407 19:28:02.930865 7 storage/engine/rocksdb.go:120              Options.allow_ingest_behind: 0
I200407 19:28:02.930907 7 storage/engine/rocksdb.go:120              Options.preserve_deletes: 0
I200407 19:28:02.930953 7 storage/engine/rocksdb.go:120              Options.two_write_queues: 0
I200407 19:28:02.931040 7 storage/engine/rocksdb.go:120              Options.manual_wal_flush: 1
I200407 19:28:02.931084 7 storage/engine/rocksdb.go:120              Options.atomic_flush: 0
I200407 19:28:02.931173 7 storage/engine/rocksdb.go:120              Options.avoid_unnecessary_blocking_io: 0
I200407 19:28:02.931215 7 storage/engine/rocksdb.go:120              Options.max_background_jobs: 2
I200407 19:28:02.931333 7 storage/engine/rocksdb.go:120              Options.max_background_compactions: -1
I200407 19:28:02.931378 7 storage/engine/rocksdb.go:120              Options.avoid_flush_during_shutdown: 0
I200407 19:28:02.931415 7 storage/engine/rocksdb.go:120            Options.writable_file_max_buffer_size: 1048576
I200407 19:28:02.931445 7 storage/engine/rocksdb.go:120              Options.delayed_write_rate : 16777216
I200407 19:28:02.931640 7 storage/engine/rocksdb.go:120              Options.max_total_wal_size: 0
I200407 19:28:02.931745 7 storage/engine/rocksdb.go:120              Options.delete_obsolete_files_period_micros: 21600000000
I200407 19:28:02.931803 7 storage/engine/rocksdb.go:120                    Options.stats_dump_period_sec: 0
I200407 19:28:02.931842 7 storage/engine/rocksdb.go:120                  Options.stats_persist_period_sec: 600
I200407 19:28:02.931863 7 storage/engine/rocksdb.go:120                  Options.stats_history_buffer_size: 1048576
I200407 19:28:02.931907 7 storage/engine/rocksdb.go:120                           Options.max_open_files: 128
I200407 19:28:02.931999 7 storage/engine/rocksdb.go:120                           Options.bytes_per_sync: 524288
I200407 19:28:02.932042 7 storage/engine/rocksdb.go:120                       Options.wal_bytes_per_sync: 0
I200407 19:28:02.932085 7 storage/engine/rocksdb.go:120                    Options.strict_bytes_per_sync: 1
I200407 19:28:02.932126 7 storage/engine/rocksdb.go:120        Options.compaction_readahead_size: 0
I200407 19:28:02.932159 7 storage/engine/rocksdb.go:120  Compression algorithms supported:
I200407 19:28:02.932214 7 storage/engine/rocksdb.go:120  	kZSTDNotFinalCompression supported: 0
I200407 19:28:02.932257 7 storage/engine/rocksdb.go:120  	kZSTD supported: 0
I200407 19:28:02.932288 7 storage/engine/rocksdb.go:120  	kXpressCompression supported: 0
I200407 19:28:02.932328 7 storage/engine/rocksdb.go:120  	kLZ4HCCompression supported: 0
I200407 19:28:02.932463 7 storage/engine/rocksdb.go:120  	kLZ4Compression supported: 0
I200407 19:28:02.935797 7 storage/engine/rocksdb.go:120  	kBZip2Compression supported: 0
I200407 19:28:02.935847 7 storage/engine/rocksdb.go:120  	kZlibCompression supported: 0
I200407 19:28:02.935893 7 storage/engine/rocksdb.go:120  	kSnappyCompression supported: 1
I200407 19:28:02.936025 7 storage/engine/rocksdb.go:120  Fast CRC32 supported: Supported on x86
I200407 19:28:02.971792 7 storage/engine/rocksdb.go:120  [db/db_impl_open.cc:242] Creating manifest 1 
I200407 19:28:03.042874 7 storage/engine/rocksdb.go:120  [db/version_set.cc:4072] Recovering from manifest file: /cockroach/cockroach-data/cockroach-temp070633488/MANIFEST-000001
I200407 19:28:03.049625 7 storage/engine/rocksdb.go:120  [db/column_family.cc:488] --------------- Options for column family [default]:
I200407 19:28:03.049908 7 storage/engine/rocksdb.go:120                Options.comparator: cockroach_comparator
I200407 19:28:03.050073 7 storage/engine/rocksdb.go:120            Options.merge_operator: cockroach_merge_operator
I200407 19:28:03.050268 7 storage/engine/rocksdb.go:120         Options.compaction_filter: None
I200407 19:28:03.050344 7 storage/engine/rocksdb.go:120         Options.compaction_filter_factory: None
I200407 19:28:03.050514 7 storage/engine/rocksdb.go:120          Options.memtable_factory: SkipListFactory
I200407 19:28:03.050557 7 storage/engine/rocksdb.go:120             Options.table_factory: BlockBasedTable
I200407 19:28:03.052248 7 storage/engine/rocksdb.go:120             table_factory options:   flush_block_policy_factory: FlushBlockBySizePolicyFactory (0x7f77eec28030)
  cache_index_and_filter_blocks: 0
  cache_index_and_filter_blocks_with_high_priority: 0
  pin_l0_filter_and_index_blocks_in_cache: 0
  pin_top_level_index_and_filter: 1
  index_type: 0
  data_block_index_type: 0
  index_shortening: 1
  data_block_hash_table_util_ratio: 0.750000
  hash_index_allow_collision: 1
  checksum: 1
  no_block_cache: 0
  block_cache: 0x7f77eec1c010
  block_cache_name: LRUCache
  block_cache_options:
    capacity : 1048576
    num_shard_bits : 4
    strict_capacity_limit : 0
    memory_allocator : None
    high_pri_pool_ratio: 0.000
  block_cache_compressed: (nil)
  persistent_cache: (nil)
  block_size: 32768
  block_size_deviation: 10
  block_restart_interval: 16
  index_block_restart_interval: 1
  metadata_block_size: 4096
  partition_filters: 0
  use_delta_encoding: 1
  filter_policy: rocksdb.BuiltinBloomFilter
  whole_key_filtering: 0
  verify_compression: 0
  read_amp_bytes_per_bit: 0
  format_version: 2
  enable_index_compression: 1
  block_align: 0
I200407 19:28:03.052298 7 storage/engine/rocksdb.go:120         Options.write_buffer_size: 67108864
I200407 19:28:03.052346 7 storage/engine/rocksdb.go:120   Options.max_write_buffer_number: 4
I200407 19:28:03.052406 7 storage/engine/rocksdb.go:120           Options.compression: Snappy
I200407 19:28:03.052569 7 storage/engine/rocksdb.go:120                   Options.bottommost_compression: Disabled
I200407 19:28:03.052602 7 storage/engine/rocksdb.go:120        Options.prefix_extractor: cockroach_prefix_extractor
I200407 19:28:03.052784 7 storage/engine/rocksdb.go:120    Options.memtable_insert_with_hint_prefix_extractor: nullptr
I200407 19:28:03.052833 7 storage/engine/rocksdb.go:120              Options.num_levels: 7
I200407 19:28:03.052878 7 storage/engine/rocksdb.go:120         Options.min_write_buffer_number_to_merge: 1
I200407 19:28:03.052982 7 storage/engine/rocksdb.go:120      Options.max_write_buffer_number_to_maintain: 0
I200407 19:28:03.053023 7 storage/engine/rocksdb.go:120             Options.bottommost_compression_opts.window_bits: -14
I200407 19:28:03.053072 7 storage/engine/rocksdb.go:120                   Options.bottommost_compression_opts.level: 32767
I200407 19:28:03.053117 7 storage/engine/rocksdb.go:120                Options.bottommost_compression_opts.strategy: 0
I200407 19:28:03.053158 7 storage/engine/rocksdb.go:120          Options.bottommost_compression_opts.max_dict_bytes: 0
I200407 19:28:03.053200 7 storage/engine/rocksdb.go:120          Options.bottommost_compression_opts.zstd_max_train_bytes: 0
I200407 19:28:03.053249 7 storage/engine/rocksdb.go:120                   Options.bottommost_compression_opts.enabled: false
I200407 19:28:03.053294 7 storage/engine/rocksdb.go:120             Options.compression_opts.window_bits: -14
I200407 19:28:03.056027 7 storage/engine/rocksdb.go:120                   Options.compression_opts.level: 32767
I200407 19:28:03.056083 7 storage/engine/rocksdb.go:120                Options.compression_opts.strategy: 0
I200407 19:28:03.056175 7 storage/engine/rocksdb.go:120          Options.compression_opts.max_dict_bytes: 0
I200407 19:28:03.056265 7 storage/engine/rocksdb.go:120          Options.compression_opts.zstd_max_train_bytes: 0
I200407 19:28:03.056300 7 storage/engine/rocksdb.go:120                   Options.compression_opts.enabled: false
I200407 19:28:03.056342 7 storage/engine/rocksdb.go:120       Options.level0_file_num_compaction_trigger: 2
I200407 19:28:03.056622 7 storage/engine/rocksdb.go:120           Options.level0_slowdown_writes_trigger: 950
I200407 19:28:03.064020 7 storage/engine/rocksdb.go:120               Options.level0_stop_writes_trigger: 1000
I200407 19:28:03.064113 7 storage/engine/rocksdb.go:120                    Options.target_file_size_base: 4194304
I200407 19:28:03.064156 7 storage/engine/rocksdb.go:120              Options.target_file_size_multiplier: 2
I200407 19:28:03.064195 7 storage/engine/rocksdb.go:120                 Options.max_bytes_for_level_base: 67108864
I200407 19:28:03.064357 7 storage/engine/rocksdb.go:120  Options.level_compaction_dynamic_level_bytes: 1
I200407 19:28:03.064567 7 storage/engine/rocksdb.go:120           Options.max_bytes_for_level_multiplier: 10.000000
I200407 19:28:03.064609 7 storage/engine/rocksdb.go:120  Options.max_bytes_for_level_multiplier_addtl[0]: 1
I200407 19:28:03.064720 7 storage/engine/rocksdb.go:120  Options.max_bytes_for_level_multiplier_addtl[1]: 1
I200407 19:28:03.064769 7 storage/engine/rocksdb.go:120  Options.max_bytes_for_level_multiplier_addtl[2]: 1
I200407 19:28:03.064815 7 storage/engine/rocksdb.go:120  Options.max_bytes_for_level_multiplier_addtl[3]: 1
I200407 19:28:03.064859 7 storage/engine/rocksdb.go:120  Options.max_bytes_for_level_multiplier_addtl[4]: 1
I200407 19:28:03.064902 7 storage/engine/rocksdb.go:120  Options.max_bytes_for_level_multiplier_addtl[5]: 1
I200407 19:28:03.068974 7 storage/engine/rocksdb.go:120  Options.max_bytes_for_level_multiplier_addtl[6]: 1
I200407 19:28:03.069100 7 storage/engine/rocksdb.go:120        Options.max_sequential_skip_in_iterations: 8
I200407 19:28:03.069153 7 storage/engine/rocksdb.go:120                     Options.max_compaction_bytes: 104857600
I200407 19:28:03.069188 7 storage/engine/rocksdb.go:120                         Options.arena_block_size: 8388608
I200407 19:28:03.069538 7 storage/engine/rocksdb.go:120    Options.soft_pending_compaction_bytes_limit: 2199023255552
I200407 19:28:03.069733 7 storage/engine/rocksdb.go:120    Options.hard_pending_compaction_bytes_limit: 4400193994752
I200407 19:28:03.069834 7 storage/engine/rocksdb.go:120        Options.rate_limit_delay_max_milliseconds: 100
I200407 19:28:03.069884 7 storage/engine/rocksdb.go:120                 Options.disable_auto_compactions: 0
I200407 19:28:03.069923 7 storage/engine/rocksdb.go:120                         Options.compaction_style: kCompactionStyleLevel
I200407 19:28:03.070225 7 storage/engine/rocksdb.go:120                           Options.compaction_pri: kMinOverlappingRatio
I200407 19:28:03.070343 7 storage/engine/rocksdb.go:120  Options.compaction_options_universal.size_ratio: 1
I200407 19:28:03.070383 7 storage/engine/rocksdb.go:120  Options.compaction_options_universal.min_merge_width: 2
I200407 19:28:03.070534 7 storage/engine/rocksdb.go:120  Options.compaction_options_universal.max_merge_width: 4294967295
I200407 19:28:03.070579 7 storage/engine/rocksdb.go:120  Options.compaction_options_universal.max_size_amplification_percent: 200
I200407 19:28:03.070603 7 storage/engine/rocksdb.go:120  Options.compaction_options_universal.compression_size_percent: -1
I200407 19:28:03.070634 7 storage/engine/rocksdb.go:120  Options.compaction_options_universal.stop_style: kCompactionStopStyleTotalSize
I200407 19:28:03.070662 7 storage/engine/rocksdb.go:120  Options.compaction_options_fifo.max_table_files_size: 1073741824
I200407 19:28:03.070717 7 storage/engine/rocksdb.go:120  Options.compaction_options_fifo.allow_compaction: 0
I200407 19:28:03.077045 7 storage/engine/rocksdb.go:120                    Options.table_properties_collectors: TimeBoundTblPropCollectorFactory; DeleteRangeTblPropCollectorFactory; 
I200407 19:28:03.077090 7 storage/engine/rocksdb.go:120                    Options.inplace_update_support: 0
I200407 19:28:03.077135 7 storage/engine/rocksdb.go:120                  Options.inplace_update_num_locks: 10000
I200407 19:28:03.077176 7 storage/engine/rocksdb.go:120                Options.memtable_prefix_bloom_size_ratio: 0.000000
I200407 19:28:03.077205 7 storage/engine/rocksdb.go:120                Options.memtable_whole_key_filtering: 0
I200407 19:28:03.077515 7 storage/engine/rocksdb.go:120    Options.memtable_huge_page_size: 0
I200407 19:28:03.077586 7 storage/engine/rocksdb.go:120                            Options.bloom_locality: 0
I200407 19:28:03.082132 7 storage/engine/rocksdb.go:120                     Options.max_successive_merges: 0
I200407 19:28:03.082168 7 storage/engine/rocksdb.go:120                 Options.optimize_filters_for_hits: 1
I200407 19:28:03.082219 7 storage/engine/rocksdb.go:120                 Options.paranoid_file_checks: 0
I200407 19:28:03.082334 7 storage/engine/rocksdb.go:120                 Options.force_consistency_checks: 0
I200407 19:28:03.082422 7 storage/engine/rocksdb.go:120                 Options.report_bg_io_stats: 0
I200407 19:28:03.082600 7 storage/engine/rocksdb.go:120                                Options.ttl: 0
I200407 19:28:03.082652 7 storage/engine/rocksdb.go:120           Options.periodic_compaction_seconds: 0
I200407 19:28:03.115373 7 storage/engine/rocksdb.go:120  [db/version_set.cc:4286] Recovered from manifest file:/cockroach/cockroach-data/cockroach-temp070633488/MANIFEST-000001 succeeded,manifest_file_number is 1, next_file_number is 3, last_sequence is 0, log_number is 0,prev_log_number is 0,max_column_family is 0,min_log_number_to_keep is 0
I200407 19:28:03.115509 7 storage/engine/rocksdb.go:120  [db/version_set.cc:4295] Column family [default] (ID 0), log number is 0
I200407 19:28:03.253855 7 storage/engine/rocksdb.go:120  DB pointer 0x7f77eeca1000
I200407 19:28:03.581779 7 storage/engine/rocksdb.go:120  RocksDB version: 6.2.1
I200407 19:28:03.581970 7 storage/engine/rocksdb.go:120  Git sha rocksdb_build_git_sha:@b7009236531fa784872f4823eabf393501e41bf2@
I200407 19:28:03.582010 7 storage/engine/rocksdb.go:120  Compile date Mar 16 2020
I200407 19:28:03.582214 7 storage/engine/rocksdb.go:120  DB SUMMARY
I200407 19:28:03.595884 7 storage/engine/rocksdb.go:120  CURRENT file:  CURRENT
I200407 19:28:03.596523 7 storage/engine/rocksdb.go:120  IDENTITY file:  IDENTITY
I200407 19:28:03.599033 7 storage/engine/rocksdb.go:120  MANIFEST file:  MANIFEST-000448 size: 1925 Bytes
I200407 19:28:03.599483 7 storage/engine/rocksdb.go:120  SST files in /cockroach/cockroach-data dir, Total Num: 8, files: 000411.sst 000452.sst 000453.sst 000454.sst 000455.sst 000456.sst 000457.sst 000458.sst 
I200407 19:28:03.599717 7 storage/engine/rocksdb.go:120  Write Ahead Log file in /cockroach/cockroach-data: 000449.log size: 7098107 ; 
I200407 19:28:03.599906 7 storage/engine/rocksdb.go:120                          Options.error_if_exists: 0
I200407 19:28:03.600096 7 storage/engine/rocksdb.go:120                        Options.create_if_missing: 1
I200407 19:28:03.600280 7 storage/engine/rocksdb.go:120                          Options.paranoid_checks: 1
I200407 19:28:03.600322 7 storage/engine/rocksdb.go:120                                      Options.env: 0x75757a0
I200407 19:28:03.600590 7 storage/engine/rocksdb.go:120                                 Options.info_log: 0x7f77eec27260
I200407 19:28:03.600624 7 storage/engine/rocksdb.go:120                 Options.max_file_opening_threads: 16
I200407 19:28:03.600785 7 storage/engine/rocksdb.go:120                               Options.statistics: 0x7f77eec34080
I200407 19:28:03.600820 7 storage/engine/rocksdb.go:120                                Options.use_fsync: 0
I200407 19:28:03.600973 7 storage/engine/rocksdb.go:120                        Options.max_log_file_size: 0
I200407 19:28:03.601006 7 storage/engine/rocksdb.go:120                   Options.max_manifest_file_size: 134217728
I200407 19:28:03.601159 7 storage/engine/rocksdb.go:120                    Options.log_file_time_to_roll: 0
I200407 19:28:03.601193 7 storage/engine/rocksdb.go:120                        Options.keep_log_file_num: 1000
I200407 19:28:03.601308 7 storage/engine/rocksdb.go:120                     Options.recycle_log_file_num: 1
I200407 19:28:03.601337 7 storage/engine/rocksdb.go:120                          Options.allow_fallocate: 1
I200407 19:28:03.601366 7 storage/engine/rocksdb.go:120                         Options.allow_mmap_reads: 0
I200407 19:28:03.601394 7 storage/engine/rocksdb.go:120                        Options.allow_mmap_writes: 0
I200407 19:28:03.601425 7 storage/engine/rocksdb.go:120                         Options.use_direct_reads: 0
I200407 19:28:03.601673 7 storage/engine/rocksdb.go:120                         Options.use_direct_io_for_flush_and_compaction: 0
I200407 19:28:03.601706 7 storage/engine/rocksdb.go:120           Options.create_missing_column_families: 0
I200407 19:28:03.601859 7 storage/engine/rocksdb.go:120                               Options.db_log_dir: 
I200407 19:28:03.601893 7 storage/engine/rocksdb.go:120                                  Options.wal_dir: /cockroach/cockroach-data
I200407 19:28:03.602048 7 storage/engine/rocksdb.go:120                 Options.table_cache_numshardbits: 6
I200407 19:28:03.602082 7 storage/engine/rocksdb.go:120                       Options.max_subcompactions: 1
I200407 19:28:03.602236 7 storage/engine/rocksdb.go:120                   Options.max_background_flushes: -1
I200407 19:28:03.602270 7 storage/engine/rocksdb.go:120                          Options.WAL_ttl_seconds: 0
I200407 19:28:03.602509 7 storage/engine/rocksdb.go:120                        Options.WAL_size_limit_MB: 0
I200407 19:28:03.608149 7 storage/engine/rocksdb.go:120              Options.manifest_preallocation_size: 4194304
I200407 19:28:03.608185 7 storage/engine/rocksdb.go:120                      Options.is_fd_close_on_exec: 1
I200407 19:28:03.608214 7 storage/engine/rocksdb.go:120                    Options.advise_random_on_open: 1
I200407 19:28:03.608339 7 storage/engine/rocksdb.go:120                     Options.db_write_buffer_size: 0
I200407 19:28:03.608367 7 storage/engine/rocksdb.go:120                     Options.write_buffer_manager: 0x7f77eec19570
I200407 19:28:03.608396 7 storage/engine/rocksdb.go:120          Options.access_hint_on_compaction_start: 1
I200407 19:28:03.614937 7 storage/engine/rocksdb.go:120   Options.new_table_reader_for_compaction_inputs: 0
I200407 19:28:03.615345 7 storage/engine/rocksdb.go:120            Options.random_access_max_buffer_size: 1048576
I200407 19:28:03.615976 7 storage/engine/rocksdb.go:120                       Options.use_adaptive_mutex: 0
I200407 19:28:03.616041 7 storage/engine/rocksdb.go:120                             Options.rate_limiter: (nil)
I200407 19:28:03.616321 7 storage/engine/rocksdb.go:120      Options.sst_file_manager.rate_bytes_per_sec: 0
I200407 19:28:03.619046 7 storage/engine/rocksdb.go:120                        Options.wal_recovery_mode: 0
I200407 19:28:03.626573 7 storage/engine/rocksdb.go:120                   Options.enable_thread_tracking: 0
I200407 19:28:03.626733 7 storage/engine/rocksdb.go:120                   Options.enable_pipelined_write: 0
I200407 19:28:03.626766 7 storage/engine/rocksdb.go:120          Options.allow_concurrent_memtable_write: 1
I200407 19:28:03.626898 7 storage/engine/rocksdb.go:120       Options.enable_write_thread_adaptive_yield: 1
I200407 19:28:03.626929 7 storage/engine/rocksdb.go:120              Options.write_thread_max_yield_usec: 100
I200407 19:28:03.626960 7 storage/engine/rocksdb.go:120             Options.write_thread_slow_yield_usec: 3
I200407 19:28:03.627156 7 storage/engine/rocksdb.go:120                                Options.row_cache: None
I200407 19:28:03.627392 7 storage/engine/rocksdb.go:120                               Options.wal_filter: None
I200407 19:28:03.627437 7 storage/engine/rocksdb.go:120              Options.avoid_flush_during_recovery: 0
I200407 19:28:03.633255 7 storage/engine/rocksdb.go:120              Options.allow_ingest_behind: 0
I200407 19:28:03.639948 7 storage/engine/rocksdb.go:120              Options.preserve_deletes: 0
I200407 19:28:03.640692 7 storage/engine/rocksdb.go:120              Options.two_write_queues: 0
I200407 19:28:03.641304 7 storage/engine/rocksdb.go:120              Options.manual_wal_flush: 1
I200407 19:28:03.641369 7 storage/engine/rocksdb.go:120              Options.atomic_flush: 0
I200407 19:28:03.643092 7 storage/engine/rocksdb.go:120              Options.avoid_unnecessary_blocking_io: 0
I200407 19:28:03.643344 7 storage/engine/rocksdb.go:120              Options.max_background_jobs: 2
I200407 19:28:03.643774 7 storage/engine/rocksdb.go:120              Options.max_background_compactions: -1
I200407 19:28:03.643968 7 storage/engine/rocksdb.go:120              Options.avoid_flush_during_shutdown: 0
I200407 19:28:03.644158 7 storage/engine/rocksdb.go:120            Options.writable_file_max_buffer_size: 1048576
I200407 19:28:03.644204 7 storage/engine/rocksdb.go:120              Options.delayed_write_rate : 16777216
I200407 19:28:03.644771 7 storage/engine/rocksdb.go:120              Options.max_total_wal_size: 0
I200407 19:28:03.644823 7 storage/engine/rocksdb.go:120              Options.delete_obsolete_files_period_micros: 21600000000
I200407 19:28:03.645016 7 storage/engine/rocksdb.go:120                    Options.stats_dump_period_sec: 0
I200407 19:28:03.645203 7 storage/engine/rocksdb.go:120                  Options.stats_persist_period_sec: 600
I200407 19:28:03.645248 7 storage/engine/rocksdb.go:120                  Options.stats_history_buffer_size: 1048576
I200407 19:28:03.645399 7 storage/engine/rocksdb.go:120                           Options.max_open_files: 1043576
I200407 19:28:03.645608 7 storage/engine/rocksdb.go:120                           Options.bytes_per_sync: 524288
I200407 19:28:03.654397 7 storage/engine/rocksdb.go:120                       Options.wal_bytes_per_sync: 0
I200407 19:28:03.654622 7 storage/engine/rocksdb.go:120                    Options.strict_bytes_per_sync: 1
I200407 19:28:03.654658 7 storage/engine/rocksdb.go:120        Options.compaction_readahead_size: 0
I200407 19:28:03.654810 7 storage/engine/rocksdb.go:120  Compression algorithms supported:
I200407 19:28:03.654845 7 storage/engine/rocksdb.go:120  	kZSTDNotFinalCompression supported: 0
I200407 19:28:03.654999 7 storage/engine/rocksdb.go:120  	kZSTD supported: 0
I200407 19:28:03.655049 7 storage/engine/rocksdb.go:120  	kXpressCompression supported: 0
I200407 19:28:03.655200 7 storage/engine/rocksdb.go:120  	kLZ4HCCompression supported: 0
I200407 19:28:03.655233 7 storage/engine/rocksdb.go:120  	kLZ4Compression supported: 0
I200407 19:28:03.655349 7 storage/engine/rocksdb.go:120  	kBZip2Compression supported: 0
I200407 19:28:03.655378 7 storage/engine/rocksdb.go:120  	kZlibCompression supported: 0
I200407 19:28:03.655406 7 storage/engine/rocksdb.go:120  	kSnappyCompression supported: 1
I200407 19:28:03.702122 7 storage/engine/rocksdb.go:120  Fast CRC32 supported: Supported on x86
I200407 19:28:03.758969 7 storage/engine/rocksdb.go:120  [db/version_set.cc:4072] Recovering from manifest file: /cockroach/cockroach-data/MANIFEST-000448
I200407 19:28:03.792290 7 storage/engine/rocksdb.go:120  [db/column_family.cc:488] --------------- Options for column family [default]:
I200407 19:28:03.793102 7 storage/engine/rocksdb.go:120                Options.comparator: cockroach_comparator
I200407 19:28:03.793201 7 storage/engine/rocksdb.go:120            Options.merge_operator: cockroach_merge_operator
I200407 19:28:03.793288 7 storage/engine/rocksdb.go:120         Options.compaction_filter: None
I200407 19:28:03.793537 7 storage/engine/rocksdb.go:120         Options.compaction_filter_factory: None
I200407 19:28:03.810613 7 storage/engine/rocksdb.go:120          Options.memtable_factory: SkipListFactory
I200407 19:28:03.810782 7 storage/engine/rocksdb.go:120             Options.table_factory: BlockBasedTable
I200407 19:28:03.810994 7 storage/engine/rocksdb.go:120             table_factory options:   flush_block_policy_factory: FlushBlockBySizePolicyFactory (0x7f77eec28090)
  cache_index_and_filter_blocks: 0
  cache_index_and_filter_blocks_with_high_priority: 0
  pin_l0_filter_and_index_blocks_in_cache: 0
  pin_top_level_index_and_filter: 1
  index_type: 0
  data_block_index_type: 0
  index_shortening: 1
  data_block_hash_table_util_ratio: 0.750000
  hash_index_allow_collision: 1
  checksum: 1
  no_block_cache: 0
  block_cache: 0x7f77eecb9210
  block_cache_name: LRUCache
  block_cache_options:
    capacity : 67108864
    num_shard_bits : 4
    strict_capacity_limit : 0
    memory_allocator : None
    high_pri_pool_ratio: 0.000
  block_cache_compressed: (nil)
  persistent_cache: (nil)
  block_size: 32768
  block_size_deviation: 10
  block_restart_interval: 16
  index_block_restart_interval: 1
  metadata_block_size: 4096
  partition_filters: 0
  use_delta_encoding: 1
  filter_policy: rocksdb.BuiltinBloomFilter
  whole_key_filtering: 0
  verify_compression: 0
  read_amp_bytes_per_bit: 0
  format_version: 2
  enable_index_compression: 1
  block_align: 0
I200407 19:28:03.811177 7 storage/engine/rocksdb.go:120         Options.write_buffer_size: 67108864
I200407 19:28:03.811335 7 storage/engine/rocksdb.go:120   Options.max_write_buffer_number: 4
I200407 19:28:03.811369 7 storage/engine/rocksdb.go:120           Options.compression: Snappy
I200407 19:28:03.811560 7 storage/engine/rocksdb.go:120                   Options.bottommost_compression: Disabled
I200407 19:28:03.811594 7 storage/engine/rocksdb.go:120        Options.prefix_extractor: cockroach_prefix_extractor
I200407 19:28:03.811745 7 storage/engine/rocksdb.go:120    Options.memtable_insert_with_hint_prefix_extractor: nullptr
I200407 19:28:03.811778 7 storage/engine/rocksdb.go:120              Options.num_levels: 7
I200407 19:28:03.811937 7 storage/engine/rocksdb.go:120         Options.min_write_buffer_number_to_merge: 1
I200407 19:28:03.811971 7 storage/engine/rocksdb.go:120      Options.max_write_buffer_number_to_maintain: 0
I200407 19:28:03.812129 7 storage/engine/rocksdb.go:120             Options.bottommost_compression_opts.window_bits: -14
I200407 19:28:03.812163 7 storage/engine/rocksdb.go:120                   Options.bottommost_compression_opts.level: 32767
I200407 19:28:03.812315 7 storage/engine/rocksdb.go:120                Options.bottommost_compression_opts.strategy: 0
I200407 19:28:03.812348 7 storage/engine/rocksdb.go:120          Options.bottommost_compression_opts.max_dict_bytes: 0
I200407 19:28:03.812556 7 storage/engine/rocksdb.go:120          Options.bottommost_compression_opts.zstd_max_train_bytes: 0
I200407 19:28:03.812591 7 storage/engine/rocksdb.go:120                   Options.bottommost_compression_opts.enabled: false
I200407 19:28:03.812753 7 storage/engine/rocksdb.go:120             Options.compression_opts.window_bits: -14
I200407 19:28:03.813093 7 storage/engine/rocksdb.go:120                   Options.compression_opts.level: 32767
I200407 19:28:03.813343 7 storage/engine/rocksdb.go:120                Options.compression_opts.strategy: 0
I200407 19:28:03.813375 7 storage/engine/rocksdb.go:120          Options.compression_opts.max_dict_bytes: 0
I200407 19:28:03.813403 7 storage/engine/rocksdb.go:120          Options.compression_opts.zstd_max_train_bytes: 0
I200407 19:28:03.813431 7 storage/engine/rocksdb.go:120                   Options.compression_opts.enabled: false
I200407 19:28:03.813459 7 storage/engine/rocksdb.go:120       Options.level0_file_num_compaction_trigger: 2
I200407 19:28:03.813487 7 storage/engine/rocksdb.go:120           Options.level0_slowdown_writes_trigger: 950
I200407 19:28:03.813514 7 storage/engine/rocksdb.go:120               Options.level0_stop_writes_trigger: 1000
I200407 19:28:03.813543 7 storage/engine/rocksdb.go:120                    Options.target_file_size_base: 4194304
I200407 19:28:03.813570 7 storage/engine/rocksdb.go:120              Options.target_file_size_multiplier: 2
I200407 19:28:03.813599 7 storage/engine/rocksdb.go:120                 Options.max_bytes_for_level_base: 67108864
I200407 19:28:03.813627 7 storage/engine/rocksdb.go:120  Options.level_compaction_dynamic_level_bytes: 1
I200407 19:28:03.813659 7 storage/engine/rocksdb.go:120           Options.max_bytes_for_level_multiplier: 10.000000
I200407 19:28:03.813687 7 storage/engine/rocksdb.go:120  Options.max_bytes_for_level_multiplier_addtl[0]: 1
I200407 19:28:03.813716 7 storage/engine/rocksdb.go:120  Options.max_bytes_for_level_multiplier_addtl[1]: 1
I200407 19:28:03.813744 7 storage/engine/rocksdb.go:120  Options.max_bytes_for_level_multiplier_addtl[2]: 1
I200407 19:28:03.813772 7 storage/engine/rocksdb.go:120  Options.max_bytes_for_level_multiplier_addtl[3]: 1
I200407 19:28:03.813802 7 storage/engine/rocksdb.go:120  Options.max_bytes_for_level_multiplier_addtl[4]: 1
I200407 19:28:03.813831 7 storage/engine/rocksdb.go:120  Options.max_bytes_for_level_multiplier_addtl[5]: 1
I200407 19:28:03.813859 7 storage/engine/rocksdb.go:120  Options.max_bytes_for_level_multiplier_addtl[6]: 1
I200407 19:28:03.813887 7 storage/engine/rocksdb.go:120        Options.max_sequential_skip_in_iterations: 8
I200407 19:28:03.813915 7 storage/engine/rocksdb.go:120                     Options.max_compaction_bytes: 104857600
I200407 19:28:03.813943 7 storage/engine/rocksdb.go:120                         Options.arena_block_size: 8388608
I200407 19:28:03.813972 7 storage/engine/rocksdb.go:120    Options.soft_pending_compaction_bytes_limit: 2199023255552
I200407 19:28:03.814000 7 storage/engine/rocksdb.go:120    Options.hard_pending_compaction_bytes_limit: 4400193994752
I200407 19:28:03.814028 7 storage/engine/rocksdb.go:120        Options.rate_limit_delay_max_milliseconds: 100
I200407 19:28:03.814056 7 storage/engine/rocksdb.go:120                 Options.disable_auto_compactions: 0
I200407 19:28:03.814089 7 storage/engine/rocksdb.go:120                         Options.compaction_style: kCompactionStyleLevel
I200407 19:28:03.814118 7 storage/engine/rocksdb.go:120                           Options.compaction_pri: kMinOverlappingRatio
I200407 19:28:03.814146 7 storage/engine/rocksdb.go:120  Options.compaction_options_universal.size_ratio: 1
I200407 19:28:03.814174 7 storage/engine/rocksdb.go:120  Options.compaction_options_universal.min_merge_width: 2
I200407 19:28:03.814202 7 storage/engine/rocksdb.go:120  Options.compaction_options_universal.max_merge_width: 4294967295
I200407 19:28:03.814230 7 storage/engine/rocksdb.go:120  Options.compaction_options_universal.max_size_amplification_percent: 200
I200407 19:28:03.814258 7 storage/engine/rocksdb.go:120  Options.compaction_options_universal.compression_size_percent: -1
I200407 19:28:03.814287 7 storage/engine/rocksdb.go:120  Options.compaction_options_universal.stop_style: kCompactionStopStyleTotalSize
I200407 19:28:03.814315 7 storage/engine/rocksdb.go:120  Options.compaction_options_fifo.max_table_files_size: 1073741824
I200407 19:28:03.814343 7 storage/engine/rocksdb.go:120  Options.compaction_options_fifo.allow_compaction: 0
I200407 19:28:03.814382 7 storage/engine/rocksdb.go:120                    Options.table_properties_collectors: TimeBoundTblPropCollectorFactory; DeleteRangeTblPropCollectorFactory; 
I200407 19:28:03.814413 7 storage/engine/rocksdb.go:120                    Options.inplace_update_support: 0
I200407 19:28:03.814442 7 storage/engine/rocksdb.go:120                  Options.inplace_update_num_locks: 10000
I200407 19:28:03.814471 7 storage/engine/rocksdb.go:120                Options.memtable_prefix_bloom_size_ratio: 0.000000
I200407 19:28:03.814499 7 storage/engine/rocksdb.go:120                Options.memtable_whole_key_filtering: 0
I200407 19:28:03.814527 7 storage/engine/rocksdb.go:120    Options.memtable_huge_page_size: 0
I200407 19:28:03.814555 7 storage/engine/rocksdb.go:120                            Options.bloom_locality: 0
I200407 19:28:03.814584 7 storage/engine/rocksdb.go:120                     Options.max_successive_merges: 0
I200407 19:28:03.814612 7 storage/engine/rocksdb.go:120                 Options.optimize_filters_for_hits: 1
I200407 19:28:03.814640 7 storage/engine/rocksdb.go:120                 Options.paranoid_file_checks: 0
I200407 19:28:03.814668 7 storage/engine/rocksdb.go:120                 Options.force_consistency_checks: 0
I200407 19:28:03.814696 7 storage/engine/rocksdb.go:120                 Options.report_bg_io_stats: 0
I200407 19:28:03.814724 7 storage/engine/rocksdb.go:120                                Options.ttl: 0
I200407 19:28:03.814752 7 storage/engine/rocksdb.go:120           Options.periodic_compaction_seconds: 0
I200407 19:28:03.908616 7 storage/engine/rocksdb.go:120  [db/version_set.cc:4286] Recovered from manifest file:/cockroach/cockroach-data/MANIFEST-000448 succeeded,manifest_file_number is 448, next_file_number is 460, last_sequence is 22936452, log_number is 447,prev_log_number is 0,max_column_family is 0,min_log_number_to_keep is 0
I200407 19:28:03.908654 7 storage/engine/rocksdb.go:120  [db/version_set.cc:4295] Column family [default] (ID 0), log number is 447
I200407 19:28:03.977259 7 storage/engine/rocksdb.go:120  EVENT_LOG_v1 {"time_micros": 1586287683976696, "job": 1, "event": "recovery_started", "log_files": [449]}
I200407 19:28:03.977660 7 storage/engine/rocksdb.go:120  [db/db_impl_open.cc:598] Recovering log #449 mode 0
I200407 19:28:05.031547 7 storage/engine/rocksdb.go:120  EVENT_LOG_v1 {"time_micros": 1586287685030061, "cf_name": "default", "job": 1, "event": "table_file_creation", "file_number": 460, "file_size": 149023, "table_properties": {"data_size": 143490, "index_size": 1130, "index_partitions": 0, "top_level_index_size": 0, "index_key_is_user_key": 0, "index_value_is_delta_encoded": 0, "filter_size": 3781, "raw_key_size": 119001, "raw_average_key_size": 38, "raw_value_size": 673057, "raw_average_value_size": 217, "num_data_blocks": 22, "num_entries": 3088, "num_deletions": 1200, "num_merge_operands": 1328, "num_range_deletions": 1328, "format_version": 0, "fixed_key_len": 0, "filter_policy": "rocksdb.BuiltinBloomFilter", "column_family_name": "default", "column_family_id": 0, "comparator": "cockroach_comparator", "merge_operator": "cockroach_merge_operator", "prefix_extractor_name": "cockroach_prefix_extractor", "property_collectors": "[TimeBoundTblPropCollectorFactory,DeleteRangeTblPropCollectorFactory]", "compression": "Snappy", "compression_options": "window_bits=-14; level=32767; strategy=0; max_dict_bytes=0; zstd_max_train_bytes=0; enabled=0; ", "creation_time": 1586287684, "oldest_key_time": 3, "file_creation_time": 0}}
I200407 19:28:05.046556 7 storage/engine/rocksdb.go:120  [db/version_set.cc:3560] Creating manifest 461
I200407 19:28:05.133196 7 storage/engine/rocksdb.go:120  EVENT_LOG_v1 {"time_micros": 1586287685133024, "job": 1, "event": "recovery_finished"}
I200407 19:28:05.349863 7 storage/engine/rocksdb.go:120  DB pointer 0x7f77eed35000
I200407 19:50:36.532275 20857 storage/engine/rocksdb.go:120  bloom filter utility:    -nan%
I200407 19:50:36.537103 20857 storage/engine/rocksdb.go:120  [db/db_impl.cc:392] Shutdown: canceling all background work
I200407 19:50:36.556775 20857 storage/engine/rocksdb.go:120  [db/db_impl.cc:565] Shutdown complete
I200407 19:50:36.724810 20857 storage/engine/rocksdb.go:120  bloom filter utility:    63.1%
I200407 19:50:36.727877 20857 storage/engine/rocksdb.go:120  [db/db_impl.cc:392] Shutdown: canceling all background work
I200407 19:50:36.856513 20857 storage/engine/rocksdb.go:120  [db/db_impl.cc:565] Shutdown complete
