I200430 17:26:44.122750 1 util/log/clog.go:1196  [config] file created at: 2020/04/30 17:26:44
I200430 17:26:44.122750 1 util/log/clog.go:1196  [config] running on machine: d9d719c101d3
I200430 17:26:44.122750 1 util/log/clog.go:1196  [config] binary: CockroachDB CCL v19.2.5 (x86_64-unknown-linux-gnu, built 2020/03/16 18:27:12, go1.12.12)
I200430 17:26:44.122750 1 util/log/clog.go:1196  [config] arguments: [/cockroach/cockroach start --insecure]
I200430 17:26:44.122750 1 util/log/clog.go:1196  line format: [IWEF]yymmdd hh:mm:ss.uuuuuu goid file:line msg utf8=✓
I200430 17:26:44.122749 1 cli/start.go:1144  logging to directory /cockroach/cockroach-data/logs
W200430 17:26:44.131517 1 cli/start.go:1182  RUNNING IN INSECURE MODE!

- Your cluster is open for any client that can access <all your IP addresses>.
- Any user, even root, can log in without providing a password.
- Any user, connecting as root, can read or write any data in your cluster.
- There is no network encryption nor authentication, and thus no confidentiality.

Check out how to secure your cluster: https://www.cockroachlabs.com/docs/v19.2/secure-a-cluster.html
I200430 17:26:44.131991 1 server/status/recorder.go:597  available memory from cgroups (8.0 EiB) is unsupported, using system memory 2.9 GiB instead: 
W200430 17:26:44.132092 1 cli/start.go:1052  Using the default setting for --cache (128 MiB).
  A significantly larger value is usually needed for good performance.
  If you have a dedicated server a reasonable setting is --cache=.25 (749 MiB).
I200430 17:26:44.132369 1 server/status/recorder.go:597  available memory from cgroups (8.0 EiB) is unsupported, using system memory 2.9 GiB instead: 
W200430 17:26:44.132387 1 cli/start.go:1065  Using the default setting for --max-sql-memory (128 MiB).
  A significantly larger value is usually needed in production.
  If you have a dedicated server a reasonable setting is --max-sql-memory=.25 (749 MiB).
I200430 17:26:44.132758 1 server/status/recorder.go:597  available memory from cgroups (8.0 EiB) is unsupported, using system memory 2.9 GiB instead: 
I200430 17:26:44.132777 1 cli/start.go:1196  CockroachDB CCL v19.2.5 (x86_64-unknown-linux-gnu, built 2020/03/16 18:27:12, go1.12.12)
W200430 17:26:46.828811 1 cli/start.go:511  running 'cockroach start' without --join is deprecated.
Consider using 'cockroach start-single-node' or 'cockroach init' instead.
I200430 17:26:46.963821 1 server/status/recorder.go:597  available memory from cgroups (8.0 EiB) is unsupported, using system memory 2.9 GiB instead: 
I200430 17:26:46.963871 1 server/config.go:394  system total memory: 2.9 GiB
I200430 17:26:46.963967 1 server/config.go:396  server configuration:
max offset             500000000
cache size             128 MiB
SQL memory pool size   128 MiB
scan interval          10m0s
scan min idle time     10ms
scan max idle time     1s
event log enabled      true
I200430 17:26:46.964005 1 cli/start.go:1030  using local environment variables: COCKROACH_CHANNEL=official-docker
I200430 17:26:46.964049 1 cli/start.go:1037  process identity: uid 0 euid 0 gid 0 egid 0
I200430 17:26:46.964152 1 cli/start.go:644  starting cockroach node
I200430 17:26:47.049124 22 storage/engine/rocksdb.go:622  opening rocksdb instance at "/cockroach/cockroach-data/cockroach-temp270210080"
I200430 17:26:48.520917 22 server/server.go:928  [n?] monitoring forward clock jumps based on server.clock.forward_jump_check_enabled
I200430 17:26:48.670664 22 storage/engine/rocksdb.go:622  opening rocksdb instance at "/cockroach/cockroach-data"
I200430 17:26:56.661769 22 server/config.go:502  [n?] 1 storage engine initialized
I200430 17:26:56.661792 22 server/config.go:505  [n?] RocksDB cache size: 128 MiB
I200430 17:26:56.661800 22 server/config.go:505  [n?] store 0: RocksDB, max size 0 B, max open file limit 1043576
W200430 17:26:56.747574 22 cli/start.go:996  neither --listen-addr nor --advertise-addr was specified.
The server will advertise "d9d719c101d3" to other nodes, is this routable?

Consider using:
- for local-only servers:  --listen-addr=localhost
- for multi-node clusters: --advertise-addr=<host/IP addr>
I200430 17:26:56.934240 22 gossip/gossip.go:394  [n1] NodeDescriptor set to node_id:1 address:<network_field:"tcp" address_field:"d9d719c101d3:26257" > attrs:<> locality:<> ServerVersion:<major_val:19 minor_val:2 patch:0 unstable:0 > build_tag:"v19.2.5" started_at:1588267616933988584 cluster_name:"" sql_address:<network_field:"tcp" address_field:"d9d719c101d3:26257" > 
W200430 17:26:58.257114 119 storage/replica_range_lease.go:554  can't determine lease status due to node liveness error: node not in the liveness table
github.com/cockroachdb/cockroach/pkg/storage.init.ializers
	/go/src/github.com/cockroachdb/cockroach/pkg/storage/node_liveness.go:44
runtime.main
	/usr/local/go/src/runtime/proc.go:188
runtime.goexit
	/usr/local/go/src/runtime/asm_amd64.s:1337
W200430 17:26:58.257244 119 storage/store.go:1530  [n1,s1,r6/1:/Table/{SystemCon…-11}] could not gossip system config: [NotLeaseHolderError] r6: replica (n1,s1):1 not lease holder; lease holder unknown
I200430 17:26:58.720237 74 gossip/gossip.go:1531  [n1] node has connected to cluster via gossip
I200430 17:26:59.883818 22 server/node.go:431  [n1] initialized store [n1,s1]: disk (capacity=60 TiB, available=28 TiB, used=52 MiB, logicalBytes=197 MiB), ranges=37, leases=2, queries=0.00, writes=0.00, bytesPerReplica={p10=0.00 p25=0.00 p50=4474.00 p75=4996902.00 p90=23364076.00 pMax=29832608.00}, writesPerReplica={p10=0.00 p25=0.00 p50=0.00 p75=0.00 p90=0.00 pMax=0.00}
I200430 17:26:59.884018 22 storage/stores.go:240  [n1] read 1 node addresses from persistent storage
I200430 17:26:59.884242 22 server/node.go:645  [n1] connecting to gossip network to verify cluster ID...
I200430 17:26:59.884269 22 server/node.go:665  [n1] node connected via gossip and verified as part of cluster "ea35b6ad-0215-43e2-94d0-3ce953db1cc1"
I200430 17:26:59.884359 22 server/node.go:512  [n1] node=1: started with [<no-attributes>=/cockroach/cockroach-data] engine(s) and attributes []
I200430 17:26:59.924198 22 server/server.go:1514  [n1] starting http server at [::]:8080 (use: d9d719c101d3:8080)
I200430 17:26:59.924299 22 server/server.go:1521  [n1] starting grpc/postgres server at [::]:26257
I200430 17:26:59.924330 22 server/server.go:1522  [n1] advertising CockroachDB node at d9d719c101d3:26257
W200430 17:26:59.937751 157 storage/node_liveness.go:559  [n1,s1,r6/1:/Table/{SystemCon…-11}] slow heartbeat took 1.6s
I200430 17:27:00.570854 74 storage/stores.go:259  [n1] wrote 1 node addresses to persistent storage
W200430 17:27:01.867368 99 storage/store_raft.go:514  [n1,s1,r70/1:/System/tsd/cr.{node.…-store…}] handle raft ready: 0.7s [applied=1, batches=1, state_assertions=0]
W200430 17:27:01.868147 108 storage/store_raft.go:514  [n1,s1,r32/1:/System/tsd/cr.store.{kv…-ra…}] handle raft ready: 0.6s [applied=1, batches=1, state_assertions=0]
W200430 17:27:01.871472 106 storage/store_raft.go:514  [n1,s1,r98/1:/System/tsd/cr.node.sql.mem.i…] handle raft ready: 0.6s [applied=1, batches=1, state_assertions=0]
W200430 17:27:01.873617 112 storage/store_raft.go:514  [n1,s1,r99/1:/System/tsd/cr.node.{no…-sq…}] handle raft ready: 0.6s [applied=1, batches=1, state_assertions=0]
W200430 17:27:01.873847 103 storage/store_raft.go:514  [n1,s1,r125/1:/System/tsd/cr.node.{sq…-tx…}] handle raft ready: 0.6s [applied=1, batches=1, state_assertions=0]
W200430 17:27:01.874003 102 storage/store_raft.go:514  [n1,s1,r54/1:/System/tsd/cr.node.sql.…] handle raft ready: 0.6s [applied=1, batches=1, state_assertions=0]
W200430 17:27:01.874101 98 storage/store_raft.go:514  [n1,s1,r3/1:/System/{NodeLive…-tsd}] handle raft ready: 0.6s [applied=1, batches=1, state_assertions=0]
W200430 17:27:01.874401 100 storage/store_raft.go:514  [n1,s1,r101/1:/System{/tsd/cr.s…-tse}] handle raft ready: 0.5s [applied=1, batches=1, state_assertions=0]
W200430 17:27:01.923280 105 storage/store_raft.go:514  [n1,s1,r48/1:/System/tsd/cr.node.sql.…] handle raft ready: 0.6s [applied=1, batches=1, state_assertions=0]
W200430 17:27:02.348351 113 storage/store_raft.go:514  [n1,s1,r55/1:/System/tsd/cr.store.{ra…-tx…}] handle raft ready: 1.0s [applied=1, batches=1, state_assertions=0]
W200430 17:27:02.375759 111 storage/store_raft.go:514  [n1,s1,r52/1:/System/tsd/cr.node.sql.mem.…] handle raft ready: 1.0s [applied=1, batches=1, state_assertions=0]
W200430 17:27:02.379860 110 storage/store_raft.go:514  [n1,s1,r4/1:/System/tsd{-/cr.nod…}] handle raft ready: 1.0s [applied=1, batches=1, state_assertions=0]
W200430 17:27:02.380502 108 storage/store_raft.go:514  [n1,s1,r32/1:/System/tsd/cr.store.{kv…-ra…}] handle raft ready: 0.5s [applied=2, batches=1, state_assertions=0]
W200430 17:27:02.396242 99 storage/store_raft.go:514  [n1,s1,r70/1:/System/tsd/cr.{node.…-store…}] handle raft ready: 0.5s [applied=2, batches=1, state_assertions=0]
W200430 17:27:02.418727 106 storage/store_raft.go:514  [n1,s1,r98/1:/System/tsd/cr.node.sql.mem.i…] handle raft ready: 0.5s [applied=1, batches=1, state_assertions=0]
W200430 17:27:02.431064 112 storage/store_raft.go:514  [n1,s1,r99/1:/System/tsd/cr.node.{no…-sq…}] handle raft ready: 0.6s [applied=2, batches=1, state_assertions=0]
W200430 17:27:02.442391 103 storage/store_raft.go:514  [n1,s1,r125/1:/System/tsd/cr.node.{sq…-tx…}] handle raft ready: 0.6s [applied=3, batches=1, state_assertions=0]
W200430 17:27:02.484243 98 storage/store_raft.go:514  [n1,s1,r3/1:/System/{NodeLive…-tsd}] handle raft ready: 0.6s [applied=1, batches=1, state_assertions=0]
W200430 17:27:02.517032 100 storage/store_raft.go:514  [n1,s1,r101/1:/System{/tsd/cr.s…-tse}] handle raft ready: 0.6s [applied=1, batches=1, state_assertions=0]
W200430 17:27:02.711442 104 storage/store_raft.go:514  [n1,s1,r2/1:/System/NodeLiveness{-Max}] handle raft ready: 0.6s [applied=1, batches=1, state_assertions=0]
W200430 17:27:02.773701 102 storage/store_raft.go:514  [n1,s1,r54/1:/System/tsd/cr.node.sql.…] handle raft ready: 0.9s [applied=2, batches=1, state_assertions=0]
W200430 17:27:02.855868 113 storage/store_raft.go:514  [n1,s1,r55/1:/System/tsd/cr.store.{ra…-tx…}] handle raft ready: 0.5s [applied=2, batches=1, state_assertions=0]
W200430 17:27:02.974872 110 storage/store_raft.go:514  [n1,s1,r4/1:/System/tsd{-/cr.nod…}] handle raft ready: 0.6s [applied=2, batches=1, state_assertions=0]
W200430 17:27:03.071644 111 storage/store_raft.go:514  [n1,s1,r52/1:/System/tsd/cr.node.sql.mem.…] handle raft ready: 0.7s [applied=2, batches=1, state_assertions=0]
I200430 17:27:04.506142 22 server/server.go:1590  [n1] done ensuring all necessary migrations have run
I200430 17:27:04.506250 22 server/server.go:1841  [n1] serving sql connections
I200430 17:27:04.594642 22 cli/start.go:803  [config] clusterID: ea35b6ad-0215-43e2-94d0-3ce953db1cc1
I200430 17:27:04.594677 22 cli/start.go:812  node startup completed:
CockroachDB node starting at 2020-04-30 17:27:04.593782867 +0000 UTC (took 20.5s)
build:               CCL v19.2.5 @ 2020/03/16 18:27:12 (go1.12.12)
webui:               http://d9d719c101d3:8080
sql:                 postgresql://root@d9d719c101d3:26257?sslmode=disable
RPC client flags:    /cockroach/cockroach <client cmd> --host=d9d719c101d3:26257 --insecure
logs:                /cockroach/cockroach-data/logs
temp dir:            /cockroach/cockroach-data/cockroach-temp270210080
external I/O path:   /cockroach/cockroach-data/extern
store[0]:            path=/cockroach/cockroach-data
status:              restarted pre-existing node
clusterID:           ea35b6ad-0215-43e2-94d0-3ce953db1cc1
nodeID:              1
I200430 17:27:04.827897 409 server/server_update.go:53  [n1] no need to upgrade, cluster already at the newest version
I200430 17:27:05.140612 413 sql/event_log.go:130  [n1] Event: "node_restart", target: 1, info: {Descriptor:{NodeID:1 Address:d9d719c101d3:26257 Attrs: Locality: ServerVersion:19.2 BuildTag:v19.2.5 StartedAt:1588267616933988584 LocalityAddress:[] ClusterName: SQLAddress:d9d719c101d3:26257} ClusterID:ea35b6ad-0215-43e2-94d0-3ce953db1cc1 StartedAt:1588267616933988584 LastUp:1588267530747711877}
I200430 17:27:06.650318 341 storage/replica_consistency.go:229  [n1,consistencyChecker,s1,r125/1:/System/tsd/cr.node.{sq…-tx…}] triggering stats recomputation to resolve delta of {ContainsEstimates:true LastUpdateNanos:1588267621596358335 IntentAge:0 GCBytesAge:0 LiveBytes:11501843 LiveCount:-3400 KeyBytes:-161350 KeyCount:-3400 ValBytes:11663193 ValCount:-3400 IntentBytes:0 IntentCount:0 SysBytes:0 SysCount:0}
I200430 17:27:10.004986 214 server/status/runtime.go:498  [n1] runtime stats: 163 MiB RSS, 161 goroutines, 100 MiB/24 MiB/135 MiB GO alloc/idle/total, 30 MiB/37 MiB CGO alloc/total, 0.0 CGO/sec, 0.0/0.0 %(u/s)time, 0.0 %gc (10x), 160 KiB/90 KiB (r/w)net
W200430 17:27:16.239566 438 server/node.go:826  [n1,summaries] health alerts detected: {Alerts:[{StoreID:1 Category:METRICS Description:ranges.underreplicated Value:37}]}
I200430 17:27:20.130706 214 server/status/runtime.go:498  [n1] runtime stats: 242 MiB RSS, 156 goroutines, 108 MiB/76 MiB/202 MiB GO alloc/idle/total, 49 MiB/62 MiB CGO alloc/total, 112.4 CGO/sec, 11.9/5.8 %(u/s)time, 0.4 %gc (2x), 192 KiB/40 KiB (r/w)net
I200430 17:27:20.322676 145 storage/store.go:2364  [n1,s1] sstables (read amplification = 1):
6 [ 16M 4 ]: 4M[4]
I200430 17:27:20.322915 145 storage/store.go:2365  [n1,s1] 
** Compaction Stats [default] **
Level    Files   Size     Score Read(GB)  Rn(GB) Rnp1(GB) Write(GB) Wnew(GB) Moved(GB) W-Amp Rd(MB/s) Wr(MB/s) Comp(sec) CompMergeCPU(sec) Comp(cnt) Avg(sec) KeyIn KeyDrop
----------------------------------------------------------------------------------------------------------------------------------------------------------------------------
  L0      0/0    0.00 KB   0.0      0.0     0.0      0.0       0.0      0.0       0.0   1.0      0.0      0.3      1.69              0.00         1    1.691       0      0
  L6      4/0   15.60 MB   0.0      0.0     0.0      0.0       0.0     -0.0       0.0  31.0      1.3      1.0     15.13              0.78         1   15.131     85K    28K
 Sum      4/0   15.60 MB   0.0      0.0     0.0      0.0       0.0     -0.0       0.0  32.0      1.1      1.0     16.82              0.78         2    8.411     85K    28K
 Int      0/0    0.00 KB   0.0      0.0     0.0      0.0       0.0     -0.0       0.0  32.0      1.1      1.0     16.82              0.78         2    8.411     85K    28K

** Compaction Stats [default] **
Priority    Files   Size     Score Read(GB)  Rn(GB) Rnp1(GB) Write(GB) Wnew(GB) Moved(GB) W-Amp Rd(MB/s) Wr(MB/s) Comp(sec) CompMergeCPU(sec) Comp(cnt) Avg(sec) KeyIn KeyDrop
-------------------------------------------------------------------------------------------------------------------------------------------------------------------------------
 Low      0/0    0.00 KB   0.0      0.0     0.0      0.0       0.0     -0.0       0.0   0.0      1.3      1.0     15.13              0.78         1   15.131     85K    28K
User      0/0    0.00 KB   0.0      0.0     0.0      0.0       0.0      0.0       0.0   0.0      0.0      0.3      1.69              0.00         1    1.691       0      0
Uptime(secs): 31.3 total, 31.3 interval
Flush(GB): cumulative 0.000, interval 0.000
AddFile(GB): cumulative 0.000, interval 0.000
AddFile(Total Files): cumulative 0, interval 0
AddFile(L0 Files): cumulative 0, interval 0
AddFile(Keys): cumulative 0, interval 0
Cumulative compaction: 0.02 GB write, 0.51 MB/s write, 0.02 GB read, 0.61 MB/s read, 16.8 seconds
Interval compaction: 0.02 GB write, 0.51 MB/s write, 0.02 GB read, 0.61 MB/s read, 16.8 seconds
Stalls(count): 0 level0_slowdown, 0 level0_slowdown_with_compaction, 0 level0_numfiles, 0 level0_numfiles_with_compaction, 0 stop for pending_compaction_bytes, 0 slowdown for pending_compaction_bytes, 0 memtable_compaction, 0 memtable_slowdown, interval 0 total count
estimated_pending_compaction_bytes: 0 B
W200430 17:27:26.244512 438 server/node.go:826  [n1,summaries] health alerts detected: {Alerts:[{StoreID:1 Category:METRICS Description:ranges.underreplicated Value:37}]}
I200430 17:27:30.090479 214 server/status/runtime.go:498  [n1] runtime stats: 273 MiB RSS, 156 goroutines, 104 MiB/79 MiB/202 MiB GO alloc/idle/total, 64 MiB/82 MiB CGO alloc/total, 2144.9 CGO/sec, 15.1/7.7 %(u/s)time, 0.0 %gc (2x), 34 KiB/18 KiB (r/w)net
W200430 17:27:33.845272 112 storage/store_raft.go:514  [n1,s1,r55/1:/System/tsd/cr.store.{ra…-tx…}] handle raft ready: 0.5s [applied=1, batches=1, state_assertions=0]
W200430 17:27:33.871144 102 storage/store_raft.go:514  [n1,s1,r2/1:/System/NodeLiveness{-Max}] handle raft ready: 0.5s [applied=1, batches=1, state_assertions=0]
W200430 17:27:33.872924 103 storage/store_raft.go:514  [n1,s1,r32/1:/System/tsd/cr.store.{kv…-ra…}] handle raft ready: 0.6s [applied=1, batches=1, state_assertions=0]
W200430 17:27:33.988972 101 storage/store_raft.go:514  [n1,s1,r70/1:/System/tsd/cr.{node.…-store…}] handle raft ready: 0.5s [applied=1, batches=1, state_assertions=0]
W200430 17:27:33.989289 106 storage/store_raft.go:514  [n1,s1,r98/1:/System/tsd/cr.node.sql.mem.i…] handle raft ready: 0.5s [applied=2, batches=1, state_assertions=0]
W200430 17:27:33.989399 109 storage/store_raft.go:514  [n1,s1,r48/1:/System/tsd/cr.node.sql.…] handle raft ready: 0.5s [applied=1, batches=1, state_assertions=0]
W200430 17:27:36.608620 438 server/node.go:826  [n1,summaries] health alerts detected: {Alerts:[{StoreID:1 Category:METRICS Description:ranges.underreplicated Value:37}]}
I200430 17:27:40.048432 214 server/status/runtime.go:498  [n1] runtime stats: 282 MiB RSS, 156 goroutines, 95 MiB/88 MiB/202 MiB GO alloc/idle/total, 68 MiB/89 MiB CGO alloc/total, 685.2 CGO/sec, 10.6/5.8 %(u/s)time, 0.1 %gc (1x), 36 KiB/22 KiB (r/w)net
W200430 17:27:44.854702 438 server/node.go:826  [n1,summaries] health alerts detected: {Alerts:[{StoreID:1 Category:METRICS Description:ranges.underreplicated Value:37}]}
I200430 17:27:50.048807 214 server/status/runtime.go:498  [n1] runtime stats: 282 MiB RSS, 156 goroutines, 104 MiB/82 MiB/202 MiB GO alloc/idle/total, 68 MiB/89 MiB CGO alloc/total, 40.5 CGO/sec, 2.8/2.5 %(u/s)time, 0.0 %gc (0x), 33 KiB/14 KiB (r/w)net
W200430 17:27:55.540965 438 server/node.go:826  [n1,summaries] health alerts detected: {Alerts:[{StoreID:1 Category:METRICS Description:ranges.underreplicated Value:37}]}
I200430 17:27:59.956831 146 gossip/gossip.go:566  [n1] gossip status (ok, 2 nodes)
gossip client (0/3 cur/max conns)
gossip server (1/3 cur/max conns, infos 204/41 sent/received, bytes 41289B/6328B sent/received)
  2: e611eb77555c:26257 (1m3s)
gossip connectivity
  n1 [sentinel];
  n2 -> n1;
I200430 17:28:00.085565 214 server/status/runtime.go:498  [n1] runtime stats: 283 MiB RSS, 158 goroutines, 113 MiB/74 MiB/202 MiB GO alloc/idle/total, 68 MiB/89 MiB CGO alloc/total, 50.7 CGO/sec, 4.5/3.2 %(u/s)time, 0.0 %gc (0x), 34 KiB/15 KiB (r/w)net
W200430 17:28:05.021192 438 server/node.go:826  [n1,summaries] health alerts detected: {Alerts:[{StoreID:1 Category:METRICS Description:ranges.underreplicated Value:37}]}
I200430 17:28:10.057186 214 server/status/runtime.go:498  [n1] runtime stats: 284 MiB RSS, 155 goroutines, 125 MiB/62 MiB/202 MiB GO alloc/idle/total, 68 MiB/89 MiB CGO alloc/total, 61.6 CGO/sec, 4.3/4.0 %(u/s)time, 0.0 %gc (0x), 40 KiB/28 KiB (r/w)net
W200430 17:28:14.854326 438 server/node.go:826  [n1,summaries] health alerts detected: {Alerts:[{StoreID:1 Category:METRICS Description:ranges.underreplicated Value:37}]}
I200430 17:28:20.050715 214 server/status/runtime.go:498  [n1] runtime stats: 281 MiB RSS, 155 goroutines, 135 MiB/52 MiB/202 MiB GO alloc/idle/total, 68 MiB/89 MiB CGO alloc/total, 39.9 CGO/sec, 2.4/2.9 %(u/s)time, 0.0 %gc (0x), 31 KiB/13 KiB (r/w)net
W200430 17:28:24.711445 438 server/node.go:826  [n1,summaries] health alerts detected: {Alerts:[{StoreID:1 Category:METRICS Description:ranges.underreplicated Value:37}]}
I200430 17:28:30.045718 214 server/status/runtime.go:498  [n1] runtime stats: 282 MiB RSS, 157 goroutines, 145 MiB/42 MiB/202 MiB GO alloc/idle/total, 76 MiB/97 MiB CGO alloc/total, 43.6 CGO/sec, 2.4/2.5 %(u/s)time, 0.0 %gc (0x), 32 KiB/14 KiB (r/w)net
W200430 17:28:34.624350 438 server/node.go:826  [n1,summaries] health alerts detected: {Alerts:[{StoreID:1 Category:METRICS Description:ranges.underreplicated Value:37}]}
I200430 17:28:40.027786 214 server/status/runtime.go:498  [n1] runtime stats: 283 MiB RSS, 158 goroutines, 81 MiB/100 MiB/202 MiB GO alloc/idle/total, 76 MiB/97 MiB CGO alloc/total, 43.2 CGO/sec, 2.0/1.2 %(u/s)time, 0.0 %gc (1x), 33 KiB/15 KiB (r/w)net
W200430 17:28:45.077457 438 server/node.go:826  [n1,summaries] health alerts detected: {Alerts:[{StoreID:1 Category:METRICS Description:ranges.underreplicated Value:37}]}
I200430 17:28:50.032288 214 server/status/runtime.go:498  [n1] runtime stats: 284 MiB RSS, 158 goroutines, 90 MiB/94 MiB/202 MiB GO alloc/idle/total, 76 MiB/97 MiB CGO alloc/total, 31.9 CGO/sec, 3.6/2.5 %(u/s)time, 0.0 %gc (0x), 30 KiB/12 KiB (r/w)net
W200430 17:28:56.460740 438 server/node.go:826  [n1,summaries] health alerts detected: {Alerts:[{StoreID:1 Category:METRICS Description:ranges.underreplicated Value:37}]}
I200430 17:28:59.880264 146 gossip/gossip.go:566  [n1] gossip status (ok, 2 nodes)
gossip client (0/3 cur/max conns)
gossip server (1/3 cur/max conns, infos 348/72 sent/received, bytes 56928B/10950B sent/received)
  2: e611eb77555c:26257 (2m3s)
I200430 17:29:00.036152 214 server/status/runtime.go:498  [n1] runtime stats: 286 MiB RSS, 158 goroutines, 98 MiB/87 MiB/202 MiB GO alloc/idle/total, 76 MiB/97 MiB CGO alloc/total, 39.7 CGO/sec, 4.4/3.3 %(u/s)time, 0.0 %gc (0x), 31 KiB/13 KiB (r/w)net
W200430 17:29:04.620248 438 server/node.go:826  [n1,summaries] health alerts detected: {Alerts:[{StoreID:1 Category:METRICS Description:ranges.underreplicated Value:37}]}
I200430 17:29:10.008558 214 server/status/runtime.go:498  [n1] runtime stats: 287 MiB RSS, 157 goroutines, 108 MiB/79 MiB/202 MiB GO alloc/idle/total, 76 MiB/97 MiB CGO alloc/total, 68.2 CGO/sec, 3.7/1.8 %(u/s)time, 0.0 %gc (0x), 33 KiB/15 KiB (r/w)net
W200430 17:29:14.670531 438 server/node.go:826  [n1,summaries] health alerts detected: {Alerts:[{StoreID:1 Category:METRICS Description:ranges.underreplicated Value:37}]}
I200430 17:29:20.008947 214 server/status/runtime.go:498  [n1] runtime stats: 287 MiB RSS, 157 goroutines, 116 MiB/71 MiB/202 MiB GO alloc/idle/total, 76 MiB/97 MiB CGO alloc/total, 41.1 CGO/sec, 2.0/1.1 %(u/s)time, 0.0 %gc (0x), 31 KiB/12 KiB (r/w)net
W200430 17:29:24.566208 438 server/node.go:826  [n1,summaries] health alerts detected: {Alerts:[{StoreID:1 Category:METRICS Description:ranges.underreplicated Value:37}]}
I200430 17:29:30.020597 214 server/status/runtime.go:498  [n1] runtime stats: 288 MiB RSS, 157 goroutines, 124 MiB/63 MiB/202 MiB GO alloc/idle/total, 76 MiB/97 MiB CGO alloc/total, 35.4 CGO/sec, 1.4/1.1 %(u/s)time, 0.0 %gc (0x), 30 KiB/12 KiB (r/w)net
W200430 17:29:34.545990 438 server/node.go:826  [n1,summaries] health alerts detected: {Alerts:[{StoreID:1 Category:METRICS Description:ranges.underreplicated Value:37}]}
I200430 17:29:40.004011 214 server/status/runtime.go:498  [n1] runtime stats: 288 MiB RSS, 158 goroutines, 133 MiB/55 MiB/202 MiB GO alloc/idle/total, 76 MiB/97 MiB CGO alloc/total, 43.7 CGO/sec, 1.9/1.3 %(u/s)time, 0.0 %gc (0x), 33 KiB/14 KiB (r/w)net
W200430 17:29:44.742339 438 server/node.go:826  [n1,summaries] health alerts detected: {Alerts:[{StoreID:1 Category:METRICS Description:ranges.underreplicated Value:37}]}
I200430 17:29:50.011400 214 server/status/runtime.go:498  [n1] runtime stats: 289 MiB RSS, 158 goroutines, 141 MiB/47 MiB/202 MiB GO alloc/idle/total, 76 MiB/97 MiB CGO alloc/total, 37.8 CGO/sec, 2.0/1.3 %(u/s)time, 0.0 %gc (0x), 31 KiB/13 KiB (r/w)net
W200430 17:29:54.746444 438 server/node.go:826  [n1,summaries] health alerts detected: {Alerts:[{StoreID:1 Category:METRICS Description:ranges.underreplicated Value:37}]}
I200430 17:29:59.838625 146 gossip/gossip.go:566  [n1] gossip status (ok, 2 nodes)
gossip client (0/3 cur/max conns)
gossip server (1/3 cur/max conns, infos 490/103 sent/received, bytes 72359B/15572B sent/received)
  2: e611eb77555c:26257 (3m3s)
I200430 17:30:00.008992 214 server/status/runtime.go:498  [n1] runtime stats: 289 MiB RSS, 158 goroutines, 149 MiB/39 MiB/202 MiB GO alloc/idle/total, 76 MiB/97 MiB CGO alloc/total, 40.8 CGO/sec, 1.7/1.2 %(u/s)time, 0.0 %gc (0x), 31 KiB/13 KiB (r/w)net
W200430 17:30:04.580267 438 server/node.go:826  [n1,summaries] health alerts detected: {Alerts:[{StoreID:1 Category:METRICS Description:ranges.underreplicated Value:37}]}
I200430 17:30:09.983326 214 server/status/runtime.go:498  [n1] runtime stats: 290 MiB RSS, 157 goroutines, 85 MiB/96 MiB/202 MiB GO alloc/idle/total, 76 MiB/97 MiB CGO alloc/total, 68.7 CGO/sec, 2.2/1.2 %(u/s)time, 0.0 %gc (1x), 32 KiB/15 KiB (r/w)net
W200430 17:30:14.540010 438 server/node.go:826  [n1,summaries] health alerts detected: {Alerts:[{StoreID:1 Category:METRICS Description:ranges.underreplicated Value:37}]}
I200430 17:30:19.985945 214 server/status/runtime.go:498  [n1] runtime stats: 290 MiB RSS, 157 goroutines, 94 MiB/90 MiB/202 MiB GO alloc/idle/total, 76 MiB/97 MiB CGO alloc/total, 37.7 CGO/sec, 1.5/0.9 %(u/s)time, 0.0 %gc (0x), 31 KiB/12 KiB (r/w)net
W200430 17:30:24.949832 438 server/node.go:826  [n1,summaries] health alerts detected: {Alerts:[{StoreID:1 Category:METRICS Description:ranges.underreplicated Value:37}]}
I200430 17:30:29.993815 214 server/status/runtime.go:498  [n1] runtime stats: 290 MiB RSS, 157 goroutines, 102 MiB/83 MiB/202 MiB GO alloc/idle/total, 76 MiB/97 MiB CGO alloc/total, 33.7 CGO/sec, 3.9/2.4 %(u/s)time, 0.0 %gc (0x), 31 KiB/13 KiB (r/w)net
W200430 17:30:34.469676 438 server/node.go:826  [n1,summaries] health alerts detected: {Alerts:[{StoreID:1 Category:METRICS Description:ranges.underreplicated Value:37}]}
I200430 17:30:39.977157 214 server/status/runtime.go:498  [n1] runtime stats: 290 MiB RSS, 158 goroutines, 110 MiB/75 MiB/202 MiB GO alloc/idle/total, 76 MiB/97 MiB CGO alloc/total, 42.7 CGO/sec, 2.3/1.4 %(u/s)time, 0.0 %gc (0x), 32 KiB/15 KiB (r/w)net
W200430 17:30:44.476832 438 server/node.go:826  [n1,summaries] health alerts detected: {Alerts:[{StoreID:1 Category:METRICS Description:ranges.underreplicated Value:37}]}
I200430 17:30:49.974380 214 server/status/runtime.go:498  [n1] runtime stats: 292 MiB RSS, 158 goroutines, 118 MiB/68 MiB/202 MiB GO alloc/idle/total, 76 MiB/97 MiB CGO alloc/total, 38.7 CGO/sec, 1.3/0.8 %(u/s)time, 0.0 %gc (0x), 31 KiB/12 KiB (r/w)net
W200430 17:30:54.817024 438 server/node.go:826  [n1,summaries] health alerts detected: {Alerts:[{StoreID:1 Category:METRICS Description:ranges.underreplicated Value:37}]}
I200430 17:30:59.791836 146 gossip/gossip.go:566  [n1] gossip status (ok, 2 nodes)
gossip client (0/3 cur/max conns)
gossip server (1/3 cur/max conns, infos 634/134 sent/received, bytes 87986B/20194B sent/received)
  2: e611eb77555c:26257 (4m3s)
I200430 17:30:59.973422 214 server/status/runtime.go:498  [n1] runtime stats: 292 MiB RSS, 158 goroutines, 127 MiB/60 MiB/202 MiB GO alloc/idle/total, 76 MiB/97 MiB CGO alloc/total, 35.2 CGO/sec, 1.8/1.6 %(u/s)time, 0.0 %gc (0x), 31 KiB/13 KiB (r/w)net
W200430 17:31:04.431062 438 server/node.go:826  [n1,summaries] health alerts detected: {Alerts:[{StoreID:1 Category:METRICS Description:ranges.underreplicated Value:37}]}
I200430 17:31:09.952488 214 server/status/runtime.go:498  [n1] runtime stats: 293 MiB RSS, 157 goroutines, 136 MiB/51 MiB/202 MiB GO alloc/idle/total, 76 MiB/97 MiB CGO alloc/total, 67.7 CGO/sec, 2.7/0.9 %(u/s)time, 0.0 %gc (0x), 32 KiB/14 KiB (r/w)net
W200430 17:31:14.472144 438 server/node.go:826  [n1,summaries] health alerts detected: {Alerts:[{StoreID:1 Category:METRICS Description:ranges.underreplicated Value:37}]}
I200430 17:31:19.965487 214 server/status/runtime.go:498  [n1] runtime stats: 293 MiB RSS, 157 goroutines, 145 MiB/43 MiB/202 MiB GO alloc/idle/total, 84 MiB/105 MiB CGO alloc/total, 39.0 CGO/sec, 1.8/1.2 %(u/s)time, 0.0 %gc (0x), 32 KiB/13 KiB (r/w)net
W200430 17:31:24.506141 438 server/node.go:826  [n1,summaries] health alerts detected: {Alerts:[{StoreID:1 Category:METRICS Description:ranges.underreplicated Value:37}]}
I200430 17:31:29.964107 214 server/status/runtime.go:498  [n1] runtime stats: 293 MiB RSS, 157 goroutines, 152 MiB/35 MiB/202 MiB GO alloc/idle/total, 84 MiB/105 MiB CGO alloc/total, 38.5 CGO/sec, 1.4/0.9 %(u/s)time, 0.0 %gc (0x), 31 KiB/12 KiB (r/w)net
W200430 17:31:34.435697 438 server/node.go:826  [n1,summaries] health alerts detected: {Alerts:[{StoreID:1 Category:METRICS Description:ranges.underreplicated Value:37}]}
I200430 17:31:39.941586 214 server/status/runtime.go:498  [n1] runtime stats: 294 MiB RSS, 158 goroutines, 88 MiB/95 MiB/202 MiB GO alloc/idle/total, 84 MiB/105 MiB CGO alloc/total, 41.9 CGO/sec, 2.0/1.1 %(u/s)time, 0.0 %gc (1x), 32 KiB/15 KiB (r/w)net
W200430 17:31:44.455006 438 server/node.go:826  [n1,summaries] health alerts detected: {Alerts:[{StoreID:1 Category:METRICS Description:ranges.underreplicated Value:37}]}
I200430 17:31:49.942315 214 server/status/runtime.go:498  [n1] runtime stats: 294 MiB RSS, 158 goroutines, 96 MiB/88 MiB/202 MiB GO alloc/idle/total, 84 MiB/105 MiB CGO alloc/total, 35.3 CGO/sec, 1.1/1.0 %(u/s)time, 0.0 %gc (0x), 31 KiB/12 KiB (r/w)net
W200430 17:31:54.466226 438 server/node.go:826  [n1,summaries] health alerts detected: {Alerts:[{StoreID:1 Category:METRICS Description:ranges.underreplicated Value:37}]}
I200430 17:31:59.745681 146 gossip/gossip.go:566  [n1] gossip status (ok, 2 nodes)
gossip client (0/3 cur/max conns)
gossip server (1/3 cur/max conns, infos 779/165 sent/received, bytes 103762B/24816B sent/received)
  2: e611eb77555c:26257 (5m3s)
I200430 17:31:59.943877 214 server/status/runtime.go:498  [n1] runtime stats: 295 MiB RSS, 158 goroutines, 105 MiB/80 MiB/202 MiB GO alloc/idle/total, 83 MiB/105 MiB CGO alloc/total, 38.0 CGO/sec, 1.8/1.2 %(u/s)time, 0.0 %gc (0x), 32 KiB/13 KiB (r/w)net
W200430 17:32:04.439494 438 server/node.go:826  [n1,summaries] health alerts detected: {Alerts:[{StoreID:1 Category:METRICS Description:ranges.underreplicated Value:37}]}
I200430 17:32:09.921392 214 server/status/runtime.go:498  [n1] runtime stats: 295 MiB RSS, 157 goroutines, 114 MiB/72 MiB/202 MiB GO alloc/idle/total, 83 MiB/105 MiB CGO alloc/total, 65.4 CGO/sec, 1.8/1.0 %(u/s)time, 0.0 %gc (0x), 32 KiB/14 KiB (r/w)net
W200430 17:32:14.614402 438 server/node.go:826  [n1,summaries] health alerts detected: {Alerts:[{StoreID:1 Category:METRICS Description:ranges.underreplicated Value:37}]}
I200430 17:32:19.921555 214 server/status/runtime.go:498  [n1] runtime stats: 296 MiB RSS, 157 goroutines, 122 MiB/65 MiB/202 MiB GO alloc/idle/total, 83 MiB/105 MiB CGO alloc/total, 36.2 CGO/sec, 1.4/0.7 %(u/s)time, 0.0 %gc (0x), 30 KiB/12 KiB (r/w)net
W200430 17:32:24.419864 438 server/node.go:826  [n1,summaries] health alerts detected: {Alerts:[{StoreID:1 Category:METRICS Description:ranges.underreplicated Value:37}]}
I200430 17:32:29.928804 214 server/status/runtime.go:498  [n1] runtime stats: 296 MiB RSS, 157 goroutines, 130 MiB/57 MiB/202 MiB GO alloc/idle/total, 83 MiB/105 MiB CGO alloc/total, 35.2 CGO/sec, 1.2/0.9 %(u/s)time, 0.0 %gc (0x), 31 KiB/12 KiB (r/w)net
W200430 17:32:34.424601 438 server/node.go:826  [n1,summaries] health alerts detected: {Alerts:[{StoreID:1 Category:METRICS Description:ranges.underreplicated Value:37}]}
I200430 17:32:39.907497 214 server/status/runtime.go:498  [n1] runtime stats: 297 MiB RSS, 158 goroutines, 138 MiB/49 MiB/202 MiB GO alloc/idle/total, 83 MiB/105 MiB CGO alloc/total, 39.3 CGO/sec, 2.1/1.4 %(u/s)time, 0.0 %gc (0x), 32 KiB/14 KiB (r/w)net
W200430 17:32:44.401028 438 server/node.go:826  [n1,summaries] health alerts detected: {Alerts:[{StoreID:1 Category:METRICS Description:ranges.underreplicated Value:37}]}
I200430 17:32:49.907100 214 server/status/runtime.go:498  [n1] runtime stats: 298 MiB RSS, 158 goroutines, 146 MiB/41 MiB/202 MiB GO alloc/idle/total, 83 MiB/105 MiB CGO alloc/total, 45.4 CGO/sec, 1.4/0.9 %(u/s)time, 0.0 %gc (0x), 30 KiB/12 KiB (r/w)net
W200430 17:32:54.388768 438 server/node.go:826  [n1,summaries] health alerts detected: {Alerts:[{StoreID:1 Category:METRICS Description:ranges.underreplicated Value:37}]}
I200430 17:32:59.702599 146 gossip/gossip.go:566  [n1] gossip status (ok, 2 nodes)
gossip client (0/3 cur/max conns)
gossip server (1/3 cur/max conns, infos 921/196 sent/received, bytes 119301B/29438B sent/received)
  2: e611eb77555c:26257 (6m3s)
I200430 17:32:59.907904 214 server/status/runtime.go:498  [n1] runtime stats: 298 MiB RSS, 158 goroutines, 82 MiB/99 MiB/202 MiB GO alloc/idle/total, 83 MiB/105 MiB CGO alloc/total, 31.6 CGO/sec, 1.6/0.8 %(u/s)time, 0.0 %gc (1x), 30 KiB/12 KiB (r/w)net
W200430 17:33:04.388523 438 server/node.go:826  [n1,summaries] health alerts detected: {Alerts:[{StoreID:1 Category:METRICS Description:ranges.underreplicated Value:37}]}
I200430 17:33:09.886601 214 server/status/runtime.go:498  [n1] runtime stats: 299 MiB RSS, 157 goroutines, 92 MiB/91 MiB/202 MiB GO alloc/idle/total, 83 MiB/105 MiB CGO alloc/total, 67.1 CGO/sec, 1.6/1.1 %(u/s)time, 0.0 %gc (0x), 34 KiB/16 KiB (r/w)net
W200430 17:33:14.453817 438 server/node.go:826  [n1,summaries] health alerts detected: {Alerts:[{StoreID:1 Category:METRICS Description:ranges.underreplicated Value:37}]}
I200430 17:33:16.508654 1 cli/start.go:865  received signal 'terminated'
I200430 17:33:16.533918 1 cli/start.go:930  initiating graceful shutdown of server
I200430 17:33:16.547775 6956 util/stop/stopper.go:542  [server drain process] quiescing; tasks left:
1      storage.Store: draining replica
1      [async] intent_resolver_ir_batcher
1      [async] intent_resolver_gc_batcher
1      [async] closedts-subscription
1      [async] closedts-rangefeed-subscriber
W200430 17:33:16.552459 61 vendor/google.golang.org/grpc/clientconn.go:1206  grpc: addrConn.createTransport failed to connect to {d9d719c101d3:26257 0  <nil>}. Err :connection error: desc = "transport: failed to write client preface: io: read/write on closed pipe". Reconnecting...
I200430 17:33:16.618299 6938 vendor/github.com/cockroachdb/circuitbreaker/circuitbreaker.go:322  [n1] circuitbreaker: rpc [::]:26257 [n2] tripped: failed to connect to n2 at e611eb77555c:26257: context canceled
I200430 17:33:16.638619 6938 vendor/github.com/cockroachdb/circuitbreaker/circuitbreaker.go:447  [n1] circuitbreaker: rpc [::]:26257 [n2] event: BreakerTripped
I200430 17:33:16.655219 6938 rpc/nodedialer/nodedialer.go:160  [ct-client] unable to connect to n2: failed to connect to n2 at e611eb77555c:26257: context canceled
I200430 17:33:16.661589 6956 storage/engine/rocksdb.go:762  closing rocksdb instance at "/cockroach/cockroach-data/cockroach-temp270210080"
I200430 17:33:16.935987 6956 storage/engine/rocksdb.go:762  closing rocksdb instance at "/cockroach/cockroach-data"
I200430 17:33:17.095718 1 cli/start.go:976  server drained and shutdown completed
