I200407 18:51:24.436251 21 util/log/clog.go:1196  [config] file created at: 2020/04/07 18:51:24
I200407 18:51:24.436251 21 util/log/clog.go:1196  [config] running on machine: e7a2d7ddfe48
I200407 18:51:24.436251 21 util/log/clog.go:1196  [config] binary: CockroachDB CCL v19.2.5 (x86_64-unknown-linux-gnu, built 2020/03/16 18:27:12, go1.12.12)
I200407 18:51:24.436251 21 util/log/clog.go:1196  [config] arguments: [/cockroach/cockroach start --insecure]
I200407 18:51:24.436251 21 util/log/clog.go:1196  line format: [IWEF]yymmdd hh:mm:ss.uuuuuu goid file:line msg utf8=✓
I200407 18:51:24.436088 21 storage/engine/rocksdb.go:120  RocksDB version: 6.2.1
I200407 18:51:24.476121 21 storage/engine/rocksdb.go:120  Git sha rocksdb_build_git_sha:@b7009236531fa784872f4823eabf393501e41bf2@
I200407 18:51:24.604221 21 storage/engine/rocksdb.go:120  Compile date Mar 16 2020
I200407 18:51:24.604251 21 storage/engine/rocksdb.go:120  DB SUMMARY
I200407 18:51:24.611384 21 storage/engine/rocksdb.go:120  SST files in /cockroach/cockroach-data/cockroach-temp390304640 dir, Total Num: 0, files: 
I200407 18:51:24.611485 21 storage/engine/rocksdb.go:120  Write Ahead Log file in /cockroach/cockroach-data/cockroach-temp390304640: 
I200407 18:51:24.611534 21 storage/engine/rocksdb.go:120                          Options.error_if_exists: 0
I200407 18:51:24.612011 21 storage/engine/rocksdb.go:120                        Options.create_if_missing: 1
I200407 18:51:24.612048 21 storage/engine/rocksdb.go:120                          Options.paranoid_checks: 1
I200407 18:51:24.612079 21 storage/engine/rocksdb.go:120                                      Options.env: 0x75757a0
I200407 18:51:24.612108 21 storage/engine/rocksdb.go:120                                 Options.info_log: 0x7efe3960d100
I200407 18:51:24.612144 21 storage/engine/rocksdb.go:120                 Options.max_file_opening_threads: 16
I200407 18:51:24.612173 21 storage/engine/rocksdb.go:120                               Options.statistics: 0x7efe39629010
I200407 18:51:24.612201 21 storage/engine/rocksdb.go:120                                Options.use_fsync: 0
I200407 18:51:24.612230 21 storage/engine/rocksdb.go:120                        Options.max_log_file_size: 0
I200407 18:51:24.612258 21 storage/engine/rocksdb.go:120                   Options.max_manifest_file_size: 134217728
I200407 18:51:24.612286 21 storage/engine/rocksdb.go:120                    Options.log_file_time_to_roll: 0
I200407 18:51:24.612315 21 storage/engine/rocksdb.go:120                        Options.keep_log_file_num: 1000
I200407 18:51:24.612343 21 storage/engine/rocksdb.go:120                     Options.recycle_log_file_num: 1
I200407 18:51:24.612371 21 storage/engine/rocksdb.go:120                          Options.allow_fallocate: 1
I200407 18:51:24.612400 21 storage/engine/rocksdb.go:120                         Options.allow_mmap_reads: 0
I200407 18:51:24.612429 21 storage/engine/rocksdb.go:120                        Options.allow_mmap_writes: 0
I200407 18:51:24.612458 21 storage/engine/rocksdb.go:120                         Options.use_direct_reads: 0
I200407 18:51:24.612478 21 storage/engine/rocksdb.go:120                         Options.use_direct_io_for_flush_and_compaction: 0
I200407 18:51:24.612507 21 storage/engine/rocksdb.go:120           Options.create_missing_column_families: 0
I200407 18:51:24.612537 21 storage/engine/rocksdb.go:120                               Options.db_log_dir: 
I200407 18:51:24.612570 21 storage/engine/rocksdb.go:120                                  Options.wal_dir: /cockroach/cockroach-data/cockroach-temp390304640
I200407 18:51:24.612598 21 storage/engine/rocksdb.go:120                 Options.table_cache_numshardbits: 6
I200407 18:51:24.612629 21 storage/engine/rocksdb.go:120                       Options.max_subcompactions: 1
I200407 18:51:24.612657 21 storage/engine/rocksdb.go:120                   Options.max_background_flushes: -1
I200407 18:51:24.612685 21 storage/engine/rocksdb.go:120                          Options.WAL_ttl_seconds: 0
I200407 18:51:24.612713 21 storage/engine/rocksdb.go:120                        Options.WAL_size_limit_MB: 0
I200407 18:51:24.612907 21 storage/engine/rocksdb.go:120              Options.manifest_preallocation_size: 4194304
I200407 18:51:24.612946 21 storage/engine/rocksdb.go:120                      Options.is_fd_close_on_exec: 1
I200407 18:51:24.612983 21 storage/engine/rocksdb.go:120                    Options.advise_random_on_open: 1
I200407 18:51:24.613019 21 storage/engine/rocksdb.go:120                     Options.db_write_buffer_size: 0
I200407 18:51:24.613067 21 storage/engine/rocksdb.go:120                     Options.write_buffer_manager: 0x7efe39691030
I200407 18:51:24.613121 21 storage/engine/rocksdb.go:120          Options.access_hint_on_compaction_start: 1
I200407 18:51:24.613150 21 storage/engine/rocksdb.go:120   Options.new_table_reader_for_compaction_inputs: 0
I200407 18:51:24.613178 21 storage/engine/rocksdb.go:120            Options.random_access_max_buffer_size: 1048576
I200407 18:51:24.613207 21 storage/engine/rocksdb.go:120                       Options.use_adaptive_mutex: 0
I200407 18:51:24.613235 21 storage/engine/rocksdb.go:120                             Options.rate_limiter: (nil)
I200407 18:51:24.613264 21 storage/engine/rocksdb.go:120      Options.sst_file_manager.rate_bytes_per_sec: 0
I200407 18:51:24.613292 21 storage/engine/rocksdb.go:120                        Options.wal_recovery_mode: 0
I200407 18:51:24.613322 21 storage/engine/rocksdb.go:120                   Options.enable_thread_tracking: 0
I200407 18:51:24.613350 21 storage/engine/rocksdb.go:120                   Options.enable_pipelined_write: 0
I200407 18:51:24.613378 21 storage/engine/rocksdb.go:120          Options.allow_concurrent_memtable_write: 1
I200407 18:51:24.613408 21 storage/engine/rocksdb.go:120       Options.enable_write_thread_adaptive_yield: 1
I200407 18:51:24.613441 21 storage/engine/rocksdb.go:120              Options.write_thread_max_yield_usec: 100
I200407 18:51:24.613469 21 storage/engine/rocksdb.go:120             Options.write_thread_slow_yield_usec: 3
I200407 18:51:24.613499 21 storage/engine/rocksdb.go:120                                Options.row_cache: None
I200407 18:51:24.613527 21 storage/engine/rocksdb.go:120                               Options.wal_filter: None
I200407 18:51:24.613555 21 storage/engine/rocksdb.go:120              Options.avoid_flush_during_recovery: 0
I200407 18:51:24.613584 21 storage/engine/rocksdb.go:120              Options.allow_ingest_behind: 0
I200407 18:51:24.613613 21 storage/engine/rocksdb.go:120              Options.preserve_deletes: 0
I200407 18:51:24.613642 21 storage/engine/rocksdb.go:120              Options.two_write_queues: 0
I200407 18:51:24.613671 21 storage/engine/rocksdb.go:120              Options.manual_wal_flush: 1
I200407 18:51:24.613947 21 storage/engine/rocksdb.go:120              Options.atomic_flush: 0
I200407 18:51:24.614037 21 storage/engine/rocksdb.go:120              Options.avoid_unnecessary_blocking_io: 0
I200407 18:51:24.614104 21 storage/engine/rocksdb.go:120              Options.max_background_jobs: 2
I200407 18:51:24.614456 21 storage/engine/rocksdb.go:120              Options.max_background_compactions: -1
I200407 18:51:24.614898 21 storage/engine/rocksdb.go:120              Options.avoid_flush_during_shutdown: 0
I200407 18:51:24.615191 21 storage/engine/rocksdb.go:120            Options.writable_file_max_buffer_size: 1048576
I200407 18:51:24.615288 21 storage/engine/rocksdb.go:120              Options.delayed_write_rate : 16777216
I200407 18:51:24.615318 21 storage/engine/rocksdb.go:120              Options.max_total_wal_size: 0
I200407 18:51:24.615346 21 storage/engine/rocksdb.go:120              Options.delete_obsolete_files_period_micros: 21600000000
I200407 18:51:24.615374 21 storage/engine/rocksdb.go:120                    Options.stats_dump_period_sec: 0
I200407 18:51:24.615402 21 storage/engine/rocksdb.go:120                  Options.stats_persist_period_sec: 600
I200407 18:51:24.615431 21 storage/engine/rocksdb.go:120                  Options.stats_history_buffer_size: 1048576
I200407 18:51:24.615459 21 storage/engine/rocksdb.go:120                           Options.max_open_files: 128
I200407 18:51:24.615498 21 storage/engine/rocksdb.go:120                           Options.bytes_per_sync: 524288
I200407 18:51:24.615893 21 storage/engine/rocksdb.go:120                       Options.wal_bytes_per_sync: 0
I200407 18:51:24.615986 21 storage/engine/rocksdb.go:120                    Options.strict_bytes_per_sync: 1
I200407 18:51:24.616030 21 storage/engine/rocksdb.go:120        Options.compaction_readahead_size: 0
I200407 18:51:24.617881 21 storage/engine/rocksdb.go:120  Compression algorithms supported:
I200407 18:51:24.617937 21 storage/engine/rocksdb.go:120  	kZSTDNotFinalCompression supported: 0
I200407 18:51:24.618071 21 storage/engine/rocksdb.go:120  	kZSTD supported: 0
I200407 18:51:24.618117 21 storage/engine/rocksdb.go:120  	kXpressCompression supported: 0
I200407 18:51:24.618158 21 storage/engine/rocksdb.go:120  	kLZ4HCCompression supported: 0
I200407 18:51:24.618200 21 storage/engine/rocksdb.go:120  	kLZ4Compression supported: 0
I200407 18:51:24.618240 21 storage/engine/rocksdb.go:120  	kBZip2Compression supported: 0
I200407 18:51:24.618282 21 storage/engine/rocksdb.go:120  	kZlibCompression supported: 0
I200407 18:51:24.618324 21 storage/engine/rocksdb.go:120  	kSnappyCompression supported: 1
I200407 18:51:24.618380 21 storage/engine/rocksdb.go:120  Fast CRC32 supported: Supported on x86
I200407 18:51:24.633344 21 storage/engine/rocksdb.go:120  [db/db_impl_open.cc:242] Creating manifest 1 
I200407 18:51:24.810307 21 storage/engine/rocksdb.go:120  [db/version_set.cc:4072] Recovering from manifest file: /cockroach/cockroach-data/cockroach-temp390304640/MANIFEST-000001
I200407 18:51:24.919193 21 storage/engine/rocksdb.go:120  [db/column_family.cc:488] --------------- Options for column family [default]:
I200407 18:51:24.919241 21 storage/engine/rocksdb.go:120                Options.comparator: cockroach_comparator
I200407 18:51:24.919283 21 storage/engine/rocksdb.go:120            Options.merge_operator: cockroach_merge_operator
I200407 18:51:24.919324 21 storage/engine/rocksdb.go:120         Options.compaction_filter: None
I200407 18:51:24.919503 21 storage/engine/rocksdb.go:120         Options.compaction_filter_factory: None
I200407 18:51:24.919544 21 storage/engine/rocksdb.go:120          Options.memtable_factory: SkipListFactory
I200407 18:51:24.919583 21 storage/engine/rocksdb.go:120             Options.table_factory: BlockBasedTable
I200407 18:51:24.919867 21 storage/engine/rocksdb.go:120             table_factory options:   flush_block_policy_factory: FlushBlockBySizePolicyFactory (0x7efe39622030)
  cache_index_and_filter_blocks: 0
  cache_index_and_filter_blocks_with_high_priority: 0
  pin_l0_filter_and_index_blocks_in_cache: 0
  pin_top_level_index_and_filter: 1
  index_type: 0
  data_block_index_type: 0
  index_shortening: 1
  data_block_hash_table_util_ratio: 0.750000
  hash_index_allow_collision: 1
  checksum: 1
  no_block_cache: 0
  block_cache: 0x7efe39614010
  block_cache_name: LRUCache
  block_cache_options:
    capacity : 1048576
    num_shard_bits : 4
    strict_capacity_limit : 0
    memory_allocator : None
    high_pri_pool_ratio: 0.000
  block_cache_compressed: (nil)
  persistent_cache: (nil)
  block_size: 32768
  block_size_deviation: 10
  block_restart_interval: 16
  index_block_restart_interval: 1
  metadata_block_size: 4096
  partition_filters: 0
  use_delta_encoding: 1
  filter_policy: rocksdb.BuiltinBloomFilter
  whole_key_filtering: 0
  verify_compression: 0
  read_amp_bytes_per_bit: 0
  format_version: 2
  enable_index_compression: 1
  block_align: 0
I200407 18:51:24.919918 21 storage/engine/rocksdb.go:120         Options.write_buffer_size: 67108864
I200407 18:51:24.919959 21 storage/engine/rocksdb.go:120   Options.max_write_buffer_number: 4
I200407 18:51:24.920000 21 storage/engine/rocksdb.go:120           Options.compression: Snappy
I200407 18:51:24.920039 21 storage/engine/rocksdb.go:120                   Options.bottommost_compression: Disabled
I200407 18:51:24.920080 21 storage/engine/rocksdb.go:120        Options.prefix_extractor: cockroach_prefix_extractor
I200407 18:51:24.920119 21 storage/engine/rocksdb.go:120    Options.memtable_insert_with_hint_prefix_extractor: nullptr
I200407 18:51:24.920158 21 storage/engine/rocksdb.go:120              Options.num_levels: 7
I200407 18:51:24.920197 21 storage/engine/rocksdb.go:120         Options.min_write_buffer_number_to_merge: 1
I200407 18:51:24.920235 21 storage/engine/rocksdb.go:120      Options.max_write_buffer_number_to_maintain: 0
I200407 18:51:24.920351 21 storage/engine/rocksdb.go:120             Options.bottommost_compression_opts.window_bits: -14
I200407 18:51:24.920417 21 storage/engine/rocksdb.go:120                   Options.bottommost_compression_opts.level: 32767
I200407 18:51:24.920455 21 storage/engine/rocksdb.go:120                Options.bottommost_compression_opts.strategy: 0
I200407 18:51:24.920494 21 storage/engine/rocksdb.go:120          Options.bottommost_compression_opts.max_dict_bytes: 0
I200407 18:51:24.920533 21 storage/engine/rocksdb.go:120          Options.bottommost_compression_opts.zstd_max_train_bytes: 0
I200407 18:51:24.920573 21 storage/engine/rocksdb.go:120                   Options.bottommost_compression_opts.enabled: false
I200407 18:51:24.920619 21 storage/engine/rocksdb.go:120             Options.compression_opts.window_bits: -14
I200407 18:51:24.920665 21 storage/engine/rocksdb.go:120                   Options.compression_opts.level: 32767
I200407 18:51:24.920704 21 storage/engine/rocksdb.go:120                Options.compression_opts.strategy: 0
I200407 18:51:24.924589 21 storage/engine/rocksdb.go:120          Options.compression_opts.max_dict_bytes: 0
I200407 18:51:24.924633 21 storage/engine/rocksdb.go:120          Options.compression_opts.zstd_max_train_bytes: 0
I200407 18:51:24.924673 21 storage/engine/rocksdb.go:120                   Options.compression_opts.enabled: false
I200407 18:51:24.924714 21 storage/engine/rocksdb.go:120       Options.level0_file_num_compaction_trigger: 2
I200407 18:51:24.924754 21 storage/engine/rocksdb.go:120           Options.level0_slowdown_writes_trigger: 950
I200407 18:51:24.924969 21 storage/engine/rocksdb.go:120               Options.level0_stop_writes_trigger: 1000
I200407 18:51:24.925010 21 storage/engine/rocksdb.go:120                    Options.target_file_size_base: 4194304
I200407 18:51:24.925179 21 storage/engine/rocksdb.go:120              Options.target_file_size_multiplier: 2
I200407 18:51:24.925228 21 storage/engine/rocksdb.go:120                 Options.max_bytes_for_level_base: 67108864
I200407 18:51:24.925389 21 storage/engine/rocksdb.go:120  Options.level_compaction_dynamic_level_bytes: 1
I200407 18:51:24.925528 21 storage/engine/rocksdb.go:120           Options.max_bytes_for_level_multiplier: 10.000000
I200407 18:51:24.925678 21 storage/engine/rocksdb.go:120  Options.max_bytes_for_level_multiplier_addtl[0]: 1
I200407 18:51:24.925794 21 storage/engine/rocksdb.go:120  Options.max_bytes_for_level_multiplier_addtl[1]: 1
I200407 18:51:24.925959 21 storage/engine/rocksdb.go:120  Options.max_bytes_for_level_multiplier_addtl[2]: 1
I200407 18:51:24.926000 21 storage/engine/rocksdb.go:120  Options.max_bytes_for_level_multiplier_addtl[3]: 1
I200407 18:51:24.926166 21 storage/engine/rocksdb.go:120  Options.max_bytes_for_level_multiplier_addtl[4]: 1
I200407 18:51:24.926208 21 storage/engine/rocksdb.go:120  Options.max_bytes_for_level_multiplier_addtl[5]: 1
I200407 18:51:24.926389 21 storage/engine/rocksdb.go:120  Options.max_bytes_for_level_multiplier_addtl[6]: 1
I200407 18:51:24.926530 21 storage/engine/rocksdb.go:120        Options.max_sequential_skip_in_iterations: 8
I200407 18:51:24.926570 21 storage/engine/rocksdb.go:120                     Options.max_compaction_bytes: 104857600
I200407 18:51:24.926776 21 storage/engine/rocksdb.go:120                         Options.arena_block_size: 8388608
I200407 18:51:24.926957 21 storage/engine/rocksdb.go:120    Options.soft_pending_compaction_bytes_limit: 2199023255552
I200407 18:51:24.927000 21 storage/engine/rocksdb.go:120    Options.hard_pending_compaction_bytes_limit: 4400193994752
I200407 18:51:24.927171 21 storage/engine/rocksdb.go:120        Options.rate_limit_delay_max_milliseconds: 100
I200407 18:51:24.927212 21 storage/engine/rocksdb.go:120                 Options.disable_auto_compactions: 0
I200407 18:51:24.927393 21 storage/engine/rocksdb.go:120                         Options.compaction_style: kCompactionStyleLevel
I200407 18:51:24.927706 21 storage/engine/rocksdb.go:120                           Options.compaction_pri: kMinOverlappingRatio
I200407 18:51:24.934529 21 storage/engine/rocksdb.go:120  Options.compaction_options_universal.size_ratio: 1
I200407 18:51:24.934869 21 storage/engine/rocksdb.go:120  Options.compaction_options_universal.min_merge_width: 2
I200407 18:51:24.954342 21 storage/engine/rocksdb.go:120  Options.compaction_options_universal.max_merge_width: 4294967295
I200407 18:51:24.956516 21 storage/engine/rocksdb.go:120  Options.compaction_options_universal.max_size_amplification_percent: 200
I200407 18:51:24.956559 21 storage/engine/rocksdb.go:120  Options.compaction_options_universal.compression_size_percent: -1
I200407 18:51:24.956813 21 storage/engine/rocksdb.go:120  Options.compaction_options_universal.stop_style: kCompactionStopStyleTotalSize
I200407 18:51:24.957014 21 storage/engine/rocksdb.go:120  Options.compaction_options_fifo.max_table_files_size: 1073741824
I200407 18:51:24.957227 21 storage/engine/rocksdb.go:120  Options.compaction_options_fifo.allow_compaction: 0
I200407 18:51:24.957449 21 storage/engine/rocksdb.go:120                    Options.table_properties_collectors: TimeBoundTblPropCollectorFactory; DeleteRangeTblPropCollectorFactory; 
I200407 18:51:24.957812 21 storage/engine/rocksdb.go:120                    Options.inplace_update_support: 0
I200407 18:51:24.958035 21 storage/engine/rocksdb.go:120                  Options.inplace_update_num_locks: 10000
I200407 18:51:24.958253 21 storage/engine/rocksdb.go:120                Options.memtable_prefix_bloom_size_ratio: 0.000000
I200407 18:51:25.020118 21 storage/engine/rocksdb.go:120                Options.memtable_whole_key_filtering: 0
I200407 18:51:25.020690 21 storage/engine/rocksdb.go:120    Options.memtable_huge_page_size: 0
I200407 18:51:25.024803 21 storage/engine/rocksdb.go:120                            Options.bloom_locality: 0
I200407 18:51:25.024870 21 storage/engine/rocksdb.go:120                     Options.max_successive_merges: 0
I200407 18:51:25.024914 21 storage/engine/rocksdb.go:120                 Options.optimize_filters_for_hits: 1
I200407 18:51:25.024965 21 storage/engine/rocksdb.go:120                 Options.paranoid_file_checks: 0
I200407 18:51:25.025007 21 storage/engine/rocksdb.go:120                 Options.force_consistency_checks: 0
I200407 18:51:25.025049 21 storage/engine/rocksdb.go:120                 Options.report_bg_io_stats: 0
I200407 18:51:25.025092 21 storage/engine/rocksdb.go:120                                Options.ttl: 0
I200407 18:51:25.025136 21 storage/engine/rocksdb.go:120           Options.periodic_compaction_seconds: 0
I200407 18:51:25.055024 21 storage/engine/rocksdb.go:120  [db/version_set.cc:4286] Recovered from manifest file:/cockroach/cockroach-data/cockroach-temp390304640/MANIFEST-000001 succeeded,manifest_file_number is 1, next_file_number is 3, last_sequence is 0, log_number is 0,prev_log_number is 0,max_column_family is 0,min_log_number_to_keep is 0
I200407 18:51:25.055092 21 storage/engine/rocksdb.go:120  [db/version_set.cc:4295] Column family [default] (ID 0), log number is 0
I200407 18:51:25.165656 21 storage/engine/rocksdb.go:120  DB pointer 0x7efe39699000
I200407 18:51:25.480310 21 storage/engine/rocksdb.go:120  RocksDB version: 6.2.1
I200407 18:51:25.480350 21 storage/engine/rocksdb.go:120  Git sha rocksdb_build_git_sha:@b7009236531fa784872f4823eabf393501e41bf2@
I200407 18:51:25.480380 21 storage/engine/rocksdb.go:120  Compile date Mar 16 2020
I200407 18:51:25.480412 21 storage/engine/rocksdb.go:120  DB SUMMARY
I200407 18:51:25.486286 21 storage/engine/rocksdb.go:120  CURRENT file:  CURRENT
I200407 18:51:25.486320 21 storage/engine/rocksdb.go:120  IDENTITY file:  IDENTITY
I200407 18:51:25.488004 21 storage/engine/rocksdb.go:120  MANIFEST file:  MANIFEST-000087 size: 25873 Bytes
I200407 18:51:25.488069 21 storage/engine/rocksdb.go:120  SST files in /cockroach/cockroach-data dir, Total Num: 8, files: 000405.sst 000406.sst 000407.sst 000408.sst 000409.sst 000410.sst 000411.sst 000413.sst 
I200407 18:51:25.488116 21 storage/engine/rocksdb.go:120  Write Ahead Log file in /cockroach/cockroach-data: 000403.log size: 59758287 ; 000412.log size: 59730689 ; 
I200407 18:51:25.488186 21 storage/engine/rocksdb.go:120                          Options.error_if_exists: 0
I200407 18:51:25.488229 21 storage/engine/rocksdb.go:120                        Options.create_if_missing: 1
I200407 18:51:25.488275 21 storage/engine/rocksdb.go:120                          Options.paranoid_checks: 1
I200407 18:51:25.488310 21 storage/engine/rocksdb.go:120                                      Options.env: 0x75757a0
I200407 18:51:25.488339 21 storage/engine/rocksdb.go:120                                 Options.info_log: 0x7efe3960d280
I200407 18:51:25.488385 21 storage/engine/rocksdb.go:120                 Options.max_file_opening_threads: 16
I200407 18:51:25.488434 21 storage/engine/rocksdb.go:120                               Options.statistics: 0x7efe39629080
I200407 18:51:25.488477 21 storage/engine/rocksdb.go:120                                Options.use_fsync: 0
I200407 18:51:25.488519 21 storage/engine/rocksdb.go:120                        Options.max_log_file_size: 0
I200407 18:51:25.488561 21 storage/engine/rocksdb.go:120                   Options.max_manifest_file_size: 134217728
I200407 18:51:25.488591 21 storage/engine/rocksdb.go:120                    Options.log_file_time_to_roll: 0
I200407 18:51:25.488628 21 storage/engine/rocksdb.go:120                        Options.keep_log_file_num: 1000
I200407 18:51:25.488667 21 storage/engine/rocksdb.go:120                     Options.recycle_log_file_num: 1
I200407 18:51:25.488696 21 storage/engine/rocksdb.go:120                          Options.allow_fallocate: 1
I200407 18:51:25.488724 21 storage/engine/rocksdb.go:120                         Options.allow_mmap_reads: 0
I200407 18:51:25.488847 21 storage/engine/rocksdb.go:120                        Options.allow_mmap_writes: 0
I200407 18:51:25.490328 21 storage/engine/rocksdb.go:120                         Options.use_direct_reads: 0
I200407 18:51:25.490380 21 storage/engine/rocksdb.go:120                         Options.use_direct_io_for_flush_and_compaction: 0
I200407 18:51:25.490421 21 storage/engine/rocksdb.go:120           Options.create_missing_column_families: 0
I200407 18:51:25.490463 21 storage/engine/rocksdb.go:120                               Options.db_log_dir: 
I200407 18:51:25.490503 21 storage/engine/rocksdb.go:120                                  Options.wal_dir: /cockroach/cockroach-data
I200407 18:51:25.490542 21 storage/engine/rocksdb.go:120                 Options.table_cache_numshardbits: 6
I200407 18:51:25.490572 21 storage/engine/rocksdb.go:120                       Options.max_subcompactions: 1
I200407 18:51:25.490611 21 storage/engine/rocksdb.go:120                   Options.max_background_flushes: -1
I200407 18:51:25.490738 21 storage/engine/rocksdb.go:120                          Options.WAL_ttl_seconds: 0
I200407 18:51:25.494891 21 storage/engine/rocksdb.go:120                        Options.WAL_size_limit_MB: 0
I200407 18:51:25.494958 21 storage/engine/rocksdb.go:120              Options.manifest_preallocation_size: 4194304
I200407 18:51:25.495001 21 storage/engine/rocksdb.go:120                      Options.is_fd_close_on_exec: 1
I200407 18:51:25.495042 21 storage/engine/rocksdb.go:120                    Options.advise_random_on_open: 1
I200407 18:51:25.495083 21 storage/engine/rocksdb.go:120                     Options.db_write_buffer_size: 0
I200407 18:51:25.495126 21 storage/engine/rocksdb.go:120                     Options.write_buffer_manager: 0x7efe39691540
I200407 18:51:25.495166 21 storage/engine/rocksdb.go:120          Options.access_hint_on_compaction_start: 1
I200407 18:51:25.495206 21 storage/engine/rocksdb.go:120   Options.new_table_reader_for_compaction_inputs: 0
I200407 18:51:25.495250 21 storage/engine/rocksdb.go:120            Options.random_access_max_buffer_size: 1048576
I200407 18:51:25.495291 21 storage/engine/rocksdb.go:120                       Options.use_adaptive_mutex: 0
I200407 18:51:25.495333 21 storage/engine/rocksdb.go:120                             Options.rate_limiter: (nil)
I200407 18:51:25.495486 21 storage/engine/rocksdb.go:120      Options.sst_file_manager.rate_bytes_per_sec: 0
I200407 18:51:25.495529 21 storage/engine/rocksdb.go:120                        Options.wal_recovery_mode: 0
I200407 18:51:25.495570 21 storage/engine/rocksdb.go:120                   Options.enable_thread_tracking: 0
I200407 18:51:25.495610 21 storage/engine/rocksdb.go:120                   Options.enable_pipelined_write: 0
I200407 18:51:25.495772 21 storage/engine/rocksdb.go:120          Options.allow_concurrent_memtable_write: 1
I200407 18:51:25.495814 21 storage/engine/rocksdb.go:120       Options.enable_write_thread_adaptive_yield: 1
I200407 18:51:25.495854 21 storage/engine/rocksdb.go:120              Options.write_thread_max_yield_usec: 100
I200407 18:51:25.495893 21 storage/engine/rocksdb.go:120             Options.write_thread_slow_yield_usec: 3
I200407 18:51:25.495933 21 storage/engine/rocksdb.go:120                                Options.row_cache: None
I200407 18:51:25.495991 21 storage/engine/rocksdb.go:120                               Options.wal_filter: None
I200407 18:51:25.496034 21 storage/engine/rocksdb.go:120              Options.avoid_flush_during_recovery: 0
I200407 18:51:25.496076 21 storage/engine/rocksdb.go:120              Options.allow_ingest_behind: 0
I200407 18:51:25.496117 21 storage/engine/rocksdb.go:120              Options.preserve_deletes: 0
I200407 18:51:25.496159 21 storage/engine/rocksdb.go:120              Options.two_write_queues: 0
I200407 18:51:25.496198 21 storage/engine/rocksdb.go:120              Options.manual_wal_flush: 1
I200407 18:51:25.496239 21 storage/engine/rocksdb.go:120              Options.atomic_flush: 0
I200407 18:51:25.496279 21 storage/engine/rocksdb.go:120              Options.avoid_unnecessary_blocking_io: 0
I200407 18:51:25.496319 21 storage/engine/rocksdb.go:120              Options.max_background_jobs: 2
I200407 18:51:25.496444 21 storage/engine/rocksdb.go:120              Options.max_background_compactions: -1
I200407 18:51:25.496490 21 storage/engine/rocksdb.go:120              Options.avoid_flush_during_shutdown: 0
I200407 18:51:25.496531 21 storage/engine/rocksdb.go:120            Options.writable_file_max_buffer_size: 1048576
I200407 18:51:25.496571 21 storage/engine/rocksdb.go:120              Options.delayed_write_rate : 16777216
I200407 18:51:25.496611 21 storage/engine/rocksdb.go:120              Options.max_total_wal_size: 0
I200407 18:51:25.496652 21 storage/engine/rocksdb.go:120              Options.delete_obsolete_files_period_micros: 21600000000
I200407 18:51:25.496694 21 storage/engine/rocksdb.go:120                    Options.stats_dump_period_sec: 0
I200407 18:51:25.496736 21 storage/engine/rocksdb.go:120                  Options.stats_persist_period_sec: 600
I200407 18:51:25.507001 21 storage/engine/rocksdb.go:120                  Options.stats_history_buffer_size: 1048576
I200407 18:51:25.507041 21 storage/engine/rocksdb.go:120                           Options.max_open_files: 1043576
I200407 18:51:25.507070 21 storage/engine/rocksdb.go:120                           Options.bytes_per_sync: 524288
I200407 18:51:25.507098 21 storage/engine/rocksdb.go:120                       Options.wal_bytes_per_sync: 0
I200407 18:51:25.507135 21 storage/engine/rocksdb.go:120                    Options.strict_bytes_per_sync: 1
I200407 18:51:25.507239 21 storage/engine/rocksdb.go:120        Options.compaction_readahead_size: 0
I200407 18:51:25.507270 21 storage/engine/rocksdb.go:120  Compression algorithms supported:
I200407 18:51:25.507299 21 storage/engine/rocksdb.go:120  	kZSTDNotFinalCompression supported: 0
I200407 18:51:25.507328 21 storage/engine/rocksdb.go:120  	kZSTD supported: 0
I200407 18:51:25.507356 21 storage/engine/rocksdb.go:120  	kXpressCompression supported: 0
I200407 18:51:25.507385 21 storage/engine/rocksdb.go:120  	kLZ4HCCompression supported: 0
I200407 18:51:25.507413 21 storage/engine/rocksdb.go:120  	kLZ4Compression supported: 0
I200407 18:51:25.507445 21 storage/engine/rocksdb.go:120  	kBZip2Compression supported: 0
I200407 18:51:25.507473 21 storage/engine/rocksdb.go:120  	kZlibCompression supported: 0
I200407 18:51:25.507502 21 storage/engine/rocksdb.go:120  	kSnappyCompression supported: 1
I200407 18:51:25.507568 21 storage/engine/rocksdb.go:120  Fast CRC32 supported: Supported on x86
I200407 18:51:25.530146 21 storage/engine/rocksdb.go:120  [db/version_set.cc:4072] Recovering from manifest file: /cockroach/cockroach-data/MANIFEST-000087
I200407 18:51:25.533156 21 storage/engine/rocksdb.go:120  [db/column_family.cc:488] --------------- Options for column family [default]:
I200407 18:51:25.534010 21 storage/engine/rocksdb.go:120                Options.comparator: cockroach_comparator
I200407 18:51:25.534048 21 storage/engine/rocksdb.go:120            Options.merge_operator: cockroach_merge_operator
I200407 18:51:25.534204 21 storage/engine/rocksdb.go:120         Options.compaction_filter: None
I200407 18:51:25.534237 21 storage/engine/rocksdb.go:120         Options.compaction_filter_factory: None
I200407 18:51:25.534391 21 storage/engine/rocksdb.go:120          Options.memtable_factory: SkipListFactory
I200407 18:51:25.534425 21 storage/engine/rocksdb.go:120             Options.table_factory: BlockBasedTable
I200407 18:51:25.534746 21 storage/engine/rocksdb.go:120             table_factory options:   flush_block_policy_factory: FlushBlockBySizePolicyFactory (0x7efe39622090)
  cache_index_and_filter_blocks: 0
  cache_index_and_filter_blocks_with_high_priority: 0
  pin_l0_filter_and_index_blocks_in_cache: 0
  pin_top_level_index_and_filter: 1
  index_type: 0
  data_block_index_type: 0
  index_shortening: 1
  data_block_hash_table_util_ratio: 0.750000
  hash_index_allow_collision: 1
  checksum: 1
  no_block_cache: 0
  block_cache: 0x7efe396b2210
  block_cache_name: LRUCache
  block_cache_options:
    capacity : 67108864
    num_shard_bits : 4
    strict_capacity_limit : 0
    memory_allocator : None
    high_pri_pool_ratio: 0.000
  block_cache_compressed: (nil)
  persistent_cache: (nil)
  block_size: 32768
  block_size_deviation: 10
  block_restart_interval: 16
  index_block_restart_interval: 1
  metadata_block_size: 4096
  partition_filters: 0
  use_delta_encoding: 1
  filter_policy: rocksdb.BuiltinBloomFilter
  whole_key_filtering: 0
  verify_compression: 0
  read_amp_bytes_per_bit: 0
  format_version: 2
  enable_index_compression: 1
  block_align: 0
I200407 18:51:25.534899 21 storage/engine/rocksdb.go:120         Options.write_buffer_size: 67108864
I200407 18:51:25.534936 21 storage/engine/rocksdb.go:120   Options.max_write_buffer_number: 4
I200407 18:51:25.535076 21 storage/engine/rocksdb.go:120           Options.compression: Snappy
I200407 18:51:25.535110 21 storage/engine/rocksdb.go:120                   Options.bottommost_compression: Disabled
I200407 18:51:25.535158 21 storage/engine/rocksdb.go:120        Options.prefix_extractor: cockroach_prefix_extractor
I200407 18:51:25.535312 21 storage/engine/rocksdb.go:120    Options.memtable_insert_with_hint_prefix_extractor: nullptr
I200407 18:51:25.535344 21 storage/engine/rocksdb.go:120              Options.num_levels: 7
I200407 18:51:25.535506 21 storage/engine/rocksdb.go:120         Options.min_write_buffer_number_to_merge: 1
I200407 18:51:25.535536 21 storage/engine/rocksdb.go:120      Options.max_write_buffer_number_to_maintain: 0
I200407 18:51:25.536013 21 storage/engine/rocksdb.go:120             Options.bottommost_compression_opts.window_bits: -14
I200407 18:51:25.536556 21 storage/engine/rocksdb.go:120                   Options.bottommost_compression_opts.level: 32767
I200407 18:51:25.536751 21 storage/engine/rocksdb.go:120                Options.bottommost_compression_opts.strategy: 0
I200407 18:51:25.536790 21 storage/engine/rocksdb.go:120          Options.bottommost_compression_opts.max_dict_bytes: 0
I200407 18:51:25.536877 21 storage/engine/rocksdb.go:120          Options.bottommost_compression_opts.zstd_max_train_bytes: 0
I200407 18:51:25.536972 21 storage/engine/rocksdb.go:120                   Options.bottommost_compression_opts.enabled: false
I200407 18:51:25.537002 21 storage/engine/rocksdb.go:120             Options.compression_opts.window_bits: -14
I200407 18:51:25.537896 21 storage/engine/rocksdb.go:120                   Options.compression_opts.level: 32767
I200407 18:51:25.537925 21 storage/engine/rocksdb.go:120                Options.compression_opts.strategy: 0
I200407 18:51:25.538081 21 storage/engine/rocksdb.go:120          Options.compression_opts.max_dict_bytes: 0
I200407 18:51:25.538115 21 storage/engine/rocksdb.go:120          Options.compression_opts.zstd_max_train_bytes: 0
I200407 18:51:25.538263 21 storage/engine/rocksdb.go:120                   Options.compression_opts.enabled: false
I200407 18:51:25.538300 21 storage/engine/rocksdb.go:120       Options.level0_file_num_compaction_trigger: 2
I200407 18:51:25.538450 21 storage/engine/rocksdb.go:120           Options.level0_slowdown_writes_trigger: 950
I200407 18:51:25.538484 21 storage/engine/rocksdb.go:120               Options.level0_stop_writes_trigger: 1000
I200407 18:51:25.540904 21 storage/engine/rocksdb.go:120                    Options.target_file_size_base: 4194304
I200407 18:51:25.541035 21 storage/engine/rocksdb.go:120              Options.target_file_size_multiplier: 2
I200407 18:51:25.541153 21 storage/engine/rocksdb.go:120                 Options.max_bytes_for_level_base: 67108864
I200407 18:51:25.541190 21 storage/engine/rocksdb.go:120  Options.level_compaction_dynamic_level_bytes: 1
I200407 18:51:25.541368 21 storage/engine/rocksdb.go:120           Options.max_bytes_for_level_multiplier: 10.000000
I200407 18:51:25.541497 21 storage/engine/rocksdb.go:120  Options.max_bytes_for_level_multiplier_addtl[0]: 1
I200407 18:51:25.541529 21 storage/engine/rocksdb.go:120  Options.max_bytes_for_level_multiplier_addtl[1]: 1
I200407 18:51:25.541557 21 storage/engine/rocksdb.go:120  Options.max_bytes_for_level_multiplier_addtl[2]: 1
I200407 18:51:25.541848 21 storage/engine/rocksdb.go:120  Options.max_bytes_for_level_multiplier_addtl[3]: 1
I200407 18:51:25.541885 21 storage/engine/rocksdb.go:120  Options.max_bytes_for_level_multiplier_addtl[4]: 1
I200407 18:51:25.542044 21 storage/engine/rocksdb.go:120  Options.max_bytes_for_level_multiplier_addtl[5]: 1
I200407 18:51:25.542077 21 storage/engine/rocksdb.go:120  Options.max_bytes_for_level_multiplier_addtl[6]: 1
I200407 18:51:25.542257 21 storage/engine/rocksdb.go:120        Options.max_sequential_skip_in_iterations: 8
I200407 18:51:25.542293 21 storage/engine/rocksdb.go:120                     Options.max_compaction_bytes: 104857600
I200407 18:51:25.542448 21 storage/engine/rocksdb.go:120                         Options.arena_block_size: 8388608
I200407 18:51:25.542478 21 storage/engine/rocksdb.go:120    Options.soft_pending_compaction_bytes_limit: 2199023255552
I200407 18:51:25.542722 21 storage/engine/rocksdb.go:120    Options.hard_pending_compaction_bytes_limit: 4400193994752
I200407 18:51:25.542755 21 storage/engine/rocksdb.go:120        Options.rate_limit_delay_max_milliseconds: 100
I200407 18:51:25.542893 21 storage/engine/rocksdb.go:120                 Options.disable_auto_compactions: 0
I200407 18:51:25.542931 21 storage/engine/rocksdb.go:120                         Options.compaction_style: kCompactionStyleLevel
I200407 18:51:25.543074 21 storage/engine/rocksdb.go:120                           Options.compaction_pri: kMinOverlappingRatio
I200407 18:51:25.543106 21 storage/engine/rocksdb.go:120  Options.compaction_options_universal.size_ratio: 1
I200407 18:51:25.543299 21 storage/engine/rocksdb.go:120  Options.compaction_options_universal.min_merge_width: 2
I200407 18:51:25.543341 21 storage/engine/rocksdb.go:120  Options.compaction_options_universal.max_merge_width: 4294967295
I200407 18:51:25.543479 21 storage/engine/rocksdb.go:120  Options.compaction_options_universal.max_size_amplification_percent: 200
I200407 18:51:25.543508 21 storage/engine/rocksdb.go:120  Options.compaction_options_universal.compression_size_percent: -1
I200407 18:51:25.560012 21 storage/engine/rocksdb.go:120  Options.compaction_options_universal.stop_style: kCompactionStopStyleTotalSize
I200407 18:51:25.560159 21 storage/engine/rocksdb.go:120  Options.compaction_options_fifo.max_table_files_size: 1073741824
I200407 18:51:25.560190 21 storage/engine/rocksdb.go:120  Options.compaction_options_fifo.allow_compaction: 0
I200407 18:51:25.560227 21 storage/engine/rocksdb.go:120                    Options.table_properties_collectors: TimeBoundTblPropCollectorFactory; DeleteRangeTblPropCollectorFactory; 
I200407 18:51:25.560351 21 storage/engine/rocksdb.go:120                    Options.inplace_update_support: 0
I200407 18:51:25.560381 21 storage/engine/rocksdb.go:120                  Options.inplace_update_num_locks: 10000
I200407 18:51:25.560409 21 storage/engine/rocksdb.go:120                Options.memtable_prefix_bloom_size_ratio: 0.000000
I200407 18:51:25.560437 21 storage/engine/rocksdb.go:120                Options.memtable_whole_key_filtering: 0
I200407 18:51:25.560457 21 storage/engine/rocksdb.go:120    Options.memtable_huge_page_size: 0
I200407 18:51:25.560484 21 storage/engine/rocksdb.go:120                            Options.bloom_locality: 0
I200407 18:51:25.560700 21 storage/engine/rocksdb.go:120                     Options.max_successive_merges: 0
I200407 18:51:25.560728 21 storage/engine/rocksdb.go:120                 Options.optimize_filters_for_hits: 1
I200407 18:51:25.560757 21 storage/engine/rocksdb.go:120                 Options.paranoid_file_checks: 0
I200407 18:51:25.560784 21 storage/engine/rocksdb.go:120                 Options.force_consistency_checks: 0
I200407 18:51:25.560812 21 storage/engine/rocksdb.go:120                 Options.report_bg_io_stats: 0
I200407 18:51:25.560840 21 storage/engine/rocksdb.go:120                                Options.ttl: 0
I200407 18:51:25.560868 21 storage/engine/rocksdb.go:120           Options.periodic_compaction_seconds: 0
I200407 18:51:25.632962 21 storage/engine/rocksdb.go:120  [db/version_set.cc:4286] Recovered from manifest file:/cockroach/cockroach-data/MANIFEST-000087 succeeded,manifest_file_number is 87, next_file_number is 415, last_sequence is 22656475, log_number is 412,prev_log_number is 0,max_column_family is 0,min_log_number_to_keep is 0
I200407 18:51:25.633111 21 storage/engine/rocksdb.go:120  [db/version_set.cc:4295] Column family [default] (ID 0), log number is 412
I200407 18:51:25.649258 21 storage/engine/rocksdb.go:120  EVENT_LOG_v1 {"time_micros": 1586285485649107, "job": 1, "event": "recovery_started", "log_files": [403, 412]}
I200407 18:51:25.649442 21 storage/engine/rocksdb.go:120  [db/db_impl_open.cc:586] Skipping log #403 since it is older than min log to keep #412
I200407 18:51:25.649615 21 storage/engine/rocksdb.go:120  [db/db_impl_open.cc:598] Recovering log #412 mode 0
I200407 18:51:26.417468 21 storage/engine/rocksdb.go:120  EVENT_LOG_v1 {"time_micros": 1586285486415052, "cf_name": "default", "job": 1, "event": "table_file_creation", "file_number": 415, "file_size": 155606, "table_properties": {"data_size": 150053, "index_size": 1394, "index_partitions": 0, "top_level_index_size": 0, "index_key_is_user_key": 0, "index_value_is_delta_encoded": 0, "filter_size": 3653, "raw_key_size": 117900, "raw_average_key_size": 38, "raw_value_size": 840718, "raw_average_value_size": 276, "num_data_blocks": 27, "num_entries": 3037, "num_deletions": 1306, "num_merge_operands": 1328, "num_range_deletions": 1328, "format_version": 0, "fixed_key_len": 0, "filter_policy": "rocksdb.BuiltinBloomFilter", "column_family_name": "default", "column_family_id": 0, "comparator": "cockroach_comparator", "merge_operator": "cockroach_merge_operator", "prefix_extractor_name": "cockroach_prefix_extractor", "property_collectors": "[TimeBoundTblPropCollectorFactory,DeleteRangeTblPropCollectorFactory]", "compression": "Snappy", "compression_options": "window_bits=-14; level=32767; strategy=0; max_dict_bytes=0; zstd_max_train_bytes=0; enabled=0; ", "creation_time": 1586285486, "oldest_key_time": 3, "file_creation_time": 0}}
I200407 18:51:26.434544 21 storage/engine/rocksdb.go:120  [db/version_set.cc:3560] Creating manifest 416
I200407 18:51:26.477837 21 storage/engine/rocksdb.go:120  EVENT_LOG_v1 {"time_micros": 1586285486469988, "job": 1, "event": "recovery_finished"}
I200407 18:51:26.551349 17 storage/engine/rocksdb.go:120  [db/compaction_job.cc:1647] [default] [JOB 3] Compacting 2@0 + 6@6 files to L6, score 1.00
I200407 18:51:26.551606 17 storage/engine/rocksdb.go:120  [db/compaction_job.cc:1651] [default] Compaction start summary: Base version 2 Base level 0, inputs: [415(151KB) 413(410KB)], [405(4112KB) 406(4120KB) 407(4120KB) 408(4107KB) 409(4117KB) 410(4125KB)]
I200407 18:51:26.552948 17 storage/engine/rocksdb.go:120  EVENT_LOG_v1 {"time_micros": 1586285486551949, "job": 3, "event": "compaction_started", "compaction_reason": "LevelL0FilesNum", "files_L0": [415, 413], "files_L6": [405, 406, 407, 408, 409, 410], "score": 1, "input_data_size": 25873111}
I200407 18:51:26.567139 21 storage/engine/rocksdb.go:120  DB pointer 0x7efe3972e000
I200407 18:51:29.801830 17 storage/engine/rocksdb.go:120  [db/compaction_job.cc:1334] [default] [JOB 3] Generated table #420: 10791 keys, 4213095 bytes
I200407 18:51:29.802148 17 storage/engine/rocksdb.go:120  EVENT_LOG_v1 {"time_micros": 1586285489801991, "cf_name": "default", "job": 3, "event": "table_file_creation", "file_number": 420, "file_size": 4213095, "table_properties": {"data_size": 4196932, "index_size": 56753, "index_partitions": 0, "top_level_index_size": 0, "index_key_is_user_key": 0, "index_value_is_delta_encoded": 0, "filter_size": 0, "raw_key_size": 533946, "raw_average_key_size": 49, "raw_value_size": 26848849, "raw_average_value_size": 2488, "num_data_blocks": 857, "num_entries": 10791, "num_deletions": 0, "num_merge_operands": 0, "num_range_deletions": 0, "format_version": 0, "fixed_key_len": 0, "filter_policy": "rocksdb.BuiltinBloomFilter", "column_family_name": "default", "column_family_id": 0, "comparator": "cockroach_comparator", "merge_operator": "cockroach_merge_operator", "prefix_extractor_name": "cockroach_prefix_extractor", "property_collectors": "[TimeBoundTblPropCollectorFactory,DeleteRangeTblPropCollectorFactory]", "compression": "Snappy", "compression_options": "window_bits=-14; level=32767; strategy=0; max_dict_bytes=0; zstd_max_train_bytes=0; enabled=0; ", "creation_time": 1586285486, "oldest_key_time": 0, "file_creation_time": 1586285486}}
I200407 18:51:32.377007 17 storage/engine/rocksdb.go:120  [db/compaction_job.cc:1334] [default] [JOB 3] Generated table #421: 13339 keys, 4220354 bytes
I200407 18:51:32.377342 17 storage/engine/rocksdb.go:120  EVENT_LOG_v1 {"time_micros": 1586285492377134, "cf_name": "default", "job": 3, "event": "table_file_creation", "file_number": 421, "file_size": 4220354, "table_properties": {"data_size": 4197203, "index_size": 90158, "index_partitions": 0, "top_level_index_size": 0, "index_key_is_user_key": 0, "index_value_is_delta_encoded": 0, "filter_size": 0, "raw_key_size": 770110, "raw_average_key_size": 57, "raw_value_size": 40134460, "raw_average_value_size": 3008, "num_data_blocks": 1282, "num_entries": 13339, "num_deletions": 0, "num_merge_operands": 0, "num_range_deletions": 0, "format_version": 0, "fixed_key_len": 0, "filter_policy": "rocksdb.BuiltinBloomFilter", "column_family_name": "default", "column_family_id": 0, "comparator": "cockroach_comparator", "merge_operator": "cockroach_merge_operator", "prefix_extractor_name": "cockroach_prefix_extractor", "property_collectors": "[TimeBoundTblPropCollectorFactory,DeleteRangeTblPropCollectorFactory]", "compression": "Snappy", "compression_options": "window_bits=-14; level=32767; strategy=0; max_dict_bytes=0; zstd_max_train_bytes=0; enabled=0; ", "creation_time": 1586285486, "oldest_key_time": 0, "file_creation_time": 1586285489}}
I200407 18:51:34.288909 17 storage/engine/rocksdb.go:120  [db/compaction_job.cc:1334] [default] [JOB 3] Generated table #422: 13077 keys, 4226993 bytes
I200407 18:51:34.289399 17 storage/engine/rocksdb.go:120  EVENT_LOG_v1 {"time_micros": 1586285494289089, "cf_name": "default", "job": 3, "event": "table_file_creation", "file_number": 422, "file_size": 4226993, "table_properties": {"data_size": 4204431, "index_size": 88326, "index_partitions": 0, "top_level_index_size": 0, "index_key_is_user_key": 0, "index_value_is_delta_encoded": 0, "filter_size": 0, "raw_key_size": 756793, "raw_average_key_size": 57, "raw_value_size": 39350992, "raw_average_value_size": 3009, "num_data_blocks": 1257, "num_entries": 13077, "num_deletions": 0, "num_merge_operands": 0, "num_range_deletions": 0, "format_version": 0, "fixed_key_len": 0, "filter_policy": "rocksdb.BuiltinBloomFilter", "column_family_name": "default", "column_family_id": 0, "comparator": "cockroach_comparator", "merge_operator": "cockroach_merge_operator", "prefix_extractor_name": "cockroach_prefix_extractor", "property_collectors": "[TimeBoundTblPropCollectorFactory,DeleteRangeTblPropCollectorFactory]", "compression": "Snappy", "compression_options": "window_bits=-14; level=32767; strategy=0; max_dict_bytes=0; zstd_max_train_bytes=0; enabled=0; ", "creation_time": 1586285486, "oldest_key_time": 0, "file_creation_time": 1586285492}}
I200407 18:51:34.811983 17 storage/engine/rocksdb.go:120  [db/compaction_job.cc:1334] [default] [JOB 3] Generated table #423: 4624 keys, 4204125 bytes
I200407 18:51:34.812376 17 storage/engine/rocksdb.go:120  EVENT_LOG_v1 {"time_micros": 1586285494812170, "cf_name": "default", "job": 3, "event": "table_file_creation", "file_number": 423, "file_size": 4204125, "table_properties": {"data_size": 4195255, "index_size": 27425, "index_partitions": 0, "top_level_index_size": 0, "index_key_is_user_key": 0, "index_value_is_delta_encoded": 0, "filter_size": 0, "raw_key_size": 225814, "raw_average_key_size": 48, "raw_value_size": 13913345, "raw_average_value_size": 3008, "num_data_blocks": 445, "num_entries": 4624, "num_deletions": 0, "num_merge_operands": 0, "num_range_deletions": 0, "format_version": 0, "fixed_key_len": 0, "filter_policy": "rocksdb.BuiltinBloomFilter", "column_family_name": "default", "column_family_id": 0, "comparator": "cockroach_comparator", "merge_operator": "cockroach_merge_operator", "prefix_extractor_name": "cockroach_prefix_extractor", "property_collectors": "[TimeBoundTblPropCollectorFactory,DeleteRangeTblPropCollectorFactory]", "compression": "Snappy", "compression_options": "window_bits=-14; level=32767; strategy=0; max_dict_bytes=0; zstd_max_train_bytes=0; enabled=0; ", "creation_time": 1586285486, "oldest_key_time": 0, "file_creation_time": 1586285494}}
I200407 18:51:36.174664 17 storage/engine/rocksdb.go:120  [db/compaction_job.cc:1334] [default] [JOB 3] Generated table #424: 12250 keys, 4221730 bytes
I200407 18:51:36.174831 17 storage/engine/rocksdb.go:120  EVENT_LOG_v1 {"time_micros": 1586285496174748, "cf_name": "default", "job": 3, "event": "table_file_creation", "file_number": 424, "file_size": 4221730, "table_properties": {"data_size": 4199770, "index_size": 81905, "index_partitions": 0, "top_level_index_size": 0, "index_key_is_user_key": 0, "index_value_is_delta_encoded": 0, "filter_size": 0, "raw_key_size": 698522, "raw_average_key_size": 57, "raw_value_size": 36872002, "raw_average_value_size": 3009, "num_data_blocks": 1178, "num_entries": 12250, "num_deletions": 0, "num_merge_operands": 0, "num_range_deletions": 0, "format_version": 0, "fixed_key_len": 0, "filter_policy": "rocksdb.BuiltinBloomFilter", "column_family_name": "default", "column_family_id": 0, "comparator": "cockroach_comparator", "merge_operator": "cockroach_merge_operator", "prefix_extractor_name": "cockroach_prefix_extractor", "property_collectors": "[TimeBoundTblPropCollectorFactory,DeleteRangeTblPropCollectorFactory]", "compression": "Snappy", "compression_options": "window_bits=-14; level=32767; strategy=0; max_dict_bytes=0; zstd_max_train_bytes=0; enabled=0; ", "creation_time": 1586285486, "oldest_key_time": 0, "file_creation_time": 1586285494}}
I200407 18:51:37.141490 17 storage/engine/rocksdb.go:120  [db/compaction_job.cc:1334] [default] [JOB 3] Generated table #425: 11030 keys, 4218544 bytes
I200407 18:51:37.141676 17 storage/engine/rocksdb.go:120  EVENT_LOG_v1 {"time_micros": 1586285497141571, "cf_name": "default", "job": 3, "event": "table_file_creation", "file_number": 425, "file_size": 4218544, "table_properties": {"data_size": 4198667, "index_size": 73803, "index_partitions": 0, "top_level_index_size": 0, "index_key_is_user_key": 0, "index_value_is_delta_encoded": 0, "filter_size": 0, "raw_key_size": 629800, "raw_average_key_size": 57, "raw_value_size": 33182246, "raw_average_value_size": 3008, "num_data_blocks": 1060, "num_entries": 11030, "num_deletions": 0, "num_merge_operands": 0, "num_range_deletions": 0, "format_version": 0, "fixed_key_len": 0, "filter_policy": "rocksdb.BuiltinBloomFilter", "column_family_name": "default", "column_family_id": 0, "comparator": "cockroach_comparator", "merge_operator": "cockroach_merge_operator", "prefix_extractor_name": "cockroach_prefix_extractor", "property_collectors": "[TimeBoundTblPropCollectorFactory,DeleteRangeTblPropCollectorFactory]", "compression": "Snappy", "compression_options": "window_bits=-14; level=32767; strategy=0; max_dict_bytes=0; zstd_max_train_bytes=0; enabled=0; ", "creation_time": 1586285486, "oldest_key_time": 0, "file_creation_time": 1586285496}}
I200407 18:51:37.207149 17 storage/engine/rocksdb.go:120  [db/compaction_job.cc:1334] [default] [JOB 3] Generated table #426: 9293 keys, 241634 bytes
I200407 18:51:37.207767 17 storage/engine/rocksdb.go:120  EVENT_LOG_v1 {"time_micros": 1586285497207535, "cf_name": "default", "job": 3, "event": "table_file_creation", "file_number": 426, "file_size": 241634, "table_properties": {"data_size": 240241, "index_size": 625, "index_partitions": 0, "top_level_index_size": 0, "index_key_is_user_key": 0, "index_value_is_delta_encoded": 0, "filter_size": 0, "raw_key_size": 255379, "raw_average_key_size": 27, "raw_value_size": 269312, "raw_average_value_size": 28, "num_data_blocks": 15, "num_entries": 9293, "num_deletions": 0, "num_merge_operands": 0, "num_range_deletions": 0, "format_version": 0, "fixed_key_len": 0, "filter_policy": "rocksdb.BuiltinBloomFilter", "column_family_name": "default", "column_family_id": 0, "comparator": "cockroach_comparator", "merge_operator": "cockroach_merge_operator", "prefix_extractor_name": "cockroach_prefix_extractor", "property_collectors": "[TimeBoundTblPropCollectorFactory,DeleteRangeTblPropCollectorFactory]", "compression": "Snappy", "compression_options": "window_bits=-14; level=32767; strategy=0; max_dict_bytes=0; zstd_max_train_bytes=0; enabled=0; ", "creation_time": 1586285486, "oldest_key_time": 0, "file_creation_time": 1586285497}}
I200407 18:51:37.279739 17 storage/engine/rocksdb.go:120  [db/compaction_job.cc:1397] [default] [JOB 3] Compacted 2@0 + 6@6 files to L6 => 25546475 bytes
I200407 18:51:37.283443 17 storage/engine/rocksdb.go:120  (Original Log Time 2020/04/07-18:51:37.280844) [db/compaction_job.cc:770] [default] compacted to: base level 6 level multiplier 10.00 max bytes base 67108864 files[0 0 0 0 0 0 8] max score 0.00, MB/sec: 2.4 rd, 2.4 wr, level 6, files in(2, 6) out(7) MB in(0.5, 24.1) out(24.4), read-write-amplify(89.2) write-amplify(44.3) OK, records in: 88113, records dropped: 11053 output_compression: Snappy
I200407 18:51:37.283576 17 storage/engine/rocksdb.go:120  (Original Log Time 2020/04/07-18:51:37.280914) EVENT_LOG_v1 {"time_micros": 1586285497280883, "job": 3, "event": "compaction_finished", "compaction_time_micros": 10657125, "compaction_time_cpu_micros": 2100916, "output_level": 6, "num_output_files": 7, "total_output_size": 25546475, "num_input_records": 85457, "num_output_records": 74404, "num_subcompactions": 1, "output_compression": "Snappy", "num_single_delete_mismatches": 0, "num_single_delete_fallthrough": 0, "lsm_state": [0, 0, 0, 0, 0, 0, 8]}
I200407 18:51:37.286580 17 storage/engine/rocksdb.go:120  EVENT_LOG_v1 {"time_micros": 1586285497286502, "job": 3, "event": "table_file_deletion", "file_number": 415}
I200407 18:51:37.289593 17 storage/engine/rocksdb.go:120  EVENT_LOG_v1 {"time_micros": 1586285497289504, "job": 3, "event": "table_file_deletion", "file_number": 413}
I200407 18:51:37.298801 17 storage/engine/rocksdb.go:120  EVENT_LOG_v1 {"time_micros": 1586285497298728, "job": 3, "event": "table_file_deletion", "file_number": 410}
I200407 18:51:37.306016 17 storage/engine/rocksdb.go:120  EVENT_LOG_v1 {"time_micros": 1586285497305883, "job": 3, "event": "table_file_deletion", "file_number": 409}
I200407 18:51:37.313813 17 storage/engine/rocksdb.go:120  EVENT_LOG_v1 {"time_micros": 1586285497313736, "job": 3, "event": "table_file_deletion", "file_number": 408}
I200407 18:51:37.323726 17 storage/engine/rocksdb.go:120  EVENT_LOG_v1 {"time_micros": 1586285497323629, "job": 3, "event": "table_file_deletion", "file_number": 407}
I200407 18:51:37.331901 17 storage/engine/rocksdb.go:120  EVENT_LOG_v1 {"time_micros": 1586285497331663, "job": 3, "event": "table_file_deletion", "file_number": 406}
I200407 18:51:37.339553 17 storage/engine/rocksdb.go:120  EVENT_LOG_v1 {"time_micros": 1586285497339111, "job": 3, "event": "table_file_deletion", "file_number": 405}
I200407 19:07:41.654365 15763 storage/engine/rocksdb.go:120  bloom filter utility:    -nan%
I200407 19:07:41.655860 15763 storage/engine/rocksdb.go:120  [db/db_impl.cc:392] Shutdown: canceling all background work
I200407 19:07:41.674620 15763 storage/engine/rocksdb.go:120  [db/db_impl.cc:565] Shutdown complete
I200407 19:07:41.750329 15763 storage/engine/rocksdb.go:120  bloom filter utility:    74.2%
I200407 19:07:41.751360 15763 storage/engine/rocksdb.go:120  [db/db_impl.cc:392] Shutdown: canceling all background work
I200407 19:07:41.818364 15763 storage/engine/rocksdb.go:120  [db/db_impl.cc:565] Shutdown complete
