I200408 06:51:14.044458 1 util/log/clog.go:1196  [config] file created at: 2020/04/08 06:51:14
I200408 06:51:14.044458 1 util/log/clog.go:1196  [config] running on machine: cc46f009c52a
I200408 06:51:14.044458 1 util/log/clog.go:1196  [config] binary: CockroachDB CCL v19.2.5 (x86_64-unknown-linux-gnu, built 2020/03/16 18:27:12, go1.12.12)
I200408 06:51:14.044458 1 util/log/clog.go:1196  [config] arguments: [/cockroach/cockroach start --insecure]
I200408 06:51:14.044458 1 util/log/clog.go:1196  line format: [IWEF]yymmdd hh:mm:ss.uuuuuu goid file:line msg utf8=✓
I200408 06:51:14.044435 1 cli/start.go:1144  logging to directory /cockroach/cockroach-data/logs
W200408 06:51:14.073838 1 cli/start.go:1182  RUNNING IN INSECURE MODE!

- Your cluster is open for any client that can access <all your IP addresses>.
- Any user, even root, can log in without providing a password.
- Any user, connecting as root, can read or write any data in your cluster.
- There is no network encryption nor authentication, and thus no confidentiality.

Check out how to secure your cluster: https://www.cockroachlabs.com/docs/v19.2/secure-a-cluster.html
I200408 06:51:14.075085 1 server/status/recorder.go:597  available memory from cgroups (8.0 EiB) is unsupported, using system memory 2.9 GiB instead: 
W200408 06:51:14.076900 1 cli/start.go:1052  Using the default setting for --cache (128 MiB).
  A significantly larger value is usually needed for good performance.
  If you have a dedicated server a reasonable setting is --cache=.25 (749 MiB).
I200408 06:51:14.079774 1 server/status/recorder.go:597  available memory from cgroups (8.0 EiB) is unsupported, using system memory 2.9 GiB instead: 
W200408 06:51:14.079913 1 cli/start.go:1065  Using the default setting for --max-sql-memory (128 MiB).
  A significantly larger value is usually needed in production.
  If you have a dedicated server a reasonable setting is --max-sql-memory=.25 (749 MiB).
I200408 06:51:14.084145 1 server/status/recorder.go:597  available memory from cgroups (8.0 EiB) is unsupported, using system memory 2.9 GiB instead: 
I200408 06:51:14.084277 1 cli/start.go:1196  CockroachDB CCL v19.2.5 (x86_64-unknown-linux-gnu, built 2020/03/16 18:27:12, go1.12.12)
W200408 06:51:15.847985 1 cli/start.go:511  running 'cockroach start' without --join is deprecated.
Consider using 'cockroach start-single-node' or 'cockroach init' instead.
I200408 06:51:15.880881 1 server/status/recorder.go:597  available memory from cgroups (8.0 EiB) is unsupported, using system memory 2.9 GiB instead: 
I200408 06:51:15.881088 1 server/config.go:394  system total memory: 2.9 GiB
I200408 06:51:15.881236 1 server/config.go:396  server configuration:
max offset             500000000
cache size             128 MiB
SQL memory pool size   128 MiB
scan interval          10m0s
scan min idle time     10ms
scan max idle time     1s
event log enabled      true
I200408 06:51:15.881326 1 cli/start.go:1030  using local environment variables: COCKROACH_CHANNEL=official-docker
I200408 06:51:15.881411 1 cli/start.go:1037  process identity: uid 0 euid 0 gid 0 egid 0
I200408 06:51:15.881645 1 cli/start.go:644  starting cockroach node
I200408 06:51:15.892414 13 storage/engine/rocksdb.go:622  opening rocksdb instance at "/cockroach/cockroach-data/cockroach-temp664458548"
I200408 06:51:17.720997 13 server/server.go:928  [n?] monitoring forward clock jumps based on server.clock.forward_jump_check_enabled
I200408 06:51:17.748222 13 storage/engine/rocksdb.go:622  opening rocksdb instance at "/cockroach/cockroach-data"
I200408 06:51:23.579211 13 server/config.go:502  [n?] 1 storage engine initialized
I200408 06:51:23.579407 13 server/config.go:505  [n?] RocksDB cache size: 128 MiB
I200408 06:51:23.579579 13 server/config.go:505  [n?] store 0: RocksDB, max size 0 B, max open file limit 1043576
W200408 06:51:23.648159 13 cli/start.go:996  neither --listen-addr nor --advertise-addr was specified.
The server will advertise "cc46f009c52a" to other nodes, is this routable?

Consider using:
- for local-only servers:  --listen-addr=localhost
- for multi-node clusters: --advertise-addr=<host/IP addr>
I200408 06:51:23.664112 13 gossip/gossip.go:394  [n1] NodeDescriptor set to node_id:1 address:<network_field:"tcp" address_field:"cc46f009c52a:26257" > attrs:<> locality:<> ServerVersion:<major_val:19 minor_val:2 patch:0 unstable:0 > build_tag:"v19.2.5" started_at:1586328683659282700 cluster_name:"" sql_address:<network_field:"tcp" address_field:"cc46f009c52a:26257" > 
W200408 06:51:24.472456 110 storage/replica_range_lease.go:554  can't determine lease status due to node liveness error: node not in the liveness table
github.com/cockroachdb/cockroach/pkg/storage.init.ializers
	/go/src/github.com/cockroachdb/cockroach/pkg/storage/node_liveness.go:44
runtime.main
	/usr/local/go/src/runtime/proc.go:188
runtime.goexit
	/usr/local/go/src/runtime/asm_amd64.s:1337
W200408 06:51:24.474626 110 storage/store.go:1530  [n1,s1,r6/1:/Table/{SystemCon…-11}] could not gossip system config: [NotLeaseHolderError] r6: replica (n1,s1):1 not lease holder; lease holder unknown
W200408 06:51:24.590185 110 storage/store.go:1530  [n1,s1,r6/1:/Table/{SystemCon…-11}] could not gossip system config: [NotLeaseHolderError] r6: replica (n1,s1):1 not lease holder; lease holder unknown
W200408 06:51:24.685961 110 storage/store.go:1530  [n1,s1,r6/1:/Table/{SystemCon…-11}] could not gossip system config: [NotLeaseHolderError] r6: replica (n1,s1):1 not lease holder; lease holder unknown
I200408 06:51:25.422196 13 server/node.go:431  [n1] initialized store [n1,s1]: disk (capacity=60 TiB, available=32 TiB, used=37 MiB, logicalBytes=310 MiB), ranges=35, leases=2, queries=0.00, writes=0.00, bytesPerReplica={p10=0.00 p25=0.00 p50=6527.00 p75=7039992.00 p90=47350193.00 pMax=59315127.00}, writesPerReplica={p10=0.00 p25=0.00 p50=0.00 p75=0.00 p90=0.00 pMax=0.00}
I200408 06:51:25.422726 13 storage/stores.go:240  [n1] read 1 node addresses from persistent storage
I200408 06:51:25.423723 13 storage/stores.go:259  [n1] wrote 2 node addresses to persistent storage
I200408 06:51:25.437573 186 gossip/client.go:124  [n1] started gossip client to 952fac406ab0:26257
I200408 06:51:25.444269 13 server/node.go:645  [n1] connecting to gossip network to verify cluster ID...
I200408 06:51:25.444635 13 server/node.go:665  [n1] node connected via gossip and verified as part of cluster "ea35b6ad-0215-43e2-94d0-3ce953db1cc1"
I200408 06:51:25.448099 13 server/node.go:512  [n1] node=1: started with [<no-attributes>=/cockroach/cockroach-data] engine(s) and attributes []
I200408 06:51:25.483783 13 server/server.go:1514  [n1] starting http server at [::]:8080 (use: cc46f009c52a:8080)
I200408 06:51:25.484190 13 server/server.go:1521  [n1] starting grpc/postgres server at [::]:26257
I200408 06:51:25.484299 13 server/server.go:1522  [n1] advertising CockroachDB node at cc46f009c52a:26257
I200408 06:51:25.616930 177 storage/node_liveness.go:474  [n1,liveness-hb] heartbeat failed on epoch increment; retrying
I200408 06:51:25.738633 73 gossip/gossip.go:1531  [n1] node has connected to cluster via gossip
I200408 06:51:25.761528 73 storage/stores.go:259  [n1] wrote 1 node addresses to persistent storage
W200408 06:51:26.249073 97 storage/store_raft.go:514  [n1,s1,r26/1:/Table/5{4-5}] handle raft ready: 0.5s [applied=2, batches=1, state_assertions=0]
W200408 06:51:26.447182 101 storage/store_raft.go:514  [n1,s1,r4/1:/System/tsd{-/cr.nod…}] handle raft ready: 0.6s [applied=3, batches=2, state_assertions=1]
I200408 06:51:28.021833 13 server/server.go:1590  [n1] done ensuring all necessary migrations have run
I200408 06:51:28.028862 13 server/server.go:1841  [n1] serving sql connections
I200408 06:51:28.053256 13 cli/start.go:803  [config] clusterID: ea35b6ad-0215-43e2-94d0-3ce953db1cc1
I200408 06:51:28.059457 13 cli/start.go:812  node startup completed:
CockroachDB node starting at 2020-04-08 06:51:28.0289749 +0000 UTC (took 14.0s)
build:               CCL v19.2.5 @ 2020/03/16 18:27:12 (go1.12.12)
webui:               http://cc46f009c52a:8080
sql:                 postgresql://root@cc46f009c52a:26257?sslmode=disable
RPC client flags:    /cockroach/cockroach <client cmd> --host=cc46f009c52a:26257 --insecure
logs:                /cockroach/cockroach-data/logs
temp dir:            /cockroach/cockroach-data/cockroach-temp664458548
external I/O path:   /cockroach/cockroach-data/extern
store[0]:            path=/cockroach/cockroach-data
status:              restarted pre-existing node
clusterID:           ea35b6ad-0215-43e2-94d0-3ce953db1cc1
nodeID:              1
I200408 06:51:28.540642 369 server/server_update.go:53  [n1] no need to upgrade, cluster already at the newest version
I200408 06:51:28.623287 387 sql/event_log.go:130  [n1] Event: "node_restart", target: 1, info: {Descriptor:{NodeID:1 Address:cc46f009c52a:26257 Attrs: Locality: ServerVersion:19.2 BuildTag:v19.2.5 StartedAt:1586328683659282700 LocalityAddress:[] ClusterName: SQLAddress:cc46f009c52a:26257} ClusterID:ea35b6ad-0215-43e2-94d0-3ce953db1cc1 StartedAt:1586328683659282700 LastUp:1586291819726126800}
I200408 06:51:35.509311 171 server/status/runtime.go:498  [n1] runtime stats: 159 MiB RSS, 163 goroutines, 99 MiB/25 MiB/135 MiB GO alloc/idle/total, 40 MiB/48 MiB CGO alloc/total, 0.0 CGO/sec, 0.0/0.0 %(u/s)time, 0.0 %gc (9x), 89 KiB/91 KiB (r/w)net
W200408 06:51:38.384328 104 storage/store_raft.go:514  [n1,s1,r53/1:/System{/tsd/cr.s…-tse}] handle raft ready: 0.5s [applied=1, batches=1, state_assertions=0]
W200408 06:51:38.385083 103 storage/store_raft.go:514  [n1,s1,r55/1:/System/tsd/cr.store.r{a…-o…}] handle raft ready: 0.5s [applied=1, batches=1, state_assertions=0]
W200408 06:51:38.385523 93 storage/store_raft.go:514  [n1,s1,r4/1:/System/tsd{-/cr.nod…}] handle raft ready: 0.5s [applied=1, batches=1, state_assertions=0]
I200408 06:51:38.921316 602 storage/replica_consistency.go:229  [n1,consistencyChecker,s1,r52/1:/System/tsd/cr.node.sql.mem.…] triggering stats recomputation to resolve delta of {ContainsEstimates:true LastUpdateNanos:1586328686202232300 IntentAge:0 GCBytesAge:0 LiveBytes:32381310 LiveCount:-2952 KeyBytes:-142596 KeyCount:-2952 ValBytes:32523906 ValCount:-2952 IntentBytes:0 IntentCount:0 SysBytes:0 SysCount:0}
W200408 06:51:39.393239 363 server/node.go:826  [n1,summaries] health alerts detected: {Alerts:[{StoreID:1 Category:METRICS Description:ranges.underreplicated Value:35}]}
I200408 06:51:42.295908 872 storage/replica_consistency.go:229  [n1,consistencyChecker,s1,r53/1:/System{/tsd/cr.s…-tse}] triggering stats recomputation to resolve delta of {ContainsEstimates:true LastUpdateNanos:1586328698204951000 IntentAge:0 GCBytesAge:0 LiveBytes:15485309 LiveCount:-1470 KeyBytes:-73710 KeyCount:-1470 ValBytes:15559019 ValCount:-1470 IntentBytes:0 IntentCount:0 SysBytes:0 SysCount:0}
I200408 06:51:45.512221 171 server/status/runtime.go:498  [n1] runtime stats: 202 MiB RSS, 156 goroutines, 126 MiB/60 MiB/202 MiB GO alloc/idle/total, 63 MiB/74 MiB CGO alloc/total, 1008.7 CGO/sec, 13.2/14.7 %(u/s)time, 0.0 %gc (0x), 69 KiB/37 KiB (r/w)net
I200408 06:51:45.731352 166 storage/store.go:2364  [n1,s1] sstables (read amplification = 1):
6 [ 25M 7 ]: 4M[6] 1M
I200408 06:51:45.731531 166 storage/store.go:2365  [n1,s1] 
** Compaction Stats [default] **
Level    Files   Size     Score Read(GB)  Rn(GB) Rnp1(GB) Write(GB) Wnew(GB) Moved(GB) W-Amp Rd(MB/s) Wr(MB/s) Comp(sec) CompMergeCPU(sec) Comp(cnt) Avg(sec) KeyIn KeyDrop
----------------------------------------------------------------------------------------------------------------------------------------------------------------------------
  L0      0/0    0.00 KB   0.0      0.0     0.0      0.0       0.0      0.0       0.0   1.0      0.0      0.2      1.22              0.00         1    1.221       0      0
  L6      7/0   25.46 MB   0.0      0.0     0.0      0.0       0.0      0.0       0.0  50.1      1.4      1.4     18.76              2.43         1   18.764     90K   7760
 Sum      7/0   25.46 MB   0.0      0.0     0.0      0.0       0.0      0.0       0.0  89.2      1.3      1.3     19.98              2.43         2    9.992     90K   7760
 Int      0/0    0.00 KB   0.0      0.0     0.0      0.0       0.0      0.0       0.0  89.2      1.3      1.3     19.98              2.43         2    9.992     90K   7760

** Compaction Stats [default] **
Priority    Files   Size     Score Read(GB)  Rn(GB) Rnp1(GB) Write(GB) Wnew(GB) Moved(GB) W-Amp Rd(MB/s) Wr(MB/s) Comp(sec) CompMergeCPU(sec) Comp(cnt) Avg(sec) KeyIn KeyDrop
-------------------------------------------------------------------------------------------------------------------------------------------------------------------------------
 Low      0/0    0.00 KB   0.0      0.0     0.0      0.0       0.0      0.0       0.0   0.0      1.4      1.4     18.76              2.43         1   18.764     90K   7760
User      0/0    0.00 KB   0.0      0.0     0.0      0.0       0.0      0.0       0.0   0.0      0.0      0.2      1.22              0.00         1    1.221       0      0
Uptime(secs): 27.6 total, 27.6 interval
Flush(GB): cumulative 0.000, interval 0.000
AddFile(GB): cumulative 0.000, interval 0.000
AddFile(Total Files): cumulative 0, interval 0
AddFile(L0 Files): cumulative 0, interval 0
AddFile(Keys): cumulative 0, interval 0
Cumulative compaction: 0.03 GB write, 0.93 MB/s write, 0.03 GB read, 0.93 MB/s read, 20.0 seconds
Interval compaction: 0.03 GB write, 0.93 MB/s write, 0.03 GB read, 0.93 MB/s read, 20.0 seconds
Stalls(count): 0 level0_slowdown, 0 level0_slowdown_with_compaction, 0 level0_numfiles, 0 level0_numfiles_with_compaction, 0 stop for pending_compaction_bytes, 0 slowdown for pending_compaction_bytes, 0 memtable_compaction, 0 memtable_slowdown, interval 0 total count
estimated_pending_compaction_bytes: 0 B
I200408 06:51:48.178196 1045 storage/replica_command.go:677  [n1,merge,s1,r55/1:/System/tsd/cr.store.r{a…-o…}] initiating a merge of r53:/System{/tsd/cr.store.rocksdb.block.cache.misses/2/10s/2020-04-06T07:00:00Z-tse} [(n1,s1):1, next=2, gen=11] into this range (lhs+rhs has (size=12 MiB+14 MiB qps=0.00+0.00 --> 0.00qps) below threshold (size=26 MiB, qps=0.00))
I200408 06:51:48.601681 100 storage/store_remove_replica.go:129  [n1,s1,r55/1:/System/tsd/cr.store.r{a…-o…}] removing replica r53/1
W200408 06:51:48.771851 363 server/node.go:826  [n1,summaries] health alerts detected: {Alerts:[{StoreID:1 Category:METRICS Description:ranges.underreplicated Value:35}]}
I200408 06:51:55.833850 171 server/status/runtime.go:498  [n1] runtime stats: 218 MiB RSS, 158 goroutines, 80 MiB/103 MiB/202 MiB GO alloc/idle/total, 67 MiB/79 MiB CGO alloc/total, 438.7 CGO/sec, 5.7/7.8 %(u/s)time, 0.0 %gc (1x), 37 KiB/23 KiB (r/w)net
W200408 06:51:58.432738 363 server/node.go:826  [n1,summaries] health alerts detected: {Alerts:[{StoreID:1 Category:METRICS Description:ranges.underreplicated Value:34}]}
I200408 06:52:03.587333 117 storage/compactor/compactor.go:325  [n1,s1,compactor] purging suggested compaction for range /System/tsd/cr.store.rocksdb.block.cache.misses/2/10s/2020-04-06T07:00:00Z - /System/"tse" that contains live data
I200408 06:52:05.496168 171 server/status/runtime.go:498  [n1] runtime stats: 219 MiB RSS, 157 goroutines, 89 MiB/96 MiB/202 MiB GO alloc/idle/total, 68 MiB/80 MiB CGO alloc/total, 63.5 CGO/sec, 5.9/6.9 %(u/s)time, 0.0 %gc (0x), 38 KiB/22 KiB (r/w)net
W200408 06:52:08.488438 363 server/node.go:826  [n1,summaries] health alerts detected: {Alerts:[{StoreID:1 Category:METRICS Description:ranges.underreplicated Value:34}]}
I200408 06:52:15.493801 171 server/status/runtime.go:498  [n1] runtime stats: 220 MiB RSS, 157 goroutines, 97 MiB/89 MiB/202 MiB GO alloc/idle/total, 68 MiB/80 MiB CGO alloc/total, 54.2 CGO/sec, 2.9/3.7 %(u/s)time, 0.0 %gc (0x), 31 KiB/14 KiB (r/w)net
W200408 06:52:18.217186 363 server/node.go:826  [n1,summaries] health alerts detected: {Alerts:[{StoreID:1 Category:METRICS Description:ranges.underreplicated Value:34}]}
I200408 06:52:25.386645 167 gossip/gossip.go:566  [n1] gossip status (ok, 2 nodes)
gossip client (1/3 cur/max conns)
  2: 952fac406ab0:26257 (1m0s: infos 196/35 sent/received, bytes 45315B/9034B sent/received)
gossip server (0/3 cur/max conns, infos 208/45 sent/received, bytes 46891B/10756B sent/received)
gossip connectivity
  n1 [sentinel];
  n1 -> n2;
I200408 06:52:25.505004 171 server/status/runtime.go:498  [n1] runtime stats: 220 MiB RSS, 157 goroutines, 106 MiB/81 MiB/202 MiB GO alloc/idle/total, 68 MiB/80 MiB CGO alloc/total, 43.8 CGO/sec, 2.2/3.4 %(u/s)time, 0.0 %gc (0x), 34 KiB/16 KiB (r/w)net
W200408 06:52:28.315007 363 server/node.go:826  [n1,summaries] health alerts detected: {Alerts:[{StoreID:1 Category:METRICS Description:ranges.underreplicated Value:34}]}
I200408 06:52:35.461437 171 server/status/runtime.go:498  [n1] runtime stats: 222 MiB RSS, 156 goroutines, 116 MiB/72 MiB/202 MiB GO alloc/idle/total, 68 MiB/80 MiB CGO alloc/total, 65.0 CGO/sec, 2.9/4.8 %(u/s)time, 0.0 %gc (0x), 40 KiB/26 KiB (r/w)net
W200408 06:52:38.084113 363 server/node.go:826  [n1,summaries] health alerts detected: {Alerts:[{StoreID:1 Category:METRICS Description:ranges.underreplicated Value:34}]}
I200408 06:52:45.464734 171 server/status/runtime.go:498  [n1] runtime stats: 222 MiB RSS, 158 goroutines, 124 MiB/64 MiB/202 MiB GO alloc/idle/total, 68 MiB/80 MiB CGO alloc/total, 36.0 CGO/sec, 1.5/1.5 %(u/s)time, 0.0 %gc (0x), 32 KiB/15 KiB (r/w)net
W200408 06:52:48.106668 363 server/node.go:826  [n1,summaries] health alerts detected: {Alerts:[{StoreID:1 Category:METRICS Description:ranges.underreplicated Value:34}]}
I200408 06:52:55.428626 171 server/status/runtime.go:498  [n1] runtime stats: 223 MiB RSS, 158 goroutines, 131 MiB/56 MiB/202 MiB GO alloc/idle/total, 68 MiB/80 MiB CGO alloc/total, 37.6 CGO/sec, 0.9/1.7 %(u/s)time, 0.0 %gc (0x), 31 KiB/14 KiB (r/w)net
W200408 06:52:58.055732 363 server/node.go:826  [n1,summaries] health alerts detected: {Alerts:[{StoreID:1 Category:METRICS Description:ranges.underreplicated Value:34}]}
I200408 06:53:05.429541 171 server/status/runtime.go:498  [n1] runtime stats: 227 MiB RSS, 159 goroutines, 141 MiB/46 MiB/202 MiB GO alloc/idle/total, 68 MiB/80 MiB CGO alloc/total, 42.8 CGO/sec, 1.6/2.3 %(u/s)time, 0.0 %gc (0x), 32 KiB/15 KiB (r/w)net
W200408 06:53:08.037315 363 server/node.go:826  [n1,summaries] health alerts detected: {Alerts:[{StoreID:1 Category:METRICS Description:ranges.underreplicated Value:34}]}
I200408 06:53:15.429928 171 server/status/runtime.go:498  [n1] runtime stats: 232 MiB RSS, 159 goroutines, 86 MiB/96 MiB/202 MiB GO alloc/idle/total, 68 MiB/80 MiB CGO alloc/total, 41.8 CGO/sec, 1.9/2.2 %(u/s)time, 0.0 %gc (1x), 31 KiB/14 KiB (r/w)net
W200408 06:53:17.998274 363 server/node.go:826  [n1,summaries] health alerts detected: {Alerts:[{StoreID:1 Category:METRICS Description:ranges.underreplicated Value:34}]}
I200408 06:53:25.308829 167 gossip/gossip.go:566  [n1] gossip status (ok, 2 nodes)
gossip client (1/3 cur/max conns)
  2: 952fac406ab0:26257 (2m0s: infos 337/66 sent/received, bytes 63205B/15693B sent/received)
gossip server (0/3 cur/max conns, infos 349/76 sent/received, bytes 64781B/17415B sent/received)
I200408 06:53:25.489335 171 server/status/runtime.go:498  [n1] runtime stats: 233 MiB RSS, 159 goroutines, 94 MiB/90 MiB/202 MiB GO alloc/idle/total, 68 MiB/80 MiB CGO alloc/total, 33.0 CGO/sec, 1.1/2.4 %(u/s)time, 0.0 %gc (0x), 31 KiB/13 KiB (r/w)net
W200408 06:53:27.989270 363 server/node.go:826  [n1,summaries] health alerts detected: {Alerts:[{StoreID:1 Category:METRICS Description:ranges.underreplicated Value:34}]}
I200408 06:53:35.490237 171 server/status/runtime.go:498  [n1] runtime stats: 233 MiB RSS, 158 goroutines, 103 MiB/82 MiB/202 MiB GO alloc/idle/total, 68 MiB/80 MiB CGO alloc/total, 73.7 CGO/sec, 1.2/2.5 %(u/s)time, 0.0 %gc (0x), 33 KiB/16 KiB (r/w)net
W200408 06:53:38.148870 363 server/node.go:826  [n1,summaries] health alerts detected: {Alerts:[{StoreID:1 Category:METRICS Description:ranges.underreplicated Value:34}]}
I200408 06:53:45.490611 171 server/status/runtime.go:498  [n1] runtime stats: 234 MiB RSS, 158 goroutines, 112 MiB/75 MiB/202 MiB GO alloc/idle/total, 68 MiB/80 MiB CGO alloc/total, 39.7 CGO/sec, 1.7/2.2 %(u/s)time, 0.0 %gc (0x), 31 KiB/13 KiB (r/w)net
W200408 06:53:48.085214 363 server/node.go:826  [n1,summaries] health alerts detected: {Alerts:[{StoreID:1 Category:METRICS Description:ranges.underreplicated Value:34}]}
I200408 06:53:55.455798 171 server/status/runtime.go:498  [n1] runtime stats: 234 MiB RSS, 158 goroutines, 120 MiB/67 MiB/202 MiB GO alloc/idle/total, 68 MiB/80 MiB CGO alloc/total, 44.7 CGO/sec, 1.7/1.8 %(u/s)time, 0.0 %gc (0x), 38 KiB/27 KiB (r/w)net
W200408 06:53:57.966218 363 server/node.go:826  [n1,summaries] health alerts detected: {Alerts:[{StoreID:1 Category:METRICS Description:ranges.underreplicated Value:34}]}
I200408 06:54:05.457314 171 server/status/runtime.go:498  [n1] runtime stats: 235 MiB RSS, 159 goroutines, 129 MiB/58 MiB/202 MiB GO alloc/idle/total, 67 MiB/81 MiB CGO alloc/total, 60.7 CGO/sec, 1.9/2.8 %(u/s)time, 0.0 %gc (0x), 52 KiB/58 KiB (r/w)net
W200408 06:54:07.965067 363 server/node.go:826  [n1,summaries] health alerts detected: {Alerts:[{StoreID:1 Category:METRICS Description:ranges.underreplicated Value:34}]}
I200408 06:54:15.457546 171 server/status/runtime.go:498  [n1] runtime stats: 235 MiB RSS, 159 goroutines, 137 MiB/51 MiB/202 MiB GO alloc/idle/total, 67 MiB/81 MiB CGO alloc/total, 42.0 CGO/sec, 1.1/1.5 %(u/s)time, 0.0 %gc (0x), 32 KiB/14 KiB (r/w)net
W200408 06:54:17.937904 363 server/node.go:826  [n1,summaries] health alerts detected: {Alerts:[{StoreID:1 Category:METRICS Description:ranges.underreplicated Value:34}]}
I200408 06:54:25.237926 167 gossip/gossip.go:566  [n1] gossip status (ok, 2 nodes)
gossip client (1/3 cur/max conns)
  2: 952fac406ab0:26257 (3m0s: infos 482/97 sent/received, bytes 81409B/22352B sent/received)
gossip server (0/3 cur/max conns, infos 494/107 sent/received, bytes 82985B/24074B sent/received)
I200408 06:54:25.423068 171 server/status/runtime.go:498  [n1] runtime stats: 236 MiB RSS, 159 goroutines, 145 MiB/42 MiB/202 MiB GO alloc/idle/total, 75 MiB/89 MiB CGO alloc/total, 38.3 CGO/sec, 0.7/1.6 %(u/s)time, 0.0 %gc (0x), 31 KiB/14 KiB (r/w)net
W200408 06:54:27.912398 363 server/node.go:826  [n1,summaries] health alerts detected: {Alerts:[{StoreID:1 Category:METRICS Description:ranges.underreplicated Value:34}]}
I200408 06:54:35.424434 171 server/status/runtime.go:498  [n1] runtime stats: 243 MiB RSS, 158 goroutines, 85 MiB/96 MiB/202 MiB GO alloc/idle/total, 75 MiB/89 MiB CGO alloc/total, 63.1 CGO/sec, 1.5/2.1 %(u/s)time, 0.0 %gc (1x), 33 KiB/15 KiB (r/w)net
W200408 06:54:37.980728 363 server/node.go:826  [n1,summaries] health alerts detected: {Alerts:[{StoreID:1 Category:METRICS Description:ranges.underreplicated Value:34}]}
I200408 06:54:45.428034 171 server/status/runtime.go:498  [n1] runtime stats: 243 MiB RSS, 158 goroutines, 93 MiB/90 MiB/202 MiB GO alloc/idle/total, 75 MiB/89 MiB CGO alloc/total, 39.3 CGO/sec, 0.8/1.4 %(u/s)time, 0.0 %gc (0x), 31 KiB/14 KiB (r/w)net
W200408 06:54:47.904008 363 server/node.go:826  [n1,summaries] health alerts detected: {Alerts:[{StoreID:1 Category:METRICS Description:ranges.underreplicated Value:34}]}
I200408 06:54:55.398116 171 server/status/runtime.go:498  [n1] runtime stats: 244 MiB RSS, 158 goroutines, 101 MiB/83 MiB/202 MiB GO alloc/idle/total, 75 MiB/89 MiB CGO alloc/total, 33.6 CGO/sec, 2.8/3.6 %(u/s)time, 0.0 %gc (0x), 31 KiB/13 KiB (r/w)net
W200408 06:54:57.920659 363 server/node.go:826  [n1,summaries] health alerts detected: {Alerts:[{StoreID:1 Category:METRICS Description:ranges.underreplicated Value:34}]}
I200408 06:55:05.670904 171 server/status/runtime.go:498  [n1] runtime stats: 244 MiB RSS, 159 goroutines, 109 MiB/76 MiB/202 MiB GO alloc/idle/total, 75 MiB/89 MiB CGO alloc/total, 35.8 CGO/sec, 1.3/2.1 %(u/s)time, 0.0 %gc (0x), 33 KiB/16 KiB (r/w)net
W200408 06:55:07.916397 363 server/node.go:826  [n1,summaries] health alerts detected: {Alerts:[{StoreID:1 Category:METRICS Description:ranges.underreplicated Value:34}]}
I200408 06:55:15.661209 171 server/status/runtime.go:498  [n1] runtime stats: 245 MiB RSS, 159 goroutines, 117 MiB/69 MiB/202 MiB GO alloc/idle/total, 75 MiB/89 MiB CGO alloc/total, 43.2 CGO/sec, 1.2/1.9 %(u/s)time, 0.0 %gc (0x), 31 KiB/13 KiB (r/w)net
W200408 06:55:17.885803 363 server/node.go:826  [n1,summaries] health alerts detected: {Alerts:[{StoreID:1 Category:METRICS Description:ranges.underreplicated Value:34}]}
I200408 06:55:25.168937 167 gossip/gossip.go:566  [n1] gossip status (ok, 2 nodes)
gossip client (1/3 cur/max conns)
  2: 952fac406ab0:26257 (4m0s: infos 627/128 sent/received, bytes 99688B/29047B sent/received)
gossip server (0/3 cur/max conns, infos 639/138 sent/received, bytes 101264B/30769B sent/received)
I200408 06:55:25.626439 171 server/status/runtime.go:498  [n1] runtime stats: 245 MiB RSS, 159 goroutines, 126 MiB/61 MiB/202 MiB GO alloc/idle/total, 75 MiB/89 MiB CGO alloc/total, 37.5 CGO/sec, 1.8/2.2 %(u/s)time, 0.0 %gc (0x), 31 KiB/14 KiB (r/w)net
W200408 06:55:27.899761 363 server/node.go:826  [n1,summaries] health alerts detected: {Alerts:[{StoreID:1 Category:METRICS Description:ranges.underreplicated Value:34}]}
I200408 06:55:35.628741 171 server/status/runtime.go:498  [n1] runtime stats: 246 MiB RSS, 158 goroutines, 134 MiB/53 MiB/202 MiB GO alloc/idle/total, 75 MiB/89 MiB CGO alloc/total, 64.9 CGO/sec, 1.2/1.7 %(u/s)time, 0.0 %gc (0x), 32 KiB/15 KiB (r/w)net
W200408 06:55:38.049113 363 server/node.go:826  [n1,summaries] health alerts detected: {Alerts:[{StoreID:1 Category:METRICS Description:ranges.underreplicated Value:34}]}
