I200409 18:21:54.439684 22 util/log/clog.go:1196  [config] file created at: 2020/04/09 18:21:54
I200409 18:21:54.439684 22 util/log/clog.go:1196  [config] running on machine: 836b3f629d69
I200409 18:21:54.439684 22 util/log/clog.go:1196  [config] binary: CockroachDB CCL v19.2.5 (x86_64-unknown-linux-gnu, built 2020/03/16 18:27:12, go1.12.12)
I200409 18:21:54.439684 22 util/log/clog.go:1196  [config] arguments: [/cockroach/cockroach start --insecure]
I200409 18:21:54.439684 22 util/log/clog.go:1196  line format: [IWEF]yymmdd hh:mm:ss.uuuuuu goid file:line msg utf8=✓
I200409 18:21:54.439658 22 storage/engine/rocksdb.go:120  RocksDB version: 6.2.1
I200409 18:21:54.590307 22 storage/engine/rocksdb.go:120  Git sha rocksdb_build_git_sha:@b7009236531fa784872f4823eabf393501e41bf2@
I200409 18:21:55.292800 22 storage/engine/rocksdb.go:120  Compile date Mar 16 2020
I200409 18:21:55.292856 22 storage/engine/rocksdb.go:120  DB SUMMARY
I200409 18:21:55.300172 22 storage/engine/rocksdb.go:120  SST files in /cockroach/cockroach-data/cockroach-temp144294488 dir, Total Num: 0, files: 
I200409 18:21:55.300257 22 storage/engine/rocksdb.go:120  Write Ahead Log file in /cockroach/cockroach-data/cockroach-temp144294488: 
I200409 18:21:55.300331 22 storage/engine/rocksdb.go:120                          Options.error_if_exists: 0
I200409 18:21:55.300375 22 storage/engine/rocksdb.go:120                        Options.create_if_missing: 1
I200409 18:21:55.300444 22 storage/engine/rocksdb.go:120                          Options.paranoid_checks: 1
I200409 18:21:55.300489 22 storage/engine/rocksdb.go:120                                      Options.env: 0x75757a0
I200409 18:21:55.300533 22 storage/engine/rocksdb.go:120                                 Options.info_log: 0x7f82abe0d120
I200409 18:21:55.300575 22 storage/engine/rocksdb.go:120                 Options.max_file_opening_threads: 16
I200409 18:21:55.300614 22 storage/engine/rocksdb.go:120                               Options.statistics: 0x7f82abe34010
I200409 18:21:55.300666 22 storage/engine/rocksdb.go:120                                Options.use_fsync: 0
I200409 18:21:55.302061 22 storage/engine/rocksdb.go:120                        Options.max_log_file_size: 0
I200409 18:21:55.302154 22 storage/engine/rocksdb.go:120                   Options.max_manifest_file_size: 134217728
I200409 18:21:55.302187 22 storage/engine/rocksdb.go:120                    Options.log_file_time_to_roll: 0
I200409 18:21:55.302427 22 storage/engine/rocksdb.go:120                        Options.keep_log_file_num: 1000
I200409 18:21:55.302606 22 storage/engine/rocksdb.go:120                     Options.recycle_log_file_num: 1
I200409 18:21:55.302640 22 storage/engine/rocksdb.go:120                          Options.allow_fallocate: 1
I200409 18:21:55.302924 22 storage/engine/rocksdb.go:120                         Options.allow_mmap_reads: 0
I200409 18:21:55.302966 22 storage/engine/rocksdb.go:120                        Options.allow_mmap_writes: 0
I200409 18:21:55.303133 22 storage/engine/rocksdb.go:120                         Options.use_direct_reads: 0
I200409 18:21:55.303441 22 storage/engine/rocksdb.go:120                         Options.use_direct_io_for_flush_and_compaction: 0
I200409 18:21:55.303576 22 storage/engine/rocksdb.go:120           Options.create_missing_column_families: 0
I200409 18:21:55.303626 22 storage/engine/rocksdb.go:120                               Options.db_log_dir: 
I200409 18:21:55.303758 22 storage/engine/rocksdb.go:120                                  Options.wal_dir: /cockroach/cockroach-data/cockroach-temp144294488
I200409 18:21:55.303795 22 storage/engine/rocksdb.go:120                 Options.table_cache_numshardbits: 6
I200409 18:21:55.303941 22 storage/engine/rocksdb.go:120                       Options.max_subcompactions: 1
I200409 18:21:55.303972 22 storage/engine/rocksdb.go:120                   Options.max_background_flushes: -1
I200409 18:21:55.304115 22 storage/engine/rocksdb.go:120                          Options.WAL_ttl_seconds: 0
I200409 18:21:55.304150 22 storage/engine/rocksdb.go:120                        Options.WAL_size_limit_MB: 0
I200409 18:21:55.304368 22 storage/engine/rocksdb.go:120              Options.manifest_preallocation_size: 4194304
I200409 18:21:55.314071 22 storage/engine/rocksdb.go:120                      Options.is_fd_close_on_exec: 1
I200409 18:21:55.314102 22 storage/engine/rocksdb.go:120                    Options.advise_random_on_open: 1
I200409 18:21:55.314131 22 storage/engine/rocksdb.go:120                     Options.db_write_buffer_size: 0
I200409 18:21:55.314208 22 storage/engine/rocksdb.go:120                     Options.write_buffer_manager: 0x7f82abe1f060
I200409 18:21:55.314377 22 storage/engine/rocksdb.go:120          Options.access_hint_on_compaction_start: 1
I200409 18:21:55.314417 22 storage/engine/rocksdb.go:120   Options.new_table_reader_for_compaction_inputs: 0
I200409 18:21:55.314519 22 storage/engine/rocksdb.go:120            Options.random_access_max_buffer_size: 1048576
I200409 18:21:55.314556 22 storage/engine/rocksdb.go:120                       Options.use_adaptive_mutex: 0
I200409 18:21:55.314599 22 storage/engine/rocksdb.go:120                             Options.rate_limiter: (nil)
I200409 18:21:55.314646 22 storage/engine/rocksdb.go:120      Options.sst_file_manager.rate_bytes_per_sec: 0
I200409 18:21:55.314682 22 storage/engine/rocksdb.go:120                        Options.wal_recovery_mode: 0
I200409 18:21:55.314724 22 storage/engine/rocksdb.go:120                   Options.enable_thread_tracking: 0
I200409 18:21:55.314766 22 storage/engine/rocksdb.go:120                   Options.enable_pipelined_write: 0
I200409 18:21:55.314810 22 storage/engine/rocksdb.go:120          Options.allow_concurrent_memtable_write: 1
I200409 18:21:55.314857 22 storage/engine/rocksdb.go:120       Options.enable_write_thread_adaptive_yield: 1
I200409 18:21:55.314961 22 storage/engine/rocksdb.go:120              Options.write_thread_max_yield_usec: 100
I200409 18:21:55.315038 22 storage/engine/rocksdb.go:120             Options.write_thread_slow_yield_usec: 3
I200409 18:21:55.315069 22 storage/engine/rocksdb.go:120                                Options.row_cache: None
I200409 18:21:55.315098 22 storage/engine/rocksdb.go:120                               Options.wal_filter: None
I200409 18:21:55.315126 22 storage/engine/rocksdb.go:120              Options.avoid_flush_during_recovery: 0
I200409 18:21:55.315380 22 storage/engine/rocksdb.go:120              Options.allow_ingest_behind: 0
I200409 18:21:55.316680 22 storage/engine/rocksdb.go:120              Options.preserve_deletes: 0
I200409 18:21:55.316807 22 storage/engine/rocksdb.go:120              Options.two_write_queues: 0
I200409 18:21:55.316848 22 storage/engine/rocksdb.go:120              Options.manual_wal_flush: 1
I200409 18:21:55.316881 22 storage/engine/rocksdb.go:120              Options.atomic_flush: 0
I200409 18:21:55.316923 22 storage/engine/rocksdb.go:120              Options.avoid_unnecessary_blocking_io: 0
I200409 18:21:55.316964 22 storage/engine/rocksdb.go:120              Options.max_background_jobs: 2
I200409 18:21:55.317007 22 storage/engine/rocksdb.go:120              Options.max_background_compactions: -1
I200409 18:21:55.317048 22 storage/engine/rocksdb.go:120              Options.avoid_flush_during_shutdown: 0
I200409 18:21:55.317078 22 storage/engine/rocksdb.go:120            Options.writable_file_max_buffer_size: 1048576
I200409 18:21:55.317107 22 storage/engine/rocksdb.go:120              Options.delayed_write_rate : 16777216
I200409 18:21:55.317142 22 storage/engine/rocksdb.go:120              Options.max_total_wal_size: 0
I200409 18:21:55.317181 22 storage/engine/rocksdb.go:120              Options.delete_obsolete_files_period_micros: 21600000000
I200409 18:21:55.317310 22 storage/engine/rocksdb.go:120                    Options.stats_dump_period_sec: 0
I200409 18:21:55.317341 22 storage/engine/rocksdb.go:120                  Options.stats_persist_period_sec: 600
I200409 18:21:55.334457 22 storage/engine/rocksdb.go:120                  Options.stats_history_buffer_size: 1048576
I200409 18:21:55.334532 22 storage/engine/rocksdb.go:120                           Options.max_open_files: 128
I200409 18:21:55.334576 22 storage/engine/rocksdb.go:120                           Options.bytes_per_sync: 524288
I200409 18:21:55.334611 22 storage/engine/rocksdb.go:120                       Options.wal_bytes_per_sync: 0
I200409 18:21:55.334649 22 storage/engine/rocksdb.go:120                    Options.strict_bytes_per_sync: 1
I200409 18:21:55.334680 22 storage/engine/rocksdb.go:120        Options.compaction_readahead_size: 0
I200409 18:21:55.334708 22 storage/engine/rocksdb.go:120  Compression algorithms supported:
I200409 18:21:55.334751 22 storage/engine/rocksdb.go:120  	kZSTDNotFinalCompression supported: 0
I200409 18:21:55.334780 22 storage/engine/rocksdb.go:120  	kZSTD supported: 0
I200409 18:21:55.334808 22 storage/engine/rocksdb.go:120  	kXpressCompression supported: 0
I200409 18:21:55.334837 22 storage/engine/rocksdb.go:120  	kLZ4HCCompression supported: 0
I200409 18:21:55.334865 22 storage/engine/rocksdb.go:120  	kLZ4Compression supported: 0
I200409 18:21:55.334894 22 storage/engine/rocksdb.go:120  	kBZip2Compression supported: 0
I200409 18:21:55.334922 22 storage/engine/rocksdb.go:120  	kZlibCompression supported: 0
I200409 18:21:55.334950 22 storage/engine/rocksdb.go:120  	kSnappyCompression supported: 1
I200409 18:21:55.334992 22 storage/engine/rocksdb.go:120  Fast CRC32 supported: Supported on x86
I200409 18:21:55.399931 22 storage/engine/rocksdb.go:120  [db/db_impl_open.cc:242] Creating manifest 1 
I200409 18:21:55.703647 22 storage/engine/rocksdb.go:120  [db/version_set.cc:4072] Recovering from manifest file: /cockroach/cockroach-data/cockroach-temp144294488/MANIFEST-000001
I200409 18:21:55.716969 22 storage/engine/rocksdb.go:120  [db/column_family.cc:488] --------------- Options for column family [default]:
I200409 18:21:55.717255 22 storage/engine/rocksdb.go:120                Options.comparator: cockroach_comparator
I200409 18:21:55.717308 22 storage/engine/rocksdb.go:120            Options.merge_operator: cockroach_merge_operator
I200409 18:21:55.718399 22 storage/engine/rocksdb.go:120         Options.compaction_filter: None
I200409 18:21:55.718429 22 storage/engine/rocksdb.go:120         Options.compaction_filter_factory: None
I200409 18:21:55.718551 22 storage/engine/rocksdb.go:120          Options.memtable_factory: SkipListFactory
I200409 18:21:55.718581 22 storage/engine/rocksdb.go:120             Options.table_factory: BlockBasedTable
I200409 18:21:55.718668 22 storage/engine/rocksdb.go:120             table_factory options:   flush_block_policy_factory: FlushBlockBySizePolicyFactory (0x7f82abe2d030)
  cache_index_and_filter_blocks: 0
  cache_index_and_filter_blocks_with_high_priority: 0
  pin_l0_filter_and_index_blocks_in_cache: 0
  pin_top_level_index_and_filter: 1
  index_type: 0
  data_block_index_type: 0
  index_shortening: 1
  data_block_hash_table_util_ratio: 0.750000
  hash_index_allow_collision: 1
  checksum: 1
  no_block_cache: 0
  block_cache: 0x7f82abe22010
  block_cache_name: LRUCache
  block_cache_options:
    capacity : 1048576
    num_shard_bits : 4
    strict_capacity_limit : 0
    memory_allocator : None
    high_pri_pool_ratio: 0.000
  block_cache_compressed: (nil)
  persistent_cache: (nil)
  block_size: 32768
  block_size_deviation: 10
  block_restart_interval: 16
  index_block_restart_interval: 1
  metadata_block_size: 4096
  partition_filters: 0
  use_delta_encoding: 1
  filter_policy: rocksdb.BuiltinBloomFilter
  whole_key_filtering: 0
  verify_compression: 0
  read_amp_bytes_per_bit: 0
  format_version: 2
  enable_index_compression: 1
  block_align: 0
I200409 18:21:55.718703 22 storage/engine/rocksdb.go:120         Options.write_buffer_size: 67108864
I200409 18:21:55.718734 22 storage/engine/rocksdb.go:120   Options.max_write_buffer_number: 4
I200409 18:21:55.718762 22 storage/engine/rocksdb.go:120           Options.compression: Snappy
I200409 18:21:55.718791 22 storage/engine/rocksdb.go:120                   Options.bottommost_compression: Disabled
I200409 18:21:55.718819 22 storage/engine/rocksdb.go:120        Options.prefix_extractor: cockroach_prefix_extractor
I200409 18:21:55.718858 22 storage/engine/rocksdb.go:120    Options.memtable_insert_with_hint_prefix_extractor: nullptr
I200409 18:21:55.718879 22 storage/engine/rocksdb.go:120              Options.num_levels: 7
I200409 18:21:55.718907 22 storage/engine/rocksdb.go:120         Options.min_write_buffer_number_to_merge: 1
I200409 18:21:55.718928 22 storage/engine/rocksdb.go:120      Options.max_write_buffer_number_to_maintain: 0
I200409 18:21:55.718956 22 storage/engine/rocksdb.go:120             Options.bottommost_compression_opts.window_bits: -14
I200409 18:21:55.718984 22 storage/engine/rocksdb.go:120                   Options.bottommost_compression_opts.level: 32767
I200409 18:21:55.719012 22 storage/engine/rocksdb.go:120                Options.bottommost_compression_opts.strategy: 0
I200409 18:21:55.719040 22 storage/engine/rocksdb.go:120          Options.bottommost_compression_opts.max_dict_bytes: 0
I200409 18:21:55.719067 22 storage/engine/rocksdb.go:120          Options.bottommost_compression_opts.zstd_max_train_bytes: 0
I200409 18:21:55.719095 22 storage/engine/rocksdb.go:120                   Options.bottommost_compression_opts.enabled: false
I200409 18:21:55.719123 22 storage/engine/rocksdb.go:120             Options.compression_opts.window_bits: -14
I200409 18:21:55.719151 22 storage/engine/rocksdb.go:120                   Options.compression_opts.level: 32767
I200409 18:21:55.719171 22 storage/engine/rocksdb.go:120                Options.compression_opts.strategy: 0
I200409 18:21:55.719199 22 storage/engine/rocksdb.go:120          Options.compression_opts.max_dict_bytes: 0
I200409 18:21:55.719312 22 storage/engine/rocksdb.go:120          Options.compression_opts.zstd_max_train_bytes: 0
I200409 18:21:55.719334 22 storage/engine/rocksdb.go:120                   Options.compression_opts.enabled: false
I200409 18:21:55.719369 22 storage/engine/rocksdb.go:120       Options.level0_file_num_compaction_trigger: 2
I200409 18:21:55.719397 22 storage/engine/rocksdb.go:120           Options.level0_slowdown_writes_trigger: 950
I200409 18:21:55.719426 22 storage/engine/rocksdb.go:120               Options.level0_stop_writes_trigger: 1000
I200409 18:21:55.719456 22 storage/engine/rocksdb.go:120                    Options.target_file_size_base: 4194304
I200409 18:21:55.719480 22 storage/engine/rocksdb.go:120              Options.target_file_size_multiplier: 2
I200409 18:21:55.719508 22 storage/engine/rocksdb.go:120                 Options.max_bytes_for_level_base: 67108864
I200409 18:21:55.719528 22 storage/engine/rocksdb.go:120  Options.level_compaction_dynamic_level_bytes: 1
I200409 18:21:55.719558 22 storage/engine/rocksdb.go:120           Options.max_bytes_for_level_multiplier: 10.000000
I200409 18:21:55.719587 22 storage/engine/rocksdb.go:120  Options.max_bytes_for_level_multiplier_addtl[0]: 1
I200409 18:21:55.719615 22 storage/engine/rocksdb.go:120  Options.max_bytes_for_level_multiplier_addtl[1]: 1
I200409 18:21:55.719655 22 storage/engine/rocksdb.go:120  Options.max_bytes_for_level_multiplier_addtl[2]: 1
I200409 18:21:55.719684 22 storage/engine/rocksdb.go:120  Options.max_bytes_for_level_multiplier_addtl[3]: 1
I200409 18:21:55.719706 22 storage/engine/rocksdb.go:120  Options.max_bytes_for_level_multiplier_addtl[4]: 1
I200409 18:21:55.719734 22 storage/engine/rocksdb.go:120  Options.max_bytes_for_level_multiplier_addtl[5]: 1
I200409 18:21:55.719762 22 storage/engine/rocksdb.go:120  Options.max_bytes_for_level_multiplier_addtl[6]: 1
I200409 18:21:55.719790 22 storage/engine/rocksdb.go:120        Options.max_sequential_skip_in_iterations: 8
I200409 18:21:55.719819 22 storage/engine/rocksdb.go:120                     Options.max_compaction_bytes: 104857600
I200409 18:21:55.719852 22 storage/engine/rocksdb.go:120                         Options.arena_block_size: 8388608
I200409 18:21:55.719880 22 storage/engine/rocksdb.go:120    Options.soft_pending_compaction_bytes_limit: 2199023255552
I200409 18:21:55.719908 22 storage/engine/rocksdb.go:120    Options.hard_pending_compaction_bytes_limit: 4400193994752
I200409 18:21:55.719936 22 storage/engine/rocksdb.go:120        Options.rate_limit_delay_max_milliseconds: 100
I200409 18:21:55.719965 22 storage/engine/rocksdb.go:120                 Options.disable_auto_compactions: 0
I200409 18:21:55.719995 22 storage/engine/rocksdb.go:120                         Options.compaction_style: kCompactionStyleLevel
I200409 18:21:55.720027 22 storage/engine/rocksdb.go:120                           Options.compaction_pri: kMinOverlappingRatio
I200409 18:21:55.720056 22 storage/engine/rocksdb.go:120  Options.compaction_options_universal.size_ratio: 1
I200409 18:21:55.720084 22 storage/engine/rocksdb.go:120  Options.compaction_options_universal.min_merge_width: 2
I200409 18:21:55.720112 22 storage/engine/rocksdb.go:120  Options.compaction_options_universal.max_merge_width: 4294967295
I200409 18:21:55.720140 22 storage/engine/rocksdb.go:120  Options.compaction_options_universal.max_size_amplification_percent: 200
I200409 18:21:55.720167 22 storage/engine/rocksdb.go:120  Options.compaction_options_universal.compression_size_percent: -1
I200409 18:21:55.720281 22 storage/engine/rocksdb.go:120  Options.compaction_options_universal.stop_style: kCompactionStopStyleTotalSize
I200409 18:21:55.720420 22 storage/engine/rocksdb.go:120  Options.compaction_options_fifo.max_table_files_size: 1073741824
I200409 18:21:55.720511 22 storage/engine/rocksdb.go:120  Options.compaction_options_fifo.allow_compaction: 0
I200409 18:21:55.720548 22 storage/engine/rocksdb.go:120                    Options.table_properties_collectors: TimeBoundTblPropCollectorFactory; DeleteRangeTblPropCollectorFactory; 
I200409 18:21:55.720589 22 storage/engine/rocksdb.go:120                    Options.inplace_update_support: 0
I200409 18:21:55.720706 22 storage/engine/rocksdb.go:120                  Options.inplace_update_num_locks: 10000
I200409 18:21:55.720826 22 storage/engine/rocksdb.go:120                Options.memtable_prefix_bloom_size_ratio: 0.000000
I200409 18:21:55.721043 22 storage/engine/rocksdb.go:120                Options.memtable_whole_key_filtering: 0
I200409 18:21:55.724307 22 storage/engine/rocksdb.go:120    Options.memtable_huge_page_size: 0
I200409 18:21:55.724364 22 storage/engine/rocksdb.go:120                            Options.bloom_locality: 0
I200409 18:21:55.724397 22 storage/engine/rocksdb.go:120                     Options.max_successive_merges: 0
I200409 18:21:55.724439 22 storage/engine/rocksdb.go:120                 Options.optimize_filters_for_hits: 1
I200409 18:21:55.724494 22 storage/engine/rocksdb.go:120                 Options.paranoid_file_checks: 0
I200409 18:21:55.724524 22 storage/engine/rocksdb.go:120                 Options.force_consistency_checks: 0
I200409 18:21:55.724553 22 storage/engine/rocksdb.go:120                 Options.report_bg_io_stats: 0
I200409 18:21:55.724582 22 storage/engine/rocksdb.go:120                                Options.ttl: 0
I200409 18:21:55.724612 22 storage/engine/rocksdb.go:120           Options.periodic_compaction_seconds: 0
I200409 18:21:55.833382 22 storage/engine/rocksdb.go:120  [db/version_set.cc:4286] Recovered from manifest file:/cockroach/cockroach-data/cockroach-temp144294488/MANIFEST-000001 succeeded,manifest_file_number is 1, next_file_number is 3, last_sequence is 0, log_number is 0,prev_log_number is 0,max_column_family is 0,min_log_number_to_keep is 0
I200409 18:21:55.833532 22 storage/engine/rocksdb.go:120  [db/version_set.cc:4295] Column family [default] (ID 0), log number is 0
I200409 18:21:56.111654 22 storage/engine/rocksdb.go:120  DB pointer 0x7f82abea1000
I200409 18:21:56.636301 22 storage/engine/rocksdb.go:120  RocksDB version: 6.2.1
I200409 18:21:56.636809 22 storage/engine/rocksdb.go:120  Git sha rocksdb_build_git_sha:@b7009236531fa784872f4823eabf393501e41bf2@
I200409 18:21:56.637000 22 storage/engine/rocksdb.go:120  Compile date Mar 16 2020
I200409 18:21:56.637045 22 storage/engine/rocksdb.go:120  DB SUMMARY
I200409 18:21:56.671373 22 storage/engine/rocksdb.go:120  CURRENT file:  CURRENT
I200409 18:21:56.671408 22 storage/engine/rocksdb.go:120  IDENTITY file:  IDENTITY
I200409 18:21:56.675503 22 storage/engine/rocksdb.go:120  MANIFEST file:  MANIFEST-000687 size: 8608 Bytes
I200409 18:21:56.675546 22 storage/engine/rocksdb.go:120  SST files in /cockroach/cockroach-data dir, Total Num: 9, files: 000758.sst 000759.sst 000760.sst 000761.sst 000762.sst 000763.sst 000764.sst 000765.sst 000766.sst 
I200409 18:21:56.675595 22 storage/engine/rocksdb.go:120  Write Ahead Log file in /cockroach/cockroach-data: 000754.log size: 59725081 ; 000756.log size: 12845326 ; 
I200409 18:21:56.675655 22 storage/engine/rocksdb.go:120                          Options.error_if_exists: 0
I200409 18:21:56.675694 22 storage/engine/rocksdb.go:120                        Options.create_if_missing: 1
I200409 18:21:56.675734 22 storage/engine/rocksdb.go:120                          Options.paranoid_checks: 1
I200409 18:21:56.675772 22 storage/engine/rocksdb.go:120                                      Options.env: 0x75757a0
I200409 18:21:56.675811 22 storage/engine/rocksdb.go:120                                 Options.info_log: 0x7f82b1087f20
I200409 18:21:56.675850 22 storage/engine/rocksdb.go:120                 Options.max_file_opening_threads: 16
I200409 18:21:56.675888 22 storage/engine/rocksdb.go:120                               Options.statistics: 0x7f82b101d8d0
I200409 18:21:56.675926 22 storage/engine/rocksdb.go:120                                Options.use_fsync: 0
I200409 18:21:56.675965 22 storage/engine/rocksdb.go:120                        Options.max_log_file_size: 0
I200409 18:21:56.676011 22 storage/engine/rocksdb.go:120                   Options.max_manifest_file_size: 134217728
I200409 18:21:56.676046 22 storage/engine/rocksdb.go:120                    Options.log_file_time_to_roll: 0
I200409 18:21:56.676084 22 storage/engine/rocksdb.go:120                        Options.keep_log_file_num: 1000
I200409 18:21:56.676119 22 storage/engine/rocksdb.go:120                     Options.recycle_log_file_num: 1
I200409 18:21:56.676155 22 storage/engine/rocksdb.go:120                          Options.allow_fallocate: 1
I200409 18:21:56.676190 22 storage/engine/rocksdb.go:120                         Options.allow_mmap_reads: 0
I200409 18:21:56.676229 22 storage/engine/rocksdb.go:120                        Options.allow_mmap_writes: 0
I200409 18:21:56.676266 22 storage/engine/rocksdb.go:120                         Options.use_direct_reads: 0
I200409 18:21:56.676302 22 storage/engine/rocksdb.go:120                         Options.use_direct_io_for_flush_and_compaction: 0
I200409 18:21:56.676339 22 storage/engine/rocksdb.go:120           Options.create_missing_column_families: 0
I200409 18:21:56.676394 22 storage/engine/rocksdb.go:120                               Options.db_log_dir: 
I200409 18:21:56.680148 22 storage/engine/rocksdb.go:120                                  Options.wal_dir: /cockroach/cockroach-data
I200409 18:21:56.680178 22 storage/engine/rocksdb.go:120                 Options.table_cache_numshardbits: 6
I200409 18:21:56.680207 22 storage/engine/rocksdb.go:120                       Options.max_subcompactions: 1
I200409 18:21:56.680234 22 storage/engine/rocksdb.go:120                   Options.max_background_flushes: -1
I200409 18:21:56.680270 22 storage/engine/rocksdb.go:120                          Options.WAL_ttl_seconds: 0
I200409 18:21:56.680300 22 storage/engine/rocksdb.go:120                        Options.WAL_size_limit_MB: 0
I200409 18:21:56.680328 22 storage/engine/rocksdb.go:120              Options.manifest_preallocation_size: 4194304
I200409 18:21:56.680356 22 storage/engine/rocksdb.go:120                      Options.is_fd_close_on_exec: 1
I200409 18:21:56.680384 22 storage/engine/rocksdb.go:120                    Options.advise_random_on_open: 1
I200409 18:21:56.680412 22 storage/engine/rocksdb.go:120                     Options.db_write_buffer_size: 0
I200409 18:21:56.680441 22 storage/engine/rocksdb.go:120                     Options.write_buffer_manager: 0x7f82b1060cb0
I200409 18:21:56.680469 22 storage/engine/rocksdb.go:120          Options.access_hint_on_compaction_start: 1
I200409 18:21:56.680498 22 storage/engine/rocksdb.go:120   Options.new_table_reader_for_compaction_inputs: 0
I200409 18:21:56.680526 22 storage/engine/rocksdb.go:120            Options.random_access_max_buffer_size: 1048576
I200409 18:21:56.680554 22 storage/engine/rocksdb.go:120                       Options.use_adaptive_mutex: 0
I200409 18:21:56.680581 22 storage/engine/rocksdb.go:120                             Options.rate_limiter: (nil)
I200409 18:21:56.680610 22 storage/engine/rocksdb.go:120      Options.sst_file_manager.rate_bytes_per_sec: 0
I200409 18:21:56.680637 22 storage/engine/rocksdb.go:120                        Options.wal_recovery_mode: 0
I200409 18:21:56.680665 22 storage/engine/rocksdb.go:120                   Options.enable_thread_tracking: 0
I200409 18:21:56.680693 22 storage/engine/rocksdb.go:120                   Options.enable_pipelined_write: 0
I200409 18:21:56.680721 22 storage/engine/rocksdb.go:120          Options.allow_concurrent_memtable_write: 1
I200409 18:21:56.680748 22 storage/engine/rocksdb.go:120       Options.enable_write_thread_adaptive_yield: 1
I200409 18:21:56.680777 22 storage/engine/rocksdb.go:120              Options.write_thread_max_yield_usec: 100
I200409 18:21:56.680810 22 storage/engine/rocksdb.go:120             Options.write_thread_slow_yield_usec: 3
I200409 18:21:56.680838 22 storage/engine/rocksdb.go:120                                Options.row_cache: None
I200409 18:21:56.680866 22 storage/engine/rocksdb.go:120                               Options.wal_filter: None
I200409 18:21:56.680894 22 storage/engine/rocksdb.go:120              Options.avoid_flush_during_recovery: 0
I200409 18:21:56.680922 22 storage/engine/rocksdb.go:120              Options.allow_ingest_behind: 0
I200409 18:21:56.680949 22 storage/engine/rocksdb.go:120              Options.preserve_deletes: 0
I200409 18:21:56.680977 22 storage/engine/rocksdb.go:120              Options.two_write_queues: 0
I200409 18:21:56.681006 22 storage/engine/rocksdb.go:120              Options.manual_wal_flush: 1
I200409 18:21:56.681034 22 storage/engine/rocksdb.go:120              Options.atomic_flush: 0
I200409 18:21:56.681062 22 storage/engine/rocksdb.go:120              Options.avoid_unnecessary_blocking_io: 0
I200409 18:21:56.681090 22 storage/engine/rocksdb.go:120              Options.max_background_jobs: 2
I200409 18:21:56.681118 22 storage/engine/rocksdb.go:120              Options.max_background_compactions: -1
I200409 18:21:56.681146 22 storage/engine/rocksdb.go:120              Options.avoid_flush_during_shutdown: 0
I200409 18:21:56.681174 22 storage/engine/rocksdb.go:120            Options.writable_file_max_buffer_size: 1048576
I200409 18:21:56.681202 22 storage/engine/rocksdb.go:120              Options.delayed_write_rate : 16777216
I200409 18:21:56.681229 22 storage/engine/rocksdb.go:120              Options.max_total_wal_size: 0
I200409 18:21:56.681257 22 storage/engine/rocksdb.go:120              Options.delete_obsolete_files_period_micros: 21600000000
I200409 18:21:56.681286 22 storage/engine/rocksdb.go:120                    Options.stats_dump_period_sec: 0
I200409 18:21:56.681314 22 storage/engine/rocksdb.go:120                  Options.stats_persist_period_sec: 600
I200409 18:21:56.681342 22 storage/engine/rocksdb.go:120                  Options.stats_history_buffer_size: 1048576
I200409 18:21:56.681369 22 storage/engine/rocksdb.go:120                           Options.max_open_files: 1043576
I200409 18:21:56.681397 22 storage/engine/rocksdb.go:120                           Options.bytes_per_sync: 524288
I200409 18:21:56.681425 22 storage/engine/rocksdb.go:120                       Options.wal_bytes_per_sync: 0
I200409 18:21:56.681452 22 storage/engine/rocksdb.go:120                    Options.strict_bytes_per_sync: 1
I200409 18:21:56.681480 22 storage/engine/rocksdb.go:120        Options.compaction_readahead_size: 0
I200409 18:21:56.681508 22 storage/engine/rocksdb.go:120  Compression algorithms supported:
I200409 18:21:56.681537 22 storage/engine/rocksdb.go:120  	kZSTDNotFinalCompression supported: 0
I200409 18:21:56.681566 22 storage/engine/rocksdb.go:120  	kZSTD supported: 0
I200409 18:21:56.681594 22 storage/engine/rocksdb.go:120  	kXpressCompression supported: 0
I200409 18:21:56.681622 22 storage/engine/rocksdb.go:120  	kLZ4HCCompression supported: 0
I200409 18:21:56.681650 22 storage/engine/rocksdb.go:120  	kLZ4Compression supported: 0
I200409 18:21:56.681677 22 storage/engine/rocksdb.go:120  	kBZip2Compression supported: 0
I200409 18:21:56.681705 22 storage/engine/rocksdb.go:120  	kZlibCompression supported: 0
I200409 18:21:56.681733 22 storage/engine/rocksdb.go:120  	kSnappyCompression supported: 1
I200409 18:21:56.681774 22 storage/engine/rocksdb.go:120  Fast CRC32 supported: Supported on x86
I200409 18:21:56.747397 22 storage/engine/rocksdb.go:120  [db/version_set.cc:4072] Recovering from manifest file: /cockroach/cockroach-data/MANIFEST-000687
I200409 18:21:56.765178 22 storage/engine/rocksdb.go:120  [db/column_family.cc:488] --------------- Options for column family [default]:
I200409 18:21:56.765305 22 storage/engine/rocksdb.go:120                Options.comparator: cockroach_comparator
I200409 18:21:56.765346 22 storage/engine/rocksdb.go:120            Options.merge_operator: cockroach_merge_operator
I200409 18:21:56.765375 22 storage/engine/rocksdb.go:120         Options.compaction_filter: None
I200409 18:21:56.765403 22 storage/engine/rocksdb.go:120         Options.compaction_filter_factory: None
I200409 18:21:56.765432 22 storage/engine/rocksdb.go:120          Options.memtable_factory: SkipListFactory
I200409 18:21:56.765461 22 storage/engine/rocksdb.go:120             Options.table_factory: BlockBasedTable
I200409 18:21:56.765537 22 storage/engine/rocksdb.go:120             table_factory options:   flush_block_policy_factory: FlushBlockBySizePolicyFactory (0x7f82b1024038)
  cache_index_and_filter_blocks: 0
  cache_index_and_filter_blocks_with_high_priority: 0
  pin_l0_filter_and_index_blocks_in_cache: 0
  pin_top_level_index_and_filter: 1
  index_type: 0
  data_block_index_type: 0
  index_shortening: 1
  data_block_hash_table_util_ratio: 0.750000
  hash_index_allow_collision: 1
  checksum: 1
  no_block_cache: 0
  block_cache: 0x7f82abeba490
  block_cache_name: LRUCache
  block_cache_options:
    capacity : 67108864
    num_shard_bits : 4
    strict_capacity_limit : 0
    memory_allocator : None
    high_pri_pool_ratio: 0.000
  block_cache_compressed: (nil)
  persistent_cache: (nil)
  block_size: 32768
  block_size_deviation: 10
  block_restart_interval: 16
  index_block_restart_interval: 1
  metadata_block_size: 4096
  partition_filters: 0
  use_delta_encoding: 1
  filter_policy: rocksdb.BuiltinBloomFilter
  whole_key_filtering: 0
  verify_compression: 0
  read_amp_bytes_per_bit: 0
  format_version: 2
  enable_index_compression: 1
  block_align: 0
I200409 18:21:56.765572 22 storage/engine/rocksdb.go:120         Options.write_buffer_size: 67108864
I200409 18:21:56.765602 22 storage/engine/rocksdb.go:120   Options.max_write_buffer_number: 4
I200409 18:21:56.765631 22 storage/engine/rocksdb.go:120           Options.compression: Snappy
I200409 18:21:56.765659 22 storage/engine/rocksdb.go:120                   Options.bottommost_compression: Disabled
I200409 18:21:56.765681 22 storage/engine/rocksdb.go:120        Options.prefix_extractor: cockroach_prefix_extractor
I200409 18:21:56.765710 22 storage/engine/rocksdb.go:120    Options.memtable_insert_with_hint_prefix_extractor: nullptr
I200409 18:21:56.765738 22 storage/engine/rocksdb.go:120              Options.num_levels: 7
I200409 18:21:56.765766 22 storage/engine/rocksdb.go:120         Options.min_write_buffer_number_to_merge: 1
I200409 18:21:56.765802 22 storage/engine/rocksdb.go:120      Options.max_write_buffer_number_to_maintain: 0
I200409 18:21:56.765830 22 storage/engine/rocksdb.go:120             Options.bottommost_compression_opts.window_bits: -14
I200409 18:21:56.765864 22 storage/engine/rocksdb.go:120                   Options.bottommost_compression_opts.level: 32767
I200409 18:21:56.765893 22 storage/engine/rocksdb.go:120                Options.bottommost_compression_opts.strategy: 0
I200409 18:21:56.765921 22 storage/engine/rocksdb.go:120          Options.bottommost_compression_opts.max_dict_bytes: 0
I200409 18:21:56.765950 22 storage/engine/rocksdb.go:120          Options.bottommost_compression_opts.zstd_max_train_bytes: 0
I200409 18:21:56.765977 22 storage/engine/rocksdb.go:120                   Options.bottommost_compression_opts.enabled: false
I200409 18:21:56.766005 22 storage/engine/rocksdb.go:120             Options.compression_opts.window_bits: -14
I200409 18:21:56.766033 22 storage/engine/rocksdb.go:120                   Options.compression_opts.level: 32767
I200409 18:21:56.766061 22 storage/engine/rocksdb.go:120                Options.compression_opts.strategy: 0
I200409 18:21:56.766090 22 storage/engine/rocksdb.go:120          Options.compression_opts.max_dict_bytes: 0
I200409 18:21:56.766118 22 storage/engine/rocksdb.go:120          Options.compression_opts.zstd_max_train_bytes: 0
I200409 18:21:56.766146 22 storage/engine/rocksdb.go:120                   Options.compression_opts.enabled: false
I200409 18:21:56.766174 22 storage/engine/rocksdb.go:120       Options.level0_file_num_compaction_trigger: 2
I200409 18:21:56.766202 22 storage/engine/rocksdb.go:120           Options.level0_slowdown_writes_trigger: 950
I200409 18:21:56.766230 22 storage/engine/rocksdb.go:120               Options.level0_stop_writes_trigger: 1000
I200409 18:21:56.766258 22 storage/engine/rocksdb.go:120                    Options.target_file_size_base: 4194304
I200409 18:21:56.766291 22 storage/engine/rocksdb.go:120              Options.target_file_size_multiplier: 2
I200409 18:21:56.766320 22 storage/engine/rocksdb.go:120                 Options.max_bytes_for_level_base: 67108864
I200409 18:21:56.766347 22 storage/engine/rocksdb.go:120  Options.level_compaction_dynamic_level_bytes: 1
I200409 18:21:56.770658 22 storage/engine/rocksdb.go:120           Options.max_bytes_for_level_multiplier: 10.000000
I200409 18:21:56.770731 22 storage/engine/rocksdb.go:120  Options.max_bytes_for_level_multiplier_addtl[0]: 1
I200409 18:21:56.770776 22 storage/engine/rocksdb.go:120  Options.max_bytes_for_level_multiplier_addtl[1]: 1
I200409 18:21:56.770819 22 storage/engine/rocksdb.go:120  Options.max_bytes_for_level_multiplier_addtl[2]: 1
I200409 18:21:56.770861 22 storage/engine/rocksdb.go:120  Options.max_bytes_for_level_multiplier_addtl[3]: 1
I200409 18:21:56.770900 22 storage/engine/rocksdb.go:120  Options.max_bytes_for_level_multiplier_addtl[4]: 1
I200409 18:21:56.770949 22 storage/engine/rocksdb.go:120  Options.max_bytes_for_level_multiplier_addtl[5]: 1
I200409 18:21:56.770991 22 storage/engine/rocksdb.go:120  Options.max_bytes_for_level_multiplier_addtl[6]: 1
I200409 18:21:56.771032 22 storage/engine/rocksdb.go:120        Options.max_sequential_skip_in_iterations: 8
I200409 18:21:56.771074 22 storage/engine/rocksdb.go:120                     Options.max_compaction_bytes: 104857600
I200409 18:21:56.771114 22 storage/engine/rocksdb.go:120                         Options.arena_block_size: 8388608
I200409 18:21:56.771155 22 storage/engine/rocksdb.go:120    Options.soft_pending_compaction_bytes_limit: 2199023255552
I200409 18:21:56.771195 22 storage/engine/rocksdb.go:120    Options.hard_pending_compaction_bytes_limit: 4400193994752
I200409 18:21:56.771234 22 storage/engine/rocksdb.go:120        Options.rate_limit_delay_max_milliseconds: 100
I200409 18:21:56.771275 22 storage/engine/rocksdb.go:120                 Options.disable_auto_compactions: 0
I200409 18:21:56.771321 22 storage/engine/rocksdb.go:120                         Options.compaction_style: kCompactionStyleLevel
I200409 18:21:56.771380 22 storage/engine/rocksdb.go:120                           Options.compaction_pri: kMinOverlappingRatio
I200409 18:21:56.771420 22 storage/engine/rocksdb.go:120  Options.compaction_options_universal.size_ratio: 1
I200409 18:21:56.771461 22 storage/engine/rocksdb.go:120  Options.compaction_options_universal.min_merge_width: 2
I200409 18:21:56.771500 22 storage/engine/rocksdb.go:120  Options.compaction_options_universal.max_merge_width: 4294967295
I200409 18:21:56.771538 22 storage/engine/rocksdb.go:120  Options.compaction_options_universal.max_size_amplification_percent: 200
I200409 18:21:56.771579 22 storage/engine/rocksdb.go:120  Options.compaction_options_universal.compression_size_percent: -1
I200409 18:21:56.771621 22 storage/engine/rocksdb.go:120  Options.compaction_options_universal.stop_style: kCompactionStopStyleTotalSize
I200409 18:21:56.771675 22 storage/engine/rocksdb.go:120  Options.compaction_options_fifo.max_table_files_size: 1073741824
I200409 18:21:56.771714 22 storage/engine/rocksdb.go:120  Options.compaction_options_fifo.allow_compaction: 0
I200409 18:21:56.771761 22 storage/engine/rocksdb.go:120                    Options.table_properties_collectors: TimeBoundTblPropCollectorFactory; DeleteRangeTblPropCollectorFactory; 
I200409 18:21:56.771807 22 storage/engine/rocksdb.go:120                    Options.inplace_update_support: 0
I200409 18:21:56.771847 22 storage/engine/rocksdb.go:120                  Options.inplace_update_num_locks: 10000
I200409 18:21:56.771888 22 storage/engine/rocksdb.go:120                Options.memtable_prefix_bloom_size_ratio: 0.000000
I200409 18:21:56.771929 22 storage/engine/rocksdb.go:120                Options.memtable_whole_key_filtering: 0
I200409 18:21:56.771967 22 storage/engine/rocksdb.go:120    Options.memtable_huge_page_size: 0
I200409 18:21:56.772008 22 storage/engine/rocksdb.go:120                            Options.bloom_locality: 0
I200409 18:21:56.772048 22 storage/engine/rocksdb.go:120                     Options.max_successive_merges: 0
I200409 18:21:56.772087 22 storage/engine/rocksdb.go:120                 Options.optimize_filters_for_hits: 1
I200409 18:21:56.772127 22 storage/engine/rocksdb.go:120                 Options.paranoid_file_checks: 0
I200409 18:21:56.772164 22 storage/engine/rocksdb.go:120                 Options.force_consistency_checks: 0
I200409 18:21:56.772203 22 storage/engine/rocksdb.go:120                 Options.report_bg_io_stats: 0
I200409 18:21:56.772244 22 storage/engine/rocksdb.go:120                                Options.ttl: 0
I200409 18:21:56.772283 22 storage/engine/rocksdb.go:120           Options.periodic_compaction_seconds: 0
I200409 18:21:56.902796 22 storage/engine/rocksdb.go:120  [db/version_set.cc:4286] Recovered from manifest file:/cockroach/cockroach-data/MANIFEST-000687 succeeded,manifest_file_number is 687, next_file_number is 768, last_sequence is 32601665, log_number is 756,prev_log_number is 0,max_column_family is 0,min_log_number_to_keep is 0
I200409 18:21:56.902847 22 storage/engine/rocksdb.go:120  [db/version_set.cc:4295] Column family [default] (ID 0), log number is 756
I200409 18:21:57.005805 22 storage/engine/rocksdb.go:120  EVENT_LOG_v1 {"time_micros": 1586456517005701, "job": 1, "event": "recovery_started", "log_files": [754, 756]}
I200409 18:21:57.005847 22 storage/engine/rocksdb.go:120  [db/db_impl_open.cc:586] Skipping log #754 since it is older than min log to keep #756
I200409 18:21:57.005881 22 storage/engine/rocksdb.go:120  [db/db_impl_open.cc:598] Recovering log #756 mode 0
I200409 18:21:59.712963 22 storage/engine/rocksdb.go:120  EVENT_LOG_v1 {"time_micros": 1586456519712818, "cf_name": "default", "job": 1, "event": "table_file_creation", "file_number": 768, "file_size": 153115, "table_properties": {"data_size": 147033, "index_size": 1423, "index_partitions": 0, "top_level_index_size": 0, "index_key_is_user_key": 0, "index_value_is_delta_encoded": 0, "filter_size": 4165, "raw_key_size": 127513, "raw_average_key_size": 37, "raw_value_size": 787717, "raw_average_value_size": 230, "num_data_blocks": 26, "num_entries": 3412, "num_deletions": 1722, "num_merge_operands": 1328, "num_range_deletions": 1328, "format_version": 0, "fixed_key_len": 0, "filter_policy": "rocksdb.BuiltinBloomFilter", "column_family_name": "default", "column_family_id": 0, "comparator": "cockroach_comparator", "merge_operator": "cockroach_merge_operator", "prefix_extractor_name": "cockroach_prefix_extractor", "property_collectors": "[TimeBoundTblPropCollectorFactory,DeleteRangeTblPropCollectorFactory]", "compression": "Snappy", "compression_options": "window_bits=-14; level=32767; strategy=0; max_dict_bytes=0; zstd_max_train_bytes=0; enabled=0; ", "creation_time": 1586456518, "oldest_key_time": 3, "file_creation_time": 0}}
I200409 18:21:59.727681 22 storage/engine/rocksdb.go:120  [db/version_set.cc:3560] Creating manifest 769
I200409 18:21:59.750114 22 storage/engine/rocksdb.go:120  EVENT_LOG_v1 {"time_micros": 1586456519750025, "job": 1, "event": "recovery_finished"}
I200409 18:22:00.208731 22 storage/engine/rocksdb.go:120  DB pointer 0x7f82b1170000
I200409 18:44:23.768813 107 storage/engine/rocksdb.go:120  [db/db_impl_write.cc:1437] [default] New memtable created with log file: #773. Immutable memtables: 0.
I200409 18:44:23.770674 17 storage/engine/rocksdb.go:120  (Original Log Time 2020/04/09-18:44:23.769088) [db/db_impl_compaction_flush.cc:2097] Calling FlushMemTableToOutputFile with column family [default], flush slots available 1, compaction slots available 1, flush slots scheduled 1, compaction slots scheduled 0
I200409 18:44:23.771640 17 storage/engine/rocksdb.go:120  [db/flush_job.cc:322] [default] [JOB 3] Flushing memtable with next log file: 773
I200409 18:44:23.771898 17 storage/engine/rocksdb.go:120  EVENT_LOG_v1 {"time_micros": 1586457863771853, "job": 3, "event": "flush_started", "num_memtables": 1, "num_entries": 224496, "num_deletes": 9508, "total_data_size": 60947208, "memory_usage": 65015256, "flush_reason": "Write Buffer Full"}
I200409 18:44:23.771951 17 storage/engine/rocksdb.go:120  [db/flush_job.cc:351] [default] [JOB 3] Level-0 flush table #774: started
I200409 18:44:24.606697 17 storage/engine/rocksdb.go:120  EVENT_LOG_v1 {"time_micros": 1586457864606566, "cf_name": "default", "job": 3, "event": "table_file_creation", "file_number": 774, "file_size": 462204, "table_properties": {"data_size": 445081, "index_size": 4976, "index_partitions": 0, "top_level_index_size": 0, "index_key_is_user_key": 0, "index_value_is_delta_encoded": 0, "filter_size": 13381, "raw_key_size": 354576, "raw_average_key_size": 29, "raw_value_size": 2516304, "raw_average_value_size": 206, "num_data_blocks": 82, "num_entries": 12175, "num_deletions": 9434, "num_merge_operands": 1328, "num_range_deletions": 1328, "format_version": 0, "fixed_key_len": 0, "filter_policy": "rocksdb.BuiltinBloomFilter", "column_family_name": "default", "column_family_id": 0, "comparator": "cockroach_comparator", "merge_operator": "cockroach_merge_operator", "prefix_extractor_name": "cockroach_prefix_extractor", "property_collectors": "[TimeBoundTblPropCollectorFactory,DeleteRangeTblPropCollectorFactory]", "compression": "Snappy", "compression_options": "window_bits=-14; level=32767; strategy=0; max_dict_bytes=0; zstd_max_train_bytes=0; enabled=0; ", "creation_time": 1586457863, "oldest_key_time": 1586456520, "file_creation_time": 1586457863}}
I200409 18:44:24.606758 17 storage/engine/rocksdb.go:120  [db/flush_job.cc:392] [default] [JOB 3] Level-0 flush table #774: 462204 bytes OK
I200409 18:44:24.608831 17 storage/engine/rocksdb.go:120  [db/db_impl_files.cc:194] adding log 770 to recycle list
I200409 18:44:24.608923 17 storage/engine/rocksdb.go:120  (Original Log Time 2020/04/09-18:44:24.606896) [db/memtable_list.cc:386] [default] Level-0 commit table #774 started
I200409 18:44:24.608967 17 storage/engine/rocksdb.go:120  (Original Log Time 2020/04/09-18:44:24.607942) [db/memtable_list.cc:434] [default] Level-0 commit table #774: memtable #1 done
I200409 18:44:24.609015 17 storage/engine/rocksdb.go:120  (Original Log Time 2020/04/09-18:44:24.607990) EVENT_LOG_v1 {"time_micros": 1586457864607964, "job": 3, "event": "flush_finished", "output_compression": "Snappy", "lsm_state": [2, 0, 0, 0, 0, 0, 9], "immutable_memtables": 0}
I200409 18:44:24.609170 17 storage/engine/rocksdb.go:120  (Original Log Time 2020/04/09-18:44:24.608057) [db/db_impl_compaction_flush.cc:208] [default] Level summary: base level 6 level multiplier 10.00 max bytes base 67108864 files[2 0 0 0 0 0 9] max score 1.00
I200409 18:44:24.609630 17 storage/engine/rocksdb.go:120  [db/compaction_job.cc:1647] [default] [JOB 4] Compacting 2@0 + 9@6 files to L6, score 1.00
I200409 18:44:24.609715 17 storage/engine/rocksdb.go:120  [db/compaction_job.cc:1651] [default] Compaction start summary: Base version 3 Base level 0, inputs: [774(451KB) 768(149KB)], [758(4113KB) 759(4116KB) 760(4121KB) 761(4119KB) 762(4107KB) 763(4115KB) 764(4124KB) 765(4119KB) 766(2821KB)]
I200409 18:44:24.610122 17 storage/engine/rocksdb.go:120  EVENT_LOG_v1 {"time_micros": 1586457864609986, "job": 4, "event": "compaction_started", "compaction_reason": "LevelL0FilesNum", "files_L0": [774, 768], "files_L6": [758, 759, 760, 761, 762, 763, 764, 765, 766], "score": 1, "input_data_size": 37233585}
I200409 18:44:24.855154 17 storage/engine/rocksdb.go:120  [db/compaction_job.cc:1334] [default] [JOB 4] Generated table #775: 10996 keys, 4215132 bytes
I200409 18:44:24.855304 17 storage/engine/rocksdb.go:120  EVENT_LOG_v1 {"time_micros": 1586457864855211, "cf_name": "default", "job": 4, "event": "table_file_creation", "file_number": 775, "file_size": 4215132, "table_properties": {"data_size": 4201370, "index_size": 51428, "index_partitions": 0, "top_level_index_size": 0, "index_key_is_user_key": 0, "index_value_is_delta_encoded": 0, "filter_size": 0, "raw_key_size": 529543, "raw_average_key_size": 48, "raw_value_size": 24299902, "raw_average_value_size": 2209, "num_data_blocks": 773, "num_entries": 10996, "num_deletions": 0, "num_merge_operands": 0, "num_range_deletions": 0, "format_version": 0, "fixed_key_len": 0, "filter_policy": "rocksdb.BuiltinBloomFilter", "column_family_name": "default", "column_family_id": 0, "comparator": "cockroach_comparator", "merge_operator": "cockroach_merge_operator", "prefix_extractor_name": "cockroach_prefix_extractor", "property_collectors": "[TimeBoundTblPropCollectorFactory,DeleteRangeTblPropCollectorFactory]", "compression": "Snappy", "compression_options": "window_bits=-14; level=32767; strategy=0; max_dict_bytes=0; zstd_max_train_bytes=0; enabled=0; ", "creation_time": 1586457863, "oldest_key_time": 0, "file_creation_time": 1586457864}}
I200409 18:44:25.097182 17 storage/engine/rocksdb.go:120  [db/compaction_job.cc:1334] [default] [JOB 4] Generated table #776: 10845 keys, 4215330 bytes
I200409 18:44:25.097329 17 storage/engine/rocksdb.go:120  EVENT_LOG_v1 {"time_micros": 1586457865097251, "cf_name": "default", "job": 4, "event": "table_file_creation", "file_number": 776, "file_size": 4215330, "table_properties": {"data_size": 4198460, "index_size": 70572, "index_partitions": 0, "top_level_index_size": 0, "index_key_is_user_key": 0, "index_value_is_delta_encoded": 0, "filter_size": 0, "raw_key_size": 639614, "raw_average_key_size": 58, "raw_value_size": 30986928, "raw_average_value_size": 2857, "num_data_blocks": 987, "num_entries": 10845, "num_deletions": 0, "num_merge_operands": 0, "num_range_deletions": 0, "format_version": 0, "fixed_key_len": 0, "filter_policy": "rocksdb.BuiltinBloomFilter", "column_family_name": "default", "column_family_id": 0, "comparator": "cockroach_comparator", "merge_operator": "cockroach_merge_operator", "prefix_extractor_name": "cockroach_prefix_extractor", "property_collectors": "[TimeBoundTblPropCollectorFactory,DeleteRangeTblPropCollectorFactory]", "compression": "Snappy", "compression_options": "window_bits=-14; level=32767; strategy=0; max_dict_bytes=0; zstd_max_train_bytes=0; enabled=0; ", "creation_time": 1586457863, "oldest_key_time": 0, "file_creation_time": 1586457864}}
I200409 18:44:25.424996 17 storage/engine/rocksdb.go:120  [db/compaction_job.cc:1334] [default] [JOB 4] Generated table #777: 15905 keys, 4220648 bytes
I200409 18:44:25.425163 17 storage/engine/rocksdb.go:120  EVENT_LOG_v1 {"time_micros": 1586457865425096, "cf_name": "default", "job": 4, "event": "table_file_creation", "file_number": 777, "file_size": 4220648, "table_properties": {"data_size": 4196465, "index_size": 98791, "index_partitions": 0, "top_level_index_size": 0, "index_key_is_user_key": 0, "index_value_is_delta_encoded": 0, "filter_size": 0, "raw_key_size": 886076, "raw_average_key_size": 55, "raw_value_size": 45443183, "raw_average_value_size": 2857, "num_data_blocks": 1447, "num_entries": 15905, "num_deletions": 0, "num_merge_operands": 0, "num_range_deletions": 0, "format_version": 0, "fixed_key_len": 0, "filter_policy": "rocksdb.BuiltinBloomFilter", "column_family_name": "default", "column_family_id": 0, "comparator": "cockroach_comparator", "merge_operator": "cockroach_merge_operator", "prefix_extractor_name": "cockroach_prefix_extractor", "property_collectors": "[TimeBoundTblPropCollectorFactory,DeleteRangeTblPropCollectorFactory]", "compression": "Snappy", "compression_options": "window_bits=-14; level=32767; strategy=0; max_dict_bytes=0; zstd_max_train_bytes=0; enabled=0; ", "creation_time": 1586457863, "oldest_key_time": 0, "file_creation_time": 1586457865}}
I200409 18:44:25.722507 17 storage/engine/rocksdb.go:120  [db/compaction_job.cc:1334] [default] [JOB 4] Generated table #778: 13777 keys, 4217611 bytes
I200409 18:44:25.723001 17 storage/engine/rocksdb.go:120  EVENT_LOG_v1 {"time_micros": 1586457865722928, "cf_name": "default", "job": 4, "event": "table_file_creation", "file_number": 778, "file_size": 4217611, "table_properties": {"data_size": 4196390, "index_size": 88587, "index_partitions": 0, "top_level_index_size": 0, "index_key_is_user_key": 0, "index_value_is_delta_encoded": 0, "filter_size": 0, "raw_key_size": 802401, "raw_average_key_size": 58, "raw_value_size": 39345793, "raw_average_value_size": 2855, "num_data_blocks": 1253, "num_entries": 13777, "num_deletions": 0, "num_merge_operands": 0, "num_range_deletions": 0, "format_version": 0, "fixed_key_len": 0, "filter_policy": "rocksdb.BuiltinBloomFilter", "column_family_name": "default", "column_family_id": 0, "comparator": "cockroach_comparator", "merge_operator": "cockroach_merge_operator", "prefix_extractor_name": "cockroach_prefix_extractor", "property_collectors": "[TimeBoundTblPropCollectorFactory,DeleteRangeTblPropCollectorFactory]", "compression": "Snappy", "compression_options": "window_bits=-14; level=32767; strategy=0; max_dict_bytes=0; zstd_max_train_bytes=0; enabled=0; ", "creation_time": 1586457863, "oldest_key_time": 0, "file_creation_time": 1586457865}}
I200409 18:44:25.904171 17 storage/engine/rocksdb.go:120  [db/compaction_job.cc:1334] [default] [JOB 4] Generated table #779: 6336 keys, 4211134 bytes
I200409 18:44:25.904315 17 storage/engine/rocksdb.go:120  EVENT_LOG_v1 {"time_micros": 1586457865904226, "cf_name": "default", "job": 4, "event": "table_file_creation", "file_number": 779, "file_size": 4211134, "table_properties": {"data_size": 4201007, "index_size": 37602, "index_partitions": 0, "top_level_index_size": 0, "index_key_is_user_key": 0, "index_value_is_delta_encoded": 0, "filter_size": 0, "raw_key_size": 334312, "raw_average_key_size": 52, "raw_value_size": 18103015, "raw_average_value_size": 2857, "num_data_blocks": 577, "num_entries": 6336, "num_deletions": 0, "num_merge_operands": 0, "num_range_deletions": 0, "format_version": 0, "fixed_key_len": 0, "filter_policy": "rocksdb.BuiltinBloomFilter", "column_family_name": "default", "column_family_id": 0, "comparator": "cockroach_comparator", "merge_operator": "cockroach_merge_operator", "prefix_extractor_name": "cockroach_prefix_extractor", "property_collectors": "[TimeBoundTblPropCollectorFactory,DeleteRangeTblPropCollectorFactory]", "compression": "Snappy", "compression_options": "window_bits=-14; level=32767; strategy=0; max_dict_bytes=0; zstd_max_train_bytes=0; enabled=0; ", "creation_time": 1586457863, "oldest_key_time": 0, "file_creation_time": 1586457865}}
I200409 18:44:26.191913 17 storage/engine/rocksdb.go:120  [db/compaction_job.cc:1334] [default] [JOB 4] Generated table #780: 7834 keys, 4210596 bytes
I200409 18:44:26.192045 17 storage/engine/rocksdb.go:120  EVENT_LOG_v1 {"time_micros": 1586457866191968, "cf_name": "default", "job": 4, "event": "table_file_creation", "file_number": 780, "file_size": 4210596, "table_properties": {"data_size": 4197779, "index_size": 45227, "index_partitions": 0, "top_level_index_size": 0, "index_key_is_user_key": 0, "index_value_is_delta_encoded": 0, "filter_size": 0, "raw_key_size": 397097, "raw_average_key_size": 50, "raw_value_size": 22373360, "raw_average_value_size": 2855, "num_data_blocks": 713, "num_entries": 7834, "num_deletions": 0, "num_merge_operands": 0, "num_range_deletions": 0, "format_version": 0, "fixed_key_len": 0, "filter_policy": "rocksdb.BuiltinBloomFilter", "column_family_name": "default", "column_family_id": 0, "comparator": "cockroach_comparator", "merge_operator": "cockroach_merge_operator", "prefix_extractor_name": "cockroach_prefix_extractor", "property_collectors": "[TimeBoundTblPropCollectorFactory,DeleteRangeTblPropCollectorFactory]", "compression": "Snappy", "compression_options": "window_bits=-14; level=32767; strategy=0; max_dict_bytes=0; zstd_max_train_bytes=0; enabled=0; ", "creation_time": 1586457863, "oldest_key_time": 0, "file_creation_time": 1586457865}}
I200409 18:44:26.517033 17 storage/engine/rocksdb.go:120  [db/compaction_job.cc:1334] [default] [JOB 4] Generated table #781: 13205 keys, 4224160 bytes
I200409 18:44:26.518033 17 storage/engine/rocksdb.go:120  EVENT_LOG_v1 {"time_micros": 1586457866517385, "cf_name": "default", "job": 4, "event": "table_file_creation", "file_number": 781, "file_size": 4224160, "table_properties": {"data_size": 4203271, "index_size": 83379, "index_partitions": 0, "top_level_index_size": 0, "index_key_is_user_key": 0, "index_value_is_delta_encoded": 0, "filter_size": 0, "raw_key_size": 749741, "raw_average_key_size": 56, "raw_value_size": 37747131, "raw_average_value_size": 2858, "num_data_blocks": 1202, "num_entries": 13205, "num_deletions": 0, "num_merge_operands": 0, "num_range_deletions": 0, "format_version": 0, "fixed_key_len": 0, "filter_policy": "rocksdb.BuiltinBloomFilter", "column_family_name": "default", "column_family_id": 0, "comparator": "cockroach_comparator", "merge_operator": "cockroach_merge_operator", "prefix_extractor_name": "cockroach_prefix_extractor", "property_collectors": "[TimeBoundTblPropCollectorFactory,DeleteRangeTblPropCollectorFactory]", "compression": "Snappy", "compression_options": "window_bits=-14; level=32767; strategy=0; max_dict_bytes=0; zstd_max_train_bytes=0; enabled=0; ", "creation_time": 1586457863, "oldest_key_time": 0, "file_creation_time": 1586457866}}
I200409 18:44:26.829713 17 storage/engine/rocksdb.go:120  [db/compaction_job.cc:1334] [default] [JOB 4] Generated table #782: 9858 keys, 4224485 bytes
I200409 18:44:26.830105 17 storage/engine/rocksdb.go:120  EVENT_LOG_v1 {"time_micros": 1586457866829768, "cf_name": "default", "job": 4, "event": "table_file_creation", "file_number": 782, "file_size": 4224485, "table_properties": {"data_size": 4208710, "index_size": 64187, "index_partitions": 0, "top_level_index_size": 0, "index_key_is_user_key": 0, "index_value_is_delta_encoded": 0, "filter_size": 0, "raw_key_size": 581254, "raw_average_key_size": 58, "raw_value_size": 28159371, "raw_average_value_size": 2856, "num_data_blocks": 897, "num_entries": 9858, "num_deletions": 0, "num_merge_operands": 0, "num_range_deletions": 0, "format_version": 0, "fixed_key_len": 0, "filter_policy": "rocksdb.BuiltinBloomFilter", "column_family_name": "default", "column_family_id": 0, "comparator": "cockroach_comparator", "merge_operator": "cockroach_merge_operator", "prefix_extractor_name": "cockroach_prefix_extractor", "property_collectors": "[TimeBoundTblPropCollectorFactory,DeleteRangeTblPropCollectorFactory]", "compression": "Snappy", "compression_options": "window_bits=-14; level=32767; strategy=0; max_dict_bytes=0; zstd_max_train_bytes=0; enabled=0; ", "creation_time": 1586457863, "oldest_key_time": 0, "file_creation_time": 1586457866}}
I200409 18:44:27.046389 17 storage/engine/rocksdb.go:120  [db/compaction_job.cc:1334] [default] [JOB 4] Generated table #783: 14671 keys, 3182202 bytes
I200409 18:44:27.046980 17 storage/engine/rocksdb.go:120  EVENT_LOG_v1 {"time_micros": 1586457867046560, "cf_name": "default", "job": 4, "event": "table_file_creation", "file_number": 783, "file_size": 3182202, "table_properties": {"data_size": 3167631, "index_size": 56901, "index_partitions": 0, "top_level_index_size": 0, "index_key_is_user_key": 0, "index_value_is_delta_encoded": 0, "filter_size": 0, "raw_key_size": 679761, "raw_average_key_size": 46, "raw_value_size": 25778741, "raw_average_value_size": 1757, "num_data_blocks": 825, "num_entries": 14671, "num_deletions": 0, "num_merge_operands": 0, "num_range_deletions": 0, "format_version": 0, "fixed_key_len": 0, "filter_policy": "rocksdb.BuiltinBloomFilter", "column_family_name": "default", "column_family_id": 0, "comparator": "cockroach_comparator", "merge_operator": "cockroach_merge_operator", "prefix_extractor_name": "cockroach_prefix_extractor", "property_collectors": "[TimeBoundTblPropCollectorFactory,DeleteRangeTblPropCollectorFactory]", "compression": "Snappy", "compression_options": "window_bits=-14; level=32767; strategy=0; max_dict_bytes=0; zstd_max_train_bytes=0; enabled=0; ", "creation_time": 1586457863, "oldest_key_time": 0, "file_creation_time": 1586457866}}
I200409 18:44:27.112899 17 storage/engine/rocksdb.go:120  [db/compaction_job.cc:1397] [default] [JOB 4] Compacted 2@0 + 9@6 files to L6 => 36921298 bytes
I200409 18:44:27.115125 17 storage/engine/rocksdb.go:120  (Original Log Time 2020/04/09-18:44:27.114251) [db/compaction_job.cc:770] [default] compacted to: base level 6 level multiplier 10.00 max bytes base 67108864 files[0 0 0 0 0 0 9] max score 0.00, MB/sec: 15.3 rd, 15.1 wr, level 6, files in(2, 9) out(9) MB in(0.6, 34.9) out(35.2), read-write-amplify(120.5) write-amplify(60.0) OK, records in: 118614, records dropped: 12531 output_compression: Snappy
I200409 18:44:27.115176 17 storage/engine/rocksdb.go:120  (Original Log Time 2020/04/09-18:44:27.114422) EVENT_LOG_v1 {"time_micros": 1586457867114392, "job": 4, "event": "compaction_finished", "compaction_time_micros": 2440349, "compaction_time_cpu_micros": 1629807, "output_level": 6, "num_output_files": 9, "total_output_size": 36921298, "num_input_records": 115958, "num_output_records": 103427, "num_subcompactions": 1, "output_compression": "Snappy", "num_single_delete_mismatches": 0, "num_single_delete_fallthrough": 0, "lsm_state": [0, 0, 0, 0, 0, 0, 9]}
I200409 18:44:27.122921 17 storage/engine/rocksdb.go:120  EVENT_LOG_v1 {"time_micros": 1586457867122567, "job": 4, "event": "table_file_deletion", "file_number": 774}
I200409 18:44:27.129020 17 storage/engine/rocksdb.go:120  EVENT_LOG_v1 {"time_micros": 1586457867128923, "job": 4, "event": "table_file_deletion", "file_number": 768}
I200409 18:44:27.133728 17 storage/engine/rocksdb.go:120  EVENT_LOG_v1 {"time_micros": 1586457867133575, "job": 4, "event": "table_file_deletion", "file_number": 766}
I200409 18:44:27.141207 17 storage/engine/rocksdb.go:120  EVENT_LOG_v1 {"time_micros": 1586457867141104, "job": 4, "event": "table_file_deletion", "file_number": 765}
I200409 18:44:27.147254 17 storage/engine/rocksdb.go:120  EVENT_LOG_v1 {"time_micros": 1586457867147107, "job": 4, "event": "table_file_deletion", "file_number": 764}
I200409 18:44:27.155324 17 storage/engine/rocksdb.go:120  EVENT_LOG_v1 {"time_micros": 1586457867155217, "job": 4, "event": "table_file_deletion", "file_number": 763}
I200409 18:44:27.161306 17 storage/engine/rocksdb.go:120  EVENT_LOG_v1 {"time_micros": 1586457867161199, "job": 4, "event": "table_file_deletion", "file_number": 762}
I200409 18:44:27.168420 17 storage/engine/rocksdb.go:120  EVENT_LOG_v1 {"time_micros": 1586457867168349, "job": 4, "event": "table_file_deletion", "file_number": 761}
I200409 18:44:27.176695 17 storage/engine/rocksdb.go:120  EVENT_LOG_v1 {"time_micros": 1586457867176604, "job": 4, "event": "table_file_deletion", "file_number": 760}
I200409 18:44:27.183227 17 storage/engine/rocksdb.go:120  EVENT_LOG_v1 {"time_micros": 1586457867183152, "job": 4, "event": "table_file_deletion", "file_number": 759}
I200409 18:44:27.199007 17 storage/engine/rocksdb.go:120  EVENT_LOG_v1 {"time_micros": 1586457867198927, "job": 4, "event": "table_file_deletion", "file_number": 758}
I200409 18:50:12.654350 25957 storage/engine/rocksdb.go:120  bloom filter utility:    -nan%
I200409 18:50:12.656305 25957 storage/engine/rocksdb.go:120  [db/db_impl.cc:392] Shutdown: canceling all background work
I200409 18:50:12.673002 25957 storage/engine/rocksdb.go:120  [db/db_impl.cc:565] Shutdown complete
I200409 18:50:12.760858 25957 storage/engine/rocksdb.go:120  bloom filter utility:    67.9%
I200409 18:50:12.761296 25957 storage/engine/rocksdb.go:120  [db/db_impl.cc:392] Shutdown: canceling all background work
I200409 18:50:12.785796 25957 storage/engine/rocksdb.go:120  [db/db_impl.cc:565] Shutdown complete
