I200410 05:28:20.980570 30 util/log/clog.go:1196  [config] file created at: 2020/04/10 05:28:20
I200410 05:28:20.980570 30 util/log/clog.go:1196  [config] running on machine: 4ab3c8cfdeb3
I200410 05:28:20.980570 30 util/log/clog.go:1196  [config] binary: CockroachDB CCL v19.2.5 (x86_64-unknown-linux-gnu, built 2020/03/16 18:27:12, go1.12.12)
I200410 05:28:20.980570 30 util/log/clog.go:1196  [config] arguments: [/cockroach/cockroach start --insecure]
I200410 05:28:20.980570 30 util/log/clog.go:1196  line format: [IWEF]yymmdd hh:mm:ss.uuuuuu goid file:line msg utf8=✓
I200410 05:28:20.980173 30 storage/engine/rocksdb.go:120  RocksDB version: 6.2.1
I200410 05:28:21.025507 30 storage/engine/rocksdb.go:120  Git sha rocksdb_build_git_sha:@b7009236531fa784872f4823eabf393501e41bf2@
I200410 05:28:21.067701 30 storage/engine/rocksdb.go:120  Compile date Mar 16 2020
I200410 05:28:21.067786 30 storage/engine/rocksdb.go:120  DB SUMMARY
I200410 05:28:21.072740 30 storage/engine/rocksdb.go:120  SST files in /cockroach/cockroach-data/cockroach-temp241432492 dir, Total Num: 0, files: 
I200410 05:28:21.073018 30 storage/engine/rocksdb.go:120  Write Ahead Log file in /cockroach/cockroach-data/cockroach-temp241432492: 
I200410 05:28:21.073063 30 storage/engine/rocksdb.go:120                          Options.error_if_exists: 0
I200410 05:28:21.073106 30 storage/engine/rocksdb.go:120                        Options.create_if_missing: 1
I200410 05:28:21.073330 30 storage/engine/rocksdb.go:120                          Options.paranoid_checks: 1
I200410 05:28:21.073375 30 storage/engine/rocksdb.go:120                                      Options.env: 0x75757a0
I200410 05:28:21.073418 30 storage/engine/rocksdb.go:120                                 Options.info_log: 0x7f3a96a87f80
I200410 05:28:21.073456 30 storage/engine/rocksdb.go:120                 Options.max_file_opening_threads: 16
I200410 05:28:21.073501 30 storage/engine/rocksdb.go:120                               Options.statistics: 0x7f3a96a1d8d0
I200410 05:28:21.073539 30 storage/engine/rocksdb.go:120                                Options.use_fsync: 0
I200410 05:28:21.073579 30 storage/engine/rocksdb.go:120                        Options.max_log_file_size: 0
I200410 05:28:21.073620 30 storage/engine/rocksdb.go:120                   Options.max_manifest_file_size: 134217728
I200410 05:28:21.073660 30 storage/engine/rocksdb.go:120                    Options.log_file_time_to_roll: 0
I200410 05:28:21.073702 30 storage/engine/rocksdb.go:120                        Options.keep_log_file_num: 1000
I200410 05:28:21.073742 30 storage/engine/rocksdb.go:120                     Options.recycle_log_file_num: 1
I200410 05:28:21.073781 30 storage/engine/rocksdb.go:120                          Options.allow_fallocate: 1
I200410 05:28:21.073820 30 storage/engine/rocksdb.go:120                         Options.allow_mmap_reads: 0
I200410 05:28:21.073860 30 storage/engine/rocksdb.go:120                        Options.allow_mmap_writes: 0
I200410 05:28:21.073901 30 storage/engine/rocksdb.go:120                         Options.use_direct_reads: 0
I200410 05:28:21.073941 30 storage/engine/rocksdb.go:120                         Options.use_direct_io_for_flush_and_compaction: 0
I200410 05:28:21.073981 30 storage/engine/rocksdb.go:120           Options.create_missing_column_families: 0
I200410 05:28:21.074021 30 storage/engine/rocksdb.go:120                               Options.db_log_dir: 
I200410 05:28:21.074061 30 storage/engine/rocksdb.go:120                                  Options.wal_dir: /cockroach/cockroach-data/cockroach-temp241432492
I200410 05:28:21.074101 30 storage/engine/rocksdb.go:120                 Options.table_cache_numshardbits: 6
I200410 05:28:21.074247 30 storage/engine/rocksdb.go:120                       Options.max_subcompactions: 1
I200410 05:28:21.074288 30 storage/engine/rocksdb.go:120                   Options.max_background_flushes: -1
I200410 05:28:21.074327 30 storage/engine/rocksdb.go:120                          Options.WAL_ttl_seconds: 0
I200410 05:28:21.074367 30 storage/engine/rocksdb.go:120                        Options.WAL_size_limit_MB: 0
I200410 05:28:21.074407 30 storage/engine/rocksdb.go:120              Options.manifest_preallocation_size: 4194304
I200410 05:28:21.074446 30 storage/engine/rocksdb.go:120                      Options.is_fd_close_on_exec: 1
I200410 05:28:21.074515 30 storage/engine/rocksdb.go:120                    Options.advise_random_on_open: 1
I200410 05:28:21.074556 30 storage/engine/rocksdb.go:120                     Options.db_write_buffer_size: 0
I200410 05:28:21.074596 30 storage/engine/rocksdb.go:120                     Options.write_buffer_manager: 0x7f3a96a60cb0
I200410 05:28:21.074636 30 storage/engine/rocksdb.go:120          Options.access_hint_on_compaction_start: 1
I200410 05:28:21.074675 30 storage/engine/rocksdb.go:120   Options.new_table_reader_for_compaction_inputs: 0
I200410 05:28:21.074715 30 storage/engine/rocksdb.go:120            Options.random_access_max_buffer_size: 1048576
I200410 05:28:21.074755 30 storage/engine/rocksdb.go:120                       Options.use_adaptive_mutex: 0
I200410 05:28:21.074795 30 storage/engine/rocksdb.go:120                             Options.rate_limiter: (nil)
I200410 05:28:21.074835 30 storage/engine/rocksdb.go:120      Options.sst_file_manager.rate_bytes_per_sec: 0
I200410 05:28:21.074875 30 storage/engine/rocksdb.go:120                        Options.wal_recovery_mode: 0
I200410 05:28:21.074915 30 storage/engine/rocksdb.go:120                   Options.enable_thread_tracking: 0
I200410 05:28:21.074955 30 storage/engine/rocksdb.go:120                   Options.enable_pipelined_write: 0
I200410 05:28:21.074994 30 storage/engine/rocksdb.go:120          Options.allow_concurrent_memtable_write: 1
I200410 05:28:21.075034 30 storage/engine/rocksdb.go:120       Options.enable_write_thread_adaptive_yield: 1
I200410 05:28:21.075066 30 storage/engine/rocksdb.go:120              Options.write_thread_max_yield_usec: 100
I200410 05:28:21.075109 30 storage/engine/rocksdb.go:120             Options.write_thread_slow_yield_usec: 3
I200410 05:28:21.075151 30 storage/engine/rocksdb.go:120                                Options.row_cache: None
I200410 05:28:21.075628 30 storage/engine/rocksdb.go:120                               Options.wal_filter: None
I200410 05:28:21.075678 30 storage/engine/rocksdb.go:120              Options.avoid_flush_during_recovery: 0
I200410 05:28:21.077421 30 storage/engine/rocksdb.go:120              Options.allow_ingest_behind: 0
I200410 05:28:21.077607 30 storage/engine/rocksdb.go:120              Options.preserve_deletes: 0
I200410 05:28:21.077743 30 storage/engine/rocksdb.go:120              Options.two_write_queues: 0
I200410 05:28:21.077795 30 storage/engine/rocksdb.go:120              Options.manual_wal_flush: 1
I200410 05:28:21.077854 30 storage/engine/rocksdb.go:120              Options.atomic_flush: 0
I200410 05:28:21.081932 30 storage/engine/rocksdb.go:120              Options.avoid_unnecessary_blocking_io: 0
I200410 05:28:21.081978 30 storage/engine/rocksdb.go:120              Options.max_background_jobs: 2
I200410 05:28:21.082154 30 storage/engine/rocksdb.go:120              Options.max_background_compactions: -1
I200410 05:28:21.082192 30 storage/engine/rocksdb.go:120              Options.avoid_flush_during_shutdown: 0
I200410 05:28:21.082324 30 storage/engine/rocksdb.go:120            Options.writable_file_max_buffer_size: 1048576
I200410 05:28:21.082358 30 storage/engine/rocksdb.go:120              Options.delayed_write_rate : 16777216
I200410 05:28:21.082395 30 storage/engine/rocksdb.go:120              Options.max_total_wal_size: 0
I200410 05:28:21.082433 30 storage/engine/rocksdb.go:120              Options.delete_obsolete_files_period_micros: 21600000000
I200410 05:28:21.082468 30 storage/engine/rocksdb.go:120                    Options.stats_dump_period_sec: 0
I200410 05:28:21.082541 30 storage/engine/rocksdb.go:120                  Options.stats_persist_period_sec: 600
I200410 05:28:21.082735 30 storage/engine/rocksdb.go:120                  Options.stats_history_buffer_size: 1048576
I200410 05:28:21.082782 30 storage/engine/rocksdb.go:120                           Options.max_open_files: 128
I200410 05:28:21.082825 30 storage/engine/rocksdb.go:120                           Options.bytes_per_sync: 524288
I200410 05:28:21.083037 30 storage/engine/rocksdb.go:120                       Options.wal_bytes_per_sync: 0
I200410 05:28:21.086431 30 storage/engine/rocksdb.go:120                    Options.strict_bytes_per_sync: 1
I200410 05:28:21.086479 30 storage/engine/rocksdb.go:120        Options.compaction_readahead_size: 0
I200410 05:28:21.086524 30 storage/engine/rocksdb.go:120  Compression algorithms supported:
I200410 05:28:21.086957 30 storage/engine/rocksdb.go:120  	kZSTDNotFinalCompression supported: 0
I200410 05:28:21.087009 30 storage/engine/rocksdb.go:120  	kZSTD supported: 0
I200410 05:28:21.087045 30 storage/engine/rocksdb.go:120  	kXpressCompression supported: 0
I200410 05:28:21.087665 30 storage/engine/rocksdb.go:120  	kLZ4HCCompression supported: 0
I200410 05:28:21.087716 30 storage/engine/rocksdb.go:120  	kLZ4Compression supported: 0
I200410 05:28:21.087760 30 storage/engine/rocksdb.go:120  	kBZip2Compression supported: 0
I200410 05:28:21.087804 30 storage/engine/rocksdb.go:120  	kZlibCompression supported: 0
I200410 05:28:21.087846 30 storage/engine/rocksdb.go:120  	kSnappyCompression supported: 1
I200410 05:28:21.087908 30 storage/engine/rocksdb.go:120  Fast CRC32 supported: Supported on x86
I200410 05:28:21.109902 30 storage/engine/rocksdb.go:120  [db/db_impl_open.cc:242] Creating manifest 1 
I200410 05:28:21.175343 30 storage/engine/rocksdb.go:120  [db/version_set.cc:4072] Recovering from manifest file: /cockroach/cockroach-data/cockroach-temp241432492/MANIFEST-000001
I200410 05:28:21.184485 30 storage/engine/rocksdb.go:120  [db/column_family.cc:488] --------------- Options for column family [default]:
I200410 05:28:21.184539 30 storage/engine/rocksdb.go:120                Options.comparator: cockroach_comparator
I200410 05:28:21.184576 30 storage/engine/rocksdb.go:120            Options.merge_operator: cockroach_merge_operator
I200410 05:28:21.184612 30 storage/engine/rocksdb.go:120         Options.compaction_filter: None
I200410 05:28:21.184649 30 storage/engine/rocksdb.go:120         Options.compaction_filter_factory: None
I200410 05:28:21.184686 30 storage/engine/rocksdb.go:120          Options.memtable_factory: SkipListFactory
I200410 05:28:21.184722 30 storage/engine/rocksdb.go:120             Options.table_factory: BlockBasedTable
I200410 05:28:21.184859 30 storage/engine/rocksdb.go:120             table_factory options:   flush_block_policy_factory: FlushBlockBySizePolicyFactory (0x7f3a96a24040)
  cache_index_and_filter_blocks: 0
  cache_index_and_filter_blocks_with_high_priority: 0
  pin_l0_filter_and_index_blocks_in_cache: 0
  pin_top_level_index_and_filter: 1
  index_type: 0
  data_block_index_type: 0
  index_shortening: 1
  data_block_hash_table_util_ratio: 0.750000
  hash_index_allow_collision: 1
  checksum: 1
  no_block_cache: 0
  block_cache: 0x7f3a96a7a190
  block_cache_name: LRUCache
  block_cache_options:
    capacity : 1048576
    num_shard_bits : 4
    strict_capacity_limit : 0
    memory_allocator : None
    high_pri_pool_ratio: 0.000
  block_cache_compressed: (nil)
  persistent_cache: (nil)
  block_size: 32768
  block_size_deviation: 10
  block_restart_interval: 16
  index_block_restart_interval: 1
  metadata_block_size: 4096
  partition_filters: 0
  use_delta_encoding: 1
  filter_policy: rocksdb.BuiltinBloomFilter
  whole_key_filtering: 0
  verify_compression: 0
  read_amp_bytes_per_bit: 0
  format_version: 2
  enable_index_compression: 1
  block_align: 0
I200410 05:28:21.184936 30 storage/engine/rocksdb.go:120         Options.write_buffer_size: 67108864
I200410 05:28:21.184984 30 storage/engine/rocksdb.go:120   Options.max_write_buffer_number: 4
I200410 05:28:21.185075 30 storage/engine/rocksdb.go:120           Options.compression: Snappy
I200410 05:28:21.185111 30 storage/engine/rocksdb.go:120                   Options.bottommost_compression: Disabled
I200410 05:28:21.185148 30 storage/engine/rocksdb.go:120        Options.prefix_extractor: cockroach_prefix_extractor
I200410 05:28:21.185184 30 storage/engine/rocksdb.go:120    Options.memtable_insert_with_hint_prefix_extractor: nullptr
I200410 05:28:21.185221 30 storage/engine/rocksdb.go:120              Options.num_levels: 7
I200410 05:28:21.185257 30 storage/engine/rocksdb.go:120         Options.min_write_buffer_number_to_merge: 1
I200410 05:28:21.185294 30 storage/engine/rocksdb.go:120      Options.max_write_buffer_number_to_maintain: 0
I200410 05:28:21.185342 30 storage/engine/rocksdb.go:120             Options.bottommost_compression_opts.window_bits: -14
I200410 05:28:21.185379 30 storage/engine/rocksdb.go:120                   Options.bottommost_compression_opts.level: 32767
I200410 05:28:21.185415 30 storage/engine/rocksdb.go:120                Options.bottommost_compression_opts.strategy: 0
I200410 05:28:21.185451 30 storage/engine/rocksdb.go:120          Options.bottommost_compression_opts.max_dict_bytes: 0
I200410 05:28:21.185488 30 storage/engine/rocksdb.go:120          Options.bottommost_compression_opts.zstd_max_train_bytes: 0
I200410 05:28:21.185524 30 storage/engine/rocksdb.go:120                   Options.bottommost_compression_opts.enabled: false
I200410 05:28:21.185561 30 storage/engine/rocksdb.go:120             Options.compression_opts.window_bits: -14
I200410 05:28:21.185597 30 storage/engine/rocksdb.go:120                   Options.compression_opts.level: 32767
I200410 05:28:21.185634 30 storage/engine/rocksdb.go:120                Options.compression_opts.strategy: 0
I200410 05:28:21.185670 30 storage/engine/rocksdb.go:120          Options.compression_opts.max_dict_bytes: 0
I200410 05:28:21.185706 30 storage/engine/rocksdb.go:120          Options.compression_opts.zstd_max_train_bytes: 0
I200410 05:28:21.185743 30 storage/engine/rocksdb.go:120                   Options.compression_opts.enabled: false
I200410 05:28:21.185779 30 storage/engine/rocksdb.go:120       Options.level0_file_num_compaction_trigger: 2
I200410 05:28:21.185816 30 storage/engine/rocksdb.go:120           Options.level0_slowdown_writes_trigger: 950
I200410 05:28:21.185852 30 storage/engine/rocksdb.go:120               Options.level0_stop_writes_trigger: 1000
I200410 05:28:21.185889 30 storage/engine/rocksdb.go:120                    Options.target_file_size_base: 4194304
I200410 05:28:21.185925 30 storage/engine/rocksdb.go:120              Options.target_file_size_multiplier: 2
I200410 05:28:21.186069 30 storage/engine/rocksdb.go:120                 Options.max_bytes_for_level_base: 67108864
I200410 05:28:21.186109 30 storage/engine/rocksdb.go:120  Options.level_compaction_dynamic_level_bytes: 1
I200410 05:28:21.186165 30 storage/engine/rocksdb.go:120           Options.max_bytes_for_level_multiplier: 10.000000
I200410 05:28:21.186212 30 storage/engine/rocksdb.go:120  Options.max_bytes_for_level_multiplier_addtl[0]: 1
I200410 05:28:21.186255 30 storage/engine/rocksdb.go:120  Options.max_bytes_for_level_multiplier_addtl[1]: 1
I200410 05:28:21.186296 30 storage/engine/rocksdb.go:120  Options.max_bytes_for_level_multiplier_addtl[2]: 1
I200410 05:28:21.186339 30 storage/engine/rocksdb.go:120  Options.max_bytes_for_level_multiplier_addtl[3]: 1
I200410 05:28:21.186381 30 storage/engine/rocksdb.go:120  Options.max_bytes_for_level_multiplier_addtl[4]: 1
I200410 05:28:21.186423 30 storage/engine/rocksdb.go:120  Options.max_bytes_for_level_multiplier_addtl[5]: 1
I200410 05:28:21.186464 30 storage/engine/rocksdb.go:120  Options.max_bytes_for_level_multiplier_addtl[6]: 1
I200410 05:28:21.186504 30 storage/engine/rocksdb.go:120        Options.max_sequential_skip_in_iterations: 8
I200410 05:28:21.186544 30 storage/engine/rocksdb.go:120                     Options.max_compaction_bytes: 104857600
I200410 05:28:21.186584 30 storage/engine/rocksdb.go:120                         Options.arena_block_size: 8388608
I200410 05:28:21.186626 30 storage/engine/rocksdb.go:120    Options.soft_pending_compaction_bytes_limit: 2199023255552
I200410 05:28:21.186666 30 storage/engine/rocksdb.go:120    Options.hard_pending_compaction_bytes_limit: 4400193994752
I200410 05:28:21.186707 30 storage/engine/rocksdb.go:120        Options.rate_limit_delay_max_milliseconds: 100
I200410 05:28:21.186748 30 storage/engine/rocksdb.go:120                 Options.disable_auto_compactions: 0
I200410 05:28:21.186794 30 storage/engine/rocksdb.go:120                         Options.compaction_style: kCompactionStyleLevel
I200410 05:28:21.186838 30 storage/engine/rocksdb.go:120                           Options.compaction_pri: kMinOverlappingRatio
I200410 05:28:21.186880 30 storage/engine/rocksdb.go:120  Options.compaction_options_universal.size_ratio: 1
I200410 05:28:21.186920 30 storage/engine/rocksdb.go:120  Options.compaction_options_universal.min_merge_width: 2
I200410 05:28:21.186960 30 storage/engine/rocksdb.go:120  Options.compaction_options_universal.max_merge_width: 4294967295
I200410 05:28:21.187000 30 storage/engine/rocksdb.go:120  Options.compaction_options_universal.max_size_amplification_percent: 200
I200410 05:28:21.187042 30 storage/engine/rocksdb.go:120  Options.compaction_options_universal.compression_size_percent: -1
I200410 05:28:21.187084 30 storage/engine/rocksdb.go:120  Options.compaction_options_universal.stop_style: kCompactionStopStyleTotalSize
I200410 05:28:21.187125 30 storage/engine/rocksdb.go:120  Options.compaction_options_fifo.max_table_files_size: 1073741824
I200410 05:28:21.187168 30 storage/engine/rocksdb.go:120  Options.compaction_options_fifo.allow_compaction: 0
I200410 05:28:21.187215 30 storage/engine/rocksdb.go:120                    Options.table_properties_collectors: TimeBoundTblPropCollectorFactory; DeleteRangeTblPropCollectorFactory; 
I200410 05:28:21.187257 30 storage/engine/rocksdb.go:120                    Options.inplace_update_support: 0
I200410 05:28:21.187303 30 storage/engine/rocksdb.go:120                  Options.inplace_update_num_locks: 10000
I200410 05:28:21.187344 30 storage/engine/rocksdb.go:120                Options.memtable_prefix_bloom_size_ratio: 0.000000
I200410 05:28:21.187385 30 storage/engine/rocksdb.go:120                Options.memtable_whole_key_filtering: 0
I200410 05:28:21.187426 30 storage/engine/rocksdb.go:120    Options.memtable_huge_page_size: 0
I200410 05:28:21.187466 30 storage/engine/rocksdb.go:120                            Options.bloom_locality: 0
I200410 05:28:21.187508 30 storage/engine/rocksdb.go:120                     Options.max_successive_merges: 0
I200410 05:28:21.187549 30 storage/engine/rocksdb.go:120                 Options.optimize_filters_for_hits: 1
I200410 05:28:21.187591 30 storage/engine/rocksdb.go:120                 Options.paranoid_file_checks: 0
I200410 05:28:21.187631 30 storage/engine/rocksdb.go:120                 Options.force_consistency_checks: 0
I200410 05:28:21.187671 30 storage/engine/rocksdb.go:120                 Options.report_bg_io_stats: 0
I200410 05:28:21.187713 30 storage/engine/rocksdb.go:120                                Options.ttl: 0
I200410 05:28:21.187756 30 storage/engine/rocksdb.go:120           Options.periodic_compaction_seconds: 0
I200410 05:28:21.208533 30 storage/engine/rocksdb.go:120  [db/version_set.cc:4286] Recovered from manifest file:/cockroach/cockroach-data/cockroach-temp241432492/MANIFEST-000001 succeeded,manifest_file_number is 1, next_file_number is 3, last_sequence is 0, log_number is 0,prev_log_number is 0,max_column_family is 0,min_log_number_to_keep is 0
I200410 05:28:21.208592 30 storage/engine/rocksdb.go:120  [db/version_set.cc:4295] Column family [default] (ID 0), log number is 0
I200410 05:28:21.311964 30 storage/engine/rocksdb.go:120  DB pointer 0x7f3a96b60000
I200410 05:28:21.694153 30 storage/engine/rocksdb.go:120  RocksDB version: 6.2.1
I200410 05:28:21.694205 30 storage/engine/rocksdb.go:120  Git sha rocksdb_build_git_sha:@b7009236531fa784872f4823eabf393501e41bf2@
I200410 05:28:21.694247 30 storage/engine/rocksdb.go:120  Compile date Mar 16 2020
I200410 05:28:21.694287 30 storage/engine/rocksdb.go:120  DB SUMMARY
I200410 05:28:21.716868 30 storage/engine/rocksdb.go:120  CURRENT file:  CURRENT
I200410 05:28:21.717613 30 storage/engine/rocksdb.go:120  IDENTITY file:  IDENTITY
I200410 05:28:21.724589 30 storage/engine/rocksdb.go:120  MANIFEST file:  MANIFEST-000028 size: 361 Bytes
I200410 05:28:21.724651 30 storage/engine/rocksdb.go:120  SST files in /cockroach/cockroach-data dir, Total Num: 2, files: 000032.sst 000034.sst 
I200410 05:28:21.724698 30 storage/engine/rocksdb.go:120  Write Ahead Log file in /cockroach/cockroach-data: 000029.log size: 59821747 ; 000033.log size: 18694182 ; 
I200410 05:28:21.725370 30 storage/engine/rocksdb.go:120                          Options.error_if_exists: 0
I200410 05:28:21.725422 30 storage/engine/rocksdb.go:120                        Options.create_if_missing: 1
I200410 05:28:21.725469 30 storage/engine/rocksdb.go:120                          Options.paranoid_checks: 1
I200410 05:28:21.725514 30 storage/engine/rocksdb.go:120                                      Options.env: 0x75757a0
I200410 05:28:21.725586 30 storage/engine/rocksdb.go:120                                 Options.info_log: 0x7f3a8ec0dce0
I200410 05:28:21.725628 30 storage/engine/rocksdb.go:120                 Options.max_file_opening_threads: 16
I200410 05:28:21.725861 30 storage/engine/rocksdb.go:120                               Options.statistics: 0x7f3a8ec25010
I200410 05:28:21.725906 30 storage/engine/rocksdb.go:120                                Options.use_fsync: 0
I200410 05:28:21.725948 30 storage/engine/rocksdb.go:120                        Options.max_log_file_size: 0
I200410 05:28:21.725991 30 storage/engine/rocksdb.go:120                   Options.max_manifest_file_size: 134217728
I200410 05:28:21.726033 30 storage/engine/rocksdb.go:120                    Options.log_file_time_to_roll: 0
I200410 05:28:21.726238 30 storage/engine/rocksdb.go:120                        Options.keep_log_file_num: 1000
I200410 05:28:21.726581 30 storage/engine/rocksdb.go:120                     Options.recycle_log_file_num: 1
I200410 05:28:21.726620 30 storage/engine/rocksdb.go:120                          Options.allow_fallocate: 1
I200410 05:28:21.727589 30 storage/engine/rocksdb.go:120                         Options.allow_mmap_reads: 0
I200410 05:28:21.727658 30 storage/engine/rocksdb.go:120                        Options.allow_mmap_writes: 0
I200410 05:28:21.727858 30 storage/engine/rocksdb.go:120                         Options.use_direct_reads: 0
I200410 05:28:21.727889 30 storage/engine/rocksdb.go:120                         Options.use_direct_io_for_flush_and_compaction: 0
I200410 05:28:21.727918 30 storage/engine/rocksdb.go:120           Options.create_missing_column_families: 0
I200410 05:28:21.727947 30 storage/engine/rocksdb.go:120                               Options.db_log_dir: 
I200410 05:28:21.727976 30 storage/engine/rocksdb.go:120                                  Options.wal_dir: /cockroach/cockroach-data
I200410 05:28:21.728004 30 storage/engine/rocksdb.go:120                 Options.table_cache_numshardbits: 6
I200410 05:28:21.728032 30 storage/engine/rocksdb.go:120                       Options.max_subcompactions: 1
I200410 05:28:21.728061 30 storage/engine/rocksdb.go:120                   Options.max_background_flushes: -1
I200410 05:28:21.728090 30 storage/engine/rocksdb.go:120                          Options.WAL_ttl_seconds: 0
I200410 05:28:21.728120 30 storage/engine/rocksdb.go:120                        Options.WAL_size_limit_MB: 0
I200410 05:28:21.728149 30 storage/engine/rocksdb.go:120              Options.manifest_preallocation_size: 4194304
I200410 05:28:21.728178 30 storage/engine/rocksdb.go:120                      Options.is_fd_close_on_exec: 1
I200410 05:28:21.728206 30 storage/engine/rocksdb.go:120                    Options.advise_random_on_open: 1
I200410 05:28:21.728235 30 storage/engine/rocksdb.go:120                     Options.db_write_buffer_size: 0
I200410 05:28:21.728264 30 storage/engine/rocksdb.go:120                     Options.write_buffer_manager: 0x7f3a8ec8d030
I200410 05:28:21.728293 30 storage/engine/rocksdb.go:120          Options.access_hint_on_compaction_start: 1
I200410 05:28:21.728327 30 storage/engine/rocksdb.go:120   Options.new_table_reader_for_compaction_inputs: 0
I200410 05:28:21.728915 30 storage/engine/rocksdb.go:120            Options.random_access_max_buffer_size: 1048576
I200410 05:28:21.728956 30 storage/engine/rocksdb.go:120                       Options.use_adaptive_mutex: 0
I200410 05:28:21.728996 30 storage/engine/rocksdb.go:120                             Options.rate_limiter: (nil)
I200410 05:28:21.729036 30 storage/engine/rocksdb.go:120      Options.sst_file_manager.rate_bytes_per_sec: 0
I200410 05:28:21.729075 30 storage/engine/rocksdb.go:120                        Options.wal_recovery_mode: 0
I200410 05:28:21.729116 30 storage/engine/rocksdb.go:120                   Options.enable_thread_tracking: 0
I200410 05:28:21.729155 30 storage/engine/rocksdb.go:120                   Options.enable_pipelined_write: 0
I200410 05:28:21.729195 30 storage/engine/rocksdb.go:120          Options.allow_concurrent_memtable_write: 1
I200410 05:28:21.729235 30 storage/engine/rocksdb.go:120       Options.enable_write_thread_adaptive_yield: 1
I200410 05:28:21.729276 30 storage/engine/rocksdb.go:120              Options.write_thread_max_yield_usec: 100
I200410 05:28:21.729316 30 storage/engine/rocksdb.go:120             Options.write_thread_slow_yield_usec: 3
I200410 05:28:21.729358 30 storage/engine/rocksdb.go:120                                Options.row_cache: None
I200410 05:28:21.729398 30 storage/engine/rocksdb.go:120                               Options.wal_filter: None
I200410 05:28:21.729438 30 storage/engine/rocksdb.go:120              Options.avoid_flush_during_recovery: 0
I200410 05:28:21.729574 30 storage/engine/rocksdb.go:120              Options.allow_ingest_behind: 0
I200410 05:28:21.729620 30 storage/engine/rocksdb.go:120              Options.preserve_deletes: 0
I200410 05:28:21.729660 30 storage/engine/rocksdb.go:120              Options.two_write_queues: 0
I200410 05:28:21.729874 30 storage/engine/rocksdb.go:120              Options.manual_wal_flush: 1
I200410 05:28:21.730188 30 storage/engine/rocksdb.go:120              Options.atomic_flush: 0
I200410 05:28:21.730240 30 storage/engine/rocksdb.go:120              Options.avoid_unnecessary_blocking_io: 0
I200410 05:28:21.730282 30 storage/engine/rocksdb.go:120              Options.max_background_jobs: 2
I200410 05:28:21.730637 30 storage/engine/rocksdb.go:120              Options.max_background_compactions: -1
I200410 05:28:21.730782 30 storage/engine/rocksdb.go:120              Options.avoid_flush_during_shutdown: 0
I200410 05:28:21.730953 30 storage/engine/rocksdb.go:120            Options.writable_file_max_buffer_size: 1048576
I200410 05:28:21.731000 30 storage/engine/rocksdb.go:120              Options.delayed_write_rate : 16777216
I200410 05:28:21.731047 30 storage/engine/rocksdb.go:120              Options.max_total_wal_size: 0
I200410 05:28:21.736258 30 storage/engine/rocksdb.go:120              Options.delete_obsolete_files_period_micros: 21600000000
I200410 05:28:21.736320 30 storage/engine/rocksdb.go:120                    Options.stats_dump_period_sec: 0
I200410 05:28:21.736430 30 storage/engine/rocksdb.go:120                  Options.stats_persist_period_sec: 600
I200410 05:28:21.736459 30 storage/engine/rocksdb.go:120                  Options.stats_history_buffer_size: 1048576
I200410 05:28:21.736665 30 storage/engine/rocksdb.go:120                           Options.max_open_files: 1043576
I200410 05:28:21.736710 30 storage/engine/rocksdb.go:120                           Options.bytes_per_sync: 524288
I200410 05:28:21.736752 30 storage/engine/rocksdb.go:120                       Options.wal_bytes_per_sync: 0
I200410 05:28:21.736803 30 storage/engine/rocksdb.go:120                    Options.strict_bytes_per_sync: 1
I200410 05:28:21.736848 30 storage/engine/rocksdb.go:120        Options.compaction_readahead_size: 0
I200410 05:28:21.736916 30 storage/engine/rocksdb.go:120  Compression algorithms supported:
I200410 05:28:21.736967 30 storage/engine/rocksdb.go:120  	kZSTDNotFinalCompression supported: 0
I200410 05:28:21.737168 30 storage/engine/rocksdb.go:120  	kZSTD supported: 0
I200410 05:28:21.737202 30 storage/engine/rocksdb.go:120  	kXpressCompression supported: 0
I200410 05:28:21.737231 30 storage/engine/rocksdb.go:120  	kLZ4HCCompression supported: 0
I200410 05:28:21.737253 30 storage/engine/rocksdb.go:120  	kLZ4Compression supported: 0
I200410 05:28:21.737282 30 storage/engine/rocksdb.go:120  	kBZip2Compression supported: 0
I200410 05:28:21.737311 30 storage/engine/rocksdb.go:120  	kZlibCompression supported: 0
I200410 05:28:21.743519 30 storage/engine/rocksdb.go:120  	kSnappyCompression supported: 1
I200410 05:28:21.743600 30 storage/engine/rocksdb.go:120  Fast CRC32 supported: Supported on x86
I200410 05:28:21.786109 30 storage/engine/rocksdb.go:120  [db/version_set.cc:4072] Recovering from manifest file: /cockroach/cockroach-data/MANIFEST-000028
I200410 05:28:21.795337 30 storage/engine/rocksdb.go:120  [db/column_family.cc:488] --------------- Options for column family [default]:
I200410 05:28:21.795396 30 storage/engine/rocksdb.go:120                Options.comparator: cockroach_comparator
I200410 05:28:21.795439 30 storage/engine/rocksdb.go:120            Options.merge_operator: cockroach_merge_operator
I200410 05:28:21.795585 30 storage/engine/rocksdb.go:120         Options.compaction_filter: None
I200410 05:28:21.795630 30 storage/engine/rocksdb.go:120         Options.compaction_filter_factory: None
I200410 05:28:21.795672 30 storage/engine/rocksdb.go:120          Options.memtable_factory: SkipListFactory
I200410 05:28:21.795713 30 storage/engine/rocksdb.go:120             Options.table_factory: BlockBasedTable
I200410 05:28:21.796281 30 storage/engine/rocksdb.go:120             table_factory options:   flush_block_policy_factory: FlushBlockBySizePolicyFactory (0x7f3a8ec23028)
  cache_index_and_filter_blocks: 0
  cache_index_and_filter_blocks_with_high_priority: 0
  pin_l0_filter_and_index_blocks_in_cache: 0
  pin_top_level_index_and_filter: 1
  index_type: 0
  data_block_index_type: 0
  index_shortening: 1
  data_block_hash_table_util_ratio: 0.750000
  hash_index_allow_collision: 1
  checksum: 1
  no_block_cache: 0
  block_cache: 0x7f3a8ec14010
  block_cache_name: LRUCache
  block_cache_options:
    capacity : 67108864
    num_shard_bits : 4
    strict_capacity_limit : 0
    memory_allocator : None
    high_pri_pool_ratio: 0.000
  block_cache_compressed: (nil)
  persistent_cache: (nil)
  block_size: 32768
  block_size_deviation: 10
  block_restart_interval: 16
  index_block_restart_interval: 1
  metadata_block_size: 4096
  partition_filters: 0
  use_delta_encoding: 1
  filter_policy: rocksdb.BuiltinBloomFilter
  whole_key_filtering: 0
  verify_compression: 0
  read_amp_bytes_per_bit: 0
  format_version: 2
  enable_index_compression: 1
  block_align: 0
I200410 05:28:21.796342 30 storage/engine/rocksdb.go:120         Options.write_buffer_size: 67108864
I200410 05:28:21.796464 30 storage/engine/rocksdb.go:120   Options.max_write_buffer_number: 4
I200410 05:28:21.796508 30 storage/engine/rocksdb.go:120           Options.compression: Snappy
I200410 05:28:21.796549 30 storage/engine/rocksdb.go:120                   Options.bottommost_compression: Disabled
I200410 05:28:21.796590 30 storage/engine/rocksdb.go:120        Options.prefix_extractor: cockroach_prefix_extractor
I200410 05:28:21.796630 30 storage/engine/rocksdb.go:120    Options.memtable_insert_with_hint_prefix_extractor: nullptr
I200410 05:28:21.796671 30 storage/engine/rocksdb.go:120              Options.num_levels: 7
I200410 05:28:21.796712 30 storage/engine/rocksdb.go:120         Options.min_write_buffer_number_to_merge: 1
I200410 05:28:21.796753 30 storage/engine/rocksdb.go:120      Options.max_write_buffer_number_to_maintain: 0
I200410 05:28:21.796794 30 storage/engine/rocksdb.go:120             Options.bottommost_compression_opts.window_bits: -14
I200410 05:28:21.796835 30 storage/engine/rocksdb.go:120                   Options.bottommost_compression_opts.level: 32767
I200410 05:28:21.796875 30 storage/engine/rocksdb.go:120                Options.bottommost_compression_opts.strategy: 0
I200410 05:28:21.797164 30 storage/engine/rocksdb.go:120          Options.bottommost_compression_opts.max_dict_bytes: 0
I200410 05:28:21.797210 30 storage/engine/rocksdb.go:120          Options.bottommost_compression_opts.zstd_max_train_bytes: 0
I200410 05:28:21.797258 30 storage/engine/rocksdb.go:120                   Options.bottommost_compression_opts.enabled: false
I200410 05:28:21.797400 30 storage/engine/rocksdb.go:120             Options.compression_opts.window_bits: -14
I200410 05:28:21.797440 30 storage/engine/rocksdb.go:120                   Options.compression_opts.level: 32767
I200410 05:28:21.797479 30 storage/engine/rocksdb.go:120                Options.compression_opts.strategy: 0
I200410 05:28:21.797519 30 storage/engine/rocksdb.go:120          Options.compression_opts.max_dict_bytes: 0
I200410 05:28:21.797561 30 storage/engine/rocksdb.go:120          Options.compression_opts.zstd_max_train_bytes: 0
I200410 05:28:21.797601 30 storage/engine/rocksdb.go:120                   Options.compression_opts.enabled: false
I200410 05:28:21.797640 30 storage/engine/rocksdb.go:120       Options.level0_file_num_compaction_trigger: 2
I200410 05:28:21.797681 30 storage/engine/rocksdb.go:120           Options.level0_slowdown_writes_trigger: 950
I200410 05:28:21.797724 30 storage/engine/rocksdb.go:120               Options.level0_stop_writes_trigger: 1000
I200410 05:28:21.797765 30 storage/engine/rocksdb.go:120                    Options.target_file_size_base: 4194304
I200410 05:28:21.797806 30 storage/engine/rocksdb.go:120              Options.target_file_size_multiplier: 2
I200410 05:28:21.797846 30 storage/engine/rocksdb.go:120                 Options.max_bytes_for_level_base: 67108864
I200410 05:28:21.797886 30 storage/engine/rocksdb.go:120  Options.level_compaction_dynamic_level_bytes: 1
I200410 05:28:21.797931 30 storage/engine/rocksdb.go:120           Options.max_bytes_for_level_multiplier: 10.000000
I200410 05:28:21.797974 30 storage/engine/rocksdb.go:120  Options.max_bytes_for_level_multiplier_addtl[0]: 1
I200410 05:28:21.798014 30 storage/engine/rocksdb.go:120  Options.max_bytes_for_level_multiplier_addtl[1]: 1
I200410 05:28:21.798053 30 storage/engine/rocksdb.go:120  Options.max_bytes_for_level_multiplier_addtl[2]: 1
I200410 05:28:21.798094 30 storage/engine/rocksdb.go:120  Options.max_bytes_for_level_multiplier_addtl[3]: 1
I200410 05:28:21.798135 30 storage/engine/rocksdb.go:120  Options.max_bytes_for_level_multiplier_addtl[4]: 1
I200410 05:28:21.798176 30 storage/engine/rocksdb.go:120  Options.max_bytes_for_level_multiplier_addtl[5]: 1
I200410 05:28:21.798216 30 storage/engine/rocksdb.go:120  Options.max_bytes_for_level_multiplier_addtl[6]: 1
I200410 05:28:21.798264 30 storage/engine/rocksdb.go:120        Options.max_sequential_skip_in_iterations: 8
I200410 05:28:21.798305 30 storage/engine/rocksdb.go:120                     Options.max_compaction_bytes: 104857600
I200410 05:28:21.798345 30 storage/engine/rocksdb.go:120                         Options.arena_block_size: 8388608
I200410 05:28:21.798387 30 storage/engine/rocksdb.go:120    Options.soft_pending_compaction_bytes_limit: 2199023255552
I200410 05:28:21.798427 30 storage/engine/rocksdb.go:120    Options.hard_pending_compaction_bytes_limit: 4400193994752
I200410 05:28:21.798467 30 storage/engine/rocksdb.go:120        Options.rate_limit_delay_max_milliseconds: 100
I200410 05:28:21.798506 30 storage/engine/rocksdb.go:120                 Options.disable_auto_compactions: 0
I200410 05:28:21.799354 30 storage/engine/rocksdb.go:120                         Options.compaction_style: kCompactionStyleLevel
I200410 05:28:21.799405 30 storage/engine/rocksdb.go:120                           Options.compaction_pri: kMinOverlappingRatio
I200410 05:28:21.799450 30 storage/engine/rocksdb.go:120  Options.compaction_options_universal.size_ratio: 1
I200410 05:28:21.799491 30 storage/engine/rocksdb.go:120  Options.compaction_options_universal.min_merge_width: 2
I200410 05:28:21.799532 30 storage/engine/rocksdb.go:120  Options.compaction_options_universal.max_merge_width: 4294967295
I200410 05:28:21.799597 30 storage/engine/rocksdb.go:120  Options.compaction_options_universal.max_size_amplification_percent: 200
I200410 05:28:21.799705 30 storage/engine/rocksdb.go:120  Options.compaction_options_universal.compression_size_percent: -1
I200410 05:28:21.799750 30 storage/engine/rocksdb.go:120  Options.compaction_options_universal.stop_style: kCompactionStopStyleTotalSize
I200410 05:28:21.799789 30 storage/engine/rocksdb.go:120  Options.compaction_options_fifo.max_table_files_size: 1073741824
I200410 05:28:21.799834 30 storage/engine/rocksdb.go:120  Options.compaction_options_fifo.allow_compaction: 0
I200410 05:28:21.799889 30 storage/engine/rocksdb.go:120                    Options.table_properties_collectors: TimeBoundTblPropCollectorFactory; DeleteRangeTblPropCollectorFactory; 
I200410 05:28:21.799969 30 storage/engine/rocksdb.go:120                    Options.inplace_update_support: 0
I200410 05:28:21.800161 30 storage/engine/rocksdb.go:120                  Options.inplace_update_num_locks: 10000
I200410 05:28:21.800209 30 storage/engine/rocksdb.go:120                Options.memtable_prefix_bloom_size_ratio: 0.000000
I200410 05:28:21.800260 30 storage/engine/rocksdb.go:120                Options.memtable_whole_key_filtering: 0
I200410 05:28:21.800301 30 storage/engine/rocksdb.go:120    Options.memtable_huge_page_size: 0
I200410 05:28:21.800339 30 storage/engine/rocksdb.go:120                            Options.bloom_locality: 0
I200410 05:28:21.800378 30 storage/engine/rocksdb.go:120                     Options.max_successive_merges: 0
I200410 05:28:21.800421 30 storage/engine/rocksdb.go:120                 Options.optimize_filters_for_hits: 1
I200410 05:28:21.800614 30 storage/engine/rocksdb.go:120                 Options.paranoid_file_checks: 0
I200410 05:28:21.800658 30 storage/engine/rocksdb.go:120                 Options.force_consistency_checks: 0
I200410 05:28:21.800701 30 storage/engine/rocksdb.go:120                 Options.report_bg_io_stats: 0
I200410 05:28:21.800831 30 storage/engine/rocksdb.go:120                                Options.ttl: 0
I200410 05:28:21.800876 30 storage/engine/rocksdb.go:120           Options.periodic_compaction_seconds: 0
I200410 05:28:21.826449 30 storage/engine/rocksdb.go:120  [db/version_set.cc:3086] More existing levels in DB than needed. max_bytes_for_level_multiplier may not be guaranteed.
I200410 05:28:21.826521 30 storage/engine/rocksdb.go:120  [db/version_set.cc:4286] Recovered from manifest file:/cockroach/cockroach-data/MANIFEST-000028 succeeded,manifest_file_number is 28, next_file_number is 36, last_sequence is 1536593, log_number is 33,prev_log_number is 0,max_column_family is 0,min_log_number_to_keep is 0
I200410 05:28:21.826565 30 storage/engine/rocksdb.go:120  [db/version_set.cc:4295] Column family [default] (ID 0), log number is 33
I200410 05:28:21.848983 30 storage/engine/rocksdb.go:120  EVENT_LOG_v1 {"time_micros": 1586496501848843, "job": 1, "event": "recovery_started", "log_files": [29, 33]}
I200410 05:28:21.849222 30 storage/engine/rocksdb.go:120  [db/db_impl_open.cc:586] Skipping log #29 since it is older than min log to keep #33
I200410 05:28:21.849485 30 storage/engine/rocksdb.go:120  [db/db_impl_open.cc:598] Recovering log #33 mode 0
I200410 05:28:25.041928 30 storage/engine/rocksdb.go:120  EVENT_LOG_v1 {"time_micros": 1586496505041483, "cf_name": "default", "job": 1, "event": "table_file_creation", "file_number": 36, "file_size": 144275, "table_properties": {"data_size": 139017, "index_size": 1429, "index_partitions": 0, "top_level_index_size": 0, "index_key_is_user_key": 0, "index_value_is_delta_encoded": 0, "filter_size": 3397, "raw_key_size": 96003, "raw_average_key_size": 32, "raw_value_size": 705869, "raw_average_value_size": 240, "num_data_blocks": 23, "num_entries": 2929, "num_deletions": 1782, "num_merge_operands": 664, "num_range_deletions": 664, "format_version": 0, "fixed_key_len": 0, "filter_policy": "rocksdb.BuiltinBloomFilter", "column_family_name": "default", "column_family_id": 0, "comparator": "cockroach_comparator", "merge_operator": "cockroach_merge_operator", "prefix_extractor_name": "cockroach_prefix_extractor", "property_collectors": "[TimeBoundTblPropCollectorFactory,DeleteRangeTblPropCollectorFactory]", "compression": "Snappy", "compression_options": "window_bits=-14; level=32767; strategy=0; max_dict_bytes=0; zstd_max_train_bytes=0; enabled=0; ", "creation_time": 1586496504, "oldest_key_time": 3, "file_creation_time": 0}}
I200410 05:28:25.060112 30 storage/engine/rocksdb.go:120  [db/version_set.cc:3560] Creating manifest 37
I200410 05:28:25.076853 30 storage/engine/rocksdb.go:120  [db/version_set.cc:3086] More existing levels in DB than needed. max_bytes_for_level_multiplier may not be guaranteed.
I200410 05:28:25.088690 30 storage/engine/rocksdb.go:120  EVENT_LOG_v1 {"time_micros": 1586496505088514, "job": 1, "event": "recovery_finished"}
I200410 05:28:25.407775 17 storage/engine/rocksdb.go:120  [db/compaction_job.cc:1647] [default] [JOB 3] Compacting 2@0 + 1@6 files to L6, score 1.00
I200410 05:28:25.407970 17 storage/engine/rocksdb.go:120  [db/compaction_job.cc:1651] [default] Compaction start summary: Base version 2 Base level 0, inputs: [36(140KB) 34(465KB)], [32(1661KB)]
I200410 05:28:25.408144 17 storage/engine/rocksdb.go:120  EVENT_LOG_v1 {"time_micros": 1586496505408050, "job": 3, "event": "compaction_started", "compaction_reason": "LevelL0FilesNum", "files_L0": [36, 34], "files_L6": [32], "score": 1, "input_data_size": 2322944}
I200410 05:28:25.449529 30 storage/engine/rocksdb.go:120  DB pointer 0x7f3a8ec9a000
I200410 05:28:27.338104 17 storage/engine/rocksdb.go:120  [db/compaction_job.cc:1334] [default] [JOB 3] Generated table #41: 9920 keys, 2183856 bytes
I200410 05:28:27.338392 17 storage/engine/rocksdb.go:120  EVENT_LOG_v1 {"time_micros": 1586496507338160, "cf_name": "default", "job": 3, "event": "table_file_creation", "file_number": 41, "file_size": 2183856, "table_properties": {"data_size": 2172273, "index_size": 30887, "index_partitions": 0, "top_level_index_size": 0, "index_key_is_user_key": 0, "index_value_is_delta_encoded": 0, "filter_size": 0, "raw_key_size": 465490, "raw_average_key_size": 46, "raw_value_size": 13825813, "raw_average_value_size": 1393, "num_data_blocks": 456, "num_entries": 9920, "num_deletions": 0, "num_merge_operands": 0, "num_range_deletions": 0, "format_version": 0, "fixed_key_len": 0, "filter_policy": "rocksdb.BuiltinBloomFilter", "column_family_name": "default", "column_family_id": 0, "comparator": "cockroach_comparator", "merge_operator": "cockroach_merge_operator", "prefix_extractor_name": "cockroach_prefix_extractor", "property_collectors": "[TimeBoundTblPropCollectorFactory,DeleteRangeTblPropCollectorFactory]", "compression": "Snappy", "compression_options": "window_bits=-14; level=32767; strategy=0; max_dict_bytes=0; zstd_max_train_bytes=0; enabled=0; ", "creation_time": 1586496504, "oldest_key_time": 0, "file_creation_time": 1586496505}}
I200410 05:28:27.351349 17 storage/engine/rocksdb.go:120  [db/compaction_job.cc:1397] [default] [JOB 3] Compacted 2@0 + 1@6 files to L6 => 2183856 bytes
I200410 05:28:27.352397 17 storage/engine/rocksdb.go:120  [db/version_set.cc:3086] More existing levels in DB than needed. max_bytes_for_level_multiplier may not be guaranteed.
I200410 05:28:27.354650 17 storage/engine/rocksdb.go:120  (Original Log Time 2020/04/10-05:28:27.354396) [db/compaction_job.cc:770] [default] compacted to: base level 6 level multiplier 10.00 max bytes base 67108864 files[0 0 0 0 0 0 1] max score 0.00, MB/sec: 1.2 rd, 1.1 wr, level 6, files in(2, 1) out(1) MB in(0.6, 1.6) out(2.1), read-write-amplify(7.3) write-amplify(3.5) OK, records in: 20599, records dropped: 10015 output_compression: Snappy
I200410 05:28:27.354705 17 storage/engine/rocksdb.go:120  (Original Log Time 2020/04/10-05:28:27.354457) EVENT_LOG_v1 {"time_micros": 1586496507354427, "job": 3, "event": "compaction_finished", "compaction_time_micros": 1933928, "compaction_time_cpu_micros": 407524, "output_level": 6, "num_output_files": 1, "total_output_size": 2183856, "num_input_records": 19935, "num_output_records": 9920, "num_subcompactions": 1, "output_compression": "Snappy", "num_single_delete_mismatches": 0, "num_single_delete_fallthrough": 0, "lsm_state": [0, 0, 0, 0, 0, 0, 1]}
I200410 05:28:27.360479 17 storage/engine/rocksdb.go:120  EVENT_LOG_v1 {"time_micros": 1586496507360341, "job": 3, "event": "table_file_deletion", "file_number": 36}
I200410 05:28:27.365664 17 storage/engine/rocksdb.go:120  EVENT_LOG_v1 {"time_micros": 1586496507365597, "job": 3, "event": "table_file_deletion", "file_number": 34}
I200410 05:28:27.371327 17 storage/engine/rocksdb.go:120  EVENT_LOG_v1 {"time_micros": 1586496507371193, "job": 3, "event": "table_file_deletion", "file_number": 32}
I200410 05:38:25.354559 6993 storage/engine/rocksdb.go:120  bloom filter utility:    -nan%
I200410 05:38:25.359119 6993 storage/engine/rocksdb.go:120  [db/db_impl.cc:392] Shutdown: canceling all background work
I200410 05:38:25.384062 6993 storage/engine/rocksdb.go:120  [db/db_impl.cc:565] Shutdown complete
I200410 05:38:25.507289 6993 storage/engine/rocksdb.go:120  bloom filter utility:    59.2%
I200410 05:38:25.510009 6993 storage/engine/rocksdb.go:120  [db/db_impl.cc:392] Shutdown: canceling all background work
I200410 05:38:25.578391 6993 storage/engine/rocksdb.go:120  [db/db_impl.cc:565] Shutdown complete
