I200430 17:26:44.234447 28 util/log/clog.go:1196  [config] file created at: 2020/04/30 17:26:44
I200430 17:26:44.234447 28 util/log/clog.go:1196  [config] running on machine: 26571fb9f334
I200430 17:26:44.234447 28 util/log/clog.go:1196  [config] binary: CockroachDB CCL v19.2.5 (x86_64-unknown-linux-gnu, built 2020/03/16 18:27:12, go1.12.12)
I200430 17:26:44.234447 28 util/log/clog.go:1196  [config] arguments: [/cockroach/cockroach start --insecure]
I200430 17:26:44.234447 28 util/log/clog.go:1196  line format: [IWEF]yymmdd hh:mm:ss.uuuuuu goid file:line msg utf8=✓
I200430 17:26:44.234445 28 storage/engine/rocksdb.go:120  RocksDB version: 6.2.1
I200430 17:26:44.264248 28 storage/engine/rocksdb.go:120  Git sha rocksdb_build_git_sha:@b7009236531fa784872f4823eabf393501e41bf2@
I200430 17:26:44.264259 28 storage/engine/rocksdb.go:120  Compile date Mar 16 2020
I200430 17:26:44.264354 28 storage/engine/rocksdb.go:120  DB SUMMARY
I200430 17:26:44.990347 28 storage/engine/rocksdb.go:120  SST files in /cockroach/cockroach-data/cockroach-temp144046356 dir, Total Num: 0, files: 
I200430 17:26:44.990375 28 storage/engine/rocksdb.go:120  Write Ahead Log file in /cockroach/cockroach-data/cockroach-temp144046356: 
I200430 17:26:44.990391 28 storage/engine/rocksdb.go:120                          Options.error_if_exists: 0
I200430 17:26:44.992901 28 storage/engine/rocksdb.go:120                        Options.create_if_missing: 1
I200430 17:26:44.993010 28 storage/engine/rocksdb.go:120                          Options.paranoid_checks: 1
I200430 17:26:44.993044 28 storage/engine/rocksdb.go:120                                      Options.env: 0x75757a0
I200430 17:26:44.993057 28 storage/engine/rocksdb.go:120                                 Options.info_log: 0x7fd87768b000
I200430 17:26:44.993063 28 storage/engine/rocksdb.go:120                 Options.max_file_opening_threads: 16
I200430 17:26:44.993069 28 storage/engine/rocksdb.go:120                               Options.statistics: 0x7fd87761d8d0
I200430 17:26:44.993074 28 storage/engine/rocksdb.go:120                                Options.use_fsync: 0
I200430 17:26:44.993081 28 storage/engine/rocksdb.go:120                        Options.max_log_file_size: 0
I200430 17:26:44.993086 28 storage/engine/rocksdb.go:120                   Options.max_manifest_file_size: 134217728
I200430 17:26:44.993091 28 storage/engine/rocksdb.go:120                    Options.log_file_time_to_roll: 0
I200430 17:26:44.993116 28 storage/engine/rocksdb.go:120                        Options.keep_log_file_num: 1000
I200430 17:26:44.993124 28 storage/engine/rocksdb.go:120                     Options.recycle_log_file_num: 1
I200430 17:26:44.993129 28 storage/engine/rocksdb.go:120                          Options.allow_fallocate: 1
I200430 17:26:44.993178 28 storage/engine/rocksdb.go:120                         Options.allow_mmap_reads: 0
I200430 17:26:44.993189 28 storage/engine/rocksdb.go:120                        Options.allow_mmap_writes: 0
I200430 17:26:44.993194 28 storage/engine/rocksdb.go:120                         Options.use_direct_reads: 0
I200430 17:26:44.993200 28 storage/engine/rocksdb.go:120                         Options.use_direct_io_for_flush_and_compaction: 0
I200430 17:26:44.993206 28 storage/engine/rocksdb.go:120           Options.create_missing_column_families: 0
I200430 17:26:44.993211 28 storage/engine/rocksdb.go:120                               Options.db_log_dir: 
I200430 17:26:44.993217 28 storage/engine/rocksdb.go:120                                  Options.wal_dir: /cockroach/cockroach-data/cockroach-temp144046356
I200430 17:26:44.993222 28 storage/engine/rocksdb.go:120                 Options.table_cache_numshardbits: 6
I200430 17:26:44.993228 28 storage/engine/rocksdb.go:120                       Options.max_subcompactions: 1
I200430 17:26:44.993233 28 storage/engine/rocksdb.go:120                   Options.max_background_flushes: -1
I200430 17:26:44.993266 28 storage/engine/rocksdb.go:120                          Options.WAL_ttl_seconds: 0
I200430 17:26:44.993273 28 storage/engine/rocksdb.go:120                        Options.WAL_size_limit_MB: 0
I200430 17:26:44.993279 28 storage/engine/rocksdb.go:120              Options.manifest_preallocation_size: 4194304
I200430 17:26:44.993286 28 storage/engine/rocksdb.go:120                      Options.is_fd_close_on_exec: 1
I200430 17:26:44.993292 28 storage/engine/rocksdb.go:120                    Options.advise_random_on_open: 1
I200430 17:26:44.993298 28 storage/engine/rocksdb.go:120                     Options.db_write_buffer_size: 0
I200430 17:26:44.993320 28 storage/engine/rocksdb.go:120                     Options.write_buffer_manager: 0x7fd877660ce0
I200430 17:26:44.993341 28 storage/engine/rocksdb.go:120          Options.access_hint_on_compaction_start: 1
I200430 17:26:44.993348 28 storage/engine/rocksdb.go:120   Options.new_table_reader_for_compaction_inputs: 0
I200430 17:26:44.993353 28 storage/engine/rocksdb.go:120            Options.random_access_max_buffer_size: 1048576
I200430 17:26:44.993358 28 storage/engine/rocksdb.go:120                       Options.use_adaptive_mutex: 0
I200430 17:26:44.993364 28 storage/engine/rocksdb.go:120                             Options.rate_limiter: (nil)
I200430 17:26:44.993371 28 storage/engine/rocksdb.go:120      Options.sst_file_manager.rate_bytes_per_sec: 0
I200430 17:26:44.993376 28 storage/engine/rocksdb.go:120                        Options.wal_recovery_mode: 0
I200430 17:26:44.993381 28 storage/engine/rocksdb.go:120                   Options.enable_thread_tracking: 0
I200430 17:26:44.993453 28 storage/engine/rocksdb.go:120                   Options.enable_pipelined_write: 0
I200430 17:26:44.993462 28 storage/engine/rocksdb.go:120          Options.allow_concurrent_memtable_write: 1
I200430 17:26:44.993468 28 storage/engine/rocksdb.go:120       Options.enable_write_thread_adaptive_yield: 1
I200430 17:26:44.993473 28 storage/engine/rocksdb.go:120              Options.write_thread_max_yield_usec: 100
I200430 17:26:44.993570 28 storage/engine/rocksdb.go:120             Options.write_thread_slow_yield_usec: 3
I200430 17:26:44.993585 28 storage/engine/rocksdb.go:120                                Options.row_cache: None
I200430 17:26:44.993592 28 storage/engine/rocksdb.go:120                               Options.wal_filter: None
I200430 17:26:44.993597 28 storage/engine/rocksdb.go:120              Options.avoid_flush_during_recovery: 0
I200430 17:26:44.993603 28 storage/engine/rocksdb.go:120              Options.allow_ingest_behind: 0
I200430 17:26:44.993608 28 storage/engine/rocksdb.go:120              Options.preserve_deletes: 0
I200430 17:26:44.993620 28 storage/engine/rocksdb.go:120              Options.two_write_queues: 0
I200430 17:26:44.993723 28 storage/engine/rocksdb.go:120              Options.manual_wal_flush: 1
I200430 17:26:44.993737 28 storage/engine/rocksdb.go:120              Options.atomic_flush: 0
I200430 17:26:44.993759 28 storage/engine/rocksdb.go:120              Options.avoid_unnecessary_blocking_io: 0
I200430 17:26:44.993773 28 storage/engine/rocksdb.go:120              Options.max_background_jobs: 2
I200430 17:26:44.993784 28 storage/engine/rocksdb.go:120              Options.max_background_compactions: -1
I200430 17:26:44.993795 28 storage/engine/rocksdb.go:120              Options.avoid_flush_during_shutdown: 0
I200430 17:26:44.993807 28 storage/engine/rocksdb.go:120            Options.writable_file_max_buffer_size: 1048576
I200430 17:26:44.993819 28 storage/engine/rocksdb.go:120              Options.delayed_write_rate : 16777216
I200430 17:26:44.993830 28 storage/engine/rocksdb.go:120              Options.max_total_wal_size: 0
I200430 17:26:44.993842 28 storage/engine/rocksdb.go:120              Options.delete_obsolete_files_period_micros: 21600000000
I200430 17:26:44.993852 28 storage/engine/rocksdb.go:120                    Options.stats_dump_period_sec: 0
I200430 17:26:44.993862 28 storage/engine/rocksdb.go:120                  Options.stats_persist_period_sec: 600
I200430 17:26:44.993873 28 storage/engine/rocksdb.go:120                  Options.stats_history_buffer_size: 1048576
I200430 17:26:44.993883 28 storage/engine/rocksdb.go:120                           Options.max_open_files: 128
I200430 17:26:44.993892 28 storage/engine/rocksdb.go:120                           Options.bytes_per_sync: 524288
I200430 17:26:44.993901 28 storage/engine/rocksdb.go:120                       Options.wal_bytes_per_sync: 0
I200430 17:26:44.993910 28 storage/engine/rocksdb.go:120                    Options.strict_bytes_per_sync: 1
I200430 17:26:44.993919 28 storage/engine/rocksdb.go:120        Options.compaction_readahead_size: 0
I200430 17:26:44.993929 28 storage/engine/rocksdb.go:120  Compression algorithms supported:
I200430 17:26:44.993952 28 storage/engine/rocksdb.go:120  	kZSTDNotFinalCompression supported: 0
I200430 17:26:44.993963 28 storage/engine/rocksdb.go:120  	kZSTD supported: 0
I200430 17:26:44.993974 28 storage/engine/rocksdb.go:120  	kXpressCompression supported: 0
I200430 17:26:44.993984 28 storage/engine/rocksdb.go:120  	kLZ4HCCompression supported: 0
I200430 17:26:44.993995 28 storage/engine/rocksdb.go:120  	kLZ4Compression supported: 0
I200430 17:26:44.994049 28 storage/engine/rocksdb.go:120  	kBZip2Compression supported: 0
I200430 17:26:44.994090 28 storage/engine/rocksdb.go:120  	kZlibCompression supported: 0
I200430 17:26:44.994105 28 storage/engine/rocksdb.go:120  	kSnappyCompression supported: 1
I200430 17:26:44.994135 28 storage/engine/rocksdb.go:120  Fast CRC32 supported: Supported on x86
I200430 17:26:45.050420 28 storage/engine/rocksdb.go:120  [db/db_impl_open.cc:242] Creating manifest 1 
I200430 17:26:45.229042 28 storage/engine/rocksdb.go:120  [db/version_set.cc:4072] Recovering from manifest file: /cockroach/cockroach-data/cockroach-temp144046356/MANIFEST-000001
I200430 17:26:45.245043 28 storage/engine/rocksdb.go:120  [db/column_family.cc:488] --------------- Options for column family [default]:
I200430 17:26:45.245059 28 storage/engine/rocksdb.go:120                Options.comparator: cockroach_comparator
I200430 17:26:45.245065 28 storage/engine/rocksdb.go:120            Options.merge_operator: cockroach_merge_operator
I200430 17:26:45.245071 28 storage/engine/rocksdb.go:120         Options.compaction_filter: None
I200430 17:26:45.245076 28 storage/engine/rocksdb.go:120         Options.compaction_filter_factory: None
I200430 17:26:45.245082 28 storage/engine/rocksdb.go:120          Options.memtable_factory: SkipListFactory
I200430 17:26:45.245088 28 storage/engine/rocksdb.go:120             Options.table_factory: BlockBasedTable
I200430 17:26:45.245161 28 storage/engine/rocksdb.go:120             table_factory options:   flush_block_policy_factory: FlushBlockBySizePolicyFactory (0x7fd877624040)
  cache_index_and_filter_blocks: 0
  cache_index_and_filter_blocks_with_high_priority: 0
  pin_l0_filter_and_index_blocks_in_cache: 0
  pin_top_level_index_and_filter: 1
  index_type: 0
  data_block_index_type: 0
  index_shortening: 1
  data_block_hash_table_util_ratio: 0.750000
  hash_index_allow_collision: 1
  checksum: 1
  no_block_cache: 0
  block_cache: 0x7fd87767a190
  block_cache_name: LRUCache
  block_cache_options:
    capacity : 1048576
    num_shard_bits : 4
    strict_capacity_limit : 0
    memory_allocator : None
    high_pri_pool_ratio: 0.000
  block_cache_compressed: (nil)
  persistent_cache: (nil)
  block_size: 32768
  block_size_deviation: 10
  block_restart_interval: 16
  index_block_restart_interval: 1
  metadata_block_size: 4096
  partition_filters: 0
  use_delta_encoding: 1
  filter_policy: rocksdb.BuiltinBloomFilter
  whole_key_filtering: 0
  verify_compression: 0
  read_amp_bytes_per_bit: 0
  format_version: 2
  enable_index_compression: 1
  block_align: 0
I200430 17:26:45.245171 28 storage/engine/rocksdb.go:120         Options.write_buffer_size: 67108864
I200430 17:26:45.245178 28 storage/engine/rocksdb.go:120   Options.max_write_buffer_number: 4
I200430 17:26:45.245184 28 storage/engine/rocksdb.go:120           Options.compression: Snappy
I200430 17:26:45.245190 28 storage/engine/rocksdb.go:120                   Options.bottommost_compression: Disabled
I200430 17:26:45.245195 28 storage/engine/rocksdb.go:120        Options.prefix_extractor: cockroach_prefix_extractor
I200430 17:26:45.245200 28 storage/engine/rocksdb.go:120    Options.memtable_insert_with_hint_prefix_extractor: nullptr
I200430 17:26:45.245205 28 storage/engine/rocksdb.go:120              Options.num_levels: 7
I200430 17:26:45.245218 28 storage/engine/rocksdb.go:120         Options.min_write_buffer_number_to_merge: 1
I200430 17:26:45.245224 28 storage/engine/rocksdb.go:120      Options.max_write_buffer_number_to_maintain: 0
I200430 17:26:45.245230 28 storage/engine/rocksdb.go:120             Options.bottommost_compression_opts.window_bits: -14
I200430 17:26:45.245240 28 storage/engine/rocksdb.go:120                   Options.bottommost_compression_opts.level: 32767
I200430 17:26:45.245265 28 storage/engine/rocksdb.go:120                Options.bottommost_compression_opts.strategy: 0
I200430 17:26:45.245275 28 storage/engine/rocksdb.go:120          Options.bottommost_compression_opts.max_dict_bytes: 0
I200430 17:26:45.245284 28 storage/engine/rocksdb.go:120          Options.bottommost_compression_opts.zstd_max_train_bytes: 0
I200430 17:26:45.245293 28 storage/engine/rocksdb.go:120                   Options.bottommost_compression_opts.enabled: false
I200430 17:26:45.245303 28 storage/engine/rocksdb.go:120             Options.compression_opts.window_bits: -14
I200430 17:26:45.245313 28 storage/engine/rocksdb.go:120                   Options.compression_opts.level: 32767
I200430 17:26:45.245322 28 storage/engine/rocksdb.go:120                Options.compression_opts.strategy: 0
I200430 17:26:45.245331 28 storage/engine/rocksdb.go:120          Options.compression_opts.max_dict_bytes: 0
I200430 17:26:45.245340 28 storage/engine/rocksdb.go:120          Options.compression_opts.zstd_max_train_bytes: 0
I200430 17:26:45.245348 28 storage/engine/rocksdb.go:120                   Options.compression_opts.enabled: false
I200430 17:26:45.245357 28 storage/engine/rocksdb.go:120       Options.level0_file_num_compaction_trigger: 2
I200430 17:26:45.245367 28 storage/engine/rocksdb.go:120           Options.level0_slowdown_writes_trigger: 950
I200430 17:26:45.245376 28 storage/engine/rocksdb.go:120               Options.level0_stop_writes_trigger: 1000
I200430 17:26:45.245387 28 storage/engine/rocksdb.go:120                    Options.target_file_size_base: 4194304
I200430 17:26:45.245396 28 storage/engine/rocksdb.go:120              Options.target_file_size_multiplier: 2
I200430 17:26:45.245406 28 storage/engine/rocksdb.go:120                 Options.max_bytes_for_level_base: 67108864
I200430 17:26:45.245415 28 storage/engine/rocksdb.go:120  Options.level_compaction_dynamic_level_bytes: 1
I200430 17:26:45.245427 28 storage/engine/rocksdb.go:120           Options.max_bytes_for_level_multiplier: 10.000000
I200430 17:26:45.245488 28 storage/engine/rocksdb.go:120  Options.max_bytes_for_level_multiplier_addtl[0]: 1
I200430 17:26:45.245502 28 storage/engine/rocksdb.go:120  Options.max_bytes_for_level_multiplier_addtl[1]: 1
I200430 17:26:45.245514 28 storage/engine/rocksdb.go:120  Options.max_bytes_for_level_multiplier_addtl[2]: 1
I200430 17:26:45.245523 28 storage/engine/rocksdb.go:120  Options.max_bytes_for_level_multiplier_addtl[3]: 1
I200430 17:26:45.245532 28 storage/engine/rocksdb.go:120  Options.max_bytes_for_level_multiplier_addtl[4]: 1
I200430 17:26:45.245540 28 storage/engine/rocksdb.go:120  Options.max_bytes_for_level_multiplier_addtl[5]: 1
I200430 17:26:45.245550 28 storage/engine/rocksdb.go:120  Options.max_bytes_for_level_multiplier_addtl[6]: 1
I200430 17:26:45.245560 28 storage/engine/rocksdb.go:120        Options.max_sequential_skip_in_iterations: 8
I200430 17:26:45.245570 28 storage/engine/rocksdb.go:120                     Options.max_compaction_bytes: 104857600
I200430 17:26:45.245579 28 storage/engine/rocksdb.go:120                         Options.arena_block_size: 8388608
I200430 17:26:45.245589 28 storage/engine/rocksdb.go:120    Options.soft_pending_compaction_bytes_limit: 2199023255552
I200430 17:26:45.245597 28 storage/engine/rocksdb.go:120    Options.hard_pending_compaction_bytes_limit: 4400193994752
I200430 17:26:45.245606 28 storage/engine/rocksdb.go:120        Options.rate_limit_delay_max_milliseconds: 100
I200430 17:26:45.245616 28 storage/engine/rocksdb.go:120                 Options.disable_auto_compactions: 0
I200430 17:26:45.245630 28 storage/engine/rocksdb.go:120                         Options.compaction_style: kCompactionStyleLevel
I200430 17:26:45.245640 28 storage/engine/rocksdb.go:120                           Options.compaction_pri: kMinOverlappingRatio
I200430 17:26:45.245647 28 storage/engine/rocksdb.go:120  Options.compaction_options_universal.size_ratio: 1
I200430 17:26:45.245652 28 storage/engine/rocksdb.go:120  Options.compaction_options_universal.min_merge_width: 2
I200430 17:26:45.245658 28 storage/engine/rocksdb.go:120  Options.compaction_options_universal.max_merge_width: 4294967295
I200430 17:26:45.245663 28 storage/engine/rocksdb.go:120  Options.compaction_options_universal.max_size_amplification_percent: 200
I200430 17:26:45.245668 28 storage/engine/rocksdb.go:120  Options.compaction_options_universal.compression_size_percent: -1
I200430 17:26:45.245674 28 storage/engine/rocksdb.go:120  Options.compaction_options_universal.stop_style: kCompactionStopStyleTotalSize
I200430 17:26:45.245679 28 storage/engine/rocksdb.go:120  Options.compaction_options_fifo.max_table_files_size: 1073741824
I200430 17:26:45.245684 28 storage/engine/rocksdb.go:120  Options.compaction_options_fifo.allow_compaction: 0
I200430 17:26:45.245698 28 storage/engine/rocksdb.go:120                    Options.table_properties_collectors: TimeBoundTblPropCollectorFactory; DeleteRangeTblPropCollectorFactory; 
I200430 17:26:45.245705 28 storage/engine/rocksdb.go:120                    Options.inplace_update_support: 0
I200430 17:26:45.245711 28 storage/engine/rocksdb.go:120                  Options.inplace_update_num_locks: 10000
I200430 17:26:45.245718 28 storage/engine/rocksdb.go:120                Options.memtable_prefix_bloom_size_ratio: 0.000000
I200430 17:26:45.245723 28 storage/engine/rocksdb.go:120                Options.memtable_whole_key_filtering: 0
I200430 17:26:45.245729 28 storage/engine/rocksdb.go:120    Options.memtable_huge_page_size: 0
I200430 17:26:45.245734 28 storage/engine/rocksdb.go:120                            Options.bloom_locality: 0
I200430 17:26:45.245739 28 storage/engine/rocksdb.go:120                     Options.max_successive_merges: 0
I200430 17:26:45.245744 28 storage/engine/rocksdb.go:120                 Options.optimize_filters_for_hits: 1
I200430 17:26:45.245749 28 storage/engine/rocksdb.go:120                 Options.paranoid_file_checks: 0
I200430 17:26:45.245754 28 storage/engine/rocksdb.go:120                 Options.force_consistency_checks: 0
I200430 17:26:45.245759 28 storage/engine/rocksdb.go:120                 Options.report_bg_io_stats: 0
I200430 17:26:45.245765 28 storage/engine/rocksdb.go:120                                Options.ttl: 0
I200430 17:26:45.245770 28 storage/engine/rocksdb.go:120           Options.periodic_compaction_seconds: 0
I200430 17:26:45.266196 28 storage/engine/rocksdb.go:120  [db/version_set.cc:4286] Recovered from manifest file:/cockroach/cockroach-data/cockroach-temp144046356/MANIFEST-000001 succeeded,manifest_file_number is 1, next_file_number is 3, last_sequence is 0, log_number is 0,prev_log_number is 0,max_column_family is 0,min_log_number_to_keep is 0
I200430 17:26:45.266290 28 storage/engine/rocksdb.go:120  [db/version_set.cc:4295] Column family [default] (ID 0), log number is 0
I200430 17:26:45.386015 28 storage/engine/rocksdb.go:120  DB pointer 0x7fd877747000
I200430 17:26:45.884157 28 storage/engine/rocksdb.go:120  RocksDB version: 6.2.1
I200430 17:26:45.884180 28 storage/engine/rocksdb.go:120  Git sha rocksdb_build_git_sha:@b7009236531fa784872f4823eabf393501e41bf2@
I200430 17:26:45.884191 28 storage/engine/rocksdb.go:120  Compile date Mar 16 2020
I200430 17:26:45.884201 28 storage/engine/rocksdb.go:120  DB SUMMARY
I200430 17:26:45.967411 28 storage/engine/rocksdb.go:120  CURRENT file:  CURRENT
I200430 17:26:45.967563 28 storage/engine/rocksdb.go:120  IDENTITY file:  IDENTITY
I200430 17:26:45.980237 28 storage/engine/rocksdb.go:120  MANIFEST file:  MANIFEST-000390 size: 173 Bytes
I200430 17:26:45.980273 28 storage/engine/rocksdb.go:120  SST files in /cockroach/cockroach-data dir, Total Num: 2, files: 000387.sst 000389.sst 
I200430 17:26:45.980319 28 storage/engine/rocksdb.go:120  Write Ahead Log file in /cockroach/cockroach-data: 000391.log size: 8932989 ; 
I200430 17:26:45.980339 28 storage/engine/rocksdb.go:120                          Options.error_if_exists: 0
I200430 17:26:45.980355 28 storage/engine/rocksdb.go:120                        Options.create_if_missing: 1
I200430 17:26:45.980366 28 storage/engine/rocksdb.go:120                          Options.paranoid_checks: 1
I200430 17:26:45.980376 28 storage/engine/rocksdb.go:120                                      Options.env: 0x75757a0
I200430 17:26:45.980386 28 storage/engine/rocksdb.go:120                                 Options.info_log: 0x7fd86c019080
I200430 17:26:45.980396 28 storage/engine/rocksdb.go:120                 Options.max_file_opening_threads: 16
I200430 17:26:45.980408 28 storage/engine/rocksdb.go:120                               Options.statistics: 0x7fd86c01f010
I200430 17:26:45.980419 28 storage/engine/rocksdb.go:120                                Options.use_fsync: 0
I200430 17:26:45.980430 28 storage/engine/rocksdb.go:120                        Options.max_log_file_size: 0
I200430 17:26:45.980442 28 storage/engine/rocksdb.go:120                   Options.max_manifest_file_size: 134217728
I200430 17:26:45.980474 28 storage/engine/rocksdb.go:120                    Options.log_file_time_to_roll: 0
I200430 17:26:45.980486 28 storage/engine/rocksdb.go:120                        Options.keep_log_file_num: 1000
I200430 17:26:45.980497 28 storage/engine/rocksdb.go:120                     Options.recycle_log_file_num: 1
I200430 17:26:45.980525 28 storage/engine/rocksdb.go:120                          Options.allow_fallocate: 1
I200430 17:26:45.980537 28 storage/engine/rocksdb.go:120                         Options.allow_mmap_reads: 0
I200430 17:26:45.980547 28 storage/engine/rocksdb.go:120                        Options.allow_mmap_writes: 0
I200430 17:26:45.980561 28 storage/engine/rocksdb.go:120                         Options.use_direct_reads: 0
I200430 17:26:45.980573 28 storage/engine/rocksdb.go:120                         Options.use_direct_io_for_flush_and_compaction: 0
I200430 17:26:45.980585 28 storage/engine/rocksdb.go:120           Options.create_missing_column_families: 0
I200430 17:26:45.980597 28 storage/engine/rocksdb.go:120                               Options.db_log_dir: 
I200430 17:26:45.980609 28 storage/engine/rocksdb.go:120                                  Options.wal_dir: /cockroach/cockroach-data
I200430 17:26:45.980621 28 storage/engine/rocksdb.go:120                 Options.table_cache_numshardbits: 6
I200430 17:26:45.980632 28 storage/engine/rocksdb.go:120                       Options.max_subcompactions: 1
I200430 17:26:45.980643 28 storage/engine/rocksdb.go:120                   Options.max_background_flushes: -1
I200430 17:26:45.980654 28 storage/engine/rocksdb.go:120                          Options.WAL_ttl_seconds: 0
I200430 17:26:45.980666 28 storage/engine/rocksdb.go:120                        Options.WAL_size_limit_MB: 0
I200430 17:26:45.980678 28 storage/engine/rocksdb.go:120              Options.manifest_preallocation_size: 4194304
I200430 17:26:45.980689 28 storage/engine/rocksdb.go:120                      Options.is_fd_close_on_exec: 1
I200430 17:26:45.980700 28 storage/engine/rocksdb.go:120                    Options.advise_random_on_open: 1
I200430 17:26:45.980711 28 storage/engine/rocksdb.go:120                     Options.db_write_buffer_size: 0
I200430 17:26:45.980722 28 storage/engine/rocksdb.go:120                     Options.write_buffer_manager: 0x7fd86c087030
I200430 17:26:45.980733 28 storage/engine/rocksdb.go:120          Options.access_hint_on_compaction_start: 1
I200430 17:26:45.980744 28 storage/engine/rocksdb.go:120   Options.new_table_reader_for_compaction_inputs: 0
I200430 17:26:45.980755 28 storage/engine/rocksdb.go:120            Options.random_access_max_buffer_size: 1048576
I200430 17:26:45.980765 28 storage/engine/rocksdb.go:120                       Options.use_adaptive_mutex: 0
I200430 17:26:45.980776 28 storage/engine/rocksdb.go:120                             Options.rate_limiter: (nil)
I200430 17:26:45.980788 28 storage/engine/rocksdb.go:120      Options.sst_file_manager.rate_bytes_per_sec: 0
I200430 17:26:45.980800 28 storage/engine/rocksdb.go:120                        Options.wal_recovery_mode: 0
I200430 17:26:45.980811 28 storage/engine/rocksdb.go:120                   Options.enable_thread_tracking: 0
I200430 17:26:45.980821 28 storage/engine/rocksdb.go:120                   Options.enable_pipelined_write: 0
I200430 17:26:45.980832 28 storage/engine/rocksdb.go:120          Options.allow_concurrent_memtable_write: 1
I200430 17:26:45.980843 28 storage/engine/rocksdb.go:120       Options.enable_write_thread_adaptive_yield: 1
I200430 17:26:45.980853 28 storage/engine/rocksdb.go:120              Options.write_thread_max_yield_usec: 100
I200430 17:26:45.980866 28 storage/engine/rocksdb.go:120             Options.write_thread_slow_yield_usec: 3
I200430 17:26:45.980878 28 storage/engine/rocksdb.go:120                                Options.row_cache: None
I200430 17:26:45.980888 28 storage/engine/rocksdb.go:120                               Options.wal_filter: None
I200430 17:26:45.986625 28 storage/engine/rocksdb.go:120              Options.avoid_flush_during_recovery: 0
I200430 17:26:45.986647 28 storage/engine/rocksdb.go:120              Options.allow_ingest_behind: 0
I200430 17:26:45.986657 28 storage/engine/rocksdb.go:120              Options.preserve_deletes: 0
I200430 17:26:45.986666 28 storage/engine/rocksdb.go:120              Options.two_write_queues: 0
I200430 17:26:45.986675 28 storage/engine/rocksdb.go:120              Options.manual_wal_flush: 1
I200430 17:26:45.986684 28 storage/engine/rocksdb.go:120              Options.atomic_flush: 0
I200430 17:26:45.986693 28 storage/engine/rocksdb.go:120              Options.avoid_unnecessary_blocking_io: 0
I200430 17:26:45.986702 28 storage/engine/rocksdb.go:120              Options.max_background_jobs: 2
I200430 17:26:45.986712 28 storage/engine/rocksdb.go:120              Options.max_background_compactions: -1
I200430 17:26:45.986725 28 storage/engine/rocksdb.go:120              Options.avoid_flush_during_shutdown: 0
I200430 17:26:45.986737 28 storage/engine/rocksdb.go:120            Options.writable_file_max_buffer_size: 1048576
I200430 17:26:45.986747 28 storage/engine/rocksdb.go:120              Options.delayed_write_rate : 16777216
I200430 17:26:45.986757 28 storage/engine/rocksdb.go:120              Options.max_total_wal_size: 0
I200430 17:26:45.986766 28 storage/engine/rocksdb.go:120              Options.delete_obsolete_files_period_micros: 21600000000
I200430 17:26:45.986776 28 storage/engine/rocksdb.go:120                    Options.stats_dump_period_sec: 0
I200430 17:26:45.986786 28 storage/engine/rocksdb.go:120                  Options.stats_persist_period_sec: 600
I200430 17:26:45.986796 28 storage/engine/rocksdb.go:120                  Options.stats_history_buffer_size: 1048576
I200430 17:26:45.986806 28 storage/engine/rocksdb.go:120                           Options.max_open_files: 1043576
I200430 17:26:45.986815 28 storage/engine/rocksdb.go:120                           Options.bytes_per_sync: 524288
I200430 17:26:45.986826 28 storage/engine/rocksdb.go:120                       Options.wal_bytes_per_sync: 0
I200430 17:26:45.986836 28 storage/engine/rocksdb.go:120                    Options.strict_bytes_per_sync: 1
I200430 17:26:45.986848 28 storage/engine/rocksdb.go:120        Options.compaction_readahead_size: 0
I200430 17:26:45.987067 28 storage/engine/rocksdb.go:120  Compression algorithms supported:
I200430 17:26:45.987435 28 storage/engine/rocksdb.go:120  	kZSTDNotFinalCompression supported: 0
I200430 17:26:45.987454 28 storage/engine/rocksdb.go:120  	kZSTD supported: 0
I200430 17:26:45.987463 28 storage/engine/rocksdb.go:120  	kXpressCompression supported: 0
I200430 17:26:45.987472 28 storage/engine/rocksdb.go:120  	kLZ4HCCompression supported: 0
I200430 17:26:45.987480 28 storage/engine/rocksdb.go:120  	kLZ4Compression supported: 0
I200430 17:26:45.987488 28 storage/engine/rocksdb.go:120  	kBZip2Compression supported: 0
I200430 17:26:45.987497 28 storage/engine/rocksdb.go:120  	kZlibCompression supported: 0
I200430 17:26:45.987506 28 storage/engine/rocksdb.go:120  	kSnappyCompression supported: 1
I200430 17:26:45.987539 28 storage/engine/rocksdb.go:120  Fast CRC32 supported: Supported on x86
I200430 17:26:46.180700 28 storage/engine/rocksdb.go:120  [db/version_set.cc:4072] Recovering from manifest file: /cockroach/cockroach-data/MANIFEST-000390
I200430 17:26:46.211018 28 storage/engine/rocksdb.go:120  [db/column_family.cc:488] --------------- Options for column family [default]:
I200430 17:26:46.211043 28 storage/engine/rocksdb.go:120                Options.comparator: cockroach_comparator
I200430 17:26:46.211053 28 storage/engine/rocksdb.go:120            Options.merge_operator: cockroach_merge_operator
I200430 17:26:46.211064 28 storage/engine/rocksdb.go:120         Options.compaction_filter: None
I200430 17:26:46.211073 28 storage/engine/rocksdb.go:120         Options.compaction_filter_factory: None
I200430 17:26:46.211083 28 storage/engine/rocksdb.go:120          Options.memtable_factory: SkipListFactory
I200430 17:26:46.211092 28 storage/engine/rocksdb.go:120             Options.table_factory: BlockBasedTable
I200430 17:26:46.211166 28 storage/engine/rocksdb.go:120             table_factory options:   flush_block_policy_factory: FlushBlockBySizePolicyFactory (0x7fd86c01d028)
  cache_index_and_filter_blocks: 0
  cache_index_and_filter_blocks_with_high_priority: 0
  pin_l0_filter_and_index_blocks_in_cache: 0
  pin_top_level_index_and_filter: 1
  index_type: 0
  data_block_index_type: 0
  index_shortening: 1
  data_block_hash_table_util_ratio: 0.750000
  hash_index_allow_collision: 1
  checksum: 1
  no_block_cache: 0
  block_cache: 0x7fd86c00e010
  block_cache_name: LRUCache
  block_cache_options:
    capacity : 67108864
    num_shard_bits : 4
    strict_capacity_limit : 0
    memory_allocator : None
    high_pri_pool_ratio: 0.000
  block_cache_compressed: (nil)
  persistent_cache: (nil)
  block_size: 32768
  block_size_deviation: 10
  block_restart_interval: 16
  index_block_restart_interval: 1
  metadata_block_size: 4096
  partition_filters: 0
  use_delta_encoding: 1
  filter_policy: rocksdb.BuiltinBloomFilter
  whole_key_filtering: 0
  verify_compression: 0
  read_amp_bytes_per_bit: 0
  format_version: 2
  enable_index_compression: 1
  block_align: 0
I200430 17:26:46.211183 28 storage/engine/rocksdb.go:120         Options.write_buffer_size: 67108864
I200430 17:26:46.211194 28 storage/engine/rocksdb.go:120   Options.max_write_buffer_number: 4
I200430 17:26:46.211203 28 storage/engine/rocksdb.go:120           Options.compression: Snappy
I200430 17:26:46.211213 28 storage/engine/rocksdb.go:120                   Options.bottommost_compression: Disabled
I200430 17:26:46.211221 28 storage/engine/rocksdb.go:120        Options.prefix_extractor: cockroach_prefix_extractor
I200430 17:26:46.211230 28 storage/engine/rocksdb.go:120    Options.memtable_insert_with_hint_prefix_extractor: nullptr
I200430 17:26:46.211239 28 storage/engine/rocksdb.go:120              Options.num_levels: 7
I200430 17:26:46.211247 28 storage/engine/rocksdb.go:120         Options.min_write_buffer_number_to_merge: 1
I200430 17:26:46.211256 28 storage/engine/rocksdb.go:120      Options.max_write_buffer_number_to_maintain: 0
I200430 17:26:46.211265 28 storage/engine/rocksdb.go:120             Options.bottommost_compression_opts.window_bits: -14
I200430 17:26:46.211274 28 storage/engine/rocksdb.go:120                   Options.bottommost_compression_opts.level: 32767
I200430 17:26:46.211283 28 storage/engine/rocksdb.go:120                Options.bottommost_compression_opts.strategy: 0
I200430 17:26:46.211292 28 storage/engine/rocksdb.go:120          Options.bottommost_compression_opts.max_dict_bytes: 0
I200430 17:26:46.211329 28 storage/engine/rocksdb.go:120          Options.bottommost_compression_opts.zstd_max_train_bytes: 0
I200430 17:26:46.211341 28 storage/engine/rocksdb.go:120                   Options.bottommost_compression_opts.enabled: false
I200430 17:26:46.211352 28 storage/engine/rocksdb.go:120             Options.compression_opts.window_bits: -14
I200430 17:26:46.211361 28 storage/engine/rocksdb.go:120                   Options.compression_opts.level: 32767
I200430 17:26:46.211371 28 storage/engine/rocksdb.go:120                Options.compression_opts.strategy: 0
I200430 17:26:46.211379 28 storage/engine/rocksdb.go:120          Options.compression_opts.max_dict_bytes: 0
I200430 17:26:46.211390 28 storage/engine/rocksdb.go:120          Options.compression_opts.zstd_max_train_bytes: 0
I200430 17:26:46.211399 28 storage/engine/rocksdb.go:120                   Options.compression_opts.enabled: false
I200430 17:26:46.212393 28 storage/engine/rocksdb.go:120       Options.level0_file_num_compaction_trigger: 2
I200430 17:26:46.212419 28 storage/engine/rocksdb.go:120           Options.level0_slowdown_writes_trigger: 950
I200430 17:26:46.212431 28 storage/engine/rocksdb.go:120               Options.level0_stop_writes_trigger: 1000
I200430 17:26:46.212445 28 storage/engine/rocksdb.go:120                    Options.target_file_size_base: 4194304
I200430 17:26:46.212457 28 storage/engine/rocksdb.go:120              Options.target_file_size_multiplier: 2
I200430 17:26:46.212978 28 storage/engine/rocksdb.go:120                 Options.max_bytes_for_level_base: 67108864
I200430 17:26:46.213000 28 storage/engine/rocksdb.go:120  Options.level_compaction_dynamic_level_bytes: 1
I200430 17:26:46.213018 28 storage/engine/rocksdb.go:120           Options.max_bytes_for_level_multiplier: 10.000000
I200430 17:26:46.213031 28 storage/engine/rocksdb.go:120  Options.max_bytes_for_level_multiplier_addtl[0]: 1
I200430 17:26:46.213043 28 storage/engine/rocksdb.go:120  Options.max_bytes_for_level_multiplier_addtl[1]: 1
I200430 17:26:46.213058 28 storage/engine/rocksdb.go:120  Options.max_bytes_for_level_multiplier_addtl[2]: 1
I200430 17:26:46.213070 28 storage/engine/rocksdb.go:120  Options.max_bytes_for_level_multiplier_addtl[3]: 1
I200430 17:26:46.213081 28 storage/engine/rocksdb.go:120  Options.max_bytes_for_level_multiplier_addtl[4]: 1
I200430 17:26:46.213093 28 storage/engine/rocksdb.go:120  Options.max_bytes_for_level_multiplier_addtl[5]: 1
I200430 17:26:46.213104 28 storage/engine/rocksdb.go:120  Options.max_bytes_for_level_multiplier_addtl[6]: 1
I200430 17:26:46.213132 28 storage/engine/rocksdb.go:120        Options.max_sequential_skip_in_iterations: 8
I200430 17:26:46.213147 28 storage/engine/rocksdb.go:120                     Options.max_compaction_bytes: 104857600
I200430 17:26:46.213160 28 storage/engine/rocksdb.go:120                         Options.arena_block_size: 8388608
I200430 17:26:46.213172 28 storage/engine/rocksdb.go:120    Options.soft_pending_compaction_bytes_limit: 2199023255552
I200430 17:26:46.213182 28 storage/engine/rocksdb.go:120    Options.hard_pending_compaction_bytes_limit: 4400193994752
I200430 17:26:46.213192 28 storage/engine/rocksdb.go:120        Options.rate_limit_delay_max_milliseconds: 100
I200430 17:26:46.213204 28 storage/engine/rocksdb.go:120                 Options.disable_auto_compactions: 0
I200430 17:26:46.213235 28 storage/engine/rocksdb.go:120                         Options.compaction_style: kCompactionStyleLevel
I200430 17:26:46.213251 28 storage/engine/rocksdb.go:120                           Options.compaction_pri: kMinOverlappingRatio
I200430 17:26:46.213262 28 storage/engine/rocksdb.go:120  Options.compaction_options_universal.size_ratio: 1
I200430 17:26:46.213272 28 storage/engine/rocksdb.go:120  Options.compaction_options_universal.min_merge_width: 2
I200430 17:26:46.213281 28 storage/engine/rocksdb.go:120  Options.compaction_options_universal.max_merge_width: 4294967295
I200430 17:26:46.213292 28 storage/engine/rocksdb.go:120  Options.compaction_options_universal.max_size_amplification_percent: 200
I200430 17:26:46.213303 28 storage/engine/rocksdb.go:120  Options.compaction_options_universal.compression_size_percent: -1
I200430 17:26:46.213318 28 storage/engine/rocksdb.go:120  Options.compaction_options_universal.stop_style: kCompactionStopStyleTotalSize
I200430 17:26:46.213329 28 storage/engine/rocksdb.go:120  Options.compaction_options_fifo.max_table_files_size: 1073741824
I200430 17:26:46.213341 28 storage/engine/rocksdb.go:120  Options.compaction_options_fifo.allow_compaction: 0
I200430 17:26:46.213358 28 storage/engine/rocksdb.go:120                    Options.table_properties_collectors: TimeBoundTblPropCollectorFactory; DeleteRangeTblPropCollectorFactory; 
I200430 17:26:46.213374 28 storage/engine/rocksdb.go:120                    Options.inplace_update_support: 0
I200430 17:26:46.213385 28 storage/engine/rocksdb.go:120                  Options.inplace_update_num_locks: 10000
I200430 17:26:46.213398 28 storage/engine/rocksdb.go:120                Options.memtable_prefix_bloom_size_ratio: 0.000000
I200430 17:26:46.213415 28 storage/engine/rocksdb.go:120                Options.memtable_whole_key_filtering: 0
I200430 17:26:46.213430 28 storage/engine/rocksdb.go:120    Options.memtable_huge_page_size: 0
I200430 17:26:46.213466 28 storage/engine/rocksdb.go:120                            Options.bloom_locality: 0
I200430 17:26:46.213549 28 storage/engine/rocksdb.go:120                     Options.max_successive_merges: 0
I200430 17:26:46.213563 28 storage/engine/rocksdb.go:120                 Options.optimize_filters_for_hits: 1
I200430 17:26:46.213584 28 storage/engine/rocksdb.go:120                 Options.paranoid_file_checks: 0
I200430 17:26:46.213601 28 storage/engine/rocksdb.go:120                 Options.force_consistency_checks: 0
I200430 17:26:46.213611 28 storage/engine/rocksdb.go:120                 Options.report_bg_io_stats: 0
I200430 17:26:46.213620 28 storage/engine/rocksdb.go:120                                Options.ttl: 0
I200430 17:26:46.213628 28 storage/engine/rocksdb.go:120           Options.periodic_compaction_seconds: 0
I200430 17:26:46.279324 28 storage/engine/rocksdb.go:120  [db/version_set.cc:3086] More existing levels in DB than needed. max_bytes_for_level_multiplier may not be guaranteed.
I200430 17:26:46.279368 28 storage/engine/rocksdb.go:120  [db/version_set.cc:4286] Recovered from manifest file:/cockroach/cockroach-data/MANIFEST-000390 succeeded,manifest_file_number is 390, next_file_number is 392, last_sequence is 18847332, log_number is 385,prev_log_number is 0,max_column_family is 0,min_log_number_to_keep is 0
I200430 17:26:46.279485 28 storage/engine/rocksdb.go:120  [db/version_set.cc:4295] Column family [default] (ID 0), log number is 385
I200430 17:26:46.380042 28 storage/engine/rocksdb.go:120  EVENT_LOG_v1 {"time_micros": 1588267606379960, "job": 1, "event": "recovery_started", "log_files": [391]}
I200430 17:26:46.380080 28 storage/engine/rocksdb.go:120  [db/db_impl_open.cc:598] Recovering log #391 mode 0
I200430 17:26:50.652550 28 storage/engine/rocksdb.go:120  EVENT_LOG_v1 {"time_micros": 1588267610652430, "cf_name": "default", "job": 1, "event": "table_file_creation", "file_number": 392, "file_size": 112007, "table_properties": {"data_size": 108209, "index_size": 833, "index_partitions": 0, "top_level_index_size": 0, "index_key_is_user_key": 0, "index_value_is_delta_encoded": 0, "filter_size": 2245, "raw_key_size": 67214, "raw_average_key_size": 36, "raw_value_size": 501041, "raw_average_value_size": 271, "num_data_blocks": 14, "num_entries": 1844, "num_deletions": 711, "num_merge_operands": 664, "num_range_deletions": 664, "format_version": 0, "fixed_key_len": 0, "filter_policy": "rocksdb.BuiltinBloomFilter", "column_family_name": "default", "column_family_id": 0, "comparator": "cockroach_comparator", "merge_operator": "cockroach_merge_operator", "prefix_extractor_name": "cockroach_prefix_extractor", "property_collectors": "[TimeBoundTblPropCollectorFactory,DeleteRangeTblPropCollectorFactory]", "compression": "Snappy", "compression_options": "window_bits=-14; level=32767; strategy=0; max_dict_bytes=0; zstd_max_train_bytes=0; enabled=0; ", "creation_time": 1588267608, "oldest_key_time": 3, "file_creation_time": 0}}
I200430 17:26:50.680207 28 storage/engine/rocksdb.go:120  [db/version_set.cc:3560] Creating manifest 393
I200430 17:26:50.713622 28 storage/engine/rocksdb.go:120  [db/version_set.cc:3086] More existing levels in DB than needed. max_bytes_for_level_multiplier may not be guaranteed.
I200430 17:26:50.737742 28 storage/engine/rocksdb.go:120  EVENT_LOG_v1 {"time_micros": 1588267610737633, "job": 1, "event": "recovery_finished"}
I200430 17:26:51.050652 17 storage/engine/rocksdb.go:120  [db/compaction_job.cc:1647] [default] [JOB 3] Compacting 2@0 + 1@6 files to L6, score 1.00
I200430 17:26:51.050697 17 storage/engine/rocksdb.go:120  [db/compaction_job.cc:1651] [default] Compaction start summary: Base version 2 Base level 0, inputs: [392(109KB) 389(57KB)], [387(1437KB)]
I200430 17:26:51.050808 17 storage/engine/rocksdb.go:120  EVENT_LOG_v1 {"time_micros": 1588267611050745, "job": 3, "event": "compaction_started", "compaction_reason": "LevelL0FilesNum", "files_L0": [392, 389], "files_L6": [387], "score": 1, "input_data_size": 1643130}
I200430 17:26:51.256541 28 storage/engine/rocksdb.go:120  DB pointer 0x7fd86c094000
I200430 17:26:53.977247 17 storage/engine/rocksdb.go:120  [db/compaction_job.cc:1334] [default] [JOB 3] Generated table #397: 10484 keys, 1549042 bytes
I200430 17:26:53.977911 17 storage/engine/rocksdb.go:120  EVENT_LOG_v1 {"time_micros": 1588267613977325, "cf_name": "default", "job": 3, "event": "table_file_creation", "file_number": 397, "file_size": 1549042, "table_properties": {"data_size": 1542353, "index_size": 14078, "index_partitions": 0, "top_level_index_size": 0, "index_key_is_user_key": 0, "index_value_is_delta_encoded": 0, "filter_size": 0, "raw_key_size": 503059, "raw_average_key_size": 47, "raw_value_size": 6819780, "raw_average_value_size": 650, "num_data_blocks": 215, "num_entries": 10484, "num_deletions": 0, "num_merge_operands": 0, "num_range_deletions": 0, "format_version": 0, "fixed_key_len": 0, "filter_policy": "rocksdb.BuiltinBloomFilter", "column_family_name": "default", "column_family_id": 0, "comparator": "cockroach_comparator", "merge_operator": "cockroach_merge_operator", "prefix_extractor_name": "cockroach_prefix_extractor", "property_collectors": "[TimeBoundTblPropCollectorFactory,DeleteRangeTblPropCollectorFactory]", "compression": "Snappy", "compression_options": "window_bits=-14; level=32767; strategy=0; max_dict_bytes=0; zstd_max_train_bytes=0; enabled=0; ", "creation_time": 1588267608, "oldest_key_time": 0, "file_creation_time": 1588267611}}
I200430 17:26:54.017161 17 storage/engine/rocksdb.go:120  [db/compaction_job.cc:1397] [default] [JOB 3] Compacted 2@0 + 1@6 files to L6 => 1549042 bytes
I200430 17:26:54.030245 17 storage/engine/rocksdb.go:120  [db/version_set.cc:3086] More existing levels in DB than needed. max_bytes_for_level_multiplier may not be guaranteed.
I200430 17:26:54.074784 17 storage/engine/rocksdb.go:120  (Original Log Time 2020/04/30-17:26:54.045923) [db/compaction_job.cc:770] [default] compacted to: base level 6 level multiplier 10.00 max bytes base 67108864 files[0 0 0 0 0 0 1] max score 0.00, MB/sec: 0.6 rd, 0.5 wr, level 6, files in(2, 1) out(1) MB in(0.2, 1.4) out(1.5), read-write-amplify(18.6) write-amplify(9.0) OK, records in: 13264, records dropped: 1452 output_compression: Snappy
I200430 17:26:54.074918 17 storage/engine/rocksdb.go:120  (Original Log Time 2020/04/30-17:26:54.046013) EVENT_LOG_v1 {"time_micros": 1588267614045983, "job": 3, "event": "compaction_finished", "compaction_time_micros": 2932287, "compaction_time_cpu_micros": 169191, "output_level": 6, "num_output_files": 1, "total_output_size": 1549042, "num_input_records": 11936, "num_output_records": 10484, "num_subcompactions": 1, "output_compression": "Snappy", "num_single_delete_mismatches": 0, "num_single_delete_fallthrough": 0, "lsm_state": [0, 0, 0, 0, 0, 0, 1]}
I200430 17:26:54.090779 17 storage/engine/rocksdb.go:120  EVENT_LOG_v1 {"time_micros": 1588267614090686, "job": 3, "event": "table_file_deletion", "file_number": 392}
I200430 17:26:54.102185 17 storage/engine/rocksdb.go:120  EVENT_LOG_v1 {"time_micros": 1588267614102013, "job": 3, "event": "table_file_deletion", "file_number": 389}
I200430 17:26:54.136924 17 storage/engine/rocksdb.go:120  EVENT_LOG_v1 {"time_micros": 1588267614129784, "job": 3, "event": "table_file_deletion", "file_number": 387}
I200430 17:33:16.220580 4543 storage/engine/rocksdb.go:120  bloom filter utility:    -nan%
I200430 17:33:16.224458 4543 storage/engine/rocksdb.go:120  [db/db_impl.cc:392] Shutdown: canceling all background work
I200430 17:33:16.255471 4543 storage/engine/rocksdb.go:120  [db/db_impl.cc:565] Shutdown complete
I200430 17:33:16.414960 4543 storage/engine/rocksdb.go:120  bloom filter utility:    45.4%
I200430 17:33:16.415484 4543 storage/engine/rocksdb.go:120  [db/db_impl.cc:392] Shutdown: canceling all background work
I200430 17:33:16.477388 4543 storage/engine/rocksdb.go:120  [db/db_impl.cc:565] Shutdown complete
