I200430 17:18:37.393968 27 util/log/clog.go:1196  [config] file created at: 2020/04/30 17:18:37
I200430 17:18:37.393968 27 util/log/clog.go:1196  [config] running on machine: 26571fb9f334
I200430 17:18:37.393968 27 util/log/clog.go:1196  [config] binary: CockroachDB CCL v19.2.5 (x86_64-unknown-linux-gnu, built 2020/03/16 18:27:12, go1.12.12)
I200430 17:18:37.393968 27 util/log/clog.go:1196  [config] arguments: [/cockroach/cockroach start --insecure]
I200430 17:18:37.393968 27 util/log/clog.go:1196  line format: [IWEF]yymmdd hh:mm:ss.uuuuuu goid file:line msg utf8=✓
I200430 17:18:37.393967 27 storage/engine/rocksdb.go:120  RocksDB version: 6.2.1
I200430 17:18:37.470082 27 storage/engine/rocksdb.go:120  Git sha rocksdb_build_git_sha:@b7009236531fa784872f4823eabf393501e41bf2@
I200430 17:18:38.186500 27 storage/engine/rocksdb.go:120  Compile date Mar 16 2020
I200430 17:18:38.202347 27 storage/engine/rocksdb.go:120  DB SUMMARY
I200430 17:18:38.248120 27 storage/engine/rocksdb.go:120  SST files in /cockroach/cockroach-data/cockroach-temp205364532 dir, Total Num: 0, files: 
I200430 17:18:38.248138 27 storage/engine/rocksdb.go:120  Write Ahead Log file in /cockroach/cockroach-data/cockroach-temp205364532: 
I200430 17:18:38.248184 27 storage/engine/rocksdb.go:120                          Options.error_if_exists: 0
I200430 17:18:38.248199 27 storage/engine/rocksdb.go:120                        Options.create_if_missing: 1
I200430 17:18:38.248210 27 storage/engine/rocksdb.go:120                          Options.paranoid_checks: 1
I200430 17:18:38.248221 27 storage/engine/rocksdb.go:120                                      Options.env: 0x75757a0
I200430 17:18:38.248231 27 storage/engine/rocksdb.go:120                                 Options.info_log: 0x7ff3afe270e0
I200430 17:18:38.248239 27 storage/engine/rocksdb.go:120                 Options.max_file_opening_threads: 16
I200430 17:18:38.248246 27 storage/engine/rocksdb.go:120                               Options.statistics: 0x7ff3afe34010
I200430 17:18:38.248251 27 storage/engine/rocksdb.go:120                                Options.use_fsync: 0
I200430 17:18:38.248256 27 storage/engine/rocksdb.go:120                        Options.max_log_file_size: 0
I200430 17:18:38.248262 27 storage/engine/rocksdb.go:120                   Options.max_manifest_file_size: 134217728
I200430 17:18:38.248267 27 storage/engine/rocksdb.go:120                    Options.log_file_time_to_roll: 0
I200430 17:18:38.248272 27 storage/engine/rocksdb.go:120                        Options.keep_log_file_num: 1000
I200430 17:18:38.248277 27 storage/engine/rocksdb.go:120                     Options.recycle_log_file_num: 1
I200430 17:18:38.248282 27 storage/engine/rocksdb.go:120                          Options.allow_fallocate: 1
I200430 17:18:38.248287 27 storage/engine/rocksdb.go:120                         Options.allow_mmap_reads: 0
I200430 17:18:38.248292 27 storage/engine/rocksdb.go:120                        Options.allow_mmap_writes: 0
I200430 17:18:38.248298 27 storage/engine/rocksdb.go:120                         Options.use_direct_reads: 0
I200430 17:18:38.248318 27 storage/engine/rocksdb.go:120                         Options.use_direct_io_for_flush_and_compaction: 0
I200430 17:18:38.248332 27 storage/engine/rocksdb.go:120           Options.create_missing_column_families: 0
I200430 17:18:38.248339 27 storage/engine/rocksdb.go:120                               Options.db_log_dir: 
I200430 17:18:38.248349 27 storage/engine/rocksdb.go:120                                  Options.wal_dir: /cockroach/cockroach-data/cockroach-temp205364532
I200430 17:18:38.248359 27 storage/engine/rocksdb.go:120                 Options.table_cache_numshardbits: 6
I200430 17:18:38.248411 27 storage/engine/rocksdb.go:120                       Options.max_subcompactions: 1
I200430 17:18:38.248428 27 storage/engine/rocksdb.go:120                   Options.max_background_flushes: -1
I200430 17:18:38.248437 27 storage/engine/rocksdb.go:120                          Options.WAL_ttl_seconds: 0
I200430 17:18:38.248448 27 storage/engine/rocksdb.go:120                        Options.WAL_size_limit_MB: 0
I200430 17:18:38.248457 27 storage/engine/rocksdb.go:120              Options.manifest_preallocation_size: 4194304
I200430 17:18:38.248465 27 storage/engine/rocksdb.go:120                      Options.is_fd_close_on_exec: 1
I200430 17:18:38.248499 27 storage/engine/rocksdb.go:120                    Options.advise_random_on_open: 1
I200430 17:18:38.248505 27 storage/engine/rocksdb.go:120                     Options.db_write_buffer_size: 0
I200430 17:18:38.248510 27 storage/engine/rocksdb.go:120                     Options.write_buffer_manager: 0x7ff3afe19060
I200430 17:18:38.248516 27 storage/engine/rocksdb.go:120          Options.access_hint_on_compaction_start: 1
I200430 17:18:38.248522 27 storage/engine/rocksdb.go:120   Options.new_table_reader_for_compaction_inputs: 0
I200430 17:18:38.248558 27 storage/engine/rocksdb.go:120            Options.random_access_max_buffer_size: 1048576
I200430 17:18:38.248585 27 storage/engine/rocksdb.go:120                       Options.use_adaptive_mutex: 0
I200430 17:18:38.248598 27 storage/engine/rocksdb.go:120                             Options.rate_limiter: (nil)
I200430 17:18:38.248607 27 storage/engine/rocksdb.go:120      Options.sst_file_manager.rate_bytes_per_sec: 0
I200430 17:18:38.248615 27 storage/engine/rocksdb.go:120                        Options.wal_recovery_mode: 0
I200430 17:18:38.248621 27 storage/engine/rocksdb.go:120                   Options.enable_thread_tracking: 0
I200430 17:18:38.248628 27 storage/engine/rocksdb.go:120                   Options.enable_pipelined_write: 0
I200430 17:18:38.248634 27 storage/engine/rocksdb.go:120          Options.allow_concurrent_memtable_write: 1
I200430 17:18:38.248639 27 storage/engine/rocksdb.go:120       Options.enable_write_thread_adaptive_yield: 1
I200430 17:18:38.248644 27 storage/engine/rocksdb.go:120              Options.write_thread_max_yield_usec: 100
I200430 17:18:38.248650 27 storage/engine/rocksdb.go:120             Options.write_thread_slow_yield_usec: 3
I200430 17:18:38.248655 27 storage/engine/rocksdb.go:120                                Options.row_cache: None
I200430 17:18:38.248660 27 storage/engine/rocksdb.go:120                               Options.wal_filter: None
I200430 17:18:38.248666 27 storage/engine/rocksdb.go:120              Options.avoid_flush_during_recovery: 0
I200430 17:18:38.248674 27 storage/engine/rocksdb.go:120              Options.allow_ingest_behind: 0
I200430 17:18:38.248695 27 storage/engine/rocksdb.go:120              Options.preserve_deletes: 0
I200430 17:18:38.248706 27 storage/engine/rocksdb.go:120              Options.two_write_queues: 0
I200430 17:18:38.248715 27 storage/engine/rocksdb.go:120              Options.manual_wal_flush: 1
I200430 17:18:38.248726 27 storage/engine/rocksdb.go:120              Options.atomic_flush: 0
I200430 17:18:38.248736 27 storage/engine/rocksdb.go:120              Options.avoid_unnecessary_blocking_io: 0
I200430 17:18:38.248746 27 storage/engine/rocksdb.go:120              Options.max_background_jobs: 2
I200430 17:18:38.248756 27 storage/engine/rocksdb.go:120              Options.max_background_compactions: -1
I200430 17:18:38.248763 27 storage/engine/rocksdb.go:120              Options.avoid_flush_during_shutdown: 0
I200430 17:18:38.248769 27 storage/engine/rocksdb.go:120            Options.writable_file_max_buffer_size: 1048576
I200430 17:18:38.248780 27 storage/engine/rocksdb.go:120              Options.delayed_write_rate : 16777216
I200430 17:18:38.248786 27 storage/engine/rocksdb.go:120              Options.max_total_wal_size: 0
I200430 17:18:38.248793 27 storage/engine/rocksdb.go:120              Options.delete_obsolete_files_period_micros: 21600000000
I200430 17:18:38.248798 27 storage/engine/rocksdb.go:120                    Options.stats_dump_period_sec: 0
I200430 17:18:38.248804 27 storage/engine/rocksdb.go:120                  Options.stats_persist_period_sec: 600
I200430 17:18:38.248810 27 storage/engine/rocksdb.go:120                  Options.stats_history_buffer_size: 1048576
I200430 17:18:38.248815 27 storage/engine/rocksdb.go:120                           Options.max_open_files: 128
I200430 17:18:38.248824 27 storage/engine/rocksdb.go:120                           Options.bytes_per_sync: 524288
I200430 17:18:38.248846 27 storage/engine/rocksdb.go:120                       Options.wal_bytes_per_sync: 0
I200430 17:18:38.248856 27 storage/engine/rocksdb.go:120                    Options.strict_bytes_per_sync: 1
I200430 17:18:38.248865 27 storage/engine/rocksdb.go:120        Options.compaction_readahead_size: 0
I200430 17:18:38.248876 27 storage/engine/rocksdb.go:120  Compression algorithms supported:
I200430 17:18:38.248889 27 storage/engine/rocksdb.go:120  	kZSTDNotFinalCompression supported: 0
I200430 17:18:38.248899 27 storage/engine/rocksdb.go:120  	kZSTD supported: 0
I200430 17:18:38.248914 27 storage/engine/rocksdb.go:120  	kXpressCompression supported: 0
I200430 17:18:38.248919 27 storage/engine/rocksdb.go:120  	kLZ4HCCompression supported: 0
I200430 17:18:38.248925 27 storage/engine/rocksdb.go:120  	kLZ4Compression supported: 0
I200430 17:18:38.248931 27 storage/engine/rocksdb.go:120  	kBZip2Compression supported: 0
I200430 17:18:38.248936 27 storage/engine/rocksdb.go:120  	kZlibCompression supported: 0
I200430 17:18:38.248941 27 storage/engine/rocksdb.go:120  	kSnappyCompression supported: 1
I200430 17:18:38.248962 27 storage/engine/rocksdb.go:120  Fast CRC32 supported: Supported on x86
I200430 17:18:38.313143 27 storage/engine/rocksdb.go:120  [db/db_impl_open.cc:242] Creating manifest 1 
I200430 17:18:38.908466 27 storage/engine/rocksdb.go:120  [db/version_set.cc:4072] Recovering from manifest file: /cockroach/cockroach-data/cockroach-temp205364532/MANIFEST-000001
I200430 17:18:39.033801 27 storage/engine/rocksdb.go:120  [db/column_family.cc:488] --------------- Options for column family [default]:
I200430 17:18:39.033817 27 storage/engine/rocksdb.go:120                Options.comparator: cockroach_comparator
I200430 17:18:39.033823 27 storage/engine/rocksdb.go:120            Options.merge_operator: cockroach_merge_operator
I200430 17:18:39.033829 27 storage/engine/rocksdb.go:120         Options.compaction_filter: None
I200430 17:18:39.033834 27 storage/engine/rocksdb.go:120         Options.compaction_filter_factory: None
I200430 17:18:39.033840 27 storage/engine/rocksdb.go:120          Options.memtable_factory: SkipListFactory
I200430 17:18:39.033845 27 storage/engine/rocksdb.go:120             Options.table_factory: BlockBasedTable
I200430 17:18:39.033899 27 storage/engine/rocksdb.go:120             table_factory options:   flush_block_policy_factory: FlushBlockBySizePolicyFactory (0x7ff3afe28030)
  cache_index_and_filter_blocks: 0
  cache_index_and_filter_blocks_with_high_priority: 0
  pin_l0_filter_and_index_blocks_in_cache: 0
  pin_top_level_index_and_filter: 1
  index_type: 0
  data_block_index_type: 0
  index_shortening: 1
  data_block_hash_table_util_ratio: 0.750000
  hash_index_allow_collision: 1
  checksum: 1
  no_block_cache: 0
  block_cache: 0x7ff3afe1c010
  block_cache_name: LRUCache
  block_cache_options:
    capacity : 1048576
    num_shard_bits : 4
    strict_capacity_limit : 0
    memory_allocator : None
    high_pri_pool_ratio: 0.000
  block_cache_compressed: (nil)
  persistent_cache: (nil)
  block_size: 32768
  block_size_deviation: 10
  block_restart_interval: 16
  index_block_restart_interval: 1
  metadata_block_size: 4096
  partition_filters: 0
  use_delta_encoding: 1
  filter_policy: rocksdb.BuiltinBloomFilter
  whole_key_filtering: 0
  verify_compression: 0
  read_amp_bytes_per_bit: 0
  format_version: 2
  enable_index_compression: 1
  block_align: 0
I200430 17:18:39.033908 27 storage/engine/rocksdb.go:120         Options.write_buffer_size: 67108864
I200430 17:18:39.033915 27 storage/engine/rocksdb.go:120   Options.max_write_buffer_number: 4
I200430 17:18:39.033921 27 storage/engine/rocksdb.go:120           Options.compression: Snappy
I200430 17:18:39.033926 27 storage/engine/rocksdb.go:120                   Options.bottommost_compression: Disabled
I200430 17:18:39.033932 27 storage/engine/rocksdb.go:120        Options.prefix_extractor: cockroach_prefix_extractor
I200430 17:18:39.033937 27 storage/engine/rocksdb.go:120    Options.memtable_insert_with_hint_prefix_extractor: nullptr
I200430 17:18:39.033942 27 storage/engine/rocksdb.go:120              Options.num_levels: 7
I200430 17:18:39.033947 27 storage/engine/rocksdb.go:120         Options.min_write_buffer_number_to_merge: 1
I200430 17:18:39.033952 27 storage/engine/rocksdb.go:120      Options.max_write_buffer_number_to_maintain: 0
I200430 17:18:39.033957 27 storage/engine/rocksdb.go:120             Options.bottommost_compression_opts.window_bits: -14
I200430 17:18:39.033962 27 storage/engine/rocksdb.go:120                   Options.bottommost_compression_opts.level: 32767
I200430 17:18:39.033967 27 storage/engine/rocksdb.go:120                Options.bottommost_compression_opts.strategy: 0
I200430 17:18:39.033972 27 storage/engine/rocksdb.go:120          Options.bottommost_compression_opts.max_dict_bytes: 0
I200430 17:18:39.033977 27 storage/engine/rocksdb.go:120          Options.bottommost_compression_opts.zstd_max_train_bytes: 0
I200430 17:18:39.033982 27 storage/engine/rocksdb.go:120                   Options.bottommost_compression_opts.enabled: false
I200430 17:18:39.033987 27 storage/engine/rocksdb.go:120             Options.compression_opts.window_bits: -14
I200430 17:18:39.033992 27 storage/engine/rocksdb.go:120                   Options.compression_opts.level: 32767
I200430 17:18:39.033997 27 storage/engine/rocksdb.go:120                Options.compression_opts.strategy: 0
I200430 17:18:39.034002 27 storage/engine/rocksdb.go:120          Options.compression_opts.max_dict_bytes: 0
I200430 17:18:39.034007 27 storage/engine/rocksdb.go:120          Options.compression_opts.zstd_max_train_bytes: 0
I200430 17:18:39.034012 27 storage/engine/rocksdb.go:120                   Options.compression_opts.enabled: false
I200430 17:18:39.034017 27 storage/engine/rocksdb.go:120       Options.level0_file_num_compaction_trigger: 2
I200430 17:18:39.034027 27 storage/engine/rocksdb.go:120           Options.level0_slowdown_writes_trigger: 950
I200430 17:18:39.034033 27 storage/engine/rocksdb.go:120               Options.level0_stop_writes_trigger: 1000
I200430 17:18:39.034038 27 storage/engine/rocksdb.go:120                    Options.target_file_size_base: 4194304
I200430 17:18:39.034044 27 storage/engine/rocksdb.go:120              Options.target_file_size_multiplier: 2
I200430 17:18:39.034050 27 storage/engine/rocksdb.go:120                 Options.max_bytes_for_level_base: 67108864
I200430 17:18:39.034055 27 storage/engine/rocksdb.go:120  Options.level_compaction_dynamic_level_bytes: 1
I200430 17:18:39.034062 27 storage/engine/rocksdb.go:120           Options.max_bytes_for_level_multiplier: 10.000000
I200430 17:18:39.034067 27 storage/engine/rocksdb.go:120  Options.max_bytes_for_level_multiplier_addtl[0]: 1
I200430 17:18:39.034072 27 storage/engine/rocksdb.go:120  Options.max_bytes_for_level_multiplier_addtl[1]: 1
I200430 17:18:39.034078 27 storage/engine/rocksdb.go:120  Options.max_bytes_for_level_multiplier_addtl[2]: 1
I200430 17:18:39.034083 27 storage/engine/rocksdb.go:120  Options.max_bytes_for_level_multiplier_addtl[3]: 1
I200430 17:18:39.034088 27 storage/engine/rocksdb.go:120  Options.max_bytes_for_level_multiplier_addtl[4]: 1
I200430 17:18:39.034093 27 storage/engine/rocksdb.go:120  Options.max_bytes_for_level_multiplier_addtl[5]: 1
I200430 17:18:39.034098 27 storage/engine/rocksdb.go:120  Options.max_bytes_for_level_multiplier_addtl[6]: 1
I200430 17:18:39.034103 27 storage/engine/rocksdb.go:120        Options.max_sequential_skip_in_iterations: 8
I200430 17:18:39.034108 27 storage/engine/rocksdb.go:120                     Options.max_compaction_bytes: 104857600
I200430 17:18:39.034113 27 storage/engine/rocksdb.go:120                         Options.arena_block_size: 8388608
I200430 17:18:39.034118 27 storage/engine/rocksdb.go:120    Options.soft_pending_compaction_bytes_limit: 2199023255552
I200430 17:18:39.034123 27 storage/engine/rocksdb.go:120    Options.hard_pending_compaction_bytes_limit: 4400193994752
I200430 17:18:39.034129 27 storage/engine/rocksdb.go:120        Options.rate_limit_delay_max_milliseconds: 100
I200430 17:18:39.034134 27 storage/engine/rocksdb.go:120                 Options.disable_auto_compactions: 0
I200430 17:18:39.034140 27 storage/engine/rocksdb.go:120                         Options.compaction_style: kCompactionStyleLevel
I200430 17:18:39.034146 27 storage/engine/rocksdb.go:120                           Options.compaction_pri: kMinOverlappingRatio
I200430 17:18:39.034158 27 storage/engine/rocksdb.go:120  Options.compaction_options_universal.size_ratio: 1
I200430 17:18:39.034165 27 storage/engine/rocksdb.go:120  Options.compaction_options_universal.min_merge_width: 2
I200430 17:18:39.034171 27 storage/engine/rocksdb.go:120  Options.compaction_options_universal.max_merge_width: 4294967295
I200430 17:18:39.034179 27 storage/engine/rocksdb.go:120  Options.compaction_options_universal.max_size_amplification_percent: 200
I200430 17:18:39.034188 27 storage/engine/rocksdb.go:120  Options.compaction_options_universal.compression_size_percent: -1
I200430 17:18:39.034198 27 storage/engine/rocksdb.go:120  Options.compaction_options_universal.stop_style: kCompactionStopStyleTotalSize
I200430 17:18:39.034204 27 storage/engine/rocksdb.go:120  Options.compaction_options_fifo.max_table_files_size: 1073741824
I200430 17:18:39.034209 27 storage/engine/rocksdb.go:120  Options.compaction_options_fifo.allow_compaction: 0
I200430 17:18:39.034218 27 storage/engine/rocksdb.go:120                    Options.table_properties_collectors: TimeBoundTblPropCollectorFactory; DeleteRangeTblPropCollectorFactory; 
I200430 17:18:39.034224 27 storage/engine/rocksdb.go:120                    Options.inplace_update_support: 0
I200430 17:18:39.034230 27 storage/engine/rocksdb.go:120                  Options.inplace_update_num_locks: 10000
I200430 17:18:39.034236 27 storage/engine/rocksdb.go:120                Options.memtable_prefix_bloom_size_ratio: 0.000000
I200430 17:18:39.034241 27 storage/engine/rocksdb.go:120                Options.memtable_whole_key_filtering: 0
I200430 17:18:39.034247 27 storage/engine/rocksdb.go:120    Options.memtable_huge_page_size: 0
I200430 17:18:39.034252 27 storage/engine/rocksdb.go:120                            Options.bloom_locality: 0
I200430 17:18:39.034257 27 storage/engine/rocksdb.go:120                     Options.max_successive_merges: 0
I200430 17:18:39.034262 27 storage/engine/rocksdb.go:120                 Options.optimize_filters_for_hits: 1
I200430 17:18:39.034267 27 storage/engine/rocksdb.go:120                 Options.paranoid_file_checks: 0
I200430 17:18:39.034272 27 storage/engine/rocksdb.go:120                 Options.force_consistency_checks: 0
I200430 17:18:39.034277 27 storage/engine/rocksdb.go:120                 Options.report_bg_io_stats: 0
I200430 17:18:39.034282 27 storage/engine/rocksdb.go:120                                Options.ttl: 0
I200430 17:18:39.034287 27 storage/engine/rocksdb.go:120           Options.periodic_compaction_seconds: 0
I200430 17:18:39.089225 27 storage/engine/rocksdb.go:120  [db/version_set.cc:4286] Recovered from manifest file:/cockroach/cockroach-data/cockroach-temp205364532/MANIFEST-000001 succeeded,manifest_file_number is 1, next_file_number is 3, last_sequence is 0, log_number is 0,prev_log_number is 0,max_column_family is 0,min_log_number_to_keep is 0
I200430 17:18:39.089265 27 storage/engine/rocksdb.go:120  [db/version_set.cc:4295] Column family [default] (ID 0), log number is 0
I200430 17:18:39.579076 27 storage/engine/rocksdb.go:120  DB pointer 0x7ff3afea1000
I200430 17:18:40.200119 27 storage/engine/rocksdb.go:120  RocksDB version: 6.2.1
I200430 17:18:40.200298 27 storage/engine/rocksdb.go:120  Git sha rocksdb_build_git_sha:@b7009236531fa784872f4823eabf393501e41bf2@
I200430 17:18:40.200311 27 storage/engine/rocksdb.go:120  Compile date Mar 16 2020
I200430 17:18:40.200317 27 storage/engine/rocksdb.go:120  DB SUMMARY
I200430 17:18:40.265364 27 storage/engine/rocksdb.go:120  CURRENT file:  CURRENT
I200430 17:18:40.266349 27 storage/engine/rocksdb.go:120  IDENTITY file:  IDENTITY
I200430 17:18:40.279765 27 storage/engine/rocksdb.go:120  MANIFEST file:  MANIFEST-000383 size: 1002 Bytes
I200430 17:18:40.279932 27 storage/engine/rocksdb.go:120  SST files in /cockroach/cockroach-data dir, Total Num: 1, files: 000387.sst 
I200430 17:18:40.280204 27 storage/engine/rocksdb.go:120  Write Ahead Log file in /cockroach/cockroach-data: 000384.log size: 1556457 ; 
I200430 17:18:40.280217 27 storage/engine/rocksdb.go:120                          Options.error_if_exists: 0
I200430 17:18:40.280223 27 storage/engine/rocksdb.go:120                        Options.create_if_missing: 1
I200430 17:18:40.280229 27 storage/engine/rocksdb.go:120                          Options.paranoid_checks: 1
I200430 17:18:40.280234 27 storage/engine/rocksdb.go:120                                      Options.env: 0x75757a0
I200430 17:18:40.280240 27 storage/engine/rocksdb.go:120                                 Options.info_log: 0x7ff3b1e0dcc0
I200430 17:18:40.280245 27 storage/engine/rocksdb.go:120                 Options.max_file_opening_threads: 16
I200430 17:18:40.280251 27 storage/engine/rocksdb.go:120                               Options.statistics: 0x7ff3b1e25010
I200430 17:18:40.280256 27 storage/engine/rocksdb.go:120                                Options.use_fsync: 0
I200430 17:18:40.280302 27 storage/engine/rocksdb.go:120                        Options.max_log_file_size: 0
I200430 17:18:40.280515 27 storage/engine/rocksdb.go:120                   Options.max_manifest_file_size: 134217728
I200430 17:18:40.280530 27 storage/engine/rocksdb.go:120                    Options.log_file_time_to_roll: 0
I200430 17:18:40.280541 27 storage/engine/rocksdb.go:120                        Options.keep_log_file_num: 1000
I200430 17:18:40.280676 27 storage/engine/rocksdb.go:120                     Options.recycle_log_file_num: 1
I200430 17:18:40.280689 27 storage/engine/rocksdb.go:120                          Options.allow_fallocate: 1
I200430 17:18:40.280695 27 storage/engine/rocksdb.go:120                         Options.allow_mmap_reads: 0
I200430 17:18:40.280700 27 storage/engine/rocksdb.go:120                        Options.allow_mmap_writes: 0
I200430 17:18:40.280706 27 storage/engine/rocksdb.go:120                         Options.use_direct_reads: 0
I200430 17:18:40.280711 27 storage/engine/rocksdb.go:120                         Options.use_direct_io_for_flush_and_compaction: 0
I200430 17:18:40.280717 27 storage/engine/rocksdb.go:120           Options.create_missing_column_families: 0
I200430 17:18:40.280722 27 storage/engine/rocksdb.go:120                               Options.db_log_dir: 
I200430 17:18:40.280727 27 storage/engine/rocksdb.go:120                                  Options.wal_dir: /cockroach/cockroach-data
I200430 17:18:40.280732 27 storage/engine/rocksdb.go:120                 Options.table_cache_numshardbits: 6
I200430 17:18:40.280737 27 storage/engine/rocksdb.go:120                       Options.max_subcompactions: 1
I200430 17:18:40.280743 27 storage/engine/rocksdb.go:120                   Options.max_background_flushes: -1
I200430 17:18:40.280748 27 storage/engine/rocksdb.go:120                          Options.WAL_ttl_seconds: 0
I200430 17:18:40.280753 27 storage/engine/rocksdb.go:120                        Options.WAL_size_limit_MB: 0
I200430 17:18:40.280759 27 storage/engine/rocksdb.go:120              Options.manifest_preallocation_size: 4194304
I200430 17:18:40.280807 27 storage/engine/rocksdb.go:120                      Options.is_fd_close_on_exec: 1
I200430 17:18:40.280814 27 storage/engine/rocksdb.go:120                    Options.advise_random_on_open: 1
I200430 17:18:40.280820 27 storage/engine/rocksdb.go:120                     Options.db_write_buffer_size: 0
I200430 17:18:40.280825 27 storage/engine/rocksdb.go:120                     Options.write_buffer_manager: 0x7ff3b1e8d030
I200430 17:18:40.280830 27 storage/engine/rocksdb.go:120          Options.access_hint_on_compaction_start: 1
I200430 17:18:40.280835 27 storage/engine/rocksdb.go:120   Options.new_table_reader_for_compaction_inputs: 0
I200430 17:18:40.280840 27 storage/engine/rocksdb.go:120            Options.random_access_max_buffer_size: 1048576
I200430 17:18:40.280846 27 storage/engine/rocksdb.go:120                       Options.use_adaptive_mutex: 0
I200430 17:18:40.280851 27 storage/engine/rocksdb.go:120                             Options.rate_limiter: (nil)
I200430 17:18:40.280858 27 storage/engine/rocksdb.go:120      Options.sst_file_manager.rate_bytes_per_sec: 0
I200430 17:18:40.280863 27 storage/engine/rocksdb.go:120                        Options.wal_recovery_mode: 0
I200430 17:18:40.280867 27 storage/engine/rocksdb.go:120                   Options.enable_thread_tracking: 0
I200430 17:18:40.280872 27 storage/engine/rocksdb.go:120                   Options.enable_pipelined_write: 0
I200430 17:18:40.280880 27 storage/engine/rocksdb.go:120          Options.allow_concurrent_memtable_write: 1
I200430 17:18:40.281007 27 storage/engine/rocksdb.go:120       Options.enable_write_thread_adaptive_yield: 1
I200430 17:18:40.281109 27 storage/engine/rocksdb.go:120              Options.write_thread_max_yield_usec: 100
I200430 17:18:40.281220 27 storage/engine/rocksdb.go:120             Options.write_thread_slow_yield_usec: 3
I200430 17:18:40.281231 27 storage/engine/rocksdb.go:120                                Options.row_cache: None
I200430 17:18:40.283271 27 storage/engine/rocksdb.go:120                               Options.wal_filter: None
I200430 17:18:40.283292 27 storage/engine/rocksdb.go:120              Options.avoid_flush_during_recovery: 0
I200430 17:18:40.283299 27 storage/engine/rocksdb.go:120              Options.allow_ingest_behind: 0
I200430 17:18:40.283306 27 storage/engine/rocksdb.go:120              Options.preserve_deletes: 0
I200430 17:18:40.283312 27 storage/engine/rocksdb.go:120              Options.two_write_queues: 0
I200430 17:18:40.283353 27 storage/engine/rocksdb.go:120              Options.manual_wal_flush: 1
I200430 17:18:40.291173 27 storage/engine/rocksdb.go:120              Options.atomic_flush: 0
I200430 17:18:40.291186 27 storage/engine/rocksdb.go:120              Options.avoid_unnecessary_blocking_io: 0
I200430 17:18:40.291192 27 storage/engine/rocksdb.go:120              Options.max_background_jobs: 2
I200430 17:18:40.291198 27 storage/engine/rocksdb.go:120              Options.max_background_compactions: -1
I200430 17:18:40.291203 27 storage/engine/rocksdb.go:120              Options.avoid_flush_during_shutdown: 0
I200430 17:18:40.291209 27 storage/engine/rocksdb.go:120            Options.writable_file_max_buffer_size: 1048576
I200430 17:18:40.291215 27 storage/engine/rocksdb.go:120              Options.delayed_write_rate : 16777216
I200430 17:18:40.291220 27 storage/engine/rocksdb.go:120              Options.max_total_wal_size: 0
I200430 17:18:40.291225 27 storage/engine/rocksdb.go:120              Options.delete_obsolete_files_period_micros: 21600000000
I200430 17:18:40.291231 27 storage/engine/rocksdb.go:120                    Options.stats_dump_period_sec: 0
I200430 17:18:40.291237 27 storage/engine/rocksdb.go:120                  Options.stats_persist_period_sec: 600
I200430 17:18:40.291242 27 storage/engine/rocksdb.go:120                  Options.stats_history_buffer_size: 1048576
I200430 17:18:40.291247 27 storage/engine/rocksdb.go:120                           Options.max_open_files: 1043576
I200430 17:18:40.291252 27 storage/engine/rocksdb.go:120                           Options.bytes_per_sync: 524288
I200430 17:18:40.291257 27 storage/engine/rocksdb.go:120                       Options.wal_bytes_per_sync: 0
I200430 17:18:40.291262 27 storage/engine/rocksdb.go:120                    Options.strict_bytes_per_sync: 1
I200430 17:18:40.291267 27 storage/engine/rocksdb.go:120        Options.compaction_readahead_size: 0
I200430 17:18:40.291272 27 storage/engine/rocksdb.go:120  Compression algorithms supported:
I200430 17:18:40.291279 27 storage/engine/rocksdb.go:120  	kZSTDNotFinalCompression supported: 0
I200430 17:18:40.291284 27 storage/engine/rocksdb.go:120  	kZSTD supported: 0
I200430 17:18:40.291290 27 storage/engine/rocksdb.go:120  	kXpressCompression supported: 0
I200430 17:18:40.291295 27 storage/engine/rocksdb.go:120  	kLZ4HCCompression supported: 0
I200430 17:18:40.291300 27 storage/engine/rocksdb.go:120  	kLZ4Compression supported: 0
I200430 17:18:40.291305 27 storage/engine/rocksdb.go:120  	kBZip2Compression supported: 0
I200430 17:18:40.291310 27 storage/engine/rocksdb.go:120  	kZlibCompression supported: 0
I200430 17:18:40.291316 27 storage/engine/rocksdb.go:120  	kSnappyCompression supported: 1
I200430 17:18:40.291342 27 storage/engine/rocksdb.go:120  Fast CRC32 supported: Supported on x86
I200430 17:18:40.587180 27 storage/engine/rocksdb.go:120  [db/version_set.cc:4072] Recovering from manifest file: /cockroach/cockroach-data/MANIFEST-000383
I200430 17:18:40.629649 27 storage/engine/rocksdb.go:120  [db/column_family.cc:488] --------------- Options for column family [default]:
I200430 17:18:40.629663 27 storage/engine/rocksdb.go:120                Options.comparator: cockroach_comparator
I200430 17:18:40.629670 27 storage/engine/rocksdb.go:120            Options.merge_operator: cockroach_merge_operator
I200430 17:18:40.629678 27 storage/engine/rocksdb.go:120         Options.compaction_filter: None
I200430 17:18:40.629683 27 storage/engine/rocksdb.go:120         Options.compaction_filter_factory: None
I200430 17:18:40.629689 27 storage/engine/rocksdb.go:120          Options.memtable_factory: SkipListFactory
I200430 17:18:40.629694 27 storage/engine/rocksdb.go:120             Options.table_factory: BlockBasedTable
I200430 17:18:40.629737 27 storage/engine/rocksdb.go:120             table_factory options:   flush_block_policy_factory: FlushBlockBySizePolicyFactory (0x7ff3b1e23028)
  cache_index_and_filter_blocks: 0
  cache_index_and_filter_blocks_with_high_priority: 0
  pin_l0_filter_and_index_blocks_in_cache: 0
  pin_top_level_index_and_filter: 1
  index_type: 0
  data_block_index_type: 0
  index_shortening: 1
  data_block_hash_table_util_ratio: 0.750000
  hash_index_allow_collision: 1
  checksum: 1
  no_block_cache: 0
  block_cache: 0x7ff3b1e14010
  block_cache_name: LRUCache
  block_cache_options:
    capacity : 67108864
    num_shard_bits : 4
    strict_capacity_limit : 0
    memory_allocator : None
    high_pri_pool_ratio: 0.000
  block_cache_compressed: (nil)
  persistent_cache: (nil)
  block_size: 32768
  block_size_deviation: 10
  block_restart_interval: 16
  index_block_restart_interval: 1
  metadata_block_size: 4096
  partition_filters: 0
  use_delta_encoding: 1
  filter_policy: rocksdb.BuiltinBloomFilter
  whole_key_filtering: 0
  verify_compression: 0
  read_amp_bytes_per_bit: 0
  format_version: 2
  enable_index_compression: 1
  block_align: 0
I200430 17:18:40.629746 27 storage/engine/rocksdb.go:120         Options.write_buffer_size: 67108864
I200430 17:18:40.629753 27 storage/engine/rocksdb.go:120   Options.max_write_buffer_number: 4
I200430 17:18:40.629759 27 storage/engine/rocksdb.go:120           Options.compression: Snappy
I200430 17:18:40.629764 27 storage/engine/rocksdb.go:120                   Options.bottommost_compression: Disabled
I200430 17:18:40.629769 27 storage/engine/rocksdb.go:120        Options.prefix_extractor: cockroach_prefix_extractor
I200430 17:18:40.629775 27 storage/engine/rocksdb.go:120    Options.memtable_insert_with_hint_prefix_extractor: nullptr
I200430 17:18:40.629780 27 storage/engine/rocksdb.go:120              Options.num_levels: 7
I200430 17:18:40.629785 27 storage/engine/rocksdb.go:120         Options.min_write_buffer_number_to_merge: 1
I200430 17:18:40.629874 27 storage/engine/rocksdb.go:120      Options.max_write_buffer_number_to_maintain: 0
I200430 17:18:40.629892 27 storage/engine/rocksdb.go:120             Options.bottommost_compression_opts.window_bits: -14
I200430 17:18:40.629898 27 storage/engine/rocksdb.go:120                   Options.bottommost_compression_opts.level: 32767
I200430 17:18:40.629904 27 storage/engine/rocksdb.go:120                Options.bottommost_compression_opts.strategy: 0
I200430 17:18:40.629909 27 storage/engine/rocksdb.go:120          Options.bottommost_compression_opts.max_dict_bytes: 0
I200430 17:18:40.629914 27 storage/engine/rocksdb.go:120          Options.bottommost_compression_opts.zstd_max_train_bytes: 0
I200430 17:18:40.629919 27 storage/engine/rocksdb.go:120                   Options.bottommost_compression_opts.enabled: false
I200430 17:18:40.629924 27 storage/engine/rocksdb.go:120             Options.compression_opts.window_bits: -14
I200430 17:18:40.629930 27 storage/engine/rocksdb.go:120                   Options.compression_opts.level: 32767
I200430 17:18:40.629946 27 storage/engine/rocksdb.go:120                Options.compression_opts.strategy: 0
I200430 17:18:40.629952 27 storage/engine/rocksdb.go:120          Options.compression_opts.max_dict_bytes: 0
I200430 17:18:40.629957 27 storage/engine/rocksdb.go:120          Options.compression_opts.zstd_max_train_bytes: 0
I200430 17:18:40.629963 27 storage/engine/rocksdb.go:120                   Options.compression_opts.enabled: false
I200430 17:18:40.629969 27 storage/engine/rocksdb.go:120       Options.level0_file_num_compaction_trigger: 2
I200430 17:18:40.629974 27 storage/engine/rocksdb.go:120           Options.level0_slowdown_writes_trigger: 950
I200430 17:18:40.629979 27 storage/engine/rocksdb.go:120               Options.level0_stop_writes_trigger: 1000
I200430 17:18:40.629984 27 storage/engine/rocksdb.go:120                    Options.target_file_size_base: 4194304
I200430 17:18:40.629989 27 storage/engine/rocksdb.go:120              Options.target_file_size_multiplier: 2
I200430 17:18:40.629994 27 storage/engine/rocksdb.go:120                 Options.max_bytes_for_level_base: 67108864
I200430 17:18:40.629999 27 storage/engine/rocksdb.go:120  Options.level_compaction_dynamic_level_bytes: 1
I200430 17:18:40.630006 27 storage/engine/rocksdb.go:120           Options.max_bytes_for_level_multiplier: 10.000000
I200430 17:18:40.630012 27 storage/engine/rocksdb.go:120  Options.max_bytes_for_level_multiplier_addtl[0]: 1
I200430 17:18:40.630017 27 storage/engine/rocksdb.go:120  Options.max_bytes_for_level_multiplier_addtl[1]: 1
I200430 17:18:40.630022 27 storage/engine/rocksdb.go:120  Options.max_bytes_for_level_multiplier_addtl[2]: 1
I200430 17:18:40.630028 27 storage/engine/rocksdb.go:120  Options.max_bytes_for_level_multiplier_addtl[3]: 1
I200430 17:18:40.630033 27 storage/engine/rocksdb.go:120  Options.max_bytes_for_level_multiplier_addtl[4]: 1
I200430 17:18:40.630039 27 storage/engine/rocksdb.go:120  Options.max_bytes_for_level_multiplier_addtl[5]: 1
I200430 17:18:40.630044 27 storage/engine/rocksdb.go:120  Options.max_bytes_for_level_multiplier_addtl[6]: 1
I200430 17:18:40.630049 27 storage/engine/rocksdb.go:120        Options.max_sequential_skip_in_iterations: 8
I200430 17:18:40.630054 27 storage/engine/rocksdb.go:120                     Options.max_compaction_bytes: 104857600
I200430 17:18:40.630060 27 storage/engine/rocksdb.go:120                         Options.arena_block_size: 8388608
I200430 17:18:40.630065 27 storage/engine/rocksdb.go:120    Options.soft_pending_compaction_bytes_limit: 2199023255552
I200430 17:18:40.630074 27 storage/engine/rocksdb.go:120    Options.hard_pending_compaction_bytes_limit: 4400193994752
I200430 17:18:40.630080 27 storage/engine/rocksdb.go:120        Options.rate_limit_delay_max_milliseconds: 100
I200430 17:18:40.630086 27 storage/engine/rocksdb.go:120                 Options.disable_auto_compactions: 0
I200430 17:18:40.630093 27 storage/engine/rocksdb.go:120                         Options.compaction_style: kCompactionStyleLevel
I200430 17:18:40.630099 27 storage/engine/rocksdb.go:120                           Options.compaction_pri: kMinOverlappingRatio
I200430 17:18:40.630109 27 storage/engine/rocksdb.go:120  Options.compaction_options_universal.size_ratio: 1
I200430 17:18:40.630114 27 storage/engine/rocksdb.go:120  Options.compaction_options_universal.min_merge_width: 2
I200430 17:18:40.630120 27 storage/engine/rocksdb.go:120  Options.compaction_options_universal.max_merge_width: 4294967295
I200430 17:18:40.630125 27 storage/engine/rocksdb.go:120  Options.compaction_options_universal.max_size_amplification_percent: 200
I200430 17:18:40.630130 27 storage/engine/rocksdb.go:120  Options.compaction_options_universal.compression_size_percent: -1
I200430 17:18:40.630136 27 storage/engine/rocksdb.go:120  Options.compaction_options_universal.stop_style: kCompactionStopStyleTotalSize
I200430 17:18:40.630142 27 storage/engine/rocksdb.go:120  Options.compaction_options_fifo.max_table_files_size: 1073741824
I200430 17:18:40.630147 27 storage/engine/rocksdb.go:120  Options.compaction_options_fifo.allow_compaction: 0
I200430 17:18:40.630156 27 storage/engine/rocksdb.go:120                    Options.table_properties_collectors: TimeBoundTblPropCollectorFactory; DeleteRangeTblPropCollectorFactory; 
I200430 17:18:40.630162 27 storage/engine/rocksdb.go:120                    Options.inplace_update_support: 0
I200430 17:18:40.630168 27 storage/engine/rocksdb.go:120                  Options.inplace_update_num_locks: 10000
I200430 17:18:40.630174 27 storage/engine/rocksdb.go:120                Options.memtable_prefix_bloom_size_ratio: 0.000000
I200430 17:18:40.630179 27 storage/engine/rocksdb.go:120                Options.memtable_whole_key_filtering: 0
I200430 17:18:40.630184 27 storage/engine/rocksdb.go:120    Options.memtable_huge_page_size: 0
I200430 17:18:40.630189 27 storage/engine/rocksdb.go:120                            Options.bloom_locality: 0
I200430 17:18:40.630195 27 storage/engine/rocksdb.go:120                     Options.max_successive_merges: 0
I200430 17:18:40.630200 27 storage/engine/rocksdb.go:120                 Options.optimize_filters_for_hits: 1
I200430 17:18:40.630205 27 storage/engine/rocksdb.go:120                 Options.paranoid_file_checks: 0
I200430 17:18:40.630216 27 storage/engine/rocksdb.go:120                 Options.force_consistency_checks: 0
I200430 17:18:40.630222 27 storage/engine/rocksdb.go:120                 Options.report_bg_io_stats: 0
I200430 17:18:40.630228 27 storage/engine/rocksdb.go:120                                Options.ttl: 0
I200430 17:18:40.630233 27 storage/engine/rocksdb.go:120           Options.periodic_compaction_seconds: 0
I200430 17:18:40.680615 27 storage/engine/rocksdb.go:120  [db/version_set.cc:3086] More existing levels in DB than needed. max_bytes_for_level_multiplier may not be guaranteed.
I200430 17:18:40.680642 27 storage/engine/rocksdb.go:120  [db/version_set.cc:4286] Recovered from manifest file:/cockroach/cockroach-data/MANIFEST-000383 succeeded,manifest_file_number is 383, next_file_number is 389, last_sequence is 18842221, log_number is 382,prev_log_number is 0,max_column_family is 0,min_log_number_to_keep is 0
I200430 17:18:40.680649 27 storage/engine/rocksdb.go:120  [db/version_set.cc:4295] Column family [default] (ID 0), log number is 382
I200430 17:18:40.749687 27 storage/engine/rocksdb.go:120  EVENT_LOG_v1 {"time_micros": 1588267120749134, "job": 1, "event": "recovery_started", "log_files": [384]}
I200430 17:18:40.749730 27 storage/engine/rocksdb.go:120  [db/db_impl_open.cc:598] Recovering log #384 mode 0
I200430 17:18:41.611276 27 storage/engine/rocksdb.go:120  EVENT_LOG_v1 {"time_micros": 1588267121611149, "cf_name": "default", "job": 1, "event": "table_file_creation", "file_number": 389, "file_size": 59367, "table_properties": {"data_size": 56523, "index_size": 284, "index_partitions": 0, "top_level_index_size": 0, "index_key_is_user_key": 0, "index_value_is_delta_encoded": 0, "filter_size": 1605, "raw_key_size": 51729, "raw_average_key_size": 41, "raw_value_size": 170779, "raw_average_value_size": 137, "num_data_blocks": 6, "num_entries": 1246, "num_deletions": 309, "num_merge_operands": 664, "num_range_deletions": 664, "format_version": 0, "fixed_key_len": 0, "filter_policy": "rocksdb.BuiltinBloomFilter", "column_family_name": "default", "column_family_id": 0, "comparator": "cockroach_comparator", "merge_operator": "cockroach_merge_operator", "prefix_extractor_name": "cockroach_prefix_extractor", "property_collectors": "[TimeBoundTblPropCollectorFactory,DeleteRangeTblPropCollectorFactory]", "compression": "Snappy", "compression_options": "window_bits=-14; level=32767; strategy=0; max_dict_bytes=0; zstd_max_train_bytes=0; enabled=0; ", "creation_time": 1588267121, "oldest_key_time": 3, "file_creation_time": 0}}
I200430 17:18:41.612024 27 storage/engine/rocksdb.go:120  [db/version_set.cc:3560] Creating manifest 390
I200430 17:18:41.640115 27 storage/engine/rocksdb.go:120  [db/version_set.cc:3086] More existing levels in DB than needed. max_bytes_for_level_multiplier may not be guaranteed.
I200430 17:18:41.722972 27 storage/engine/rocksdb.go:120  EVENT_LOG_v1 {"time_micros": 1588267121722816, "job": 1, "event": "recovery_finished"}
I200430 17:18:41.997499 27 storage/engine/rocksdb.go:120  DB pointer 0x7ff3b1e9a000
I200430 17:25:31.526942 4782 storage/engine/rocksdb.go:120  bloom filter utility:    -nan%
I200430 17:25:31.531107 4782 storage/engine/rocksdb.go:120  [db/db_impl.cc:392] Shutdown: canceling all background work
I200430 17:25:31.597854 4782 storage/engine/rocksdb.go:120  [db/db_impl.cc:565] Shutdown complete
I200430 17:25:31.762398 4782 storage/engine/rocksdb.go:120  bloom filter utility:    68.2%
I200430 17:25:31.764248 4782 storage/engine/rocksdb.go:120  [db/db_impl.cc:392] Shutdown: canceling all background work
I200430 17:25:31.835710 4782 storage/engine/rocksdb.go:120  [db/db_impl.cc:565] Shutdown complete
