I200430 17:18:35.018331 1 util/log/clog.go:1196  [config] file created at: 2020/04/30 17:18:35
I200430 17:18:35.018331 1 util/log/clog.go:1196  [config] running on machine: 26571fb9f334
I200430 17:18:35.018331 1 util/log/clog.go:1196  [config] binary: CockroachDB CCL v19.2.5 (x86_64-unknown-linux-gnu, built 2020/03/16 18:27:12, go1.12.12)
I200430 17:18:35.018331 1 util/log/clog.go:1196  [config] arguments: [/cockroach/cockroach start --insecure]
I200430 17:18:35.018331 1 util/log/clog.go:1196  line format: [IWEF]yymmdd hh:mm:ss.uuuuuu goid file:line msg utf8=✓
I200430 17:18:35.018330 1 cli/start.go:1144  logging to directory /cockroach/cockroach-data/logs
W200430 17:18:35.044570 1 cli/start.go:1182  RUNNING IN INSECURE MODE!

- Your cluster is open for any client that can access <all your IP addresses>.
- Any user, even root, can log in without providing a password.
- Any user, connecting as root, can read or write any data in your cluster.
- There is no network encryption nor authentication, and thus no confidentiality.

Check out how to secure your cluster: https://www.cockroachlabs.com/docs/v19.2/secure-a-cluster.html
I200430 17:18:35.045190 1 server/status/recorder.go:597  available memory from cgroups (8.0 EiB) is unsupported, using system memory 2.9 GiB instead: 
W200430 17:18:35.045292 1 cli/start.go:1052  Using the default setting for --cache (128 MiB).
  A significantly larger value is usually needed for good performance.
  If you have a dedicated server a reasonable setting is --cache=.25 (749 MiB).
I200430 17:18:35.045818 1 server/status/recorder.go:597  available memory from cgroups (8.0 EiB) is unsupported, using system memory 2.9 GiB instead: 
W200430 17:18:35.045846 1 cli/start.go:1065  Using the default setting for --max-sql-memory (128 MiB).
  A significantly larger value is usually needed in production.
  If you have a dedicated server a reasonable setting is --max-sql-memory=.25 (749 MiB).
I200430 17:18:35.046104 1 server/status/recorder.go:597  available memory from cgroups (8.0 EiB) is unsupported, using system memory 2.9 GiB instead: 
I200430 17:18:35.046126 1 cli/start.go:1196  CockroachDB CCL v19.2.5 (x86_64-unknown-linux-gnu, built 2020/03/16 18:27:12, go1.12.12)
W200430 17:18:37.185743 1 cli/start.go:511  running 'cockroach start' without --join is deprecated.
Consider using 'cockroach start-single-node' or 'cockroach init' instead.
I200430 17:18:37.293018 1 server/status/recorder.go:597  available memory from cgroups (8.0 EiB) is unsupported, using system memory 2.9 GiB instead: 
I200430 17:18:37.293117 1 server/config.go:394  system total memory: 2.9 GiB
I200430 17:18:37.293178 1 server/config.go:396  server configuration:
max offset             500000000
cache size             128 MiB
SQL memory pool size   128 MiB
scan interval          10m0s
scan min idle time     10ms
scan max idle time     1s
event log enabled      true
I200430 17:18:37.293211 1 cli/start.go:1030  using local environment variables: COCKROACH_CHANNEL=official-docker
I200430 17:18:37.293232 1 cli/start.go:1037  process identity: uid 0 euid 0 gid 0 egid 0
I200430 17:18:37.293320 1 cli/start.go:644  starting cockroach node
I200430 17:18:37.349839 27 storage/engine/rocksdb.go:622  opening rocksdb instance at "/cockroach/cockroach-data/cockroach-temp205364532"
I200430 17:18:40.061208 27 server/server.go:928  [n?] monitoring forward clock jumps based on server.clock.forward_jump_check_enabled
I200430 17:18:40.081860 27 storage/engine/rocksdb.go:622  opening rocksdb instance at "/cockroach/cockroach-data"
I200430 17:18:41.997649 27 server/config.go:502  [n?] 1 storage engine initialized
I200430 17:18:41.997661 27 server/config.go:505  [n?] RocksDB cache size: 128 MiB
I200430 17:18:41.997669 27 server/config.go:505  [n?] store 0: RocksDB, max size 0 B, max open file limit 1043576
W200430 17:18:42.126590 27 cli/start.go:996  neither --listen-addr nor --advertise-addr was specified.
The server will advertise "26571fb9f334" to other nodes, is this routable?

Consider using:
- for local-only servers:  --listen-addr=localhost
- for multi-node clusters: --advertise-addr=<host/IP addr>
I200430 17:18:42.147279 27 gossip/gossip.go:394  [n1] NodeDescriptor set to node_id:1 address:<network_field:"tcp" address_field:"26571fb9f334:26257" > attrs:<> locality:<> ServerVersion:<major_val:19 minor_val:2 patch:0 unstable:0 > build_tag:"v19.2.5" started_at:1588267122144071863 cluster_name:"" sql_address:<network_field:"tcp" address_field:"26571fb9f334:26257" > 
W200430 17:18:42.748288 105 storage/replica_range_lease.go:554  can't determine lease status due to node liveness error: node not in the liveness table
github.com/cockroachdb/cockroach/pkg/storage.init.ializers
	/go/src/github.com/cockroachdb/cockroach/pkg/storage/node_liveness.go:44
runtime.main
	/usr/local/go/src/runtime/proc.go:188
runtime.goexit
	/usr/local/go/src/runtime/asm_amd64.s:1337
W200430 17:18:42.748352 105 storage/store.go:1530  [n1,s1,r6/1:/Table/{SystemCon…-11}] could not gossip system config: [NotLeaseHolderError] r6: replica (n1,s1):1 not lease holder; lease holder unknown
W200430 17:18:42.802024 105 storage/store.go:1530  [n1,s1,r6/1:/Table/{SystemCon…-11}] could not gossip system config: [NotLeaseHolderError] r6: replica (n1,s1):1 not lease holder; lease holder unknown
I200430 17:18:43.677035 72 gossip/gossip.go:1531  [n1] node has connected to cluster via gossip
I200430 17:18:43.966095 27 server/node.go:431  [n1] initialized store [n1,s1]: disk (capacity=60 TiB, available=28 TiB, used=12 MiB, logicalBytes=7.2 MiB), ranges=27, leases=2, queries=0.00, writes=0.00, bytesPerReplica={p10=0.00 p25=0.00 p50=225.00 p75=9109.00 p90=29090.00 pMax=7429995.00}, writesPerReplica={p10=0.00 p25=0.00 p50=0.00 p75=0.00 p90=0.00 pMax=0.00}
I200430 17:18:43.966395 27 storage/stores.go:240  [n1] read 0 node addresses from persistent storage
I200430 17:18:43.966633 27 server/node.go:645  [n1] connecting to gossip network to verify cluster ID...
I200430 17:18:43.968073 27 server/node.go:665  [n1] node connected via gossip and verified as part of cluster "e1d5326e-f09c-49c9-9ccb-8f6d14060017"
I200430 17:18:43.969888 27 server/node.go:512  [n1] node=1: started with [<no-attributes>=/cockroach/cockroach-data] engine(s) and attributes []
I200430 17:18:43.991068 27 server/server.go:1514  [n1] starting http server at [::]:8080 (use: 26571fb9f334:8080)
I200430 17:18:43.991103 27 server/server.go:1521  [n1] starting grpc/postgres server at [::]:26257
I200430 17:18:43.991121 27 server/server.go:1522  [n1] advertising CockroachDB node at 26571fb9f334:26257
W200430 17:18:44.477577 125 storage/node_liveness.go:559  [n1,s1,r6/1:/Table/{SystemCon…-11}] slow heartbeat took 1.6s
I200430 17:18:44.477977 144 storage/node_liveness.go:474  [n1,liveness-hb] heartbeat failed on epoch increment; retrying
I200430 17:18:45.731792 72 storage/stores.go:259  [n1] wrote 0 node addresses to persistent storage
I200430 17:18:46.000983 27 server/server.go:1590  [n1] done ensuring all necessary migrations have run
I200430 17:18:46.001058 27 server/server.go:1841  [n1] serving sql connections
I200430 17:18:46.001197 27 cli/start.go:803  [config] clusterID: e1d5326e-f09c-49c9-9ccb-8f6d14060017
I200430 17:18:46.001231 27 cli/start.go:812  node startup completed:
CockroachDB node starting at 2020-04-30 17:18:46.0010941 +0000 UTC (took 11.0s)
build:               CCL v19.2.5 @ 2020/03/16 18:27:12 (go1.12.12)
webui:               http://26571fb9f334:8080
sql:                 postgresql://root@26571fb9f334:26257?sslmode=disable
RPC client flags:    /cockroach/cockroach <client cmd> --host=26571fb9f334:26257 --insecure
logs:                /cockroach/cockroach-data/logs
temp dir:            /cockroach/cockroach-data/cockroach-temp205364532
external I/O path:   /cockroach/cockroach-data/extern
store[0]:            path=/cockroach/cockroach-data
status:              restarted pre-existing node
clusterID:           e1d5326e-f09c-49c9-9ccb-8f6d14060017
nodeID:              1
I200430 17:18:46.904022 217 server/server_update.go:53  [n1] no need to upgrade, cluster already at the newest version
I200430 17:18:47.215724 219 sql/event_log.go:130  [n1] Event: "node_restart", target: 1, info: {Descriptor:{NodeID:1 Address:26571fb9f334:26257 Attrs: Locality: ServerVersion:19.2 BuildTag:v19.2.5 StartedAt:1588267122144071863 LocalityAddress:[] ClusterName: SQLAddress:26571fb9f334:26257} ClusterID:e1d5326e-f09c-49c9-9ccb-8f6d14060017 StartedAt:1588267122144071863 LastUp:1588266899197135470}
I200430 17:18:54.057194 138 server/status/runtime.go:498  [n1] runtime stats: 106 MiB RSS, 120 goroutines, 90 MiB/34 MiB/133 MiB GO alloc/idle/total, 14 MiB/17 MiB CGO alloc/total, 0.0 CGO/sec, 0.0/0.0 %(u/s)time, 0.0 %gc (9x), 120 KiB/26 KiB (r/w)net
I200430 17:19:04.050763 138 server/status/runtime.go:498  [n1] runtime stats: 112 MiB RSS, 115 goroutines, 99 MiB/26 MiB/135 MiB GO alloc/idle/total, 14 MiB/18 MiB CGO alloc/total, 59.0 CGO/sec, 2.6/2.1 %(u/s)time, 0.0 %gc (0x), 4.8 KiB/9.9 KiB (r/w)net
I200430 17:19:04.709189 133 storage/store.go:2364  [n1,s1] sstables (read amplification = 2):
0 [ 58K 1 ]: 58K
6 [  1M 1 ]: 1M
I200430 17:19:04.709325 133 storage/store.go:2365  [n1,s1] 
** Compaction Stats [default] **
Level    Files   Size     Score Read(GB)  Rn(GB) Rnp1(GB) Write(GB) Wnew(GB) Moved(GB) W-Amp Rd(MB/s) Wr(MB/s) Comp(sec) CompMergeCPU(sec) Comp(cnt) Avg(sec) KeyIn KeyDrop
----------------------------------------------------------------------------------------------------------------------------------------------------------------------------
  L0      1/0   57.98 KB   0.5      0.0     0.0      0.0       0.0      0.0       0.0   1.0      0.0      0.2      0.35              0.00         1    0.346       0      0
  L6      1/0    1.40 MB   0.0      0.0     0.0      0.0       0.0      0.0       0.0   0.0      0.0      0.0      0.00              0.00         0    0.000       0      0
 Sum      2/0    1.46 MB   0.0      0.0     0.0      0.0       0.0      0.0       0.0   1.0      0.0      0.2      0.35              0.00         1    0.346       0      0
 Int      0/0    0.00 KB   0.0      0.0     0.0      0.0       0.0      0.0       0.0   1.0      0.0      0.2      0.35              0.00         1    0.346       0      0

** Compaction Stats [default] **
Priority    Files   Size     Score Read(GB)  Rn(GB) Rnp1(GB) Write(GB) Wnew(GB) Moved(GB) W-Amp Rd(MB/s) Wr(MB/s) Comp(sec) CompMergeCPU(sec) Comp(cnt) Avg(sec) KeyIn KeyDrop
-------------------------------------------------------------------------------------------------------------------------------------------------------------------------------
User      0/0    0.00 KB   0.0      0.0     0.0      0.0       0.0      0.0       0.0   0.0      0.0      0.2      0.35              0.00         1    0.346       0      0
Uptime(secs): 24.1 total, 24.1 interval
Flush(GB): cumulative 0.000, interval 0.000
AddFile(GB): cumulative 0.000, interval 0.000
AddFile(Total Files): cumulative 0, interval 0
AddFile(L0 Files): cumulative 0, interval 0
AddFile(Keys): cumulative 0, interval 0
Cumulative compaction: 0.00 GB write, 0.00 MB/s write, 0.00 GB read, 0.00 MB/s read, 0.3 seconds
Interval compaction: 0.00 GB write, 0.00 MB/s write, 0.00 GB read, 0.00 MB/s read, 0.3 seconds
Stalls(count): 0 level0_slowdown, 0 level0_slowdown_with_compaction, 0 level0_numfiles, 0 level0_numfiles_with_compaction, 0 stop for pending_compaction_bytes, 0 slowdown for pending_compaction_bytes, 0 memtable_compaction, 0 memtable_slowdown, interval 0 total count
estimated_pending_compaction_bytes: 0 B
I200430 17:19:14.047080 138 server/status/runtime.go:498  [n1] runtime stats: 122 MiB RSS, 115 goroutines, 107 MiB/17 MiB/135 MiB GO alloc/idle/total, 15 MiB/18 MiB CGO alloc/total, 49.3 CGO/sec, 2.1/2.4 %(u/s)time, 0.0 %gc (0x), 3.7 KiB/3.6 KiB (r/w)net
I200430 17:19:24.058657 138 server/status/runtime.go:498  [n1] runtime stats: 131 MiB RSS, 116 goroutines, 115 MiB/8.9 MiB/135 MiB GO alloc/idle/total, 15 MiB/18 MiB CGO alloc/total, 30.1 CGO/sec, 2.2/1.9 %(u/s)time, 0.0 %gc (0x), 1.9 KiB/1.7 KiB (r/w)net
I200430 17:19:34.029831 138 server/status/runtime.go:498  [n1] runtime stats: 138 MiB RSS, 116 goroutines, 79 MiB/41 MiB/135 MiB GO alloc/idle/total, 15 MiB/18 MiB CGO alloc/total, 23.2 CGO/sec, 3.5/3.2 %(u/s)time, 0.1 %gc (1x), 1.9 KiB/1.8 KiB (r/w)net
I200430 17:19:43.932868 134 gossip/gossip.go:566  [n1] gossip status (ok, 1 node)
gossip client (0/3 cur/max conns)
gossip server (0/3 cur/max conns, infos 0/0 sent/received, bytes 0B/0B sent/received)
gossip connectivity
  n1 [sentinel];
I200430 17:19:44.074677 138 server/status/runtime.go:498  [n1] runtime stats: 138 MiB RSS, 118 goroutines, 86 MiB/35 MiB/135 MiB GO alloc/idle/total, 15 MiB/18 MiB CGO alloc/total, 36.7 CGO/sec, 4.1/3.3 %(u/s)time, 0.0 %gc (0x), 112 B/0 B (r/w)net
I200430 17:19:54.037595 138 server/status/runtime.go:498  [n1] runtime stats: 139 MiB RSS, 115 goroutines, 93 MiB/29 MiB/135 MiB GO alloc/idle/total, 15 MiB/18 MiB CGO alloc/total, 47.5 CGO/sec, 3.8/3.3 %(u/s)time, 0.0 %gc (0x), 1.9 KiB/1.9 KiB (r/w)net
I200430 17:20:04.014040 138 server/status/runtime.go:498  [n1] runtime stats: 140 MiB RSS, 115 goroutines, 99 MiB/23 MiB/135 MiB GO alloc/idle/total, 15 MiB/18 MiB CGO alloc/total, 25.1 CGO/sec, 1.4/1.4 %(u/s)time, 0.0 %gc (0x), 378 B/0 B (r/w)net
I200430 17:20:14.014348 138 server/status/runtime.go:498  [n1] runtime stats: 140 MiB RSS, 115 goroutines, 105 MiB/18 MiB/135 MiB GO alloc/idle/total, 15 MiB/18 MiB CGO alloc/total, 26.0 CGO/sec, 1.1/1.1 %(u/s)time, 0.0 %gc (0x), 126 B/0 B (r/w)net
I200430 17:20:24.021549 138 server/status/runtime.go:498  [n1] runtime stats: 142 MiB RSS, 118 goroutines, 112 MiB/11 MiB/135 MiB GO alloc/idle/total, 15 MiB/18 MiB CGO alloc/total, 27.7 CGO/sec, 1.2/1.4 %(u/s)time, 0.0 %gc (0x), 1.9 KiB/2.0 KiB (r/w)net
I200430 17:20:33.992573 138 server/status/runtime.go:498  [n1] runtime stats: 143 MiB RSS, 118 goroutines, 118 MiB/5.6 MiB/135 MiB GO alloc/idle/total, 15 MiB/18 MiB CGO alloc/total, 23.8 CGO/sec, 1.2/0.7 %(u/s)time, 0.0 %gc (0x), 150 B/66 B (r/w)net
I200430 17:20:43.880519 134 gossip/gossip.go:566  [n1] gossip status (ok, 1 node)
gossip client (0/3 cur/max conns)
gossip server (0/3 cur/max conns, infos 0/0 sent/received, bytes 0B/0B sent/received)
I200430 17:20:43.993545 138 server/status/runtime.go:498  [n1] runtime stats: 148 MiB RSS, 118 goroutines, 126 MiB/62 MiB/201 MiB GO alloc/idle/total, 15 MiB/18 MiB CGO alloc/total, 22.8 CGO/sec, 1.1/0.8 %(u/s)time, 0.0 %gc (0x), 70 B/0 B (r/w)net
I200430 17:20:53.995159 138 server/status/runtime.go:498  [n1] runtime stats: 156 MiB RSS, 117 goroutines, 134 MiB/53 MiB/201 MiB GO alloc/idle/total, 15 MiB/18 MiB CGO alloc/total, 52.3 CGO/sec, 1.2/0.9 %(u/s)time, 0.0 %gc (0x), 108 B/108 B (r/w)net
I200430 17:21:03.976227 138 server/status/runtime.go:498  [n1] runtime stats: 160 MiB RSS, 117 goroutines, 82 MiB/102 MiB/201 MiB GO alloc/idle/total, 15 MiB/18 MiB CGO alloc/total, 30.5 CGO/sec, 1.3/0.6 %(u/s)time, 0.0 %gc (1x), 66 B/66 B (r/w)net
I200430 17:21:13.976254 138 server/status/runtime.go:498  [n1] runtime stats: 160 MiB RSS, 117 goroutines, 88 MiB/97 MiB/201 MiB GO alloc/idle/total, 15 MiB/18 MiB CGO alloc/total, 24.4 CGO/sec, 0.9/0.6 %(u/s)time, 0.0 %gc (0x), 0 B/0 B (r/w)net
I200430 17:21:23.977011 138 server/status/runtime.go:498  [n1] runtime stats: 160 MiB RSS, 118 goroutines, 94 MiB/91 MiB/201 MiB GO alloc/idle/total, 15 MiB/18 MiB CGO alloc/total, 27.2 CGO/sec, 0.9/0.9 %(u/s)time, 0.0 %gc (0x), 132 B/132 B (r/w)net
I200430 17:21:33.957128 138 server/status/runtime.go:498  [n1] runtime stats: 161 MiB RSS, 118 goroutines, 100 MiB/86 MiB/201 MiB GO alloc/idle/total, 15 MiB/18 MiB CGO alloc/total, 24.9 CGO/sec, 1.2/0.8 %(u/s)time, 0.0 %gc (0x), 84 B/84 B (r/w)net
I200430 17:21:43.836577 134 gossip/gossip.go:566  [n1] gossip status (ok, 1 node)
gossip client (0/3 cur/max conns)
gossip server (0/3 cur/max conns, infos 0/0 sent/received, bytes 0B/0B sent/received)
I200430 17:21:43.957956 138 server/status/runtime.go:498  [n1] runtime stats: 161 MiB RSS, 118 goroutines, 106 MiB/80 MiB/201 MiB GO alloc/idle/total, 15 MiB/18 MiB CGO alloc/total, 25.1 CGO/sec, 0.9/0.8 %(u/s)time, 0.0 %gc (0x), 234 B/66 B (r/w)net
I200430 17:21:53.958706 138 server/status/runtime.go:498  [n1] runtime stats: 162 MiB RSS, 117 goroutines, 113 MiB/74 MiB/201 MiB GO alloc/idle/total, 14 MiB/18 MiB CGO alloc/total, 55.3 CGO/sec, 1.4/0.9 %(u/s)time, 0.0 %gc (0x), 66 B/66 B (r/w)net
I200430 17:22:03.936595 138 server/status/runtime.go:498  [n1] runtime stats: 162 MiB RSS, 117 goroutines, 119 MiB/68 MiB/201 MiB GO alloc/idle/total, 14 MiB/18 MiB CGO alloc/total, 26.5 CGO/sec, 1.1/0.8 %(u/s)time, 0.0 %gc (0x), 42 B/42 B (r/w)net
I200430 17:22:13.938088 138 server/status/runtime.go:498  [n1] runtime stats: 163 MiB RSS, 117 goroutines, 125 MiB/62 MiB/201 MiB GO alloc/idle/total, 14 MiB/18 MiB CGO alloc/total, 25.4 CGO/sec, 0.9/0.6 %(u/s)time, 0.0 %gc (0x), 66 B/66 B (r/w)net
I200430 17:22:23.940006 138 server/status/runtime.go:498  [n1] runtime stats: 163 MiB RSS, 118 goroutines, 132 MiB/56 MiB/201 MiB GO alloc/idle/total, 14 MiB/18 MiB CGO alloc/total, 24.2 CGO/sec, 0.9/0.7 %(u/s)time, 0.0 %gc (0x), 357 B/280 B (r/w)net
I200430 17:22:33.924381 138 server/status/runtime.go:498  [n1] runtime stats: 164 MiB RSS, 118 goroutines, 138 MiB/50 MiB/201 MiB GO alloc/idle/total, 14 MiB/18 MiB CGO alloc/total, 27.1 CGO/sec, 1.3/1.0 %(u/s)time, 0.0 %gc (0x), 66 B/66 B (r/w)net
I200430 17:22:43.791412 134 gossip/gossip.go:566  [n1] gossip status (ok, 1 node)
gossip client (0/3 cur/max conns)
gossip server (0/3 cur/max conns, infos 0/0 sent/received, bytes 0B/0B sent/received)
I200430 17:22:44.031186 138 server/status/runtime.go:498  [n1] runtime stats: 170 MiB RSS, 118 goroutines, 77 MiB/106 MiB/201 MiB GO alloc/idle/total, 14 MiB/18 MiB CGO alloc/total, 26.4 CGO/sec, 2.0/1.7 %(u/s)time, 0.0 %gc (1x), 0 B/0 B (r/w)net
I200430 17:22:53.928410 138 server/status/runtime.go:498  [n1] runtime stats: 170 MiB RSS, 117 goroutines, 85 MiB/100 MiB/201 MiB GO alloc/idle/total, 14 MiB/18 MiB CGO alloc/total, 54.3 CGO/sec, 2.4/1.2 %(u/s)time, 0.0 %gc (0x), 178 B/108 B (r/w)net
I200430 17:23:03.907404 138 server/status/runtime.go:498  [n1] runtime stats: 171 MiB RSS, 117 goroutines, 91 MiB/95 MiB/201 MiB GO alloc/idle/total, 14 MiB/19 MiB CGO alloc/total, 22.5 CGO/sec, 1.5/1.0 %(u/s)time, 0.0 %gc (0x), 66 B/66 B (r/w)net
I200430 17:23:13.906736 138 server/status/runtime.go:498  [n1] runtime stats: 171 MiB RSS, 117 goroutines, 97 MiB/89 MiB/201 MiB GO alloc/idle/total, 14 MiB/19 MiB CGO alloc/total, 30.7 CGO/sec, 1.3/0.8 %(u/s)time, 0.0 %gc (0x), 0 B/0 B (r/w)net
I200430 17:23:23.908034 138 server/status/runtime.go:498  [n1] runtime stats: 172 MiB RSS, 122 goroutines, 107 MiB/80 MiB/201 MiB GO alloc/idle/total, 14 MiB/19 MiB CGO alloc/total, 35.2 CGO/sec, 1.5/0.9 %(u/s)time, 0.0 %gc (0x), 9.7 KiB/25 KiB (r/w)net
I200430 17:23:33.888301 138 server/status/runtime.go:498  [n1] runtime stats: 172 MiB RSS, 122 goroutines, 113 MiB/74 MiB/201 MiB GO alloc/idle/total, 14 MiB/19 MiB CGO alloc/total, 20.8 CGO/sec, 1.1/0.8 %(u/s)time, 0.0 %gc (0x), 0 B/0 B (r/w)net
I200430 17:23:43.747816 134 gossip/gossip.go:566  [n1] gossip status (ok, 1 node)
gossip client (0/3 cur/max conns)
gossip server (0/3 cur/max conns, infos 0/0 sent/received, bytes 0B/0B sent/received)
I200430 17:23:43.889575 138 server/status/runtime.go:498  [n1] runtime stats: 172 MiB RSS, 122 goroutines, 119 MiB/68 MiB/201 MiB GO alloc/idle/total, 14 MiB/19 MiB CGO alloc/total, 27.1 CGO/sec, 1.2/0.7 %(u/s)time, 0.0 %gc (0x), 66 B/66 B (r/w)net
I200430 17:23:53.890446 138 server/status/runtime.go:498  [n1] runtime stats: 173 MiB RSS, 121 goroutines, 126 MiB/62 MiB/201 MiB GO alloc/idle/total, 14 MiB/19 MiB CGO alloc/total, 53.1 CGO/sec, 1.5/0.5 %(u/s)time, 0.0 %gc (0x), 66 B/66 B (r/w)net
I200430 17:24:03.869070 138 server/status/runtime.go:498  [n1] runtime stats: 172 MiB RSS, 121 goroutines, 132 MiB/56 MiB/201 MiB GO alloc/idle/total, 14 MiB/19 MiB CGO alloc/total, 24.9 CGO/sec, 1.2/0.7 %(u/s)time, 0.0 %gc (0x), 42 B/42 B (r/w)net
I200430 17:24:13.869656 138 server/status/runtime.go:498  [n1] runtime stats: 173 MiB RSS, 121 goroutines, 138 MiB/50 MiB/201 MiB GO alloc/idle/total, 14 MiB/19 MiB CGO alloc/total, 27.3 CGO/sec, 2.1/1.4 %(u/s)time, 0.0 %gc (0x), 66 B/66 B (r/w)net
I200430 17:24:23.869707 138 server/status/runtime.go:498  [n1] runtime stats: 172 MiB RSS, 122 goroutines, 146 MiB/41 MiB/201 MiB GO alloc/idle/total, 14 MiB/19 MiB CGO alloc/total, 25.4 CGO/sec, 1.1/0.6 %(u/s)time, 0.0 %gc (0x), 489 B/412 B (r/w)net
I200430 17:24:33.849504 138 server/status/runtime.go:498  [n1] runtime stats: 178 MiB RSS, 122 goroutines, 83 MiB/100 MiB/201 MiB GO alloc/idle/total, 14 MiB/19 MiB CGO alloc/total, 26.1 CGO/sec, 1.6/1.2 %(u/s)time, 0.0 %gc (1x), 108 B/108 B (r/w)net
I200430 17:24:43.702848 134 gossip/gossip.go:566  [n1] gossip status (ok, 1 node)
gossip client (0/3 cur/max conns)
gossip server (0/3 cur/max conns, infos 0/0 sent/received, bytes 0B/0B sent/received)
I200430 17:24:43.848988 138 server/status/runtime.go:498  [n1] runtime stats: 178 MiB RSS, 122 goroutines, 90 MiB/94 MiB/201 MiB GO alloc/idle/total, 22 MiB/27 MiB CGO alloc/total, 25.9 CGO/sec, 1.1/0.8 %(u/s)time, 0.0 %gc (0x), 0 B/0 B (r/w)net
I200430 17:24:53.850003 138 server/status/runtime.go:498  [n1] runtime stats: 178 MiB RSS, 121 goroutines, 97 MiB/88 MiB/201 MiB GO alloc/idle/total, 22 MiB/27 MiB CGO alloc/total, 53.1 CGO/sec, 1.4/0.4 %(u/s)time, 0.0 %gc (0x), 108 B/108 B (r/w)net
I200430 17:25:03.828620 138 server/status/runtime.go:498  [n1] runtime stats: 178 MiB RSS, 121 goroutines, 103 MiB/83 MiB/201 MiB GO alloc/idle/total, 22 MiB/27 MiB CGO alloc/total, 25.3 CGO/sec, 1.0/0.7 %(u/s)time, 0.0 %gc (0x), 0 B/0 B (r/w)net
I200430 17:25:14.072737 138 server/status/runtime.go:498  [n1] runtime stats: 179 MiB RSS, 121 goroutines, 109 MiB/77 MiB/201 MiB GO alloc/idle/total, 22 MiB/27 MiB CGO alloc/total, 22.0 CGO/sec, 1.4/0.7 %(u/s)time, 0.0 %gc (0x), 66 B/66 B (r/w)net
I200430 17:25:23.831558 138 server/status/runtime.go:498  [n1] runtime stats: 179 MiB RSS, 122 goroutines, 115 MiB/72 MiB/201 MiB GO alloc/idle/total, 22 MiB/27 MiB CGO alloc/total, 29.3 CGO/sec, 1.2/0.9 %(u/s)time, 0.0 %gc (0x), 198 B/198 B (r/w)net
I200430 17:25:29.475822 1 cli/start.go:865  received signal 'terminated'
I200430 17:25:29.481644 1 cli/start.go:930  initiating graceful shutdown of server
I200430 17:25:31.455308 4782 util/stop/stopper.go:542  [server drain process] quiescing; tasks left:
1      [async] stats.Refresher: maybeRefreshStats
1      [async] intent_resolver_ir_batcher
1      [async] intent_resolver_gc_batcher
1      [async] closedts-rangefeed-subscriber
I200430 17:25:31.476232 4782 util/stop/stopper.go:542  [server drain process] quiescing; tasks left:
1      [async] stats.Refresher: maybeRefreshStats
1      [async] intent_resolver_gc_batcher
1      [async] closedts-rangefeed-subscriber
W200430 17:25:31.497720 32 vendor/google.golang.org/grpc/clientconn.go:1206  grpc: addrConn.createTransport failed to connect to {26571fb9f334:26257 0  <nil>}. Err :connection error: desc = "transport: failed to write client preface: io: read/write on closed pipe". Reconnecting...
I200430 17:25:31.498480 4782 util/stop/stopper.go:542  [server drain process] quiescing; tasks left:
1      [async] closedts-rangefeed-subscriber
I200430 17:25:31.525158 4782 storage/engine/rocksdb.go:762  closing rocksdb instance at "/cockroach/cockroach-data/cockroach-temp205364532"
I200430 17:25:31.760647 4782 storage/engine/rocksdb.go:762  closing rocksdb instance at "/cockroach/cockroach-data"
I200430 17:25:31.843867 1 cli/start.go:976  server drained and shutdown completed
