I200430 17:26:42.466401 1 util/log/clog.go:1196  [config] file created at: 2020/04/30 17:26:42
I200430 17:26:42.466401 1 util/log/clog.go:1196  [config] running on machine: 26571fb9f334
I200430 17:26:42.466401 1 util/log/clog.go:1196  [config] binary: CockroachDB CCL v19.2.5 (x86_64-unknown-linux-gnu, built 2020/03/16 18:27:12, go1.12.12)
I200430 17:26:42.466401 1 util/log/clog.go:1196  [config] arguments: [/cockroach/cockroach start --insecure]
I200430 17:26:42.466401 1 util/log/clog.go:1196  line format: [IWEF]yymmdd hh:mm:ss.uuuuuu goid file:line msg utf8=✓
I200430 17:26:42.466400 1 cli/start.go:1144  logging to directory /cockroach/cockroach-data/logs
W200430 17:26:42.478169 1 cli/start.go:1182  RUNNING IN INSECURE MODE!

- Your cluster is open for any client that can access <all your IP addresses>.
- Any user, even root, can log in without providing a password.
- Any user, connecting as root, can read or write any data in your cluster.
- There is no network encryption nor authentication, and thus no confidentiality.

Check out how to secure your cluster: https://www.cockroachlabs.com/docs/v19.2/secure-a-cluster.html
I200430 17:26:42.479009 1 server/status/recorder.go:597  available memory from cgroups (8.0 EiB) is unsupported, using system memory 2.9 GiB instead: 
W200430 17:26:42.480032 1 cli/start.go:1052  Using the default setting for --cache (128 MiB).
  A significantly larger value is usually needed for good performance.
  If you have a dedicated server a reasonable setting is --cache=.25 (749 MiB).
I200430 17:26:42.480703 1 server/status/recorder.go:597  available memory from cgroups (8.0 EiB) is unsupported, using system memory 2.9 GiB instead: 
W200430 17:26:42.480739 1 cli/start.go:1065  Using the default setting for --max-sql-memory (128 MiB).
  A significantly larger value is usually needed in production.
  If you have a dedicated server a reasonable setting is --max-sql-memory=.25 (749 MiB).
I200430 17:26:42.481064 1 server/status/recorder.go:597  available memory from cgroups (8.0 EiB) is unsupported, using system memory 2.9 GiB instead: 
I200430 17:26:42.481100 1 cli/start.go:1196  CockroachDB CCL v19.2.5 (x86_64-unknown-linux-gnu, built 2020/03/16 18:27:12, go1.12.12)
W200430 17:26:44.153132 1 cli/start.go:511  running 'cockroach start' without --join is deprecated.
Consider using 'cockroach start-single-node' or 'cockroach init' instead.
I200430 17:26:44.198369 1 server/status/recorder.go:597  available memory from cgroups (8.0 EiB) is unsupported, using system memory 2.9 GiB instead: 
I200430 17:26:44.198395 1 server/config.go:394  system total memory: 2.9 GiB
I200430 17:26:44.198538 1 server/config.go:396  server configuration:
max offset             500000000
cache size             128 MiB
SQL memory pool size   128 MiB
scan interval          10m0s
scan min idle time     10ms
scan max idle time     1s
event log enabled      true
I200430 17:26:44.198561 1 cli/start.go:1030  using local environment variables: COCKROACH_CHANNEL=official-docker
I200430 17:26:44.198582 1 cli/start.go:1037  process identity: uid 0 euid 0 gid 0 egid 0
I200430 17:26:44.198668 1 cli/start.go:644  starting cockroach node
I200430 17:26:44.212617 28 storage/engine/rocksdb.go:622  opening rocksdb instance at "/cockroach/cockroach-data/cockroach-temp144046356"
I200430 17:26:45.704921 28 server/server.go:928  [n?] monitoring forward clock jumps based on server.clock.forward_jump_check_enabled
I200430 17:26:45.724790 28 storage/engine/rocksdb.go:622  opening rocksdb instance at "/cockroach/cockroach-data"
I200430 17:26:51.269180 28 server/config.go:502  [n?] 1 storage engine initialized
I200430 17:26:51.269365 28 server/config.go:505  [n?] RocksDB cache size: 128 MiB
I200430 17:26:51.269673 28 server/config.go:505  [n?] store 0: RocksDB, max size 0 B, max open file limit 1043576
W200430 17:26:52.120234 28 cli/start.go:996  neither --listen-addr nor --advertise-addr was specified.
The server will advertise "26571fb9f334" to other nodes, is this routable?

Consider using:
- for local-only servers:  --listen-addr=localhost
- for multi-node clusters: --advertise-addr=<host/IP addr>
I200430 17:26:52.231058 28 gossip/gossip.go:394  [n1] NodeDescriptor set to node_id:1 address:<network_field:"tcp" address_field:"26571fb9f334:26257" > attrs:<> locality:<> ServerVersion:<major_val:19 minor_val:2 patch:0 unstable:0 > build_tag:"v19.2.5" started_at:1588267612173199751 cluster_name:"" sql_address:<network_field:"tcp" address_field:"26571fb9f334:26257" > 
W200430 17:26:53.981052 103 storage/replica_range_lease.go:554  can't determine lease status due to node liveness error: node not in the liveness table
github.com/cockroachdb/cockroach/pkg/storage.init.ializers
	/go/src/github.com/cockroachdb/cockroach/pkg/storage/node_liveness.go:44
runtime.main
	/usr/local/go/src/runtime/proc.go:188
runtime.goexit
	/usr/local/go/src/runtime/asm_amd64.s:1337
W200430 17:26:53.981139 103 storage/store.go:1530  [n1,s1,r6/1:/Table/{SystemCon…-11}] could not gossip system config: [NotLeaseHolderError] r6: replica (n1,s1):1 not lease holder; lease holder unknown
I200430 17:26:54.406778 76 gossip/gossip.go:1531  [n1] node has connected to cluster via gossip
I200430 17:26:54.581612 28 server/node.go:431  [n1] initialized store [n1,s1]: disk (capacity=60 TiB, available=28 TiB, used=13 MiB, logicalBytes=8.5 MiB), ranges=27, leases=2, queries=0.00, writes=0.00, bytesPerReplica={p10=0.00 p25=0.00 p50=225.00 p75=11021.00 p90=29090.00 pMax=8750496.00}, writesPerReplica={p10=0.00 p25=0.00 p50=0.00 p75=0.00 p90=0.00 pMax=0.00}
I200430 17:26:54.583849 28 storage/stores.go:240  [n1] read 0 node addresses from persistent storage
I200430 17:26:54.584136 28 server/node.go:645  [n1] connecting to gossip network to verify cluster ID...
I200430 17:26:54.584183 28 server/node.go:665  [n1] node connected via gossip and verified as part of cluster "e1d5326e-f09c-49c9-9ccb-8f6d14060017"
I200430 17:26:54.584310 28 server/node.go:512  [n1] node=1: started with [<no-attributes>=/cockroach/cockroach-data] engine(s) and attributes []
I200430 17:26:54.611541 28 server/server.go:1514  [n1] starting http server at [::]:8080 (use: 26571fb9f334:8080)
I200430 17:26:54.611591 28 server/server.go:1521  [n1] starting grpc/postgres server at [::]:26257
I200430 17:26:54.611621 28 server/server.go:1522  [n1] advertising CockroachDB node at 26571fb9f334:26257
I200430 17:26:54.965753 148 storage/node_liveness.go:474  [n1,liveness-hb] heartbeat failed on epoch increment; retrying
I200430 17:26:55.567864 28 server/server.go:1590  [n1] done ensuring all necessary migrations have run
I200430 17:26:55.567943 28 server/server.go:1841  [n1] serving sql connections
I200430 17:26:55.568086 28 cli/start.go:803  [config] clusterID: e1d5326e-f09c-49c9-9ccb-8f6d14060017
I200430 17:26:55.568109 28 cli/start.go:812  node startup completed:
CockroachDB node starting at 2020-04-30 17:26:55.567996661 +0000 UTC (took 13.1s)
build:               CCL v19.2.5 @ 2020/03/16 18:27:12 (go1.12.12)
webui:               http://26571fb9f334:8080
sql:                 postgresql://root@26571fb9f334:26257?sslmode=disable
RPC client flags:    /cockroach/cockroach <client cmd> --host=26571fb9f334:26257 --insecure
logs:                /cockroach/cockroach-data/logs
temp dir:            /cockroach/cockroach-data/cockroach-temp144046356
external I/O path:   /cockroach/cockroach-data/extern
store[0]:            path=/cockroach/cockroach-data
status:              restarted pre-existing node
clusterID:           e1d5326e-f09c-49c9-9ccb-8f6d14060017
nodeID:              1
I200430 17:26:55.729032 235 server/server_update.go:53  [n1] no need to upgrade, cluster already at the newest version
I200430 17:26:55.962284 237 sql/event_log.go:130  [n1] Event: "node_restart", target: 1, info: {Descriptor:{NodeID:1 Address:26571fb9f334:26257 Attrs: Locality: ServerVersion:19.2 BuildTag:v19.2.5 StartedAt:1588267612173199751 LocalityAddress:[] ClusterName: SQLAddress:26571fb9f334:26257} ClusterID:e1d5326e-f09c-49c9-9ccb-8f6d14060017 StartedAt:1588267612173199751 LastUp:1588267531449526384}
I200430 17:26:56.454868 76 storage/stores.go:259  [n1] wrote 0 node addresses to persistent storage
I200430 17:27:04.634688 126 server/status/runtime.go:498  [n1] runtime stats: 108 MiB RSS, 117 goroutines, 92 MiB/32 MiB/135 MiB GO alloc/idle/total, 15 MiB/20 MiB CGO alloc/total, 0.0 CGO/sec, 0.0/0.0 %(u/s)time, 0.0 %gc (9x), 207 KiB/37 KiB (r/w)net
I200430 17:27:14.641826 126 server/status/runtime.go:498  [n1] runtime stats: 116 MiB RSS, 115 goroutines, 100 MiB/24 MiB/135 MiB GO alloc/idle/total, 15 MiB/20 MiB CGO alloc/total, 63.3 CGO/sec, 1.7/1.8 %(u/s)time, 0.0 %gc (0x), 4.0 KiB/3.8 KiB (r/w)net
I200430 17:27:15.431713 121 storage/store.go:2364  [n1,s1] sstables (read amplification = 1):
6 [ 1M 1 ]: 1M
I200430 17:27:15.431851 121 storage/store.go:2365  [n1,s1] 
** Compaction Stats [default] **
Level    Files   Size     Score Read(GB)  Rn(GB) Rnp1(GB) Write(GB) Wnew(GB) Moved(GB) W-Amp Rd(MB/s) Wr(MB/s) Comp(sec) CompMergeCPU(sec) Comp(cnt) Avg(sec) KeyIn KeyDrop
----------------------------------------------------------------------------------------------------------------------------------------------------------------------------
  L0      0/0    0.00 KB   0.0      0.0     0.0      0.0       0.0      0.0       0.0   1.0      0.0      0.0      2.48              0.00         1    2.485       0      0
  L6      1/0    1.48 MB   0.0      0.0     0.0      0.0       0.0      0.0       0.0   9.0      0.5      0.5      2.93              0.17         1    2.932     13K   1452
 Sum      1/0    1.48 MB   0.0      0.0     0.0      0.0       0.0      0.0       0.0  14.8      0.3      0.3      5.42              0.17         2    2.709     13K   1452
 Int      0/0    0.00 KB   0.0      0.0     0.0      0.0       0.0      0.0       0.0  14.8      0.3      0.3      5.42              0.17         2    2.709     13K   1452

** Compaction Stats [default] **
Priority    Files   Size     Score Read(GB)  Rn(GB) Rnp1(GB) Write(GB) Wnew(GB) Moved(GB) W-Amp Rd(MB/s) Wr(MB/s) Comp(sec) CompMergeCPU(sec) Comp(cnt) Avg(sec) KeyIn KeyDrop
-------------------------------------------------------------------------------------------------------------------------------------------------------------------------------
 Low      0/0    0.00 KB   0.0      0.0     0.0      0.0       0.0      0.0       0.0   0.0      0.5      0.5      2.93              0.17         1    2.932     13K   1452
User      0/0    0.00 KB   0.0      0.0     0.0      0.0       0.0      0.0       0.0   0.0      0.0      0.0      2.48              0.00         1    2.485       0      0
Uptime(secs): 29.2 total, 29.2 interval
Flush(GB): cumulative 0.000, interval 0.000
AddFile(GB): cumulative 0.000, interval 0.000
AddFile(Total Files): cumulative 0, interval 0
AddFile(L0 Files): cumulative 0, interval 0
AddFile(Keys): cumulative 0, interval 0
Cumulative compaction: 0.00 GB write, 0.05 MB/s write, 0.00 GB read, 0.05 MB/s read, 5.4 seconds
Interval compaction: 0.00 GB write, 0.05 MB/s write, 0.00 GB read, 0.05 MB/s read, 5.4 seconds
Stalls(count): 0 level0_slowdown, 0 level0_slowdown_with_compaction, 0 level0_numfiles, 0 level0_numfiles_with_compaction, 0 stop for pending_compaction_bytes, 0 slowdown for pending_compaction_bytes, 0 memtable_compaction, 0 memtable_slowdown, interval 0 total count
estimated_pending_compaction_bytes: 0 B
I200430 17:27:24.635250 126 server/status/runtime.go:498  [n1] runtime stats: 125 MiB RSS, 115 goroutines, 109 MiB/16 MiB/135 MiB GO alloc/idle/total, 16 MiB/21 MiB CGO alloc/total, 52.2 CGO/sec, 1.7/1.5 %(u/s)time, 0.0 %gc (0x), 3.6 KiB/3.7 KiB (r/w)net
I200430 17:27:34.615178 126 server/status/runtime.go:498  [n1] runtime stats: 134 MiB RSS, 116 goroutines, 117 MiB/7.6 MiB/135 MiB GO alloc/idle/total, 16 MiB/21 MiB CGO alloc/total, 28.2 CGO/sec, 1.6/1.3 %(u/s)time, 0.0 %gc (0x), 252 B/0 B (r/w)net
I200430 17:27:44.616065 126 server/status/runtime.go:498  [n1] runtime stats: 138 MiB RSS, 116 goroutines, 82 MiB/39 MiB/135 MiB GO alloc/idle/total, 16 MiB/21 MiB CGO alloc/total, 25.8 CGO/sec, 2.2/1.3 %(u/s)time, 0.5 %gc (1x), 2.2 KiB/2.0 KiB (r/w)net
I200430 17:27:54.543693 122 gossip/gossip.go:566  [n1] gossip status (ok, 1 node)
gossip client (0/3 cur/max conns)
gossip server (0/3 cur/max conns, infos 0/0 sent/received, bytes 0B/0B sent/received)
gossip connectivity
  n1 [sentinel];
I200430 17:27:54.634240 126 server/status/runtime.go:498  [n1] runtime stats: 139 MiB RSS, 117 goroutines, 88 MiB/33 MiB/135 MiB GO alloc/idle/total, 16 MiB/21 MiB CGO alloc/total, 31.3 CGO/sec, 1.6/1.9 %(u/s)time, 0.0 %gc (0x), 1.9 KiB/2.0 KiB (r/w)net
I200430 17:28:04.611800 126 server/status/runtime.go:498  [n1] runtime stats: 139 MiB RSS, 115 goroutines, 95 MiB/27 MiB/135 MiB GO alloc/idle/total, 16 MiB/21 MiB CGO alloc/total, 48.5 CGO/sec, 2.3/2.8 %(u/s)time, 0.0 %gc (0x), 252 B/0 B (r/w)net
I200430 17:28:14.616790 126 server/status/runtime.go:498  [n1] runtime stats: 141 MiB RSS, 115 goroutines, 102 MiB/22 MiB/135 MiB GO alloc/idle/total, 16 MiB/21 MiB CGO alloc/total, 26.2 CGO/sec, 1.5/1.2 %(u/s)time, 0.0 %gc (0x), 108 B/0 B (r/w)net
I200430 17:28:24.614602 126 server/status/runtime.go:498  [n1] runtime stats: 140 MiB RSS, 117 goroutines, 108 MiB/16 MiB/135 MiB GO alloc/idle/total, 16 MiB/21 MiB CGO alloc/total, 30.5 CGO/sec, 1.5/1.4 %(u/s)time, 0.0 %gc (0x), 1.7 KiB/1.9 KiB (r/w)net
I200430 17:28:34.595194 126 server/status/runtime.go:498  [n1] runtime stats: 141 MiB RSS, 118 goroutines, 114 MiB/9.8 MiB/135 MiB GO alloc/idle/total, 16 MiB/21 MiB CGO alloc/total, 24.9 CGO/sec, 1.2/0.7 %(u/s)time, 0.0 %gc (0x), 126 B/0 B (r/w)net
I200430 17:28:44.645028 126 server/status/runtime.go:498  [n1] runtime stats: 141 MiB RSS, 118 goroutines, 120 MiB/4.0 MiB/135 MiB GO alloc/idle/total, 16 MiB/21 MiB CGO alloc/total, 23.0 CGO/sec, 1.2/0.9 %(u/s)time, 0.0 %gc (0x), 66 B/66 B (r/w)net
I200430 17:28:54.533810 122 gossip/gossip.go:566  [n1] gossip status (ok, 1 node)
gossip client (0/3 cur/max conns)
gossip server (0/3 cur/max conns, infos 0/0 sent/received, bytes 0B/0B sent/received)
I200430 17:28:54.620966 126 server/status/runtime.go:498  [n1] runtime stats: 150 MiB RSS, 118 goroutines, 127 MiB/60 MiB/201 MiB GO alloc/idle/total, 16 MiB/21 MiB CGO alloc/total, 24.7 CGO/sec, 3.5/3.7 %(u/s)time, 0.0 %gc (0x), 178 B/66 B (r/w)net
I200430 17:29:04.589013 126 server/status/runtime.go:498  [n1] runtime stats: 160 MiB RSS, 117 goroutines, 136 MiB/52 MiB/201 MiB GO alloc/idle/total, 16 MiB/21 MiB CGO alloc/total, 52.6 CGO/sec, 5.3/4.2 %(u/s)time, 0.0 %gc (0x), 42 B/42 B (r/w)net
I200430 17:29:14.589529 126 server/status/runtime.go:498  [n1] runtime stats: 162 MiB RSS, 117 goroutines, 84 MiB/100 MiB/201 MiB GO alloc/idle/total, 16 MiB/22 MiB CGO alloc/total, 28.8 CGO/sec, 2.1/1.3 %(u/s)time, 0.0 %gc (1x), 66 B/66 B (r/w)net
I200430 17:29:24.589362 126 server/status/runtime.go:498  [n1] runtime stats: 162 MiB RSS, 117 goroutines, 90 MiB/94 MiB/201 MiB GO alloc/idle/total, 16 MiB/22 MiB CGO alloc/total, 26.6 CGO/sec, 1.1/0.8 %(u/s)time, 0.0 %gc (0x), 132 B/132 B (r/w)net
I200430 17:29:34.572449 126 server/status/runtime.go:498  [n1] runtime stats: 163 MiB RSS, 118 goroutines, 97 MiB/89 MiB/201 MiB GO alloc/idle/total, 16 MiB/22 MiB CGO alloc/total, 26.5 CGO/sec, 1.0/0.6 %(u/s)time, 0.0 %gc (0x), 284 B/84 B (r/w)net
I200430 17:29:44.580062 126 server/status/runtime.go:498  [n1] runtime stats: 163 MiB RSS, 118 goroutines, 103 MiB/83 MiB/202 MiB GO alloc/idle/total, 16 MiB/22 MiB CGO alloc/total, 21.1 CGO/sec, 1.0/0.6 %(u/s)time, 0.0 %gc (0x), 772 B/387 B (r/w)net
I200430 17:29:54.458160 122 gossip/gossip.go:566  [n1] gossip status (ok, 1 node)
gossip client (0/3 cur/max conns)
gossip server (0/3 cur/max conns, infos 0/0 sent/received, bytes 0B/0B sent/received)
I200430 17:29:54.578488 126 server/status/runtime.go:498  [n1] runtime stats: 163 MiB RSS, 118 goroutines, 109 MiB/78 MiB/202 MiB GO alloc/idle/total, 16 MiB/22 MiB CGO alloc/total, 32.6 CGO/sec, 1.4/1.2 %(u/s)time, 0.0 %gc (0x), 66 B/66 B (r/w)net
I200430 17:30:04.552676 126 server/status/runtime.go:498  [n1] runtime stats: 163 MiB RSS, 117 goroutines, 116 MiB/71 MiB/202 MiB GO alloc/idle/total, 16 MiB/22 MiB CGO alloc/total, 50.3 CGO/sec, 2.3/1.8 %(u/s)time, 0.0 %gc (0x), 0 B/0 B (r/w)net
I200430 17:30:14.552922 126 server/status/runtime.go:498  [n1] runtime stats: 163 MiB RSS, 117 goroutines, 122 MiB/66 MiB/202 MiB GO alloc/idle/total, 16 MiB/22 MiB CGO alloc/total, 24.5 CGO/sec, 1.0/0.6 %(u/s)time, 0.0 %gc (0x), 108 B/108 B (r/w)net
I200430 17:30:24.590928 126 server/status/runtime.go:498  [n1] runtime stats: 164 MiB RSS, 119 goroutines, 128 MiB/60 MiB/202 MiB GO alloc/idle/total, 16 MiB/22 MiB CGO alloc/total, 25.2 CGO/sec, 1.2/1.0 %(u/s)time, 0.0 %gc (0x), 1.4 KiB/1.7 KiB (r/w)net
I200430 17:30:34.567371 126 server/status/runtime.go:498  [n1] runtime stats: 164 MiB RSS, 120 goroutines, 134 MiB/54 MiB/202 MiB GO alloc/idle/total, 16 MiB/22 MiB CGO alloc/total, 24.8 CGO/sec, 1.3/1.1 %(u/s)time, 0.0 %gc (0x), 66 B/66 B (r/w)net
I200430 17:30:44.571002 126 server/status/runtime.go:498  [n1] runtime stats: 167 MiB RSS, 120 goroutines, 140 MiB/48 MiB/202 MiB GO alloc/idle/total, 16 MiB/22 MiB CGO alloc/total, 30.2 CGO/sec, 0.9/0.8 %(u/s)time, 0.0 %gc (0x), 240 B/240 B (r/w)net
I200430 17:30:54.410232 122 gossip/gossip.go:566  [n1] gossip status (ok, 1 node)
gossip client (0/3 cur/max conns)
gossip server (0/3 cur/max conns, infos 0/0 sent/received, bytes 0B/0B sent/received)
I200430 17:30:54.602112 126 server/status/runtime.go:498  [n1] runtime stats: 175 MiB RSS, 122 goroutines, 79 MiB/105 MiB/202 MiB GO alloc/idle/total, 16 MiB/22 MiB CGO alloc/total, 23.0 CGO/sec, 1.4/1.0 %(u/s)time, 0.0 %gc (1x), 66 B/66 B (r/w)net
I200430 17:31:04.556397 126 server/status/runtime.go:498  [n1] runtime stats: 175 MiB RSS, 119 goroutines, 86 MiB/99 MiB/202 MiB GO alloc/idle/total, 16 MiB/22 MiB CGO alloc/total, 49.5 CGO/sec, 1.7/1.2 %(u/s)time, 0.0 %gc (0x), 66 B/66 B (r/w)net
I200430 17:31:14.555887 126 server/status/runtime.go:498  [n1] runtime stats: 176 MiB RSS, 119 goroutines, 93 MiB/93 MiB/202 MiB GO alloc/idle/total, 16 MiB/22 MiB CGO alloc/total, 26.6 CGO/sec, 0.9/0.6 %(u/s)time, 0.0 %gc (0x), 244 B/174 B (r/w)net
I200430 17:31:24.555683 126 server/status/runtime.go:498  [n1] runtime stats: 176 MiB RSS, 119 goroutines, 99 MiB/88 MiB/202 MiB GO alloc/idle/total, 15 MiB/22 MiB CGO alloc/total, 24.2 CGO/sec, 1.1/0.6 %(u/s)time, 0.0 %gc (0x), 174 B/174 B (r/w)net
I200430 17:31:34.533763 126 server/status/runtime.go:498  [n1] runtime stats: 176 MiB RSS, 120 goroutines, 105 MiB/82 MiB/202 MiB GO alloc/idle/total, 15 MiB/22 MiB CGO alloc/total, 29.0 CGO/sec, 0.9/0.7 %(u/s)time, 0.0 %gc (0x), 66 B/66 B (r/w)net
I200430 17:31:44.537003 126 server/status/runtime.go:498  [n1] runtime stats: 176 MiB RSS, 120 goroutines, 111 MiB/76 MiB/202 MiB GO alloc/idle/total, 15 MiB/22 MiB CGO alloc/total, 26.4 CGO/sec, 0.8/0.7 %(u/s)time, 0.0 %gc (0x), 240 B/240 B (r/w)net
I200430 17:31:54.364978 122 gossip/gossip.go:566  [n1] gossip status (ok, 1 node)
gossip client (0/3 cur/max conns)
gossip server (0/3 cur/max conns, infos 0/0 sent/received, bytes 0B/0B sent/received)
I200430 17:31:54.534300 126 server/status/runtime.go:498  [n1] runtime stats: 177 MiB RSS, 120 goroutines, 117 MiB/70 MiB/202 MiB GO alloc/idle/total, 15 MiB/22 MiB CGO alloc/total, 24.8 CGO/sec, 0.8/0.8 %(u/s)time, 0.0 %gc (0x), 66 B/66 B (r/w)net
I200430 17:32:04.513023 126 server/status/runtime.go:498  [n1] runtime stats: 177 MiB RSS, 119 goroutines, 124 MiB/64 MiB/202 MiB GO alloc/idle/total, 15 MiB/22 MiB CGO alloc/total, 52.4 CGO/sec, 1.2/0.7 %(u/s)time, 0.0 %gc (0x), 108 B/108 B (r/w)net
I200430 17:32:14.514041 126 server/status/runtime.go:498  [n1] runtime stats: 177 MiB RSS, 119 goroutines, 130 MiB/58 MiB/202 MiB GO alloc/idle/total, 15 MiB/22 MiB CGO alloc/total, 24.6 CGO/sec, 0.8/0.6 %(u/s)time, 0.0 %gc (0x), 174 B/174 B (r/w)net
I200430 17:32:24.514971 126 server/status/runtime.go:498  [n1] runtime stats: 178 MiB RSS, 119 goroutines, 136 MiB/52 MiB/202 MiB GO alloc/idle/total, 15 MiB/22 MiB CGO alloc/total, 23.4 CGO/sec, 0.9/0.7 %(u/s)time, 0.0 %gc (0x), 249 B/238 B (r/w)net
I200430 17:32:34.518898 126 server/status/runtime.go:498  [n1] runtime stats: 178 MiB RSS, 120 goroutines, 142 MiB/46 MiB/202 MiB GO alloc/idle/total, 15 MiB/22 MiB CGO alloc/total, 26.1 CGO/sec, 1.0/0.8 %(u/s)time, 0.0 %gc (0x), 66 B/66 B (r/w)net
I200430 17:32:44.514537 126 server/status/runtime.go:498  [n1] runtime stats: 181 MiB RSS, 120 goroutines, 77 MiB/106 MiB/202 MiB GO alloc/idle/total, 15 MiB/22 MiB CGO alloc/total, 23.1 CGO/sec, 1.3/1.6 %(u/s)time, 0.0 %gc (1x), 240 B/240 B (r/w)net
I200430 17:32:54.320263 122 gossip/gossip.go:566  [n1] gossip status (ok, 1 node)
gossip client (0/3 cur/max conns)
gossip server (0/3 cur/max conns, infos 0/0 sent/received, bytes 0B/0B sent/received)
I200430 17:32:54.515160 126 server/status/runtime.go:498  [n1] runtime stats: 181 MiB RSS, 120 goroutines, 84 MiB/100 MiB/202 MiB GO alloc/idle/total, 23 MiB/30 MiB CGO alloc/total, 28.8 CGO/sec, 0.9/0.5 %(u/s)time, 0.0 %gc (0x), 66 B/66 B (r/w)net
I200430 17:33:04.492981 126 server/status/runtime.go:498  [n1] runtime stats: 181 MiB RSS, 119 goroutines, 91 MiB/95 MiB/202 MiB GO alloc/idle/total, 23 MiB/30 MiB CGO alloc/total, 53.9 CGO/sec, 1.5/0.6 %(u/s)time, 0.0 %gc (0x), 108 B/108 B (r/w)net
I200430 17:33:14.494252 126 server/status/runtime.go:498  [n1] runtime stats: 181 MiB RSS, 119 goroutines, 97 MiB/89 MiB/202 MiB GO alloc/idle/total, 23 MiB/30 MiB CGO alloc/total, 23.1 CGO/sec, 1.0/0.4 %(u/s)time, 0.0 %gc (0x), 132 B/132 B (r/w)net
I200430 17:33:16.195843 1 cli/start.go:865  received signal 'terminated'
I200430 17:33:16.196716 1 cli/start.go:930  initiating graceful shutdown of server
I200430 17:33:16.202615 4543 util/stop/stopper.go:542  [server drain process] quiescing; tasks left:
1      [async] intent_resolver_ir_batcher
1      [async] intent_resolver_gc_batcher
1      [async] closedts-rangefeed-subscriber
I200430 17:33:16.213171 4543 util/stop/stopper.go:542  [server drain process] quiescing; tasks left:
1      [async] intent_resolver_ir_batcher
1      [async] intent_resolver_gc_batcher
I200430 17:33:16.216207 4543 storage/engine/rocksdb.go:762  closing rocksdb instance at "/cockroach/cockroach-data/cockroach-temp144046356"
I200430 17:33:16.414126 4543 storage/engine/rocksdb.go:762  closing rocksdb instance at "/cockroach/cockroach-data"
I200430 17:33:16.484559 1 cli/start.go:976  server drained and shutdown completed
