I200430 18:25:56.774121 30 util/log/clog.go:1196  [config] file created at: 2020/04/30 18:25:56
I200430 18:25:56.774121 30 util/log/clog.go:1196  [config] running on machine: 6f2d19319263
I200430 18:25:56.774121 30 util/log/clog.go:1196  [config] binary: CockroachDB CCL v19.2.5 (x86_64-unknown-linux-gnu, built 2020/03/16 18:27:12, go1.12.12)
I200430 18:25:56.774121 30 util/log/clog.go:1196  [config] arguments: [/cockroach/cockroach start --insecure]
I200430 18:25:56.774121 30 util/log/clog.go:1196  line format: [IWEF]yymmdd hh:mm:ss.uuuuuu goid file:line msg utf8=✓
I200430 18:25:56.774119 30 storage/engine/rocksdb.go:120  RocksDB version: 6.2.1
I200430 18:25:56.944758 30 storage/engine/rocksdb.go:120  Git sha rocksdb_build_git_sha:@b7009236531fa784872f4823eabf393501e41bf2@
I200430 18:25:57.321159 30 storage/engine/rocksdb.go:120  Compile date Mar 16 2020
I200430 18:25:57.321200 30 storage/engine/rocksdb.go:120  DB SUMMARY
I200430 18:25:57.345381 30 storage/engine/rocksdb.go:120  SST files in /cockroach/cockroach-data/cockroach-temp143364183 dir, Total Num: 0, files: 
I200430 18:25:57.345859 30 storage/engine/rocksdb.go:120  Write Ahead Log file in /cockroach/cockroach-data/cockroach-temp143364183: 
I200430 18:25:57.345871 30 storage/engine/rocksdb.go:120                          Options.error_if_exists: 0
I200430 18:25:57.345877 30 storage/engine/rocksdb.go:120                        Options.create_if_missing: 1
I200430 18:25:57.345921 30 storage/engine/rocksdb.go:120                          Options.paranoid_checks: 1
I200430 18:25:57.345936 30 storage/engine/rocksdb.go:120                                      Options.env: 0x75757a0
I200430 18:25:57.346005 30 storage/engine/rocksdb.go:120                                 Options.info_log: 0x7f46374270e0
I200430 18:25:57.346019 30 storage/engine/rocksdb.go:120                 Options.max_file_opening_threads: 16
I200430 18:25:57.346031 30 storage/engine/rocksdb.go:120                               Options.statistics: 0x7f4637434010
I200430 18:25:57.346043 30 storage/engine/rocksdb.go:120                                Options.use_fsync: 0
I200430 18:25:57.346054 30 storage/engine/rocksdb.go:120                        Options.max_log_file_size: 0
I200430 18:25:57.346064 30 storage/engine/rocksdb.go:120                   Options.max_manifest_file_size: 134217728
I200430 18:25:57.346074 30 storage/engine/rocksdb.go:120                    Options.log_file_time_to_roll: 0
I200430 18:25:57.346084 30 storage/engine/rocksdb.go:120                        Options.keep_log_file_num: 1000
I200430 18:25:57.346094 30 storage/engine/rocksdb.go:120                     Options.recycle_log_file_num: 1
I200430 18:25:57.346104 30 storage/engine/rocksdb.go:120                          Options.allow_fallocate: 1
I200430 18:25:57.346114 30 storage/engine/rocksdb.go:120                         Options.allow_mmap_reads: 0
I200430 18:25:57.346124 30 storage/engine/rocksdb.go:120                        Options.allow_mmap_writes: 0
I200430 18:25:57.346133 30 storage/engine/rocksdb.go:120                         Options.use_direct_reads: 0
I200430 18:25:57.346142 30 storage/engine/rocksdb.go:120                         Options.use_direct_io_for_flush_and_compaction: 0
I200430 18:25:57.346152 30 storage/engine/rocksdb.go:120           Options.create_missing_column_families: 0
I200430 18:25:57.346162 30 storage/engine/rocksdb.go:120                               Options.db_log_dir: 
I200430 18:25:57.346172 30 storage/engine/rocksdb.go:120                                  Options.wal_dir: /cockroach/cockroach-data/cockroach-temp143364183
I200430 18:25:57.346183 30 storage/engine/rocksdb.go:120                 Options.table_cache_numshardbits: 6
I200430 18:25:57.346195 30 storage/engine/rocksdb.go:120                       Options.max_subcompactions: 1
I200430 18:25:57.346205 30 storage/engine/rocksdb.go:120                   Options.max_background_flushes: -1
I200430 18:25:57.346214 30 storage/engine/rocksdb.go:120                          Options.WAL_ttl_seconds: 0
I200430 18:25:57.346224 30 storage/engine/rocksdb.go:120                        Options.WAL_size_limit_MB: 0
I200430 18:25:57.346234 30 storage/engine/rocksdb.go:120              Options.manifest_preallocation_size: 4194304
I200430 18:25:57.346246 30 storage/engine/rocksdb.go:120                      Options.is_fd_close_on_exec: 1
I200430 18:25:57.346552 30 storage/engine/rocksdb.go:120                    Options.advise_random_on_open: 1
I200430 18:25:57.346571 30 storage/engine/rocksdb.go:120                     Options.db_write_buffer_size: 0
I200430 18:25:57.346581 30 storage/engine/rocksdb.go:120                     Options.write_buffer_manager: 0x7f4637419060
I200430 18:25:57.346591 30 storage/engine/rocksdb.go:120          Options.access_hint_on_compaction_start: 1
I200430 18:25:57.346602 30 storage/engine/rocksdb.go:120   Options.new_table_reader_for_compaction_inputs: 0
I200430 18:25:57.346614 30 storage/engine/rocksdb.go:120            Options.random_access_max_buffer_size: 1048576
I200430 18:25:57.346679 30 storage/engine/rocksdb.go:120                       Options.use_adaptive_mutex: 0
I200430 18:25:57.346696 30 storage/engine/rocksdb.go:120                             Options.rate_limiter: (nil)
I200430 18:25:57.346707 30 storage/engine/rocksdb.go:120      Options.sst_file_manager.rate_bytes_per_sec: 0
I200430 18:25:57.346717 30 storage/engine/rocksdb.go:120                        Options.wal_recovery_mode: 0
I200430 18:25:57.346726 30 storage/engine/rocksdb.go:120                   Options.enable_thread_tracking: 0
I200430 18:25:57.346736 30 storage/engine/rocksdb.go:120                   Options.enable_pipelined_write: 0
I200430 18:25:57.346746 30 storage/engine/rocksdb.go:120          Options.allow_concurrent_memtable_write: 1
I200430 18:25:57.346755 30 storage/engine/rocksdb.go:120       Options.enable_write_thread_adaptive_yield: 1
I200430 18:25:57.346765 30 storage/engine/rocksdb.go:120              Options.write_thread_max_yield_usec: 100
I200430 18:25:57.346775 30 storage/engine/rocksdb.go:120             Options.write_thread_slow_yield_usec: 3
I200430 18:25:57.346785 30 storage/engine/rocksdb.go:120                                Options.row_cache: None
I200430 18:25:57.346795 30 storage/engine/rocksdb.go:120                               Options.wal_filter: None
I200430 18:25:57.346804 30 storage/engine/rocksdb.go:120              Options.avoid_flush_during_recovery: 0
I200430 18:25:57.346814 30 storage/engine/rocksdb.go:120              Options.allow_ingest_behind: 0
I200430 18:25:57.346823 30 storage/engine/rocksdb.go:120              Options.preserve_deletes: 0
I200430 18:25:57.346831 30 storage/engine/rocksdb.go:120              Options.two_write_queues: 0
I200430 18:25:57.346839 30 storage/engine/rocksdb.go:120              Options.manual_wal_flush: 1
I200430 18:25:57.346850 30 storage/engine/rocksdb.go:120              Options.atomic_flush: 0
I200430 18:25:57.346858 30 storage/engine/rocksdb.go:120              Options.avoid_unnecessary_blocking_io: 0
I200430 18:25:57.346868 30 storage/engine/rocksdb.go:120              Options.max_background_jobs: 2
I200430 18:25:57.346890 30 storage/engine/rocksdb.go:120              Options.max_background_compactions: -1
I200430 18:25:57.346904 30 storage/engine/rocksdb.go:120              Options.avoid_flush_during_shutdown: 0
I200430 18:25:57.346914 30 storage/engine/rocksdb.go:120            Options.writable_file_max_buffer_size: 1048576
I200430 18:25:57.346920 30 storage/engine/rocksdb.go:120              Options.delayed_write_rate : 16777216
I200430 18:25:57.346928 30 storage/engine/rocksdb.go:120              Options.max_total_wal_size: 0
I200430 18:25:57.346934 30 storage/engine/rocksdb.go:120              Options.delete_obsolete_files_period_micros: 21600000000
I200430 18:25:57.346940 30 storage/engine/rocksdb.go:120                    Options.stats_dump_period_sec: 0
I200430 18:25:57.346945 30 storage/engine/rocksdb.go:120                  Options.stats_persist_period_sec: 600
I200430 18:25:57.346951 30 storage/engine/rocksdb.go:120                  Options.stats_history_buffer_size: 1048576
I200430 18:25:57.346956 30 storage/engine/rocksdb.go:120                           Options.max_open_files: 128
I200430 18:25:57.346962 30 storage/engine/rocksdb.go:120                           Options.bytes_per_sync: 524288
I200430 18:25:57.346969 30 storage/engine/rocksdb.go:120                       Options.wal_bytes_per_sync: 0
I200430 18:25:57.346974 30 storage/engine/rocksdb.go:120                    Options.strict_bytes_per_sync: 1
I200430 18:25:57.346979 30 storage/engine/rocksdb.go:120        Options.compaction_readahead_size: 0
I200430 18:25:57.346985 30 storage/engine/rocksdb.go:120  Compression algorithms supported:
I200430 18:25:57.346992 30 storage/engine/rocksdb.go:120  	kZSTDNotFinalCompression supported: 0
I200430 18:25:57.347001 30 storage/engine/rocksdb.go:120  	kZSTD supported: 0
I200430 18:25:57.347013 30 storage/engine/rocksdb.go:120  	kXpressCompression supported: 0
I200430 18:25:57.347026 30 storage/engine/rocksdb.go:120  	kLZ4HCCompression supported: 0
I200430 18:25:57.347036 30 storage/engine/rocksdb.go:120  	kLZ4Compression supported: 0
I200430 18:25:57.347062 30 storage/engine/rocksdb.go:120  	kBZip2Compression supported: 0
I200430 18:25:57.347078 30 storage/engine/rocksdb.go:120  	kZlibCompression supported: 0
I200430 18:25:57.347092 30 storage/engine/rocksdb.go:120  	kSnappyCompression supported: 1
I200430 18:25:57.347133 30 storage/engine/rocksdb.go:120  Fast CRC32 supported: Supported on x86
I200430 18:25:57.399917 30 storage/engine/rocksdb.go:120  [db/db_impl_open.cc:242] Creating manifest 1 
I200430 18:25:57.507956 30 storage/engine/rocksdb.go:120  [db/version_set.cc:4072] Recovering from manifest file: /cockroach/cockroach-data/cockroach-temp143364183/MANIFEST-000001
I200430 18:25:57.523176 30 storage/engine/rocksdb.go:120  [db/column_family.cc:488] --------------- Options for column family [default]:
I200430 18:25:57.523197 30 storage/engine/rocksdb.go:120                Options.comparator: cockroach_comparator
I200430 18:25:57.523204 30 storage/engine/rocksdb.go:120            Options.merge_operator: cockroach_merge_operator
I200430 18:25:57.523210 30 storage/engine/rocksdb.go:120         Options.compaction_filter: None
I200430 18:25:57.523215 30 storage/engine/rocksdb.go:120         Options.compaction_filter_factory: None
I200430 18:25:57.523221 30 storage/engine/rocksdb.go:120          Options.memtable_factory: SkipListFactory
I200430 18:25:57.523226 30 storage/engine/rocksdb.go:120             Options.table_factory: BlockBasedTable
I200430 18:25:57.523349 30 storage/engine/rocksdb.go:120             table_factory options:   flush_block_policy_factory: FlushBlockBySizePolicyFactory (0x7f4637428030)
  cache_index_and_filter_blocks: 0
  cache_index_and_filter_blocks_with_high_priority: 0
  pin_l0_filter_and_index_blocks_in_cache: 0
  pin_top_level_index_and_filter: 1
  index_type: 0
  data_block_index_type: 0
  index_shortening: 1
  data_block_hash_table_util_ratio: 0.750000
  hash_index_allow_collision: 1
  checksum: 1
  no_block_cache: 0
  block_cache: 0x7f463741c010
  block_cache_name: LRUCache
  block_cache_options:
    capacity : 1048576
    num_shard_bits : 4
    strict_capacity_limit : 0
    memory_allocator : None
    high_pri_pool_ratio: 0.000
  block_cache_compressed: (nil)
  persistent_cache: (nil)
  block_size: 32768
  block_size_deviation: 10
  block_restart_interval: 16
  index_block_restart_interval: 1
  metadata_block_size: 4096
  partition_filters: 0
  use_delta_encoding: 1
  filter_policy: rocksdb.BuiltinBloomFilter
  whole_key_filtering: 0
  verify_compression: 0
  read_amp_bytes_per_bit: 0
  format_version: 2
  enable_index_compression: 1
  block_align: 0
I200430 18:25:57.523380 30 storage/engine/rocksdb.go:120         Options.write_buffer_size: 67108864
I200430 18:25:57.523389 30 storage/engine/rocksdb.go:120   Options.max_write_buffer_number: 4
I200430 18:25:57.531239 30 storage/engine/rocksdb.go:120           Options.compression: Snappy
I200430 18:25:57.531736 30 storage/engine/rocksdb.go:120                   Options.bottommost_compression: Disabled
I200430 18:25:57.531747 30 storage/engine/rocksdb.go:120        Options.prefix_extractor: cockroach_prefix_extractor
I200430 18:25:57.531753 30 storage/engine/rocksdb.go:120    Options.memtable_insert_with_hint_prefix_extractor: nullptr
I200430 18:25:57.531759 30 storage/engine/rocksdb.go:120              Options.num_levels: 7
I200430 18:25:57.531765 30 storage/engine/rocksdb.go:120         Options.min_write_buffer_number_to_merge: 1
I200430 18:25:57.532247 30 storage/engine/rocksdb.go:120      Options.max_write_buffer_number_to_maintain: 0
I200430 18:25:57.533063 30 storage/engine/rocksdb.go:120             Options.bottommost_compression_opts.window_bits: -14
I200430 18:25:57.534594 30 storage/engine/rocksdb.go:120                   Options.bottommost_compression_opts.level: 32767
I200430 18:25:57.534678 30 storage/engine/rocksdb.go:120                Options.bottommost_compression_opts.strategy: 0
I200430 18:25:57.541200 30 storage/engine/rocksdb.go:120          Options.bottommost_compression_opts.max_dict_bytes: 0
I200430 18:25:57.541233 30 storage/engine/rocksdb.go:120          Options.bottommost_compression_opts.zstd_max_train_bytes: 0
I200430 18:25:57.541244 30 storage/engine/rocksdb.go:120                   Options.bottommost_compression_opts.enabled: false
I200430 18:25:57.541255 30 storage/engine/rocksdb.go:120             Options.compression_opts.window_bits: -14
I200430 18:25:57.541264 30 storage/engine/rocksdb.go:120                   Options.compression_opts.level: 32767
I200430 18:25:57.541274 30 storage/engine/rocksdb.go:120                Options.compression_opts.strategy: 0
I200430 18:25:57.541359 30 storage/engine/rocksdb.go:120          Options.compression_opts.max_dict_bytes: 0
I200430 18:25:57.541375 30 storage/engine/rocksdb.go:120          Options.compression_opts.zstd_max_train_bytes: 0
I200430 18:25:57.541385 30 storage/engine/rocksdb.go:120                   Options.compression_opts.enabled: false
I200430 18:25:57.541394 30 storage/engine/rocksdb.go:120       Options.level0_file_num_compaction_trigger: 2
I200430 18:25:57.550561 30 storage/engine/rocksdb.go:120           Options.level0_slowdown_writes_trigger: 950
I200430 18:25:57.553930 30 storage/engine/rocksdb.go:120               Options.level0_stop_writes_trigger: 1000
I200430 18:25:57.554991 30 storage/engine/rocksdb.go:120                    Options.target_file_size_base: 4194304
I200430 18:25:57.555013 30 storage/engine/rocksdb.go:120              Options.target_file_size_multiplier: 2
I200430 18:25:57.555019 30 storage/engine/rocksdb.go:120                 Options.max_bytes_for_level_base: 67108864
I200430 18:25:57.555025 30 storage/engine/rocksdb.go:120  Options.level_compaction_dynamic_level_bytes: 1
I200430 18:25:57.555034 30 storage/engine/rocksdb.go:120           Options.max_bytes_for_level_multiplier: 10.000000
I200430 18:25:57.555040 30 storage/engine/rocksdb.go:120  Options.max_bytes_for_level_multiplier_addtl[0]: 1
I200430 18:25:57.555046 30 storage/engine/rocksdb.go:120  Options.max_bytes_for_level_multiplier_addtl[1]: 1
I200430 18:25:57.555059 30 storage/engine/rocksdb.go:120  Options.max_bytes_for_level_multiplier_addtl[2]: 1
I200430 18:25:57.555065 30 storage/engine/rocksdb.go:120  Options.max_bytes_for_level_multiplier_addtl[3]: 1
I200430 18:25:57.555070 30 storage/engine/rocksdb.go:120  Options.max_bytes_for_level_multiplier_addtl[4]: 1
I200430 18:25:57.555075 30 storage/engine/rocksdb.go:120  Options.max_bytes_for_level_multiplier_addtl[5]: 1
I200430 18:25:57.555080 30 storage/engine/rocksdb.go:120  Options.max_bytes_for_level_multiplier_addtl[6]: 1
I200430 18:25:57.555085 30 storage/engine/rocksdb.go:120        Options.max_sequential_skip_in_iterations: 8
I200430 18:25:57.555091 30 storage/engine/rocksdb.go:120                     Options.max_compaction_bytes: 104857600
I200430 18:25:57.555096 30 storage/engine/rocksdb.go:120                         Options.arena_block_size: 8388608
I200430 18:25:57.555101 30 storage/engine/rocksdb.go:120    Options.soft_pending_compaction_bytes_limit: 2199023255552
I200430 18:25:57.555106 30 storage/engine/rocksdb.go:120    Options.hard_pending_compaction_bytes_limit: 4400193994752
I200430 18:25:57.555112 30 storage/engine/rocksdb.go:120        Options.rate_limit_delay_max_milliseconds: 100
I200430 18:25:57.555117 30 storage/engine/rocksdb.go:120                 Options.disable_auto_compactions: 0
I200430 18:25:57.555130 30 storage/engine/rocksdb.go:120                         Options.compaction_style: kCompactionStyleLevel
I200430 18:25:57.555184 30 storage/engine/rocksdb.go:120                           Options.compaction_pri: kMinOverlappingRatio
I200430 18:25:57.555200 30 storage/engine/rocksdb.go:120  Options.compaction_options_universal.size_ratio: 1
I200430 18:25:57.555208 30 storage/engine/rocksdb.go:120  Options.compaction_options_universal.min_merge_width: 2
I200430 18:25:57.555215 30 storage/engine/rocksdb.go:120  Options.compaction_options_universal.max_merge_width: 4294967295
I200430 18:25:57.555221 30 storage/engine/rocksdb.go:120  Options.compaction_options_universal.max_size_amplification_percent: 200
I200430 18:25:57.555227 30 storage/engine/rocksdb.go:120  Options.compaction_options_universal.compression_size_percent: -1
I200430 18:25:57.555233 30 storage/engine/rocksdb.go:120  Options.compaction_options_universal.stop_style: kCompactionStopStyleTotalSize
I200430 18:25:57.555239 30 storage/engine/rocksdb.go:120  Options.compaction_options_fifo.max_table_files_size: 1073741824
I200430 18:25:57.555245 30 storage/engine/rocksdb.go:120  Options.compaction_options_fifo.allow_compaction: 0
I200430 18:25:57.555255 30 storage/engine/rocksdb.go:120                    Options.table_properties_collectors: TimeBoundTblPropCollectorFactory; DeleteRangeTblPropCollectorFactory; 
I200430 18:25:57.555262 30 storage/engine/rocksdb.go:120                    Options.inplace_update_support: 0
I200430 18:25:57.555268 30 storage/engine/rocksdb.go:120                  Options.inplace_update_num_locks: 10000
I200430 18:25:57.555275 30 storage/engine/rocksdb.go:120                Options.memtable_prefix_bloom_size_ratio: 0.000000
I200430 18:25:57.555281 30 storage/engine/rocksdb.go:120                Options.memtable_whole_key_filtering: 0
I200430 18:25:57.555286 30 storage/engine/rocksdb.go:120    Options.memtable_huge_page_size: 0
I200430 18:25:57.555291 30 storage/engine/rocksdb.go:120                            Options.bloom_locality: 0
I200430 18:25:57.555296 30 storage/engine/rocksdb.go:120                     Options.max_successive_merges: 0
I200430 18:25:57.555301 30 storage/engine/rocksdb.go:120                 Options.optimize_filters_for_hits: 1
I200430 18:25:57.555306 30 storage/engine/rocksdb.go:120                 Options.paranoid_file_checks: 0
I200430 18:25:57.555312 30 storage/engine/rocksdb.go:120                 Options.force_consistency_checks: 0
I200430 18:25:57.555317 30 storage/engine/rocksdb.go:120                 Options.report_bg_io_stats: 0
I200430 18:25:57.555322 30 storage/engine/rocksdb.go:120                                Options.ttl: 0
I200430 18:25:57.555327 30 storage/engine/rocksdb.go:120           Options.periodic_compaction_seconds: 0
I200430 18:25:57.646382 30 storage/engine/rocksdb.go:120  [db/version_set.cc:4286] Recovered from manifest file:/cockroach/cockroach-data/cockroach-temp143364183/MANIFEST-000001 succeeded,manifest_file_number is 1, next_file_number is 3, last_sequence is 0, log_number is 0,prev_log_number is 0,max_column_family is 0,min_log_number_to_keep is 0
I200430 18:25:57.646524 30 storage/engine/rocksdb.go:120  [db/version_set.cc:4295] Column family [default] (ID 0), log number is 0
I200430 18:25:57.936645 30 storage/engine/rocksdb.go:120  DB pointer 0x7f46374a1000
I200430 18:25:58.631403 30 storage/engine/rocksdb.go:120  RocksDB version: 6.2.1
I200430 18:25:58.631546 30 storage/engine/rocksdb.go:120  Git sha rocksdb_build_git_sha:@b7009236531fa784872f4823eabf393501e41bf2@
I200430 18:25:58.631616 30 storage/engine/rocksdb.go:120  Compile date Mar 16 2020
I200430 18:25:58.631882 30 storage/engine/rocksdb.go:120  DB SUMMARY
I200430 18:25:58.675332 30 storage/engine/rocksdb.go:120  CURRENT file:  CURRENT
I200430 18:25:58.675483 30 storage/engine/rocksdb.go:120  IDENTITY file:  IDENTITY
I200430 18:25:58.681368 30 storage/engine/rocksdb.go:120  MANIFEST file:  MANIFEST-000393 size: 316 Bytes
I200430 18:25:58.681543 30 storage/engine/rocksdb.go:120  SST files in /cockroach/cockroach-data dir, Total Num: 1, files: 000397.sst 
I200430 18:25:58.681576 30 storage/engine/rocksdb.go:120  Write Ahead Log file in /cockroach/cockroach-data: 000394.log size: 8520792 ; 
I200430 18:25:58.681595 30 storage/engine/rocksdb.go:120                          Options.error_if_exists: 0
I200430 18:25:58.681720 30 storage/engine/rocksdb.go:120                        Options.create_if_missing: 1
I200430 18:25:58.681739 30 storage/engine/rocksdb.go:120                          Options.paranoid_checks: 1
I200430 18:25:58.681749 30 storage/engine/rocksdb.go:120                                      Options.env: 0x75757a0
I200430 18:25:58.681761 30 storage/engine/rocksdb.go:120                                 Options.info_log: 0x7f463800dce0
I200430 18:25:58.681782 30 storage/engine/rocksdb.go:120                 Options.max_file_opening_threads: 16
I200430 18:25:58.681794 30 storage/engine/rocksdb.go:120                               Options.statistics: 0x7f4638024010
I200430 18:25:58.681921 30 storage/engine/rocksdb.go:120                                Options.use_fsync: 0
I200430 18:25:58.681937 30 storage/engine/rocksdb.go:120                        Options.max_log_file_size: 0
I200430 18:25:58.681948 30 storage/engine/rocksdb.go:120                   Options.max_manifest_file_size: 134217728
I200430 18:25:58.681958 30 storage/engine/rocksdb.go:120                    Options.log_file_time_to_roll: 0
I200430 18:25:58.681968 30 storage/engine/rocksdb.go:120                        Options.keep_log_file_num: 1000
I200430 18:25:58.681980 30 storage/engine/rocksdb.go:120                     Options.recycle_log_file_num: 1
I200430 18:25:58.682067 30 storage/engine/rocksdb.go:120                          Options.allow_fallocate: 1
I200430 18:25:58.682080 30 storage/engine/rocksdb.go:120                         Options.allow_mmap_reads: 0
I200430 18:25:58.682092 30 storage/engine/rocksdb.go:120                        Options.allow_mmap_writes: 0
I200430 18:25:58.682103 30 storage/engine/rocksdb.go:120                         Options.use_direct_reads: 0
I200430 18:25:58.682114 30 storage/engine/rocksdb.go:120                         Options.use_direct_io_for_flush_and_compaction: 0
I200430 18:25:58.682124 30 storage/engine/rocksdb.go:120           Options.create_missing_column_families: 0
I200430 18:25:58.682134 30 storage/engine/rocksdb.go:120                               Options.db_log_dir: 
I200430 18:25:58.682217 30 storage/engine/rocksdb.go:120                                  Options.wal_dir: /cockroach/cockroach-data
I200430 18:25:58.682229 30 storage/engine/rocksdb.go:120                 Options.table_cache_numshardbits: 6
I200430 18:25:58.682239 30 storage/engine/rocksdb.go:120                       Options.max_subcompactions: 1
I200430 18:25:58.682250 30 storage/engine/rocksdb.go:120                   Options.max_background_flushes: -1
I200430 18:25:58.682262 30 storage/engine/rocksdb.go:120                          Options.WAL_ttl_seconds: 0
I200430 18:25:58.682375 30 storage/engine/rocksdb.go:120                        Options.WAL_size_limit_MB: 0
I200430 18:25:58.682387 30 storage/engine/rocksdb.go:120              Options.manifest_preallocation_size: 4194304
I200430 18:25:58.682474 30 storage/engine/rocksdb.go:120                      Options.is_fd_close_on_exec: 1
I200430 18:25:58.682489 30 storage/engine/rocksdb.go:120                    Options.advise_random_on_open: 1
I200430 18:25:58.682500 30 storage/engine/rocksdb.go:120                     Options.db_write_buffer_size: 0
I200430 18:25:58.682512 30 storage/engine/rocksdb.go:120                     Options.write_buffer_manager: 0x7f463808c030
I200430 18:25:58.682573 30 storage/engine/rocksdb.go:120          Options.access_hint_on_compaction_start: 1
I200430 18:25:58.682827 30 storage/engine/rocksdb.go:120   Options.new_table_reader_for_compaction_inputs: 0
I200430 18:25:58.682839 30 storage/engine/rocksdb.go:120            Options.random_access_max_buffer_size: 1048576
I200430 18:25:58.682845 30 storage/engine/rocksdb.go:120                       Options.use_adaptive_mutex: 0
I200430 18:25:58.682851 30 storage/engine/rocksdb.go:120                             Options.rate_limiter: (nil)
I200430 18:25:58.682857 30 storage/engine/rocksdb.go:120      Options.sst_file_manager.rate_bytes_per_sec: 0
I200430 18:25:58.682863 30 storage/engine/rocksdb.go:120                        Options.wal_recovery_mode: 0
I200430 18:25:58.682869 30 storage/engine/rocksdb.go:120                   Options.enable_thread_tracking: 0
I200430 18:25:58.682874 30 storage/engine/rocksdb.go:120                   Options.enable_pipelined_write: 0
I200430 18:25:58.682879 30 storage/engine/rocksdb.go:120          Options.allow_concurrent_memtable_write: 1
I200430 18:25:58.682884 30 storage/engine/rocksdb.go:120       Options.enable_write_thread_adaptive_yield: 1
I200430 18:25:58.682889 30 storage/engine/rocksdb.go:120              Options.write_thread_max_yield_usec: 100
I200430 18:25:58.682894 30 storage/engine/rocksdb.go:120             Options.write_thread_slow_yield_usec: 3
I200430 18:25:58.682900 30 storage/engine/rocksdb.go:120                                Options.row_cache: None
I200430 18:25:58.682905 30 storage/engine/rocksdb.go:120                               Options.wal_filter: None
I200430 18:25:58.682971 30 storage/engine/rocksdb.go:120              Options.avoid_flush_during_recovery: 0
I200430 18:25:58.682980 30 storage/engine/rocksdb.go:120              Options.allow_ingest_behind: 0
I200430 18:25:58.682985 30 storage/engine/rocksdb.go:120              Options.preserve_deletes: 0
I200430 18:25:58.682990 30 storage/engine/rocksdb.go:120              Options.two_write_queues: 0
I200430 18:25:58.682995 30 storage/engine/rocksdb.go:120              Options.manual_wal_flush: 1
I200430 18:25:58.683001 30 storage/engine/rocksdb.go:120              Options.atomic_flush: 0
I200430 18:25:58.683006 30 storage/engine/rocksdb.go:120              Options.avoid_unnecessary_blocking_io: 0
I200430 18:25:58.683011 30 storage/engine/rocksdb.go:120              Options.max_background_jobs: 2
I200430 18:25:58.683017 30 storage/engine/rocksdb.go:120              Options.max_background_compactions: -1
I200430 18:25:58.683022 30 storage/engine/rocksdb.go:120              Options.avoid_flush_during_shutdown: 0
I200430 18:25:58.683027 30 storage/engine/rocksdb.go:120            Options.writable_file_max_buffer_size: 1048576
I200430 18:25:58.683032 30 storage/engine/rocksdb.go:120              Options.delayed_write_rate : 16777216
I200430 18:25:58.683037 30 storage/engine/rocksdb.go:120              Options.max_total_wal_size: 0
I200430 18:25:58.683042 30 storage/engine/rocksdb.go:120              Options.delete_obsolete_files_period_micros: 21600000000
I200430 18:25:58.683048 30 storage/engine/rocksdb.go:120                    Options.stats_dump_period_sec: 0
I200430 18:25:58.683112 30 storage/engine/rocksdb.go:120                  Options.stats_persist_period_sec: 600
I200430 18:25:58.683121 30 storage/engine/rocksdb.go:120                  Options.stats_history_buffer_size: 1048576
I200430 18:25:58.683127 30 storage/engine/rocksdb.go:120                           Options.max_open_files: 1043576
I200430 18:25:58.683132 30 storage/engine/rocksdb.go:120                           Options.bytes_per_sync: 524288
I200430 18:25:58.683137 30 storage/engine/rocksdb.go:120                       Options.wal_bytes_per_sync: 0
I200430 18:25:58.683143 30 storage/engine/rocksdb.go:120                    Options.strict_bytes_per_sync: 1
I200430 18:25:58.683148 30 storage/engine/rocksdb.go:120        Options.compaction_readahead_size: 0
I200430 18:25:58.683153 30 storage/engine/rocksdb.go:120  Compression algorithms supported:
I200430 18:25:58.683159 30 storage/engine/rocksdb.go:120  	kZSTDNotFinalCompression supported: 0
I200430 18:25:58.683165 30 storage/engine/rocksdb.go:120  	kZSTD supported: 0
I200430 18:25:58.683170 30 storage/engine/rocksdb.go:120  	kXpressCompression supported: 0
I200430 18:25:58.683176 30 storage/engine/rocksdb.go:120  	kLZ4HCCompression supported: 0
I200430 18:25:58.683181 30 storage/engine/rocksdb.go:120  	kLZ4Compression supported: 0
I200430 18:25:58.683186 30 storage/engine/rocksdb.go:120  	kBZip2Compression supported: 0
I200430 18:25:58.683191 30 storage/engine/rocksdb.go:120  	kZlibCompression supported: 0
I200430 18:25:58.684058 30 storage/engine/rocksdb.go:120  	kSnappyCompression supported: 1
I200430 18:25:58.684095 30 storage/engine/rocksdb.go:120  Fast CRC32 supported: Supported on x86
I200430 18:25:58.778887 30 storage/engine/rocksdb.go:120  [db/version_set.cc:4072] Recovering from manifest file: /cockroach/cockroach-data/MANIFEST-000393
I200430 18:25:58.794008 30 storage/engine/rocksdb.go:120  [db/column_family.cc:488] --------------- Options for column family [default]:
I200430 18:25:58.794024 30 storage/engine/rocksdb.go:120                Options.comparator: cockroach_comparator
I200430 18:25:58.794232 30 storage/engine/rocksdb.go:120            Options.merge_operator: cockroach_merge_operator
I200430 18:25:58.794246 30 storage/engine/rocksdb.go:120         Options.compaction_filter: None
I200430 18:25:58.794252 30 storage/engine/rocksdb.go:120         Options.compaction_filter_factory: None
I200430 18:25:58.794258 30 storage/engine/rocksdb.go:120          Options.memtable_factory: SkipListFactory
I200430 18:25:58.794264 30 storage/engine/rocksdb.go:120             Options.table_factory: BlockBasedTable
I200430 18:25:58.794349 30 storage/engine/rocksdb.go:120             table_factory options:   flush_block_policy_factory: FlushBlockBySizePolicyFactory (0x7f4638018028)
  cache_index_and_filter_blocks: 0
  cache_index_and_filter_blocks_with_high_priority: 0
  pin_l0_filter_and_index_blocks_in_cache: 0
  pin_top_level_index_and_filter: 1
  index_type: 0
  data_block_index_type: 0
  index_shortening: 1
  data_block_hash_table_util_ratio: 0.750000
  hash_index_allow_collision: 1
  checksum: 1
  no_block_cache: 0
  block_cache: 0x7f463fe7a190
  block_cache_name: LRUCache
  block_cache_options:
    capacity : 67108864
    num_shard_bits : 4
    strict_capacity_limit : 0
    memory_allocator : None
    high_pri_pool_ratio: 0.000
  block_cache_compressed: (nil)
  persistent_cache: (nil)
  block_size: 32768
  block_size_deviation: 10
  block_restart_interval: 16
  index_block_restart_interval: 1
  metadata_block_size: 4096
  partition_filters: 0
  use_delta_encoding: 1
  filter_policy: rocksdb.BuiltinBloomFilter
  whole_key_filtering: 0
  verify_compression: 0
  read_amp_bytes_per_bit: 0
  format_version: 2
  enable_index_compression: 1
  block_align: 0
I200430 18:25:58.794367 30 storage/engine/rocksdb.go:120         Options.write_buffer_size: 67108864
I200430 18:25:58.794380 30 storage/engine/rocksdb.go:120   Options.max_write_buffer_number: 4
I200430 18:25:58.794390 30 storage/engine/rocksdb.go:120           Options.compression: Snappy
I200430 18:25:58.794401 30 storage/engine/rocksdb.go:120                   Options.bottommost_compression: Disabled
I200430 18:25:58.794411 30 storage/engine/rocksdb.go:120        Options.prefix_extractor: cockroach_prefix_extractor
I200430 18:25:58.794421 30 storage/engine/rocksdb.go:120    Options.memtable_insert_with_hint_prefix_extractor: nullptr
I200430 18:25:58.794432 30 storage/engine/rocksdb.go:120              Options.num_levels: 7
I200430 18:25:58.794442 30 storage/engine/rocksdb.go:120         Options.min_write_buffer_number_to_merge: 1
I200430 18:25:58.794525 30 storage/engine/rocksdb.go:120      Options.max_write_buffer_number_to_maintain: 0
I200430 18:25:58.794539 30 storage/engine/rocksdb.go:120             Options.bottommost_compression_opts.window_bits: -14
I200430 18:25:58.794548 30 storage/engine/rocksdb.go:120                   Options.bottommost_compression_opts.level: 32767
I200430 18:25:58.794554 30 storage/engine/rocksdb.go:120                Options.bottommost_compression_opts.strategy: 0
I200430 18:25:58.794559 30 storage/engine/rocksdb.go:120          Options.bottommost_compression_opts.max_dict_bytes: 0
I200430 18:25:58.794565 30 storage/engine/rocksdb.go:120          Options.bottommost_compression_opts.zstd_max_train_bytes: 0
I200430 18:25:58.794570 30 storage/engine/rocksdb.go:120                   Options.bottommost_compression_opts.enabled: false
I200430 18:25:58.794576 30 storage/engine/rocksdb.go:120             Options.compression_opts.window_bits: -14
I200430 18:25:58.794581 30 storage/engine/rocksdb.go:120                   Options.compression_opts.level: 32767
I200430 18:25:58.794586 30 storage/engine/rocksdb.go:120                Options.compression_opts.strategy: 0
I200430 18:25:58.794591 30 storage/engine/rocksdb.go:120          Options.compression_opts.max_dict_bytes: 0
I200430 18:25:58.794596 30 storage/engine/rocksdb.go:120          Options.compression_opts.zstd_max_train_bytes: 0
I200430 18:25:58.794601 30 storage/engine/rocksdb.go:120                   Options.compression_opts.enabled: false
I200430 18:25:58.794606 30 storage/engine/rocksdb.go:120       Options.level0_file_num_compaction_trigger: 2
I200430 18:25:58.794670 30 storage/engine/rocksdb.go:120           Options.level0_slowdown_writes_trigger: 950
I200430 18:25:58.794680 30 storage/engine/rocksdb.go:120               Options.level0_stop_writes_trigger: 1000
I200430 18:25:58.794685 30 storage/engine/rocksdb.go:120                    Options.target_file_size_base: 4194304
I200430 18:25:58.794691 30 storage/engine/rocksdb.go:120              Options.target_file_size_multiplier: 2
I200430 18:25:58.794696 30 storage/engine/rocksdb.go:120                 Options.max_bytes_for_level_base: 67108864
I200430 18:25:58.794701 30 storage/engine/rocksdb.go:120  Options.level_compaction_dynamic_level_bytes: 1
I200430 18:25:58.794708 30 storage/engine/rocksdb.go:120           Options.max_bytes_for_level_multiplier: 10.000000
I200430 18:25:58.794714 30 storage/engine/rocksdb.go:120  Options.max_bytes_for_level_multiplier_addtl[0]: 1
I200430 18:25:58.794719 30 storage/engine/rocksdb.go:120  Options.max_bytes_for_level_multiplier_addtl[1]: 1
I200430 18:25:58.794725 30 storage/engine/rocksdb.go:120  Options.max_bytes_for_level_multiplier_addtl[2]: 1
I200430 18:25:58.794730 30 storage/engine/rocksdb.go:120  Options.max_bytes_for_level_multiplier_addtl[3]: 1
I200430 18:25:58.794735 30 storage/engine/rocksdb.go:120  Options.max_bytes_for_level_multiplier_addtl[4]: 1
I200430 18:25:58.794740 30 storage/engine/rocksdb.go:120  Options.max_bytes_for_level_multiplier_addtl[5]: 1
I200430 18:25:58.794747 30 storage/engine/rocksdb.go:120  Options.max_bytes_for_level_multiplier_addtl[6]: 1
I200430 18:25:58.794758 30 storage/engine/rocksdb.go:120        Options.max_sequential_skip_in_iterations: 8
I200430 18:25:58.794901 30 storage/engine/rocksdb.go:120                     Options.max_compaction_bytes: 104857600
I200430 18:25:58.794907 30 storage/engine/rocksdb.go:120                         Options.arena_block_size: 8388608
I200430 18:25:58.794912 30 storage/engine/rocksdb.go:120    Options.soft_pending_compaction_bytes_limit: 2199023255552
I200430 18:25:58.794917 30 storage/engine/rocksdb.go:120    Options.hard_pending_compaction_bytes_limit: 4400193994752
I200430 18:25:58.794922 30 storage/engine/rocksdb.go:120        Options.rate_limit_delay_max_milliseconds: 100
I200430 18:25:58.794927 30 storage/engine/rocksdb.go:120                 Options.disable_auto_compactions: 0
I200430 18:25:58.794936 30 storage/engine/rocksdb.go:120                         Options.compaction_style: kCompactionStyleLevel
I200430 18:25:58.795022 30 storage/engine/rocksdb.go:120                           Options.compaction_pri: kMinOverlappingRatio
I200430 18:25:58.795029 30 storage/engine/rocksdb.go:120  Options.compaction_options_universal.size_ratio: 1
I200430 18:25:58.795034 30 storage/engine/rocksdb.go:120  Options.compaction_options_universal.min_merge_width: 2
I200430 18:25:58.795040 30 storage/engine/rocksdb.go:120  Options.compaction_options_universal.max_merge_width: 4294967295
I200430 18:25:58.795046 30 storage/engine/rocksdb.go:120  Options.compaction_options_universal.max_size_amplification_percent: 200
I200430 18:25:58.795051 30 storage/engine/rocksdb.go:120  Options.compaction_options_universal.compression_size_percent: -1
I200430 18:25:58.795056 30 storage/engine/rocksdb.go:120  Options.compaction_options_universal.stop_style: kCompactionStopStyleTotalSize
I200430 18:25:58.795062 30 storage/engine/rocksdb.go:120  Options.compaction_options_fifo.max_table_files_size: 1073741824
I200430 18:25:58.795067 30 storage/engine/rocksdb.go:120  Options.compaction_options_fifo.allow_compaction: 0
I200430 18:25:58.795077 30 storage/engine/rocksdb.go:120                    Options.table_properties_collectors: TimeBoundTblPropCollectorFactory; DeleteRangeTblPropCollectorFactory; 
I200430 18:25:58.795085 30 storage/engine/rocksdb.go:120                    Options.inplace_update_support: 0
I200430 18:25:58.795165 30 storage/engine/rocksdb.go:120                  Options.inplace_update_num_locks: 10000
I200430 18:25:58.795177 30 storage/engine/rocksdb.go:120                Options.memtable_prefix_bloom_size_ratio: 0.000000
I200430 18:25:58.795183 30 storage/engine/rocksdb.go:120                Options.memtable_whole_key_filtering: 0
I200430 18:25:58.795188 30 storage/engine/rocksdb.go:120    Options.memtable_huge_page_size: 0
I200430 18:25:58.795193 30 storage/engine/rocksdb.go:120                            Options.bloom_locality: 0
I200430 18:25:58.795199 30 storage/engine/rocksdb.go:120                     Options.max_successive_merges: 0
I200430 18:25:58.795204 30 storage/engine/rocksdb.go:120                 Options.optimize_filters_for_hits: 1
I200430 18:25:58.795209 30 storage/engine/rocksdb.go:120                 Options.paranoid_file_checks: 0
I200430 18:25:58.795214 30 storage/engine/rocksdb.go:120                 Options.force_consistency_checks: 0
I200430 18:25:58.795219 30 storage/engine/rocksdb.go:120                 Options.report_bg_io_stats: 0
I200430 18:25:58.795224 30 storage/engine/rocksdb.go:120                                Options.ttl: 0
I200430 18:25:58.795229 30 storage/engine/rocksdb.go:120           Options.periodic_compaction_seconds: 0
I200430 18:25:58.918595 30 storage/engine/rocksdb.go:120  [db/version_set.cc:3086] More existing levels in DB than needed. max_bytes_for_level_multiplier may not be guaranteed.
I200430 18:25:58.919592 30 storage/engine/rocksdb.go:120  [db/version_set.cc:4286] Recovered from manifest file:/cockroach/cockroach-data/MANIFEST-000393 succeeded,manifest_file_number is 393, next_file_number is 399, last_sequence is 18879388, log_number is 392,prev_log_number is 0,max_column_family is 0,min_log_number_to_keep is 0
I200430 18:25:58.929349 30 storage/engine/rocksdb.go:120  [db/version_set.cc:4295] Column family [default] (ID 0), log number is 392
I200430 18:25:58.971445 30 storage/engine/rocksdb.go:120  EVENT_LOG_v1 {"time_micros": 1588271158970151, "job": 1, "event": "recovery_started", "log_files": [394]}
I200430 18:25:58.971558 30 storage/engine/rocksdb.go:120  [db/db_impl_open.cc:598] Recovering log #394 mode 0
I200430 18:26:03.456684 30 storage/engine/rocksdb.go:120  EVENT_LOG_v1 {"time_micros": 1588271163456537, "cf_name": "default", "job": 1, "event": "table_file_creation", "file_number": 399, "file_size": 111453, "table_properties": {"data_size": 107678, "index_size": 810, "index_partitions": 0, "top_level_index_size": 0, "index_key_is_user_key": 0, "index_value_is_delta_encoded": 0, "filter_size": 2245, "raw_key_size": 68706, "raw_average_key_size": 36, "raw_value_size": 517600, "raw_average_value_size": 271, "num_data_blocks": 14, "num_entries": 1905, "num_deletions": 814, "num_merge_operands": 664, "num_range_deletions": 664, "format_version": 0, "fixed_key_len": 0, "filter_policy": "rocksdb.BuiltinBloomFilter", "column_family_name": "default", "column_family_id": 0, "comparator": "cockroach_comparator", "merge_operator": "cockroach_merge_operator", "prefix_extractor_name": "cockroach_prefix_extractor", "property_collectors": "[TimeBoundTblPropCollectorFactory,DeleteRangeTblPropCollectorFactory]", "compression": "Snappy", "compression_options": "window_bits=-14; level=32767; strategy=0; max_dict_bytes=0; zstd_max_train_bytes=0; enabled=0; ", "creation_time": 1588271161, "oldest_key_time": 3, "file_creation_time": 0}}
I200430 18:26:03.463591 30 storage/engine/rocksdb.go:120  [db/version_set.cc:3560] Creating manifest 400
I200430 18:26:03.516940 30 storage/engine/rocksdb.go:120  [db/version_set.cc:3086] More existing levels in DB than needed. max_bytes_for_level_multiplier may not be guaranteed.
I200430 18:26:03.596016 30 storage/engine/rocksdb.go:120  EVENT_LOG_v1 {"time_micros": 1588271163593954, "job": 1, "event": "recovery_finished"}
I200430 18:26:03.974974 30 storage/engine/rocksdb.go:120  DB pointer 0x7f4638099000
I200430 19:11:44.177911 99 storage/engine/rocksdb.go:120  [db/db_impl_write.cc:1437] [default] New memtable created with log file: #404. Immutable memtables: 0.
I200430 19:11:44.195855 17 storage/engine/rocksdb.go:120  (Original Log Time 2020/04/30-19:11:44.183186) [db/db_impl_compaction_flush.cc:2097] Calling FlushMemTableToOutputFile with column family [default], flush slots available 1, compaction slots available 1, flush slots scheduled 1, compaction slots scheduled 0
I200430 19:11:44.195890 17 storage/engine/rocksdb.go:120  [db/flush_job.cc:322] [default] [JOB 3] Flushing memtable with next log file: 404
I200430 19:11:44.197156 17 storage/engine/rocksdb.go:120  EVENT_LOG_v1 {"time_micros": 1588273904196953, "job": 3, "event": "flush_started", "num_memtables": 1, "num_entries": 213499, "num_deletes": 5890, "total_data_size": 60979271, "memory_usage": 65014240, "flush_reason": "Write Buffer Full"}
I200430 19:11:44.197244 17 storage/engine/rocksdb.go:120  [db/flush_job.cc:351] [default] [JOB 3] Level-0 flush table #405: started
I200430 19:11:46.140809 17 storage/engine/rocksdb.go:120  EVENT_LOG_v1 {"time_micros": 1588273906140508, "cf_name": "default", "job": 3, "event": "table_file_creation", "file_number": 405, "file_size": 383151, "table_properties": {"data_size": 371477, "index_size": 4511, "index_partitions": 0, "top_level_index_size": 0, "index_key_is_user_key": 0, "index_value_is_delta_encoded": 0, "filter_size": 8261, "raw_key_size": 243097, "raw_average_key_size": 31, "raw_value_size": 2088578, "raw_average_value_size": 267, "num_data_blocks": 69, "num_entries": 7796, "num_deletions": 5758, "num_merge_operands": 1328, "num_range_deletions": 1328, "format_version": 0, "fixed_key_len": 0, "filter_policy": "rocksdb.BuiltinBloomFilter", "column_family_name": "default", "column_family_id": 0, "comparator": "cockroach_comparator", "merge_operator": "cockroach_merge_operator", "prefix_extractor_name": "cockroach_prefix_extractor", "property_collectors": "[TimeBoundTblPropCollectorFactory,DeleteRangeTblPropCollectorFactory]", "compression": "Snappy", "compression_options": "window_bits=-14; level=32767; strategy=0; max_dict_bytes=0; zstd_max_train_bytes=0; enabled=0; ", "creation_time": 1588273904, "oldest_key_time": 1588271164, "file_creation_time": 1588273904}}
I200430 19:11:46.140871 17 storage/engine/rocksdb.go:120  [db/flush_job.cc:392] [default] [JOB 3] Level-0 flush table #405: 383151 bytes OK
I200430 19:11:46.142465 17 storage/engine/rocksdb.go:120  [db/version_set.cc:3086] More existing levels in DB than needed. max_bytes_for_level_multiplier may not be guaranteed.
I200430 19:11:46.145597 17 storage/engine/rocksdb.go:120  [db/db_impl_files.cc:194] adding log 401 to recycle list
I200430 19:11:46.145638 17 storage/engine/rocksdb.go:120  (Original Log Time 2020/04/30-19:11:46.140954) [db/memtable_list.cc:386] [default] Level-0 commit table #405 started
I200430 19:11:46.145946 17 storage/engine/rocksdb.go:120  (Original Log Time 2020/04/30-19:11:46.143771) [db/memtable_list.cc:434] [default] Level-0 commit table #405: memtable #1 done
I200430 19:11:46.146067 17 storage/engine/rocksdb.go:120  (Original Log Time 2020/04/30-19:11:46.143815) EVENT_LOG_v1 {"time_micros": 1588273906143794, "job": 3, "event": "flush_finished", "output_compression": "Snappy", "lsm_state": [2, 0, 0, 0, 0, 0, 1], "immutable_memtables": 0}
I200430 19:11:46.146656 17 storage/engine/rocksdb.go:120  (Original Log Time 2020/04/30-19:11:46.144343) [db/db_impl_compaction_flush.cc:208] [default] Level summary: base level 6 level multiplier 10.00 max bytes base 67108864 files[2 0 0 0 0 0 1] max score 1.00
I200430 19:11:46.152837 17 storage/engine/rocksdb.go:120  [db/compaction_job.cc:1647] [default] [JOB 4] Compacting 2@0 + 1@6 files to L6, score 1.00
I200430 19:11:46.152892 17 storage/engine/rocksdb.go:120  [db/compaction_job.cc:1651] [default] Compaction start summary: Base version 3 Base level 0, inputs: [405(374KB) 399(108KB)], [397(1512KB)]
I200430 19:11:46.152968 17 storage/engine/rocksdb.go:120  EVENT_LOG_v1 {"time_micros": 1588273906152927, "job": 4, "event": "compaction_started", "compaction_reason": "LevelL0FilesNum", "files_L0": [405, 399], "files_L6": [397], "score": 1, "input_data_size": 2043646}
I200430 19:11:46.576783 17 storage/engine/rocksdb.go:120  [db/compaction_job.cc:1334] [default] [JOB 4] Generated table #406: 11997 keys, 2005049 bytes
I200430 19:11:46.576975 17 storage/engine/rocksdb.go:120  EVENT_LOG_v1 {"time_micros": 1588273906576862, "cf_name": "default", "job": 4, "event": "table_file_creation", "file_number": 406, "file_size": 2005049, "table_properties": {"data_size": 1996980, "index_size": 18617, "index_partitions": 0, "top_level_index_size": 0, "index_key_is_user_key": 0, "index_value_is_delta_encoded": 0, "filter_size": 0, "raw_key_size": 581409, "raw_average_key_size": 48, "raw_value_size": 8899259, "raw_average_value_size": 741, "num_data_blocks": 282, "num_entries": 11997, "num_deletions": 0, "num_merge_operands": 0, "num_range_deletions": 0, "format_version": 0, "fixed_key_len": 0, "filter_policy": "rocksdb.BuiltinBloomFilter", "column_family_name": "default", "column_family_id": 0, "comparator": "cockroach_comparator", "merge_operator": "cockroach_merge_operator", "prefix_extractor_name": "cockroach_prefix_extractor", "property_collectors": "[TimeBoundTblPropCollectorFactory,DeleteRangeTblPropCollectorFactory]", "compression": "Snappy", "compression_options": "window_bits=-14; level=32767; strategy=0; max_dict_bytes=0; zstd_max_train_bytes=0; enabled=0; ", "creation_time": 1588273904, "oldest_key_time": 0, "file_creation_time": 1588273906}}
I200430 19:11:46.585855 17 storage/engine/rocksdb.go:120  [db/compaction_job.cc:1397] [default] [JOB 4] Compacted 2@0 + 1@6 files to L6 => 2005049 bytes
I200430 19:11:46.586274 17 storage/engine/rocksdb.go:120  [db/version_set.cc:3086] More existing levels in DB than needed. max_bytes_for_level_multiplier may not be guaranteed.
I200430 19:11:46.587773 17 storage/engine/rocksdb.go:120  (Original Log Time 2020/04/30-19:11:46.587102) [db/compaction_job.cc:770] [default] compacted to: base level 6 level multiplier 10.00 max bytes base 67108864 files[0 0 0 0 0 0 1] max score 0.00, MB/sec: 4.8 rd, 4.7 wr, level 6, files in(2, 1) out(1) MB in(0.5, 1.5) out(1.9), read-write-amplify(8.2) write-amplify(4.1) OK, records in: 20185, records dropped: 7524 output_compression: Snappy
I200430 19:11:46.587845 17 storage/engine/rocksdb.go:120  (Original Log Time 2020/04/30-19:11:46.587193) EVENT_LOG_v1 {"time_micros": 1588273906587131, "job": 4, "event": "compaction_finished", "compaction_time_micros": 425748, "compaction_time_cpu_micros": 212885, "output_level": 6, "num_output_files": 1, "total_output_size": 2005049, "num_input_records": 19521, "num_output_records": 11997, "num_subcompactions": 1, "output_compression": "Snappy", "num_single_delete_mismatches": 0, "num_single_delete_fallthrough": 0, "lsm_state": [0, 0, 0, 0, 0, 0, 1]}
I200430 19:11:46.591798 17 storage/engine/rocksdb.go:120  EVENT_LOG_v1 {"time_micros": 1588273906591727, "job": 4, "event": "table_file_deletion", "file_number": 405}
I200430 19:11:46.595484 17 storage/engine/rocksdb.go:120  EVENT_LOG_v1 {"time_micros": 1588273906595344, "job": 4, "event": "table_file_deletion", "file_number": 399}
I200430 19:11:46.604360 17 storage/engine/rocksdb.go:120  EVENT_LOG_v1 {"time_micros": 1588273906604258, "job": 4, "event": "table_file_deletion", "file_number": 397}
I200430 19:57:42.021724 49 storage/engine/rocksdb.go:120  [db/db_impl_open.cc:1125] reusing log 401 from recycle list
I200430 19:57:42.028055 49 storage/engine/rocksdb.go:120  [db/db_impl_write.cc:1437] [default] New memtable created with log file: #407. Immutable memtables: 0.
I200430 19:57:42.028477 17 storage/engine/rocksdb.go:120  (Original Log Time 2020/04/30-19:57:42.028317) [db/db_impl_compaction_flush.cc:2097] Calling FlushMemTableToOutputFile with column family [default], flush slots available 1, compaction slots available 1, flush slots scheduled 1, compaction slots scheduled 0
I200430 19:57:42.028498 17 storage/engine/rocksdb.go:120  [db/flush_job.cc:322] [default] [JOB 5] Flushing memtable with next log file: 407
I200430 19:57:42.028839 17 storage/engine/rocksdb.go:120  EVENT_LOG_v1 {"time_micros": 1588276662028587, "job": 5, "event": "flush_started", "num_memtables": 1, "num_entries": 213335, "num_deletes": 5745, "total_data_size": 61166939, "memory_usage": 65061976, "flush_reason": "Write Buffer Full"}
I200430 19:57:42.028891 17 storage/engine/rocksdb.go:120  [db/flush_job.cc:351] [default] [JOB 5] Level-0 flush table #408: started
I200430 19:57:43.407764 17 storage/engine/rocksdb.go:120  EVENT_LOG_v1 {"time_micros": 1588276663407606, "cf_name": "default", "job": 5, "event": "table_file_creation", "file_number": 408, "file_size": 380395, "table_properties": {"data_size": 369472, "index_size": 4557, "index_partitions": 0, "top_level_index_size": 0, "index_key_is_user_key": 0, "index_value_is_delta_encoded": 0, "filter_size": 7493, "raw_key_size": 201420, "raw_average_key_size": 28, "raw_value_size": 2164257, "raw_average_value_size": 311, "num_data_blocks": 70, "num_entries": 6946, "num_deletions": 5610, "num_merge_operands": 664, "num_range_deletions": 664, "format_version": 0, "fixed_key_len": 0, "filter_policy": "rocksdb.BuiltinBloomFilter", "column_family_name": "default", "column_family_id": 0, "comparator": "cockroach_comparator", "merge_operator": "cockroach_merge_operator", "prefix_extractor_name": "cockroach_prefix_extractor", "property_collectors": "[TimeBoundTblPropCollectorFactory,DeleteRangeTblPropCollectorFactory]", "compression": "Snappy", "compression_options": "window_bits=-14; level=32767; strategy=0; max_dict_bytes=0; zstd_max_train_bytes=0; enabled=0; ", "creation_time": 1588276662, "oldest_key_time": 1588273904, "file_creation_time": 1588276662}}
I200430 19:57:43.407975 17 storage/engine/rocksdb.go:120  [db/flush_job.cc:392] [default] [JOB 5] Level-0 flush table #408: 380395 bytes OK
I200430 19:57:43.408134 17 storage/engine/rocksdb.go:120  [db/version_set.cc:3086] More existing levels in DB than needed. max_bytes_for_level_multiplier may not be guaranteed.
I200430 19:57:43.414388 17 storage/engine/rocksdb.go:120  [db/db_impl_files.cc:194] adding log 404 to recycle list
I200430 19:57:43.414548 17 storage/engine/rocksdb.go:120  (Original Log Time 2020/04/30-19:57:43.408075) [db/memtable_list.cc:386] [default] Level-0 commit table #408 started
I200430 19:57:43.414568 17 storage/engine/rocksdb.go:120  (Original Log Time 2020/04/30-19:57:43.412112) [db/memtable_list.cc:434] [default] Level-0 commit table #408: memtable #1 done
I200430 19:57:43.414695 17 storage/engine/rocksdb.go:120  (Original Log Time 2020/04/30-19:57:43.412268) EVENT_LOG_v1 {"time_micros": 1588276663412153, "job": 5, "event": "flush_finished", "output_compression": "Snappy", "lsm_state": [1, 0, 0, 0, 0, 0, 1], "immutable_memtables": 0}
I200430 19:57:43.414722 17 storage/engine/rocksdb.go:120  (Original Log Time 2020/04/30-19:57:43.412302) [db/db_impl_compaction_flush.cc:208] [default] Level summary: base level 6 level multiplier 10.00 max bytes base 67108864 files[1 0 0 0 0 0 1] max score 0.50
I200430 20:43:39.975137 106 storage/engine/rocksdb.go:120  [db/db_impl_open.cc:1125] reusing log 404 from recycle list
I200430 20:43:39.984502 106 storage/engine/rocksdb.go:120  [db/db_impl_write.cc:1437] [default] New memtable created with log file: #409. Immutable memtables: 0.
I200430 20:43:39.985013 17 storage/engine/rocksdb.go:120  (Original Log Time 2020/04/30-20:43:39.984713) [db/db_impl_compaction_flush.cc:2097] Calling FlushMemTableToOutputFile with column family [default], flush slots available 1, compaction slots available 1, flush slots scheduled 1, compaction slots scheduled 0
I200430 20:43:39.985035 17 storage/engine/rocksdb.go:120  [db/flush_job.cc:322] [default] [JOB 6] Flushing memtable with next log file: 409
I200430 20:43:39.985107 17 storage/engine/rocksdb.go:120  EVENT_LOG_v1 {"time_micros": 1588279419985078, "job": 6, "event": "flush_started", "num_memtables": 1, "num_entries": 213973, "num_deletes": 5916, "total_data_size": 61146919, "memory_usage": 65067072, "flush_reason": "Write Buffer Full"}
I200430 20:43:39.985155 17 storage/engine/rocksdb.go:120  [db/flush_job.cc:351] [default] [JOB 6] Level-0 flush table #410: started
I200430 20:43:41.633491 17 storage/engine/rocksdb.go:120  EVENT_LOG_v1 {"time_micros": 1588279421633354, "cf_name": "default", "job": 6, "event": "table_file_creation", "file_number": 410, "file_size": 386423, "table_properties": {"data_size": 374992, "index_size": 4633, "index_partitions": 0, "top_level_index_size": 0, "index_key_is_user_key": 0, "index_value_is_delta_encoded": 0, "filter_size": 8005, "raw_key_size": 236305, "raw_average_key_size": 31, "raw_value_size": 2147558, "raw_average_value_size": 284, "num_data_blocks": 71, "num_entries": 7538, "num_deletions": 5781, "num_merge_operands": 1328, "num_range_deletions": 1328, "format_version": 0, "fixed_key_len": 0, "filter_policy": "rocksdb.BuiltinBloomFilter", "column_family_name": "default", "column_family_id": 0, "comparator": "cockroach_comparator", "merge_operator": "cockroach_merge_operator", "prefix_extractor_name": "cockroach_prefix_extractor", "property_collectors": "[TimeBoundTblPropCollectorFactory,DeleteRangeTblPropCollectorFactory]", "compression": "Snappy", "compression_options": "window_bits=-14; level=32767; strategy=0; max_dict_bytes=0; zstd_max_train_bytes=0; enabled=0; ", "creation_time": 1588279419, "oldest_key_time": 1588276662, "file_creation_time": 1588279419}}
I200430 20:43:41.633536 17 storage/engine/rocksdb.go:120  [db/flush_job.cc:392] [default] [JOB 6] Level-0 flush table #410: 386423 bytes OK
I200430 20:43:41.633825 17 storage/engine/rocksdb.go:120  [db/version_set.cc:3086] More existing levels in DB than needed. max_bytes_for_level_multiplier may not be guaranteed.
I200430 20:43:41.636299 17 storage/engine/rocksdb.go:120  [db/db_impl_files.cc:194] adding log 407 to recycle list
I200430 20:43:41.636356 17 storage/engine/rocksdb.go:120  (Original Log Time 2020/04/30-20:43:41.633603) [db/memtable_list.cc:386] [default] Level-0 commit table #410 started
I200430 20:43:41.636383 17 storage/engine/rocksdb.go:120  (Original Log Time 2020/04/30-20:43:41.635074) [db/memtable_list.cc:434] [default] Level-0 commit table #410: memtable #1 done
I200430 20:43:41.636411 17 storage/engine/rocksdb.go:120  (Original Log Time 2020/04/30-20:43:41.635121) EVENT_LOG_v1 {"time_micros": 1588279421635098, "job": 6, "event": "flush_finished", "output_compression": "Snappy", "lsm_state": [2, 0, 0, 0, 0, 0, 1], "immutable_memtables": 0}
I200430 20:43:41.637267 17 storage/engine/rocksdb.go:120  (Original Log Time 2020/04/30-20:43:41.635342) [db/db_impl_compaction_flush.cc:208] [default] Level summary: base level 6 level multiplier 10.00 max bytes base 67108864 files[2 0 0 0 0 0 1] max score 1.00
I200430 20:43:41.647027 17 storage/engine/rocksdb.go:120  [db/compaction_job.cc:1647] [default] [JOB 7] Compacting 2@0 + 1@6 files to L6, score 1.00
I200430 20:43:41.647062 17 storage/engine/rocksdb.go:120  [db/compaction_job.cc:1651] [default] Compaction start summary: Base version 6 Base level 0, inputs: [410(377KB) 408(371KB)], [406(1958KB)]
I200430 20:43:41.648267 17 storage/engine/rocksdb.go:120  EVENT_LOG_v1 {"time_micros": 1588279421648131, "job": 7, "event": "compaction_started", "compaction_reason": "LevelL0FilesNum", "files_L0": [410, 408], "files_L6": [406], "score": 1, "input_data_size": 2771867}
I200430 20:43:41.831497 17 storage/engine/rocksdb.go:120  [db/compaction_job.cc:1334] [default] [JOB 7] Generated table #411: 12747 keys, 2661962 bytes
I200430 20:43:41.831698 17 storage/engine/rocksdb.go:120  EVENT_LOG_v1 {"time_micros": 1588279421831611, "cf_name": "default", "job": 7, "event": "table_file_creation", "file_number": 411, "file_size": 2661962, "table_properties": {"data_size": 2651062, "index_size": 26493, "index_partitions": 0, "top_level_index_size": 0, "index_key_is_user_key": 0, "index_value_is_delta_encoded": 0, "filter_size": 0, "raw_key_size": 619006, "raw_average_key_size": 48, "raw_value_size": 12552872, "raw_average_value_size": 984, "num_data_blocks": 396, "num_entries": 12747, "num_deletions": 0, "num_merge_operands": 0, "num_range_deletions": 0, "format_version": 0, "fixed_key_len": 0, "filter_policy": "rocksdb.BuiltinBloomFilter", "column_family_name": "default", "column_family_id": 0, "comparator": "cockroach_comparator", "merge_operator": "cockroach_merge_operator", "prefix_extractor_name": "cockroach_prefix_extractor", "property_collectors": "[TimeBoundTblPropCollectorFactory,DeleteRangeTblPropCollectorFactory]", "compression": "Snappy", "compression_options": "window_bits=-14; level=32767; strategy=0; max_dict_bytes=0; zstd_max_train_bytes=0; enabled=0; ", "creation_time": 1588279419, "oldest_key_time": 0, "file_creation_time": 1588279421}}
I200430 20:43:41.844440 17 storage/engine/rocksdb.go:120  [db/compaction_job.cc:1397] [default] [JOB 7] Compacted 2@0 + 1@6 files to L6 => 2661962 bytes
I200430 20:43:41.844505 17 storage/engine/rocksdb.go:120  [db/version_set.cc:3086] More existing levels in DB than needed. max_bytes_for_level_multiplier may not be guaranteed.
I200430 20:43:41.845188 17 storage/engine/rocksdb.go:120  (Original Log Time 2020/04/30-20:43:41.845024) [db/compaction_job.cc:770] [default] compacted to: base level 6 level multiplier 10.00 max bytes base 67108864 files[0 0 0 0 0 0 1] max score 0.00, MB/sec: 14.3 rd, 13.8 wr, level 6, files in(2, 1) out(1) MB in(0.7, 1.9) out(2.5), read-write-amplify(7.1) write-amplify(3.5) OK, records in: 26481, records dropped: 12406 output_compression: Snappy
I200430 20:43:41.845214 17 storage/engine/rocksdb.go:120  (Original Log Time 2020/04/30-20:43:41.845072) EVENT_LOG_v1 {"time_micros": 1588279421845051, "job": 7, "event": "compaction_finished", "compaction_time_micros": 193273, "compaction_time_cpu_micros": 133040, "output_level": 6, "num_output_files": 1, "total_output_size": 2661962, "num_input_records": 25153, "num_output_records": 12747, "num_subcompactions": 1, "output_compression": "Snappy", "num_single_delete_mismatches": 0, "num_single_delete_fallthrough": 0, "lsm_state": [0, 0, 0, 0, 0, 0, 1]}
I200430 20:43:41.847146 17 storage/engine/rocksdb.go:120  EVENT_LOG_v1 {"time_micros": 1588279421847097, "job": 7, "event": "table_file_deletion", "file_number": 410}
I200430 20:43:41.849980 17 storage/engine/rocksdb.go:120  EVENT_LOG_v1 {"time_micros": 1588279421849923, "job": 7, "event": "table_file_deletion", "file_number": 408}
I200430 20:43:41.862588 17 storage/engine/rocksdb.go:120  EVENT_LOG_v1 {"time_micros": 1588279421862314, "job": 7, "event": "table_file_deletion", "file_number": 406}
I200430 21:29:37.935075 107 storage/engine/rocksdb.go:120  [db/db_impl_open.cc:1125] reusing log 407 from recycle list
I200430 21:29:38.212419 107 storage/engine/rocksdb.go:120  [db/db_impl_write.cc:1437] [default] New memtable created with log file: #412. Immutable memtables: 0.
I200430 21:29:38.213284 17 storage/engine/rocksdb.go:120  (Original Log Time 2020/04/30-21:29:38.212939) [db/db_impl_compaction_flush.cc:2097] Calling FlushMemTableToOutputFile with column family [default], flush slots available 1, compaction slots available 1, flush slots scheduled 1, compaction slots scheduled 0
I200430 21:29:38.213363 17 storage/engine/rocksdb.go:120  [db/flush_job.cc:322] [default] [JOB 8] Flushing memtable with next log file: 412
I200430 21:29:38.213646 17 storage/engine/rocksdb.go:120  EVENT_LOG_v1 {"time_micros": 1588282178213547, "job": 8, "event": "flush_started", "num_memtables": 1, "num_entries": 213483, "num_deletes": 5412, "total_data_size": 61115398, "memory_usage": 65016184, "flush_reason": "Write Buffer Full"}
I200430 21:29:38.213714 17 storage/engine/rocksdb.go:120  [db/flush_job.cc:351] [default] [JOB 8] Level-0 flush table #413: started
I200430 21:29:39.486584 17 storage/engine/rocksdb.go:120  EVENT_LOG_v1 {"time_micros": 1588282179486391, "cf_name": "default", "job": 8, "event": "table_file_creation", "file_number": 413, "file_size": 366818, "table_properties": {"data_size": 355346, "index_size": 4278, "index_partitions": 0, "top_level_index_size": 0, "index_key_is_user_key": 0, "index_value_is_delta_encoded": 0, "filter_size": 8133, "raw_key_size": 229949, "raw_average_key_size": 31, "raw_value_size": 2053250, "raw_average_value_size": 280, "num_data_blocks": 66, "num_entries": 7316, "num_deletions": 5277, "num_merge_operands": 1328, "num_range_deletions": 1328, "format_version": 0, "fixed_key_len": 0, "filter_policy": "rocksdb.BuiltinBloomFilter", "column_family_name": "default", "column_family_id": 0, "comparator": "cockroach_comparator", "merge_operator": "cockroach_merge_operator", "prefix_extractor_name": "cockroach_prefix_extractor", "property_collectors": "[TimeBoundTblPropCollectorFactory,DeleteRangeTblPropCollectorFactory]", "compression": "Snappy", "compression_options": "window_bits=-14; level=32767; strategy=0; max_dict_bytes=0; zstd_max_train_bytes=0; enabled=0; ", "creation_time": 1588282178, "oldest_key_time": 1588279419, "file_creation_time": 1588282178}}
I200430 21:29:39.486635 17 storage/engine/rocksdb.go:120  [db/flush_job.cc:392] [default] [JOB 8] Level-0 flush table #413: 366818 bytes OK
I200430 21:29:39.486812 17 storage/engine/rocksdb.go:120  [db/version_set.cc:3086] More existing levels in DB than needed. max_bytes_for_level_multiplier may not be guaranteed.
I200430 21:29:39.489153 17 storage/engine/rocksdb.go:120  [db/db_impl_files.cc:194] adding log 409 to recycle list
I200430 21:29:39.489185 17 storage/engine/rocksdb.go:120  (Original Log Time 2020/04/30-21:29:39.486659) [db/memtable_list.cc:386] [default] Level-0 commit table #413 started
I200430 21:29:39.489201 17 storage/engine/rocksdb.go:120  (Original Log Time 2020/04/30-21:29:39.488525) [db/memtable_list.cc:434] [default] Level-0 commit table #413: memtable #1 done
I200430 21:29:39.489217 17 storage/engine/rocksdb.go:120  (Original Log Time 2020/04/30-21:29:39.488555) EVENT_LOG_v1 {"time_micros": 1588282179488542, "job": 8, "event": "flush_finished", "output_compression": "Snappy", "lsm_state": [1, 0, 0, 0, 0, 0, 1], "immutable_memtables": 0}
I200430 21:29:39.489237 17 storage/engine/rocksdb.go:120  (Original Log Time 2020/04/30-21:29:39.488591) [db/db_impl_compaction_flush.cc:208] [default] Level summary: base level 6 level multiplier 10.00 max bytes base 67108864 files[1 0 0 0 0 0 1] max score 0.50
