I200410 05:28:20.144538 1 util/log/clog.go:1196  [config] file created at: 2020/04/10 05:28:20
I200410 05:28:20.144538 1 util/log/clog.go:1196  [config] running on machine: 4ab3c8cfdeb3
I200410 05:28:20.144538 1 util/log/clog.go:1196  [config] binary: CockroachDB CCL v19.2.5 (x86_64-unknown-linux-gnu, built 2020/03/16 18:27:12, go1.12.12)
I200410 05:28:20.144538 1 util/log/clog.go:1196  [config] arguments: [/cockroach/cockroach start --insecure]
I200410 05:28:20.144538 1 util/log/clog.go:1196  line format: [IWEF]yymmdd hh:mm:ss.uuuuuu goid file:line msg utf8=✓
I200410 05:28:20.144514 1 cli/start.go:1144  logging to directory /cockroach/cockroach-data/logs
W200410 05:28:20.184563 1 cli/start.go:1182  RUNNING IN INSECURE MODE!

- Your cluster is open for any client that can access <all your IP addresses>.
- Any user, even root, can log in without providing a password.
- Any user, connecting as root, can read or write any data in your cluster.
- There is no network encryption nor authentication, and thus no confidentiality.

Check out how to secure your cluster: https://www.cockroachlabs.com/docs/v19.2/secure-a-cluster.html
I200410 05:28:20.185610 1 server/status/recorder.go:597  available memory from cgroups (8.0 EiB) is unsupported, using system memory 2.9 GiB instead: 
W200410 05:28:20.185911 1 cli/start.go:1052  Using the default setting for --cache (128 MiB).
  A significantly larger value is usually needed for good performance.
  If you have a dedicated server a reasonable setting is --cache=.25 (749 MiB).
I200410 05:28:20.186908 1 server/status/recorder.go:597  available memory from cgroups (8.0 EiB) is unsupported, using system memory 2.9 GiB instead: 
W200410 05:28:20.203343 1 cli/start.go:1065  Using the default setting for --max-sql-memory (128 MiB).
  A significantly larger value is usually needed in production.
  If you have a dedicated server a reasonable setting is --max-sql-memory=.25 (749 MiB).
I200410 05:28:20.246637 1 server/status/recorder.go:597  available memory from cgroups (8.0 EiB) is unsupported, using system memory 2.9 GiB instead: 
I200410 05:28:20.270331 1 cli/start.go:1196  CockroachDB CCL v19.2.5 (x86_64-unknown-linux-gnu, built 2020/03/16 18:27:12, go1.12.12)
W200410 05:28:20.734492 1 cli/start.go:511  running 'cockroach start' without --join is deprecated.
Consider using 'cockroach start-single-node' or 'cockroach init' instead.
I200410 05:28:20.839606 1 server/status/recorder.go:597  available memory from cgroups (8.0 EiB) is unsupported, using system memory 2.9 GiB instead: 
I200410 05:28:20.839726 1 server/config.go:394  system total memory: 2.9 GiB
I200410 05:28:20.839904 1 server/config.go:396  server configuration:
max offset             500000000
cache size             128 MiB
SQL memory pool size   128 MiB
scan interval          10m0s
scan min idle time     10ms
scan max idle time     1s
event log enabled      true
I200410 05:28:20.839984 1 cli/start.go:1030  using local environment variables: COCKROACH_CHANNEL=official-docker
I200410 05:28:20.840235 1 cli/start.go:1037  process identity: uid 0 euid 0 gid 0 egid 0
I200410 05:28:20.840508 1 cli/start.go:644  starting cockroach node
I200410 05:28:20.919074 30 storage/engine/rocksdb.go:622  opening rocksdb instance at "/cockroach/cockroach-data/cockroach-temp241432492"
I200410 05:28:21.624907 30 server/server.go:928  [n?] monitoring forward clock jumps based on server.clock.forward_jump_check_enabled
I200410 05:28:21.640043 30 storage/engine/rocksdb.go:622  opening rocksdb instance at "/cockroach/cockroach-data"
I200410 05:28:25.449976 30 server/config.go:502  [n?] 1 storage engine initialized
I200410 05:28:25.450060 30 server/config.go:505  [n?] RocksDB cache size: 128 MiB
I200410 05:28:25.450122 30 server/config.go:505  [n?] store 0: RocksDB, max size 0 B, max open file limit 1043576
W200410 05:28:25.504390 30 cli/start.go:996  neither --listen-addr nor --advertise-addr was specified.
The server will advertise "4ab3c8cfdeb3" to other nodes, is this routable?

Consider using:
- for local-only servers:  --listen-addr=localhost
- for multi-node clusters: --advertise-addr=<host/IP addr>
I200410 05:28:25.514512 30 gossip/gossip.go:394  [n1] NodeDescriptor set to node_id:1 address:<network_field:"tcp" address_field:"4ab3c8cfdeb3:26257" > attrs:<> locality:<> ServerVersion:<major_val:19 minor_val:2 patch:0 unstable:0 > build_tag:"v19.2.5" started_at:1586496505514228400 cluster_name:"" sql_address:<network_field:"tcp" address_field:"4ab3c8cfdeb3:26257" > 
W200410 05:28:26.043428 113 storage/replica_range_lease.go:554  can't determine lease status due to node liveness error: node not in the liveness table
github.com/cockroachdb/cockroach/pkg/storage.init.ializers
	/go/src/github.com/cockroachdb/cockroach/pkg/storage/node_liveness.go:44
runtime.main
	/usr/local/go/src/runtime/proc.go:188
runtime.goexit
	/usr/local/go/src/runtime/asm_amd64.s:1337
W200410 05:28:26.043602 113 storage/store.go:1530  [n1,s1,r6/1:/Table/{SystemCon…-11}] could not gossip system config: [NotLeaseHolderError] r6: replica (n1,s1):1 not lease holder; lease holder unknown
W200410 05:28:26.108142 113 storage/store.go:1530  [n1,s1,r6/1:/Table/{SystemCon…-11}] could not gossip system config: [NotLeaseHolderError] r6: replica (n1,s1):1 not lease holder; lease holder unknown
I200410 05:28:26.264637 30 server/node.go:431  [n1] initialized store [n1,s1]: disk (capacity=60 TiB, available=31 TiB, used=3.6 MiB, logicalBytes=64 MiB), ranges=28, leases=2, queries=0.00, writes=0.00, bytesPerReplica={p10=0.00 p25=0.00 p50=146.00 p75=16991.00 p90=29778.00 pMax=66387472.00}, writesPerReplica={p10=0.00 p25=0.00 p50=0.00 p75=0.00 p90=0.00 pMax=0.00}
I200410 05:28:26.269478 30 storage/stores.go:240  [n1] read 0 node addresses from persistent storage
I200410 05:28:26.269980 30 server/node.go:645  [n1] connecting to gossip network to verify cluster ID...
I200410 05:28:26.270211 30 server/node.go:665  [n1] node connected via gossip and verified as part of cluster "e1d5326e-f09c-49c9-9ccb-8f6d14060017"
I200410 05:28:26.270589 30 server/node.go:512  [n1] node=1: started with [<no-attributes>=/cockroach/cockroach-data] engine(s) and attributes []
I200410 05:28:26.281145 30 server/server.go:1514  [n1] starting http server at [::]:8080 (use: 4ab3c8cfdeb3:8080)
I200410 05:28:26.281235 30 server/server.go:1521  [n1] starting grpc/postgres server at [::]:26257
I200410 05:28:26.281320 30 server/server.go:1522  [n1] advertising CockroachDB node at 4ab3c8cfdeb3:26257
I200410 05:28:26.379316 148 storage/node_liveness.go:474  [n1,liveness-hb] heartbeat failed on epoch increment; retrying
I200410 05:28:27.032132 30 server/server.go:1590  [n1] done ensuring all necessary migrations have run
I200410 05:28:27.032617 30 server/server.go:1841  [n1] serving sql connections
I200410 05:28:27.032963 30 cli/start.go:803  [config] clusterID: e1d5326e-f09c-49c9-9ccb-8f6d14060017
I200410 05:28:27.033100 30 cli/start.go:812  node startup completed:
CockroachDB node starting at 2020-04-10 05:28:27.0327825 +0000 UTC (took 6.9s)
build:               CCL v19.2.5 @ 2020/03/16 18:27:12 (go1.12.12)
webui:               http://4ab3c8cfdeb3:8080
sql:                 postgresql://root@4ab3c8cfdeb3:26257?sslmode=disable
RPC client flags:    /cockroach/cockroach <client cmd> --host=4ab3c8cfdeb3:26257 --insecure
logs:                /cockroach/cockroach-data/logs
temp dir:            /cockroach/cockroach-data/cockroach-temp241432492
external I/O path:   /cockroach/cockroach-data/extern
store[0]:            path=/cockroach/cockroach-data
status:              restarted pre-existing node
clusterID:           e1d5326e-f09c-49c9-9ccb-8f6d14060017
nodeID:              1
I200410 05:28:27.262182 162 server/server_update.go:53  [n1] no need to upgrade, cluster already at the newest version
I200410 05:28:27.318265 180 sql/event_log.go:130  [n1] Event: "node_restart", target: 1, info: {Descriptor:{NodeID:1 Address:4ab3c8cfdeb3:26257 Attrs: Locality: ServerVersion:19.2 BuildTag:v19.2.5 StartedAt:1586496505514228400 LocalityAddress:[] ClusterName: SQLAddress:4ab3c8cfdeb3:26257} ClusterID:e1d5326e-f09c-49c9-9ccb-8f6d14060017 StartedAt:1586496505514228400 LastUp:1586496480145449800}
I200410 05:28:28.003775 86 gossip/gossip.go:1531  [n1] node has connected to cluster via gossip
I200410 05:28:28.004244 86 storage/stores.go:259  [n1] wrote 0 node addresses to persistent storage
I200410 05:28:36.309360 142 server/status/runtime.go:498  [n1] runtime stats: 110 MiB RSS, 115 goroutines, 89 MiB/35 MiB/132 MiB GO alloc/idle/total, 15 MiB/20 MiB CGO alloc/total, 0.0 CGO/sec, 0.0/0.0 %(u/s)time, 0.0 %gc (9x), 66 KiB/25 KiB (r/w)net
I200410 05:28:46.313637 142 server/status/runtime.go:498  [n1] runtime stats: 116 MiB RSS, 115 goroutines, 98 MiB/26 MiB/135 MiB GO alloc/idle/total, 15 MiB/20 MiB CGO alloc/total, 61.4 CGO/sec, 1.5/1.9 %(u/s)time, 0.0 %gc (0x), 96 B/0 B (r/w)net
I200410 05:28:46.401734 137 storage/store.go:2364  [n1,s1] sstables (read amplification = 1):
6 [ 2M 1 ]: 2M
I200410 05:28:46.406212 137 storage/store.go:2365  [n1,s1] 
** Compaction Stats [default] **
Level    Files   Size     Score Read(GB)  Rn(GB) Rnp1(GB) Write(GB) Wnew(GB) Moved(GB) W-Amp Rd(MB/s) Wr(MB/s) Comp(sec) CompMergeCPU(sec) Comp(cnt) Avg(sec) KeyIn KeyDrop
----------------------------------------------------------------------------------------------------------------------------------------------------------------------------
  L0      0/0    0.00 KB   0.0      0.0     0.0      0.0       0.0      0.0       0.0   1.0      0.0      0.2      0.69              0.00         1    0.691       0      0
  L6      1/0    2.08 MB   0.0      0.0     0.0      0.0       0.0      0.0       0.0   3.5      1.1      1.1      1.93              0.41         1    1.934     20K    10K
 Sum      1/0    2.08 MB   0.0      0.0     0.0      0.0       0.0      0.0       0.0  16.1      0.8      0.8      2.63              0.41         2    1.313     20K    10K
 Int      0/0    0.00 KB   0.0      0.0     0.0      0.0       0.0      0.0       0.0  16.1      0.8      0.8      2.63              0.41         2    1.313     20K    10K

** Compaction Stats [default] **
Priority    Files   Size     Score Read(GB)  Rn(GB) Rnp1(GB) Write(GB) Wnew(GB) Moved(GB) W-Amp Rd(MB/s) Wr(MB/s) Comp(sec) CompMergeCPU(sec) Comp(cnt) Avg(sec) KeyIn KeyDrop
-------------------------------------------------------------------------------------------------------------------------------------------------------------------------------
 Low      0/0    0.00 KB   0.0      0.0     0.0      0.0       0.0      0.0       0.0   0.0      1.1      1.1      1.93              0.41         1    1.934     20K    10K
User      0/0    0.00 KB   0.0      0.0     0.0      0.0       0.0      0.0       0.0   0.0      0.0      0.2      0.69              0.00         1    0.691       0      0
Uptime(secs): 24.6 total, 24.6 interval
Flush(GB): cumulative 0.000, interval 0.000
AddFile(GB): cumulative 0.000, interval 0.000
AddFile(Total Files): cumulative 0, interval 0
AddFile(L0 Files): cumulative 0, interval 0
AddFile(Keys): cumulative 0, interval 0
Cumulative compaction: 0.00 GB write, 0.09 MB/s write, 0.00 GB read, 0.09 MB/s read, 2.6 seconds
Interval compaction: 0.00 GB write, 0.09 MB/s write, 0.00 GB read, 0.09 MB/s read, 2.6 seconds
Stalls(count): 0 level0_slowdown, 0 level0_slowdown_with_compaction, 0 level0_numfiles, 0 level0_numfiles_with_compaction, 0 stop for pending_compaction_bytes, 0 slowdown for pending_compaction_bytes, 0 memtable_compaction, 0 memtable_slowdown, interval 0 total count
estimated_pending_compaction_bytes: 0 B
I200410 05:28:56.275817 142 server/status/runtime.go:498  [n1] runtime stats: 124 MiB RSS, 115 goroutines, 106 MiB/19 MiB/135 MiB GO alloc/idle/total, 15 MiB/20 MiB CGO alloc/total, 50.2 CGO/sec, 1.2/2.0 %(u/s)time, 0.0 %gc (0x), 70 B/0 B (r/w)net
I200410 05:29:06.276125 142 server/status/runtime.go:498  [n1] runtime stats: 133 MiB RSS, 116 goroutines, 114 MiB/11 MiB/135 MiB GO alloc/idle/total, 16 MiB/20 MiB CGO alloc/total, 28.1 CGO/sec, 1.3/1.3 %(u/s)time, 0.0 %gc (0x), 0 B/0 B (r/w)net
I200410 05:29:16.276299 142 server/status/runtime.go:498  [n1] runtime stats: 141 MiB RSS, 116 goroutines, 121 MiB/3.3 MiB/135 MiB GO alloc/idle/total, 16 MiB/20 MiB CGO alloc/total, 30.1 CGO/sec, 1.0/1.4 %(u/s)time, 0.0 %gc (0x), 0 B/0 B (r/w)net
I200410 05:29:26.202448 138 gossip/gossip.go:566  [n1] gossip status (ok, 1 node)
gossip client (0/3 cur/max conns)
gossip server (0/3 cur/max conns, infos 0/0 sent/received, bytes 0B/0B sent/received)
gossip connectivity
  n1 [sentinel];
I200410 05:29:26.243785 142 server/status/runtime.go:498  [n1] runtime stats: 144 MiB RSS, 118 goroutines, 85 MiB/36 MiB/135 MiB GO alloc/idle/total, 16 MiB/21 MiB CGO alloc/total, 32.0 CGO/sec, 1.3/1.9 %(u/s)time, 0.0 %gc (1x), 1.5 KiB/108 B (r/w)net
I200410 05:29:36.247802 142 server/status/runtime.go:498  [n1] runtime stats: 144 MiB RSS, 115 goroutines, 92 MiB/30 MiB/135 MiB GO alloc/idle/total, 16 MiB/21 MiB CGO alloc/total, 47.5 CGO/sec, 0.9/2.3 %(u/s)time, 0.0 %gc (0x), 154 B/84 B (r/w)net
I200410 05:29:46.246280 142 server/status/runtime.go:498  [n1] runtime stats: 144 MiB RSS, 115 goroutines, 98 MiB/24 MiB/135 MiB GO alloc/idle/total, 16 MiB/21 MiB CGO alloc/total, 23.4 CGO/sec, 1.0/1.4 %(u/s)time, 0.0 %gc (0x), 0 B/0 B (r/w)net
I200410 05:29:56.234757 142 server/status/runtime.go:498  [n1] runtime stats: 146 MiB RSS, 115 goroutines, 104 MiB/19 MiB/135 MiB GO alloc/idle/total, 16 MiB/21 MiB CGO alloc/total, 24.1 CGO/sec, 0.9/1.6 %(u/s)time, 0.0 %gc (0x), 0 B/0 B (r/w)net
I200410 05:30:06.241952 142 server/status/runtime.go:498  [n1] runtime stats: 148 MiB RSS, 116 goroutines, 110 MiB/13 MiB/135 MiB GO alloc/idle/total, 16 MiB/21 MiB CGO alloc/total, 22.4 CGO/sec, 1.0/1.4 %(u/s)time, 0.0 %gc (0x), 0 B/0 B (r/w)net
I200410 05:30:16.235725 142 server/status/runtime.go:498  [n1] runtime stats: 150 MiB RSS, 116 goroutines, 116 MiB/7.3 MiB/135 MiB GO alloc/idle/total, 16 MiB/21 MiB CGO alloc/total, 24.4 CGO/sec, 1.0/1.2 %(u/s)time, 0.0 %gc (0x), 0 B/0 B (r/w)net
I200410 05:30:26.132039 138 gossip/gossip.go:566  [n1] gossip status (ok, 1 node)
gossip client (0/3 cur/max conns)
gossip server (0/3 cur/max conns, infos 0/0 sent/received, bytes 0B/0B sent/received)
I200410 05:30:26.200183 142 server/status/runtime.go:498  [n1] runtime stats: 150 MiB RSS, 116 goroutines, 122 MiB/1.4 MiB/135 MiB GO alloc/idle/total, 16 MiB/21 MiB CGO alloc/total, 27.7 CGO/sec, 0.9/1.2 %(u/s)time, 0.0 %gc (0x), 0 B/0 B (r/w)net
I200410 05:30:36.200468 142 server/status/runtime.go:498  [n1] runtime stats: 158 MiB RSS, 115 goroutines, 131 MiB/57 MiB/201 MiB GO alloc/idle/total, 16 MiB/21 MiB CGO alloc/total, 48.2 CGO/sec, 1.4/1.5 %(u/s)time, 0.0 %gc (0x), 0 B/0 B (r/w)net
I200410 05:30:46.203952 142 server/status/runtime.go:498  [n1] runtime stats: 165 MiB RSS, 115 goroutines, 78 MiB/106 MiB/201 MiB GO alloc/idle/total, 16 MiB/21 MiB CGO alloc/total, 32.4 CGO/sec, 1.2/1.8 %(u/s)time, 0.0 %gc (1x), 70 B/0 B (r/w)net
I200410 05:30:56.166539 142 server/status/runtime.go:498  [n1] runtime stats: 166 MiB RSS, 115 goroutines, 84 MiB/101 MiB/201 MiB GO alloc/idle/total, 16 MiB/21 MiB CGO alloc/total, 22.8 CGO/sec, 0.5/0.9 %(u/s)time, 0.0 %gc (0x), 0 B/0 B (r/w)net
I200410 05:31:06.167799 142 server/status/runtime.go:498  [n1] runtime stats: 166 MiB RSS, 116 goroutines, 90 MiB/95 MiB/201 MiB GO alloc/idle/total, 16 MiB/21 MiB CGO alloc/total, 28.2 CGO/sec, 0.5/0.8 %(u/s)time, 0.0 %gc (0x), 0 B/0 B (r/w)net
I200410 05:31:16.168341 142 server/status/runtime.go:498  [n1] runtime stats: 166 MiB RSS, 116 goroutines, 96 MiB/90 MiB/201 MiB GO alloc/idle/total, 16 MiB/21 MiB CGO alloc/total, 192.8 CGO/sec, 0.5/0.9 %(u/s)time, 0.0 %gc (0x), 0 B/0 B (r/w)net
I200410 05:31:26.060850 138 gossip/gossip.go:566  [n1] gossip status (ok, 1 node)
gossip client (0/3 cur/max conns)
gossip server (0/3 cur/max conns, infos 0/0 sent/received, bytes 0B/0B sent/received)
I200410 05:31:26.133596 142 server/status/runtime.go:498  [n1] runtime stats: 166 MiB RSS, 116 goroutines, 102 MiB/84 MiB/201 MiB GO alloc/idle/total, 16 MiB/21 MiB CGO alloc/total, 24.2 CGO/sec, 0.5/1.1 %(u/s)time, 0.0 %gc (0x), 0 B/0 B (r/w)net
I200410 05:31:36.134190 142 server/status/runtime.go:498  [n1] runtime stats: 167 MiB RSS, 115 goroutines, 110 MiB/78 MiB/201 MiB GO alloc/idle/total, 16 MiB/21 MiB CGO alloc/total, 56.7 CGO/sec, 1.1/1.4 %(u/s)time, 0.0 %gc (0x), 0 B/0 B (r/w)net
I200410 05:31:46.134883 142 server/status/runtime.go:498  [n1] runtime stats: 167 MiB RSS, 115 goroutines, 116 MiB/72 MiB/201 MiB GO alloc/idle/total, 16 MiB/21 MiB CGO alloc/total, 26.8 CGO/sec, 0.5/1.1 %(u/s)time, 0.0 %gc (0x), 0 B/0 B (r/w)net
I200410 05:31:56.102453 142 server/status/runtime.go:498  [n1] runtime stats: 167 MiB RSS, 115 goroutines, 122 MiB/66 MiB/201 MiB GO alloc/idle/total, 16 MiB/21 MiB CGO alloc/total, 23.2 CGO/sec, 0.6/1.1 %(u/s)time, 0.0 %gc (0x), 0 B/0 B (r/w)net
I200410 05:32:06.099859 142 server/status/runtime.go:498  [n1] runtime stats: 168 MiB RSS, 116 goroutines, 128 MiB/60 MiB/201 MiB GO alloc/idle/total, 15 MiB/21 MiB CGO alloc/total, 25.9 CGO/sec, 0.5/0.7 %(u/s)time, 0.0 %gc (0x), 0 B/0 B (r/w)net
I200410 05:32:07.157462 2834 storage/replica_command.go:411  [n1,split,s1,r4/1:/System{/tsd-tse}] initiating a split of this range at key /System/tsd/cr.store.valcount/1/10s/2020-04-10T05:... [r45] (64 MiB above threshold size 64 MiB)
I200410 05:32:16.105306 142 server/status/runtime.go:498  [n1] runtime stats: 182 MiB RSS, 117 goroutines, 134 MiB/54 MiB/201 MiB GO alloc/idle/total, 29 MiB/35 MiB CGO alloc/total, 67.6 CGO/sec, 4.6/3.0 %(u/s)time, 0.0 %gc (0x), 0 B/0 B (r/w)net
I200410 05:32:16.559217 2923 storage/replica_command.go:677  [n1,merge,s1,r4/1:/System/tsd{-/cr.sto…}] initiating a merge of r45:/System{/tsd/cr.store.valcount/1/10s/2020-04-10T05:00:00Z-tse} [(n1,s1):1, next=2, gen=1] into this range (lhs+rhs has (size=13 MiB+1.9 KiB qps=0.00+0.00 --> 0.00qps) below threshold (size=13 MiB, qps=0.00))
I200410 05:32:16.583090 103 storage/store_remove_replica.go:129  [n1,s1,r4/1:/System/tsd{-/cr.sto…}] removing replica r45/1
I200410 05:32:25.991323 138 gossip/gossip.go:566  [n1] gossip status (ok, 1 node)
gossip client (0/3 cur/max conns)
gossip server (0/3 cur/max conns, infos 0/0 sent/received, bytes 0B/0B sent/received)
I200410 05:32:26.067513 142 server/status/runtime.go:498  [n1] runtime stats: 188 MiB RSS, 126 goroutines, 143 MiB/45 MiB/201 MiB GO alloc/idle/total, 29 MiB/36 MiB CGO alloc/total, 48.9 CGO/sec, 0.9/1.5 %(u/s)time, 0.0 %gc (0x), 2.7 KiB/2.7 KiB (r/w)net
I200410 05:32:31.549379 120 storage/compactor/compactor.go:325  [n1,s1,compactor] purging suggested compaction for range /System/tsd/cr.store.valcount/1/10s/2020-04-10T05:00:00Z - /System/"tse" that contains live data
I200410 05:32:36.066204 142 server/status/runtime.go:498  [n1] runtime stats: 191 MiB RSS, 125 goroutines, 87 MiB/98 MiB/201 MiB GO alloc/idle/total, 29 MiB/36 MiB CGO alloc/total, 59.0 CGO/sec, 1.3/2.5 %(u/s)time, 0.0 %gc (1x), 1.1 KiB/1.1 KiB (r/w)net
I200410 05:32:46.069516 142 server/status/runtime.go:498  [n1] runtime stats: 191 MiB RSS, 125 goroutines, 93 MiB/92 MiB/201 MiB GO alloc/idle/total, 29 MiB/36 MiB CGO alloc/total, 23.7 CGO/sec, 0.5/0.9 %(u/s)time, 0.0 %gc (0x), 1.0 KiB/1.0 KiB (r/w)net
I200410 05:32:56.035599 142 server/status/runtime.go:498  [n1] runtime stats: 191 MiB RSS, 125 goroutines, 99 MiB/87 MiB/201 MiB GO alloc/idle/total, 29 MiB/36 MiB CGO alloc/total, 25.6 CGO/sec, 0.5/0.9 %(u/s)time, 0.0 %gc (0x), 1.5 KiB/1.5 KiB (r/w)net
I200410 05:33:06.036146 142 server/status/runtime.go:498  [n1] runtime stats: 191 MiB RSS, 126 goroutines, 105 MiB/81 MiB/201 MiB GO alloc/idle/total, 29 MiB/36 MiB CGO alloc/total, 25.5 CGO/sec, 0.5/0.8 %(u/s)time, 0.0 %gc (0x), 1.2 KiB/1.1 KiB (r/w)net
I200410 05:33:16.036690 142 server/status/runtime.go:498  [n1] runtime stats: 191 MiB RSS, 126 goroutines, 111 MiB/76 MiB/201 MiB GO alloc/idle/total, 29 MiB/36 MiB CGO alloc/total, 26.5 CGO/sec, 0.6/1.2 %(u/s)time, 0.0 %gc (0x), 1.1 KiB/1.1 KiB (r/w)net
I200410 05:33:25.920047 138 gossip/gossip.go:566  [n1] gossip status (ok, 1 node)
gossip client (0/3 cur/max conns)
gossip server (0/3 cur/max conns, infos 0/0 sent/received, bytes 0B/0B sent/received)
I200410 05:33:26.010601 142 server/status/runtime.go:498  [n1] runtime stats: 191 MiB RSS, 126 goroutines, 118 MiB/70 MiB/201 MiB GO alloc/idle/total, 29 MiB/36 MiB CGO alloc/total, 22.3 CGO/sec, 0.4/1.0 %(u/s)time, 0.0 %gc (0x), 1.4 KiB/1.4 KiB (r/w)net
I200410 05:33:36.019842 142 server/status/runtime.go:498  [n1] runtime stats: 192 MiB RSS, 125 goroutines, 124 MiB/63 MiB/201 MiB GO alloc/idle/total, 29 MiB/36 MiB CGO alloc/total, 51.2 CGO/sec, 1.2/1.7 %(u/s)time, 0.0 %gc (0x), 1.1 KiB/1.1 KiB (r/w)net
I200410 05:33:46.013519 142 server/status/runtime.go:498  [n1] runtime stats: 192 MiB RSS, 126 goroutines, 131 MiB/57 MiB/201 MiB GO alloc/idle/total, 29 MiB/36 MiB CGO alloc/total, 26.8 CGO/sec, 0.7/1.3 %(u/s)time, 0.0 %gc (0x), 1.0 KiB/1.0 KiB (r/w)net
I200410 05:33:55.982186 142 server/status/runtime.go:498  [n1] runtime stats: 192 MiB RSS, 125 goroutines, 137 MiB/51 MiB/201 MiB GO alloc/idle/total, 29 MiB/36 MiB CGO alloc/total, 23.9 CGO/sec, 0.9/1.5 %(u/s)time, 0.0 %gc (0x), 1.4 KiB/1.4 KiB (r/w)net
I200410 05:34:05.974612 142 server/status/runtime.go:498  [n1] runtime stats: 192 MiB RSS, 126 goroutines, 143 MiB/45 MiB/201 MiB GO alloc/idle/total, 28 MiB/36 MiB CGO alloc/total, 26.9 CGO/sec, 0.6/1.0 %(u/s)time, 0.0 %gc (0x), 1.0 KiB/1.0 KiB (r/w)net
I200410 05:34:15.974465 142 server/status/runtime.go:498  [n1] runtime stats: 197 MiB RSS, 126 goroutines, 149 MiB/39 MiB/201 MiB GO alloc/idle/total, 28 MiB/36 MiB CGO alloc/total, 23.1 CGO/sec, 0.6/0.9 %(u/s)time, 0.0 %gc (0x), 1.0 KiB/1.0 KiB (r/w)net
I200410 05:34:25.850022 138 gossip/gossip.go:566  [n1] gossip status (ok, 1 node)
gossip client (0/3 cur/max conns)
gossip server (0/3 cur/max conns, infos 0/0 sent/received, bytes 0B/0B sent/received)
I200410 05:34:25.942485 142 server/status/runtime.go:498  [n1] runtime stats: 201 MiB RSS, 126 goroutines, 83 MiB/100 MiB/201 MiB GO alloc/idle/total, 36 MiB/44 MiB CGO alloc/total, 28.6 CGO/sec, 0.9/1.5 %(u/s)time, 0.0 %gc (1x), 1.4 KiB/1.4 KiB (r/w)net
I200410 05:34:35.941026 142 server/status/runtime.go:498  [n1] runtime stats: 201 MiB RSS, 125 goroutines, 91 MiB/94 MiB/201 MiB GO alloc/idle/total, 36 MiB/44 MiB CGO alloc/total, 50.8 CGO/sec, 1.1/1.5 %(u/s)time, 0.0 %gc (0x), 1.0 KiB/1.0 KiB (r/w)net
I200410 05:34:45.947424 142 server/status/runtime.go:498  [n1] runtime stats: 201 MiB RSS, 125 goroutines, 97 MiB/89 MiB/201 MiB GO alloc/idle/total, 36 MiB/44 MiB CGO alloc/total, 25.4 CGO/sec, 0.7/0.9 %(u/s)time, 0.0 %gc (0x), 1.1 KiB/1.1 KiB (r/w)net
I200410 05:34:55.910069 142 server/status/runtime.go:498  [n1] runtime stats: 201 MiB RSS, 125 goroutines, 103 MiB/83 MiB/201 MiB GO alloc/idle/total, 36 MiB/44 MiB CGO alloc/total, 26.7 CGO/sec, 0.9/1.0 %(u/s)time, 0.0 %gc (0x), 1.4 KiB/1.4 KiB (r/w)net
I200410 05:35:05.911177 142 server/status/runtime.go:498  [n1] runtime stats: 202 MiB RSS, 126 goroutines, 109 MiB/77 MiB/201 MiB GO alloc/idle/total, 36 MiB/44 MiB CGO alloc/total, 26.7 CGO/sec, 0.7/1.1 %(u/s)time, 0.0 %gc (0x), 1.2 KiB/1.2 KiB (r/w)net
I200410 05:35:15.911718 142 server/status/runtime.go:498  [n1] runtime stats: 202 MiB RSS, 126 goroutines, 115 MiB/72 MiB/201 MiB GO alloc/idle/total, 36 MiB/44 MiB CGO alloc/total, 26.7 CGO/sec, 0.8/1.0 %(u/s)time, 0.0 %gc (0x), 1.0 KiB/1.0 KiB (r/w)net
I200410 05:35:25.778612 138 gossip/gossip.go:566  [n1] gossip status (ok, 1 node)
gossip client (0/3 cur/max conns)
gossip server (0/3 cur/max conns, infos 0/0 sent/received, bytes 0B/0B sent/received)
I200410 05:35:25.898756 142 server/status/runtime.go:498  [n1] runtime stats: 202 MiB RSS, 126 goroutines, 121 MiB/66 MiB/201 MiB GO alloc/idle/total, 36 MiB/44 MiB CGO alloc/total, 28.2 CGO/sec, 0.6/1.2 %(u/s)time, 0.0 %gc (0x), 1.5 KiB/1.5 KiB (r/w)net
I200410 05:35:35.880799 142 server/status/runtime.go:498  [n1] runtime stats: 202 MiB RSS, 125 goroutines, 128 MiB/59 MiB/201 MiB GO alloc/idle/total, 36 MiB/44 MiB CGO alloc/total, 53.6 CGO/sec, 1.4/2.0 %(u/s)time, 0.0 %gc (0x), 1.0 KiB/1.0 KiB (r/w)net
W200410 05:35:39.151870 148 storage/node_liveness.go:559  [n1,liveness-hb] slow heartbeat took 1.0s
I200410 05:35:45.881581 142 server/status/runtime.go:498  [n1] runtime stats: 203 MiB RSS, 125 goroutines, 135 MiB/53 MiB/201 MiB GO alloc/idle/total, 36 MiB/44 MiB CGO alloc/total, 19.4 CGO/sec, 3.3/4.7 %(u/s)time, 0.0 %gc (0x), 1.3 KiB/1.3 KiB (r/w)net
I200410 05:35:55.848310 142 server/status/runtime.go:498  [n1] runtime stats: 203 MiB RSS, 125 goroutines, 141 MiB/48 MiB/201 MiB GO alloc/idle/total, 36 MiB/44 MiB CGO alloc/total, 29.2 CGO/sec, 1.0/1.7 %(u/s)time, 0.0 %gc (0x), 1.0 KiB/1.0 KiB (r/w)net
I200410 05:36:05.848806 142 server/status/runtime.go:498  [n1] runtime stats: 203 MiB RSS, 126 goroutines, 147 MiB/41 MiB/201 MiB GO alloc/idle/total, 36 MiB/44 MiB CGO alloc/total, 24.9 CGO/sec, 0.8/1.1 %(u/s)time, 0.0 %gc (0x), 1.4 KiB/1.4 KiB (r/w)net
I200410 05:36:15.849655 142 server/status/runtime.go:498  [n1] runtime stats: 204 MiB RSS, 126 goroutines, 79 MiB/104 MiB/201 MiB GO alloc/idle/total, 36 MiB/44 MiB CGO alloc/total, 23.1 CGO/sec, 1.3/2.9 %(u/s)time, 0.0 %gc (1x), 1.1 KiB/1.1 KiB (r/w)net
I200410 05:36:25.708202 138 gossip/gossip.go:566  [n1] gossip status (ok, 1 node)
gossip client (0/3 cur/max conns)
gossip server (0/3 cur/max conns, infos 0/0 sent/received, bytes 0B/0B sent/received)
I200410 05:36:25.819224 142 server/status/runtime.go:498  [n1] runtime stats: 204 MiB RSS, 126 goroutines, 85 MiB/98 MiB/201 MiB GO alloc/idle/total, 36 MiB/44 MiB CGO alloc/total, 22.5 CGO/sec, 1.0/1.8 %(u/s)time, 0.0 %gc (0x), 1.0 KiB/1.0 KiB (r/w)net
I200410 05:36:35.818845 142 server/status/runtime.go:498  [n1] runtime stats: 204 MiB RSS, 125 goroutines, 93 MiB/92 MiB/201 MiB GO alloc/idle/total, 36 MiB/44 MiB CGO alloc/total, 51.3 CGO/sec, 1.6/1.5 %(u/s)time, 0.0 %gc (0x), 1.0 KiB/1.0 KiB (r/w)net
I200410 05:36:45.818899 142 server/status/runtime.go:498  [n1] runtime stats: 205 MiB RSS, 125 goroutines, 99 MiB/87 MiB/201 MiB GO alloc/idle/total, 36 MiB/44 MiB CGO alloc/total, 30.6 CGO/sec, 1.0/1.2 %(u/s)time, 0.0 %gc (0x), 1.5 KiB/1.5 KiB (r/w)net
I200410 05:36:55.784817 142 server/status/runtime.go:498  [n1] runtime stats: 205 MiB RSS, 125 goroutines, 105 MiB/81 MiB/201 MiB GO alloc/idle/total, 36 MiB/44 MiB CGO alloc/total, 24.9 CGO/sec, 0.7/1.5 %(u/s)time, 0.0 %gc (0x), 1.0 KiB/1.0 KiB (r/w)net
I200410 05:37:05.785132 142 server/status/runtime.go:498  [n1] runtime stats: 205 MiB RSS, 126 goroutines, 111 MiB/76 MiB/201 MiB GO alloc/idle/total, 36 MiB/44 MiB CGO alloc/total, 26.8 CGO/sec, 0.9/1.2 %(u/s)time, 0.0 %gc (0x), 1.0 KiB/1.0 KiB (r/w)net
I200410 05:37:15.787090 142 server/status/runtime.go:498  [n1] runtime stats: 205 MiB RSS, 126 goroutines, 117 MiB/70 MiB/201 MiB GO alloc/idle/total, 36 MiB/44 MiB CGO alloc/total, 22.4 CGO/sec, 0.9/1.1 %(u/s)time, 0.0 %gc (0x), 1.4 KiB/1.4 KiB (r/w)net
I200410 05:37:25.638231 138 gossip/gossip.go:566  [n1] gossip status (ok, 1 node)
gossip client (0/3 cur/max conns)
gossip server (0/3 cur/max conns, infos 0/0 sent/received, bytes 0B/0B sent/received)
I200410 05:37:25.750944 142 server/status/runtime.go:498  [n1] runtime stats: 206 MiB RSS, 126 goroutines, 123 MiB/64 MiB/201 MiB GO alloc/idle/total, 36 MiB/44 MiB CGO alloc/total, 25.7 CGO/sec, 0.8/1.0 %(u/s)time, 0.0 %gc (0x), 1.0 KiB/1.0 KiB (r/w)net
I200410 05:37:35.750938 142 server/status/runtime.go:498  [n1] runtime stats: 206 MiB RSS, 125 goroutines, 130 MiB/57 MiB/201 MiB GO alloc/idle/total, 36 MiB/44 MiB CGO alloc/total, 53.8 CGO/sec, 1.1/1.3 %(u/s)time, 0.0 %gc (0x), 1.0 KiB/1.0 KiB (r/w)net
I200410 05:37:45.753065 142 server/status/runtime.go:498  [n1] runtime stats: 206 MiB RSS, 125 goroutines, 136 MiB/52 MiB/201 MiB GO alloc/idle/total, 36 MiB/44 MiB CGO alloc/total, 24.6 CGO/sec, 0.6/0.8 %(u/s)time, 0.0 %gc (0x), 1.3 KiB/1.3 KiB (r/w)net
I200410 05:37:55.718641 142 server/status/runtime.go:498  [n1] runtime stats: 206 MiB RSS, 125 goroutines, 142 MiB/46 MiB/201 MiB GO alloc/idle/total, 36 MiB/44 MiB CGO alloc/total, 21.8 CGO/sec, 0.5/0.9 %(u/s)time, 0.0 %gc (0x), 1.2 KiB/1.1 KiB (r/w)net
I200410 05:38:05.720255 142 server/status/runtime.go:498  [n1] runtime stats: 206 MiB RSS, 126 goroutines, 149 MiB/40 MiB/201 MiB GO alloc/idle/total, 36 MiB/44 MiB CGO alloc/total, 25.3 CGO/sec, 0.8/1.0 %(u/s)time, 0.0 %gc (0x), 1.0 KiB/1.0 KiB (r/w)net
I200410 05:38:15.723989 142 server/status/runtime.go:498  [n1] runtime stats: 207 MiB RSS, 126 goroutines, 82 MiB/101 MiB/202 MiB GO alloc/idle/total, 36 MiB/44 MiB CGO alloc/total, 29.9 CGO/sec, 1.3/1.9 %(u/s)time, 0.0 %gc (1x), 1.6 KiB/1.6 KiB (r/w)net
I200410 05:38:25.334974 1 cli/start.go:865  received signal 'terminated'
I200410 05:38:25.336361 1 cli/start.go:930  initiating graceful shutdown of server
I200410 05:38:25.347541 6993 util/stop/stopper.go:542  [server drain process] quiescing; tasks left:
1      storage.Store: draining replica
1      [async] stats.Refresher: maybeRefreshStats
1      [async] intent_resolver_ir_batcher
1      [async] intent_resolver_gc_batcher
1      [async] closedts-rangefeed-subscriber
W200410 05:38:25.348426 75 vendor/google.golang.org/grpc/clientconn.go:1206  grpc: addrConn.createTransport failed to connect to {4ab3c8cfdeb3:26257 0  <nil>}. Err :connection error: desc = "transport: failed to write client preface: io: read/write on closed pipe". Reconnecting...
I200410 05:38:25.353305 6993 storage/engine/rocksdb.go:762  closing rocksdb instance at "/cockroach/cockroach-data/cockroach-temp241432492"
I200410 05:38:25.501562 6993 storage/engine/rocksdb.go:762  closing rocksdb instance at "/cockroach/cockroach-data"
I200410 05:38:25.605910 1 cli/start.go:976  server drained and shutdown completed
