I200430 17:00:06.549677 1 util/log/clog.go:1196  [config] file created at: 2020/04/30 17:00:06
I200430 17:00:06.549677 1 util/log/clog.go:1196  [config] running on machine: 2aabe0268f1d
I200430 17:00:06.549677 1 util/log/clog.go:1196  [config] binary: CockroachDB CCL v19.2.5 (x86_64-unknown-linux-gnu, built 2020/03/16 18:27:12, go1.12.12)
I200430 17:00:06.549677 1 util/log/clog.go:1196  [config] arguments: [/cockroach/cockroach start --insecure]
I200430 17:00:06.549677 1 util/log/clog.go:1196  line format: [IWEF]yymmdd hh:mm:ss.uuuuuu goid file:line msg utf8=✓
I200430 17:00:06.549667 1 cli/start.go:1144  logging to directory /cockroach/cockroach-data/logs
W200430 17:00:06.575614 1 cli/start.go:1182  RUNNING IN INSECURE MODE!

- Your cluster is open for any client that can access <all your IP addresses>.
- Any user, even root, can log in without providing a password.
- Any user, connecting as root, can read or write any data in your cluster.
- There is no network encryption nor authentication, and thus no confidentiality.

Check out how to secure your cluster: https://www.cockroachlabs.com/docs/v19.2/secure-a-cluster.html
I200430 17:00:06.602624 1 server/status/recorder.go:597  available memory from cgroups (8.0 EiB) is unsupported, using system memory 2.9 GiB instead: 
W200430 17:00:06.609146 1 cli/start.go:1052  Using the default setting for --cache (128 MiB).
  A significantly larger value is usually needed for good performance.
  If you have a dedicated server a reasonable setting is --cache=.25 (749 MiB).
I200430 17:00:06.661396 1 server/status/recorder.go:597  available memory from cgroups (8.0 EiB) is unsupported, using system memory 2.9 GiB instead: 
W200430 17:00:06.662352 1 cli/start.go:1065  Using the default setting for --max-sql-memory (128 MiB).
  A significantly larger value is usually needed in production.
  If you have a dedicated server a reasonable setting is --max-sql-memory=.25 (749 MiB).
I200430 17:00:06.672533 1 server/status/recorder.go:597  available memory from cgroups (8.0 EiB) is unsupported, using system memory 2.9 GiB instead: 
I200430 17:00:06.672580 1 cli/start.go:1196  CockroachDB CCL v19.2.5 (x86_64-unknown-linux-gnu, built 2020/03/16 18:27:12, go1.12.12)
W200430 17:00:07.207332 1 cli/start.go:511  running 'cockroach start' without --join is deprecated.
Consider using 'cockroach start-single-node' or 'cockroach init' instead.
I200430 17:00:07.247157 1 server/status/recorder.go:597  available memory from cgroups (8.0 EiB) is unsupported, using system memory 2.9 GiB instead: 
I200430 17:00:07.247217 1 server/config.go:394  system total memory: 2.9 GiB
I200430 17:00:07.247294 1 server/config.go:396  server configuration:
max offset             500000000
cache size             128 MiB
SQL memory pool size   128 MiB
scan interval          10m0s
scan min idle time     10ms
scan max idle time     1s
event log enabled      true
I200430 17:00:07.247324 1 cli/start.go:1030  using local environment variables: COCKROACH_CHANNEL=official-docker
I200430 17:00:07.247373 1 cli/start.go:1037  process identity: uid 0 euid 0 gid 0 egid 0
I200430 17:00:07.248609 1 cli/start.go:644  starting cockroach node
I200430 17:00:07.260826 28 storage/engine/rocksdb.go:622  opening rocksdb instance at "/cockroach/cockroach-data/cockroach-temp872439356"
I200430 17:00:07.953182 28 server/server.go:928  [n?] monitoring forward clock jumps based on server.clock.forward_jump_check_enabled
I200430 17:00:07.960965 28 storage/engine/rocksdb.go:622  opening rocksdb instance at "/cockroach/cockroach-data"
I200430 17:00:09.255801 28 server/config.go:502  [n?] 1 storage engine initialized
I200430 17:00:09.255823 28 server/config.go:505  [n?] RocksDB cache size: 128 MiB
I200430 17:00:09.255838 28 server/config.go:505  [n?] store 0: RocksDB, max size 0 B, max open file limit 1043576
W200430 17:00:09.285535 28 cli/start.go:996  neither --listen-addr nor --advertise-addr was specified.
The server will advertise "2aabe0268f1d" to other nodes, is this routable?

Consider using:
- for local-only servers:  --listen-addr=localhost
- for multi-node clusters: --advertise-addr=<host/IP addr>
I200430 17:00:09.287887 28 gossip/gossip.go:394  [n1] NodeDescriptor set to node_id:1 address:<network_field:"tcp" address_field:"2aabe0268f1d:26257" > attrs:<> locality:<> ServerVersion:<major_val:19 minor_val:2 patch:0 unstable:0 > build_tag:"v19.2.5" started_at:1588266009287481213 cluster_name:"" sql_address:<network_field:"tcp" address_field:"2aabe0268f1d:26257" > 
W200430 17:00:09.642023 108 storage/replica_range_lease.go:554  can't determine lease status due to node liveness error: node not in the liveness table
github.com/cockroachdb/cockroach/pkg/storage.init.ializers
	/go/src/github.com/cockroachdb/cockroach/pkg/storage/node_liveness.go:44
runtime.main
	/usr/local/go/src/runtime/proc.go:188
runtime.goexit
	/usr/local/go/src/runtime/asm_amd64.s:1337
W200430 17:00:09.642094 108 storage/store.go:1530  [n1,s1,r6/1:/Table/{SystemCon…-11}] could not gossip system config: [NotLeaseHolderError] r6: replica (n1,s1):1 not lease holder; lease holder unknown
W200430 17:00:09.713049 108 storage/store.go:1530  [n1,s1,r6/1:/Table/{SystemCon…-11}] could not gossip system config: [NotLeaseHolderError] r6: replica (n1,s1):1 not lease holder; lease holder unknown
I200430 17:00:09.895559 28 server/node.go:431  [n1] initialized store [n1,s1]: disk (capacity=60 TiB, available=28 TiB, used=33 MiB, logicalBytes=184 MiB), ranges=32, leases=2, queries=0.00, writes=0.00, bytesPerReplica={p10=0.00 p25=0.00 p50=3249.00 p75=29103.00 p90=34244323.00 pMax=49129424.00}, writesPerReplica={p10=0.00 p25=0.00 p50=0.00 p75=0.00 p90=0.00 pMax=0.00}
I200430 17:00:09.895757 28 storage/stores.go:240  [n1] read 0 node addresses from persistent storage
I200430 17:00:09.896075 28 server/node.go:645  [n1] connecting to gossip network to verify cluster ID...
I200430 17:00:09.896112 28 server/node.go:665  [n1] node connected via gossip and verified as part of cluster "e1d5326e-f09c-49c9-9ccb-8f6d14060017"
I200430 17:00:09.896250 28 server/node.go:512  [n1] node=1: started with [<no-attributes>=/cockroach/cockroach-data] engine(s) and attributes []
I200430 17:00:09.906129 28 server/server.go:1514  [n1] starting http server at [::]:8080 (use: 2aabe0268f1d:8080)
I200430 17:00:09.906152 28 server/server.go:1521  [n1] starting grpc/postgres server at [::]:26257
I200430 17:00:09.906169 28 server/server.go:1522  [n1] advertising CockroachDB node at 2aabe0268f1d:26257
I200430 17:00:09.956266 146 storage/node_liveness.go:474  [n1,liveness-hb] heartbeat failed on epoch increment; retrying
I200430 17:00:10.715796 28 server/server.go:1590  [n1] done ensuring all necessary migrations have run
I200430 17:00:10.718219 28 server/server.go:1841  [n1] serving sql connections
I200430 17:00:10.719732 28 cli/start.go:803  [config] clusterID: e1d5326e-f09c-49c9-9ccb-8f6d14060017
I200430 17:00:10.719862 28 cli/start.go:812  node startup completed:
CockroachDB node starting at 2020-04-30 17:00:10.719368882 +0000 UTC (took 4.2s)
build:               CCL v19.2.5 @ 2020/03/16 18:27:12 (go1.12.12)
webui:               http://2aabe0268f1d:8080
sql:                 postgresql://root@2aabe0268f1d:26257?sslmode=disable
RPC client flags:    /cockroach/cockroach <client cmd> --host=2aabe0268f1d:26257 --insecure
logs:                /cockroach/cockroach-data/logs
temp dir:            /cockroach/cockroach-data/cockroach-temp872439356
external I/O path:   /cockroach/cockroach-data/extern
store[0]:            path=/cockroach/cockroach-data
status:              restarted pre-existing node
clusterID:           e1d5326e-f09c-49c9-9ccb-8f6d14060017
nodeID:              1
I200430 17:00:10.929165 254 server/server_update.go:53  [n1] no need to upgrade, cluster already at the newest version
I200430 17:00:10.965592 256 sql/event_log.go:130  [n1] Event: "node_restart", target: 1, info: {Descriptor:{NodeID:1 Address:2aabe0268f1d:26257 Attrs: Locality: ServerVersion:19.2 BuildTag:v19.2.5 StartedAt:1588266009287481213 LocalityAddress:[] ClusterName: SQLAddress:2aabe0268f1d:26257} ClusterID:e1d5326e-f09c-49c9-9ccb-8f6d14060017 StartedAt:1588266009287481213 LastUp:1587368388229285000}
I200430 17:00:11.718436 64 gossip/gossip.go:1531  [n1] node has connected to cluster via gossip
I200430 17:00:11.718610 64 storage/stores.go:259  [n1] wrote 0 node addresses to persistent storage
I200430 17:00:13.341857 427 storage/replica_consistency.go:229  [n1,consistencyChecker,s1,r89/1:/System/tsd/cr.{node.…-store…}] triggering stats recomputation to resolve delta of {ContainsEstimates:true LastUpdateNanos:1588266010405630950 IntentAge:0 GCBytesAge:0 LiveBytes:2426383 LiveCount:-288 KeyBytes:-12721 KeyCount:-288 ValBytes:2439104 ValCount:-288 IntentBytes:0 IntentCount:0 SysBytes:0 SysCount:0}
I200430 17:00:15.322023 258 server/updates.go:267  [n1] A new version is available: 19.2.6, details: https://www.cockroachlabs.com/docs/releases/v19.2.6.html
I200430 17:00:19.924349 140 server/status/runtime.go:498  [n1] runtime stats: 161 MiB RSS, 129 goroutines, 125 MiB/63 MiB/201 MiB GO alloc/idle/total, 30 MiB/35 MiB CGO alloc/total, 0.0 CGO/sec, 0.0/0.0 %(u/s)time, 0.0 %gc (10x), 266 KiB/40 KiB (r/w)net
I200430 17:00:21.492202 647 storage/replica_consistency.go:229  [n1,consistencyChecker,s1,r88/1:/System/tsd/cr.node.sql.mem.…] triggering stats recomputation to resolve delta of {ContainsEstimates:true LastUpdateNanos:1588266010399795292 IntentAge:0 GCBytesAge:0 LiveBytes:11469764 LiveCount:-1418 KeyBytes:-68398 KeyCount:-1418 ValBytes:11538162 ValCount:-1418 IntentBytes:0 IntentCount:0 SysBytes:0 SysCount:0}
I200430 17:00:22.491296 688 storage/replica_consistency.go:229  [n1,consistencyChecker,s1,r90/1:/System{/tsd/cr.s…-tse}] triggering stats recomputation to resolve delta of {ContainsEstimates:true LastUpdateNanos:1588266020817320288 IntentAge:0 GCBytesAge:0 LiveBytes:5135297 LiveCount:-678 KeyBytes:-33619 KeyCount:-678 ValBytes:5168916 ValCount:-678 IntentBytes:0 IntentCount:0 SysBytes:0 SysCount:0}
I200430 17:00:27.364231 831 storage/replica_consistency.go:229  [n1,consistencyChecker,s1,r58/1:/System/tsd/cr.store.{co…-re…}] triggering stats recomputation to resolve delta of {ContainsEstimates:true LastUpdateNanos:1588266020897179180 IntentAge:0 GCBytesAge:0 LiveBytes:11605331 LiveCount:-1412 KeyBytes:-70188 KeyCount:-1412 ValBytes:11675519 ValCount:-1412 IntentBytes:0 IntentCount:0 SysBytes:0 SysCount:0}
I200430 17:00:29.113416 946 storage/replica_command.go:677  [n1,merge,s1,r58/1:/System/tsd/cr.store.{co…-re…}] initiating a merge of r90:/System{/tsd/cr.store.rebalancing.range.rebalances/1/10s/2020-04-11T12:00:00Z-tse} [(n1,s1):1, next=2, gen=10] into this range (lhs+rhs has (size=16 MiB+527 KiB qps=1001.73+0.00 --> 1001.73qps) below threshold (size=16 MiB, qps=1001.73))
I200430 17:00:29.142954 87 storage/store_remove_replica.go:129  [n1,s1,r58/1:/System/tsd/cr.store.{co…-re…}] removing replica r90/1
I200430 17:00:29.922038 140 server/status/runtime.go:498  [n1] runtime stats: 264 MiB RSS, 125 goroutines, 152 MiB/34 MiB/202 MiB GO alloc/idle/total, 86 MiB/105 MiB CGO alloc/total, 8561.7 CGO/sec, 47.5/10.4 %(u/s)time, 0.2 %gc (9x), 6.8 KiB/6.8 KiB (r/w)net
I200430 17:00:30.190816 135 storage/store.go:2364  [n1,s1] sstables (read amplification = 1):
6 [ 22M 6 ]: 4M[5] 1M
I200430 17:00:30.190966 135 storage/store.go:2365  [n1,s1] 
** Compaction Stats [default] **
Level    Files   Size     Score Read(GB)  Rn(GB) Rnp1(GB) Write(GB) Wnew(GB) Moved(GB) W-Amp Rd(MB/s) Wr(MB/s) Comp(sec) CompMergeCPU(sec) Comp(cnt) Avg(sec) KeyIn KeyDrop
----------------------------------------------------------------------------------------------------------------------------------------------------------------------------
  L0      0/0    0.00 KB   0.0      0.0     0.0      0.0       0.0      0.0       0.0   1.0      0.0      0.3      0.37              0.00         1    0.371       0      0
  L6      6/0   21.56 MB   0.0      0.0     0.0      0.0       0.0      0.0       0.0  43.3      7.3      7.2      3.00              0.82         1    3.002     70K    10K
 Sum      6/0   21.56 MB   0.0      0.0     0.0      0.0       0.0      0.0       0.0 218.6      6.5      6.4      3.37              0.82         2    1.687     70K    10K
 Int      0/0    0.00 KB   0.0      0.0     0.0      0.0       0.0      0.0       0.0 218.6      6.5      6.4      3.37              0.82         2    1.687     70K    10K

** Compaction Stats [default] **
Priority    Files   Size     Score Read(GB)  Rn(GB) Rnp1(GB) Write(GB) Wnew(GB) Moved(GB) W-Amp Rd(MB/s) Wr(MB/s) Comp(sec) CompMergeCPU(sec) Comp(cnt) Avg(sec) KeyIn KeyDrop
-------------------------------------------------------------------------------------------------------------------------------------------------------------------------------
 Low      0/0    0.00 KB   0.0      0.0     0.0      0.0       0.0      0.0       0.0   0.0      7.3      7.2      3.00              0.82         1    3.002     70K    10K
User      0/0    0.00 KB   0.0      0.0     0.0      0.0       0.0      0.0       0.0   0.0      0.0      0.3      0.37              0.00         1    0.371       0      0
Uptime(secs): 22.0 total, 22.0 interval
Flush(GB): cumulative 0.000, interval 0.000
AddFile(GB): cumulative 0.000, interval 0.000
AddFile(Total Files): cumulative 0, interval 0
AddFile(L0 Files): cumulative 0, interval 0
AddFile(Keys): cumulative 0, interval 0
Cumulative compaction: 0.02 GB write, 0.99 MB/s write, 0.02 GB read, 0.99 MB/s read, 3.4 seconds
Interval compaction: 0.02 GB write, 0.99 MB/s write, 0.02 GB read, 0.99 MB/s read, 3.4 seconds
Stalls(count): 0 level0_slowdown, 0 level0_slowdown_with_compaction, 0 level0_numfiles, 0 level0_numfiles_with_compaction, 0 stop for pending_compaction_bytes, 0 slowdown for pending_compaction_bytes, 0 memtable_compaction, 0 memtable_slowdown, interval 0 total count
estimated_pending_compaction_bytes: 0 B
I200430 17:00:30.704655 1011 storage/replica_command.go:677  [n1,merge,s1,r89/1:/System/tsd/cr.{node.…-store…}] initiating a merge of r58:/System{/tsd/cr.store.compactor.suggestionbytes.queued/1/10s/2020-04-10T07:00:00Z-tse} [(n1,s1):1, next=2, gen=11] into this range (lhs+rhs has (size=277 KiB+1.8 MiB qps=0.00+318.93 --> 318.93qps) below threshold (size=2.1 MiB, qps=318.93))
I200430 17:00:30.723349 96 storage/store_remove_replica.go:129  [n1,s1,r89/1:/System/tsd/cr.{node.…-store…}] removing replica r58/1
I200430 17:00:39.397326 1185 storage/replica_consistency.go:229  [n1,consistencyChecker,s1,r75/1:/System/tsd/cr.node.{sq…-tx…}] triggering stats recomputation to resolve delta of {ContainsEstimates:true LastUpdateNanos:1588266030694238624 IntentAge:0 GCBytesAge:0 LiveBytes:1096987 LiveCount:-165 KeyBytes:-7727 KeyCount:-165 ValBytes:1104714 ValCount:-165 IntentBytes:0 IntentCount:0 SysBytes:0 SysCount:0}
I200430 17:00:39.899334 140 server/status/runtime.go:498  [n1] runtime stats: 268 MiB RSS, 126 goroutines, 119 MiB/67 MiB/202 MiB GO alloc/idle/total, 86 MiB/105 MiB CGO alloc/total, 1929.7 CGO/sec, 12.7/1.7 %(u/s)time, 0.0 %gc (3x), 6.6 KiB/6.4 KiB (r/w)net
I200430 17:00:40.715404 1241 storage/replica_consistency.go:229  [n1,consistencyChecker,s1,r4/1:/System/tsd{-/cr.nod…}] triggering stats recomputation to resolve delta of {ContainsEstimates:true LastUpdateNanos:1588266030688845253 IntentAge:0 GCBytesAge:0 LiveBytes:14443610 LiveCount:-1749 KeyBytes:-85333 KeyCount:-1749 ValBytes:14528943 ValCount:-1749 IntentBytes:0 IntentCount:0 SysBytes:0 SysCount:0}
I200430 17:00:41.158722 1273 storage/replica_command.go:677  [n1,merge,s1,r75/1:/System/tsd/cr.node.{sq…-tx…}] initiating a merge of r89:/System{/tsd/cr.node.txn.durations-p99.999/1/10s/2020-04-19T15:00:00Z-tse} [(n1,s1):1, next=2, gen=13] into this range (lhs+rhs has (size=16 MiB+2.1 MiB qps=640.31+0.00 --> 640.31qps) below threshold (size=18 MiB, qps=640.31))
I200430 17:00:41.178324 91 storage/store_remove_replica.go:129  [n1,s1,r75/1:/System/tsd/cr.node.{sq…-tx…}] removing replica r89/1
I200430 17:00:43.171622 1382 storage/replica_command.go:677  [n1,merge,s1,r4/1:/System/tsd{-/cr.nod…}] initiating a merge of r88:/System/tsd/cr.node.sql.mem.{admin.max-p75/1/10s/2020-04-16T21:00:00Z-sql.max-p75/1/10s/2020-04-10T19:00:00Z} [(n1,s1):1, next=2, gen=11] into this range (lhs+rhs has (size=16 MiB+856 KiB qps=1242.31+0.00 --> 1242.31qps) below threshold (size=17 MiB, qps=1242.31))
I200430 17:00:43.301522 88 storage/store_remove_replica.go:129  [n1,s1,r4/1:/System/tsd{-/cr.nod…}] removing replica r88/1
I200430 17:00:44.120282 115 storage/compactor/compactor.go:325  [n1,s1,compactor] purging suggested compaction for range /System/tsd/cr.node.sql.mem.admin.max-p75/1/10s/2020-04-16T21:00:00Z - /System/tsd/cr.node.sql.mem.sql.max-p75/1/10s/2020-04-10T19:00:00Z that contains live data
I200430 17:00:44.120492 115 storage/compactor/compactor.go:325  [n1,s1,compactor] purging suggested compaction for range /System/tsd/cr.node.txn.durations-p99.999/1/10s/2020-04-19T15:00:00Z - /System/"tse" that contains live data
I200430 17:00:44.121109 115 storage/compactor/compactor.go:325  [n1,s1,compactor] purging suggested compaction for range /System/tsd/cr.store.compactor.suggestionbytes.queued/1/10s/2020-04-10T07:00:00Z - /System/"tse" that contains live data
I200430 17:00:44.121522 115 storage/compactor/compactor.go:325  [n1,s1,compactor] purging suggested compaction for range /System/tsd/cr.store.rebalancing.range.rebalances/1/10s/2020-04-11T12:00:00Z - /System/"tse" that contains live data
I200430 17:00:49.904596 140 server/status/runtime.go:498  [n1] runtime stats: 278 MiB RSS, 125 goroutines, 135 MiB/51 MiB/202 MiB GO alloc/idle/total, 93 MiB/114 MiB CGO alloc/total, 7077.0 CGO/sec, 28.0/5.9 %(u/s)time, 0.0 %gc (6x), 3.5 KiB/3.5 KiB (r/w)net
I200430 17:00:50.730717 1489 storage/replica_command.go:677  [n1,merge,s1,r4/1:/System/tsd{-/cr.nod…}] initiating a merge of r75:/System{/tsd/cr.node.sql.mem.sql.max-p75/1/10s/2020-04-10T19:00:00Z-tse} [(n1,s1):1, next=2, gen=14] into this range (lhs+rhs has (size=2.2 MiB+3.4 MiB qps=0.00+0.00 --> 0.00qps) below threshold (size=5.6 MiB, qps=0.00))
I200430 17:00:50.885861 96 storage/store_remove_replica.go:129  [n1,s1,r4/1:/System/tsd{-/cr.nod…}] removing replica r75/1
I200430 17:00:59.124920 115 storage/compactor/compactor.go:325  [n1,s1,compactor] purging suggested compaction for range /System/tsd/cr.node.sql.mem.sql.max-p75/1/10s/2020-04-10T19:00:00Z - /System/"tse" that contains live data
I200430 17:00:59.904640 140 server/status/runtime.go:498  [n1] runtime stats: 278 MiB RSS, 125 goroutines, 142 MiB/45 MiB/202 MiB GO alloc/idle/total, 93 MiB/114 MiB CGO alloc/total, 57.0 CGO/sec, 2.2/1.8 %(u/s)time, 0.0 %gc (0x), 2.0 KiB/2.0 KiB (r/w)net
I200430 17:01:09.848662 136 gossip/gossip.go:566  [n1] gossip status (ok, 1 node)
gossip client (0/3 cur/max conns)
gossip server (0/3 cur/max conns, infos 0/0 sent/received, bytes 0B/0B sent/received)
gossip connectivity
  n1 [sentinel];
I200430 17:01:09.879096 140 server/status/runtime.go:498  [n1] runtime stats: 278 MiB RSS, 126 goroutines, 148 MiB/38 MiB/202 MiB GO alloc/idle/total, 93 MiB/114 MiB CGO alloc/total, 26.3 CGO/sec, 1.1/0.8 %(u/s)time, 0.0 %gc (0x), 1.2 KiB/1.0 KiB (r/w)net
I200430 17:01:19.880539 140 server/status/runtime.go:498  [n1] runtime stats: 280 MiB RSS, 124 goroutines, 102 MiB/85 MiB/202 MiB GO alloc/idle/total, 93 MiB/114 MiB CGO alloc/total, 493.2 CGO/sec, 6.0/1.6 %(u/s)time, 0.0 %gc (1x), 1.0 KiB/1.0 KiB (r/w)net
I200430 17:01:29.878974 140 server/status/runtime.go:498  [n1] runtime stats: 280 MiB RSS, 124 goroutines, 109 MiB/79 MiB/202 MiB GO alloc/idle/total, 93 MiB/114 MiB CGO alloc/total, 27.7 CGO/sec, 1.0/0.6 %(u/s)time, 0.0 %gc (0x), 1.5 KiB/1.4 KiB (r/w)net
I200430 17:01:39.858595 140 server/status/runtime.go:498  [n1] runtime stats: 280 MiB RSS, 124 goroutines, 115 MiB/73 MiB/202 MiB GO alloc/idle/total, 93 MiB/114 MiB CGO alloc/total, 29.9 CGO/sec, 1.2/1.0 %(u/s)time, 0.0 %gc (0x), 2.9 KiB/2.9 KiB (r/w)net
I200430 17:01:49.865795 140 server/status/runtime.go:498  [n1] runtime stats: 281 MiB RSS, 125 goroutines, 121 MiB/66 MiB/202 MiB GO alloc/idle/total, 93 MiB/114 MiB CGO alloc/total, 29.1 CGO/sec, 1.3/1.1 %(u/s)time, 0.0 %gc (0x), 6.5 KiB/6.6 KiB (r/w)net
I200430 17:01:59.864164 140 server/status/runtime.go:498  [n1] runtime stats: 281 MiB RSS, 125 goroutines, 127 MiB/60 MiB/202 MiB GO alloc/idle/total, 93 MiB/114 MiB CGO alloc/total, 24.9 CGO/sec, 1.5/1.1 %(u/s)time, 0.0 %gc (0x), 5.0 KiB/5.1 KiB (r/w)net
I200430 17:02:09.805091 136 gossip/gossip.go:566  [n1] gossip status (ok, 1 node)
gossip client (0/3 cur/max conns)
gossip server (0/3 cur/max conns, infos 0/0 sent/received, bytes 0B/0B sent/received)
I200430 17:02:09.844255 140 server/status/runtime.go:498  [n1] runtime stats: 281 MiB RSS, 125 goroutines, 134 MiB/54 MiB/202 MiB GO alloc/idle/total, 93 MiB/114 MiB CGO alloc/total, 26.5 CGO/sec, 1.5/1.7 %(u/s)time, 0.0 %gc (0x), 3.1 KiB/3.0 KiB (r/w)net
I200430 17:02:19.845062 140 server/status/runtime.go:498  [n1] runtime stats: 282 MiB RSS, 124 goroutines, 141 MiB/47 MiB/202 MiB GO alloc/idle/total, 93 MiB/114 MiB CGO alloc/total, 52.2 CGO/sec, 2.5/1.7 %(u/s)time, 0.0 %gc (0x), 3.4 KiB/2.9 KiB (r/w)net
I200430 17:02:29.861983 140 server/status/runtime.go:498  [n1] runtime stats: 282 MiB RSS, 124 goroutines, 147 MiB/40 MiB/202 MiB GO alloc/idle/total, 93 MiB/114 MiB CGO alloc/total, 28.1 CGO/sec, 1.1/1.4 %(u/s)time, 0.0 %gc (0x), 1.8 KiB/1.5 KiB (r/w)net
I200430 17:02:39.822611 140 server/status/runtime.go:498  [n1] runtime stats: 282 MiB RSS, 126 goroutines, 80 MiB/102 MiB/202 MiB GO alloc/idle/total, 93 MiB/114 MiB CGO alloc/total, 22.2 CGO/sec, 1.4/1.1 %(u/s)time, 0.0 %gc (1x), 2.7 KiB/2.9 KiB (r/w)net
I200430 17:02:49.822795 140 server/status/runtime.go:498  [n1] runtime stats: 282 MiB RSS, 127 goroutines, 87 MiB/96 MiB/202 MiB GO alloc/idle/total, 93 MiB/114 MiB CGO alloc/total, 50.8 CGO/sec, 1.2/1.7 %(u/s)time, 0.0 %gc (0x), 1.1 KiB/1.1 KiB (r/w)net
I200430 17:02:59.824422 140 server/status/runtime.go:498  [n1] runtime stats: 282 MiB RSS, 127 goroutines, 93 MiB/91 MiB/202 MiB GO alloc/idle/total, 93 MiB/114 MiB CGO alloc/total, 24.2 CGO/sec, 1.0/0.5 %(u/s)time, 0.0 %gc (0x), 1.4 KiB/1.3 KiB (r/w)net
I200430 17:03:09.758762 136 gossip/gossip.go:566  [n1] gossip status (ok, 1 node)
gossip client (0/3 cur/max conns)
gossip server (0/3 cur/max conns, infos 0/0 sent/received, bytes 0B/0B sent/received)
I200430 17:03:09.802253 140 server/status/runtime.go:498  [n1] runtime stats: 282 MiB RSS, 127 goroutines, 99 MiB/85 MiB/202 MiB GO alloc/idle/total, 93 MiB/114 MiB CGO alloc/total, 30.2 CGO/sec, 1.4/0.7 %(u/s)time, 0.0 %gc (0x), 1.1 KiB/1.1 KiB (r/w)net
I200430 17:03:19.801925 140 server/status/runtime.go:498  [n1] runtime stats: 282 MiB RSS, 126 goroutines, 106 MiB/79 MiB/202 MiB GO alloc/idle/total, 93 MiB/114 MiB CGO alloc/total, 52.4 CGO/sec, 2.1/1.3 %(u/s)time, 0.0 %gc (0x), 1.1 KiB/1.1 KiB (r/w)net
I200430 17:03:29.802701 140 server/status/runtime.go:498  [n1] runtime stats: 283 MiB RSS, 126 goroutines, 112 MiB/74 MiB/202 MiB GO alloc/idle/total, 93 MiB/114 MiB CGO alloc/total, 24.6 CGO/sec, 1.4/0.9 %(u/s)time, 0.0 %gc (0x), 1.5 KiB/1.5 KiB (r/w)net
I200430 17:03:39.785804 140 server/status/runtime.go:498  [n1] runtime stats: 283 MiB RSS, 126 goroutines, 118 MiB/68 MiB/202 MiB GO alloc/idle/total, 93 MiB/114 MiB CGO alloc/total, 25.7 CGO/sec, 1.7/1.1 %(u/s)time, 0.0 %gc (0x), 1.2 KiB/1.2 KiB (r/w)net
I200430 17:03:49.784872 140 server/status/runtime.go:498  [n1] runtime stats: 283 MiB RSS, 127 goroutines, 125 MiB/62 MiB/202 MiB GO alloc/idle/total, 93 MiB/114 MiB CGO alloc/total, 26.0 CGO/sec, 1.0/0.7 %(u/s)time, 0.0 %gc (0x), 1.1 KiB/1.1 KiB (r/w)net
I200430 17:03:59.785044 140 server/status/runtime.go:498  [n1] runtime stats: 283 MiB RSS, 127 goroutines, 131 MiB/56 MiB/202 MiB GO alloc/idle/total, 93 MiB/114 MiB CGO alloc/total, 32.6 CGO/sec, 0.9/0.6 %(u/s)time, 0.0 %gc (0x), 1.4 KiB/1.4 KiB (r/w)net
I200430 17:04:09.714286 136 gossip/gossip.go:566  [n1] gossip status (ok, 1 node)
gossip client (0/3 cur/max conns)
gossip server (0/3 cur/max conns, infos 0/0 sent/received, bytes 0B/0B sent/received)
I200430 17:04:09.767403 140 server/status/runtime.go:498  [n1] runtime stats: 283 MiB RSS, 127 goroutines, 137 MiB/50 MiB/202 MiB GO alloc/idle/total, 93 MiB/114 MiB CGO alloc/total, 23.2 CGO/sec, 1.4/1.0 %(u/s)time, 0.0 %gc (0x), 1.3 KiB/1.3 KiB (r/w)net
I200430 17:04:19.764463 140 server/status/runtime.go:498  [n1] runtime stats: 284 MiB RSS, 126 goroutines, 144 MiB/43 MiB/202 MiB GO alloc/idle/total, 101 MiB/122 MiB CGO alloc/total, 52.6 CGO/sec, 1.5/1.1 %(u/s)time, 0.0 %gc (0x), 1.1 KiB/1.1 KiB (r/w)net
I200430 17:04:29.762738 140 server/status/runtime.go:498  [n1] runtime stats: 284 MiB RSS, 126 goroutines, 150 MiB/37 MiB/202 MiB GO alloc/idle/total, 101 MiB/122 MiB CGO alloc/total, 28.2 CGO/sec, 1.1/0.5 %(u/s)time, 0.0 %gc (0x), 1.4 KiB/1.4 KiB (r/w)net
I200430 17:04:39.744922 140 server/status/runtime.go:498  [n1] runtime stats: 285 MiB RSS, 126 goroutines, 82 MiB/100 MiB/202 MiB GO alloc/idle/total, 101 MiB/122 MiB CGO alloc/total, 28.3 CGO/sec, 1.9/1.3 %(u/s)time, 0.0 %gc (1x), 1.3 KiB/1.3 KiB (r/w)net
I200430 17:04:49.745621 140 server/status/runtime.go:498  [n1] runtime stats: 285 MiB RSS, 127 goroutines, 89 MiB/94 MiB/202 MiB GO alloc/idle/total, 101 MiB/122 MiB CGO alloc/total, 26.0 CGO/sec, 0.9/0.8 %(u/s)time, 0.0 %gc (0x), 1.1 KiB/1.1 KiB (r/w)net
I200430 17:04:59.746129 140 server/status/runtime.go:498  [n1] runtime stats: 285 MiB RSS, 127 goroutines, 95 MiB/89 MiB/202 MiB GO alloc/idle/total, 101 MiB/122 MiB CGO alloc/total, 28.1 CGO/sec, 1.3/1.2 %(u/s)time, 0.0 %gc (0x), 1.4 KiB/1.4 KiB (r/w)net
I200430 17:05:09.670833 136 gossip/gossip.go:566  [n1] gossip status (ok, 1 node)
gossip client (0/3 cur/max conns)
gossip server (0/3 cur/max conns, infos 0/0 sent/received, bytes 0B/0B sent/received)
I200430 17:05:09.721532 140 server/status/runtime.go:498  [n1] runtime stats: 285 MiB RSS, 127 goroutines, 101 MiB/83 MiB/202 MiB GO alloc/idle/total, 101 MiB/122 MiB CGO alloc/total, 48.9 CGO/sec, 1.6/0.9 %(u/s)time, 0.0 %gc (0x), 1.1 KiB/1.1 KiB (r/w)net
I200430 17:05:13.787932 1 cli/start.go:865  received signal 'terminated'
I200430 17:05:13.805397 1 cli/start.go:930  initiating graceful shutdown of server
I200430 17:05:13.903637 4607 util/stop/stopper.go:542  [server drain process] quiescing; tasks left:
1      [async] intent_resolver_ir_batcher
1      [async] intent_resolver_gc_batcher
1      [async] closedts-rangefeed-subscriber
I200430 17:05:13.915999 4607 util/stop/stopper.go:542  [server drain process] quiescing; tasks left:
1      [async] intent_resolver_ir_batcher
1      [async] closedts-rangefeed-subscriber
I200430 17:05:13.923189 4607 util/stop/stopper.go:542  [server drain process] quiescing; tasks left:
1      [async] closedts-rangefeed-subscriber
I200430 17:05:13.956129 4607 storage/engine/rocksdb.go:762  closing rocksdb instance at "/cockroach/cockroach-data/cockroach-temp872439356"
I200430 17:05:14.258998 4607 storage/engine/rocksdb.go:762  closing rocksdb instance at "/cockroach/cockroach-data"
I200430 17:05:14.786590 1 cli/start.go:976  server drained and shutdown completed
