I200430 17:13:44.680762 1 util/log/clog.go:1196  [config] file created at: 2020/04/30 17:13:44
I200430 17:13:44.680762 1 util/log/clog.go:1196  [config] running on machine: aa40fb2910f9
I200430 17:13:44.680762 1 util/log/clog.go:1196  [config] binary: CockroachDB CCL v19.2.5 (x86_64-unknown-linux-gnu, built 2020/03/16 18:27:12, go1.12.12)
I200430 17:13:44.680762 1 util/log/clog.go:1196  [config] arguments: [/cockroach/cockroach start --insecure]
I200430 17:13:44.680762 1 util/log/clog.go:1196  line format: [IWEF]yymmdd hh:mm:ss.uuuuuu goid file:line msg utf8=✓
I200430 17:13:44.680760 1 cli/start.go:1144  logging to directory /cockroach/cockroach-data/logs
W200430 17:13:44.729985 1 cli/start.go:1182  RUNNING IN INSECURE MODE!

- Your cluster is open for any client that can access <all your IP addresses>.
- Any user, even root, can log in without providing a password.
- Any user, connecting as root, can read or write any data in your cluster.
- There is no network encryption nor authentication, and thus no confidentiality.

Check out how to secure your cluster: https://www.cockroachlabs.com/docs/v19.2/secure-a-cluster.html
I200430 17:13:44.733910 1 server/status/recorder.go:597  available memory from cgroups (8.0 EiB) is unsupported, using system memory 2.9 GiB instead: 
W200430 17:13:44.734100 1 cli/start.go:1052  Using the default setting for --cache (128 MiB).
  A significantly larger value is usually needed for good performance.
  If you have a dedicated server a reasonable setting is --cache=.25 (749 MiB).
I200430 17:13:44.771185 1 server/status/recorder.go:597  available memory from cgroups (8.0 EiB) is unsupported, using system memory 2.9 GiB instead: 
W200430 17:13:44.771288 1 cli/start.go:1065  Using the default setting for --max-sql-memory (128 MiB).
  A significantly larger value is usually needed in production.
  If you have a dedicated server a reasonable setting is --max-sql-memory=.25 (749 MiB).
I200430 17:13:44.792845 1 server/status/recorder.go:597  available memory from cgroups (8.0 EiB) is unsupported, using system memory 2.9 GiB instead: 
I200430 17:13:44.792881 1 cli/start.go:1196  CockroachDB CCL v19.2.5 (x86_64-unknown-linux-gnu, built 2020/03/16 18:27:12, go1.12.12)
W200430 17:13:46.021467 1 cli/start.go:511  running 'cockroach start' without --join is deprecated.
Consider using 'cockroach start-single-node' or 'cockroach init' instead.
I200430 17:13:46.075034 1 server/status/recorder.go:597  available memory from cgroups (8.0 EiB) is unsupported, using system memory 2.9 GiB instead: 
I200430 17:13:46.075770 1 server/config.go:394  system total memory: 2.9 GiB
I200430 17:13:46.075881 1 server/config.go:396  server configuration:
max offset             500000000
cache size             128 MiB
SQL memory pool size   128 MiB
scan interval          10m0s
scan min idle time     10ms
scan max idle time     1s
event log enabled      true
I200430 17:13:46.075924 1 cli/start.go:1030  using local environment variables: COCKROACH_CHANNEL=official-docker
I200430 17:13:46.075955 1 cli/start.go:1037  process identity: uid 0 euid 0 gid 0 egid 0
I200430 17:13:46.076071 1 cli/start.go:644  starting cockroach node
I200430 17:13:46.112135 29 storage/engine/rocksdb.go:622  opening rocksdb instance at "/cockroach/cockroach-data/cockroach-temp202537275"
I200430 17:13:47.553928 29 server/server.go:928  [n?] monitoring forward clock jumps based on server.clock.forward_jump_check_enabled
I200430 17:13:47.640002 29 storage/engine/rocksdb.go:622  opening rocksdb instance at "/cockroach/cockroach-data"
I200430 17:13:49.662148 29 server/config.go:502  [n?] 1 storage engine initialized
I200430 17:13:49.662182 29 server/config.go:505  [n?] RocksDB cache size: 128 MiB
I200430 17:13:49.662192 29 server/config.go:505  [n?] store 0: RocksDB, max size 0 B, max open file limit 1043576
W200430 17:13:49.928983 29 cli/start.go:996  neither --listen-addr nor --advertise-addr was specified.
The server will advertise "aa40fb2910f9" to other nodes, is this routable?

Consider using:
- for local-only servers:  --listen-addr=localhost
- for multi-node clusters: --advertise-addr=<host/IP addr>
I200430 17:13:49.958647 29 gossip/gossip.go:394  [n1] NodeDescriptor set to node_id:1 address:<network_field:"tcp" address_field:"aa40fb2910f9:26257" > attrs:<> locality:<> ServerVersion:<major_val:19 minor_val:2 patch:0 unstable:0 > build_tag:"v19.2.5" started_at:1588266829936191500 cluster_name:"" sql_address:<network_field:"tcp" address_field:"aa40fb2910f9:26257" > 
W200430 17:13:51.336093 115 storage/replica_range_lease.go:554  can't determine lease status due to node liveness error: node not in the liveness table
github.com/cockroachdb/cockroach/pkg/storage.init.ializers
	/go/src/github.com/cockroachdb/cockroach/pkg/storage/node_liveness.go:44
runtime.main
	/usr/local/go/src/runtime/proc.go:188
runtime.goexit
	/usr/local/go/src/runtime/asm_amd64.s:1337
W200430 17:13:51.336180 115 storage/store.go:1530  [n1,s1,r6/1:/Table/{SystemCon…-11}] could not gossip system config: [NotLeaseHolderError] r6: replica (n1,s1):1 not lease holder; lease holder unknown
I200430 17:13:52.126576 73 gossip/gossip.go:1531  [n1] node has connected to cluster via gossip
I200430 17:13:52.199206 29 server/node.go:431  [n1] initialized store [n1,s1]: disk (capacity=60 TiB, available=28 TiB, used=34 MiB, logicalBytes=7.0 MiB), ranges=27, leases=2, queries=0.00, writes=0.00, bytesPerReplica={p10=0.00 p25=0.00 p50=225.00 p75=9109.00 p90=29090.00 pMax=7207493.00}, writesPerReplica={p10=0.00 p25=0.00 p50=0.00 p75=0.00 p90=0.00 pMax=0.00}
I200430 17:13:52.199456 29 storage/stores.go:240  [n1] read 0 node addresses from persistent storage
I200430 17:13:52.199660 29 server/node.go:645  [n1] connecting to gossip network to verify cluster ID...
I200430 17:13:52.199710 29 server/node.go:665  [n1] node connected via gossip and verified as part of cluster "e1d5326e-f09c-49c9-9ccb-8f6d14060017"
I200430 17:13:52.200218 29 server/node.go:512  [n1] node=1: started with [<no-attributes>=/cockroach/cockroach-data] engine(s) and attributes []
I200430 17:13:52.224954 29 server/server.go:1514  [n1] starting http server at [::]:8080 (use: aa40fb2910f9:8080)
I200430 17:13:52.225673 29 server/server.go:1521  [n1] starting grpc/postgres server at [::]:26257
I200430 17:13:52.226900 29 server/server.go:1522  [n1] advertising CockroachDB node at aa40fb2910f9:26257
W200430 17:13:53.090039 85 storage/node_liveness.go:559  [n1,s1,r6/1:/Table/{SystemCon…-11}] slow heartbeat took 1.7s
I200430 17:13:53.105309 148 storage/node_liveness.go:474  [n1,liveness-hb] heartbeat failed on epoch increment; retrying
I200430 17:13:53.669027 73 storage/stores.go:259  [n1] wrote 0 node addresses to persistent storage
I200430 17:13:53.971053 29 server/server.go:1590  [n1] done ensuring all necessary migrations have run
I200430 17:13:53.971395 29 server/server.go:1841  [n1] serving sql connections
I200430 17:13:53.972411 29 cli/start.go:803  [config] clusterID: e1d5326e-f09c-49c9-9ccb-8f6d14060017
I200430 17:13:53.972494 29 cli/start.go:812  node startup completed:
CockroachDB node starting at 2020-04-30 17:13:53.971648696 +0000 UTC (took 9.3s)
build:               CCL v19.2.5 @ 2020/03/16 18:27:12 (go1.12.12)
webui:               http://aa40fb2910f9:8080
sql:                 postgresql://root@aa40fb2910f9:26257?sslmode=disable
RPC client flags:    /cockroach/cockroach <client cmd> --host=aa40fb2910f9:26257 --insecure
logs:                /cockroach/cockroach-data/logs
temp dir:            /cockroach/cockroach-data/cockroach-temp202537275
external I/O path:   /cockroach/cockroach-data/extern
store[0]:            path=/cockroach/cockroach-data
status:              restarted pre-existing node
clusterID:           e1d5326e-f09c-49c9-9ccb-8f6d14060017
nodeID:              1
I200430 17:13:54.308097 197 server/server_update.go:53  [n1] no need to upgrade, cluster already at the newest version
I200430 17:13:54.735843 199 sql/event_log.go:130  [n1] Event: "node_restart", target: 1, info: {Descriptor:{NodeID:1 Address:aa40fb2910f9:26257 Attrs: Locality: ServerVersion:19.2 BuildTag:v19.2.5 StartedAt:1588266829936191500 LocalityAddress:[] ClusterName: SQLAddress:aa40fb2910f9:26257} ClusterID:e1d5326e-f09c-49c9-9ccb-8f6d14060017 StartedAt:1588266829936191500 LastUp:1588266522996012946}
I200430 17:14:02.216752 93 server/status/runtime.go:498  [n1] runtime stats: 115 MiB RSS, 120 goroutines, 98 MiB/26 MiB/135 MiB GO alloc/idle/total, 16 MiB/21 MiB CGO alloc/total, 0.0 CGO/sec, 0.0/0.0 %(u/s)time, 0.0 %gc (9x), 293 KiB/41 KiB (r/w)net
I200430 17:14:12.218717 93 server/status/runtime.go:498  [n1] runtime stats: 125 MiB RSS, 115 goroutines, 107 MiB/18 MiB/135 MiB GO alloc/idle/total, 16 MiB/21 MiB CGO alloc/total, 66.7 CGO/sec, 1.8/1.4 %(u/s)time, 0.0 %gc (0x), 4.5 KiB/4.1 KiB (r/w)net
I200430 17:14:12.810834 88 storage/store.go:2364  [n1,s1] sstables (read amplification = 1):
6 [ 1M 1 ]: 1M
I200430 17:14:12.818276 88 storage/store.go:2365  [n1,s1] 
** Compaction Stats [default] **
Level    Files   Size     Score Read(GB)  Rn(GB) Rnp1(GB) Write(GB) Wnew(GB) Moved(GB) W-Amp Rd(MB/s) Wr(MB/s) Comp(sec) CompMergeCPU(sec) Comp(cnt) Avg(sec) KeyIn KeyDrop
----------------------------------------------------------------------------------------------------------------------------------------------------------------------------
  L0      0/0    0.00 KB   0.0      0.0     0.0      0.0       0.0      0.0       0.0   1.0      0.0      0.3      0.25              0.00         1    0.249       0      0
  L6      1/0    1.40 MB   0.0      0.0     0.0      0.0       0.0     -0.0       0.0   0.7      3.4      0.2      6.82              0.54         1    6.823    126K   115K
 Sum      1/0    1.40 MB   0.0      0.0     0.0      0.0       0.0     -0.0       0.0  18.8      3.3      0.2      7.07              0.54         2    3.536    126K   115K
 Int      0/0    0.00 KB   0.0      0.0     0.0      0.0       0.0     -0.0       0.0  18.8      3.3      0.2      7.07              0.54         2    3.536    126K   115K

** Compaction Stats [default] **
Priority    Files   Size     Score Read(GB)  Rn(GB) Rnp1(GB) Write(GB) Wnew(GB) Moved(GB) W-Amp Rd(MB/s) Wr(MB/s) Comp(sec) CompMergeCPU(sec) Comp(cnt) Avg(sec) KeyIn KeyDrop
-------------------------------------------------------------------------------------------------------------------------------------------------------------------------------
 Low      0/0    0.00 KB   0.0      0.0     0.0      0.0       0.0     -0.0       0.0   0.0      3.4      0.2      6.82              0.54         1    6.823    126K   115K
User      0/0    0.00 KB   0.0      0.0     0.0      0.0       0.0      0.0       0.0   0.0      0.0      0.3      0.25              0.00         1    0.249       0      0
Uptime(secs): 24.6 total, 24.6 interval
Flush(GB): cumulative 0.000, interval 0.000
AddFile(GB): cumulative 0.000, interval 0.000
AddFile(Total Files): cumulative 0, interval 0
AddFile(L0 Files): cumulative 0, interval 0
AddFile(Keys): cumulative 0, interval 0
Cumulative compaction: 0.00 GB write, 0.06 MB/s write, 0.02 GB read, 0.96 MB/s read, 7.1 seconds
Interval compaction: 0.00 GB write, 0.06 MB/s write, 0.02 GB read, 0.96 MB/s read, 7.1 seconds
Stalls(count): 0 level0_slowdown, 0 level0_slowdown_with_compaction, 0 level0_numfiles, 0 level0_numfiles_with_compaction, 0 stop for pending_compaction_bytes, 0 slowdown for pending_compaction_bytes, 0 memtable_compaction, 0 memtable_slowdown, interval 0 total count
estimated_pending_compaction_bytes: 0 B
I200430 17:14:22.222750 93 server/status/runtime.go:498  [n1] runtime stats: 134 MiB RSS, 115 goroutines, 115 MiB/9.9 MiB/135 MiB GO alloc/idle/total, 17 MiB/22 MiB CGO alloc/total, 48.7 CGO/sec, 1.8/1.5 %(u/s)time, 0.0 %gc (0x), 3.8 KiB/4.0 KiB (r/w)net
I200430 17:14:32.201936 93 server/status/runtime.go:498  [n1] runtime stats: 136 MiB RSS, 118 goroutines, 84 MiB/37 MiB/135 MiB GO alloc/idle/total, 17 MiB/22 MiB CGO alloc/total, 25.7 CGO/sec, 2.4/1.9 %(u/s)time, 0.0 %gc (1x), 1.6 KiB/1.7 KiB (r/w)net
I200430 17:14:42.207048 93 server/status/runtime.go:498  [n1] runtime stats: 137 MiB RSS, 116 goroutines, 90 MiB/32 MiB/135 MiB GO alloc/idle/total, 17 MiB/22 MiB CGO alloc/total, 29.9 CGO/sec, 1.9/2.0 %(u/s)time, 0.0 %gc (0x), 370 B/66 B (r/w)net
I200430 17:14:52.159699 89 gossip/gossip.go:566  [n1] gossip status (ok, 1 node)
gossip client (0/3 cur/max conns)
gossip server (0/3 cur/max conns, infos 0/0 sent/received, bytes 0B/0B sent/received)
gossip connectivity
  n1 [sentinel];
I200430 17:14:52.204799 93 server/status/runtime.go:498  [n1] runtime stats: 138 MiB RSS, 117 goroutines, 97 MiB/26 MiB/135 MiB GO alloc/idle/total, 17 MiB/22 MiB CGO alloc/total, 30.7 CGO/sec, 1.9/1.7 %(u/s)time, 0.0 %gc (0x), 1.9 KiB/1.9 KiB (r/w)net
I200430 17:14:59.179080 1 cli/start.go:865  received signal 'terminated'
I200430 17:14:59.180885 1 cli/start.go:930  initiating graceful shutdown of server
I200430 17:14:59.198405 1266 util/stop/stopper.go:542  [server drain process] quiescing; tasks left:
1      [async] intent_resolver_ir_batcher
1      [async] intent_resolver_gc_batcher
1      [async] closedts-rangefeed-subscriber
I200430 17:14:59.274422 1266 storage/engine/rocksdb.go:762  closing rocksdb instance at "/cockroach/cockroach-data/cockroach-temp202537275"
I200430 17:14:59.523279 1266 storage/engine/rocksdb.go:762  closing rocksdb instance at "/cockroach/cockroach-data"
I200430 17:14:59.567172 1 cli/start.go:976  server drained and shutdown completed
