I200410 05:38:29.608158 24 util/log/clog.go:1196  [config] file created at: 2020/04/10 05:38:29
I200410 05:38:29.608158 24 util/log/clog.go:1196  [config] running on machine: a78510f5e199
I200410 05:38:29.608158 24 util/log/clog.go:1196  [config] binary: CockroachDB CCL v19.2.5 (x86_64-unknown-linux-gnu, built 2020/03/16 18:27:12, go1.12.12)
I200410 05:38:29.608158 24 util/log/clog.go:1196  [config] arguments: [/cockroach/cockroach start --insecure --join=payment_2]
I200410 05:38:29.608158 24 util/log/clog.go:1196  line format: [IWEF]yymmdd hh:mm:ss.uuuuuu goid file:line msg utf8=✓
I200410 05:38:29.604618 24 storage/engine/rocksdb.go:120  RocksDB version: 6.2.1
I200410 05:38:29.638487 24 storage/engine/rocksdb.go:120  Git sha rocksdb_build_git_sha:@b7009236531fa784872f4823eabf393501e41bf2@
I200410 05:38:29.704293 24 storage/engine/rocksdb.go:120  Compile date Mar 16 2020
I200410 05:38:29.704348 24 storage/engine/rocksdb.go:120  DB SUMMARY
I200410 05:38:29.720847 24 storage/engine/rocksdb.go:120  SST files in /cockroach/cockroach-data/cockroach-temp738949760 dir, Total Num: 0, files: 
I200410 05:38:29.720967 24 storage/engine/rocksdb.go:120  Write Ahead Log file in /cockroach/cockroach-data/cockroach-temp738949760: 
I200410 05:38:29.721006 24 storage/engine/rocksdb.go:120                          Options.error_if_exists: 0
I200410 05:38:29.721111 24 storage/engine/rocksdb.go:120                        Options.create_if_missing: 1
I200410 05:38:29.721151 24 storage/engine/rocksdb.go:120                          Options.paranoid_checks: 1
I200410 05:38:29.721180 24 storage/engine/rocksdb.go:120                                      Options.env: 0x75757a0
I200410 05:38:29.721209 24 storage/engine/rocksdb.go:120                                 Options.info_log: 0x7f83e9c270e0
I200410 05:38:29.721237 24 storage/engine/rocksdb.go:120                 Options.max_file_opening_threads: 16
I200410 05:38:29.721265 24 storage/engine/rocksdb.go:120                               Options.statistics: 0x7f83e9c34010
I200410 05:38:29.721292 24 storage/engine/rocksdb.go:120                                Options.use_fsync: 0
I200410 05:38:29.721321 24 storage/engine/rocksdb.go:120                        Options.max_log_file_size: 0
I200410 05:38:29.721349 24 storage/engine/rocksdb.go:120                   Options.max_manifest_file_size: 134217728
I200410 05:38:29.721377 24 storage/engine/rocksdb.go:120                    Options.log_file_time_to_roll: 0
I200410 05:38:29.721405 24 storage/engine/rocksdb.go:120                        Options.keep_log_file_num: 1000
I200410 05:38:29.721433 24 storage/engine/rocksdb.go:120                     Options.recycle_log_file_num: 1
I200410 05:38:29.721461 24 storage/engine/rocksdb.go:120                          Options.allow_fallocate: 1
I200410 05:38:29.721488 24 storage/engine/rocksdb.go:120                         Options.allow_mmap_reads: 0
I200410 05:38:29.721516 24 storage/engine/rocksdb.go:120                        Options.allow_mmap_writes: 0
I200410 05:38:29.721544 24 storage/engine/rocksdb.go:120                         Options.use_direct_reads: 0
I200410 05:38:29.721571 24 storage/engine/rocksdb.go:120                         Options.use_direct_io_for_flush_and_compaction: 0
I200410 05:38:29.721599 24 storage/engine/rocksdb.go:120           Options.create_missing_column_families: 0
I200410 05:38:29.721627 24 storage/engine/rocksdb.go:120                               Options.db_log_dir: 
I200410 05:38:29.721661 24 storage/engine/rocksdb.go:120                                  Options.wal_dir: /cockroach/cockroach-data/cockroach-temp738949760
I200410 05:38:29.721705 24 storage/engine/rocksdb.go:120                 Options.table_cache_numshardbits: 6
I200410 05:38:29.721733 24 storage/engine/rocksdb.go:120                       Options.max_subcompactions: 1
I200410 05:38:29.721761 24 storage/engine/rocksdb.go:120                   Options.max_background_flushes: -1
I200410 05:38:29.721789 24 storage/engine/rocksdb.go:120                          Options.WAL_ttl_seconds: 0
I200410 05:38:29.721817 24 storage/engine/rocksdb.go:120                        Options.WAL_size_limit_MB: 0
I200410 05:38:29.722035 24 storage/engine/rocksdb.go:120              Options.manifest_preallocation_size: 4194304
I200410 05:38:29.722064 24 storage/engine/rocksdb.go:120                      Options.is_fd_close_on_exec: 1
I200410 05:38:29.722092 24 storage/engine/rocksdb.go:120                    Options.advise_random_on_open: 1
I200410 05:38:29.722119 24 storage/engine/rocksdb.go:120                     Options.db_write_buffer_size: 0
I200410 05:38:29.722147 24 storage/engine/rocksdb.go:120                     Options.write_buffer_manager: 0x7f83e9c19060
I200410 05:38:29.722181 24 storage/engine/rocksdb.go:120          Options.access_hint_on_compaction_start: 1
I200410 05:38:29.722209 24 storage/engine/rocksdb.go:120   Options.new_table_reader_for_compaction_inputs: 0
I200410 05:38:29.722237 24 storage/engine/rocksdb.go:120            Options.random_access_max_buffer_size: 1048576
I200410 05:38:29.722264 24 storage/engine/rocksdb.go:120                       Options.use_adaptive_mutex: 0
I200410 05:38:29.722292 24 storage/engine/rocksdb.go:120                             Options.rate_limiter: (nil)
I200410 05:38:29.722357 24 storage/engine/rocksdb.go:120      Options.sst_file_manager.rate_bytes_per_sec: 0
I200410 05:38:29.722394 24 storage/engine/rocksdb.go:120                        Options.wal_recovery_mode: 0
I200410 05:38:29.722431 24 storage/engine/rocksdb.go:120                   Options.enable_thread_tracking: 0
I200410 05:38:29.722469 24 storage/engine/rocksdb.go:120                   Options.enable_pipelined_write: 0
I200410 05:38:29.722505 24 storage/engine/rocksdb.go:120          Options.allow_concurrent_memtable_write: 1
I200410 05:38:29.722549 24 storage/engine/rocksdb.go:120       Options.enable_write_thread_adaptive_yield: 1
I200410 05:38:29.722604 24 storage/engine/rocksdb.go:120              Options.write_thread_max_yield_usec: 100
I200410 05:38:29.722864 24 storage/engine/rocksdb.go:120             Options.write_thread_slow_yield_usec: 3
I200410 05:38:29.722892 24 storage/engine/rocksdb.go:120                                Options.row_cache: None
I200410 05:38:29.722920 24 storage/engine/rocksdb.go:120                               Options.wal_filter: None
I200410 05:38:29.722947 24 storage/engine/rocksdb.go:120              Options.avoid_flush_during_recovery: 0
I200410 05:38:29.722975 24 storage/engine/rocksdb.go:120              Options.allow_ingest_behind: 0
I200410 05:38:29.723008 24 storage/engine/rocksdb.go:120              Options.preserve_deletes: 0
I200410 05:38:29.723046 24 storage/engine/rocksdb.go:120              Options.two_write_queues: 0
I200410 05:38:29.723075 24 storage/engine/rocksdb.go:120              Options.manual_wal_flush: 1
I200410 05:38:29.723103 24 storage/engine/rocksdb.go:120              Options.atomic_flush: 0
I200410 05:38:29.723131 24 storage/engine/rocksdb.go:120              Options.avoid_unnecessary_blocking_io: 0
I200410 05:38:29.723160 24 storage/engine/rocksdb.go:120              Options.max_background_jobs: 2
I200410 05:38:29.723188 24 storage/engine/rocksdb.go:120              Options.max_background_compactions: -1
I200410 05:38:29.723216 24 storage/engine/rocksdb.go:120              Options.avoid_flush_during_shutdown: 0
I200410 05:38:29.723244 24 storage/engine/rocksdb.go:120            Options.writable_file_max_buffer_size: 1048576
I200410 05:38:29.723272 24 storage/engine/rocksdb.go:120              Options.delayed_write_rate : 16777216
I200410 05:38:29.723300 24 storage/engine/rocksdb.go:120              Options.max_total_wal_size: 0
I200410 05:38:29.723328 24 storage/engine/rocksdb.go:120              Options.delete_obsolete_files_period_micros: 21600000000
I200410 05:38:29.723356 24 storage/engine/rocksdb.go:120                    Options.stats_dump_period_sec: 0
I200410 05:38:29.723396 24 storage/engine/rocksdb.go:120                  Options.stats_persist_period_sec: 600
I200410 05:38:29.723425 24 storage/engine/rocksdb.go:120                  Options.stats_history_buffer_size: 1048576
I200410 05:38:29.723453 24 storage/engine/rocksdb.go:120                           Options.max_open_files: 128
I200410 05:38:29.723523 24 storage/engine/rocksdb.go:120                           Options.bytes_per_sync: 524288
I200410 05:38:29.723567 24 storage/engine/rocksdb.go:120                       Options.wal_bytes_per_sync: 0
I200410 05:38:29.723597 24 storage/engine/rocksdb.go:120                    Options.strict_bytes_per_sync: 1
I200410 05:38:29.723625 24 storage/engine/rocksdb.go:120        Options.compaction_readahead_size: 0
I200410 05:38:29.723652 24 storage/engine/rocksdb.go:120  Compression algorithms supported:
I200410 05:38:29.723690 24 storage/engine/rocksdb.go:120  	kZSTDNotFinalCompression supported: 0
I200410 05:38:29.723718 24 storage/engine/rocksdb.go:120  	kZSTD supported: 0
I200410 05:38:29.723746 24 storage/engine/rocksdb.go:120  	kXpressCompression supported: 0
I200410 05:38:29.723773 24 storage/engine/rocksdb.go:120  	kLZ4HCCompression supported: 0
I200410 05:38:29.723801 24 storage/engine/rocksdb.go:120  	kLZ4Compression supported: 0
I200410 05:38:29.723828 24 storage/engine/rocksdb.go:120  	kBZip2Compression supported: 0
I200410 05:38:29.723856 24 storage/engine/rocksdb.go:120  	kZlibCompression supported: 0
I200410 05:38:29.724269 24 storage/engine/rocksdb.go:120  	kSnappyCompression supported: 1
I200410 05:38:29.724338 24 storage/engine/rocksdb.go:120  Fast CRC32 supported: Supported on x86
I200410 05:38:29.733241 24 storage/engine/rocksdb.go:120  [db/db_impl_open.cc:242] Creating manifest 1 
I200410 05:38:29.824683 24 storage/engine/rocksdb.go:120  [db/version_set.cc:4072] Recovering from manifest file: /cockroach/cockroach-data/cockroach-temp738949760/MANIFEST-000001
I200410 05:38:29.834646 24 storage/engine/rocksdb.go:120  [db/column_family.cc:488] --------------- Options for column family [default]:
I200410 05:38:29.835098 24 storage/engine/rocksdb.go:120                Options.comparator: cockroach_comparator
I200410 05:38:29.835244 24 storage/engine/rocksdb.go:120            Options.merge_operator: cockroach_merge_operator
I200410 05:38:29.835275 24 storage/engine/rocksdb.go:120         Options.compaction_filter: None
I200410 05:38:29.835299 24 storage/engine/rocksdb.go:120         Options.compaction_filter_factory: None
I200410 05:38:29.835483 24 storage/engine/rocksdb.go:120          Options.memtable_factory: SkipListFactory
I200410 05:38:29.835516 24 storage/engine/rocksdb.go:120             Options.table_factory: BlockBasedTable
I200410 05:38:29.835791 24 storage/engine/rocksdb.go:120             table_factory options:   flush_block_policy_factory: FlushBlockBySizePolicyFactory (0x7f83e9c28030)
  cache_index_and_filter_blocks: 0
  cache_index_and_filter_blocks_with_high_priority: 0
  pin_l0_filter_and_index_blocks_in_cache: 0
  pin_top_level_index_and_filter: 1
  index_type: 0
  data_block_index_type: 0
  index_shortening: 1
  data_block_hash_table_util_ratio: 0.750000
  hash_index_allow_collision: 1
  checksum: 1
  no_block_cache: 0
  block_cache: 0x7f83e9c1c010
  block_cache_name: LRUCache
  block_cache_options:
    capacity : 1048576
    num_shard_bits : 4
    strict_capacity_limit : 0
    memory_allocator : None
    high_pri_pool_ratio: 0.000
  block_cache_compressed: (nil)
  persistent_cache: (nil)
  block_size: 32768
  block_size_deviation: 10
  block_restart_interval: 16
  index_block_restart_interval: 1
  metadata_block_size: 4096
  partition_filters: 0
  use_delta_encoding: 1
  filter_policy: rocksdb.BuiltinBloomFilter
  whole_key_filtering: 0
  verify_compression: 0
  read_amp_bytes_per_bit: 0
  format_version: 2
  enable_index_compression: 1
  block_align: 0
I200410 05:38:29.835883 24 storage/engine/rocksdb.go:120         Options.write_buffer_size: 67108864
I200410 05:38:29.836045 24 storage/engine/rocksdb.go:120   Options.max_write_buffer_number: 4
I200410 05:38:29.836077 24 storage/engine/rocksdb.go:120           Options.compression: Snappy
I200410 05:38:29.836236 24 storage/engine/rocksdb.go:120                   Options.bottommost_compression: Disabled
I200410 05:38:29.836269 24 storage/engine/rocksdb.go:120        Options.prefix_extractor: cockroach_prefix_extractor
I200410 05:38:29.836425 24 storage/engine/rocksdb.go:120    Options.memtable_insert_with_hint_prefix_extractor: nullptr
I200410 05:38:29.836529 24 storage/engine/rocksdb.go:120              Options.num_levels: 7
I200410 05:38:29.836620 24 storage/engine/rocksdb.go:120         Options.min_write_buffer_number_to_merge: 1
I200410 05:38:29.836653 24 storage/engine/rocksdb.go:120      Options.max_write_buffer_number_to_maintain: 0
I200410 05:38:29.836826 24 storage/engine/rocksdb.go:120             Options.bottommost_compression_opts.window_bits: -14
I200410 05:38:29.836870 24 storage/engine/rocksdb.go:120                   Options.bottommost_compression_opts.level: 32767
I200410 05:38:29.837019 24 storage/engine/rocksdb.go:120                Options.bottommost_compression_opts.strategy: 0
I200410 05:38:29.837055 24 storage/engine/rocksdb.go:120          Options.bottommost_compression_opts.max_dict_bytes: 0
I200410 05:38:29.837206 24 storage/engine/rocksdb.go:120          Options.bottommost_compression_opts.zstd_max_train_bytes: 0
I200410 05:38:29.837244 24 storage/engine/rocksdb.go:120                   Options.bottommost_compression_opts.enabled: false
I200410 05:38:29.837396 24 storage/engine/rocksdb.go:120             Options.compression_opts.window_bits: -14
I200410 05:38:29.837433 24 storage/engine/rocksdb.go:120                   Options.compression_opts.level: 32767
I200410 05:38:29.837586 24 storage/engine/rocksdb.go:120                Options.compression_opts.strategy: 0
I200410 05:38:29.837624 24 storage/engine/rocksdb.go:120          Options.compression_opts.max_dict_bytes: 0
I200410 05:38:29.837837 24 storage/engine/rocksdb.go:120          Options.compression_opts.zstd_max_train_bytes: 0
I200410 05:38:29.837875 24 storage/engine/rocksdb.go:120                   Options.compression_opts.enabled: false
I200410 05:38:29.838027 24 storage/engine/rocksdb.go:120       Options.level0_file_num_compaction_trigger: 2
I200410 05:38:29.838064 24 storage/engine/rocksdb.go:120           Options.level0_slowdown_writes_trigger: 950
I200410 05:38:29.838197 24 storage/engine/rocksdb.go:120               Options.level0_stop_writes_trigger: 1000
I200410 05:38:29.838230 24 storage/engine/rocksdb.go:120                    Options.target_file_size_base: 4194304
I200410 05:38:29.838388 24 storage/engine/rocksdb.go:120              Options.target_file_size_multiplier: 2
I200410 05:38:29.838420 24 storage/engine/rocksdb.go:120                 Options.max_bytes_for_level_base: 67108864
I200410 05:38:29.838571 24 storage/engine/rocksdb.go:120  Options.level_compaction_dynamic_level_bytes: 1
I200410 05:38:29.838608 24 storage/engine/rocksdb.go:120           Options.max_bytes_for_level_multiplier: 10.000000
I200410 05:38:29.838819 24 storage/engine/rocksdb.go:120  Options.max_bytes_for_level_multiplier_addtl[0]: 1
I200410 05:38:29.838967 24 storage/engine/rocksdb.go:120  Options.max_bytes_for_level_multiplier_addtl[1]: 1
I200410 05:38:29.839006 24 storage/engine/rocksdb.go:120  Options.max_bytes_for_level_multiplier_addtl[2]: 1
I200410 05:38:29.839305 24 storage/engine/rocksdb.go:120  Options.max_bytes_for_level_multiplier_addtl[3]: 1
I200410 05:38:29.839544 24 storage/engine/rocksdb.go:120  Options.max_bytes_for_level_multiplier_addtl[4]: 1
I200410 05:38:29.839710 24 storage/engine/rocksdb.go:120  Options.max_bytes_for_level_multiplier_addtl[5]: 1
I200410 05:38:29.840031 24 storage/engine/rocksdb.go:120  Options.max_bytes_for_level_multiplier_addtl[6]: 1
I200410 05:38:29.840098 24 storage/engine/rocksdb.go:120        Options.max_sequential_skip_in_iterations: 8
I200410 05:38:29.840126 24 storage/engine/rocksdb.go:120                     Options.max_compaction_bytes: 104857600
I200410 05:38:29.840155 24 storage/engine/rocksdb.go:120                         Options.arena_block_size: 8388608
I200410 05:38:29.840184 24 storage/engine/rocksdb.go:120    Options.soft_pending_compaction_bytes_limit: 2199023255552
I200410 05:38:29.840212 24 storage/engine/rocksdb.go:120    Options.hard_pending_compaction_bytes_limit: 4400193994752
I200410 05:38:29.840243 24 storage/engine/rocksdb.go:120        Options.rate_limit_delay_max_milliseconds: 100
I200410 05:38:29.840271 24 storage/engine/rocksdb.go:120                 Options.disable_auto_compactions: 0
I200410 05:38:29.840303 24 storage/engine/rocksdb.go:120                         Options.compaction_style: kCompactionStyleLevel
I200410 05:38:29.840333 24 storage/engine/rocksdb.go:120                           Options.compaction_pri: kMinOverlappingRatio
I200410 05:38:29.840371 24 storage/engine/rocksdb.go:120  Options.compaction_options_universal.size_ratio: 1
I200410 05:38:29.840399 24 storage/engine/rocksdb.go:120  Options.compaction_options_universal.min_merge_width: 2
I200410 05:38:29.840428 24 storage/engine/rocksdb.go:120  Options.compaction_options_universal.max_merge_width: 4294967295
I200410 05:38:29.840456 24 storage/engine/rocksdb.go:120  Options.compaction_options_universal.max_size_amplification_percent: 200
I200410 05:38:29.840484 24 storage/engine/rocksdb.go:120  Options.compaction_options_universal.compression_size_percent: -1
I200410 05:38:29.840514 24 storage/engine/rocksdb.go:120  Options.compaction_options_universal.stop_style: kCompactionStopStyleTotalSize
I200410 05:38:29.840542 24 storage/engine/rocksdb.go:120  Options.compaction_options_fifo.max_table_files_size: 1073741824
I200410 05:38:29.840581 24 storage/engine/rocksdb.go:120  Options.compaction_options_fifo.allow_compaction: 0
I200410 05:38:29.840616 24 storage/engine/rocksdb.go:120                    Options.table_properties_collectors: TimeBoundTblPropCollectorFactory; DeleteRangeTblPropCollectorFactory; 
I200410 05:38:29.840646 24 storage/engine/rocksdb.go:120                    Options.inplace_update_support: 0
I200410 05:38:29.840674 24 storage/engine/rocksdb.go:120                  Options.inplace_update_num_locks: 10000
I200410 05:38:29.840705 24 storage/engine/rocksdb.go:120                Options.memtable_prefix_bloom_size_ratio: 0.000000
I200410 05:38:29.840733 24 storage/engine/rocksdb.go:120                Options.memtable_whole_key_filtering: 0
I200410 05:38:29.840761 24 storage/engine/rocksdb.go:120    Options.memtable_huge_page_size: 0
I200410 05:38:29.840789 24 storage/engine/rocksdb.go:120                            Options.bloom_locality: 0
I200410 05:38:29.840817 24 storage/engine/rocksdb.go:120                     Options.max_successive_merges: 0
I200410 05:38:29.840845 24 storage/engine/rocksdb.go:120                 Options.optimize_filters_for_hits: 1
I200410 05:38:29.840873 24 storage/engine/rocksdb.go:120                 Options.paranoid_file_checks: 0
I200410 05:38:29.840901 24 storage/engine/rocksdb.go:120                 Options.force_consistency_checks: 0
I200410 05:38:29.840929 24 storage/engine/rocksdb.go:120                 Options.report_bg_io_stats: 0
I200410 05:38:29.840957 24 storage/engine/rocksdb.go:120                                Options.ttl: 0
I200410 05:38:29.840985 24 storage/engine/rocksdb.go:120           Options.periodic_compaction_seconds: 0
I200410 05:38:29.853096 24 storage/engine/rocksdb.go:120  [db/version_set.cc:4286] Recovered from manifest file:/cockroach/cockroach-data/cockroach-temp738949760/MANIFEST-000001 succeeded,manifest_file_number is 1, next_file_number is 3, last_sequence is 0, log_number is 0,prev_log_number is 0,max_column_family is 0,min_log_number_to_keep is 0
I200410 05:38:29.853134 24 storage/engine/rocksdb.go:120  [db/version_set.cc:4295] Column family [default] (ID 0), log number is 0
I200410 05:38:30.109053 24 storage/engine/rocksdb.go:120  DB pointer 0x7f83e9ca1000
I200410 05:38:30.469333 24 storage/engine/rocksdb.go:120  RocksDB version: 6.2.1
I200410 05:38:30.469844 24 storage/engine/rocksdb.go:120  Git sha rocksdb_build_git_sha:@b7009236531fa784872f4823eabf393501e41bf2@
I200410 05:38:30.472159 24 storage/engine/rocksdb.go:120  Compile date Mar 16 2020
I200410 05:38:30.472184 24 storage/engine/rocksdb.go:120  DB SUMMARY
I200410 05:38:30.534224 24 storage/engine/rocksdb.go:120  CURRENT file:  CURRENT
I200410 05:38:30.534282 24 storage/engine/rocksdb.go:120  IDENTITY file:  IDENTITY
I200410 05:38:30.543869 24 storage/engine/rocksdb.go:120  MANIFEST file:  MANIFEST-000014 size: 53 Bytes
I200410 05:38:30.543926 24 storage/engine/rocksdb.go:120  SST files in /cockroach/cockroach-data dir, Total Num: 0, files: 
I200410 05:38:30.544596 24 storage/engine/rocksdb.go:120  Write Ahead Log file in /cockroach/cockroach-data: 000015.log size: 1525 ; 
I200410 05:38:30.544633 24 storage/engine/rocksdb.go:120                          Options.error_if_exists: 0
I200410 05:38:30.544662 24 storage/engine/rocksdb.go:120                        Options.create_if_missing: 1
I200410 05:38:30.544686 24 storage/engine/rocksdb.go:120                          Options.paranoid_checks: 1
I200410 05:38:30.544840 24 storage/engine/rocksdb.go:120                                      Options.env: 0x75757a0
I200410 05:38:30.544886 24 storage/engine/rocksdb.go:120                                 Options.info_log: 0x7f83ecc0dce0
I200410 05:38:30.544916 24 storage/engine/rocksdb.go:120                 Options.max_file_opening_threads: 16
I200410 05:38:30.544944 24 storage/engine/rocksdb.go:120                               Options.statistics: 0x7f83ecc23010
I200410 05:38:30.544973 24 storage/engine/rocksdb.go:120                                Options.use_fsync: 0
I200410 05:38:30.545002 24 storage/engine/rocksdb.go:120                        Options.max_log_file_size: 0
I200410 05:38:30.545032 24 storage/engine/rocksdb.go:120                   Options.max_manifest_file_size: 134217728
I200410 05:38:30.545060 24 storage/engine/rocksdb.go:120                    Options.log_file_time_to_roll: 0
I200410 05:38:30.545089 24 storage/engine/rocksdb.go:120                        Options.keep_log_file_num: 1000
I200410 05:38:30.545117 24 storage/engine/rocksdb.go:120                     Options.recycle_log_file_num: 1
I200410 05:38:30.545146 24 storage/engine/rocksdb.go:120                          Options.allow_fallocate: 1
I200410 05:38:30.545174 24 storage/engine/rocksdb.go:120                         Options.allow_mmap_reads: 0
I200410 05:38:30.545202 24 storage/engine/rocksdb.go:120                        Options.allow_mmap_writes: 0
I200410 05:38:30.545224 24 storage/engine/rocksdb.go:120                         Options.use_direct_reads: 0
I200410 05:38:30.545253 24 storage/engine/rocksdb.go:120                         Options.use_direct_io_for_flush_and_compaction: 0
I200410 05:38:30.545280 24 storage/engine/rocksdb.go:120           Options.create_missing_column_families: 0
I200410 05:38:30.545300 24 storage/engine/rocksdb.go:120                               Options.db_log_dir: 
I200410 05:38:30.545328 24 storage/engine/rocksdb.go:120                                  Options.wal_dir: /cockroach/cockroach-data
I200410 05:38:30.545363 24 storage/engine/rocksdb.go:120                 Options.table_cache_numshardbits: 6
I200410 05:38:30.545392 24 storage/engine/rocksdb.go:120                       Options.max_subcompactions: 1
I200410 05:38:30.545419 24 storage/engine/rocksdb.go:120                   Options.max_background_flushes: -1
I200410 05:38:30.545447 24 storage/engine/rocksdb.go:120                          Options.WAL_ttl_seconds: 0
I200410 05:38:30.545474 24 storage/engine/rocksdb.go:120                        Options.WAL_size_limit_MB: 0
I200410 05:38:30.545502 24 storage/engine/rocksdb.go:120              Options.manifest_preallocation_size: 4194304
I200410 05:38:30.545529 24 storage/engine/rocksdb.go:120                      Options.is_fd_close_on_exec: 1
I200410 05:38:30.545557 24 storage/engine/rocksdb.go:120                    Options.advise_random_on_open: 1
I200410 05:38:30.545586 24 storage/engine/rocksdb.go:120                     Options.db_write_buffer_size: 0
I200410 05:38:30.545613 24 storage/engine/rocksdb.go:120                     Options.write_buffer_manager: 0x7f83ecc8b030
I200410 05:38:30.545641 24 storage/engine/rocksdb.go:120          Options.access_hint_on_compaction_start: 1
I200410 05:38:30.545660 24 storage/engine/rocksdb.go:120   Options.new_table_reader_for_compaction_inputs: 0
I200410 05:38:30.545688 24 storage/engine/rocksdb.go:120            Options.random_access_max_buffer_size: 1048576
I200410 05:38:30.545715 24 storage/engine/rocksdb.go:120                       Options.use_adaptive_mutex: 0
I200410 05:38:30.545744 24 storage/engine/rocksdb.go:120                             Options.rate_limiter: (nil)
I200410 05:38:30.545772 24 storage/engine/rocksdb.go:120      Options.sst_file_manager.rate_bytes_per_sec: 0
I200410 05:38:30.545799 24 storage/engine/rocksdb.go:120                        Options.wal_recovery_mode: 0
I200410 05:38:30.545828 24 storage/engine/rocksdb.go:120                   Options.enable_thread_tracking: 0
I200410 05:38:30.546058 24 storage/engine/rocksdb.go:120                   Options.enable_pipelined_write: 0
I200410 05:38:30.546097 24 storage/engine/rocksdb.go:120          Options.allow_concurrent_memtable_write: 1
I200410 05:38:30.546207 24 storage/engine/rocksdb.go:120       Options.enable_write_thread_adaptive_yield: 1
I200410 05:38:30.546239 24 storage/engine/rocksdb.go:120              Options.write_thread_max_yield_usec: 100
I200410 05:38:30.546267 24 storage/engine/rocksdb.go:120             Options.write_thread_slow_yield_usec: 3
I200410 05:38:30.546295 24 storage/engine/rocksdb.go:120                                Options.row_cache: None
I200410 05:38:30.546324 24 storage/engine/rocksdb.go:120                               Options.wal_filter: None
I200410 05:38:30.546352 24 storage/engine/rocksdb.go:120              Options.avoid_flush_during_recovery: 0
I200410 05:38:30.546380 24 storage/engine/rocksdb.go:120              Options.allow_ingest_behind: 0
I200410 05:38:30.546409 24 storage/engine/rocksdb.go:120              Options.preserve_deletes: 0
I200410 05:38:30.546442 24 storage/engine/rocksdb.go:120              Options.two_write_queues: 0
I200410 05:38:30.546556 24 storage/engine/rocksdb.go:120              Options.manual_wal_flush: 1
I200410 05:38:30.546598 24 storage/engine/rocksdb.go:120              Options.atomic_flush: 0
I200410 05:38:30.546622 24 storage/engine/rocksdb.go:120              Options.avoid_unnecessary_blocking_io: 0
I200410 05:38:30.546644 24 storage/engine/rocksdb.go:120              Options.max_background_jobs: 2
I200410 05:38:30.546672 24 storage/engine/rocksdb.go:120              Options.max_background_compactions: -1
I200410 05:38:30.546700 24 storage/engine/rocksdb.go:120              Options.avoid_flush_during_shutdown: 0
I200410 05:38:30.546729 24 storage/engine/rocksdb.go:120            Options.writable_file_max_buffer_size: 1048576
I200410 05:38:30.546758 24 storage/engine/rocksdb.go:120              Options.delayed_write_rate : 16777216
I200410 05:38:30.546785 24 storage/engine/rocksdb.go:120              Options.max_total_wal_size: 0
I200410 05:38:30.546814 24 storage/engine/rocksdb.go:120              Options.delete_obsolete_files_period_micros: 21600000000
I200410 05:38:30.546841 24 storage/engine/rocksdb.go:120                    Options.stats_dump_period_sec: 0
I200410 05:38:30.546869 24 storage/engine/rocksdb.go:120                  Options.stats_persist_period_sec: 600
I200410 05:38:30.546897 24 storage/engine/rocksdb.go:120                  Options.stats_history_buffer_size: 1048576
I200410 05:38:30.546925 24 storage/engine/rocksdb.go:120                           Options.max_open_files: 1043576
I200410 05:38:30.546953 24 storage/engine/rocksdb.go:120                           Options.bytes_per_sync: 524288
I200410 05:38:30.546981 24 storage/engine/rocksdb.go:120                       Options.wal_bytes_per_sync: 0
I200410 05:38:30.547008 24 storage/engine/rocksdb.go:120                    Options.strict_bytes_per_sync: 1
I200410 05:38:30.547037 24 storage/engine/rocksdb.go:120        Options.compaction_readahead_size: 0
I200410 05:38:30.547066 24 storage/engine/rocksdb.go:120  Compression algorithms supported:
I200410 05:38:30.547101 24 storage/engine/rocksdb.go:120  	kZSTDNotFinalCompression supported: 0
I200410 05:38:30.547130 24 storage/engine/rocksdb.go:120  	kZSTD supported: 0
I200410 05:38:30.547158 24 storage/engine/rocksdb.go:120  	kXpressCompression supported: 0
I200410 05:38:30.547188 24 storage/engine/rocksdb.go:120  	kLZ4HCCompression supported: 0
I200410 05:38:30.547216 24 storage/engine/rocksdb.go:120  	kLZ4Compression supported: 0
I200410 05:38:30.547245 24 storage/engine/rocksdb.go:120  	kBZip2Compression supported: 0
I200410 05:38:30.547273 24 storage/engine/rocksdb.go:120  	kZlibCompression supported: 0
I200410 05:38:30.547301 24 storage/engine/rocksdb.go:120  	kSnappyCompression supported: 1
I200410 05:38:30.547344 24 storage/engine/rocksdb.go:120  Fast CRC32 supported: Supported on x86
I200410 05:38:30.646643 24 storage/engine/rocksdb.go:120  [db/version_set.cc:4072] Recovering from manifest file: /cockroach/cockroach-data/MANIFEST-000014
I200410 05:38:30.667378 24 storage/engine/rocksdb.go:120  [db/column_family.cc:488] --------------- Options for column family [default]:
I200410 05:38:30.667417 24 storage/engine/rocksdb.go:120                Options.comparator: cockroach_comparator
I200410 05:38:30.667448 24 storage/engine/rocksdb.go:120            Options.merge_operator: cockroach_merge_operator
I200410 05:38:30.667478 24 storage/engine/rocksdb.go:120         Options.compaction_filter: None
I200410 05:38:30.667507 24 storage/engine/rocksdb.go:120         Options.compaction_filter_factory: None
I200410 05:38:30.667537 24 storage/engine/rocksdb.go:120          Options.memtable_factory: SkipListFactory
I200410 05:38:30.667566 24 storage/engine/rocksdb.go:120             Options.table_factory: BlockBasedTable
I200410 05:38:30.675127 24 storage/engine/rocksdb.go:120             table_factory options:   flush_block_policy_factory: FlushBlockBySizePolicyFactory (0x7f83ecc17028)
  cache_index_and_filter_blocks: 0
  cache_index_and_filter_blocks_with_high_priority: 0
  pin_l0_filter_and_index_blocks_in_cache: 0
  pin_top_level_index_and_filter: 1
  index_type: 0
  data_block_index_type: 0
  index_shortening: 1
  data_block_hash_table_util_ratio: 0.750000
  hash_index_allow_collision: 1
  checksum: 1
  no_block_cache: 0
  block_cache: 0x7f83f2a7a190
  block_cache_name: LRUCache
  block_cache_options:
    capacity : 67108864
    num_shard_bits : 4
    strict_capacity_limit : 0
    memory_allocator : None
    high_pri_pool_ratio: 0.000
  block_cache_compressed: (nil)
  persistent_cache: (nil)
  block_size: 32768
  block_size_deviation: 10
  block_restart_interval: 16
  index_block_restart_interval: 1
  metadata_block_size: 4096
  partition_filters: 0
  use_delta_encoding: 1
  filter_policy: rocksdb.BuiltinBloomFilter
  whole_key_filtering: 0
  verify_compression: 0
  read_amp_bytes_per_bit: 0
  format_version: 2
  enable_index_compression: 1
  block_align: 0
I200410 05:38:30.675411 24 storage/engine/rocksdb.go:120         Options.write_buffer_size: 67108864
I200410 05:38:30.675450 24 storage/engine/rocksdb.go:120   Options.max_write_buffer_number: 4
I200410 05:38:30.675813 24 storage/engine/rocksdb.go:120           Options.compression: Snappy
I200410 05:38:30.677362 24 storage/engine/rocksdb.go:120                   Options.bottommost_compression: Disabled
I200410 05:38:30.677396 24 storage/engine/rocksdb.go:120        Options.prefix_extractor: cockroach_prefix_extractor
I200410 05:38:30.677425 24 storage/engine/rocksdb.go:120    Options.memtable_insert_with_hint_prefix_extractor: nullptr
I200410 05:38:30.677459 24 storage/engine/rocksdb.go:120              Options.num_levels: 7
I200410 05:38:30.677553 24 storage/engine/rocksdb.go:120         Options.min_write_buffer_number_to_merge: 1
I200410 05:38:30.677589 24 storage/engine/rocksdb.go:120      Options.max_write_buffer_number_to_maintain: 0
I200410 05:38:30.677628 24 storage/engine/rocksdb.go:120             Options.bottommost_compression_opts.window_bits: -14
I200410 05:38:30.677748 24 storage/engine/rocksdb.go:120                   Options.bottommost_compression_opts.level: 32767
I200410 05:38:30.677788 24 storage/engine/rocksdb.go:120                Options.bottommost_compression_opts.strategy: 0
I200410 05:38:30.677829 24 storage/engine/rocksdb.go:120          Options.bottommost_compression_opts.max_dict_bytes: 0
I200410 05:38:30.677863 24 storage/engine/rocksdb.go:120          Options.bottommost_compression_opts.zstd_max_train_bytes: 0
I200410 05:38:30.677901 24 storage/engine/rocksdb.go:120                   Options.bottommost_compression_opts.enabled: false
I200410 05:38:30.677936 24 storage/engine/rocksdb.go:120             Options.compression_opts.window_bits: -14
I200410 05:38:30.677965 24 storage/engine/rocksdb.go:120                   Options.compression_opts.level: 32767
I200410 05:38:30.678004 24 storage/engine/rocksdb.go:120                Options.compression_opts.strategy: 0
I200410 05:38:30.678040 24 storage/engine/rocksdb.go:120          Options.compression_opts.max_dict_bytes: 0
I200410 05:38:30.678088 24 storage/engine/rocksdb.go:120          Options.compression_opts.zstd_max_train_bytes: 0
I200410 05:38:30.678123 24 storage/engine/rocksdb.go:120                   Options.compression_opts.enabled: false
I200410 05:38:30.678154 24 storage/engine/rocksdb.go:120       Options.level0_file_num_compaction_trigger: 2
I200410 05:38:30.678193 24 storage/engine/rocksdb.go:120           Options.level0_slowdown_writes_trigger: 950
I200410 05:38:30.678228 24 storage/engine/rocksdb.go:120               Options.level0_stop_writes_trigger: 1000
I200410 05:38:30.678299 24 storage/engine/rocksdb.go:120                    Options.target_file_size_base: 4194304
I200410 05:38:30.678331 24 storage/engine/rocksdb.go:120              Options.target_file_size_multiplier: 2
I200410 05:38:30.678360 24 storage/engine/rocksdb.go:120                 Options.max_bytes_for_level_base: 67108864
I200410 05:38:30.678388 24 storage/engine/rocksdb.go:120  Options.level_compaction_dynamic_level_bytes: 1
I200410 05:38:30.678420 24 storage/engine/rocksdb.go:120           Options.max_bytes_for_level_multiplier: 10.000000
I200410 05:38:30.678590 24 storage/engine/rocksdb.go:120  Options.max_bytes_for_level_multiplier_addtl[0]: 1
I200410 05:38:30.682545 24 storage/engine/rocksdb.go:120  Options.max_bytes_for_level_multiplier_addtl[1]: 1
I200410 05:38:30.682611 24 storage/engine/rocksdb.go:120  Options.max_bytes_for_level_multiplier_addtl[2]: 1
I200410 05:38:30.682662 24 storage/engine/rocksdb.go:120  Options.max_bytes_for_level_multiplier_addtl[3]: 1
I200410 05:38:30.684121 24 storage/engine/rocksdb.go:120  Options.max_bytes_for_level_multiplier_addtl[4]: 1
I200410 05:38:30.684156 24 storage/engine/rocksdb.go:120  Options.max_bytes_for_level_multiplier_addtl[5]: 1
I200410 05:38:30.684185 24 storage/engine/rocksdb.go:120  Options.max_bytes_for_level_multiplier_addtl[6]: 1
I200410 05:38:30.684215 24 storage/engine/rocksdb.go:120        Options.max_sequential_skip_in_iterations: 8
I200410 05:38:30.684245 24 storage/engine/rocksdb.go:120                     Options.max_compaction_bytes: 104857600
I200410 05:38:30.684274 24 storage/engine/rocksdb.go:120                         Options.arena_block_size: 8388608
I200410 05:38:30.684302 24 storage/engine/rocksdb.go:120    Options.soft_pending_compaction_bytes_limit: 2199023255552
I200410 05:38:30.684331 24 storage/engine/rocksdb.go:120    Options.hard_pending_compaction_bytes_limit: 4400193994752
I200410 05:38:30.684360 24 storage/engine/rocksdb.go:120        Options.rate_limit_delay_max_milliseconds: 100
I200410 05:38:30.684388 24 storage/engine/rocksdb.go:120                 Options.disable_auto_compactions: 0
I200410 05:38:30.684422 24 storage/engine/rocksdb.go:120                         Options.compaction_style: kCompactionStyleLevel
I200410 05:38:30.684451 24 storage/engine/rocksdb.go:120                           Options.compaction_pri: kMinOverlappingRatio
I200410 05:38:30.684480 24 storage/engine/rocksdb.go:120  Options.compaction_options_universal.size_ratio: 1
I200410 05:38:30.684508 24 storage/engine/rocksdb.go:120  Options.compaction_options_universal.min_merge_width: 2
I200410 05:38:30.684543 24 storage/engine/rocksdb.go:120  Options.compaction_options_universal.max_merge_width: 4294967295
I200410 05:38:30.684573 24 storage/engine/rocksdb.go:120  Options.compaction_options_universal.max_size_amplification_percent: 200
I200410 05:38:30.684601 24 storage/engine/rocksdb.go:120  Options.compaction_options_universal.compression_size_percent: -1
I200410 05:38:30.684631 24 storage/engine/rocksdb.go:120  Options.compaction_options_universal.stop_style: kCompactionStopStyleTotalSize
I200410 05:38:30.684660 24 storage/engine/rocksdb.go:120  Options.compaction_options_fifo.max_table_files_size: 1073741824
I200410 05:38:30.684688 24 storage/engine/rocksdb.go:120  Options.compaction_options_fifo.allow_compaction: 0
I200410 05:38:30.684729 24 storage/engine/rocksdb.go:120                    Options.table_properties_collectors: TimeBoundTblPropCollectorFactory; DeleteRangeTblPropCollectorFactory; 
I200410 05:38:30.684761 24 storage/engine/rocksdb.go:120                    Options.inplace_update_support: 0
I200410 05:38:30.684789 24 storage/engine/rocksdb.go:120                  Options.inplace_update_num_locks: 10000
I200410 05:38:30.684821 24 storage/engine/rocksdb.go:120                Options.memtable_prefix_bloom_size_ratio: 0.000000
I200410 05:38:30.684849 24 storage/engine/rocksdb.go:120                Options.memtable_whole_key_filtering: 0
I200410 05:38:30.684877 24 storage/engine/rocksdb.go:120    Options.memtable_huge_page_size: 0
I200410 05:38:30.684905 24 storage/engine/rocksdb.go:120                            Options.bloom_locality: 0
I200410 05:38:30.684934 24 storage/engine/rocksdb.go:120                     Options.max_successive_merges: 0
I200410 05:38:30.684962 24 storage/engine/rocksdb.go:120                 Options.optimize_filters_for_hits: 1
I200410 05:38:30.684991 24 storage/engine/rocksdb.go:120                 Options.paranoid_file_checks: 0
I200410 05:38:30.685019 24 storage/engine/rocksdb.go:120                 Options.force_consistency_checks: 0
I200410 05:38:30.685047 24 storage/engine/rocksdb.go:120                 Options.report_bg_io_stats: 0
I200410 05:38:30.685075 24 storage/engine/rocksdb.go:120                                Options.ttl: 0
I200410 05:38:30.685277 24 storage/engine/rocksdb.go:120           Options.periodic_compaction_seconds: 0
I200410 05:38:30.699307 24 storage/engine/rocksdb.go:120  [db/version_set.cc:4286] Recovered from manifest file:/cockroach/cockroach-data/MANIFEST-000014 succeeded,manifest_file_number is 14, next_file_number is 16, last_sequence is 0, log_number is 13,prev_log_number is 0,max_column_family is 0,min_log_number_to_keep is 0
I200410 05:38:30.699430 24 storage/engine/rocksdb.go:120  [db/version_set.cc:4295] Column family [default] (ID 0), log number is 13
I200410 05:38:30.723318 24 storage/engine/rocksdb.go:120  EVENT_LOG_v1 {"time_micros": 1586497110723222, "job": 1, "event": "recovery_started", "log_files": [15]}
I200410 05:38:30.723388 24 storage/engine/rocksdb.go:120  [db/db_impl_open.cc:598] Recovering log #15 mode 0
I200410 05:38:30.761178 24 storage/engine/rocksdb.go:120  [db/version_set.cc:3560] Creating manifest 17
I200410 05:38:30.833496 24 storage/engine/rocksdb.go:120  EVENT_LOG_v1 {"time_micros": 1586497110833290, "job": 1, "event": "recovery_finished"}
I200410 05:38:30.991995 24 storage/engine/rocksdb.go:120  DB pointer 0x7f83ecc99000
