I200409 11:50:31.529413 15 util/log/clog.go:1196  [config] file created at: 2020/04/09 11:50:31
I200409 11:50:31.529413 15 util/log/clog.go:1196  [config] running on machine: 1e63c948260e
I200409 11:50:31.529413 15 util/log/clog.go:1196  [config] binary: CockroachDB CCL v19.2.5 (x86_64-unknown-linux-gnu, built 2020/03/16 18:27:12, go1.12.12)
I200409 11:50:31.529413 15 util/log/clog.go:1196  [config] arguments: [/cockroach/cockroach start --insecure --join=payment_2]
I200409 11:50:31.529413 15 util/log/clog.go:1196  line format: [IWEF]yymmdd hh:mm:ss.uuuuuu goid file:line msg utf8=✓
I200409 11:50:31.529393 15 storage/engine/rocksdb.go:120  RocksDB version: 6.2.1
I200409 11:50:31.539639 15 storage/engine/rocksdb.go:120  Git sha rocksdb_build_git_sha:@b7009236531fa784872f4823eabf393501e41bf2@
I200409 11:50:31.539756 15 storage/engine/rocksdb.go:120  Compile date Mar 16 2020
I200409 11:50:31.539787 15 storage/engine/rocksdb.go:120  DB SUMMARY
I200409 11:50:31.548095 15 storage/engine/rocksdb.go:120  SST files in /cockroach/cockroach-data/cockroach-temp676773620 dir, Total Num: 0, files: 
I200409 11:50:31.554374 15 storage/engine/rocksdb.go:120  Write Ahead Log file in /cockroach/cockroach-data/cockroach-temp676773620: 
I200409 11:50:31.554423 15 storage/engine/rocksdb.go:120                          Options.error_if_exists: 0
I200409 11:50:31.554467 15 storage/engine/rocksdb.go:120                        Options.create_if_missing: 1
I200409 11:50:31.554511 15 storage/engine/rocksdb.go:120                          Options.paranoid_checks: 1
I200409 11:50:31.554551 15 storage/engine/rocksdb.go:120                                      Options.env: 0x75757a0
I200409 11:50:31.554595 15 storage/engine/rocksdb.go:120                                 Options.info_log: 0x7fc3eae270e0
I200409 11:50:31.554639 15 storage/engine/rocksdb.go:120                 Options.max_file_opening_threads: 16
I200409 11:50:31.554687 15 storage/engine/rocksdb.go:120                               Options.statistics: 0x7fc3eae34010
I200409 11:50:31.554802 15 storage/engine/rocksdb.go:120                                Options.use_fsync: 0
I200409 11:50:31.554845 15 storage/engine/rocksdb.go:120                        Options.max_log_file_size: 0
I200409 11:50:31.555068 15 storage/engine/rocksdb.go:120                   Options.max_manifest_file_size: 134217728
I200409 11:50:31.555117 15 storage/engine/rocksdb.go:120                    Options.log_file_time_to_roll: 0
I200409 11:50:31.555154 15 storage/engine/rocksdb.go:120                        Options.keep_log_file_num: 1000
I200409 11:50:31.555187 15 storage/engine/rocksdb.go:120                     Options.recycle_log_file_num: 1
I200409 11:50:31.555224 15 storage/engine/rocksdb.go:120                          Options.allow_fallocate: 1
I200409 11:50:31.555362 15 storage/engine/rocksdb.go:120                         Options.allow_mmap_reads: 0
I200409 11:50:31.555491 15 storage/engine/rocksdb.go:120                        Options.allow_mmap_writes: 0
I200409 11:50:31.555536 15 storage/engine/rocksdb.go:120                         Options.use_direct_reads: 0
I200409 11:50:31.555585 15 storage/engine/rocksdb.go:120                         Options.use_direct_io_for_flush_and_compaction: 0
I200409 11:50:31.555627 15 storage/engine/rocksdb.go:120           Options.create_missing_column_families: 0
I200409 11:50:31.555829 15 storage/engine/rocksdb.go:120                               Options.db_log_dir: 
I200409 11:50:31.555922 15 storage/engine/rocksdb.go:120                                  Options.wal_dir: /cockroach/cockroach-data/cockroach-temp676773620
I200409 11:50:31.555977 15 storage/engine/rocksdb.go:120                 Options.table_cache_numshardbits: 6
I200409 11:50:31.556012 15 storage/engine/rocksdb.go:120                       Options.max_subcompactions: 1
I200409 11:50:31.556051 15 storage/engine/rocksdb.go:120                   Options.max_background_flushes: -1
I200409 11:50:31.556090 15 storage/engine/rocksdb.go:120                          Options.WAL_ttl_seconds: 0
I200409 11:50:31.556128 15 storage/engine/rocksdb.go:120                        Options.WAL_size_limit_MB: 0
I200409 11:50:31.556171 15 storage/engine/rocksdb.go:120              Options.manifest_preallocation_size: 4194304
I200409 11:50:31.556206 15 storage/engine/rocksdb.go:120                      Options.is_fd_close_on_exec: 1
I200409 11:50:31.556244 15 storage/engine/rocksdb.go:120                    Options.advise_random_on_open: 1
I200409 11:50:31.556286 15 storage/engine/rocksdb.go:120                     Options.db_write_buffer_size: 0
I200409 11:50:31.556319 15 storage/engine/rocksdb.go:120                     Options.write_buffer_manager: 0x7fc3eae19060
I200409 11:50:31.556356 15 storage/engine/rocksdb.go:120          Options.access_hint_on_compaction_start: 1
I200409 11:50:31.556385 15 storage/engine/rocksdb.go:120   Options.new_table_reader_for_compaction_inputs: 0
I200409 11:50:31.556414 15 storage/engine/rocksdb.go:120            Options.random_access_max_buffer_size: 1048576
I200409 11:50:31.556442 15 storage/engine/rocksdb.go:120                       Options.use_adaptive_mutex: 0
I200409 11:50:31.556470 15 storage/engine/rocksdb.go:120                             Options.rate_limiter: (nil)
I200409 11:50:31.556500 15 storage/engine/rocksdb.go:120      Options.sst_file_manager.rate_bytes_per_sec: 0
I200409 11:50:31.556528 15 storage/engine/rocksdb.go:120                        Options.wal_recovery_mode: 0
I200409 11:50:31.556556 15 storage/engine/rocksdb.go:120                   Options.enable_thread_tracking: 0
I200409 11:50:31.556584 15 storage/engine/rocksdb.go:120                   Options.enable_pipelined_write: 0
I200409 11:50:31.556612 15 storage/engine/rocksdb.go:120          Options.allow_concurrent_memtable_write: 1
I200409 11:50:31.556641 15 storage/engine/rocksdb.go:120       Options.enable_write_thread_adaptive_yield: 1
I200409 11:50:31.556670 15 storage/engine/rocksdb.go:120              Options.write_thread_max_yield_usec: 100
I200409 11:50:31.556698 15 storage/engine/rocksdb.go:120             Options.write_thread_slow_yield_usec: 3
I200409 11:50:31.556737 15 storage/engine/rocksdb.go:120                                Options.row_cache: None
I200409 11:50:31.556879 15 storage/engine/rocksdb.go:120                               Options.wal_filter: None
I200409 11:50:31.556914 15 storage/engine/rocksdb.go:120              Options.avoid_flush_during_recovery: 0
I200409 11:50:31.556943 15 storage/engine/rocksdb.go:120              Options.allow_ingest_behind: 0
I200409 11:50:31.556971 15 storage/engine/rocksdb.go:120              Options.preserve_deletes: 0
I200409 11:50:31.556999 15 storage/engine/rocksdb.go:120              Options.two_write_queues: 0
I200409 11:50:31.558019 15 storage/engine/rocksdb.go:120              Options.manual_wal_flush: 1
I200409 11:50:31.558064 15 storage/engine/rocksdb.go:120              Options.atomic_flush: 0
I200409 11:50:31.558115 15 storage/engine/rocksdb.go:120              Options.avoid_unnecessary_blocking_io: 0
I200409 11:50:31.558163 15 storage/engine/rocksdb.go:120              Options.max_background_jobs: 2
I200409 11:50:31.558196 15 storage/engine/rocksdb.go:120              Options.max_background_compactions: -1
I200409 11:50:31.558225 15 storage/engine/rocksdb.go:120              Options.avoid_flush_during_shutdown: 0
I200409 11:50:31.558277 15 storage/engine/rocksdb.go:120            Options.writable_file_max_buffer_size: 1048576
I200409 11:50:31.558372 15 storage/engine/rocksdb.go:120              Options.delayed_write_rate : 16777216
I200409 11:50:31.558484 15 storage/engine/rocksdb.go:120              Options.max_total_wal_size: 0
I200409 11:50:31.558529 15 storage/engine/rocksdb.go:120              Options.delete_obsolete_files_period_micros: 21600000000
I200409 11:50:31.558566 15 storage/engine/rocksdb.go:120                    Options.stats_dump_period_sec: 0
I200409 11:50:31.558607 15 storage/engine/rocksdb.go:120                  Options.stats_persist_period_sec: 600
I200409 11:50:31.558642 15 storage/engine/rocksdb.go:120                  Options.stats_history_buffer_size: 1048576
I200409 11:50:31.558677 15 storage/engine/rocksdb.go:120                           Options.max_open_files: 128
I200409 11:50:31.558870 15 storage/engine/rocksdb.go:120                           Options.bytes_per_sync: 524288
I200409 11:50:31.559018 15 storage/engine/rocksdb.go:120                       Options.wal_bytes_per_sync: 0
I200409 11:50:31.559079 15 storage/engine/rocksdb.go:120                    Options.strict_bytes_per_sync: 1
I200409 11:50:31.559114 15 storage/engine/rocksdb.go:120        Options.compaction_readahead_size: 0
I200409 11:50:31.559142 15 storage/engine/rocksdb.go:120  Compression algorithms supported:
I200409 11:50:31.559177 15 storage/engine/rocksdb.go:120  	kZSTDNotFinalCompression supported: 0
I200409 11:50:31.559206 15 storage/engine/rocksdb.go:120  	kZSTD supported: 0
I200409 11:50:31.559234 15 storage/engine/rocksdb.go:120  	kXpressCompression supported: 0
I200409 11:50:31.559262 15 storage/engine/rocksdb.go:120  	kLZ4HCCompression supported: 0
I200409 11:50:31.559290 15 storage/engine/rocksdb.go:120  	kLZ4Compression supported: 0
I200409 11:50:31.559319 15 storage/engine/rocksdb.go:120  	kBZip2Compression supported: 0
I200409 11:50:31.559347 15 storage/engine/rocksdb.go:120  	kZlibCompression supported: 0
I200409 11:50:31.559375 15 storage/engine/rocksdb.go:120  	kSnappyCompression supported: 1
I200409 11:50:31.559417 15 storage/engine/rocksdb.go:120  Fast CRC32 supported: Supported on x86
I200409 11:50:31.566100 15 storage/engine/rocksdb.go:120  [db/db_impl_open.cc:242] Creating manifest 1 
I200409 11:50:31.594493 15 storage/engine/rocksdb.go:120  [db/version_set.cc:4072] Recovering from manifest file: /cockroach/cockroach-data/cockroach-temp676773620/MANIFEST-000001
I200409 11:50:31.601504 15 storage/engine/rocksdb.go:120  [db/column_family.cc:488] --------------- Options for column family [default]:
I200409 11:50:31.601540 15 storage/engine/rocksdb.go:120                Options.comparator: cockroach_comparator
I200409 11:50:31.601569 15 storage/engine/rocksdb.go:120            Options.merge_operator: cockroach_merge_operator
I200409 11:50:31.601598 15 storage/engine/rocksdb.go:120         Options.compaction_filter: None
I200409 11:50:31.601626 15 storage/engine/rocksdb.go:120         Options.compaction_filter_factory: None
I200409 11:50:31.601655 15 storage/engine/rocksdb.go:120          Options.memtable_factory: SkipListFactory
I200409 11:50:31.601674 15 storage/engine/rocksdb.go:120             Options.table_factory: BlockBasedTable
I200409 11:50:31.601733 15 storage/engine/rocksdb.go:120             table_factory options:   flush_block_policy_factory: FlushBlockBySizePolicyFactory (0x7fc3eae28030)
  cache_index_and_filter_blocks: 0
  cache_index_and_filter_blocks_with_high_priority: 0
  pin_l0_filter_and_index_blocks_in_cache: 0
  pin_top_level_index_and_filter: 1
  index_type: 0
  data_block_index_type: 0
  index_shortening: 1
  data_block_hash_table_util_ratio: 0.750000
  hash_index_allow_collision: 1
  checksum: 1
  no_block_cache: 0
  block_cache: 0x7fc3eae1c010
  block_cache_name: LRUCache
  block_cache_options:
    capacity : 1048576
    num_shard_bits : 4
    strict_capacity_limit : 0
    memory_allocator : None
    high_pri_pool_ratio: 0.000
  block_cache_compressed: (nil)
  persistent_cache: (nil)
  block_size: 32768
  block_size_deviation: 10
  block_restart_interval: 16
  index_block_restart_interval: 1
  metadata_block_size: 4096
  partition_filters: 0
  use_delta_encoding: 1
  filter_policy: rocksdb.BuiltinBloomFilter
  whole_key_filtering: 0
  verify_compression: 0
  read_amp_bytes_per_bit: 0
  format_version: 2
  enable_index_compression: 1
  block_align: 0
I200409 11:50:31.601774 15 storage/engine/rocksdb.go:120         Options.write_buffer_size: 67108864
I200409 11:50:31.601813 15 storage/engine/rocksdb.go:120   Options.max_write_buffer_number: 4
I200409 11:50:31.601845 15 storage/engine/rocksdb.go:120           Options.compression: Snappy
I200409 11:50:31.601874 15 storage/engine/rocksdb.go:120                   Options.bottommost_compression: Disabled
I200409 11:50:31.601902 15 storage/engine/rocksdb.go:120        Options.prefix_extractor: cockroach_prefix_extractor
I200409 11:50:31.601935 15 storage/engine/rocksdb.go:120    Options.memtable_insert_with_hint_prefix_extractor: nullptr
I200409 11:50:31.601967 15 storage/engine/rocksdb.go:120              Options.num_levels: 7
I200409 11:50:31.601995 15 storage/engine/rocksdb.go:120         Options.min_write_buffer_number_to_merge: 1
I200409 11:50:31.602015 15 storage/engine/rocksdb.go:120      Options.max_write_buffer_number_to_maintain: 0
I200409 11:50:31.602043 15 storage/engine/rocksdb.go:120             Options.bottommost_compression_opts.window_bits: -14
I200409 11:50:31.602078 15 storage/engine/rocksdb.go:120                   Options.bottommost_compression_opts.level: 32767
I200409 11:50:31.602106 15 storage/engine/rocksdb.go:120                Options.bottommost_compression_opts.strategy: 0
I200409 11:50:31.602136 15 storage/engine/rocksdb.go:120          Options.bottommost_compression_opts.max_dict_bytes: 0
I200409 11:50:31.602165 15 storage/engine/rocksdb.go:120          Options.bottommost_compression_opts.zstd_max_train_bytes: 0
I200409 11:50:31.602193 15 storage/engine/rocksdb.go:120                   Options.bottommost_compression_opts.enabled: false
I200409 11:50:31.602221 15 storage/engine/rocksdb.go:120             Options.compression_opts.window_bits: -14
I200409 11:50:31.602249 15 storage/engine/rocksdb.go:120                   Options.compression_opts.level: 32767
I200409 11:50:31.602277 15 storage/engine/rocksdb.go:120                Options.compression_opts.strategy: 0
I200409 11:50:31.602306 15 storage/engine/rocksdb.go:120          Options.compression_opts.max_dict_bytes: 0
I200409 11:50:31.602334 15 storage/engine/rocksdb.go:120          Options.compression_opts.zstd_max_train_bytes: 0
I200409 11:50:31.602362 15 storage/engine/rocksdb.go:120                   Options.compression_opts.enabled: false
I200409 11:50:31.602390 15 storage/engine/rocksdb.go:120       Options.level0_file_num_compaction_trigger: 2
I200409 11:50:31.602418 15 storage/engine/rocksdb.go:120           Options.level0_slowdown_writes_trigger: 950
I200409 11:50:31.602446 15 storage/engine/rocksdb.go:120               Options.level0_stop_writes_trigger: 1000
I200409 11:50:31.602475 15 storage/engine/rocksdb.go:120                    Options.target_file_size_base: 4194304
I200409 11:50:31.602508 15 storage/engine/rocksdb.go:120              Options.target_file_size_multiplier: 2
I200409 11:50:31.602537 15 storage/engine/rocksdb.go:120                 Options.max_bytes_for_level_base: 67108864
I200409 11:50:31.602565 15 storage/engine/rocksdb.go:120  Options.level_compaction_dynamic_level_bytes: 1
I200409 11:50:31.602596 15 storage/engine/rocksdb.go:120           Options.max_bytes_for_level_multiplier: 10.000000
I200409 11:50:31.602619 15 storage/engine/rocksdb.go:120  Options.max_bytes_for_level_multiplier_addtl[0]: 1
I200409 11:50:31.602648 15 storage/engine/rocksdb.go:120  Options.max_bytes_for_level_multiplier_addtl[1]: 1
I200409 11:50:31.602677 15 storage/engine/rocksdb.go:120  Options.max_bytes_for_level_multiplier_addtl[2]: 1
I200409 11:50:31.602705 15 storage/engine/rocksdb.go:120  Options.max_bytes_for_level_multiplier_addtl[3]: 1
I200409 11:50:31.602733 15 storage/engine/rocksdb.go:120  Options.max_bytes_for_level_multiplier_addtl[4]: 1
I200409 11:50:31.602767 15 storage/engine/rocksdb.go:120  Options.max_bytes_for_level_multiplier_addtl[5]: 1
I200409 11:50:31.602797 15 storage/engine/rocksdb.go:120  Options.max_bytes_for_level_multiplier_addtl[6]: 1
I200409 11:50:31.602825 15 storage/engine/rocksdb.go:120        Options.max_sequential_skip_in_iterations: 8
I200409 11:50:31.602854 15 storage/engine/rocksdb.go:120                     Options.max_compaction_bytes: 104857600
I200409 11:50:31.602882 15 storage/engine/rocksdb.go:120                         Options.arena_block_size: 8388608
I200409 11:50:31.602911 15 storage/engine/rocksdb.go:120    Options.soft_pending_compaction_bytes_limit: 2199023255552
I200409 11:50:31.602939 15 storage/engine/rocksdb.go:120    Options.hard_pending_compaction_bytes_limit: 4400193994752
I200409 11:50:31.602967 15 storage/engine/rocksdb.go:120        Options.rate_limit_delay_max_milliseconds: 100
I200409 11:50:31.602995 15 storage/engine/rocksdb.go:120                 Options.disable_auto_compactions: 0
I200409 11:50:31.603026 15 storage/engine/rocksdb.go:120                         Options.compaction_style: kCompactionStyleLevel
I200409 11:50:31.603057 15 storage/engine/rocksdb.go:120                           Options.compaction_pri: kMinOverlappingRatio
I200409 11:50:31.603092 15 storage/engine/rocksdb.go:120  Options.compaction_options_universal.size_ratio: 1
I200409 11:50:31.603120 15 storage/engine/rocksdb.go:120  Options.compaction_options_universal.min_merge_width: 2
I200409 11:50:31.603149 15 storage/engine/rocksdb.go:120  Options.compaction_options_universal.max_merge_width: 4294967295
I200409 11:50:31.603329 15 storage/engine/rocksdb.go:120  Options.compaction_options_universal.max_size_amplification_percent: 200
I200409 11:50:31.603357 15 storage/engine/rocksdb.go:120  Options.compaction_options_universal.compression_size_percent: -1
I200409 11:50:31.603387 15 storage/engine/rocksdb.go:120  Options.compaction_options_universal.stop_style: kCompactionStopStyleTotalSize
I200409 11:50:31.603416 15 storage/engine/rocksdb.go:120  Options.compaction_options_fifo.max_table_files_size: 1073741824
I200409 11:50:31.603445 15 storage/engine/rocksdb.go:120  Options.compaction_options_fifo.allow_compaction: 0
I200409 11:50:31.603477 15 storage/engine/rocksdb.go:120                    Options.table_properties_collectors: TimeBoundTblPropCollectorFactory; DeleteRangeTblPropCollectorFactory; 
I200409 11:50:31.603527 15 storage/engine/rocksdb.go:120                    Options.inplace_update_support: 0
I200409 11:50:31.603553 15 storage/engine/rocksdb.go:120                  Options.inplace_update_num_locks: 10000
I200409 11:50:31.603578 15 storage/engine/rocksdb.go:120                Options.memtable_prefix_bloom_size_ratio: 0.000000
I200409 11:50:31.603607 15 storage/engine/rocksdb.go:120                Options.memtable_whole_key_filtering: 0
I200409 11:50:31.603627 15 storage/engine/rocksdb.go:120    Options.memtable_huge_page_size: 0
I200409 11:50:31.603783 15 storage/engine/rocksdb.go:120                            Options.bloom_locality: 0
I200409 11:50:31.603809 15 storage/engine/rocksdb.go:120                     Options.max_successive_merges: 0
I200409 11:50:31.603837 15 storage/engine/rocksdb.go:120                 Options.optimize_filters_for_hits: 1
I200409 11:50:31.603933 15 storage/engine/rocksdb.go:120                 Options.paranoid_file_checks: 0
I200409 11:50:31.603970 15 storage/engine/rocksdb.go:120                 Options.force_consistency_checks: 0
I200409 11:50:31.604001 15 storage/engine/rocksdb.go:120                 Options.report_bg_io_stats: 0
I200409 11:50:31.604022 15 storage/engine/rocksdb.go:120                                Options.ttl: 0
I200409 11:50:31.604050 15 storage/engine/rocksdb.go:120           Options.periodic_compaction_seconds: 0
I200409 11:50:31.638059 15 storage/engine/rocksdb.go:120  [db/version_set.cc:4286] Recovered from manifest file:/cockroach/cockroach-data/cockroach-temp676773620/MANIFEST-000001 succeeded,manifest_file_number is 1, next_file_number is 3, last_sequence is 0, log_number is 0,prev_log_number is 0,max_column_family is 0,min_log_number_to_keep is 0
I200409 11:50:31.638097 15 storage/engine/rocksdb.go:120  [db/version_set.cc:4295] Column family [default] (ID 0), log number is 0
I200409 11:50:31.737119 15 storage/engine/rocksdb.go:120  DB pointer 0x7fc3eaea1000
I200409 11:50:32.171880 15 storage/engine/rocksdb.go:120  RocksDB version: 6.2.1
I200409 11:50:32.176063 15 storage/engine/rocksdb.go:120  Git sha rocksdb_build_git_sha:@b7009236531fa784872f4823eabf393501e41bf2@
I200409 11:50:32.176225 15 storage/engine/rocksdb.go:120  Compile date Mar 16 2020
I200409 11:50:32.176262 15 storage/engine/rocksdb.go:120  DB SUMMARY
I200409 11:50:32.187941 15 storage/engine/rocksdb.go:120  CURRENT file:  CURRENT
I200409 11:50:32.188244 15 storage/engine/rocksdb.go:120  IDENTITY file:  IDENTITY
I200409 11:50:32.191211 15 storage/engine/rocksdb.go:120  MANIFEST file:  MANIFEST-000001 size: 13 Bytes
I200409 11:50:32.191279 15 storage/engine/rocksdb.go:120  SST files in /cockroach/cockroach-data dir, Total Num: 0, files: 
I200409 11:50:32.191328 15 storage/engine/rocksdb.go:120  Write Ahead Log file in /cockroach/cockroach-data: 000003.log size: 125 ; 
I200409 11:50:32.191413 15 storage/engine/rocksdb.go:120                          Options.error_if_exists: 0
I200409 11:50:32.191457 15 storage/engine/rocksdb.go:120                        Options.create_if_missing: 1
I200409 11:50:32.191498 15 storage/engine/rocksdb.go:120                          Options.paranoid_checks: 1
I200409 11:50:32.191535 15 storage/engine/rocksdb.go:120                                      Options.env: 0x75757a0
I200409 11:50:32.191584 15 storage/engine/rocksdb.go:120                                 Options.info_log: 0x7fc3f2087f20
I200409 11:50:32.191627 15 storage/engine/rocksdb.go:120                 Options.max_file_opening_threads: 16
I200409 11:50:32.191660 15 storage/engine/rocksdb.go:120                               Options.statistics: 0x7fc3f201d8d0
I200409 11:50:32.191831 15 storage/engine/rocksdb.go:120                                Options.use_fsync: 0
I200409 11:50:32.191874 15 storage/engine/rocksdb.go:120                        Options.max_log_file_size: 0
I200409 11:50:32.191911 15 storage/engine/rocksdb.go:120                   Options.max_manifest_file_size: 134217728
I200409 11:50:32.191959 15 storage/engine/rocksdb.go:120                    Options.log_file_time_to_roll: 0
I200409 11:50:32.192011 15 storage/engine/rocksdb.go:120                        Options.keep_log_file_num: 1000
I200409 11:50:32.192065 15 storage/engine/rocksdb.go:120                     Options.recycle_log_file_num: 1
I200409 11:50:32.192107 15 storage/engine/rocksdb.go:120                          Options.allow_fallocate: 1
I200409 11:50:32.192153 15 storage/engine/rocksdb.go:120                         Options.allow_mmap_reads: 0
I200409 11:50:32.192196 15 storage/engine/rocksdb.go:120                        Options.allow_mmap_writes: 0
I200409 11:50:32.192243 15 storage/engine/rocksdb.go:120                         Options.use_direct_reads: 0
I200409 11:50:32.192317 15 storage/engine/rocksdb.go:120                         Options.use_direct_io_for_flush_and_compaction: 0
I200409 11:50:32.192361 15 storage/engine/rocksdb.go:120           Options.create_missing_column_families: 0
I200409 11:50:32.192400 15 storage/engine/rocksdb.go:120                               Options.db_log_dir: 
I200409 11:50:32.192438 15 storage/engine/rocksdb.go:120                                  Options.wal_dir: /cockroach/cockroach-data
I200409 11:50:32.192477 15 storage/engine/rocksdb.go:120                 Options.table_cache_numshardbits: 6
I200409 11:50:32.192515 15 storage/engine/rocksdb.go:120                       Options.max_subcompactions: 1
I200409 11:50:32.192555 15 storage/engine/rocksdb.go:120                   Options.max_background_flushes: -1
I200409 11:50:32.192607 15 storage/engine/rocksdb.go:120                          Options.WAL_ttl_seconds: 0
I200409 11:50:32.192648 15 storage/engine/rocksdb.go:120                        Options.WAL_size_limit_MB: 0
I200409 11:50:32.192691 15 storage/engine/rocksdb.go:120              Options.manifest_preallocation_size: 4194304
I200409 11:50:32.192735 15 storage/engine/rocksdb.go:120                      Options.is_fd_close_on_exec: 1
I200409 11:50:32.192777 15 storage/engine/rocksdb.go:120                    Options.advise_random_on_open: 1
I200409 11:50:32.196872 15 storage/engine/rocksdb.go:120                     Options.db_write_buffer_size: 0
I200409 11:50:32.196966 15 storage/engine/rocksdb.go:120                     Options.write_buffer_manager: 0x7fc3f2060cb0
I200409 11:50:32.197096 15 storage/engine/rocksdb.go:120          Options.access_hint_on_compaction_start: 1
I200409 11:50:32.197217 15 storage/engine/rocksdb.go:120   Options.new_table_reader_for_compaction_inputs: 0
I200409 11:50:32.197324 15 storage/engine/rocksdb.go:120            Options.random_access_max_buffer_size: 1048576
I200409 11:50:32.197884 15 storage/engine/rocksdb.go:120                       Options.use_adaptive_mutex: 0
I200409 11:50:32.198009 15 storage/engine/rocksdb.go:120                             Options.rate_limiter: (nil)
I200409 11:50:32.198506 15 storage/engine/rocksdb.go:120      Options.sst_file_manager.rate_bytes_per_sec: 0
I200409 11:50:32.198548 15 storage/engine/rocksdb.go:120                        Options.wal_recovery_mode: 0
I200409 11:50:32.198757 15 storage/engine/rocksdb.go:120                   Options.enable_thread_tracking: 0
I200409 11:50:32.210243 15 storage/engine/rocksdb.go:120                   Options.enable_pipelined_write: 0
I200409 11:50:32.210440 15 storage/engine/rocksdb.go:120          Options.allow_concurrent_memtable_write: 1
I200409 11:50:32.210550 15 storage/engine/rocksdb.go:120       Options.enable_write_thread_adaptive_yield: 1
I200409 11:50:32.210597 15 storage/engine/rocksdb.go:120              Options.write_thread_max_yield_usec: 100
I200409 11:50:32.211015 15 storage/engine/rocksdb.go:120             Options.write_thread_slow_yield_usec: 3
I200409 11:50:32.211058 15 storage/engine/rocksdb.go:120                                Options.row_cache: None
I200409 11:50:32.211180 15 storage/engine/rocksdb.go:120                               Options.wal_filter: None
I200409 11:50:32.211227 15 storage/engine/rocksdb.go:120              Options.avoid_flush_during_recovery: 0
I200409 11:50:32.211272 15 storage/engine/rocksdb.go:120              Options.allow_ingest_behind: 0
I200409 11:50:32.211314 15 storage/engine/rocksdb.go:120              Options.preserve_deletes: 0
I200409 11:50:32.211357 15 storage/engine/rocksdb.go:120              Options.two_write_queues: 0
I200409 11:50:32.211443 15 storage/engine/rocksdb.go:120              Options.manual_wal_flush: 1
I200409 11:50:32.211488 15 storage/engine/rocksdb.go:120              Options.atomic_flush: 0
I200409 11:50:32.218583 15 storage/engine/rocksdb.go:120              Options.avoid_unnecessary_blocking_io: 0
I200409 11:50:32.218814 15 storage/engine/rocksdb.go:120              Options.max_background_jobs: 2
I200409 11:50:32.218862 15 storage/engine/rocksdb.go:120              Options.max_background_compactions: -1
I200409 11:50:32.218907 15 storage/engine/rocksdb.go:120              Options.avoid_flush_during_shutdown: 0
I200409 11:50:32.219023 15 storage/engine/rocksdb.go:120            Options.writable_file_max_buffer_size: 1048576
I200409 11:50:32.219066 15 storage/engine/rocksdb.go:120              Options.delayed_write_rate : 16777216
I200409 11:50:32.219546 15 storage/engine/rocksdb.go:120              Options.max_total_wal_size: 0
I200409 11:50:32.219595 15 storage/engine/rocksdb.go:120              Options.delete_obsolete_files_period_micros: 21600000000
I200409 11:50:32.219638 15 storage/engine/rocksdb.go:120                    Options.stats_dump_period_sec: 0
I200409 11:50:32.219681 15 storage/engine/rocksdb.go:120                  Options.stats_persist_period_sec: 600
I200409 11:50:32.219827 15 storage/engine/rocksdb.go:120                  Options.stats_history_buffer_size: 1048576
I200409 11:50:32.220245 15 storage/engine/rocksdb.go:120                           Options.max_open_files: 1043576
I200409 11:50:32.220296 15 storage/engine/rocksdb.go:120                           Options.bytes_per_sync: 524288
I200409 11:50:32.220338 15 storage/engine/rocksdb.go:120                       Options.wal_bytes_per_sync: 0
I200409 11:50:32.220482 15 storage/engine/rocksdb.go:120                    Options.strict_bytes_per_sync: 1
I200409 11:50:32.220607 15 storage/engine/rocksdb.go:120        Options.compaction_readahead_size: 0
I200409 11:50:32.220689 15 storage/engine/rocksdb.go:120  Compression algorithms supported:
I200409 11:50:32.220845 15 storage/engine/rocksdb.go:120  	kZSTDNotFinalCompression supported: 0
I200409 11:50:32.220888 15 storage/engine/rocksdb.go:120  	kZSTD supported: 0
I200409 11:50:32.220927 15 storage/engine/rocksdb.go:120  	kXpressCompression supported: 0
I200409 11:50:32.220967 15 storage/engine/rocksdb.go:120  	kLZ4HCCompression supported: 0
I200409 11:50:32.221007 15 storage/engine/rocksdb.go:120  	kLZ4Compression supported: 0
I200409 11:50:32.222026 15 storage/engine/rocksdb.go:120  	kBZip2Compression supported: 0
I200409 11:50:32.226939 15 storage/engine/rocksdb.go:120  	kZlibCompression supported: 0
I200409 11:50:32.226995 15 storage/engine/rocksdb.go:120  	kSnappyCompression supported: 1
I200409 11:50:32.227065 15 storage/engine/rocksdb.go:120  Fast CRC32 supported: Supported on x86
I200409 11:50:32.363750 15 storage/engine/rocksdb.go:120  [db/version_set.cc:4072] Recovering from manifest file: /cockroach/cockroach-data/MANIFEST-000001
I200409 11:50:32.370226 15 storage/engine/rocksdb.go:120  [db/column_family.cc:488] --------------- Options for column family [default]:
I200409 11:50:32.370273 15 storage/engine/rocksdb.go:120                Options.comparator: cockroach_comparator
I200409 11:50:32.370329 15 storage/engine/rocksdb.go:120            Options.merge_operator: cockroach_merge_operator
I200409 11:50:32.370373 15 storage/engine/rocksdb.go:120         Options.compaction_filter: None
I200409 11:50:32.370414 15 storage/engine/rocksdb.go:120         Options.compaction_filter_factory: None
I200409 11:50:32.370542 15 storage/engine/rocksdb.go:120          Options.memtable_factory: SkipListFactory
I200409 11:50:32.370781 15 storage/engine/rocksdb.go:120             Options.table_factory: BlockBasedTable
I200409 11:50:32.370897 15 storage/engine/rocksdb.go:120             table_factory options:   flush_block_policy_factory: FlushBlockBySizePolicyFactory (0x7fc3f2024038)
  cache_index_and_filter_blocks: 0
  cache_index_and_filter_blocks_with_high_priority: 0
  pin_l0_filter_and_index_blocks_in_cache: 0
  pin_top_level_index_and_filter: 1
  index_type: 0
  data_block_index_type: 0
  index_shortening: 1
  data_block_hash_table_util_ratio: 0.750000
  hash_index_allow_collision: 1
  checksum: 1
  no_block_cache: 0
  block_cache: 0x7fc3eca14010
  block_cache_name: LRUCache
  block_cache_options:
    capacity : 67108864
    num_shard_bits : 4
    strict_capacity_limit : 0
    memory_allocator : None
    high_pri_pool_ratio: 0.000
  block_cache_compressed: (nil)
  persistent_cache: (nil)
  block_size: 32768
  block_size_deviation: 10
  block_restart_interval: 16
  index_block_restart_interval: 1
  metadata_block_size: 4096
  partition_filters: 0
  use_delta_encoding: 1
  filter_policy: rocksdb.BuiltinBloomFilter
  whole_key_filtering: 0
  verify_compression: 0
  read_amp_bytes_per_bit: 0
  format_version: 2
  enable_index_compression: 1
  block_align: 0
I200409 11:50:32.370944 15 storage/engine/rocksdb.go:120         Options.write_buffer_size: 67108864
I200409 11:50:32.372078 15 storage/engine/rocksdb.go:120   Options.max_write_buffer_number: 4
I200409 11:50:32.372124 15 storage/engine/rocksdb.go:120           Options.compression: Snappy
I200409 11:50:32.372164 15 storage/engine/rocksdb.go:120                   Options.bottommost_compression: Disabled
I200409 11:50:32.372226 15 storage/engine/rocksdb.go:120        Options.prefix_extractor: cockroach_prefix_extractor
I200409 11:50:32.372302 15 storage/engine/rocksdb.go:120    Options.memtable_insert_with_hint_prefix_extractor: nullptr
I200409 11:50:32.372395 15 storage/engine/rocksdb.go:120              Options.num_levels: 7
I200409 11:50:32.372441 15 storage/engine/rocksdb.go:120         Options.min_write_buffer_number_to_merge: 1
I200409 11:50:32.372565 15 storage/engine/rocksdb.go:120      Options.max_write_buffer_number_to_maintain: 0
I200409 11:50:32.372693 15 storage/engine/rocksdb.go:120             Options.bottommost_compression_opts.window_bits: -14
I200409 11:50:32.372859 15 storage/engine/rocksdb.go:120                   Options.bottommost_compression_opts.level: 32767
I200409 11:50:32.372900 15 storage/engine/rocksdb.go:120                Options.bottommost_compression_opts.strategy: 0
I200409 11:50:32.372946 15 storage/engine/rocksdb.go:120          Options.bottommost_compression_opts.max_dict_bytes: 0
I200409 11:50:32.373056 15 storage/engine/rocksdb.go:120          Options.bottommost_compression_opts.zstd_max_train_bytes: 0
I200409 11:50:32.373100 15 storage/engine/rocksdb.go:120                   Options.bottommost_compression_opts.enabled: false
I200409 11:50:32.373271 15 storage/engine/rocksdb.go:120             Options.compression_opts.window_bits: -14
I200409 11:50:32.373332 15 storage/engine/rocksdb.go:120                   Options.compression_opts.level: 32767
I200409 11:50:32.374064 15 storage/engine/rocksdb.go:120                Options.compression_opts.strategy: 0
I200409 11:50:32.374231 15 storage/engine/rocksdb.go:120          Options.compression_opts.max_dict_bytes: 0
I200409 11:50:32.374325 15 storage/engine/rocksdb.go:120          Options.compression_opts.zstd_max_train_bytes: 0
I200409 11:50:32.374638 15 storage/engine/rocksdb.go:120                   Options.compression_opts.enabled: false
I200409 11:50:32.374989 15 storage/engine/rocksdb.go:120       Options.level0_file_num_compaction_trigger: 2
I200409 11:50:32.376387 15 storage/engine/rocksdb.go:120           Options.level0_slowdown_writes_trigger: 950
I200409 11:50:32.376573 15 storage/engine/rocksdb.go:120               Options.level0_stop_writes_trigger: 1000
I200409 11:50:32.376615 15 storage/engine/rocksdb.go:120                    Options.target_file_size_base: 4194304
I200409 11:50:32.377270 15 storage/engine/rocksdb.go:120              Options.target_file_size_multiplier: 2
I200409 11:50:32.379078 15 storage/engine/rocksdb.go:120                 Options.max_bytes_for_level_base: 67108864
I200409 11:50:32.379278 15 storage/engine/rocksdb.go:120  Options.level_compaction_dynamic_level_bytes: 1
I200409 11:50:32.379478 15 storage/engine/rocksdb.go:120           Options.max_bytes_for_level_multiplier: 10.000000
I200409 11:50:32.379533 15 storage/engine/rocksdb.go:120  Options.max_bytes_for_level_multiplier_addtl[0]: 1
I200409 11:50:32.379577 15 storage/engine/rocksdb.go:120  Options.max_bytes_for_level_multiplier_addtl[1]: 1
I200409 11:50:32.379618 15 storage/engine/rocksdb.go:120  Options.max_bytes_for_level_multiplier_addtl[2]: 1
I200409 11:50:32.379777 15 storage/engine/rocksdb.go:120  Options.max_bytes_for_level_multiplier_addtl[3]: 1
I200409 11:50:32.387280 15 storage/engine/rocksdb.go:120  Options.max_bytes_for_level_multiplier_addtl[4]: 1
I200409 11:50:32.387344 15 storage/engine/rocksdb.go:120  Options.max_bytes_for_level_multiplier_addtl[5]: 1
I200409 11:50:32.387387 15 storage/engine/rocksdb.go:120  Options.max_bytes_for_level_multiplier_addtl[6]: 1
I200409 11:50:32.387428 15 storage/engine/rocksdb.go:120        Options.max_sequential_skip_in_iterations: 8
I200409 11:50:32.387467 15 storage/engine/rocksdb.go:120                     Options.max_compaction_bytes: 104857600
I200409 11:50:32.387505 15 storage/engine/rocksdb.go:120                         Options.arena_block_size: 8388608
I200409 11:50:32.387543 15 storage/engine/rocksdb.go:120    Options.soft_pending_compaction_bytes_limit: 2199023255552
I200409 11:50:32.387580 15 storage/engine/rocksdb.go:120    Options.hard_pending_compaction_bytes_limit: 4400193994752
I200409 11:50:32.387618 15 storage/engine/rocksdb.go:120        Options.rate_limit_delay_max_milliseconds: 100
I200409 11:50:32.387655 15 storage/engine/rocksdb.go:120                 Options.disable_auto_compactions: 0
I200409 11:50:32.391540 15 storage/engine/rocksdb.go:120                         Options.compaction_style: kCompactionStyleLevel
I200409 11:50:32.391599 15 storage/engine/rocksdb.go:120                           Options.compaction_pri: kMinOverlappingRatio
I200409 11:50:32.391642 15 storage/engine/rocksdb.go:120  Options.compaction_options_universal.size_ratio: 1
I200409 11:50:32.391677 15 storage/engine/rocksdb.go:120  Options.compaction_options_universal.min_merge_width: 2
I200409 11:50:32.391714 15 storage/engine/rocksdb.go:120  Options.compaction_options_universal.max_merge_width: 4294967295
I200409 11:50:32.391747 15 storage/engine/rocksdb.go:120  Options.compaction_options_universal.max_size_amplification_percent: 200
I200409 11:50:32.391788 15 storage/engine/rocksdb.go:120  Options.compaction_options_universal.compression_size_percent: -1
I200409 11:50:32.391863 15 storage/engine/rocksdb.go:120  Options.compaction_options_universal.stop_style: kCompactionStopStyleTotalSize
I200409 11:50:32.391908 15 storage/engine/rocksdb.go:120  Options.compaction_options_fifo.max_table_files_size: 1073741824
I200409 11:50:32.391945 15 storage/engine/rocksdb.go:120  Options.compaction_options_fifo.allow_compaction: 0
I200409 11:50:32.391995 15 storage/engine/rocksdb.go:120                    Options.table_properties_collectors: TimeBoundTblPropCollectorFactory; DeleteRangeTblPropCollectorFactory; 
I200409 11:50:32.392220 15 storage/engine/rocksdb.go:120                    Options.inplace_update_support: 0
I200409 11:50:32.393244 15 storage/engine/rocksdb.go:120                  Options.inplace_update_num_locks: 10000
I200409 11:50:32.393574 15 storage/engine/rocksdb.go:120                Options.memtable_prefix_bloom_size_ratio: 0.000000
I200409 11:50:32.393752 15 storage/engine/rocksdb.go:120                Options.memtable_whole_key_filtering: 0
I200409 11:50:32.393799 15 storage/engine/rocksdb.go:120    Options.memtable_huge_page_size: 0
I200409 11:50:32.398153 15 storage/engine/rocksdb.go:120                            Options.bloom_locality: 0
I200409 11:50:32.398198 15 storage/engine/rocksdb.go:120                     Options.max_successive_merges: 0
I200409 11:50:32.398240 15 storage/engine/rocksdb.go:120                 Options.optimize_filters_for_hits: 1
I200409 11:50:32.398282 15 storage/engine/rocksdb.go:120                 Options.paranoid_file_checks: 0
I200409 11:50:32.398322 15 storage/engine/rocksdb.go:120                 Options.force_consistency_checks: 0
I200409 11:50:32.398363 15 storage/engine/rocksdb.go:120                 Options.report_bg_io_stats: 0
I200409 11:50:32.398403 15 storage/engine/rocksdb.go:120                                Options.ttl: 0
I200409 11:50:32.398444 15 storage/engine/rocksdb.go:120           Options.periodic_compaction_seconds: 0
I200409 11:50:32.422272 15 storage/engine/rocksdb.go:120  [db/version_set.cc:4286] Recovered from manifest file:/cockroach/cockroach-data/MANIFEST-000001 succeeded,manifest_file_number is 1, next_file_number is 3, last_sequence is 0, log_number is 0,prev_log_number is 0,max_column_family is 0,min_log_number_to_keep is 0
I200409 11:50:32.422323 15 storage/engine/rocksdb.go:120  [db/version_set.cc:4295] Column family [default] (ID 0), log number is 0
I200409 11:50:32.438633 15 storage/engine/rocksdb.go:120  EVENT_LOG_v1 {"time_micros": 1586433032435325, "job": 1, "event": "recovery_started", "log_files": [3]}
I200409 11:50:32.438991 15 storage/engine/rocksdb.go:120  [db/db_impl_open.cc:598] Recovering log #3 mode 0
I200409 11:50:32.453170 15 storage/engine/rocksdb.go:120  [db/version_set.cc:3560] Creating manifest 5
I200409 11:50:32.482578 15 storage/engine/rocksdb.go:120  EVENT_LOG_v1 {"time_micros": 1586433032482396, "job": 1, "event": "recovery_finished"}
I200409 11:50:32.554274 15 storage/engine/rocksdb.go:120  DB pointer 0x7fc3f2168000
