I200430 17:26:48.151383 30 util/log/clog.go:1196  [config] file created at: 2020/04/30 17:26:48
I200430 17:26:48.151383 30 util/log/clog.go:1196  [config] running on machine: d1678b4a92f8
I200430 17:26:48.151383 30 util/log/clog.go:1196  [config] binary: CockroachDB CCL v19.2.5 (x86_64-unknown-linux-gnu, built 2020/03/16 18:27:12, go1.12.12)
I200430 17:26:48.151383 30 util/log/clog.go:1196  [config] arguments: [/cockroach/cockroach start --insecure --join=payment_2]
I200430 17:26:48.151383 30 util/log/clog.go:1196  line format: [IWEF]yymmdd hh:mm:ss.uuuuuu goid file:line msg utf8=✓
I200430 17:26:48.151371 30 storage/engine/rocksdb.go:120  RocksDB version: 6.2.1
I200430 17:26:48.236492 30 storage/engine/rocksdb.go:120  Git sha rocksdb_build_git_sha:@b7009236531fa784872f4823eabf393501e41bf2@
I200430 17:26:48.236509 30 storage/engine/rocksdb.go:120  Compile date Mar 16 2020
I200430 17:26:48.236521 30 storage/engine/rocksdb.go:120  DB SUMMARY
I200430 17:26:48.266158 30 storage/engine/rocksdb.go:120  SST files in /cockroach/cockroach-data/cockroach-temp365312328 dir, Total Num: 0, files: 
I200430 17:26:48.624478 30 storage/engine/rocksdb.go:120  Write Ahead Log file in /cockroach/cockroach-data/cockroach-temp365312328: 
I200430 17:26:48.624503 30 storage/engine/rocksdb.go:120                          Options.error_if_exists: 0
I200430 17:26:48.624517 30 storage/engine/rocksdb.go:120                        Options.create_if_missing: 1
I200430 17:26:48.624528 30 storage/engine/rocksdb.go:120                          Options.paranoid_checks: 1
I200430 17:26:48.624540 30 storage/engine/rocksdb.go:120                                      Options.env: 0x75757a0
I200430 17:26:48.624551 30 storage/engine/rocksdb.go:120                                 Options.info_log: 0x7f72a5e0d0e0
I200430 17:26:48.624562 30 storage/engine/rocksdb.go:120                 Options.max_file_opening_threads: 16
I200430 17:26:48.624660 30 storage/engine/rocksdb.go:120                               Options.statistics: 0x7f72a5e27010
I200430 17:26:48.624784 30 storage/engine/rocksdb.go:120                                Options.use_fsync: 0
I200430 17:26:48.628548 30 storage/engine/rocksdb.go:120                        Options.max_log_file_size: 0
I200430 17:26:48.628566 30 storage/engine/rocksdb.go:120                   Options.max_manifest_file_size: 134217728
I200430 17:26:48.628577 30 storage/engine/rocksdb.go:120                    Options.log_file_time_to_roll: 0
I200430 17:26:48.628588 30 storage/engine/rocksdb.go:120                        Options.keep_log_file_num: 1000
I200430 17:26:48.628613 30 storage/engine/rocksdb.go:120                     Options.recycle_log_file_num: 1
I200430 17:26:48.628668 30 storage/engine/rocksdb.go:120                          Options.allow_fallocate: 1
I200430 17:26:48.628684 30 storage/engine/rocksdb.go:120                         Options.allow_mmap_reads: 0
I200430 17:26:48.628695 30 storage/engine/rocksdb.go:120                        Options.allow_mmap_writes: 0
I200430 17:26:48.628705 30 storage/engine/rocksdb.go:120                         Options.use_direct_reads: 0
I200430 17:26:48.628717 30 storage/engine/rocksdb.go:120                         Options.use_direct_io_for_flush_and_compaction: 0
I200430 17:26:48.628764 30 storage/engine/rocksdb.go:120           Options.create_missing_column_families: 0
I200430 17:26:48.628780 30 storage/engine/rocksdb.go:120                               Options.db_log_dir: 
I200430 17:26:48.628794 30 storage/engine/rocksdb.go:120                                  Options.wal_dir: /cockroach/cockroach-data/cockroach-temp365312328
I200430 17:26:48.628804 30 storage/engine/rocksdb.go:120                 Options.table_cache_numshardbits: 6
I200430 17:26:48.628814 30 storage/engine/rocksdb.go:120                       Options.max_subcompactions: 1
I200430 17:26:48.628823 30 storage/engine/rocksdb.go:120                   Options.max_background_flushes: -1
I200430 17:26:48.628836 30 storage/engine/rocksdb.go:120                          Options.WAL_ttl_seconds: 0
I200430 17:26:48.629242 30 storage/engine/rocksdb.go:120                        Options.WAL_size_limit_MB: 0
I200430 17:26:48.629307 30 storage/engine/rocksdb.go:120              Options.manifest_preallocation_size: 4194304
I200430 17:26:48.629366 30 storage/engine/rocksdb.go:120                      Options.is_fd_close_on_exec: 1
I200430 17:26:48.629383 30 storage/engine/rocksdb.go:120                    Options.advise_random_on_open: 1
I200430 17:26:48.629395 30 storage/engine/rocksdb.go:120                     Options.db_write_buffer_size: 0
I200430 17:26:48.629445 30 storage/engine/rocksdb.go:120                     Options.write_buffer_manager: 0x7f72a5e8f030
I200430 17:26:48.629456 30 storage/engine/rocksdb.go:120          Options.access_hint_on_compaction_start: 1
I200430 17:26:48.629465 30 storage/engine/rocksdb.go:120   Options.new_table_reader_for_compaction_inputs: 0
I200430 17:26:48.629475 30 storage/engine/rocksdb.go:120            Options.random_access_max_buffer_size: 1048576
I200430 17:26:48.629486 30 storage/engine/rocksdb.go:120                       Options.use_adaptive_mutex: 0
I200430 17:26:48.629497 30 storage/engine/rocksdb.go:120                             Options.rate_limiter: (nil)
I200430 17:26:48.629509 30 storage/engine/rocksdb.go:120      Options.sst_file_manager.rate_bytes_per_sec: 0
I200430 17:26:48.631009 30 storage/engine/rocksdb.go:120                        Options.wal_recovery_mode: 0
I200430 17:26:48.631057 30 storage/engine/rocksdb.go:120                   Options.enable_thread_tracking: 0
I200430 17:26:48.631070 30 storage/engine/rocksdb.go:120                   Options.enable_pipelined_write: 0
I200430 17:26:48.631099 30 storage/engine/rocksdb.go:120          Options.allow_concurrent_memtable_write: 1
I200430 17:26:48.631111 30 storage/engine/rocksdb.go:120       Options.enable_write_thread_adaptive_yield: 1
I200430 17:26:48.631121 30 storage/engine/rocksdb.go:120              Options.write_thread_max_yield_usec: 100
I200430 17:26:48.631131 30 storage/engine/rocksdb.go:120             Options.write_thread_slow_yield_usec: 3
I200430 17:26:48.631141 30 storage/engine/rocksdb.go:120                                Options.row_cache: None
I200430 17:26:48.631153 30 storage/engine/rocksdb.go:120                               Options.wal_filter: None
I200430 17:26:48.631164 30 storage/engine/rocksdb.go:120              Options.avoid_flush_during_recovery: 0
I200430 17:26:48.631176 30 storage/engine/rocksdb.go:120              Options.allow_ingest_behind: 0
I200430 17:26:48.631187 30 storage/engine/rocksdb.go:120              Options.preserve_deletes: 0
I200430 17:26:48.631198 30 storage/engine/rocksdb.go:120              Options.two_write_queues: 0
I200430 17:26:48.631209 30 storage/engine/rocksdb.go:120              Options.manual_wal_flush: 1
I200430 17:26:48.631220 30 storage/engine/rocksdb.go:120              Options.atomic_flush: 0
I200430 17:26:48.631230 30 storage/engine/rocksdb.go:120              Options.avoid_unnecessary_blocking_io: 0
I200430 17:26:48.631241 30 storage/engine/rocksdb.go:120              Options.max_background_jobs: 2
I200430 17:26:48.631250 30 storage/engine/rocksdb.go:120              Options.max_background_compactions: -1
I200430 17:26:48.631259 30 storage/engine/rocksdb.go:120              Options.avoid_flush_during_shutdown: 0
I200430 17:26:48.631269 30 storage/engine/rocksdb.go:120            Options.writable_file_max_buffer_size: 1048576
I200430 17:26:48.631279 30 storage/engine/rocksdb.go:120              Options.delayed_write_rate : 16777216
I200430 17:26:48.631288 30 storage/engine/rocksdb.go:120              Options.max_total_wal_size: 0
I200430 17:26:48.631299 30 storage/engine/rocksdb.go:120              Options.delete_obsolete_files_period_micros: 21600000000
I200430 17:26:48.631309 30 storage/engine/rocksdb.go:120                    Options.stats_dump_period_sec: 0
I200430 17:26:48.631328 30 storage/engine/rocksdb.go:120                  Options.stats_persist_period_sec: 600
I200430 17:26:48.631340 30 storage/engine/rocksdb.go:120                  Options.stats_history_buffer_size: 1048576
I200430 17:26:48.631349 30 storage/engine/rocksdb.go:120                           Options.max_open_files: 128
I200430 17:26:48.631358 30 storage/engine/rocksdb.go:120                           Options.bytes_per_sync: 524288
I200430 17:26:48.631368 30 storage/engine/rocksdb.go:120                       Options.wal_bytes_per_sync: 0
I200430 17:26:48.631379 30 storage/engine/rocksdb.go:120                    Options.strict_bytes_per_sync: 1
I200430 17:26:48.631389 30 storage/engine/rocksdb.go:120        Options.compaction_readahead_size: 0
I200430 17:26:48.631399 30 storage/engine/rocksdb.go:120  Compression algorithms supported:
I200430 17:26:48.631411 30 storage/engine/rocksdb.go:120  	kZSTDNotFinalCompression supported: 0
I200430 17:26:48.631421 30 storage/engine/rocksdb.go:120  	kZSTD supported: 0
I200430 17:26:48.631432 30 storage/engine/rocksdb.go:120  	kXpressCompression supported: 0
I200430 17:26:48.631442 30 storage/engine/rocksdb.go:120  	kLZ4HCCompression supported: 0
I200430 17:26:48.631454 30 storage/engine/rocksdb.go:120  	kLZ4Compression supported: 0
I200430 17:26:48.631464 30 storage/engine/rocksdb.go:120  	kBZip2Compression supported: 0
I200430 17:26:48.631474 30 storage/engine/rocksdb.go:120  	kZlibCompression supported: 0
I200430 17:26:48.631484 30 storage/engine/rocksdb.go:120  	kSnappyCompression supported: 1
I200430 17:26:48.631523 30 storage/engine/rocksdb.go:120  Fast CRC32 supported: Supported on x86
I200430 17:26:48.662223 30 storage/engine/rocksdb.go:120  [db/db_impl_open.cc:242] Creating manifest 1 
I200430 17:26:48.763374 30 storage/engine/rocksdb.go:120  [db/version_set.cc:4072] Recovering from manifest file: /cockroach/cockroach-data/cockroach-temp365312328/MANIFEST-000001
I200430 17:26:48.779204 30 storage/engine/rocksdb.go:120  [db/column_family.cc:488] --------------- Options for column family [default]:
I200430 17:26:48.779226 30 storage/engine/rocksdb.go:120                Options.comparator: cockroach_comparator
I200430 17:26:48.779237 30 storage/engine/rocksdb.go:120            Options.merge_operator: cockroach_merge_operator
I200430 17:26:48.779248 30 storage/engine/rocksdb.go:120         Options.compaction_filter: None
I200430 17:26:48.779261 30 storage/engine/rocksdb.go:120         Options.compaction_filter_factory: None
I200430 17:26:48.779272 30 storage/engine/rocksdb.go:120          Options.memtable_factory: SkipListFactory
I200430 17:26:48.779281 30 storage/engine/rocksdb.go:120             Options.table_factory: BlockBasedTable
I200430 17:26:48.779485 30 storage/engine/rocksdb.go:120             table_factory options:   flush_block_policy_factory: FlushBlockBySizePolicyFactory (0x7f72a5e11030)
  cache_index_and_filter_blocks: 0
  cache_index_and_filter_blocks_with_high_priority: 0
  pin_l0_filter_and_index_blocks_in_cache: 0
  pin_top_level_index_and_filter: 1
  index_type: 0
  data_block_index_type: 0
  index_shortening: 1
  data_block_hash_table_util_ratio: 0.750000
  hash_index_allow_collision: 1
  checksum: 1
  no_block_cache: 0
  block_cache: 0x7f72a601c010
  block_cache_name: LRUCache
  block_cache_options:
    capacity : 1048576
    num_shard_bits : 4
    strict_capacity_limit : 0
    memory_allocator : None
    high_pri_pool_ratio: 0.000
  block_cache_compressed: (nil)
  persistent_cache: (nil)
  block_size: 32768
  block_size_deviation: 10
  block_restart_interval: 16
  index_block_restart_interval: 1
  metadata_block_size: 4096
  partition_filters: 0
  use_delta_encoding: 1
  filter_policy: rocksdb.BuiltinBloomFilter
  whole_key_filtering: 0
  verify_compression: 0
  read_amp_bytes_per_bit: 0
  format_version: 2
  enable_index_compression: 1
  block_align: 0
I200430 17:26:48.779507 30 storage/engine/rocksdb.go:120         Options.write_buffer_size: 67108864
I200430 17:26:48.779521 30 storage/engine/rocksdb.go:120   Options.max_write_buffer_number: 4
I200430 17:26:48.779532 30 storage/engine/rocksdb.go:120           Options.compression: Snappy
I200430 17:26:48.779587 30 storage/engine/rocksdb.go:120                   Options.bottommost_compression: Disabled
I200430 17:26:48.779601 30 storage/engine/rocksdb.go:120        Options.prefix_extractor: cockroach_prefix_extractor
I200430 17:26:48.779611 30 storage/engine/rocksdb.go:120    Options.memtable_insert_with_hint_prefix_extractor: nullptr
I200430 17:26:48.779620 30 storage/engine/rocksdb.go:120              Options.num_levels: 7
I200430 17:26:48.779630 30 storage/engine/rocksdb.go:120         Options.min_write_buffer_number_to_merge: 1
I200430 17:26:48.779640 30 storage/engine/rocksdb.go:120      Options.max_write_buffer_number_to_maintain: 0
I200430 17:26:48.779650 30 storage/engine/rocksdb.go:120             Options.bottommost_compression_opts.window_bits: -14
I200430 17:26:48.779660 30 storage/engine/rocksdb.go:120                   Options.bottommost_compression_opts.level: 32767
I200430 17:26:48.779669 30 storage/engine/rocksdb.go:120                Options.bottommost_compression_opts.strategy: 0
I200430 17:26:48.779679 30 storage/engine/rocksdb.go:120          Options.bottommost_compression_opts.max_dict_bytes: 0
I200430 17:26:48.780802 30 storage/engine/rocksdb.go:120          Options.bottommost_compression_opts.zstd_max_train_bytes: 0
I200430 17:26:48.780837 30 storage/engine/rocksdb.go:120                   Options.bottommost_compression_opts.enabled: false
I200430 17:26:48.781055 30 storage/engine/rocksdb.go:120             Options.compression_opts.window_bits: -14
I200430 17:26:48.781075 30 storage/engine/rocksdb.go:120                   Options.compression_opts.level: 32767
I200430 17:26:48.781085 30 storage/engine/rocksdb.go:120                Options.compression_opts.strategy: 0
I200430 17:26:48.781095 30 storage/engine/rocksdb.go:120          Options.compression_opts.max_dict_bytes: 0
I200430 17:26:48.781104 30 storage/engine/rocksdb.go:120          Options.compression_opts.zstd_max_train_bytes: 0
I200430 17:26:48.781114 30 storage/engine/rocksdb.go:120                   Options.compression_opts.enabled: false
I200430 17:26:48.781124 30 storage/engine/rocksdb.go:120       Options.level0_file_num_compaction_trigger: 2
I200430 17:26:48.781134 30 storage/engine/rocksdb.go:120           Options.level0_slowdown_writes_trigger: 950
I200430 17:26:48.781154 30 storage/engine/rocksdb.go:120               Options.level0_stop_writes_trigger: 1000
I200430 17:26:48.781170 30 storage/engine/rocksdb.go:120                    Options.target_file_size_base: 4194304
I200430 17:26:48.781180 30 storage/engine/rocksdb.go:120              Options.target_file_size_multiplier: 2
I200430 17:26:48.781190 30 storage/engine/rocksdb.go:120                 Options.max_bytes_for_level_base: 67108864
I200430 17:26:48.781199 30 storage/engine/rocksdb.go:120  Options.level_compaction_dynamic_level_bytes: 1
I200430 17:26:48.781215 30 storage/engine/rocksdb.go:120           Options.max_bytes_for_level_multiplier: 10.000000
I200430 17:26:48.781226 30 storage/engine/rocksdb.go:120  Options.max_bytes_for_level_multiplier_addtl[0]: 1
I200430 17:26:48.781236 30 storage/engine/rocksdb.go:120  Options.max_bytes_for_level_multiplier_addtl[1]: 1
I200430 17:26:48.781246 30 storage/engine/rocksdb.go:120  Options.max_bytes_for_level_multiplier_addtl[2]: 1
I200430 17:26:48.781256 30 storage/engine/rocksdb.go:120  Options.max_bytes_for_level_multiplier_addtl[3]: 1
I200430 17:26:48.781265 30 storage/engine/rocksdb.go:120  Options.max_bytes_for_level_multiplier_addtl[4]: 1
I200430 17:26:48.781274 30 storage/engine/rocksdb.go:120  Options.max_bytes_for_level_multiplier_addtl[5]: 1
I200430 17:26:48.781284 30 storage/engine/rocksdb.go:120  Options.max_bytes_for_level_multiplier_addtl[6]: 1
I200430 17:26:48.781295 30 storage/engine/rocksdb.go:120        Options.max_sequential_skip_in_iterations: 8
I200430 17:26:48.781304 30 storage/engine/rocksdb.go:120                     Options.max_compaction_bytes: 104857600
I200430 17:26:48.781324 30 storage/engine/rocksdb.go:120                         Options.arena_block_size: 8388608
I200430 17:26:48.781336 30 storage/engine/rocksdb.go:120    Options.soft_pending_compaction_bytes_limit: 2199023255552
I200430 17:26:48.781346 30 storage/engine/rocksdb.go:120    Options.hard_pending_compaction_bytes_limit: 4400193994752
I200430 17:26:48.781356 30 storage/engine/rocksdb.go:120        Options.rate_limit_delay_max_milliseconds: 100
I200430 17:26:48.781366 30 storage/engine/rocksdb.go:120                 Options.disable_auto_compactions: 0
I200430 17:26:48.781383 30 storage/engine/rocksdb.go:120                         Options.compaction_style: kCompactionStyleLevel
I200430 17:26:48.781397 30 storage/engine/rocksdb.go:120                           Options.compaction_pri: kMinOverlappingRatio
I200430 17:26:48.782293 30 storage/engine/rocksdb.go:120  Options.compaction_options_universal.size_ratio: 1
I200430 17:26:48.782336 30 storage/engine/rocksdb.go:120  Options.compaction_options_universal.min_merge_width: 2
I200430 17:26:48.782348 30 storage/engine/rocksdb.go:120  Options.compaction_options_universal.max_merge_width: 4294967295
I200430 17:26:48.782359 30 storage/engine/rocksdb.go:120  Options.compaction_options_universal.max_size_amplification_percent: 200
I200430 17:26:48.782369 30 storage/engine/rocksdb.go:120  Options.compaction_options_universal.compression_size_percent: -1
I200430 17:26:48.782383 30 storage/engine/rocksdb.go:120  Options.compaction_options_universal.stop_style: kCompactionStopStyleTotalSize
I200430 17:26:48.782394 30 storage/engine/rocksdb.go:120  Options.compaction_options_fifo.max_table_files_size: 1073741824
I200430 17:26:48.782404 30 storage/engine/rocksdb.go:120  Options.compaction_options_fifo.allow_compaction: 0
I200430 17:26:48.782421 30 storage/engine/rocksdb.go:120                    Options.table_properties_collectors: TimeBoundTblPropCollectorFactory; DeleteRangeTblPropCollectorFactory; 
I200430 17:26:48.782436 30 storage/engine/rocksdb.go:120                    Options.inplace_update_support: 0
I200430 17:26:48.782447 30 storage/engine/rocksdb.go:120                  Options.inplace_update_num_locks: 10000
I200430 17:26:48.782459 30 storage/engine/rocksdb.go:120                Options.memtable_prefix_bloom_size_ratio: 0.000000
I200430 17:26:48.782470 30 storage/engine/rocksdb.go:120                Options.memtable_whole_key_filtering: 0
I200430 17:26:48.782480 30 storage/engine/rocksdb.go:120    Options.memtable_huge_page_size: 0
I200430 17:26:48.782489 30 storage/engine/rocksdb.go:120                            Options.bloom_locality: 0
I200430 17:26:48.782500 30 storage/engine/rocksdb.go:120                     Options.max_successive_merges: 0
I200430 17:26:48.782509 30 storage/engine/rocksdb.go:120                 Options.optimize_filters_for_hits: 1
I200430 17:26:48.782519 30 storage/engine/rocksdb.go:120                 Options.paranoid_file_checks: 0
I200430 17:26:48.782529 30 storage/engine/rocksdb.go:120                 Options.force_consistency_checks: 0
I200430 17:26:48.782539 30 storage/engine/rocksdb.go:120                 Options.report_bg_io_stats: 0
I200430 17:26:48.782549 30 storage/engine/rocksdb.go:120                                Options.ttl: 0
I200430 17:26:48.782558 30 storage/engine/rocksdb.go:120           Options.periodic_compaction_seconds: 0
I200430 17:26:48.843884 30 storage/engine/rocksdb.go:120  [db/version_set.cc:4286] Recovered from manifest file:/cockroach/cockroach-data/cockroach-temp365312328/MANIFEST-000001 succeeded,manifest_file_number is 1, next_file_number is 3, last_sequence is 0, log_number is 0,prev_log_number is 0,max_column_family is 0,min_log_number_to_keep is 0
I200430 17:26:48.844750 30 storage/engine/rocksdb.go:120  [db/version_set.cc:4295] Column family [default] (ID 0), log number is 0
I200430 17:26:49.026978 30 storage/engine/rocksdb.go:120  DB pointer 0x7f72a5e98000
I200430 17:26:50.157960 30 storage/engine/rocksdb.go:120  RocksDB version: 6.2.1
I200430 17:26:50.157986 30 storage/engine/rocksdb.go:120  Git sha rocksdb_build_git_sha:@b7009236531fa784872f4823eabf393501e41bf2@
I200430 17:26:50.157997 30 storage/engine/rocksdb.go:120  Compile date Mar 16 2020
I200430 17:26:50.158007 30 storage/engine/rocksdb.go:120  DB SUMMARY
I200430 17:26:50.223693 30 storage/engine/rocksdb.go:120  CURRENT file:  CURRENT
I200430 17:26:50.223719 30 storage/engine/rocksdb.go:120  IDENTITY file:  IDENTITY
I200430 17:26:50.228536 30 storage/engine/rocksdb.go:120  MANIFEST file:  MANIFEST-000041 size: 53 Bytes
I200430 17:26:50.228651 30 storage/engine/rocksdb.go:120  SST files in /cockroach/cockroach-data dir, Total Num: 0, files: 
I200430 17:26:50.228663 30 storage/engine/rocksdb.go:120  Write Ahead Log file in /cockroach/cockroach-data: 000042.log size: 1025 ; 
I200430 17:26:50.228674 30 storage/engine/rocksdb.go:120                          Options.error_if_exists: 0
I200430 17:26:50.228680 30 storage/engine/rocksdb.go:120                        Options.create_if_missing: 1
I200430 17:26:50.228685 30 storage/engine/rocksdb.go:120                          Options.paranoid_checks: 1
I200430 17:26:50.228691 30 storage/engine/rocksdb.go:120                                      Options.env: 0x75757a0
I200430 17:26:50.228696 30 storage/engine/rocksdb.go:120                                 Options.info_log: 0x7f72a740dca0
I200430 17:26:50.228701 30 storage/engine/rocksdb.go:120                 Options.max_file_opening_threads: 16
I200430 17:26:50.228706 30 storage/engine/rocksdb.go:120                               Options.statistics: 0x7f72a7423010
I200430 17:26:50.228796 30 storage/engine/rocksdb.go:120                                Options.use_fsync: 0
I200430 17:26:50.228808 30 storage/engine/rocksdb.go:120                        Options.max_log_file_size: 0
I200430 17:26:50.228815 30 storage/engine/rocksdb.go:120                   Options.max_manifest_file_size: 134217728
I200430 17:26:50.228820 30 storage/engine/rocksdb.go:120                    Options.log_file_time_to_roll: 0
I200430 17:26:50.228826 30 storage/engine/rocksdb.go:120                        Options.keep_log_file_num: 1000
I200430 17:26:50.228831 30 storage/engine/rocksdb.go:120                     Options.recycle_log_file_num: 1
I200430 17:26:50.228836 30 storage/engine/rocksdb.go:120                          Options.allow_fallocate: 1
I200430 17:26:50.228842 30 storage/engine/rocksdb.go:120                         Options.allow_mmap_reads: 0
I200430 17:26:50.228847 30 storage/engine/rocksdb.go:120                        Options.allow_mmap_writes: 0
I200430 17:26:50.228852 30 storage/engine/rocksdb.go:120                         Options.use_direct_reads: 0
I200430 17:26:50.228857 30 storage/engine/rocksdb.go:120                         Options.use_direct_io_for_flush_and_compaction: 0
I200430 17:26:50.228943 30 storage/engine/rocksdb.go:120           Options.create_missing_column_families: 0
I200430 17:26:50.228956 30 storage/engine/rocksdb.go:120                               Options.db_log_dir: 
I200430 17:26:50.228962 30 storage/engine/rocksdb.go:120                                  Options.wal_dir: /cockroach/cockroach-data
I200430 17:26:50.228968 30 storage/engine/rocksdb.go:120                 Options.table_cache_numshardbits: 6
I200430 17:26:50.228974 30 storage/engine/rocksdb.go:120                       Options.max_subcompactions: 1
I200430 17:26:50.228979 30 storage/engine/rocksdb.go:120                   Options.max_background_flushes: -1
I200430 17:26:50.228984 30 storage/engine/rocksdb.go:120                          Options.WAL_ttl_seconds: 0
I200430 17:26:50.228990 30 storage/engine/rocksdb.go:120                        Options.WAL_size_limit_MB: 0
I200430 17:26:50.228995 30 storage/engine/rocksdb.go:120              Options.manifest_preallocation_size: 4194304
I200430 17:26:50.229002 30 storage/engine/rocksdb.go:120                      Options.is_fd_close_on_exec: 1
I200430 17:26:50.230215 30 storage/engine/rocksdb.go:120                    Options.advise_random_on_open: 1
I200430 17:26:50.230232 30 storage/engine/rocksdb.go:120                     Options.db_write_buffer_size: 0
I200430 17:26:50.230238 30 storage/engine/rocksdb.go:120                     Options.write_buffer_manager: 0x7f72a748b030
I200430 17:26:50.230244 30 storage/engine/rocksdb.go:120          Options.access_hint_on_compaction_start: 1
I200430 17:26:50.230249 30 storage/engine/rocksdb.go:120   Options.new_table_reader_for_compaction_inputs: 0
I200430 17:26:50.230254 30 storage/engine/rocksdb.go:120            Options.random_access_max_buffer_size: 1048576
I200430 17:26:50.230260 30 storage/engine/rocksdb.go:120                       Options.use_adaptive_mutex: 0
I200430 17:26:50.230317 30 storage/engine/rocksdb.go:120                             Options.rate_limiter: (nil)
I200430 17:26:50.230329 30 storage/engine/rocksdb.go:120      Options.sst_file_manager.rate_bytes_per_sec: 0
I200430 17:26:50.230335 30 storage/engine/rocksdb.go:120                        Options.wal_recovery_mode: 0
I200430 17:26:50.230340 30 storage/engine/rocksdb.go:120                   Options.enable_thread_tracking: 0
I200430 17:26:50.230346 30 storage/engine/rocksdb.go:120                   Options.enable_pipelined_write: 0
I200430 17:26:50.230351 30 storage/engine/rocksdb.go:120          Options.allow_concurrent_memtable_write: 1
I200430 17:26:50.230356 30 storage/engine/rocksdb.go:120       Options.enable_write_thread_adaptive_yield: 1
I200430 17:26:50.230361 30 storage/engine/rocksdb.go:120              Options.write_thread_max_yield_usec: 100
I200430 17:26:50.230366 30 storage/engine/rocksdb.go:120             Options.write_thread_slow_yield_usec: 3
I200430 17:26:50.230371 30 storage/engine/rocksdb.go:120                                Options.row_cache: None
I200430 17:26:50.230377 30 storage/engine/rocksdb.go:120                               Options.wal_filter: None
I200430 17:26:50.230383 30 storage/engine/rocksdb.go:120              Options.avoid_flush_during_recovery: 0
I200430 17:26:50.230388 30 storage/engine/rocksdb.go:120              Options.allow_ingest_behind: 0
I200430 17:26:50.230393 30 storage/engine/rocksdb.go:120              Options.preserve_deletes: 0
I200430 17:26:50.230398 30 storage/engine/rocksdb.go:120              Options.two_write_queues: 0
I200430 17:26:50.230403 30 storage/engine/rocksdb.go:120              Options.manual_wal_flush: 1
I200430 17:26:50.230409 30 storage/engine/rocksdb.go:120              Options.atomic_flush: 0
I200430 17:26:50.230414 30 storage/engine/rocksdb.go:120              Options.avoid_unnecessary_blocking_io: 0
I200430 17:26:50.230501 30 storage/engine/rocksdb.go:120              Options.max_background_jobs: 2
I200430 17:26:50.230514 30 storage/engine/rocksdb.go:120              Options.max_background_compactions: -1
I200430 17:26:50.230520 30 storage/engine/rocksdb.go:120              Options.avoid_flush_during_shutdown: 0
I200430 17:26:50.230525 30 storage/engine/rocksdb.go:120            Options.writable_file_max_buffer_size: 1048576
I200430 17:26:50.230531 30 storage/engine/rocksdb.go:120              Options.delayed_write_rate : 16777216
I200430 17:26:50.230536 30 storage/engine/rocksdb.go:120              Options.max_total_wal_size: 0
I200430 17:26:50.230541 30 storage/engine/rocksdb.go:120              Options.delete_obsolete_files_period_micros: 21600000000
I200430 17:26:50.230547 30 storage/engine/rocksdb.go:120                    Options.stats_dump_period_sec: 0
I200430 17:26:50.230552 30 storage/engine/rocksdb.go:120                  Options.stats_persist_period_sec: 600
I200430 17:26:50.230557 30 storage/engine/rocksdb.go:120                  Options.stats_history_buffer_size: 1048576
I200430 17:26:50.230562 30 storage/engine/rocksdb.go:120                           Options.max_open_files: 1043576
I200430 17:26:50.230567 30 storage/engine/rocksdb.go:120                           Options.bytes_per_sync: 524288
I200430 17:26:50.230573 30 storage/engine/rocksdb.go:120                       Options.wal_bytes_per_sync: 0
I200430 17:26:50.230658 30 storage/engine/rocksdb.go:120                    Options.strict_bytes_per_sync: 1
I200430 17:26:50.230670 30 storage/engine/rocksdb.go:120        Options.compaction_readahead_size: 0
I200430 17:26:50.230675 30 storage/engine/rocksdb.go:120  Compression algorithms supported:
I200430 17:26:50.230682 30 storage/engine/rocksdb.go:120  	kZSTDNotFinalCompression supported: 0
I200430 17:26:50.230688 30 storage/engine/rocksdb.go:120  	kZSTD supported: 0
I200430 17:26:50.230693 30 storage/engine/rocksdb.go:120  	kXpressCompression supported: 0
I200430 17:26:50.230699 30 storage/engine/rocksdb.go:120  	kLZ4HCCompression supported: 0
I200430 17:26:50.230704 30 storage/engine/rocksdb.go:120  	kLZ4Compression supported: 0
I200430 17:26:50.230709 30 storage/engine/rocksdb.go:120  	kBZip2Compression supported: 0
I200430 17:26:50.230715 30 storage/engine/rocksdb.go:120  	kZlibCompression supported: 0
I200430 17:26:50.230720 30 storage/engine/rocksdb.go:120  	kSnappyCompression supported: 1
I200430 17:26:50.230741 30 storage/engine/rocksdb.go:120  Fast CRC32 supported: Supported on x86
I200430 17:26:50.358574 30 storage/engine/rocksdb.go:120  [db/version_set.cc:4072] Recovering from manifest file: /cockroach/cockroach-data/MANIFEST-000041
I200430 17:26:50.392701 30 storage/engine/rocksdb.go:120  [db/column_family.cc:488] --------------- Options for column family [default]:
I200430 17:26:50.392715 30 storage/engine/rocksdb.go:120                Options.comparator: cockroach_comparator
I200430 17:26:50.392721 30 storage/engine/rocksdb.go:120            Options.merge_operator: cockroach_merge_operator
I200430 17:26:50.392727 30 storage/engine/rocksdb.go:120         Options.compaction_filter: None
I200430 17:26:50.392732 30 storage/engine/rocksdb.go:120         Options.compaction_filter_factory: None
I200430 17:26:50.392738 30 storage/engine/rocksdb.go:120          Options.memtable_factory: SkipListFactory
I200430 17:26:50.392743 30 storage/engine/rocksdb.go:120             Options.table_factory: BlockBasedTable
I200430 17:26:50.392789 30 storage/engine/rocksdb.go:120             table_factory options:   flush_block_policy_factory: FlushBlockBySizePolicyFactory (0x7f72a7417028)
  cache_index_and_filter_blocks: 0
  cache_index_and_filter_blocks_with_high_priority: 0
  pin_l0_filter_and_index_blocks_in_cache: 0
  pin_top_level_index_and_filter: 1
  index_type: 0
  data_block_index_type: 0
  index_shortening: 1
  data_block_hash_table_util_ratio: 0.750000
  hash_index_allow_collision: 1
  checksum: 1
  no_block_cache: 0
  block_cache: 0x7f72ae67a190
  block_cache_name: LRUCache
  block_cache_options:
    capacity : 67108864
    num_shard_bits : 4
    strict_capacity_limit : 0
    memory_allocator : None
    high_pri_pool_ratio: 0.000
  block_cache_compressed: (nil)
  persistent_cache: (nil)
  block_size: 32768
  block_size_deviation: 10
  block_restart_interval: 16
  index_block_restart_interval: 1
  metadata_block_size: 4096
  partition_filters: 0
  use_delta_encoding: 1
  filter_policy: rocksdb.BuiltinBloomFilter
  whole_key_filtering: 0
  verify_compression: 0
  read_amp_bytes_per_bit: 0
  format_version: 2
  enable_index_compression: 1
  block_align: 0
I200430 17:26:50.392807 30 storage/engine/rocksdb.go:120         Options.write_buffer_size: 67108864
I200430 17:26:50.392823 30 storage/engine/rocksdb.go:120   Options.max_write_buffer_number: 4
I200430 17:26:50.392830 30 storage/engine/rocksdb.go:120           Options.compression: Snappy
I200430 17:26:50.392835 30 storage/engine/rocksdb.go:120                   Options.bottommost_compression: Disabled
I200430 17:26:50.392841 30 storage/engine/rocksdb.go:120        Options.prefix_extractor: cockroach_prefix_extractor
I200430 17:26:50.392847 30 storage/engine/rocksdb.go:120    Options.memtable_insert_with_hint_prefix_extractor: nullptr
I200430 17:26:50.392852 30 storage/engine/rocksdb.go:120              Options.num_levels: 7
I200430 17:26:50.392857 30 storage/engine/rocksdb.go:120         Options.min_write_buffer_number_to_merge: 1
I200430 17:26:50.392862 30 storage/engine/rocksdb.go:120      Options.max_write_buffer_number_to_maintain: 0
I200430 17:26:50.392868 30 storage/engine/rocksdb.go:120             Options.bottommost_compression_opts.window_bits: -14
I200430 17:26:50.392873 30 storage/engine/rocksdb.go:120                   Options.bottommost_compression_opts.level: 32767
I200430 17:26:50.392879 30 storage/engine/rocksdb.go:120                Options.bottommost_compression_opts.strategy: 0
I200430 17:26:50.392884 30 storage/engine/rocksdb.go:120          Options.bottommost_compression_opts.max_dict_bytes: 0
I200430 17:26:50.392889 30 storage/engine/rocksdb.go:120          Options.bottommost_compression_opts.zstd_max_train_bytes: 0
I200430 17:26:50.392894 30 storage/engine/rocksdb.go:120                   Options.bottommost_compression_opts.enabled: false
I200430 17:26:50.392899 30 storage/engine/rocksdb.go:120             Options.compression_opts.window_bits: -14
I200430 17:26:50.392905 30 storage/engine/rocksdb.go:120                   Options.compression_opts.level: 32767
I200430 17:26:50.392910 30 storage/engine/rocksdb.go:120                Options.compression_opts.strategy: 0
I200430 17:26:50.392915 30 storage/engine/rocksdb.go:120          Options.compression_opts.max_dict_bytes: 0
I200430 17:26:50.392920 30 storage/engine/rocksdb.go:120          Options.compression_opts.zstd_max_train_bytes: 0
I200430 17:26:50.392925 30 storage/engine/rocksdb.go:120                   Options.compression_opts.enabled: false
I200430 17:26:50.392931 30 storage/engine/rocksdb.go:120       Options.level0_file_num_compaction_trigger: 2
I200430 17:26:50.392936 30 storage/engine/rocksdb.go:120           Options.level0_slowdown_writes_trigger: 950
I200430 17:26:50.392941 30 storage/engine/rocksdb.go:120               Options.level0_stop_writes_trigger: 1000
I200430 17:26:50.392946 30 storage/engine/rocksdb.go:120                    Options.target_file_size_base: 4194304
I200430 17:26:50.392969 30 storage/engine/rocksdb.go:120              Options.target_file_size_multiplier: 2
I200430 17:26:50.392980 30 storage/engine/rocksdb.go:120                 Options.max_bytes_for_level_base: 67108864
I200430 17:26:50.392986 30 storage/engine/rocksdb.go:120  Options.level_compaction_dynamic_level_bytes: 1
I200430 17:26:50.392993 30 storage/engine/rocksdb.go:120           Options.max_bytes_for_level_multiplier: 10.000000
I200430 17:26:50.392998 30 storage/engine/rocksdb.go:120  Options.max_bytes_for_level_multiplier_addtl[0]: 1
I200430 17:26:50.393004 30 storage/engine/rocksdb.go:120  Options.max_bytes_for_level_multiplier_addtl[1]: 1
I200430 17:26:50.393010 30 storage/engine/rocksdb.go:120  Options.max_bytes_for_level_multiplier_addtl[2]: 1
I200430 17:26:50.393016 30 storage/engine/rocksdb.go:120  Options.max_bytes_for_level_multiplier_addtl[3]: 1
I200430 17:26:50.393021 30 storage/engine/rocksdb.go:120  Options.max_bytes_for_level_multiplier_addtl[4]: 1
I200430 17:26:50.393026 30 storage/engine/rocksdb.go:120  Options.max_bytes_for_level_multiplier_addtl[5]: 1
I200430 17:26:50.393032 30 storage/engine/rocksdb.go:120  Options.max_bytes_for_level_multiplier_addtl[6]: 1
I200430 17:26:50.393038 30 storage/engine/rocksdb.go:120        Options.max_sequential_skip_in_iterations: 8
I200430 17:26:50.393043 30 storage/engine/rocksdb.go:120                     Options.max_compaction_bytes: 104857600
I200430 17:26:50.393048 30 storage/engine/rocksdb.go:120                         Options.arena_block_size: 8388608
I200430 17:26:50.393054 30 storage/engine/rocksdb.go:120    Options.soft_pending_compaction_bytes_limit: 2199023255552
I200430 17:26:50.393059 30 storage/engine/rocksdb.go:120    Options.hard_pending_compaction_bytes_limit: 4400193994752
I200430 17:26:50.393064 30 storage/engine/rocksdb.go:120        Options.rate_limit_delay_max_milliseconds: 100
I200430 17:26:50.393069 30 storage/engine/rocksdb.go:120                 Options.disable_auto_compactions: 0
I200430 17:26:50.393076 30 storage/engine/rocksdb.go:120                         Options.compaction_style: kCompactionStyleLevel
I200430 17:26:50.393082 30 storage/engine/rocksdb.go:120                           Options.compaction_pri: kMinOverlappingRatio
I200430 17:26:50.393088 30 storage/engine/rocksdb.go:120  Options.compaction_options_universal.size_ratio: 1
I200430 17:26:50.393094 30 storage/engine/rocksdb.go:120  Options.compaction_options_universal.min_merge_width: 2
I200430 17:26:50.393099 30 storage/engine/rocksdb.go:120  Options.compaction_options_universal.max_merge_width: 4294967295
I200430 17:26:50.393104 30 storage/engine/rocksdb.go:120  Options.compaction_options_universal.max_size_amplification_percent: 200
I200430 17:26:50.393119 30 storage/engine/rocksdb.go:120  Options.compaction_options_universal.compression_size_percent: -1
I200430 17:26:50.393132 30 storage/engine/rocksdb.go:120  Options.compaction_options_universal.stop_style: kCompactionStopStyleTotalSize
I200430 17:26:50.393139 30 storage/engine/rocksdb.go:120  Options.compaction_options_fifo.max_table_files_size: 1073741824
I200430 17:26:50.393145 30 storage/engine/rocksdb.go:120  Options.compaction_options_fifo.allow_compaction: 0
I200430 17:26:50.393154 30 storage/engine/rocksdb.go:120                    Options.table_properties_collectors: TimeBoundTblPropCollectorFactory; DeleteRangeTblPropCollectorFactory; 
I200430 17:26:50.393161 30 storage/engine/rocksdb.go:120                    Options.inplace_update_support: 0
I200430 17:26:50.393166 30 storage/engine/rocksdb.go:120                  Options.inplace_update_num_locks: 10000
I200430 17:26:50.393172 30 storage/engine/rocksdb.go:120                Options.memtable_prefix_bloom_size_ratio: 0.000000
I200430 17:26:50.393177 30 storage/engine/rocksdb.go:120                Options.memtable_whole_key_filtering: 0
I200430 17:26:50.393183 30 storage/engine/rocksdb.go:120    Options.memtable_huge_page_size: 0
I200430 17:26:50.393188 30 storage/engine/rocksdb.go:120                            Options.bloom_locality: 0
I200430 17:26:50.393193 30 storage/engine/rocksdb.go:120                     Options.max_successive_merges: 0
I200430 17:26:50.393198 30 storage/engine/rocksdb.go:120                 Options.optimize_filters_for_hits: 1
I200430 17:26:50.393203 30 storage/engine/rocksdb.go:120                 Options.paranoid_file_checks: 0
I200430 17:26:50.393208 30 storage/engine/rocksdb.go:120                 Options.force_consistency_checks: 0
I200430 17:26:50.393214 30 storage/engine/rocksdb.go:120                 Options.report_bg_io_stats: 0
I200430 17:26:50.393219 30 storage/engine/rocksdb.go:120                                Options.ttl: 0
I200430 17:26:50.393224 30 storage/engine/rocksdb.go:120           Options.periodic_compaction_seconds: 0
I200430 17:26:50.444584 30 storage/engine/rocksdb.go:120  [db/version_set.cc:4286] Recovered from manifest file:/cockroach/cockroach-data/MANIFEST-000041 succeeded,manifest_file_number is 41, next_file_number is 43, last_sequence is 0, log_number is 40,prev_log_number is 0,max_column_family is 0,min_log_number_to_keep is 0
I200430 17:26:50.444600 30 storage/engine/rocksdb.go:120  [db/version_set.cc:4295] Column family [default] (ID 0), log number is 40
I200430 17:26:50.480049 30 storage/engine/rocksdb.go:120  EVENT_LOG_v1 {"time_micros": 1588267610479976, "job": 1, "event": "recovery_started", "log_files": [42]}
I200430 17:26:50.480730 30 storage/engine/rocksdb.go:120  [db/db_impl_open.cc:598] Recovering log #42 mode 0
I200430 17:26:50.528282 30 storage/engine/rocksdb.go:120  [db/version_set.cc:3560] Creating manifest 44
I200430 17:26:50.587652 30 storage/engine/rocksdb.go:120  EVENT_LOG_v1 {"time_micros": 1588267610587591, "job": 1, "event": "recovery_finished"}
I200430 17:26:50.700278 30 storage/engine/rocksdb.go:120  DB pointer 0x7f72a7499000
