I200430 18:25:57.715381 29 util/log/clog.go:1196  [config] file created at: 2020/04/30 18:25:57
I200430 18:25:57.715381 29 util/log/clog.go:1196  [config] running on machine: 0656f4f0a06e
I200430 18:25:57.715381 29 util/log/clog.go:1196  [config] binary: CockroachDB CCL v19.2.5 (x86_64-unknown-linux-gnu, built 2020/03/16 18:27:12, go1.12.12)
I200430 18:25:57.715381 29 util/log/clog.go:1196  [config] arguments: [/cockroach/cockroach start --insecure --join=order_2]
I200430 18:25:57.715381 29 util/log/clog.go:1196  line format: [IWEF]yymmdd hh:mm:ss.uuuuuu goid file:line msg utf8=✓
I200430 18:25:57.715380 29 storage/engine/rocksdb.go:120  RocksDB version: 6.2.1
I200430 18:25:57.800663 29 storage/engine/rocksdb.go:120  Git sha rocksdb_build_git_sha:@b7009236531fa784872f4823eabf393501e41bf2@
I200430 18:25:57.800681 29 storage/engine/rocksdb.go:120  Compile date Mar 16 2020
I200430 18:25:57.800693 29 storage/engine/rocksdb.go:120  DB SUMMARY
I200430 18:25:57.838484 29 storage/engine/rocksdb.go:120  SST files in /cockroach/cockroach-data/cockroach-temp905604135 dir, Total Num: 0, files: 
I200430 18:25:58.085497 29 storage/engine/rocksdb.go:120  Write Ahead Log file in /cockroach/cockroach-data/cockroach-temp905604135: 
I200430 18:25:58.085509 29 storage/engine/rocksdb.go:120                          Options.error_if_exists: 0
I200430 18:25:58.085515 29 storage/engine/rocksdb.go:120                        Options.create_if_missing: 1
I200430 18:25:58.085521 29 storage/engine/rocksdb.go:120                          Options.paranoid_checks: 1
I200430 18:25:58.085527 29 storage/engine/rocksdb.go:120                                      Options.env: 0x75757a0
I200430 18:25:58.085535 29 storage/engine/rocksdb.go:120                                 Options.info_log: 0x7f05cf4270e0
I200430 18:25:58.085544 29 storage/engine/rocksdb.go:120                 Options.max_file_opening_threads: 16
I200430 18:25:58.085552 29 storage/engine/rocksdb.go:120                               Options.statistics: 0x7f05cf434010
I200430 18:25:58.085560 29 storage/engine/rocksdb.go:120                                Options.use_fsync: 0
I200430 18:25:58.085567 29 storage/engine/rocksdb.go:120                        Options.max_log_file_size: 0
I200430 18:25:58.085573 29 storage/engine/rocksdb.go:120                   Options.max_manifest_file_size: 134217728
I200430 18:25:58.085579 29 storage/engine/rocksdb.go:120                    Options.log_file_time_to_roll: 0
I200430 18:25:58.085584 29 storage/engine/rocksdb.go:120                        Options.keep_log_file_num: 1000
I200430 18:25:58.085589 29 storage/engine/rocksdb.go:120                     Options.recycle_log_file_num: 1
I200430 18:25:58.085596 29 storage/engine/rocksdb.go:120                          Options.allow_fallocate: 1
I200430 18:25:58.085602 29 storage/engine/rocksdb.go:120                         Options.allow_mmap_reads: 0
I200430 18:25:58.085607 29 storage/engine/rocksdb.go:120                        Options.allow_mmap_writes: 0
I200430 18:25:58.085612 29 storage/engine/rocksdb.go:120                         Options.use_direct_reads: 0
I200430 18:25:58.085618 29 storage/engine/rocksdb.go:120                         Options.use_direct_io_for_flush_and_compaction: 0
I200430 18:25:58.085623 29 storage/engine/rocksdb.go:120           Options.create_missing_column_families: 0
I200430 18:25:58.085628 29 storage/engine/rocksdb.go:120                               Options.db_log_dir: 
I200430 18:25:58.085633 29 storage/engine/rocksdb.go:120                                  Options.wal_dir: /cockroach/cockroach-data/cockroach-temp905604135
I200430 18:25:58.085639 29 storage/engine/rocksdb.go:120                 Options.table_cache_numshardbits: 6
I200430 18:25:58.085644 29 storage/engine/rocksdb.go:120                       Options.max_subcompactions: 1
I200430 18:25:58.085649 29 storage/engine/rocksdb.go:120                   Options.max_background_flushes: -1
I200430 18:25:58.085654 29 storage/engine/rocksdb.go:120                          Options.WAL_ttl_seconds: 0
I200430 18:25:58.085659 29 storage/engine/rocksdb.go:120                        Options.WAL_size_limit_MB: 0
I200430 18:25:58.085665 29 storage/engine/rocksdb.go:120              Options.manifest_preallocation_size: 4194304
I200430 18:25:58.085670 29 storage/engine/rocksdb.go:120                      Options.is_fd_close_on_exec: 1
I200430 18:25:58.085676 29 storage/engine/rocksdb.go:120                    Options.advise_random_on_open: 1
I200430 18:25:58.085681 29 storage/engine/rocksdb.go:120                     Options.db_write_buffer_size: 0
I200430 18:25:58.085687 29 storage/engine/rocksdb.go:120                     Options.write_buffer_manager: 0x7f05cf419060
I200430 18:25:58.085699 29 storage/engine/rocksdb.go:120          Options.access_hint_on_compaction_start: 1
I200430 18:25:58.085705 29 storage/engine/rocksdb.go:120   Options.new_table_reader_for_compaction_inputs: 0
I200430 18:25:58.085711 29 storage/engine/rocksdb.go:120            Options.random_access_max_buffer_size: 1048576
I200430 18:25:58.085716 29 storage/engine/rocksdb.go:120                       Options.use_adaptive_mutex: 0
I200430 18:25:58.085722 29 storage/engine/rocksdb.go:120                             Options.rate_limiter: (nil)
I200430 18:25:58.085728 29 storage/engine/rocksdb.go:120      Options.sst_file_manager.rate_bytes_per_sec: 0
I200430 18:25:58.085734 29 storage/engine/rocksdb.go:120                        Options.wal_recovery_mode: 0
I200430 18:25:58.085739 29 storage/engine/rocksdb.go:120                   Options.enable_thread_tracking: 0
I200430 18:25:58.085745 29 storage/engine/rocksdb.go:120                   Options.enable_pipelined_write: 0
I200430 18:25:58.085750 29 storage/engine/rocksdb.go:120          Options.allow_concurrent_memtable_write: 1
I200430 18:25:58.085755 29 storage/engine/rocksdb.go:120       Options.enable_write_thread_adaptive_yield: 1
I200430 18:25:58.085760 29 storage/engine/rocksdb.go:120              Options.write_thread_max_yield_usec: 100
I200430 18:25:58.085766 29 storage/engine/rocksdb.go:120             Options.write_thread_slow_yield_usec: 3
I200430 18:25:58.085771 29 storage/engine/rocksdb.go:120                                Options.row_cache: None
I200430 18:25:58.085776 29 storage/engine/rocksdb.go:120                               Options.wal_filter: None
I200430 18:25:58.085781 29 storage/engine/rocksdb.go:120              Options.avoid_flush_during_recovery: 0
I200430 18:25:58.085787 29 storage/engine/rocksdb.go:120              Options.allow_ingest_behind: 0
I200430 18:25:58.085792 29 storage/engine/rocksdb.go:120              Options.preserve_deletes: 0
I200430 18:25:58.085797 29 storage/engine/rocksdb.go:120              Options.two_write_queues: 0
I200430 18:25:58.085802 29 storage/engine/rocksdb.go:120              Options.manual_wal_flush: 1
I200430 18:25:58.085807 29 storage/engine/rocksdb.go:120              Options.atomic_flush: 0
I200430 18:25:58.085812 29 storage/engine/rocksdb.go:120              Options.avoid_unnecessary_blocking_io: 0
I200430 18:25:58.085817 29 storage/engine/rocksdb.go:120              Options.max_background_jobs: 2
I200430 18:25:58.085823 29 storage/engine/rocksdb.go:120              Options.max_background_compactions: -1
I200430 18:25:58.085832 29 storage/engine/rocksdb.go:120              Options.avoid_flush_during_shutdown: 0
I200430 18:25:58.085838 29 storage/engine/rocksdb.go:120            Options.writable_file_max_buffer_size: 1048576
I200430 18:25:58.085844 29 storage/engine/rocksdb.go:120              Options.delayed_write_rate : 16777216
I200430 18:25:58.085849 29 storage/engine/rocksdb.go:120              Options.max_total_wal_size: 0
I200430 18:25:58.085855 29 storage/engine/rocksdb.go:120              Options.delete_obsolete_files_period_micros: 21600000000
I200430 18:25:58.085860 29 storage/engine/rocksdb.go:120                    Options.stats_dump_period_sec: 0
I200430 18:25:58.085865 29 storage/engine/rocksdb.go:120                  Options.stats_persist_period_sec: 600
I200430 18:25:58.085870 29 storage/engine/rocksdb.go:120                  Options.stats_history_buffer_size: 1048576
I200430 18:25:58.085876 29 storage/engine/rocksdb.go:120                           Options.max_open_files: 128
I200430 18:25:58.085881 29 storage/engine/rocksdb.go:120                           Options.bytes_per_sync: 524288
I200430 18:25:58.085886 29 storage/engine/rocksdb.go:120                       Options.wal_bytes_per_sync: 0
I200430 18:25:58.085891 29 storage/engine/rocksdb.go:120                    Options.strict_bytes_per_sync: 1
I200430 18:25:58.085897 29 storage/engine/rocksdb.go:120        Options.compaction_readahead_size: 0
I200430 18:25:58.085902 29 storage/engine/rocksdb.go:120  Compression algorithms supported:
I200430 18:25:58.085913 29 storage/engine/rocksdb.go:120  	kZSTDNotFinalCompression supported: 0
I200430 18:25:58.085919 29 storage/engine/rocksdb.go:120  	kZSTD supported: 0
I200430 18:25:58.085925 29 storage/engine/rocksdb.go:120  	kXpressCompression supported: 0
I200430 18:25:58.085930 29 storage/engine/rocksdb.go:120  	kLZ4HCCompression supported: 0
I200430 18:25:58.085936 29 storage/engine/rocksdb.go:120  	kLZ4Compression supported: 0
I200430 18:25:58.085942 29 storage/engine/rocksdb.go:120  	kBZip2Compression supported: 0
I200430 18:25:58.085947 29 storage/engine/rocksdb.go:120  	kZlibCompression supported: 0
I200430 18:25:58.085952 29 storage/engine/rocksdb.go:120  	kSnappyCompression supported: 1
I200430 18:25:58.085974 29 storage/engine/rocksdb.go:120  Fast CRC32 supported: Supported on x86
I200430 18:25:58.114062 29 storage/engine/rocksdb.go:120  [db/db_impl_open.cc:242] Creating manifest 1 
I200430 18:25:58.295688 29 storage/engine/rocksdb.go:120  [db/version_set.cc:4072] Recovering from manifest file: /cockroach/cockroach-data/cockroach-temp905604135/MANIFEST-000001
I200430 18:25:58.334383 29 storage/engine/rocksdb.go:120  [db/column_family.cc:488] --------------- Options for column family [default]:
I200430 18:25:58.334406 29 storage/engine/rocksdb.go:120                Options.comparator: cockroach_comparator
I200430 18:25:58.334419 29 storage/engine/rocksdb.go:120            Options.merge_operator: cockroach_merge_operator
I200430 18:25:58.334429 29 storage/engine/rocksdb.go:120         Options.compaction_filter: None
I200430 18:25:58.334438 29 storage/engine/rocksdb.go:120         Options.compaction_filter_factory: None
I200430 18:25:58.334448 29 storage/engine/rocksdb.go:120          Options.memtable_factory: SkipListFactory
I200430 18:25:58.334458 29 storage/engine/rocksdb.go:120             Options.table_factory: BlockBasedTable
I200430 18:25:58.334524 29 storage/engine/rocksdb.go:120             table_factory options:   flush_block_policy_factory: FlushBlockBySizePolicyFactory (0x7f05cf428030)
  cache_index_and_filter_blocks: 0
  cache_index_and_filter_blocks_with_high_priority: 0
  pin_l0_filter_and_index_blocks_in_cache: 0
  pin_top_level_index_and_filter: 1
  index_type: 0
  data_block_index_type: 0
  index_shortening: 1
  data_block_hash_table_util_ratio: 0.750000
  hash_index_allow_collision: 1
  checksum: 1
  no_block_cache: 0
  block_cache: 0x7f05cf41c010
  block_cache_name: LRUCache
  block_cache_options:
    capacity : 1048576
    num_shard_bits : 4
    strict_capacity_limit : 0
    memory_allocator : None
    high_pri_pool_ratio: 0.000
  block_cache_compressed: (nil)
  persistent_cache: (nil)
  block_size: 32768
  block_size_deviation: 10
  block_restart_interval: 16
  index_block_restart_interval: 1
  metadata_block_size: 4096
  partition_filters: 0
  use_delta_encoding: 1
  filter_policy: rocksdb.BuiltinBloomFilter
  whole_key_filtering: 0
  verify_compression: 0
  read_amp_bytes_per_bit: 0
  format_version: 2
  enable_index_compression: 1
  block_align: 0
I200430 18:25:58.334539 29 storage/engine/rocksdb.go:120         Options.write_buffer_size: 67108864
I200430 18:25:58.334552 29 storage/engine/rocksdb.go:120   Options.max_write_buffer_number: 4
I200430 18:25:58.334561 29 storage/engine/rocksdb.go:120           Options.compression: Snappy
I200430 18:25:58.334570 29 storage/engine/rocksdb.go:120                   Options.bottommost_compression: Disabled
I200430 18:25:58.334578 29 storage/engine/rocksdb.go:120        Options.prefix_extractor: cockroach_prefix_extractor
I200430 18:25:58.334588 29 storage/engine/rocksdb.go:120    Options.memtable_insert_with_hint_prefix_extractor: nullptr
I200430 18:25:58.334601 29 storage/engine/rocksdb.go:120              Options.num_levels: 7
I200430 18:25:58.335002 29 storage/engine/rocksdb.go:120         Options.min_write_buffer_number_to_merge: 1
I200430 18:25:58.335024 29 storage/engine/rocksdb.go:120      Options.max_write_buffer_number_to_maintain: 0
I200430 18:25:58.335034 29 storage/engine/rocksdb.go:120             Options.bottommost_compression_opts.window_bits: -14
I200430 18:25:58.335058 29 storage/engine/rocksdb.go:120                   Options.bottommost_compression_opts.level: 32767
I200430 18:25:58.335067 29 storage/engine/rocksdb.go:120                Options.bottommost_compression_opts.strategy: 0
I200430 18:25:58.335076 29 storage/engine/rocksdb.go:120          Options.bottommost_compression_opts.max_dict_bytes: 0
I200430 18:25:58.335093 29 storage/engine/rocksdb.go:120          Options.bottommost_compression_opts.zstd_max_train_bytes: 0
I200430 18:25:58.335105 29 storage/engine/rocksdb.go:120                   Options.bottommost_compression_opts.enabled: false
I200430 18:25:58.335114 29 storage/engine/rocksdb.go:120             Options.compression_opts.window_bits: -14
I200430 18:25:58.335123 29 storage/engine/rocksdb.go:120                   Options.compression_opts.level: 32767
I200430 18:25:58.335139 29 storage/engine/rocksdb.go:120                Options.compression_opts.strategy: 0
I200430 18:25:58.335897 29 storage/engine/rocksdb.go:120          Options.compression_opts.max_dict_bytes: 0
I200430 18:25:58.335920 29 storage/engine/rocksdb.go:120          Options.compression_opts.zstd_max_train_bytes: 0
I200430 18:25:58.335931 29 storage/engine/rocksdb.go:120                   Options.compression_opts.enabled: false
I200430 18:25:58.335940 29 storage/engine/rocksdb.go:120       Options.level0_file_num_compaction_trigger: 2
I200430 18:25:58.335950 29 storage/engine/rocksdb.go:120           Options.level0_slowdown_writes_trigger: 950
I200430 18:25:58.335960 29 storage/engine/rocksdb.go:120               Options.level0_stop_writes_trigger: 1000
I200430 18:25:58.335970 29 storage/engine/rocksdb.go:120                    Options.target_file_size_base: 4194304
I200430 18:25:58.335981 29 storage/engine/rocksdb.go:120              Options.target_file_size_multiplier: 2
I200430 18:25:58.335992 29 storage/engine/rocksdb.go:120                 Options.max_bytes_for_level_base: 67108864
I200430 18:25:58.336002 29 storage/engine/rocksdb.go:120  Options.level_compaction_dynamic_level_bytes: 1
I200430 18:25:58.336488 29 storage/engine/rocksdb.go:120           Options.max_bytes_for_level_multiplier: 10.000000
I200430 18:25:58.336503 29 storage/engine/rocksdb.go:120  Options.max_bytes_for_level_multiplier_addtl[0]: 1
I200430 18:25:58.336540 29 storage/engine/rocksdb.go:120  Options.max_bytes_for_level_multiplier_addtl[1]: 1
I200430 18:25:58.336553 29 storage/engine/rocksdb.go:120  Options.max_bytes_for_level_multiplier_addtl[2]: 1
I200430 18:25:58.336564 29 storage/engine/rocksdb.go:120  Options.max_bytes_for_level_multiplier_addtl[3]: 1
I200430 18:25:58.337109 29 storage/engine/rocksdb.go:120  Options.max_bytes_for_level_multiplier_addtl[4]: 1
I200430 18:25:58.337136 29 storage/engine/rocksdb.go:120  Options.max_bytes_for_level_multiplier_addtl[5]: 1
I200430 18:25:58.337952 29 storage/engine/rocksdb.go:120  Options.max_bytes_for_level_multiplier_addtl[6]: 1
I200430 18:25:58.337975 29 storage/engine/rocksdb.go:120        Options.max_sequential_skip_in_iterations: 8
I200430 18:25:58.337985 29 storage/engine/rocksdb.go:120                     Options.max_compaction_bytes: 104857600
I200430 18:25:58.337996 29 storage/engine/rocksdb.go:120                         Options.arena_block_size: 8388608
I200430 18:25:58.338005 29 storage/engine/rocksdb.go:120    Options.soft_pending_compaction_bytes_limit: 2199023255552
I200430 18:25:58.338015 29 storage/engine/rocksdb.go:120    Options.hard_pending_compaction_bytes_limit: 4400193994752
I200430 18:25:58.338024 29 storage/engine/rocksdb.go:120        Options.rate_limit_delay_max_milliseconds: 100
I200430 18:25:58.338033 29 storage/engine/rocksdb.go:120                 Options.disable_auto_compactions: 0
I200430 18:25:58.338049 29 storage/engine/rocksdb.go:120                         Options.compaction_style: kCompactionStyleLevel
I200430 18:25:58.338061 29 storage/engine/rocksdb.go:120                           Options.compaction_pri: kMinOverlappingRatio
I200430 18:25:58.338082 29 storage/engine/rocksdb.go:120  Options.compaction_options_universal.size_ratio: 1
I200430 18:25:58.338092 29 storage/engine/rocksdb.go:120  Options.compaction_options_universal.min_merge_width: 2
I200430 18:25:58.338101 29 storage/engine/rocksdb.go:120  Options.compaction_options_universal.max_merge_width: 4294967295
I200430 18:25:58.338110 29 storage/engine/rocksdb.go:120  Options.compaction_options_universal.max_size_amplification_percent: 200
I200430 18:25:58.338119 29 storage/engine/rocksdb.go:120  Options.compaction_options_universal.compression_size_percent: -1
I200430 18:25:58.338134 29 storage/engine/rocksdb.go:120  Options.compaction_options_universal.stop_style: kCompactionStopStyleTotalSize
I200430 18:25:58.338147 29 storage/engine/rocksdb.go:120  Options.compaction_options_fifo.max_table_files_size: 1073741824
I200430 18:25:58.338157 29 storage/engine/rocksdb.go:120  Options.compaction_options_fifo.allow_compaction: 0
I200430 18:25:58.338406 29 storage/engine/rocksdb.go:120                    Options.table_properties_collectors: TimeBoundTblPropCollectorFactory; DeleteRangeTblPropCollectorFactory; 
I200430 18:25:58.338426 29 storage/engine/rocksdb.go:120                    Options.inplace_update_support: 0
I200430 18:25:58.338439 29 storage/engine/rocksdb.go:120                  Options.inplace_update_num_locks: 10000
I200430 18:25:58.338453 29 storage/engine/rocksdb.go:120                Options.memtable_prefix_bloom_size_ratio: 0.000000
I200430 18:25:58.338463 29 storage/engine/rocksdb.go:120                Options.memtable_whole_key_filtering: 0
I200430 18:25:58.338473 29 storage/engine/rocksdb.go:120    Options.memtable_huge_page_size: 0
I200430 18:25:58.342351 29 storage/engine/rocksdb.go:120                            Options.bloom_locality: 0
I200430 18:25:58.342387 29 storage/engine/rocksdb.go:120                     Options.max_successive_merges: 0
I200430 18:25:58.342394 29 storage/engine/rocksdb.go:120                 Options.optimize_filters_for_hits: 1
I200430 18:25:58.342400 29 storage/engine/rocksdb.go:120                 Options.paranoid_file_checks: 0
I200430 18:25:58.342405 29 storage/engine/rocksdb.go:120                 Options.force_consistency_checks: 0
I200430 18:25:58.342475 29 storage/engine/rocksdb.go:120                 Options.report_bg_io_stats: 0
I200430 18:25:58.342644 29 storage/engine/rocksdb.go:120                                Options.ttl: 0
I200430 18:25:58.342654 29 storage/engine/rocksdb.go:120           Options.periodic_compaction_seconds: 0
I200430 18:25:58.369843 29 storage/engine/rocksdb.go:120  [db/version_set.cc:4286] Recovered from manifest file:/cockroach/cockroach-data/cockroach-temp905604135/MANIFEST-000001 succeeded,manifest_file_number is 1, next_file_number is 3, last_sequence is 0, log_number is 0,prev_log_number is 0,max_column_family is 0,min_log_number_to_keep is 0
I200430 18:25:58.370724 29 storage/engine/rocksdb.go:120  [db/version_set.cc:4295] Column family [default] (ID 0), log number is 0
I200430 18:25:58.587440 29 storage/engine/rocksdb.go:120  DB pointer 0x7f05cf4a1000
I200430 18:25:59.069905 29 storage/engine/rocksdb.go:120  RocksDB version: 6.2.1
I200430 18:25:59.069925 29 storage/engine/rocksdb.go:120  Git sha rocksdb_build_git_sha:@b7009236531fa784872f4823eabf393501e41bf2@
I200430 18:25:59.069935 29 storage/engine/rocksdb.go:120  Compile date Mar 16 2020
I200430 18:25:59.069945 29 storage/engine/rocksdb.go:120  DB SUMMARY
I200430 18:25:59.123398 29 storage/engine/rocksdb.go:120  CURRENT file:  CURRENT
I200430 18:25:59.123423 29 storage/engine/rocksdb.go:120  IDENTITY file:  IDENTITY
I200430 18:25:59.134611 29 storage/engine/rocksdb.go:120  MANIFEST file:  MANIFEST-000044 size: 53 Bytes
I200430 18:25:59.134642 29 storage/engine/rocksdb.go:120  SST files in /cockroach/cockroach-data dir, Total Num: 0, files: 
I200430 18:25:59.134649 29 storage/engine/rocksdb.go:120  Write Ahead Log file in /cockroach/cockroach-data: 000045.log size: 975 ; 
I200430 18:25:59.134657 29 storage/engine/rocksdb.go:120                          Options.error_if_exists: 0
I200430 18:25:59.134663 29 storage/engine/rocksdb.go:120                        Options.create_if_missing: 1
I200430 18:25:59.134669 29 storage/engine/rocksdb.go:120                          Options.paranoid_checks: 1
I200430 18:25:59.134674 29 storage/engine/rocksdb.go:120                                      Options.env: 0x75757a0
I200430 18:25:59.134680 29 storage/engine/rocksdb.go:120                                 Options.info_log: 0x7f05d240dcc0
I200430 18:25:59.134685 29 storage/engine/rocksdb.go:120                 Options.max_file_opening_threads: 16
I200430 18:25:59.134691 29 storage/engine/rocksdb.go:120                               Options.statistics: 0x7f05d2425010
I200430 18:25:59.134696 29 storage/engine/rocksdb.go:120                                Options.use_fsync: 0
I200430 18:25:59.134701 29 storage/engine/rocksdb.go:120                        Options.max_log_file_size: 0
I200430 18:25:59.134706 29 storage/engine/rocksdb.go:120                   Options.max_manifest_file_size: 134217728
I200430 18:25:59.134712 29 storage/engine/rocksdb.go:120                    Options.log_file_time_to_roll: 0
I200430 18:25:59.134717 29 storage/engine/rocksdb.go:120                        Options.keep_log_file_num: 1000
I200430 18:25:59.134722 29 storage/engine/rocksdb.go:120                     Options.recycle_log_file_num: 1
I200430 18:25:59.134728 29 storage/engine/rocksdb.go:120                          Options.allow_fallocate: 1
I200430 18:25:59.134733 29 storage/engine/rocksdb.go:120                         Options.allow_mmap_reads: 0
I200430 18:25:59.134740 29 storage/engine/rocksdb.go:120                        Options.allow_mmap_writes: 0
I200430 18:25:59.134745 29 storage/engine/rocksdb.go:120                         Options.use_direct_reads: 0
I200430 18:25:59.134750 29 storage/engine/rocksdb.go:120                         Options.use_direct_io_for_flush_and_compaction: 0
I200430 18:25:59.134756 29 storage/engine/rocksdb.go:120           Options.create_missing_column_families: 0
I200430 18:25:59.134762 29 storage/engine/rocksdb.go:120                               Options.db_log_dir: 
I200430 18:25:59.134767 29 storage/engine/rocksdb.go:120                                  Options.wal_dir: /cockroach/cockroach-data
I200430 18:25:59.134773 29 storage/engine/rocksdb.go:120                 Options.table_cache_numshardbits: 6
I200430 18:25:59.134778 29 storage/engine/rocksdb.go:120                       Options.max_subcompactions: 1
I200430 18:25:59.134784 29 storage/engine/rocksdb.go:120                   Options.max_background_flushes: -1
I200430 18:25:59.134789 29 storage/engine/rocksdb.go:120                          Options.WAL_ttl_seconds: 0
I200430 18:25:59.134794 29 storage/engine/rocksdb.go:120                        Options.WAL_size_limit_MB: 0
I200430 18:25:59.134800 29 storage/engine/rocksdb.go:120              Options.manifest_preallocation_size: 4194304
I200430 18:25:59.134805 29 storage/engine/rocksdb.go:120                      Options.is_fd_close_on_exec: 1
I200430 18:25:59.134810 29 storage/engine/rocksdb.go:120                    Options.advise_random_on_open: 1
I200430 18:25:59.134816 29 storage/engine/rocksdb.go:120                     Options.db_write_buffer_size: 0
I200430 18:25:59.134821 29 storage/engine/rocksdb.go:120                     Options.write_buffer_manager: 0x7f05d248d030
I200430 18:25:59.134827 29 storage/engine/rocksdb.go:120          Options.access_hint_on_compaction_start: 1
I200430 18:25:59.134832 29 storage/engine/rocksdb.go:120   Options.new_table_reader_for_compaction_inputs: 0
I200430 18:25:59.134838 29 storage/engine/rocksdb.go:120            Options.random_access_max_buffer_size: 1048576
I200430 18:25:59.134874 29 storage/engine/rocksdb.go:120                       Options.use_adaptive_mutex: 0
I200430 18:25:59.134880 29 storage/engine/rocksdb.go:120                             Options.rate_limiter: (nil)
I200430 18:25:59.134887 29 storage/engine/rocksdb.go:120      Options.sst_file_manager.rate_bytes_per_sec: 0
I200430 18:25:59.134893 29 storage/engine/rocksdb.go:120                        Options.wal_recovery_mode: 0
I200430 18:25:59.134898 29 storage/engine/rocksdb.go:120                   Options.enable_thread_tracking: 0
I200430 18:25:59.134903 29 storage/engine/rocksdb.go:120                   Options.enable_pipelined_write: 0
I200430 18:25:59.134909 29 storage/engine/rocksdb.go:120          Options.allow_concurrent_memtable_write: 1
I200430 18:25:59.134914 29 storage/engine/rocksdb.go:120       Options.enable_write_thread_adaptive_yield: 1
I200430 18:25:59.134920 29 storage/engine/rocksdb.go:120              Options.write_thread_max_yield_usec: 100
I200430 18:25:59.134925 29 storage/engine/rocksdb.go:120             Options.write_thread_slow_yield_usec: 3
I200430 18:25:59.134930 29 storage/engine/rocksdb.go:120                                Options.row_cache: None
I200430 18:25:59.134935 29 storage/engine/rocksdb.go:120                               Options.wal_filter: None
I200430 18:25:59.134940 29 storage/engine/rocksdb.go:120              Options.avoid_flush_during_recovery: 0
I200430 18:25:59.134950 29 storage/engine/rocksdb.go:120              Options.allow_ingest_behind: 0
I200430 18:25:59.134960 29 storage/engine/rocksdb.go:120              Options.preserve_deletes: 0
I200430 18:25:59.134968 29 storage/engine/rocksdb.go:120              Options.two_write_queues: 0
I200430 18:25:59.134975 29 storage/engine/rocksdb.go:120              Options.manual_wal_flush: 1
I200430 18:25:59.134981 29 storage/engine/rocksdb.go:120              Options.atomic_flush: 0
I200430 18:25:59.134986 29 storage/engine/rocksdb.go:120              Options.avoid_unnecessary_blocking_io: 0
I200430 18:25:59.134992 29 storage/engine/rocksdb.go:120              Options.max_background_jobs: 2
I200430 18:25:59.134997 29 storage/engine/rocksdb.go:120              Options.max_background_compactions: -1
I200430 18:25:59.135003 29 storage/engine/rocksdb.go:120              Options.avoid_flush_during_shutdown: 0
I200430 18:25:59.135008 29 storage/engine/rocksdb.go:120            Options.writable_file_max_buffer_size: 1048576
I200430 18:25:59.135014 29 storage/engine/rocksdb.go:120              Options.delayed_write_rate : 16777216
I200430 18:25:59.135019 29 storage/engine/rocksdb.go:120              Options.max_total_wal_size: 0
I200430 18:25:59.135025 29 storage/engine/rocksdb.go:120              Options.delete_obsolete_files_period_micros: 21600000000
I200430 18:25:59.135042 29 storage/engine/rocksdb.go:120                    Options.stats_dump_period_sec: 0
I200430 18:25:59.135055 29 storage/engine/rocksdb.go:120                  Options.stats_persist_period_sec: 600
I200430 18:25:59.141970 29 storage/engine/rocksdb.go:120                  Options.stats_history_buffer_size: 1048576
I200430 18:25:59.142022 29 storage/engine/rocksdb.go:120                           Options.max_open_files: 1043576
I200430 18:25:59.143468 29 storage/engine/rocksdb.go:120                           Options.bytes_per_sync: 524288
I200430 18:25:59.143489 29 storage/engine/rocksdb.go:120                       Options.wal_bytes_per_sync: 0
I200430 18:25:59.143495 29 storage/engine/rocksdb.go:120                    Options.strict_bytes_per_sync: 1
I200430 18:25:59.143501 29 storage/engine/rocksdb.go:120        Options.compaction_readahead_size: 0
I200430 18:25:59.143507 29 storage/engine/rocksdb.go:120  Compression algorithms supported:
I200430 18:25:59.143514 29 storage/engine/rocksdb.go:120  	kZSTDNotFinalCompression supported: 0
I200430 18:25:59.143520 29 storage/engine/rocksdb.go:120  	kZSTD supported: 0
I200430 18:25:59.143528 29 storage/engine/rocksdb.go:120  	kXpressCompression supported: 0
I200430 18:25:59.143534 29 storage/engine/rocksdb.go:120  	kLZ4HCCompression supported: 0
I200430 18:25:59.143539 29 storage/engine/rocksdb.go:120  	kLZ4Compression supported: 0
I200430 18:25:59.143545 29 storage/engine/rocksdb.go:120  	kBZip2Compression supported: 0
I200430 18:25:59.143589 29 storage/engine/rocksdb.go:120  	kZlibCompression supported: 0
I200430 18:25:59.143599 29 storage/engine/rocksdb.go:120  	kSnappyCompression supported: 1
I200430 18:25:59.143622 29 storage/engine/rocksdb.go:120  Fast CRC32 supported: Supported on x86
I200430 18:25:59.346556 29 storage/engine/rocksdb.go:120  [db/version_set.cc:4072] Recovering from manifest file: /cockroach/cockroach-data/MANIFEST-000044
I200430 18:25:59.373702 29 storage/engine/rocksdb.go:120  [db/column_family.cc:488] --------------- Options for column family [default]:
I200430 18:25:59.373774 29 storage/engine/rocksdb.go:120                Options.comparator: cockroach_comparator
I200430 18:25:59.373801 29 storage/engine/rocksdb.go:120            Options.merge_operator: cockroach_merge_operator
I200430 18:25:59.373815 29 storage/engine/rocksdb.go:120         Options.compaction_filter: None
I200430 18:25:59.373823 29 storage/engine/rocksdb.go:120         Options.compaction_filter_factory: None
I200430 18:25:59.373831 29 storage/engine/rocksdb.go:120          Options.memtable_factory: SkipListFactory
I200430 18:25:59.373837 29 storage/engine/rocksdb.go:120             Options.table_factory: BlockBasedTable
I200430 18:25:59.374879 29 storage/engine/rocksdb.go:120             table_factory options:   flush_block_policy_factory: FlushBlockBySizePolicyFactory (0x7f05d2423028)
  cache_index_and_filter_blocks: 0
  cache_index_and_filter_blocks_with_high_priority: 0
  pin_l0_filter_and_index_blocks_in_cache: 0
  pin_top_level_index_and_filter: 1
  index_type: 0
  data_block_index_type: 0
  index_shortening: 1
  data_block_hash_table_util_ratio: 0.750000
  hash_index_allow_collision: 1
  checksum: 1
  no_block_cache: 0
  block_cache: 0x7f05d2414010
  block_cache_name: LRUCache
  block_cache_options:
    capacity : 67108864
    num_shard_bits : 4
    strict_capacity_limit : 0
    memory_allocator : None
    high_pri_pool_ratio: 0.000
  block_cache_compressed: (nil)
  persistent_cache: (nil)
  block_size: 32768
  block_size_deviation: 10
  block_restart_interval: 16
  index_block_restart_interval: 1
  metadata_block_size: 4096
  partition_filters: 0
  use_delta_encoding: 1
  filter_policy: rocksdb.BuiltinBloomFilter
  whole_key_filtering: 0
  verify_compression: 0
  read_amp_bytes_per_bit: 0
  format_version: 2
  enable_index_compression: 1
  block_align: 0
I200430 18:25:59.374898 29 storage/engine/rocksdb.go:120         Options.write_buffer_size: 67108864
I200430 18:25:59.374906 29 storage/engine/rocksdb.go:120   Options.max_write_buffer_number: 4
I200430 18:25:59.374913 29 storage/engine/rocksdb.go:120           Options.compression: Snappy
I200430 18:25:59.374919 29 storage/engine/rocksdb.go:120                   Options.bottommost_compression: Disabled
I200430 18:25:59.374924 29 storage/engine/rocksdb.go:120        Options.prefix_extractor: cockroach_prefix_extractor
I200430 18:25:59.374930 29 storage/engine/rocksdb.go:120    Options.memtable_insert_with_hint_prefix_extractor: nullptr
I200430 18:25:59.374935 29 storage/engine/rocksdb.go:120              Options.num_levels: 7
I200430 18:25:59.374940 29 storage/engine/rocksdb.go:120         Options.min_write_buffer_number_to_merge: 1
I200430 18:25:59.374946 29 storage/engine/rocksdb.go:120      Options.max_write_buffer_number_to_maintain: 0
I200430 18:25:59.374962 29 storage/engine/rocksdb.go:120             Options.bottommost_compression_opts.window_bits: -14
I200430 18:25:59.374974 29 storage/engine/rocksdb.go:120                   Options.bottommost_compression_opts.level: 32767
I200430 18:25:59.374980 29 storage/engine/rocksdb.go:120                Options.bottommost_compression_opts.strategy: 0
I200430 18:25:59.374986 29 storage/engine/rocksdb.go:120          Options.bottommost_compression_opts.max_dict_bytes: 0
I200430 18:25:59.374991 29 storage/engine/rocksdb.go:120          Options.bottommost_compression_opts.zstd_max_train_bytes: 0
I200430 18:25:59.374996 29 storage/engine/rocksdb.go:120                   Options.bottommost_compression_opts.enabled: false
I200430 18:25:59.375002 29 storage/engine/rocksdb.go:120             Options.compression_opts.window_bits: -14
I200430 18:25:59.375007 29 storage/engine/rocksdb.go:120                   Options.compression_opts.level: 32767
I200430 18:25:59.375012 29 storage/engine/rocksdb.go:120                Options.compression_opts.strategy: 0
I200430 18:25:59.375017 29 storage/engine/rocksdb.go:120          Options.compression_opts.max_dict_bytes: 0
I200430 18:25:59.375023 29 storage/engine/rocksdb.go:120          Options.compression_opts.zstd_max_train_bytes: 0
I200430 18:25:59.375028 29 storage/engine/rocksdb.go:120                   Options.compression_opts.enabled: false
I200430 18:25:59.375033 29 storage/engine/rocksdb.go:120       Options.level0_file_num_compaction_trigger: 2
I200430 18:25:59.375165 29 storage/engine/rocksdb.go:120           Options.level0_slowdown_writes_trigger: 950
I200430 18:25:59.375178 29 storage/engine/rocksdb.go:120               Options.level0_stop_writes_trigger: 1000
I200430 18:25:59.375184 29 storage/engine/rocksdb.go:120                    Options.target_file_size_base: 4194304
I200430 18:25:59.375189 29 storage/engine/rocksdb.go:120              Options.target_file_size_multiplier: 2
I200430 18:25:59.375195 29 storage/engine/rocksdb.go:120                 Options.max_bytes_for_level_base: 67108864
I200430 18:25:59.375200 29 storage/engine/rocksdb.go:120  Options.level_compaction_dynamic_level_bytes: 1
I200430 18:25:59.375209 29 storage/engine/rocksdb.go:120           Options.max_bytes_for_level_multiplier: 10.000000
I200430 18:25:59.375222 29 storage/engine/rocksdb.go:120  Options.max_bytes_for_level_multiplier_addtl[0]: 1
I200430 18:25:59.375227 29 storage/engine/rocksdb.go:120  Options.max_bytes_for_level_multiplier_addtl[1]: 1
I200430 18:25:59.375246 29 storage/engine/rocksdb.go:120  Options.max_bytes_for_level_multiplier_addtl[2]: 1
I200430 18:25:59.375256 29 storage/engine/rocksdb.go:120  Options.max_bytes_for_level_multiplier_addtl[3]: 1
I200430 18:25:59.375262 29 storage/engine/rocksdb.go:120  Options.max_bytes_for_level_multiplier_addtl[4]: 1
I200430 18:25:59.375268 29 storage/engine/rocksdb.go:120  Options.max_bytes_for_level_multiplier_addtl[5]: 1
I200430 18:25:59.375274 29 storage/engine/rocksdb.go:120  Options.max_bytes_for_level_multiplier_addtl[6]: 1
I200430 18:25:59.375280 29 storage/engine/rocksdb.go:120        Options.max_sequential_skip_in_iterations: 8
I200430 18:25:59.375285 29 storage/engine/rocksdb.go:120                     Options.max_compaction_bytes: 104857600
I200430 18:25:59.375291 29 storage/engine/rocksdb.go:120                         Options.arena_block_size: 8388608
I200430 18:25:59.375296 29 storage/engine/rocksdb.go:120    Options.soft_pending_compaction_bytes_limit: 2199023255552
I200430 18:25:59.375301 29 storage/engine/rocksdb.go:120    Options.hard_pending_compaction_bytes_limit: 4400193994752
I200430 18:25:59.375306 29 storage/engine/rocksdb.go:120        Options.rate_limit_delay_max_milliseconds: 100
I200430 18:25:59.375311 29 storage/engine/rocksdb.go:120                 Options.disable_auto_compactions: 0
I200430 18:25:59.375319 29 storage/engine/rocksdb.go:120                         Options.compaction_style: kCompactionStyleLevel
I200430 18:25:59.375326 29 storage/engine/rocksdb.go:120                           Options.compaction_pri: kMinOverlappingRatio
I200430 18:25:59.375331 29 storage/engine/rocksdb.go:120  Options.compaction_options_universal.size_ratio: 1
I200430 18:25:59.375337 29 storage/engine/rocksdb.go:120  Options.compaction_options_universal.min_merge_width: 2
I200430 18:25:59.375343 29 storage/engine/rocksdb.go:120  Options.compaction_options_universal.max_merge_width: 4294967295
I200430 18:25:59.375348 29 storage/engine/rocksdb.go:120  Options.compaction_options_universal.max_size_amplification_percent: 200
I200430 18:25:59.375353 29 storage/engine/rocksdb.go:120  Options.compaction_options_universal.compression_size_percent: -1
I200430 18:25:59.375359 29 storage/engine/rocksdb.go:120  Options.compaction_options_universal.stop_style: kCompactionStopStyleTotalSize
I200430 18:25:59.375364 29 storage/engine/rocksdb.go:120  Options.compaction_options_fifo.max_table_files_size: 1073741824
I200430 18:25:59.375370 29 storage/engine/rocksdb.go:120  Options.compaction_options_fifo.allow_compaction: 0
I200430 18:25:59.375378 29 storage/engine/rocksdb.go:120                    Options.table_properties_collectors: TimeBoundTblPropCollectorFactory; DeleteRangeTblPropCollectorFactory; 
I200430 18:25:59.375386 29 storage/engine/rocksdb.go:120                    Options.inplace_update_support: 0
I200430 18:25:59.375392 29 storage/engine/rocksdb.go:120                  Options.inplace_update_num_locks: 10000
I200430 18:25:59.375398 29 storage/engine/rocksdb.go:120                Options.memtable_prefix_bloom_size_ratio: 0.000000
I200430 18:25:59.375404 29 storage/engine/rocksdb.go:120                Options.memtable_whole_key_filtering: 0
I200430 18:25:59.375409 29 storage/engine/rocksdb.go:120    Options.memtable_huge_page_size: 0
I200430 18:25:59.375414 29 storage/engine/rocksdb.go:120                            Options.bloom_locality: 0
I200430 18:25:59.375420 29 storage/engine/rocksdb.go:120                     Options.max_successive_merges: 0
I200430 18:25:59.375425 29 storage/engine/rocksdb.go:120                 Options.optimize_filters_for_hits: 1
I200430 18:25:59.375430 29 storage/engine/rocksdb.go:120                 Options.paranoid_file_checks: 0
I200430 18:25:59.375435 29 storage/engine/rocksdb.go:120                 Options.force_consistency_checks: 0
I200430 18:25:59.375441 29 storage/engine/rocksdb.go:120                 Options.report_bg_io_stats: 0
I200430 18:25:59.375446 29 storage/engine/rocksdb.go:120                                Options.ttl: 0
I200430 18:25:59.375451 29 storage/engine/rocksdb.go:120           Options.periodic_compaction_seconds: 0
I200430 18:25:59.445324 29 storage/engine/rocksdb.go:120  [db/version_set.cc:4286] Recovered from manifest file:/cockroach/cockroach-data/MANIFEST-000044 succeeded,manifest_file_number is 44, next_file_number is 46, last_sequence is 0, log_number is 43,prev_log_number is 0,max_column_family is 0,min_log_number_to_keep is 0
I200430 18:25:59.445346 29 storage/engine/rocksdb.go:120  [db/version_set.cc:4295] Column family [default] (ID 0), log number is 43
I200430 18:25:59.474444 29 storage/engine/rocksdb.go:120  EVENT_LOG_v1 {"time_micros": 1588271159473987, "job": 1, "event": "recovery_started", "log_files": [45]}
I200430 18:25:59.474581 29 storage/engine/rocksdb.go:120  [db/db_impl_open.cc:598] Recovering log #45 mode 0
I200430 18:25:59.486863 29 storage/engine/rocksdb.go:120  [db/version_set.cc:3560] Creating manifest 47
I200430 18:25:59.505726 29 storage/engine/rocksdb.go:120  EVENT_LOG_v1 {"time_micros": 1588271159505395, "job": 1, "event": "recovery_finished"}
I200430 18:25:59.641214 29 storage/engine/rocksdb.go:120  DB pointer 0x7f05d249a000
