I200409 18:21:54.277822 12 util/log/clog.go:1196  [config] file created at: 2020/04/09 18:21:54
I200409 18:21:54.277822 12 util/log/clog.go:1196  [config] running on machine: 5a0f4bac60db
I200409 18:21:54.277822 12 util/log/clog.go:1196  [config] binary: CockroachDB CCL v19.2.5 (x86_64-unknown-linux-gnu, built 2020/03/16 18:27:12, go1.12.12)
I200409 18:21:54.277822 12 util/log/clog.go:1196  [config] arguments: [/cockroach/cockroach start --insecure --join=order_2]
I200409 18:21:54.277822 12 util/log/clog.go:1196  line format: [IWEF]yymmdd hh:mm:ss.uuuuuu goid file:line msg utf8=✓
I200409 18:21:54.277620 12 storage/engine/rocksdb.go:120  RocksDB version: 6.2.1
I200409 18:21:54.403690 12 storage/engine/rocksdb.go:120  Git sha rocksdb_build_git_sha:@b7009236531fa784872f4823eabf393501e41bf2@
I200409 18:21:54.403738 12 storage/engine/rocksdb.go:120  Compile date Mar 16 2020
I200409 18:21:54.421620 12 storage/engine/rocksdb.go:120  DB SUMMARY
I200409 18:21:54.697803 12 storage/engine/rocksdb.go:120  SST files in /cockroach/cockroach-data/cockroach-temp374158584 dir, Total Num: 0, files: 
I200409 18:21:54.697864 12 storage/engine/rocksdb.go:120  Write Ahead Log file in /cockroach/cockroach-data/cockroach-temp374158584: 
I200409 18:21:54.698007 12 storage/engine/rocksdb.go:120                          Options.error_if_exists: 0
I200409 18:21:54.698054 12 storage/engine/rocksdb.go:120                        Options.create_if_missing: 1
I200409 18:21:54.698098 12 storage/engine/rocksdb.go:120                          Options.paranoid_checks: 1
I200409 18:21:54.698468 12 storage/engine/rocksdb.go:120                                      Options.env: 0x75757a0
I200409 18:21:54.698515 12 storage/engine/rocksdb.go:120                                 Options.info_log: 0x7fd2bda270e0
I200409 18:21:54.698560 12 storage/engine/rocksdb.go:120                 Options.max_file_opening_threads: 16
I200409 18:21:54.698608 12 storage/engine/rocksdb.go:120                               Options.statistics: 0x7fd2bda34010
I200409 18:21:54.698659 12 storage/engine/rocksdb.go:120                                Options.use_fsync: 0
I200409 18:21:54.699952 12 storage/engine/rocksdb.go:120                        Options.max_log_file_size: 0
I200409 18:21:54.704010 12 storage/engine/rocksdb.go:120                   Options.max_manifest_file_size: 134217728
I200409 18:21:54.704092 12 storage/engine/rocksdb.go:120                    Options.log_file_time_to_roll: 0
I200409 18:21:54.704126 12 storage/engine/rocksdb.go:120                        Options.keep_log_file_num: 1000
I200409 18:21:54.704158 12 storage/engine/rocksdb.go:120                     Options.recycle_log_file_num: 1
I200409 18:21:54.704187 12 storage/engine/rocksdb.go:120                          Options.allow_fallocate: 1
I200409 18:21:54.704216 12 storage/engine/rocksdb.go:120                         Options.allow_mmap_reads: 0
I200409 18:21:54.704245 12 storage/engine/rocksdb.go:120                        Options.allow_mmap_writes: 0
I200409 18:21:54.704273 12 storage/engine/rocksdb.go:120                         Options.use_direct_reads: 0
I200409 18:21:54.704301 12 storage/engine/rocksdb.go:120                         Options.use_direct_io_for_flush_and_compaction: 0
I200409 18:21:54.704330 12 storage/engine/rocksdb.go:120           Options.create_missing_column_families: 0
I200409 18:21:54.704358 12 storage/engine/rocksdb.go:120                               Options.db_log_dir: 
I200409 18:21:54.704387 12 storage/engine/rocksdb.go:120                                  Options.wal_dir: /cockroach/cockroach-data/cockroach-temp374158584
I200409 18:21:54.704416 12 storage/engine/rocksdb.go:120                 Options.table_cache_numshardbits: 6
I200409 18:21:54.704444 12 storage/engine/rocksdb.go:120                       Options.max_subcompactions: 1
I200409 18:21:54.704472 12 storage/engine/rocksdb.go:120                   Options.max_background_flushes: -1
I200409 18:21:54.704501 12 storage/engine/rocksdb.go:120                          Options.WAL_ttl_seconds: 0
I200409 18:21:54.704529 12 storage/engine/rocksdb.go:120                        Options.WAL_size_limit_MB: 0
I200409 18:21:54.704557 12 storage/engine/rocksdb.go:120              Options.manifest_preallocation_size: 4194304
I200409 18:21:54.704585 12 storage/engine/rocksdb.go:120                      Options.is_fd_close_on_exec: 1
I200409 18:21:54.704612 12 storage/engine/rocksdb.go:120                    Options.advise_random_on_open: 1
I200409 18:21:54.704640 12 storage/engine/rocksdb.go:120                     Options.db_write_buffer_size: 0
I200409 18:21:54.704668 12 storage/engine/rocksdb.go:120                     Options.write_buffer_manager: 0x7fd2bda19060
I200409 18:21:54.704708 12 storage/engine/rocksdb.go:120          Options.access_hint_on_compaction_start: 1
I200409 18:21:54.704739 12 storage/engine/rocksdb.go:120   Options.new_table_reader_for_compaction_inputs: 0
I200409 18:21:54.704768 12 storage/engine/rocksdb.go:120            Options.random_access_max_buffer_size: 1048576
I200409 18:21:54.704798 12 storage/engine/rocksdb.go:120                       Options.use_adaptive_mutex: 0
I200409 18:21:54.704826 12 storage/engine/rocksdb.go:120                             Options.rate_limiter: (nil)
I200409 18:21:54.704857 12 storage/engine/rocksdb.go:120      Options.sst_file_manager.rate_bytes_per_sec: 0
I200409 18:21:54.704884 12 storage/engine/rocksdb.go:120                        Options.wal_recovery_mode: 0
I200409 18:21:54.704912 12 storage/engine/rocksdb.go:120                   Options.enable_thread_tracking: 0
I200409 18:21:54.704940 12 storage/engine/rocksdb.go:120                   Options.enable_pipelined_write: 0
I200409 18:21:54.704968 12 storage/engine/rocksdb.go:120          Options.allow_concurrent_memtable_write: 1
I200409 18:21:54.704996 12 storage/engine/rocksdb.go:120       Options.enable_write_thread_adaptive_yield: 1
I200409 18:21:54.705024 12 storage/engine/rocksdb.go:120              Options.write_thread_max_yield_usec: 100
I200409 18:21:54.705051 12 storage/engine/rocksdb.go:120             Options.write_thread_slow_yield_usec: 3
I200409 18:21:54.705079 12 storage/engine/rocksdb.go:120                                Options.row_cache: None
I200409 18:21:54.705106 12 storage/engine/rocksdb.go:120                               Options.wal_filter: None
I200409 18:21:54.705135 12 storage/engine/rocksdb.go:120              Options.avoid_flush_during_recovery: 0
I200409 18:21:54.705162 12 storage/engine/rocksdb.go:120              Options.allow_ingest_behind: 0
I200409 18:21:54.705190 12 storage/engine/rocksdb.go:120              Options.preserve_deletes: 0
I200409 18:21:54.705217 12 storage/engine/rocksdb.go:120              Options.two_write_queues: 0
I200409 18:21:54.705246 12 storage/engine/rocksdb.go:120              Options.manual_wal_flush: 1
I200409 18:21:54.705274 12 storage/engine/rocksdb.go:120              Options.atomic_flush: 0
I200409 18:21:54.705302 12 storage/engine/rocksdb.go:120              Options.avoid_unnecessary_blocking_io: 0
I200409 18:21:54.705330 12 storage/engine/rocksdb.go:120              Options.max_background_jobs: 2
I200409 18:21:54.705358 12 storage/engine/rocksdb.go:120              Options.max_background_compactions: -1
I200409 18:21:54.705387 12 storage/engine/rocksdb.go:120              Options.avoid_flush_during_shutdown: 0
I200409 18:21:54.705416 12 storage/engine/rocksdb.go:120            Options.writable_file_max_buffer_size: 1048576
I200409 18:21:54.705445 12 storage/engine/rocksdb.go:120              Options.delayed_write_rate : 16777216
I200409 18:21:54.705473 12 storage/engine/rocksdb.go:120              Options.max_total_wal_size: 0
I200409 18:21:54.705501 12 storage/engine/rocksdb.go:120              Options.delete_obsolete_files_period_micros: 21600000000
I200409 18:21:54.705529 12 storage/engine/rocksdb.go:120                    Options.stats_dump_period_sec: 0
I200409 18:21:54.705557 12 storage/engine/rocksdb.go:120                  Options.stats_persist_period_sec: 600
I200409 18:21:54.705585 12 storage/engine/rocksdb.go:120                  Options.stats_history_buffer_size: 1048576
I200409 18:21:54.705613 12 storage/engine/rocksdb.go:120                           Options.max_open_files: 128
I200409 18:21:54.705641 12 storage/engine/rocksdb.go:120                           Options.bytes_per_sync: 524288
I200409 18:21:54.705668 12 storage/engine/rocksdb.go:120                       Options.wal_bytes_per_sync: 0
I200409 18:21:54.705696 12 storage/engine/rocksdb.go:120                    Options.strict_bytes_per_sync: 1
I200409 18:21:54.705724 12 storage/engine/rocksdb.go:120        Options.compaction_readahead_size: 0
I200409 18:21:54.705751 12 storage/engine/rocksdb.go:120  Compression algorithms supported:
I200409 18:21:54.705788 12 storage/engine/rocksdb.go:120  	kZSTDNotFinalCompression supported: 0
I200409 18:21:54.705816 12 storage/engine/rocksdb.go:120  	kZSTD supported: 0
I200409 18:21:54.752266 12 storage/engine/rocksdb.go:120  	kXpressCompression supported: 0
I200409 18:21:54.752322 12 storage/engine/rocksdb.go:120  	kLZ4HCCompression supported: 0
I200409 18:21:54.752365 12 storage/engine/rocksdb.go:120  	kLZ4Compression supported: 0
I200409 18:21:54.752407 12 storage/engine/rocksdb.go:120  	kBZip2Compression supported: 0
I200409 18:21:54.752450 12 storage/engine/rocksdb.go:120  	kZlibCompression supported: 0
I200409 18:21:54.752493 12 storage/engine/rocksdb.go:120  	kSnappyCompression supported: 1
I200409 18:21:54.752550 12 storage/engine/rocksdb.go:120  Fast CRC32 supported: Supported on x86
I200409 18:21:54.889018 12 storage/engine/rocksdb.go:120  [db/db_impl_open.cc:242] Creating manifest 1 
I200409 18:21:55.152752 12 storage/engine/rocksdb.go:120  [db/version_set.cc:4072] Recovering from manifest file: /cockroach/cockroach-data/cockroach-temp374158584/MANIFEST-000001
I200409 18:21:55.199625 12 storage/engine/rocksdb.go:120  [db/column_family.cc:488] --------------- Options for column family [default]:
I200409 18:21:55.199672 12 storage/engine/rocksdb.go:120                Options.comparator: cockroach_comparator
I200409 18:21:55.199702 12 storage/engine/rocksdb.go:120            Options.merge_operator: cockroach_merge_operator
I200409 18:21:55.199730 12 storage/engine/rocksdb.go:120         Options.compaction_filter: None
I200409 18:21:55.199758 12 storage/engine/rocksdb.go:120         Options.compaction_filter_factory: None
I200409 18:21:55.199786 12 storage/engine/rocksdb.go:120          Options.memtable_factory: SkipListFactory
I200409 18:21:55.199814 12 storage/engine/rocksdb.go:120             Options.table_factory: BlockBasedTable
I200409 18:21:55.199887 12 storage/engine/rocksdb.go:120             table_factory options:   flush_block_policy_factory: FlushBlockBySizePolicyFactory (0x7fd2bda28030)
  cache_index_and_filter_blocks: 0
  cache_index_and_filter_blocks_with_high_priority: 0
  pin_l0_filter_and_index_blocks_in_cache: 0
  pin_top_level_index_and_filter: 1
  index_type: 0
  data_block_index_type: 0
  index_shortening: 1
  data_block_hash_table_util_ratio: 0.750000
  hash_index_allow_collision: 1
  checksum: 1
  no_block_cache: 0
  block_cache: 0x7fd2bda1c010
  block_cache_name: LRUCache
  block_cache_options:
    capacity : 1048576
    num_shard_bits : 4
    strict_capacity_limit : 0
    memory_allocator : None
    high_pri_pool_ratio: 0.000
  block_cache_compressed: (nil)
  persistent_cache: (nil)
  block_size: 32768
  block_size_deviation: 10
  block_restart_interval: 16
  index_block_restart_interval: 1
  metadata_block_size: 4096
  partition_filters: 0
  use_delta_encoding: 1
  filter_policy: rocksdb.BuiltinBloomFilter
  whole_key_filtering: 0
  verify_compression: 0
  read_amp_bytes_per_bit: 0
  format_version: 2
  enable_index_compression: 1
  block_align: 0
I200409 18:21:55.199921 12 storage/engine/rocksdb.go:120         Options.write_buffer_size: 67108864
I200409 18:21:55.199952 12 storage/engine/rocksdb.go:120   Options.max_write_buffer_number: 4
I200409 18:21:55.199981 12 storage/engine/rocksdb.go:120           Options.compression: Snappy
I200409 18:21:55.200013 12 storage/engine/rocksdb.go:120                   Options.bottommost_compression: Disabled
I200409 18:21:55.200041 12 storage/engine/rocksdb.go:120        Options.prefix_extractor: cockroach_prefix_extractor
I200409 18:21:55.200069 12 storage/engine/rocksdb.go:120    Options.memtable_insert_with_hint_prefix_extractor: nullptr
I200409 18:21:55.200097 12 storage/engine/rocksdb.go:120              Options.num_levels: 7
I200409 18:21:55.200124 12 storage/engine/rocksdb.go:120         Options.min_write_buffer_number_to_merge: 1
I200409 18:21:55.200152 12 storage/engine/rocksdb.go:120      Options.max_write_buffer_number_to_maintain: 0
I200409 18:21:55.200181 12 storage/engine/rocksdb.go:120             Options.bottommost_compression_opts.window_bits: -14
I200409 18:21:55.200209 12 storage/engine/rocksdb.go:120                   Options.bottommost_compression_opts.level: 32767
I200409 18:21:55.200237 12 storage/engine/rocksdb.go:120                Options.bottommost_compression_opts.strategy: 0
I200409 18:21:55.200265 12 storage/engine/rocksdb.go:120          Options.bottommost_compression_opts.max_dict_bytes: 0
I200409 18:21:55.200293 12 storage/engine/rocksdb.go:120          Options.bottommost_compression_opts.zstd_max_train_bytes: 0
I200409 18:21:55.200320 12 storage/engine/rocksdb.go:120                   Options.bottommost_compression_opts.enabled: false
I200409 18:21:55.200348 12 storage/engine/rocksdb.go:120             Options.compression_opts.window_bits: -14
I200409 18:21:55.200376 12 storage/engine/rocksdb.go:120                   Options.compression_opts.level: 32767
I200409 18:21:55.200403 12 storage/engine/rocksdb.go:120                Options.compression_opts.strategy: 0
I200409 18:21:55.200431 12 storage/engine/rocksdb.go:120          Options.compression_opts.max_dict_bytes: 0
I200409 18:21:55.200458 12 storage/engine/rocksdb.go:120          Options.compression_opts.zstd_max_train_bytes: 0
I200409 18:21:55.200486 12 storage/engine/rocksdb.go:120                   Options.compression_opts.enabled: false
I200409 18:21:55.200514 12 storage/engine/rocksdb.go:120       Options.level0_file_num_compaction_trigger: 2
I200409 18:21:55.200541 12 storage/engine/rocksdb.go:120           Options.level0_slowdown_writes_trigger: 950
I200409 18:21:55.200569 12 storage/engine/rocksdb.go:120               Options.level0_stop_writes_trigger: 1000
I200409 18:21:55.200597 12 storage/engine/rocksdb.go:120                    Options.target_file_size_base: 4194304
I200409 18:21:55.200624 12 storage/engine/rocksdb.go:120              Options.target_file_size_multiplier: 2
I200409 18:21:55.200652 12 storage/engine/rocksdb.go:120                 Options.max_bytes_for_level_base: 67108864
I200409 18:21:55.200680 12 storage/engine/rocksdb.go:120  Options.level_compaction_dynamic_level_bytes: 1
I200409 18:21:55.200709 12 storage/engine/rocksdb.go:120           Options.max_bytes_for_level_multiplier: 10.000000
I200409 18:21:55.200738 12 storage/engine/rocksdb.go:120  Options.max_bytes_for_level_multiplier_addtl[0]: 1
I200409 18:21:55.200772 12 storage/engine/rocksdb.go:120  Options.max_bytes_for_level_multiplier_addtl[1]: 1
I200409 18:21:55.200801 12 storage/engine/rocksdb.go:120  Options.max_bytes_for_level_multiplier_addtl[2]: 1
I200409 18:21:55.200829 12 storage/engine/rocksdb.go:120  Options.max_bytes_for_level_multiplier_addtl[3]: 1
I200409 18:21:55.200856 12 storage/engine/rocksdb.go:120  Options.max_bytes_for_level_multiplier_addtl[4]: 1
I200409 18:21:55.200884 12 storage/engine/rocksdb.go:120  Options.max_bytes_for_level_multiplier_addtl[5]: 1
I200409 18:21:55.200912 12 storage/engine/rocksdb.go:120  Options.max_bytes_for_level_multiplier_addtl[6]: 1
I200409 18:21:55.200940 12 storage/engine/rocksdb.go:120        Options.max_sequential_skip_in_iterations: 8
I200409 18:21:55.200968 12 storage/engine/rocksdb.go:120                     Options.max_compaction_bytes: 104857600
I200409 18:21:55.200996 12 storage/engine/rocksdb.go:120                         Options.arena_block_size: 8388608
I200409 18:21:55.201023 12 storage/engine/rocksdb.go:120    Options.soft_pending_compaction_bytes_limit: 2199023255552
I200409 18:21:55.201051 12 storage/engine/rocksdb.go:120    Options.hard_pending_compaction_bytes_limit: 4400193994752
I200409 18:21:55.201079 12 storage/engine/rocksdb.go:120        Options.rate_limit_delay_max_milliseconds: 100
I200409 18:21:55.201107 12 storage/engine/rocksdb.go:120                 Options.disable_auto_compactions: 0
I200409 18:21:55.201137 12 storage/engine/rocksdb.go:120                         Options.compaction_style: kCompactionStyleLevel
I200409 18:21:55.201166 12 storage/engine/rocksdb.go:120                           Options.compaction_pri: kMinOverlappingRatio
I200409 18:21:55.201194 12 storage/engine/rocksdb.go:120  Options.compaction_options_universal.size_ratio: 1
I200409 18:21:55.201221 12 storage/engine/rocksdb.go:120  Options.compaction_options_universal.min_merge_width: 2
I200409 18:21:55.201249 12 storage/engine/rocksdb.go:120  Options.compaction_options_universal.max_merge_width: 4294967295
I200409 18:21:55.201277 12 storage/engine/rocksdb.go:120  Options.compaction_options_universal.max_size_amplification_percent: 200
I200409 18:21:55.201305 12 storage/engine/rocksdb.go:120  Options.compaction_options_universal.compression_size_percent: -1
I200409 18:21:55.201334 12 storage/engine/rocksdb.go:120  Options.compaction_options_universal.stop_style: kCompactionStopStyleTotalSize
I200409 18:21:55.201362 12 storage/engine/rocksdb.go:120  Options.compaction_options_fifo.max_table_files_size: 1073741824
I200409 18:21:55.201389 12 storage/engine/rocksdb.go:120  Options.compaction_options_fifo.allow_compaction: 0
I200409 18:21:55.201421 12 storage/engine/rocksdb.go:120                    Options.table_properties_collectors: TimeBoundTblPropCollectorFactory; DeleteRangeTblPropCollectorFactory; 
I200409 18:21:55.201472 12 storage/engine/rocksdb.go:120                    Options.inplace_update_support: 0
I200409 18:21:55.201505 12 storage/engine/rocksdb.go:120                  Options.inplace_update_num_locks: 10000
I200409 18:21:55.201535 12 storage/engine/rocksdb.go:120                Options.memtable_prefix_bloom_size_ratio: 0.000000
I200409 18:21:55.204610 12 storage/engine/rocksdb.go:120                Options.memtable_whole_key_filtering: 0
I200409 18:21:55.204640 12 storage/engine/rocksdb.go:120    Options.memtable_huge_page_size: 0
I200409 18:21:55.204668 12 storage/engine/rocksdb.go:120                            Options.bloom_locality: 0
I200409 18:21:55.204696 12 storage/engine/rocksdb.go:120                     Options.max_successive_merges: 0
I200409 18:21:55.204724 12 storage/engine/rocksdb.go:120                 Options.optimize_filters_for_hits: 1
I200409 18:21:55.204752 12 storage/engine/rocksdb.go:120                 Options.paranoid_file_checks: 0
I200409 18:21:55.204780 12 storage/engine/rocksdb.go:120                 Options.force_consistency_checks: 0
I200409 18:21:55.204807 12 storage/engine/rocksdb.go:120                 Options.report_bg_io_stats: 0
I200409 18:21:55.204840 12 storage/engine/rocksdb.go:120                                Options.ttl: 0
I200409 18:21:55.204871 12 storage/engine/rocksdb.go:120           Options.periodic_compaction_seconds: 0
I200409 18:21:55.265812 12 storage/engine/rocksdb.go:120  [db/version_set.cc:4286] Recovered from manifest file:/cockroach/cockroach-data/cockroach-temp374158584/MANIFEST-000001 succeeded,manifest_file_number is 1, next_file_number is 3, last_sequence is 0, log_number is 0,prev_log_number is 0,max_column_family is 0,min_log_number_to_keep is 0
I200409 18:21:55.265864 12 storage/engine/rocksdb.go:120  [db/version_set.cc:4295] Column family [default] (ID 0), log number is 0
I200409 18:21:55.549295 12 storage/engine/rocksdb.go:120  DB pointer 0x7fd2bdaa1000
I200409 18:21:56.094969 12 storage/engine/rocksdb.go:120  RocksDB version: 6.2.1
I200409 18:21:56.095109 12 storage/engine/rocksdb.go:120  Git sha rocksdb_build_git_sha:@b7009236531fa784872f4823eabf393501e41bf2@
I200409 18:21:56.095147 12 storage/engine/rocksdb.go:120  Compile date Mar 16 2020
I200409 18:21:56.095179 12 storage/engine/rocksdb.go:120  DB SUMMARY
I200409 18:21:56.118152 12 storage/engine/rocksdb.go:120  CURRENT file:  CURRENT
I200409 18:21:56.118189 12 storage/engine/rocksdb.go:120  IDENTITY file:  IDENTITY
I200409 18:21:56.124918 12 storage/engine/rocksdb.go:120  MANIFEST file:  MANIFEST-000005 size: 53 Bytes
I200409 18:21:56.124977 12 storage/engine/rocksdb.go:120  SST files in /cockroach/cockroach-data dir, Total Num: 0, files: 
I200409 18:21:56.125021 12 storage/engine/rocksdb.go:120  Write Ahead Log file in /cockroach/cockroach-data: 000006.log size: 38261 ; 
I200409 18:21:56.125069 12 storage/engine/rocksdb.go:120                          Options.error_if_exists: 0
I200409 18:21:56.125112 12 storage/engine/rocksdb.go:120                        Options.create_if_missing: 1
I200409 18:21:56.125154 12 storage/engine/rocksdb.go:120                          Options.paranoid_checks: 1
I200409 18:21:56.125195 12 storage/engine/rocksdb.go:120                                      Options.env: 0x75757a0
I200409 18:21:56.125235 12 storage/engine/rocksdb.go:120                                 Options.info_log: 0x7fd2bee0dcc0
I200409 18:21:56.125376 12 storage/engine/rocksdb.go:120                 Options.max_file_opening_threads: 16
I200409 18:21:56.126619 12 storage/engine/rocksdb.go:120                               Options.statistics: 0x7fd2bee23010
I200409 18:21:56.126666 12 storage/engine/rocksdb.go:120                                Options.use_fsync: 0
I200409 18:21:56.126704 12 storage/engine/rocksdb.go:120                        Options.max_log_file_size: 0
I200409 18:21:56.126746 12 storage/engine/rocksdb.go:120                   Options.max_manifest_file_size: 134217728
I200409 18:21:56.126788 12 storage/engine/rocksdb.go:120                    Options.log_file_time_to_roll: 0
I200409 18:21:56.126835 12 storage/engine/rocksdb.go:120                        Options.keep_log_file_num: 1000
I200409 18:21:56.126881 12 storage/engine/rocksdb.go:120                     Options.recycle_log_file_num: 1
I200409 18:21:56.126920 12 storage/engine/rocksdb.go:120                          Options.allow_fallocate: 1
I200409 18:21:56.126965 12 storage/engine/rocksdb.go:120                         Options.allow_mmap_reads: 0
I200409 18:21:56.127016 12 storage/engine/rocksdb.go:120                        Options.allow_mmap_writes: 0
I200409 18:21:56.127057 12 storage/engine/rocksdb.go:120                         Options.use_direct_reads: 0
I200409 18:21:56.127097 12 storage/engine/rocksdb.go:120                         Options.use_direct_io_for_flush_and_compaction: 0
I200409 18:21:56.127141 12 storage/engine/rocksdb.go:120           Options.create_missing_column_families: 0
I200409 18:21:56.127182 12 storage/engine/rocksdb.go:120                               Options.db_log_dir: 
I200409 18:21:56.127221 12 storage/engine/rocksdb.go:120                                  Options.wal_dir: /cockroach/cockroach-data
I200409 18:21:56.127261 12 storage/engine/rocksdb.go:120                 Options.table_cache_numshardbits: 6
I200409 18:21:56.127300 12 storage/engine/rocksdb.go:120                       Options.max_subcompactions: 1
I200409 18:21:56.127461 12 storage/engine/rocksdb.go:120                   Options.max_background_flushes: -1
I200409 18:21:56.129063 12 storage/engine/rocksdb.go:120                          Options.WAL_ttl_seconds: 0
I200409 18:21:56.129109 12 storage/engine/rocksdb.go:120                        Options.WAL_size_limit_MB: 0
I200409 18:21:56.129161 12 storage/engine/rocksdb.go:120              Options.manifest_preallocation_size: 4194304
I200409 18:21:56.129315 12 storage/engine/rocksdb.go:120                      Options.is_fd_close_on_exec: 1
I200409 18:21:56.129482 12 storage/engine/rocksdb.go:120                    Options.advise_random_on_open: 1
I200409 18:21:56.129658 12 storage/engine/rocksdb.go:120                     Options.db_write_buffer_size: 0
I200409 18:21:56.129821 12 storage/engine/rocksdb.go:120                     Options.write_buffer_manager: 0x7fd2bee8b030
I200409 18:21:56.129864 12 storage/engine/rocksdb.go:120          Options.access_hint_on_compaction_start: 1
I200409 18:21:56.129900 12 storage/engine/rocksdb.go:120   Options.new_table_reader_for_compaction_inputs: 0
I200409 18:21:56.129935 12 storage/engine/rocksdb.go:120            Options.random_access_max_buffer_size: 1048576
I200409 18:21:56.130019 12 storage/engine/rocksdb.go:120                       Options.use_adaptive_mutex: 0
I200409 18:21:56.130055 12 storage/engine/rocksdb.go:120                             Options.rate_limiter: (nil)
I200409 18:21:56.130248 12 storage/engine/rocksdb.go:120      Options.sst_file_manager.rate_bytes_per_sec: 0
I200409 18:21:56.130280 12 storage/engine/rocksdb.go:120                        Options.wal_recovery_mode: 0
I200409 18:21:56.132019 12 storage/engine/rocksdb.go:120                   Options.enable_thread_tracking: 0
I200409 18:21:56.132145 12 storage/engine/rocksdb.go:120                   Options.enable_pipelined_write: 0
I200409 18:21:56.132190 12 storage/engine/rocksdb.go:120          Options.allow_concurrent_memtable_write: 1
I200409 18:21:56.132338 12 storage/engine/rocksdb.go:120       Options.enable_write_thread_adaptive_yield: 1
I200409 18:21:56.132382 12 storage/engine/rocksdb.go:120              Options.write_thread_max_yield_usec: 100
I200409 18:21:56.132422 12 storage/engine/rocksdb.go:120             Options.write_thread_slow_yield_usec: 3
I200409 18:21:56.132463 12 storage/engine/rocksdb.go:120                                Options.row_cache: None
I200409 18:21:56.132504 12 storage/engine/rocksdb.go:120                               Options.wal_filter: None
I200409 18:21:56.132546 12 storage/engine/rocksdb.go:120              Options.avoid_flush_during_recovery: 0
I200409 18:21:56.132587 12 storage/engine/rocksdb.go:120              Options.allow_ingest_behind: 0
I200409 18:21:56.132627 12 storage/engine/rocksdb.go:120              Options.preserve_deletes: 0
I200409 18:21:56.132674 12 storage/engine/rocksdb.go:120              Options.two_write_queues: 0
I200409 18:21:56.132716 12 storage/engine/rocksdb.go:120              Options.manual_wal_flush: 1
I200409 18:21:56.132783 12 storage/engine/rocksdb.go:120              Options.atomic_flush: 0
I200409 18:21:56.132829 12 storage/engine/rocksdb.go:120              Options.avoid_unnecessary_blocking_io: 0
I200409 18:21:56.132872 12 storage/engine/rocksdb.go:120              Options.max_background_jobs: 2
I200409 18:21:56.132913 12 storage/engine/rocksdb.go:120              Options.max_background_compactions: -1
I200409 18:21:56.132957 12 storage/engine/rocksdb.go:120              Options.avoid_flush_during_shutdown: 0
I200409 18:21:56.132999 12 storage/engine/rocksdb.go:120            Options.writable_file_max_buffer_size: 1048576
I200409 18:21:56.133039 12 storage/engine/rocksdb.go:120              Options.delayed_write_rate : 16777216
I200409 18:21:56.133116 12 storage/engine/rocksdb.go:120              Options.max_total_wal_size: 0
I200409 18:21:56.133160 12 storage/engine/rocksdb.go:120              Options.delete_obsolete_files_period_micros: 21600000000
I200409 18:21:56.133201 12 storage/engine/rocksdb.go:120                    Options.stats_dump_period_sec: 0
I200409 18:21:56.133240 12 storage/engine/rocksdb.go:120                  Options.stats_persist_period_sec: 600
I200409 18:21:56.133279 12 storage/engine/rocksdb.go:120                  Options.stats_history_buffer_size: 1048576
I200409 18:21:56.133421 12 storage/engine/rocksdb.go:120                           Options.max_open_files: 1043576
I200409 18:21:56.134333 12 storage/engine/rocksdb.go:120                           Options.bytes_per_sync: 524288
I200409 18:21:56.134486 12 storage/engine/rocksdb.go:120                       Options.wal_bytes_per_sync: 0
I200409 18:21:56.166895 12 storage/engine/rocksdb.go:120                    Options.strict_bytes_per_sync: 1
I200409 18:21:56.166942 12 storage/engine/rocksdb.go:120        Options.compaction_readahead_size: 0
I200409 18:21:56.166985 12 storage/engine/rocksdb.go:120  Compression algorithms supported:
I200409 18:21:56.167027 12 storage/engine/rocksdb.go:120  	kZSTDNotFinalCompression supported: 0
I200409 18:21:56.167063 12 storage/engine/rocksdb.go:120  	kZSTD supported: 0
I200409 18:21:56.167092 12 storage/engine/rocksdb.go:120  	kXpressCompression supported: 0
I200409 18:21:56.167121 12 storage/engine/rocksdb.go:120  	kLZ4HCCompression supported: 0
I200409 18:21:56.167150 12 storage/engine/rocksdb.go:120  	kLZ4Compression supported: 0
I200409 18:21:56.167178 12 storage/engine/rocksdb.go:120  	kBZip2Compression supported: 0
I200409 18:21:56.167207 12 storage/engine/rocksdb.go:120  	kZlibCompression supported: 0
I200409 18:21:56.167235 12 storage/engine/rocksdb.go:120  	kSnappyCompression supported: 1
I200409 18:21:56.167416 12 storage/engine/rocksdb.go:120  Fast CRC32 supported: Supported on x86
I200409 18:21:56.248149 12 storage/engine/rocksdb.go:120  [db/version_set.cc:4072] Recovering from manifest file: /cockroach/cockroach-data/MANIFEST-000005
I200409 18:21:56.252892 12 storage/engine/rocksdb.go:120  [db/column_family.cc:488] --------------- Options for column family [default]:
I200409 18:21:56.252938 12 storage/engine/rocksdb.go:120                Options.comparator: cockroach_comparator
I200409 18:21:56.252969 12 storage/engine/rocksdb.go:120            Options.merge_operator: cockroach_merge_operator
I200409 18:21:56.252998 12 storage/engine/rocksdb.go:120         Options.compaction_filter: None
I200409 18:21:56.253026 12 storage/engine/rocksdb.go:120         Options.compaction_filter_factory: None
I200409 18:21:56.253054 12 storage/engine/rocksdb.go:120          Options.memtable_factory: SkipListFactory
I200409 18:21:56.253083 12 storage/engine/rocksdb.go:120             Options.table_factory: BlockBasedTable
I200409 18:21:56.253163 12 storage/engine/rocksdb.go:120             table_factory options:   flush_block_policy_factory: FlushBlockBySizePolicyFactory (0x7fd2bee17028)
  cache_index_and_filter_blocks: 0
  cache_index_and_filter_blocks_with_high_priority: 0
  pin_l0_filter_and_index_blocks_in_cache: 0
  pin_top_level_index_and_filter: 1
  index_type: 0
  data_block_index_type: 0
  index_shortening: 1
  data_block_hash_table_util_ratio: 0.750000
  hash_index_allow_collision: 1
  checksum: 1
  no_block_cache: 0
  block_cache: 0x7fd2c0214010
  block_cache_name: LRUCache
  block_cache_options:
    capacity : 67108864
    num_shard_bits : 4
    strict_capacity_limit : 0
    memory_allocator : None
    high_pri_pool_ratio: 0.000
  block_cache_compressed: (nil)
  persistent_cache: (nil)
  block_size: 32768
  block_size_deviation: 10
  block_restart_interval: 16
  index_block_restart_interval: 1
  metadata_block_size: 4096
  partition_filters: 0
  use_delta_encoding: 1
  filter_policy: rocksdb.BuiltinBloomFilter
  whole_key_filtering: 0
  verify_compression: 0
  read_amp_bytes_per_bit: 0
  format_version: 2
  enable_index_compression: 1
  block_align: 0
I200409 18:21:56.253197 12 storage/engine/rocksdb.go:120         Options.write_buffer_size: 67108864
I200409 18:21:56.253315 12 storage/engine/rocksdb.go:120   Options.max_write_buffer_number: 4
I200409 18:21:56.253346 12 storage/engine/rocksdb.go:120           Options.compression: Snappy
I200409 18:21:56.253374 12 storage/engine/rocksdb.go:120                   Options.bottommost_compression: Disabled
I200409 18:21:56.253405 12 storage/engine/rocksdb.go:120        Options.prefix_extractor: cockroach_prefix_extractor
I200409 18:21:56.253439 12 storage/engine/rocksdb.go:120    Options.memtable_insert_with_hint_prefix_extractor: nullptr
I200409 18:21:56.253478 12 storage/engine/rocksdb.go:120              Options.num_levels: 7
I200409 18:21:56.253507 12 storage/engine/rocksdb.go:120         Options.min_write_buffer_number_to_merge: 1
I200409 18:21:56.253527 12 storage/engine/rocksdb.go:120      Options.max_write_buffer_number_to_maintain: 0
I200409 18:21:56.253565 12 storage/engine/rocksdb.go:120             Options.bottommost_compression_opts.window_bits: -14
I200409 18:21:56.253595 12 storage/engine/rocksdb.go:120                   Options.bottommost_compression_opts.level: 32767
I200409 18:21:56.253623 12 storage/engine/rocksdb.go:120                Options.bottommost_compression_opts.strategy: 0
I200409 18:21:56.253651 12 storage/engine/rocksdb.go:120          Options.bottommost_compression_opts.max_dict_bytes: 0
I200409 18:21:56.253686 12 storage/engine/rocksdb.go:120          Options.bottommost_compression_opts.zstd_max_train_bytes: 0
I200409 18:21:56.253715 12 storage/engine/rocksdb.go:120                   Options.bottommost_compression_opts.enabled: false
I200409 18:21:56.253736 12 storage/engine/rocksdb.go:120             Options.compression_opts.window_bits: -14
I200409 18:21:56.253762 12 storage/engine/rocksdb.go:120                   Options.compression_opts.level: 32767
I200409 18:21:56.253796 12 storage/engine/rocksdb.go:120                Options.compression_opts.strategy: 0
I200409 18:21:56.253886 12 storage/engine/rocksdb.go:120          Options.compression_opts.max_dict_bytes: 0
I200409 18:21:56.253921 12 storage/engine/rocksdb.go:120          Options.compression_opts.zstd_max_train_bytes: 0
I200409 18:21:56.253976 12 storage/engine/rocksdb.go:120                   Options.compression_opts.enabled: false
I200409 18:21:56.254054 12 storage/engine/rocksdb.go:120       Options.level0_file_num_compaction_trigger: 2
I200409 18:21:56.254129 12 storage/engine/rocksdb.go:120           Options.level0_slowdown_writes_trigger: 950
I200409 18:21:56.254335 12 storage/engine/rocksdb.go:120               Options.level0_stop_writes_trigger: 1000
I200409 18:21:56.254367 12 storage/engine/rocksdb.go:120                    Options.target_file_size_base: 4194304
I200409 18:21:56.254395 12 storage/engine/rocksdb.go:120              Options.target_file_size_multiplier: 2
I200409 18:21:56.254424 12 storage/engine/rocksdb.go:120                 Options.max_bytes_for_level_base: 67108864
I200409 18:21:56.254452 12 storage/engine/rocksdb.go:120  Options.level_compaction_dynamic_level_bytes: 1
I200409 18:21:56.254483 12 storage/engine/rocksdb.go:120           Options.max_bytes_for_level_multiplier: 10.000000
I200409 18:21:56.254512 12 storage/engine/rocksdb.go:120  Options.max_bytes_for_level_multiplier_addtl[0]: 1
I200409 18:21:56.254540 12 storage/engine/rocksdb.go:120  Options.max_bytes_for_level_multiplier_addtl[1]: 1
I200409 18:21:56.254568 12 storage/engine/rocksdb.go:120  Options.max_bytes_for_level_multiplier_addtl[2]: 1
I200409 18:21:56.254597 12 storage/engine/rocksdb.go:120  Options.max_bytes_for_level_multiplier_addtl[3]: 1
I200409 18:21:56.254625 12 storage/engine/rocksdb.go:120  Options.max_bytes_for_level_multiplier_addtl[4]: 1
I200409 18:21:56.254653 12 storage/engine/rocksdb.go:120  Options.max_bytes_for_level_multiplier_addtl[5]: 1
I200409 18:21:56.254681 12 storage/engine/rocksdb.go:120  Options.max_bytes_for_level_multiplier_addtl[6]: 1
I200409 18:21:56.254709 12 storage/engine/rocksdb.go:120        Options.max_sequential_skip_in_iterations: 8
I200409 18:21:56.254744 12 storage/engine/rocksdb.go:120                     Options.max_compaction_bytes: 104857600
I200409 18:21:56.254774 12 storage/engine/rocksdb.go:120                         Options.arena_block_size: 8388608
I200409 18:21:56.254802 12 storage/engine/rocksdb.go:120    Options.soft_pending_compaction_bytes_limit: 2199023255552
I200409 18:21:56.254830 12 storage/engine/rocksdb.go:120    Options.hard_pending_compaction_bytes_limit: 4400193994752
I200409 18:21:56.254858 12 storage/engine/rocksdb.go:120        Options.rate_limit_delay_max_milliseconds: 100
I200409 18:21:56.254886 12 storage/engine/rocksdb.go:120                 Options.disable_auto_compactions: 0
I200409 18:21:56.254918 12 storage/engine/rocksdb.go:120                         Options.compaction_style: kCompactionStyleLevel
I200409 18:21:56.254947 12 storage/engine/rocksdb.go:120                           Options.compaction_pri: kMinOverlappingRatio
I200409 18:21:56.254983 12 storage/engine/rocksdb.go:120  Options.compaction_options_universal.size_ratio: 1
I200409 18:21:56.255011 12 storage/engine/rocksdb.go:120  Options.compaction_options_universal.min_merge_width: 2
I200409 18:21:56.255039 12 storage/engine/rocksdb.go:120  Options.compaction_options_universal.max_merge_width: 4294967295
I200409 18:21:56.255067 12 storage/engine/rocksdb.go:120  Options.compaction_options_universal.max_size_amplification_percent: 200
I200409 18:21:56.255095 12 storage/engine/rocksdb.go:120  Options.compaction_options_universal.compression_size_percent: -1
I200409 18:21:56.255125 12 storage/engine/rocksdb.go:120  Options.compaction_options_universal.stop_style: kCompactionStopStyleTotalSize
I200409 18:21:56.255153 12 storage/engine/rocksdb.go:120  Options.compaction_options_fifo.max_table_files_size: 1073741824
I200409 18:21:56.255181 12 storage/engine/rocksdb.go:120  Options.compaction_options_fifo.allow_compaction: 0
I200409 18:21:56.255214 12 storage/engine/rocksdb.go:120                    Options.table_properties_collectors: TimeBoundTblPropCollectorFactory; DeleteRangeTblPropCollectorFactory; 
I200409 18:21:56.255246 12 storage/engine/rocksdb.go:120                    Options.inplace_update_support: 0
I200409 18:21:56.255274 12 storage/engine/rocksdb.go:120                  Options.inplace_update_num_locks: 10000
I200409 18:21:56.255304 12 storage/engine/rocksdb.go:120                Options.memtable_prefix_bloom_size_ratio: 0.000000
I200409 18:21:56.255332 12 storage/engine/rocksdb.go:120                Options.memtable_whole_key_filtering: 0
I200409 18:21:56.255360 12 storage/engine/rocksdb.go:120    Options.memtable_huge_page_size: 0
I200409 18:21:56.255389 12 storage/engine/rocksdb.go:120                            Options.bloom_locality: 0
I200409 18:21:56.278807 12 storage/engine/rocksdb.go:120                     Options.max_successive_merges: 0
I200409 18:21:56.278918 12 storage/engine/rocksdb.go:120                 Options.optimize_filters_for_hits: 1
I200409 18:21:56.278955 12 storage/engine/rocksdb.go:120                 Options.paranoid_file_checks: 0
I200409 18:21:56.278983 12 storage/engine/rocksdb.go:120                 Options.force_consistency_checks: 0
I200409 18:21:56.279012 12 storage/engine/rocksdb.go:120                 Options.report_bg_io_stats: 0
I200409 18:21:56.279040 12 storage/engine/rocksdb.go:120                                Options.ttl: 0
I200409 18:21:56.279068 12 storage/engine/rocksdb.go:120           Options.periodic_compaction_seconds: 0
I200409 18:21:56.314550 12 storage/engine/rocksdb.go:120  [db/version_set.cc:4286] Recovered from manifest file:/cockroach/cockroach-data/MANIFEST-000005 succeeded,manifest_file_number is 5, next_file_number is 7, last_sequence is 0, log_number is 4,prev_log_number is 0,max_column_family is 0,min_log_number_to_keep is 0
I200409 18:21:56.314588 12 storage/engine/rocksdb.go:120  [db/version_set.cc:4295] Column family [default] (ID 0), log number is 4
I200409 18:21:56.331896 12 storage/engine/rocksdb.go:120  EVENT_LOG_v1 {"time_micros": 1586456516329287, "job": 1, "event": "recovery_started", "log_files": [6]}
I200409 18:21:56.331959 12 storage/engine/rocksdb.go:120  [db/db_impl_open.cc:598] Recovering log #6 mode 0
I200409 18:21:56.338501 12 storage/engine/rocksdb.go:120  [db/version_set.cc:3560] Creating manifest 8
I200409 18:21:56.349072 12 storage/engine/rocksdb.go:120  EVENT_LOG_v1 {"time_micros": 1586456516348999, "job": 1, "event": "recovery_finished"}
I200409 18:21:56.445135 12 storage/engine/rocksdb.go:120  DB pointer 0x7fd2bee99000
