I200412 11:40:55.749712 14 util/log/clog.go:1196  [config] file created at: 2020/04/12 11:40:55
I200412 11:40:55.749712 14 util/log/clog.go:1196  [config] running on machine: 500681dfd2e6
I200412 11:40:55.749712 14 util/log/clog.go:1196  [config] binary: CockroachDB CCL v19.2.5 (x86_64-unknown-linux-gnu, built 2020/03/16 18:27:12, go1.12.12)
I200412 11:40:55.749712 14 util/log/clog.go:1196  [config] arguments: [/cockroach/cockroach start --insecure --join=order_2]
I200412 11:40:55.749712 14 util/log/clog.go:1196  line format: [IWEF]yymmdd hh:mm:ss.uuuuuu goid file:line msg utf8=✓
I200412 11:40:55.749437 14 storage/engine/rocksdb.go:120  RocksDB version: 6.2.1
I200412 11:40:55.768716 14 storage/engine/rocksdb.go:120  Git sha rocksdb_build_git_sha:@b7009236531fa784872f4823eabf393501e41bf2@
I200412 11:40:55.768868 14 storage/engine/rocksdb.go:120  Compile date Mar 16 2020
I200412 11:40:55.768913 14 storage/engine/rocksdb.go:120  DB SUMMARY
I200412 11:40:55.782509 14 storage/engine/rocksdb.go:120  SST files in /cockroach/cockroach-data/cockroach-temp465739684 dir, Total Num: 0, files: 
I200412 11:40:55.859476 14 storage/engine/rocksdb.go:120  Write Ahead Log file in /cockroach/cockroach-data/cockroach-temp465739684: 
I200412 11:40:55.859531 14 storage/engine/rocksdb.go:120                          Options.error_if_exists: 0
I200412 11:40:55.859862 14 storage/engine/rocksdb.go:120                        Options.create_if_missing: 1
I200412 11:40:55.859902 14 storage/engine/rocksdb.go:120                          Options.paranoid_checks: 1
I200412 11:40:55.859943 14 storage/engine/rocksdb.go:120                                      Options.env: 0x75757a0
I200412 11:40:55.859992 14 storage/engine/rocksdb.go:120                                 Options.info_log: 0x7fe5264190e0
I200412 11:40:55.860064 14 storage/engine/rocksdb.go:120                 Options.max_file_opening_threads: 16
I200412 11:40:55.860106 14 storage/engine/rocksdb.go:120                               Options.statistics: 0x7fe526429010
I200412 11:40:55.860149 14 storage/engine/rocksdb.go:120                                Options.use_fsync: 0
I200412 11:40:55.860190 14 storage/engine/rocksdb.go:120                        Options.max_log_file_size: 0
I200412 11:40:55.860231 14 storage/engine/rocksdb.go:120                   Options.max_manifest_file_size: 134217728
I200412 11:40:55.860274 14 storage/engine/rocksdb.go:120                    Options.log_file_time_to_roll: 0
I200412 11:40:55.860320 14 storage/engine/rocksdb.go:120                        Options.keep_log_file_num: 1000
I200412 11:40:55.860364 14 storage/engine/rocksdb.go:120                     Options.recycle_log_file_num: 1
I200412 11:40:55.860658 14 storage/engine/rocksdb.go:120                          Options.allow_fallocate: 1
I200412 11:40:55.861015 14 storage/engine/rocksdb.go:120                         Options.allow_mmap_reads: 0
I200412 11:40:55.861059 14 storage/engine/rocksdb.go:120                        Options.allow_mmap_writes: 0
I200412 11:40:55.861100 14 storage/engine/rocksdb.go:120                         Options.use_direct_reads: 0
I200412 11:40:55.861138 14 storage/engine/rocksdb.go:120                         Options.use_direct_io_for_flush_and_compaction: 0
I200412 11:40:55.861178 14 storage/engine/rocksdb.go:120           Options.create_missing_column_families: 0
I200412 11:40:55.861218 14 storage/engine/rocksdb.go:120                               Options.db_log_dir: 
I200412 11:40:55.861391 14 storage/engine/rocksdb.go:120                                  Options.wal_dir: /cockroach/cockroach-data/cockroach-temp465739684
I200412 11:40:55.861443 14 storage/engine/rocksdb.go:120                 Options.table_cache_numshardbits: 6
I200412 11:40:55.861486 14 storage/engine/rocksdb.go:120                       Options.max_subcompactions: 1
I200412 11:40:55.864801 14 storage/engine/rocksdb.go:120                   Options.max_background_flushes: -1
I200412 11:40:55.864830 14 storage/engine/rocksdb.go:120                          Options.WAL_ttl_seconds: 0
I200412 11:40:55.864859 14 storage/engine/rocksdb.go:120                        Options.WAL_size_limit_MB: 0
I200412 11:40:55.864885 14 storage/engine/rocksdb.go:120              Options.manifest_preallocation_size: 4194304
I200412 11:40:55.864913 14 storage/engine/rocksdb.go:120                      Options.is_fd_close_on_exec: 1
I200412 11:40:55.864942 14 storage/engine/rocksdb.go:120                    Options.advise_random_on_open: 1
I200412 11:40:55.864970 14 storage/engine/rocksdb.go:120                     Options.db_write_buffer_size: 0
I200412 11:40:55.865227 14 storage/engine/rocksdb.go:120                     Options.write_buffer_manager: 0x7fe526491030
I200412 11:40:55.865403 14 storage/engine/rocksdb.go:120          Options.access_hint_on_compaction_start: 1
I200412 11:40:55.865441 14 storage/engine/rocksdb.go:120   Options.new_table_reader_for_compaction_inputs: 0
I200412 11:40:55.865470 14 storage/engine/rocksdb.go:120            Options.random_access_max_buffer_size: 1048576
I200412 11:40:55.865492 14 storage/engine/rocksdb.go:120                       Options.use_adaptive_mutex: 0
I200412 11:40:55.865522 14 storage/engine/rocksdb.go:120                             Options.rate_limiter: (nil)
I200412 11:40:55.866103 14 storage/engine/rocksdb.go:120      Options.sst_file_manager.rate_bytes_per_sec: 0
I200412 11:40:55.866146 14 storage/engine/rocksdb.go:120                        Options.wal_recovery_mode: 0
I200412 11:40:55.866190 14 storage/engine/rocksdb.go:120                   Options.enable_thread_tracking: 0
I200412 11:40:55.866235 14 storage/engine/rocksdb.go:120                   Options.enable_pipelined_write: 0
I200412 11:40:55.866331 14 storage/engine/rocksdb.go:120          Options.allow_concurrent_memtable_write: 1
I200412 11:40:55.869401 14 storage/engine/rocksdb.go:120       Options.enable_write_thread_adaptive_yield: 1
I200412 11:40:55.870626 14 storage/engine/rocksdb.go:120              Options.write_thread_max_yield_usec: 100
I200412 11:40:55.870670 14 storage/engine/rocksdb.go:120             Options.write_thread_slow_yield_usec: 3
I200412 11:40:55.870714 14 storage/engine/rocksdb.go:120                                Options.row_cache: None
I200412 11:40:55.871194 14 storage/engine/rocksdb.go:120                               Options.wal_filter: None
I200412 11:40:55.872280 14 storage/engine/rocksdb.go:120              Options.avoid_flush_during_recovery: 0
I200412 11:40:55.872324 14 storage/engine/rocksdb.go:120              Options.allow_ingest_behind: 0
I200412 11:40:55.872369 14 storage/engine/rocksdb.go:120              Options.preserve_deletes: 0
I200412 11:40:55.872414 14 storage/engine/rocksdb.go:120              Options.two_write_queues: 0
I200412 11:40:55.872950 14 storage/engine/rocksdb.go:120              Options.manual_wal_flush: 1
I200412 11:40:55.872995 14 storage/engine/rocksdb.go:120              Options.atomic_flush: 0
I200412 11:40:55.873068 14 storage/engine/rocksdb.go:120              Options.avoid_unnecessary_blocking_io: 0
I200412 11:40:55.873111 14 storage/engine/rocksdb.go:120              Options.max_background_jobs: 2
I200412 11:40:55.873161 14 storage/engine/rocksdb.go:120              Options.max_background_compactions: -1
I200412 11:40:55.873203 14 storage/engine/rocksdb.go:120              Options.avoid_flush_during_shutdown: 0
I200412 11:40:55.873248 14 storage/engine/rocksdb.go:120            Options.writable_file_max_buffer_size: 1048576
I200412 11:40:55.873895 14 storage/engine/rocksdb.go:120              Options.delayed_write_rate : 16777216
I200412 11:40:55.873938 14 storage/engine/rocksdb.go:120              Options.max_total_wal_size: 0
I200412 11:40:55.873979 14 storage/engine/rocksdb.go:120              Options.delete_obsolete_files_period_micros: 21600000000
I200412 11:40:55.874019 14 storage/engine/rocksdb.go:120                    Options.stats_dump_period_sec: 0
I200412 11:40:55.874062 14 storage/engine/rocksdb.go:120                  Options.stats_persist_period_sec: 600
I200412 11:40:55.874107 14 storage/engine/rocksdb.go:120                  Options.stats_history_buffer_size: 1048576
I200412 11:40:55.874262 14 storage/engine/rocksdb.go:120                           Options.max_open_files: 128
I200412 11:40:55.874310 14 storage/engine/rocksdb.go:120                           Options.bytes_per_sync: 524288
I200412 11:40:55.874354 14 storage/engine/rocksdb.go:120                       Options.wal_bytes_per_sync: 0
I200412 11:40:55.874398 14 storage/engine/rocksdb.go:120                    Options.strict_bytes_per_sync: 1
I200412 11:40:55.874891 14 storage/engine/rocksdb.go:120        Options.compaction_readahead_size: 0
I200412 11:40:55.874921 14 storage/engine/rocksdb.go:120  Compression algorithms supported:
I200412 11:40:55.874987 14 storage/engine/rocksdb.go:120  	kZSTDNotFinalCompression supported: 0
I200412 11:40:55.875016 14 storage/engine/rocksdb.go:120  	kZSTD supported: 0
I200412 11:40:55.875045 14 storage/engine/rocksdb.go:120  	kXpressCompression supported: 0
I200412 11:40:55.875073 14 storage/engine/rocksdb.go:120  	kLZ4HCCompression supported: 0
I200412 11:40:55.875102 14 storage/engine/rocksdb.go:120  	kLZ4Compression supported: 0
I200412 11:40:55.875130 14 storage/engine/rocksdb.go:120  	kBZip2Compression supported: 0
I200412 11:40:55.875158 14 storage/engine/rocksdb.go:120  	kZlibCompression supported: 0
I200412 11:40:55.875186 14 storage/engine/rocksdb.go:120  	kSnappyCompression supported: 1
I200412 11:40:55.875228 14 storage/engine/rocksdb.go:120  Fast CRC32 supported: Supported on x86
I200412 11:40:55.898006 14 storage/engine/rocksdb.go:120  [db/db_impl_open.cc:242] Creating manifest 1 
I200412 11:40:55.964274 14 storage/engine/rocksdb.go:120  [db/version_set.cc:4072] Recovering from manifest file: /cockroach/cockroach-data/cockroach-temp465739684/MANIFEST-000001
I200412 11:40:55.976939 14 storage/engine/rocksdb.go:120  [db/column_family.cc:488] --------------- Options for column family [default]:
I200412 11:40:55.976994 14 storage/engine/rocksdb.go:120                Options.comparator: cockroach_comparator
I200412 11:40:55.977092 14 storage/engine/rocksdb.go:120            Options.merge_operator: cockroach_merge_operator
I200412 11:40:55.977138 14 storage/engine/rocksdb.go:120         Options.compaction_filter: None
I200412 11:40:55.977182 14 storage/engine/rocksdb.go:120         Options.compaction_filter_factory: None
I200412 11:40:55.977223 14 storage/engine/rocksdb.go:120          Options.memtable_factory: SkipListFactory
I200412 11:40:55.977264 14 storage/engine/rocksdb.go:120             Options.table_factory: BlockBasedTable
I200412 11:40:55.977374 14 storage/engine/rocksdb.go:120             table_factory options:   flush_block_policy_factory: FlushBlockBySizePolicyFactory (0x7fe52641d030)
  cache_index_and_filter_blocks: 0
  cache_index_and_filter_blocks_with_high_priority: 0
  pin_l0_filter_and_index_blocks_in_cache: 0
  pin_top_level_index_and_filter: 1
  index_type: 0
  data_block_index_type: 0
  index_shortening: 1
  data_block_hash_table_util_ratio: 0.750000
  hash_index_allow_collision: 1
  checksum: 1
  no_block_cache: 0
  block_cache: 0x7fe52640e010
  block_cache_name: LRUCache
  block_cache_options:
    capacity : 1048576
    num_shard_bits : 4
    strict_capacity_limit : 0
    memory_allocator : None
    high_pri_pool_ratio: 0.000
  block_cache_compressed: (nil)
  persistent_cache: (nil)
  block_size: 32768
  block_size_deviation: 10
  block_restart_interval: 16
  index_block_restart_interval: 1
  metadata_block_size: 4096
  partition_filters: 0
  use_delta_encoding: 1
  filter_policy: rocksdb.BuiltinBloomFilter
  whole_key_filtering: 0
  verify_compression: 0
  read_amp_bytes_per_bit: 0
  format_version: 2
  enable_index_compression: 1
  block_align: 0
I200412 11:40:55.977657 14 storage/engine/rocksdb.go:120         Options.write_buffer_size: 67108864
I200412 11:40:55.978183 14 storage/engine/rocksdb.go:120   Options.max_write_buffer_number: 4
I200412 11:40:55.978226 14 storage/engine/rocksdb.go:120           Options.compression: Snappy
I200412 11:40:55.978256 14 storage/engine/rocksdb.go:120                   Options.bottommost_compression: Disabled
I200412 11:40:55.978284 14 storage/engine/rocksdb.go:120        Options.prefix_extractor: cockroach_prefix_extractor
I200412 11:40:55.978313 14 storage/engine/rocksdb.go:120    Options.memtable_insert_with_hint_prefix_extractor: nullptr
I200412 11:40:55.978341 14 storage/engine/rocksdb.go:120              Options.num_levels: 7
I200412 11:40:55.978369 14 storage/engine/rocksdb.go:120         Options.min_write_buffer_number_to_merge: 1
I200412 11:40:55.978397 14 storage/engine/rocksdb.go:120      Options.max_write_buffer_number_to_maintain: 0
I200412 11:40:55.978425 14 storage/engine/rocksdb.go:120             Options.bottommost_compression_opts.window_bits: -14
I200412 11:40:55.978461 14 storage/engine/rocksdb.go:120                   Options.bottommost_compression_opts.level: 32767
I200412 11:40:55.978486 14 storage/engine/rocksdb.go:120                Options.bottommost_compression_opts.strategy: 0
I200412 11:40:55.978513 14 storage/engine/rocksdb.go:120          Options.bottommost_compression_opts.max_dict_bytes: 0
I200412 11:40:55.978548 14 storage/engine/rocksdb.go:120          Options.bottommost_compression_opts.zstd_max_train_bytes: 0
I200412 11:40:55.978577 14 storage/engine/rocksdb.go:120                   Options.bottommost_compression_opts.enabled: false
I200412 11:40:55.978599 14 storage/engine/rocksdb.go:120             Options.compression_opts.window_bits: -14
I200412 11:40:55.978619 14 storage/engine/rocksdb.go:120                   Options.compression_opts.level: 32767
I200412 11:40:55.978649 14 storage/engine/rocksdb.go:120                Options.compression_opts.strategy: 0
I200412 11:40:55.978677 14 storage/engine/rocksdb.go:120          Options.compression_opts.max_dict_bytes: 0
I200412 11:40:55.978707 14 storage/engine/rocksdb.go:120          Options.compression_opts.zstd_max_train_bytes: 0
I200412 11:40:55.978735 14 storage/engine/rocksdb.go:120                   Options.compression_opts.enabled: false
I200412 11:40:55.978763 14 storage/engine/rocksdb.go:120       Options.level0_file_num_compaction_trigger: 2
I200412 11:40:55.978785 14 storage/engine/rocksdb.go:120           Options.level0_slowdown_writes_trigger: 950
I200412 11:40:55.978806 14 storage/engine/rocksdb.go:120               Options.level0_stop_writes_trigger: 1000
I200412 11:40:55.978835 14 storage/engine/rocksdb.go:120                    Options.target_file_size_base: 4194304
I200412 11:40:55.978864 14 storage/engine/rocksdb.go:120              Options.target_file_size_multiplier: 2
I200412 11:40:55.978892 14 storage/engine/rocksdb.go:120                 Options.max_bytes_for_level_base: 67108864
I200412 11:40:55.978913 14 storage/engine/rocksdb.go:120  Options.level_compaction_dynamic_level_bytes: 1
I200412 11:40:55.978946 14 storage/engine/rocksdb.go:120           Options.max_bytes_for_level_multiplier: 10.000000
I200412 11:40:55.978974 14 storage/engine/rocksdb.go:120  Options.max_bytes_for_level_multiplier_addtl[0]: 1
I200412 11:40:55.979003 14 storage/engine/rocksdb.go:120  Options.max_bytes_for_level_multiplier_addtl[1]: 1
I200412 11:40:55.979024 14 storage/engine/rocksdb.go:120  Options.max_bytes_for_level_multiplier_addtl[2]: 1
I200412 11:40:55.979053 14 storage/engine/rocksdb.go:120  Options.max_bytes_for_level_multiplier_addtl[3]: 1
I200412 11:40:55.979083 14 storage/engine/rocksdb.go:120  Options.max_bytes_for_level_multiplier_addtl[4]: 1
I200412 11:40:55.979111 14 storage/engine/rocksdb.go:120  Options.max_bytes_for_level_multiplier_addtl[5]: 1
I200412 11:40:55.979140 14 storage/engine/rocksdb.go:120  Options.max_bytes_for_level_multiplier_addtl[6]: 1
I200412 11:40:55.979171 14 storage/engine/rocksdb.go:120        Options.max_sequential_skip_in_iterations: 8
I200412 11:40:55.979199 14 storage/engine/rocksdb.go:120                     Options.max_compaction_bytes: 104857600
I200412 11:40:55.979221 14 storage/engine/rocksdb.go:120                         Options.arena_block_size: 8388608
I200412 11:40:55.979250 14 storage/engine/rocksdb.go:120    Options.soft_pending_compaction_bytes_limit: 2199023255552
I200412 11:40:55.979280 14 storage/engine/rocksdb.go:120    Options.hard_pending_compaction_bytes_limit: 4400193994752
I200412 11:40:55.979334 14 storage/engine/rocksdb.go:120        Options.rate_limit_delay_max_milliseconds: 100
I200412 11:40:55.979363 14 storage/engine/rocksdb.go:120                 Options.disable_auto_compactions: 0
I200412 11:40:55.979394 14 storage/engine/rocksdb.go:120                         Options.compaction_style: kCompactionStyleLevel
I200412 11:40:55.979425 14 storage/engine/rocksdb.go:120                           Options.compaction_pri: kMinOverlappingRatio
I200412 11:40:55.979460 14 storage/engine/rocksdb.go:120  Options.compaction_options_universal.size_ratio: 1
I200412 11:40:55.979488 14 storage/engine/rocksdb.go:120  Options.compaction_options_universal.min_merge_width: 2
I200412 11:40:55.979517 14 storage/engine/rocksdb.go:120  Options.compaction_options_universal.max_merge_width: 4294967295
I200412 11:40:55.979545 14 storage/engine/rocksdb.go:120  Options.compaction_options_universal.max_size_amplification_percent: 200
I200412 11:40:55.979573 14 storage/engine/rocksdb.go:120  Options.compaction_options_universal.compression_size_percent: -1
I200412 11:40:55.979603 14 storage/engine/rocksdb.go:120  Options.compaction_options_universal.stop_style: kCompactionStopStyleTotalSize
I200412 11:40:55.979631 14 storage/engine/rocksdb.go:120  Options.compaction_options_fifo.max_table_files_size: 1073741824
I200412 11:40:55.979659 14 storage/engine/rocksdb.go:120  Options.compaction_options_fifo.allow_compaction: 0
I200412 11:40:55.979691 14 storage/engine/rocksdb.go:120                    Options.table_properties_collectors: TimeBoundTblPropCollectorFactory; DeleteRangeTblPropCollectorFactory; 
I200412 11:40:55.979724 14 storage/engine/rocksdb.go:120                    Options.inplace_update_support: 0
I200412 11:40:55.979753 14 storage/engine/rocksdb.go:120                  Options.inplace_update_num_locks: 10000
I200412 11:40:55.980731 14 storage/engine/rocksdb.go:120                Options.memtable_prefix_bloom_size_ratio: 0.000000
I200412 11:40:55.982223 14 storage/engine/rocksdb.go:120                Options.memtable_whole_key_filtering: 0
I200412 11:40:55.982269 14 storage/engine/rocksdb.go:120    Options.memtable_huge_page_size: 0
I200412 11:40:55.982338 14 storage/engine/rocksdb.go:120                            Options.bloom_locality: 0
I200412 11:40:55.982563 14 storage/engine/rocksdb.go:120                     Options.max_successive_merges: 0
I200412 11:40:55.982616 14 storage/engine/rocksdb.go:120                 Options.optimize_filters_for_hits: 1
I200412 11:40:55.982659 14 storage/engine/rocksdb.go:120                 Options.paranoid_file_checks: 0
I200412 11:40:55.982700 14 storage/engine/rocksdb.go:120                 Options.force_consistency_checks: 0
I200412 11:40:55.982744 14 storage/engine/rocksdb.go:120                 Options.report_bg_io_stats: 0
I200412 11:40:55.982786 14 storage/engine/rocksdb.go:120                                Options.ttl: 0
I200412 11:40:55.982934 14 storage/engine/rocksdb.go:120           Options.periodic_compaction_seconds: 0
I200412 11:40:56.009420 14 storage/engine/rocksdb.go:120  [db/version_set.cc:4286] Recovered from manifest file:/cockroach/cockroach-data/cockroach-temp465739684/MANIFEST-000001 succeeded,manifest_file_number is 1, next_file_number is 3, last_sequence is 0, log_number is 0,prev_log_number is 0,max_column_family is 0,min_log_number_to_keep is 0
I200412 11:40:56.010321 14 storage/engine/rocksdb.go:120  [db/version_set.cc:4295] Column family [default] (ID 0), log number is 0
I200412 11:40:56.087140 14 storage/engine/rocksdb.go:120  DB pointer 0x7fe526499000
I200412 11:40:56.588148 14 storage/engine/rocksdb.go:120  RocksDB version: 6.2.1
I200412 11:40:56.588205 14 storage/engine/rocksdb.go:120  Git sha rocksdb_build_git_sha:@b7009236531fa784872f4823eabf393501e41bf2@
I200412 11:40:56.588250 14 storage/engine/rocksdb.go:120  Compile date Mar 16 2020
I200412 11:40:56.588572 14 storage/engine/rocksdb.go:120  DB SUMMARY
I200412 11:40:56.602903 14 storage/engine/rocksdb.go:120  CURRENT file:  CURRENT
I200412 11:40:56.602956 14 storage/engine/rocksdb.go:120  IDENTITY file:  IDENTITY
I200412 11:40:56.604804 14 storage/engine/rocksdb.go:120  MANIFEST file:  MANIFEST-000020 size: 53 Bytes
I200412 11:40:56.604860 14 storage/engine/rocksdb.go:120  SST files in /cockroach/cockroach-data dir, Total Num: 0, files: 
I200412 11:40:56.604908 14 storage/engine/rocksdb.go:120  Write Ahead Log file in /cockroach/cockroach-data: 000021.log size: 214608 ; 
I200412 11:40:56.604955 14 storage/engine/rocksdb.go:120                          Options.error_if_exists: 0
I200412 11:40:56.604996 14 storage/engine/rocksdb.go:120                        Options.create_if_missing: 1
I200412 11:40:56.605037 14 storage/engine/rocksdb.go:120                          Options.paranoid_checks: 1
I200412 11:40:56.605078 14 storage/engine/rocksdb.go:120                                      Options.env: 0x75757a0
I200412 11:40:56.605127 14 storage/engine/rocksdb.go:120                                 Options.info_log: 0x7fe52a40dce0
I200412 11:40:56.605162 14 storage/engine/rocksdb.go:120                 Options.max_file_opening_threads: 16
I200412 11:40:56.605200 14 storage/engine/rocksdb.go:120                               Options.statistics: 0x7fe52a425010
I200412 11:40:56.605244 14 storage/engine/rocksdb.go:120                                Options.use_fsync: 0
I200412 11:40:56.605297 14 storage/engine/rocksdb.go:120                        Options.max_log_file_size: 0
I200412 11:40:56.605340 14 storage/engine/rocksdb.go:120                   Options.max_manifest_file_size: 134217728
I200412 11:40:56.605372 14 storage/engine/rocksdb.go:120                    Options.log_file_time_to_roll: 0
I200412 11:40:56.605412 14 storage/engine/rocksdb.go:120                        Options.keep_log_file_num: 1000
I200412 11:40:56.605542 14 storage/engine/rocksdb.go:120                     Options.recycle_log_file_num: 1
I200412 11:40:56.605578 14 storage/engine/rocksdb.go:120                          Options.allow_fallocate: 1
I200412 11:40:56.605614 14 storage/engine/rocksdb.go:120                         Options.allow_mmap_reads: 0
I200412 11:40:56.605651 14 storage/engine/rocksdb.go:120                        Options.allow_mmap_writes: 0
I200412 11:40:56.605689 14 storage/engine/rocksdb.go:120                         Options.use_direct_reads: 0
I200412 11:40:56.605725 14 storage/engine/rocksdb.go:120                         Options.use_direct_io_for_flush_and_compaction: 0
I200412 11:40:56.605768 14 storage/engine/rocksdb.go:120           Options.create_missing_column_families: 0
I200412 11:40:56.605810 14 storage/engine/rocksdb.go:120                               Options.db_log_dir: 
I200412 11:40:56.605844 14 storage/engine/rocksdb.go:120                                  Options.wal_dir: /cockroach/cockroach-data
I200412 11:40:56.605910 14 storage/engine/rocksdb.go:120                 Options.table_cache_numshardbits: 6
I200412 11:40:56.605970 14 storage/engine/rocksdb.go:120                       Options.max_subcompactions: 1
I200412 11:40:56.606016 14 storage/engine/rocksdb.go:120                   Options.max_background_flushes: -1
I200412 11:40:56.606058 14 storage/engine/rocksdb.go:120                          Options.WAL_ttl_seconds: 0
I200412 11:40:56.606101 14 storage/engine/rocksdb.go:120                        Options.WAL_size_limit_MB: 0
I200412 11:40:56.606161 14 storage/engine/rocksdb.go:120              Options.manifest_preallocation_size: 4194304
I200412 11:40:56.606203 14 storage/engine/rocksdb.go:120                      Options.is_fd_close_on_exec: 1
I200412 11:40:56.606243 14 storage/engine/rocksdb.go:120                    Options.advise_random_on_open: 1
I200412 11:40:56.606286 14 storage/engine/rocksdb.go:120                     Options.db_write_buffer_size: 0
I200412 11:40:56.606570 14 storage/engine/rocksdb.go:120                     Options.write_buffer_manager: 0x7fe52a48d030
I200412 11:40:56.606644 14 storage/engine/rocksdb.go:120          Options.access_hint_on_compaction_start: 1
I200412 11:40:56.606682 14 storage/engine/rocksdb.go:120   Options.new_table_reader_for_compaction_inputs: 0
I200412 11:40:56.606726 14 storage/engine/rocksdb.go:120            Options.random_access_max_buffer_size: 1048576
I200412 11:40:56.606771 14 storage/engine/rocksdb.go:120                       Options.use_adaptive_mutex: 0
I200412 11:40:56.606812 14 storage/engine/rocksdb.go:120                             Options.rate_limiter: (nil)
I200412 11:40:56.606856 14 storage/engine/rocksdb.go:120      Options.sst_file_manager.rate_bytes_per_sec: 0
I200412 11:40:56.606897 14 storage/engine/rocksdb.go:120                        Options.wal_recovery_mode: 0
I200412 11:40:56.606982 14 storage/engine/rocksdb.go:120                   Options.enable_thread_tracking: 0
I200412 11:40:56.607025 14 storage/engine/rocksdb.go:120                   Options.enable_pipelined_write: 0
I200412 11:40:56.607320 14 storage/engine/rocksdb.go:120          Options.allow_concurrent_memtable_write: 1
I200412 11:40:56.607422 14 storage/engine/rocksdb.go:120       Options.enable_write_thread_adaptive_yield: 1
I200412 11:40:56.612291 14 storage/engine/rocksdb.go:120              Options.write_thread_max_yield_usec: 100
I200412 11:40:56.612533 14 storage/engine/rocksdb.go:120             Options.write_thread_slow_yield_usec: 3
I200412 11:40:56.620761 14 storage/engine/rocksdb.go:120                                Options.row_cache: None
I200412 11:40:56.620804 14 storage/engine/rocksdb.go:120                               Options.wal_filter: None
I200412 11:40:56.620847 14 storage/engine/rocksdb.go:120              Options.avoid_flush_during_recovery: 0
I200412 11:40:56.620889 14 storage/engine/rocksdb.go:120              Options.allow_ingest_behind: 0
I200412 11:40:56.620931 14 storage/engine/rocksdb.go:120              Options.preserve_deletes: 0
I200412 11:40:56.620976 14 storage/engine/rocksdb.go:120              Options.two_write_queues: 0
I200412 11:40:56.621015 14 storage/engine/rocksdb.go:120              Options.manual_wal_flush: 1
I200412 11:40:56.621058 14 storage/engine/rocksdb.go:120              Options.atomic_flush: 0
I200412 11:40:56.621098 14 storage/engine/rocksdb.go:120              Options.avoid_unnecessary_blocking_io: 0
I200412 11:40:56.621137 14 storage/engine/rocksdb.go:120              Options.max_background_jobs: 2
I200412 11:40:56.621186 14 storage/engine/rocksdb.go:120              Options.max_background_compactions: -1
I200412 11:40:56.621229 14 storage/engine/rocksdb.go:120              Options.avoid_flush_during_shutdown: 0
I200412 11:40:56.621271 14 storage/engine/rocksdb.go:120            Options.writable_file_max_buffer_size: 1048576
I200412 11:40:56.621312 14 storage/engine/rocksdb.go:120              Options.delayed_write_rate : 16777216
I200412 11:40:56.621355 14 storage/engine/rocksdb.go:120              Options.max_total_wal_size: 0
I200412 11:40:56.621396 14 storage/engine/rocksdb.go:120              Options.delete_obsolete_files_period_micros: 21600000000
I200412 11:40:56.621439 14 storage/engine/rocksdb.go:120                    Options.stats_dump_period_sec: 0
I200412 11:40:56.621573 14 storage/engine/rocksdb.go:120                  Options.stats_persist_period_sec: 600
I200412 11:40:56.621614 14 storage/engine/rocksdb.go:120                  Options.stats_history_buffer_size: 1048576
I200412 11:40:56.621670 14 storage/engine/rocksdb.go:120                           Options.max_open_files: 1043576
I200412 11:40:56.621719 14 storage/engine/rocksdb.go:120                           Options.bytes_per_sync: 524288
I200412 11:40:56.621762 14 storage/engine/rocksdb.go:120                       Options.wal_bytes_per_sync: 0
I200412 11:40:56.621804 14 storage/engine/rocksdb.go:120                    Options.strict_bytes_per_sync: 1
I200412 11:40:56.621845 14 storage/engine/rocksdb.go:120        Options.compaction_readahead_size: 0
I200412 11:40:56.621889 14 storage/engine/rocksdb.go:120  Compression algorithms supported:
I200412 11:40:56.621933 14 storage/engine/rocksdb.go:120  	kZSTDNotFinalCompression supported: 0
I200412 11:40:56.621990 14 storage/engine/rocksdb.go:120  	kZSTD supported: 0
I200412 11:40:56.622049 14 storage/engine/rocksdb.go:120  	kXpressCompression supported: 0
I200412 11:40:56.622103 14 storage/engine/rocksdb.go:120  	kLZ4HCCompression supported: 0
I200412 11:40:56.622161 14 storage/engine/rocksdb.go:120  	kLZ4Compression supported: 0
I200412 11:40:56.622218 14 storage/engine/rocksdb.go:120  	kBZip2Compression supported: 0
I200412 11:40:56.622275 14 storage/engine/rocksdb.go:120  	kZlibCompression supported: 0
I200412 11:40:56.622317 14 storage/engine/rocksdb.go:120  	kSnappyCompression supported: 1
I200412 11:40:56.622377 14 storage/engine/rocksdb.go:120  Fast CRC32 supported: Supported on x86
I200412 11:40:56.705608 14 storage/engine/rocksdb.go:120  [db/version_set.cc:4072] Recovering from manifest file: /cockroach/cockroach-data/MANIFEST-000020
I200412 11:40:56.713050 14 storage/engine/rocksdb.go:120  [db/column_family.cc:488] --------------- Options for column family [default]:
I200412 11:40:56.713118 14 storage/engine/rocksdb.go:120                Options.comparator: cockroach_comparator
I200412 11:40:56.713439 14 storage/engine/rocksdb.go:120            Options.merge_operator: cockroach_merge_operator
I200412 11:40:56.713664 14 storage/engine/rocksdb.go:120         Options.compaction_filter: None
I200412 11:40:56.714905 14 storage/engine/rocksdb.go:120         Options.compaction_filter_factory: None
I200412 11:40:56.714944 14 storage/engine/rocksdb.go:120          Options.memtable_factory: SkipListFactory
I200412 11:40:56.714983 14 storage/engine/rocksdb.go:120             Options.table_factory: BlockBasedTable
I200412 11:40:56.715272 14 storage/engine/rocksdb.go:120             table_factory options:   flush_block_policy_factory: FlushBlockBySizePolicyFactory (0x7fe52a423028)
  cache_index_and_filter_blocks: 0
  cache_index_and_filter_blocks_with_high_priority: 0
  pin_l0_filter_and_index_blocks_in_cache: 0
  pin_top_level_index_and_filter: 1
  index_type: 0
  data_block_index_type: 0
  index_shortening: 1
  data_block_hash_table_util_ratio: 0.750000
  hash_index_allow_collision: 1
  checksum: 1
  no_block_cache: 0
  block_cache: 0x7fe52a414010
  block_cache_name: LRUCache
  block_cache_options:
    capacity : 67108864
    num_shard_bits : 4
    strict_capacity_limit : 0
    memory_allocator : None
    high_pri_pool_ratio: 0.000
  block_cache_compressed: (nil)
  persistent_cache: (nil)
  block_size: 32768
  block_size_deviation: 10
  block_restart_interval: 16
  index_block_restart_interval: 1
  metadata_block_size: 4096
  partition_filters: 0
  use_delta_encoding: 1
  filter_policy: rocksdb.BuiltinBloomFilter
  whole_key_filtering: 0
  verify_compression: 0
  read_amp_bytes_per_bit: 0
  format_version: 2
  enable_index_compression: 1
  block_align: 0
I200412 11:40:56.715323 14 storage/engine/rocksdb.go:120         Options.write_buffer_size: 67108864
I200412 11:40:56.715821 14 storage/engine/rocksdb.go:120   Options.max_write_buffer_number: 4
I200412 11:40:56.715875 14 storage/engine/rocksdb.go:120           Options.compression: Snappy
I200412 11:40:56.715919 14 storage/engine/rocksdb.go:120                   Options.bottommost_compression: Disabled
I200412 11:40:56.716059 14 storage/engine/rocksdb.go:120        Options.prefix_extractor: cockroach_prefix_extractor
I200412 11:40:56.716284 14 storage/engine/rocksdb.go:120    Options.memtable_insert_with_hint_prefix_extractor: nullptr
I200412 11:40:56.716506 14 storage/engine/rocksdb.go:120              Options.num_levels: 7
I200412 11:40:56.717078 14 storage/engine/rocksdb.go:120         Options.min_write_buffer_number_to_merge: 1
I200412 11:40:56.717120 14 storage/engine/rocksdb.go:120      Options.max_write_buffer_number_to_maintain: 0
I200412 11:40:56.717635 14 storage/engine/rocksdb.go:120             Options.bottommost_compression_opts.window_bits: -14
I200412 11:40:56.717938 14 storage/engine/rocksdb.go:120                   Options.bottommost_compression_opts.level: 32767
I200412 11:40:56.717968 14 storage/engine/rocksdb.go:120                Options.bottommost_compression_opts.strategy: 0
I200412 11:40:56.718071 14 storage/engine/rocksdb.go:120          Options.bottommost_compression_opts.max_dict_bytes: 0
I200412 11:40:56.718153 14 storage/engine/rocksdb.go:120          Options.bottommost_compression_opts.zstd_max_train_bytes: 0
I200412 11:40:56.718924 14 storage/engine/rocksdb.go:120                   Options.bottommost_compression_opts.enabled: false
I200412 11:40:56.718954 14 storage/engine/rocksdb.go:120             Options.compression_opts.window_bits: -14
I200412 11:40:56.718981 14 storage/engine/rocksdb.go:120                   Options.compression_opts.level: 32767
I200412 11:40:56.719010 14 storage/engine/rocksdb.go:120                Options.compression_opts.strategy: 0
I200412 11:40:56.719037 14 storage/engine/rocksdb.go:120          Options.compression_opts.max_dict_bytes: 0
I200412 11:40:56.719065 14 storage/engine/rocksdb.go:120          Options.compression_opts.zstd_max_train_bytes: 0
I200412 11:40:56.719095 14 storage/engine/rocksdb.go:120                   Options.compression_opts.enabled: false
I200412 11:40:56.719127 14 storage/engine/rocksdb.go:120       Options.level0_file_num_compaction_trigger: 2
I200412 11:40:56.719155 14 storage/engine/rocksdb.go:120           Options.level0_slowdown_writes_trigger: 950
I200412 11:40:56.719183 14 storage/engine/rocksdb.go:120               Options.level0_stop_writes_trigger: 1000
I200412 11:40:56.719211 14 storage/engine/rocksdb.go:120                    Options.target_file_size_base: 4194304
I200412 11:40:56.719239 14 storage/engine/rocksdb.go:120              Options.target_file_size_multiplier: 2
I200412 11:40:56.719268 14 storage/engine/rocksdb.go:120                 Options.max_bytes_for_level_base: 67108864
I200412 11:40:56.719296 14 storage/engine/rocksdb.go:120  Options.level_compaction_dynamic_level_bytes: 1
I200412 11:40:56.719328 14 storage/engine/rocksdb.go:120           Options.max_bytes_for_level_multiplier: 10.000000
I200412 11:40:56.719356 14 storage/engine/rocksdb.go:120  Options.max_bytes_for_level_multiplier_addtl[0]: 1
I200412 11:40:56.719384 14 storage/engine/rocksdb.go:120  Options.max_bytes_for_level_multiplier_addtl[1]: 1
I200412 11:40:56.719415 14 storage/engine/rocksdb.go:120  Options.max_bytes_for_level_multiplier_addtl[2]: 1
I200412 11:40:56.719444 14 storage/engine/rocksdb.go:120  Options.max_bytes_for_level_multiplier_addtl[3]: 1
I200412 11:40:56.719472 14 storage/engine/rocksdb.go:120  Options.max_bytes_for_level_multiplier_addtl[4]: 1
I200412 11:40:56.719702 14 storage/engine/rocksdb.go:120  Options.max_bytes_for_level_multiplier_addtl[5]: 1
I200412 11:40:56.720122 14 storage/engine/rocksdb.go:120  Options.max_bytes_for_level_multiplier_addtl[6]: 1
I200412 11:40:56.720270 14 storage/engine/rocksdb.go:120        Options.max_sequential_skip_in_iterations: 8
I200412 11:40:56.720506 14 storage/engine/rocksdb.go:120                     Options.max_compaction_bytes: 104857600
I200412 11:40:56.722324 14 storage/engine/rocksdb.go:120                         Options.arena_block_size: 8388608
I200412 11:40:56.743946 14 storage/engine/rocksdb.go:120    Options.soft_pending_compaction_bytes_limit: 2199023255552
I200412 11:40:56.744424 14 storage/engine/rocksdb.go:120    Options.hard_pending_compaction_bytes_limit: 4400193994752
I200412 11:40:56.744655 14 storage/engine/rocksdb.go:120        Options.rate_limit_delay_max_milliseconds: 100
I200412 11:40:56.744699 14 storage/engine/rocksdb.go:120                 Options.disable_auto_compactions: 0
I200412 11:40:56.744895 14 storage/engine/rocksdb.go:120                         Options.compaction_style: kCompactionStyleLevel
I200412 11:40:56.744952 14 storage/engine/rocksdb.go:120                           Options.compaction_pri: kMinOverlappingRatio
I200412 11:40:56.745333 14 storage/engine/rocksdb.go:120  Options.compaction_options_universal.size_ratio: 1
I200412 11:40:56.747884 14 storage/engine/rocksdb.go:120  Options.compaction_options_universal.min_merge_width: 2
I200412 11:40:56.747929 14 storage/engine/rocksdb.go:120  Options.compaction_options_universal.max_merge_width: 4294967295
I200412 11:40:56.748128 14 storage/engine/rocksdb.go:120  Options.compaction_options_universal.max_size_amplification_percent: 200
I200412 11:40:56.748164 14 storage/engine/rocksdb.go:120  Options.compaction_options_universal.compression_size_percent: -1
I200412 11:40:56.749024 14 storage/engine/rocksdb.go:120  Options.compaction_options_universal.stop_style: kCompactionStopStyleTotalSize
I200412 11:40:56.749055 14 storage/engine/rocksdb.go:120  Options.compaction_options_fifo.max_table_files_size: 1073741824
I200412 11:40:56.749087 14 storage/engine/rocksdb.go:120  Options.compaction_options_fifo.allow_compaction: 0
I200412 11:40:56.749127 14 storage/engine/rocksdb.go:120                    Options.table_properties_collectors: TimeBoundTblPropCollectorFactory; DeleteRangeTblPropCollectorFactory; 
I200412 11:40:56.749170 14 storage/engine/rocksdb.go:120                    Options.inplace_update_support: 0
I200412 11:40:56.749208 14 storage/engine/rocksdb.go:120                  Options.inplace_update_num_locks: 10000
I200412 11:40:56.749252 14 storage/engine/rocksdb.go:120                Options.memtable_prefix_bloom_size_ratio: 0.000000
I200412 11:40:56.749283 14 storage/engine/rocksdb.go:120                Options.memtable_whole_key_filtering: 0
I200412 11:40:56.749314 14 storage/engine/rocksdb.go:120    Options.memtable_huge_page_size: 0
I200412 11:40:56.749346 14 storage/engine/rocksdb.go:120                            Options.bloom_locality: 0
I200412 11:40:56.749378 14 storage/engine/rocksdb.go:120                     Options.max_successive_merges: 0
I200412 11:40:56.749410 14 storage/engine/rocksdb.go:120                 Options.optimize_filters_for_hits: 1
I200412 11:40:56.749450 14 storage/engine/rocksdb.go:120                 Options.paranoid_file_checks: 0
I200412 11:40:56.749490 14 storage/engine/rocksdb.go:120                 Options.force_consistency_checks: 0
I200412 11:40:56.749538 14 storage/engine/rocksdb.go:120                 Options.report_bg_io_stats: 0
I200412 11:40:56.749578 14 storage/engine/rocksdb.go:120                                Options.ttl: 0
I200412 11:40:56.749619 14 storage/engine/rocksdb.go:120           Options.periodic_compaction_seconds: 0
I200412 11:40:56.804297 14 storage/engine/rocksdb.go:120  [db/version_set.cc:4286] Recovered from manifest file:/cockroach/cockroach-data/MANIFEST-000020 succeeded,manifest_file_number is 20, next_file_number is 22, last_sequence is 0, log_number is 19,prev_log_number is 0,max_column_family is 0,min_log_number_to_keep is 0
I200412 11:40:56.804353 14 storage/engine/rocksdb.go:120  [db/version_set.cc:4295] Column family [default] (ID 0), log number is 19
I200412 11:40:56.837520 14 storage/engine/rocksdb.go:120  EVENT_LOG_v1 {"time_micros": 1586691656834844, "job": 1, "event": "recovery_started", "log_files": [21]}
I200412 11:40:56.837582 14 storage/engine/rocksdb.go:120  [db/db_impl_open.cc:598] Recovering log #21 mode 0
I200412 11:40:56.903391 14 storage/engine/rocksdb.go:120  [db/version_set.cc:3560] Creating manifest 23
I200412 11:40:56.996849 14 storage/engine/rocksdb.go:120  EVENT_LOG_v1 {"time_micros": 1586691656994872, "job": 1, "event": "recovery_finished"}
I200412 11:40:57.137365 14 storage/engine/rocksdb.go:120  DB pointer 0x7fe52a49a000
