I200430 17:00:07.289425 11 util/log/clog.go:1196  [config] file created at: 2020/04/30 17:00:07
I200430 17:00:07.289425 11 util/log/clog.go:1196  [config] running on machine: 5491cc8c4bc9
I200430 17:00:07.289425 11 util/log/clog.go:1196  [config] binary: CockroachDB CCL v19.2.5 (x86_64-unknown-linux-gnu, built 2020/03/16 18:27:12, go1.12.12)
I200430 17:00:07.289425 11 util/log/clog.go:1196  [config] arguments: [/cockroach/cockroach start --insecure --join=order_2]
I200430 17:00:07.289425 11 util/log/clog.go:1196  line format: [IWEF]yymmdd hh:mm:ss.uuuuuu goid file:line msg utf8=✓
I200430 17:00:07.289424 11 storage/engine/rocksdb.go:120  RocksDB version: 6.2.1
I200430 17:00:07.331834 11 storage/engine/rocksdb.go:120  Git sha rocksdb_build_git_sha:@b7009236531fa784872f4823eabf393501e41bf2@
I200430 17:00:07.331849 11 storage/engine/rocksdb.go:120  Compile date Mar 16 2020
I200430 17:00:07.331861 11 storage/engine/rocksdb.go:120  DB SUMMARY
I200430 17:00:07.341572 11 storage/engine/rocksdb.go:120  SST files in /cockroach/cockroach-data/cockroach-temp100049531 dir, Total Num: 0, files: 
I200430 17:00:07.466422 11 storage/engine/rocksdb.go:120  Write Ahead Log file in /cockroach/cockroach-data/cockroach-temp100049531: 
I200430 17:00:07.466945 11 storage/engine/rocksdb.go:120                          Options.error_if_exists: 0
I200430 17:00:07.467553 11 storage/engine/rocksdb.go:120                        Options.create_if_missing: 1
I200430 17:00:07.467567 11 storage/engine/rocksdb.go:120                          Options.paranoid_checks: 1
I200430 17:00:07.467890 11 storage/engine/rocksdb.go:120                                      Options.env: 0x75757a0
I200430 17:00:07.467899 11 storage/engine/rocksdb.go:120                                 Options.info_log: 0x7f49fea87fa0
I200430 17:00:07.467904 11 storage/engine/rocksdb.go:120                 Options.max_file_opening_threads: 16
I200430 17:00:07.467910 11 storage/engine/rocksdb.go:120                               Options.statistics: 0x7f49fea1d8d0
I200430 17:00:07.467942 11 storage/engine/rocksdb.go:120                                Options.use_fsync: 0
I200430 17:00:07.467950 11 storage/engine/rocksdb.go:120                        Options.max_log_file_size: 0
I200430 17:00:07.467955 11 storage/engine/rocksdb.go:120                   Options.max_manifest_file_size: 134217728
I200430 17:00:07.467960 11 storage/engine/rocksdb.go:120                    Options.log_file_time_to_roll: 0
I200430 17:00:07.467968 11 storage/engine/rocksdb.go:120                        Options.keep_log_file_num: 1000
I200430 17:00:07.467979 11 storage/engine/rocksdb.go:120                     Options.recycle_log_file_num: 1
I200430 17:00:07.468000 11 storage/engine/rocksdb.go:120                          Options.allow_fallocate: 1
I200430 17:00:07.468024 11 storage/engine/rocksdb.go:120                         Options.allow_mmap_reads: 0
I200430 17:00:07.468031 11 storage/engine/rocksdb.go:120                        Options.allow_mmap_writes: 0
I200430 17:00:07.468036 11 storage/engine/rocksdb.go:120                         Options.use_direct_reads: 0
I200430 17:00:07.468042 11 storage/engine/rocksdb.go:120                         Options.use_direct_io_for_flush_and_compaction: 0
I200430 17:00:07.468047 11 storage/engine/rocksdb.go:120           Options.create_missing_column_families: 0
I200430 17:00:07.468052 11 storage/engine/rocksdb.go:120                               Options.db_log_dir: 
I200430 17:00:07.468058 11 storage/engine/rocksdb.go:120                                  Options.wal_dir: /cockroach/cockroach-data/cockroach-temp100049531
I200430 17:00:07.468063 11 storage/engine/rocksdb.go:120                 Options.table_cache_numshardbits: 6
I200430 17:00:07.468068 11 storage/engine/rocksdb.go:120                       Options.max_subcompactions: 1
I200430 17:00:07.468545 11 storage/engine/rocksdb.go:120                   Options.max_background_flushes: -1
I200430 17:00:07.468609 11 storage/engine/rocksdb.go:120                          Options.WAL_ttl_seconds: 0
I200430 17:00:07.468626 11 storage/engine/rocksdb.go:120                        Options.WAL_size_limit_MB: 0
I200430 17:00:07.468732 11 storage/engine/rocksdb.go:120              Options.manifest_preallocation_size: 4194304
I200430 17:00:07.468749 11 storage/engine/rocksdb.go:120                      Options.is_fd_close_on_exec: 1
I200430 17:00:07.468760 11 storage/engine/rocksdb.go:120                    Options.advise_random_on_open: 1
I200430 17:00:07.468768 11 storage/engine/rocksdb.go:120                     Options.db_write_buffer_size: 0
I200430 17:00:07.468777 11 storage/engine/rocksdb.go:120                     Options.write_buffer_manager: 0x7f49fea60ce0
I200430 17:00:07.468784 11 storage/engine/rocksdb.go:120          Options.access_hint_on_compaction_start: 1
I200430 17:00:07.468790 11 storage/engine/rocksdb.go:120   Options.new_table_reader_for_compaction_inputs: 0
I200430 17:00:07.468805 11 storage/engine/rocksdb.go:120            Options.random_access_max_buffer_size: 1048576
I200430 17:00:07.468813 11 storage/engine/rocksdb.go:120                       Options.use_adaptive_mutex: 0
I200430 17:00:07.468818 11 storage/engine/rocksdb.go:120                             Options.rate_limiter: (nil)
I200430 17:00:07.468825 11 storage/engine/rocksdb.go:120      Options.sst_file_manager.rate_bytes_per_sec: 0
I200430 17:00:07.468833 11 storage/engine/rocksdb.go:120                        Options.wal_recovery_mode: 0
I200430 17:00:07.468838 11 storage/engine/rocksdb.go:120                   Options.enable_thread_tracking: 0
I200430 17:00:07.468847 11 storage/engine/rocksdb.go:120                   Options.enable_pipelined_write: 0
I200430 17:00:07.468857 11 storage/engine/rocksdb.go:120          Options.allow_concurrent_memtable_write: 1
I200430 17:00:07.468868 11 storage/engine/rocksdb.go:120       Options.enable_write_thread_adaptive_yield: 1
I200430 17:00:07.468879 11 storage/engine/rocksdb.go:120              Options.write_thread_max_yield_usec: 100
I200430 17:00:07.468889 11 storage/engine/rocksdb.go:120             Options.write_thread_slow_yield_usec: 3
I200430 17:00:07.468899 11 storage/engine/rocksdb.go:120                                Options.row_cache: None
I200430 17:00:07.468909 11 storage/engine/rocksdb.go:120                               Options.wal_filter: None
I200430 17:00:07.468920 11 storage/engine/rocksdb.go:120              Options.avoid_flush_during_recovery: 0
I200430 17:00:07.468940 11 storage/engine/rocksdb.go:120              Options.allow_ingest_behind: 0
I200430 17:00:07.469138 11 storage/engine/rocksdb.go:120              Options.preserve_deletes: 0
I200430 17:00:07.469188 11 storage/engine/rocksdb.go:120              Options.two_write_queues: 0
I200430 17:00:07.469200 11 storage/engine/rocksdb.go:120              Options.manual_wal_flush: 1
I200430 17:00:07.469206 11 storage/engine/rocksdb.go:120              Options.atomic_flush: 0
I200430 17:00:07.469213 11 storage/engine/rocksdb.go:120              Options.avoid_unnecessary_blocking_io: 0
I200430 17:00:07.469220 11 storage/engine/rocksdb.go:120              Options.max_background_jobs: 2
I200430 17:00:07.469225 11 storage/engine/rocksdb.go:120              Options.max_background_compactions: -1
I200430 17:00:07.469230 11 storage/engine/rocksdb.go:120              Options.avoid_flush_during_shutdown: 0
I200430 17:00:07.469236 11 storage/engine/rocksdb.go:120            Options.writable_file_max_buffer_size: 1048576
I200430 17:00:07.469242 11 storage/engine/rocksdb.go:120              Options.delayed_write_rate : 16777216
I200430 17:00:07.469253 11 storage/engine/rocksdb.go:120              Options.max_total_wal_size: 0
I200430 17:00:07.469259 11 storage/engine/rocksdb.go:120              Options.delete_obsolete_files_period_micros: 21600000000
I200430 17:00:07.469265 11 storage/engine/rocksdb.go:120                    Options.stats_dump_period_sec: 0
I200430 17:00:07.469270 11 storage/engine/rocksdb.go:120                  Options.stats_persist_period_sec: 600
I200430 17:00:07.469275 11 storage/engine/rocksdb.go:120                  Options.stats_history_buffer_size: 1048576
I200430 17:00:07.469280 11 storage/engine/rocksdb.go:120                           Options.max_open_files: 128
I200430 17:00:07.469285 11 storage/engine/rocksdb.go:120                           Options.bytes_per_sync: 524288
I200430 17:00:07.469290 11 storage/engine/rocksdb.go:120                       Options.wal_bytes_per_sync: 0
I200430 17:00:07.469295 11 storage/engine/rocksdb.go:120                    Options.strict_bytes_per_sync: 1
I200430 17:00:07.469300 11 storage/engine/rocksdb.go:120        Options.compaction_readahead_size: 0
I200430 17:00:07.469306 11 storage/engine/rocksdb.go:120  Compression algorithms supported:
I200430 17:00:07.469312 11 storage/engine/rocksdb.go:120  	kZSTDNotFinalCompression supported: 0
I200430 17:00:07.469318 11 storage/engine/rocksdb.go:120  	kZSTD supported: 0
I200430 17:00:07.469323 11 storage/engine/rocksdb.go:120  	kXpressCompression supported: 0
I200430 17:00:07.469329 11 storage/engine/rocksdb.go:120  	kLZ4HCCompression supported: 0
I200430 17:00:07.469378 11 storage/engine/rocksdb.go:120  	kLZ4Compression supported: 0
I200430 17:00:07.469384 11 storage/engine/rocksdb.go:120  	kBZip2Compression supported: 0
I200430 17:00:07.469389 11 storage/engine/rocksdb.go:120  	kZlibCompression supported: 0
I200430 17:00:07.469395 11 storage/engine/rocksdb.go:120  	kSnappyCompression supported: 1
I200430 17:00:07.469419 11 storage/engine/rocksdb.go:120  Fast CRC32 supported: Supported on x86
I200430 17:00:07.479814 11 storage/engine/rocksdb.go:120  [db/db_impl_open.cc:242] Creating manifest 1 
I200430 17:00:07.542221 11 storage/engine/rocksdb.go:120  [db/version_set.cc:4072] Recovering from manifest file: /cockroach/cockroach-data/cockroach-temp100049531/MANIFEST-000001
I200430 17:00:07.555546 11 storage/engine/rocksdb.go:120  [db/column_family.cc:488] --------------- Options for column family [default]:
I200430 17:00:07.555569 11 storage/engine/rocksdb.go:120                Options.comparator: cockroach_comparator
I200430 17:00:07.555576 11 storage/engine/rocksdb.go:120            Options.merge_operator: cockroach_merge_operator
I200430 17:00:07.555663 11 storage/engine/rocksdb.go:120         Options.compaction_filter: None
I200430 17:00:07.555674 11 storage/engine/rocksdb.go:120         Options.compaction_filter_factory: None
I200430 17:00:07.555681 11 storage/engine/rocksdb.go:120          Options.memtable_factory: SkipListFactory
I200430 17:00:07.555686 11 storage/engine/rocksdb.go:120             Options.table_factory: BlockBasedTable
I200430 17:00:07.555767 11 storage/engine/rocksdb.go:120             table_factory options:   flush_block_policy_factory: FlushBlockBySizePolicyFactory (0x7f49fea24040)
  cache_index_and_filter_blocks: 0
  cache_index_and_filter_blocks_with_high_priority: 0
  pin_l0_filter_and_index_blocks_in_cache: 0
  pin_top_level_index_and_filter: 1
  index_type: 0
  data_block_index_type: 0
  index_shortening: 1
  data_block_hash_table_util_ratio: 0.750000
  hash_index_allow_collision: 1
  checksum: 1
  no_block_cache: 0
  block_cache: 0x7f49fea7a190
  block_cache_name: LRUCache
  block_cache_options:
    capacity : 1048576
    num_shard_bits : 4
    strict_capacity_limit : 0
    memory_allocator : None
    high_pri_pool_ratio: 0.000
  block_cache_compressed: (nil)
  persistent_cache: (nil)
  block_size: 32768
  block_size_deviation: 10
  block_restart_interval: 16
  index_block_restart_interval: 1
  metadata_block_size: 4096
  partition_filters: 0
  use_delta_encoding: 1
  filter_policy: rocksdb.BuiltinBloomFilter
  whole_key_filtering: 0
  verify_compression: 0
  read_amp_bytes_per_bit: 0
  format_version: 2
  enable_index_compression: 1
  block_align: 0
I200430 17:00:07.556117 11 storage/engine/rocksdb.go:120         Options.write_buffer_size: 67108864
I200430 17:00:07.556138 11 storage/engine/rocksdb.go:120   Options.max_write_buffer_number: 4
I200430 17:00:07.556253 11 storage/engine/rocksdb.go:120           Options.compression: Snappy
I200430 17:00:07.556265 11 storage/engine/rocksdb.go:120                   Options.bottommost_compression: Disabled
I200430 17:00:07.556274 11 storage/engine/rocksdb.go:120        Options.prefix_extractor: cockroach_prefix_extractor
I200430 17:00:07.556296 11 storage/engine/rocksdb.go:120    Options.memtable_insert_with_hint_prefix_extractor: nullptr
I200430 17:00:07.556308 11 storage/engine/rocksdb.go:120              Options.num_levels: 7
I200430 17:00:07.556317 11 storage/engine/rocksdb.go:120         Options.min_write_buffer_number_to_merge: 1
I200430 17:00:07.557811 11 storage/engine/rocksdb.go:120      Options.max_write_buffer_number_to_maintain: 0
I200430 17:00:07.557836 11 storage/engine/rocksdb.go:120             Options.bottommost_compression_opts.window_bits: -14
I200430 17:00:07.557862 11 storage/engine/rocksdb.go:120                   Options.bottommost_compression_opts.level: 32767
I200430 17:00:07.558158 11 storage/engine/rocksdb.go:120                Options.bottommost_compression_opts.strategy: 0
I200430 17:00:07.558525 11 storage/engine/rocksdb.go:120          Options.bottommost_compression_opts.max_dict_bytes: 0
I200430 17:00:07.558543 11 storage/engine/rocksdb.go:120          Options.bottommost_compression_opts.zstd_max_train_bytes: 0
I200430 17:00:07.558561 11 storage/engine/rocksdb.go:120                   Options.bottommost_compression_opts.enabled: false
I200430 17:00:07.558586 11 storage/engine/rocksdb.go:120             Options.compression_opts.window_bits: -14
I200430 17:00:07.558603 11 storage/engine/rocksdb.go:120                   Options.compression_opts.level: 32767
I200430 17:00:07.558611 11 storage/engine/rocksdb.go:120                Options.compression_opts.strategy: 0
I200430 17:00:07.558617 11 storage/engine/rocksdb.go:120          Options.compression_opts.max_dict_bytes: 0
I200430 17:00:07.558622 11 storage/engine/rocksdb.go:120          Options.compression_opts.zstd_max_train_bytes: 0
I200430 17:00:07.558627 11 storage/engine/rocksdb.go:120                   Options.compression_opts.enabled: false
I200430 17:00:07.558632 11 storage/engine/rocksdb.go:120       Options.level0_file_num_compaction_trigger: 2
I200430 17:00:07.558637 11 storage/engine/rocksdb.go:120           Options.level0_slowdown_writes_trigger: 950
I200430 17:00:07.558642 11 storage/engine/rocksdb.go:120               Options.level0_stop_writes_trigger: 1000
I200430 17:00:07.558647 11 storage/engine/rocksdb.go:120                    Options.target_file_size_base: 4194304
I200430 17:00:07.558653 11 storage/engine/rocksdb.go:120              Options.target_file_size_multiplier: 2
I200430 17:00:07.558658 11 storage/engine/rocksdb.go:120                 Options.max_bytes_for_level_base: 67108864
I200430 17:00:07.559497 11 storage/engine/rocksdb.go:120  Options.level_compaction_dynamic_level_bytes: 1
I200430 17:00:07.559532 11 storage/engine/rocksdb.go:120           Options.max_bytes_for_level_multiplier: 10.000000
I200430 17:00:07.559545 11 storage/engine/rocksdb.go:120  Options.max_bytes_for_level_multiplier_addtl[0]: 1
I200430 17:00:07.559555 11 storage/engine/rocksdb.go:120  Options.max_bytes_for_level_multiplier_addtl[1]: 1
I200430 17:00:07.559576 11 storage/engine/rocksdb.go:120  Options.max_bytes_for_level_multiplier_addtl[2]: 1
I200430 17:00:07.560012 11 storage/engine/rocksdb.go:120  Options.max_bytes_for_level_multiplier_addtl[3]: 1
I200430 17:00:07.560480 11 storage/engine/rocksdb.go:120  Options.max_bytes_for_level_multiplier_addtl[4]: 1
I200430 17:00:07.560501 11 storage/engine/rocksdb.go:120  Options.max_bytes_for_level_multiplier_addtl[5]: 1
I200430 17:00:07.560508 11 storage/engine/rocksdb.go:120  Options.max_bytes_for_level_multiplier_addtl[6]: 1
I200430 17:00:07.560514 11 storage/engine/rocksdb.go:120        Options.max_sequential_skip_in_iterations: 8
I200430 17:00:07.560519 11 storage/engine/rocksdb.go:120                     Options.max_compaction_bytes: 104857600
I200430 17:00:07.560525 11 storage/engine/rocksdb.go:120                         Options.arena_block_size: 8388608
I200430 17:00:07.560530 11 storage/engine/rocksdb.go:120    Options.soft_pending_compaction_bytes_limit: 2199023255552
I200430 17:00:07.560535 11 storage/engine/rocksdb.go:120    Options.hard_pending_compaction_bytes_limit: 4400193994752
I200430 17:00:07.560540 11 storage/engine/rocksdb.go:120        Options.rate_limit_delay_max_milliseconds: 100
I200430 17:00:07.560548 11 storage/engine/rocksdb.go:120                 Options.disable_auto_compactions: 0
I200430 17:00:07.560557 11 storage/engine/rocksdb.go:120                         Options.compaction_style: kCompactionStyleLevel
I200430 17:00:07.561428 11 storage/engine/rocksdb.go:120                           Options.compaction_pri: kMinOverlappingRatio
I200430 17:00:07.561454 11 storage/engine/rocksdb.go:120  Options.compaction_options_universal.size_ratio: 1
I200430 17:00:07.561548 11 storage/engine/rocksdb.go:120  Options.compaction_options_universal.min_merge_width: 2
I200430 17:00:07.561565 11 storage/engine/rocksdb.go:120  Options.compaction_options_universal.max_merge_width: 4294967295
I200430 17:00:07.561615 11 storage/engine/rocksdb.go:120  Options.compaction_options_universal.max_size_amplification_percent: 200
I200430 17:00:07.561633 11 storage/engine/rocksdb.go:120  Options.compaction_options_universal.compression_size_percent: -1
I200430 17:00:07.561649 11 storage/engine/rocksdb.go:120  Options.compaction_options_universal.stop_style: kCompactionStopStyleTotalSize
I200430 17:00:07.561660 11 storage/engine/rocksdb.go:120  Options.compaction_options_fifo.max_table_files_size: 1073741824
I200430 17:00:07.561669 11 storage/engine/rocksdb.go:120  Options.compaction_options_fifo.allow_compaction: 0
I200430 17:00:07.561685 11 storage/engine/rocksdb.go:120                    Options.table_properties_collectors: TimeBoundTblPropCollectorFactory; DeleteRangeTblPropCollectorFactory; 
I200430 17:00:07.561700 11 storage/engine/rocksdb.go:120                    Options.inplace_update_support: 0
I200430 17:00:07.561712 11 storage/engine/rocksdb.go:120                  Options.inplace_update_num_locks: 10000
I200430 17:00:07.561816 11 storage/engine/rocksdb.go:120                Options.memtable_prefix_bloom_size_ratio: 0.000000
I200430 17:00:07.561830 11 storage/engine/rocksdb.go:120                Options.memtable_whole_key_filtering: 0
I200430 17:00:07.561933 11 storage/engine/rocksdb.go:120    Options.memtable_huge_page_size: 0
I200430 17:00:07.561951 11 storage/engine/rocksdb.go:120                            Options.bloom_locality: 0
I200430 17:00:07.561962 11 storage/engine/rocksdb.go:120                     Options.max_successive_merges: 0
I200430 17:00:07.561971 11 storage/engine/rocksdb.go:120                 Options.optimize_filters_for_hits: 1
I200430 17:00:07.563278 11 storage/engine/rocksdb.go:120                 Options.paranoid_file_checks: 0
I200430 17:00:07.563303 11 storage/engine/rocksdb.go:120                 Options.force_consistency_checks: 0
I200430 17:00:07.563315 11 storage/engine/rocksdb.go:120                 Options.report_bg_io_stats: 0
I200430 17:00:07.563338 11 storage/engine/rocksdb.go:120                                Options.ttl: 0
I200430 17:00:07.563425 11 storage/engine/rocksdb.go:120           Options.periodic_compaction_seconds: 0
I200430 17:00:07.586985 11 storage/engine/rocksdb.go:120  [db/version_set.cc:4286] Recovered from manifest file:/cockroach/cockroach-data/cockroach-temp100049531/MANIFEST-000001 succeeded,manifest_file_number is 1, next_file_number is 3, last_sequence is 0, log_number is 0,prev_log_number is 0,max_column_family is 0,min_log_number_to_keep is 0
I200430 17:00:07.587004 11 storage/engine/rocksdb.go:120  [db/version_set.cc:4295] Column family [default] (ID 0), log number is 0
I200430 17:00:07.629580 11 storage/engine/rocksdb.go:120  DB pointer 0x7f49feb5f000
I200430 17:00:08.047631 11 storage/engine/rocksdb.go:120  RocksDB version: 6.2.1
I200430 17:00:08.047655 11 storage/engine/rocksdb.go:120  Git sha rocksdb_build_git_sha:@b7009236531fa784872f4823eabf393501e41bf2@
I200430 17:00:08.047665 11 storage/engine/rocksdb.go:120  Compile date Mar 16 2020
I200430 17:00:08.047675 11 storage/engine/rocksdb.go:120  DB SUMMARY
I200430 17:00:08.071756 11 storage/engine/rocksdb.go:120  CURRENT file:  CURRENT
I200430 17:00:08.071781 11 storage/engine/rocksdb.go:120  IDENTITY file:  IDENTITY
I200430 17:00:08.077618 11 storage/engine/rocksdb.go:120  MANIFEST file:  MANIFEST-000029 size: 53 Bytes
I200430 17:00:08.077668 11 storage/engine/rocksdb.go:120  SST files in /cockroach/cockroach-data dir, Total Num: 0, files: 
I200430 17:00:08.077677 11 storage/engine/rocksdb.go:120  Write Ahead Log file in /cockroach/cockroach-data: 000030.log size: 252344 ; 
I200430 17:00:08.077689 11 storage/engine/rocksdb.go:120                          Options.error_if_exists: 0
I200430 17:00:08.077697 11 storage/engine/rocksdb.go:120                        Options.create_if_missing: 1
I200430 17:00:08.077704 11 storage/engine/rocksdb.go:120                          Options.paranoid_checks: 1
I200430 17:00:08.077855 11 storage/engine/rocksdb.go:120                                      Options.env: 0x75757a0
I200430 17:00:08.077866 11 storage/engine/rocksdb.go:120                                 Options.info_log: 0x7f49f900dce0
I200430 17:00:08.077872 11 storage/engine/rocksdb.go:120                 Options.max_file_opening_threads: 16
I200430 17:00:08.077877 11 storage/engine/rocksdb.go:120                               Options.statistics: 0x7f49f902f010
I200430 17:00:08.077882 11 storage/engine/rocksdb.go:120                                Options.use_fsync: 0
I200430 17:00:08.077888 11 storage/engine/rocksdb.go:120                        Options.max_log_file_size: 0
I200430 17:00:08.077893 11 storage/engine/rocksdb.go:120                   Options.max_manifest_file_size: 134217728
I200430 17:00:08.077898 11 storage/engine/rocksdb.go:120                    Options.log_file_time_to_roll: 0
I200430 17:00:08.077903 11 storage/engine/rocksdb.go:120                        Options.keep_log_file_num: 1000
I200430 17:00:08.077909 11 storage/engine/rocksdb.go:120                     Options.recycle_log_file_num: 1
I200430 17:00:08.077914 11 storage/engine/rocksdb.go:120                          Options.allow_fallocate: 1
I200430 17:00:08.077919 11 storage/engine/rocksdb.go:120                         Options.allow_mmap_reads: 0
I200430 17:00:08.077924 11 storage/engine/rocksdb.go:120                        Options.allow_mmap_writes: 0
I200430 17:00:08.077928 11 storage/engine/rocksdb.go:120                         Options.use_direct_reads: 0
I200430 17:00:08.077933 11 storage/engine/rocksdb.go:120                         Options.use_direct_io_for_flush_and_compaction: 0
I200430 17:00:08.077939 11 storage/engine/rocksdb.go:120           Options.create_missing_column_families: 0
I200430 17:00:08.077944 11 storage/engine/rocksdb.go:120                               Options.db_log_dir: 
I200430 17:00:08.077949 11 storage/engine/rocksdb.go:120                                  Options.wal_dir: /cockroach/cockroach-data
I200430 17:00:08.077954 11 storage/engine/rocksdb.go:120                 Options.table_cache_numshardbits: 6
I200430 17:00:08.077959 11 storage/engine/rocksdb.go:120                       Options.max_subcompactions: 1
I200430 17:00:08.077964 11 storage/engine/rocksdb.go:120                   Options.max_background_flushes: -1
I200430 17:00:08.077969 11 storage/engine/rocksdb.go:120                          Options.WAL_ttl_seconds: 0
I200430 17:00:08.077974 11 storage/engine/rocksdb.go:120                        Options.WAL_size_limit_MB: 0
I200430 17:00:08.077979 11 storage/engine/rocksdb.go:120              Options.manifest_preallocation_size: 4194304
I200430 17:00:08.077984 11 storage/engine/rocksdb.go:120                      Options.is_fd_close_on_exec: 1
I200430 17:00:08.077991 11 storage/engine/rocksdb.go:120                    Options.advise_random_on_open: 1
I200430 17:00:08.077998 11 storage/engine/rocksdb.go:120                     Options.db_write_buffer_size: 0
I200430 17:00:08.078003 11 storage/engine/rocksdb.go:120                     Options.write_buffer_manager: 0x7f49f9097030
I200430 17:00:08.078008 11 storage/engine/rocksdb.go:120          Options.access_hint_on_compaction_start: 1
I200430 17:00:08.078013 11 storage/engine/rocksdb.go:120   Options.new_table_reader_for_compaction_inputs: 0
I200430 17:00:08.078019 11 storage/engine/rocksdb.go:120            Options.random_access_max_buffer_size: 1048576
I200430 17:00:08.078025 11 storage/engine/rocksdb.go:120                       Options.use_adaptive_mutex: 0
I200430 17:00:08.078030 11 storage/engine/rocksdb.go:120                             Options.rate_limiter: (nil)
I200430 17:00:08.078037 11 storage/engine/rocksdb.go:120      Options.sst_file_manager.rate_bytes_per_sec: 0
I200430 17:00:08.078042 11 storage/engine/rocksdb.go:120                        Options.wal_recovery_mode: 0
I200430 17:00:08.078047 11 storage/engine/rocksdb.go:120                   Options.enable_thread_tracking: 0
I200430 17:00:08.078052 11 storage/engine/rocksdb.go:120                   Options.enable_pipelined_write: 0
I200430 17:00:08.078057 11 storage/engine/rocksdb.go:120          Options.allow_concurrent_memtable_write: 1
I200430 17:00:08.078062 11 storage/engine/rocksdb.go:120       Options.enable_write_thread_adaptive_yield: 1
I200430 17:00:08.078067 11 storage/engine/rocksdb.go:120              Options.write_thread_max_yield_usec: 100
I200430 17:00:08.078082 11 storage/engine/rocksdb.go:120             Options.write_thread_slow_yield_usec: 3
I200430 17:00:08.078088 11 storage/engine/rocksdb.go:120                                Options.row_cache: None
I200430 17:00:08.078094 11 storage/engine/rocksdb.go:120                               Options.wal_filter: None
I200430 17:00:08.078099 11 storage/engine/rocksdb.go:120              Options.avoid_flush_during_recovery: 0
I200430 17:00:08.078104 11 storage/engine/rocksdb.go:120              Options.allow_ingest_behind: 0
I200430 17:00:08.078109 11 storage/engine/rocksdb.go:120              Options.preserve_deletes: 0
I200430 17:00:08.078115 11 storage/engine/rocksdb.go:120              Options.two_write_queues: 0
I200430 17:00:08.078120 11 storage/engine/rocksdb.go:120              Options.manual_wal_flush: 1
I200430 17:00:08.078125 11 storage/engine/rocksdb.go:120              Options.atomic_flush: 0
I200430 17:00:08.078130 11 storage/engine/rocksdb.go:120              Options.avoid_unnecessary_blocking_io: 0
I200430 17:00:08.078136 11 storage/engine/rocksdb.go:120              Options.max_background_jobs: 2
I200430 17:00:08.078141 11 storage/engine/rocksdb.go:120              Options.max_background_compactions: -1
I200430 17:00:08.078145 11 storage/engine/rocksdb.go:120              Options.avoid_flush_during_shutdown: 0
I200430 17:00:08.078150 11 storage/engine/rocksdb.go:120            Options.writable_file_max_buffer_size: 1048576
I200430 17:00:08.078156 11 storage/engine/rocksdb.go:120              Options.delayed_write_rate : 16777216
I200430 17:00:08.078161 11 storage/engine/rocksdb.go:120              Options.max_total_wal_size: 0
I200430 17:00:08.078166 11 storage/engine/rocksdb.go:120              Options.delete_obsolete_files_period_micros: 21600000000
I200430 17:00:08.078171 11 storage/engine/rocksdb.go:120                    Options.stats_dump_period_sec: 0
I200430 17:00:08.078176 11 storage/engine/rocksdb.go:120                  Options.stats_persist_period_sec: 600
I200430 17:00:08.078181 11 storage/engine/rocksdb.go:120                  Options.stats_history_buffer_size: 1048576
I200430 17:00:08.078186 11 storage/engine/rocksdb.go:120                           Options.max_open_files: 1043576
I200430 17:00:08.078191 11 storage/engine/rocksdb.go:120                           Options.bytes_per_sync: 524288
I200430 17:00:08.078196 11 storage/engine/rocksdb.go:120                       Options.wal_bytes_per_sync: 0
I200430 17:00:08.078201 11 storage/engine/rocksdb.go:120                    Options.strict_bytes_per_sync: 1
I200430 17:00:08.078206 11 storage/engine/rocksdb.go:120        Options.compaction_readahead_size: 0
I200430 17:00:08.078212 11 storage/engine/rocksdb.go:120  Compression algorithms supported:
I200430 17:00:08.078218 11 storage/engine/rocksdb.go:120  	kZSTDNotFinalCompression supported: 0
I200430 17:00:08.078223 11 storage/engine/rocksdb.go:120  	kZSTD supported: 0
I200430 17:00:08.078228 11 storage/engine/rocksdb.go:120  	kXpressCompression supported: 0
I200430 17:00:08.078233 11 storage/engine/rocksdb.go:120  	kLZ4HCCompression supported: 0
I200430 17:00:08.078238 11 storage/engine/rocksdb.go:120  	kLZ4Compression supported: 0
I200430 17:00:08.078244 11 storage/engine/rocksdb.go:120  	kBZip2Compression supported: 0
I200430 17:00:08.078249 11 storage/engine/rocksdb.go:120  	kZlibCompression supported: 0
I200430 17:00:08.078254 11 storage/engine/rocksdb.go:120  	kSnappyCompression supported: 1
I200430 17:00:08.078273 11 storage/engine/rocksdb.go:120  Fast CRC32 supported: Supported on x86
I200430 17:00:08.315778 11 storage/engine/rocksdb.go:120  [db/version_set.cc:4072] Recovering from manifest file: /cockroach/cockroach-data/MANIFEST-000029
I200430 17:00:08.327256 11 storage/engine/rocksdb.go:120  [db/column_family.cc:488] --------------- Options for column family [default]:
I200430 17:00:08.327280 11 storage/engine/rocksdb.go:120                Options.comparator: cockroach_comparator
I200430 17:00:08.327292 11 storage/engine/rocksdb.go:120            Options.merge_operator: cockroach_merge_operator
I200430 17:00:08.327302 11 storage/engine/rocksdb.go:120         Options.compaction_filter: None
I200430 17:00:08.327311 11 storage/engine/rocksdb.go:120         Options.compaction_filter_factory: None
I200430 17:00:08.327323 11 storage/engine/rocksdb.go:120          Options.memtable_factory: SkipListFactory
I200430 17:00:08.327333 11 storage/engine/rocksdb.go:120             Options.table_factory: BlockBasedTable
I200430 17:00:08.329425 11 storage/engine/rocksdb.go:120             table_factory options:   flush_block_policy_factory: FlushBlockBySizePolicyFactory (0x7f49f9023028)
  cache_index_and_filter_blocks: 0
  cache_index_and_filter_blocks_with_high_priority: 0
  pin_l0_filter_and_index_blocks_in_cache: 0
  pin_top_level_index_and_filter: 1
  index_type: 0
  data_block_index_type: 0
  index_shortening: 1
  data_block_hash_table_util_ratio: 0.750000
  hash_index_allow_collision: 1
  checksum: 1
  no_block_cache: 0
  block_cache: 0x7f49f9014010
  block_cache_name: LRUCache
  block_cache_options:
    capacity : 67108864
    num_shard_bits : 4
    strict_capacity_limit : 0
    memory_allocator : None
    high_pri_pool_ratio: 0.000
  block_cache_compressed: (nil)
  persistent_cache: (nil)
  block_size: 32768
  block_size_deviation: 10
  block_restart_interval: 16
  index_block_restart_interval: 1
  metadata_block_size: 4096
  partition_filters: 0
  use_delta_encoding: 1
  filter_policy: rocksdb.BuiltinBloomFilter
  whole_key_filtering: 0
  verify_compression: 0
  read_amp_bytes_per_bit: 0
  format_version: 2
  enable_index_compression: 1
  block_align: 0
I200430 17:00:08.330323 11 storage/engine/rocksdb.go:120         Options.write_buffer_size: 67108864
I200430 17:00:08.330365 11 storage/engine/rocksdb.go:120   Options.max_write_buffer_number: 4
I200430 17:00:08.330382 11 storage/engine/rocksdb.go:120           Options.compression: Snappy
I200430 17:00:08.330432 11 storage/engine/rocksdb.go:120                   Options.bottommost_compression: Disabled
I200430 17:00:08.330482 11 storage/engine/rocksdb.go:120        Options.prefix_extractor: cockroach_prefix_extractor
I200430 17:00:08.330500 11 storage/engine/rocksdb.go:120    Options.memtable_insert_with_hint_prefix_extractor: nullptr
I200430 17:00:08.330513 11 storage/engine/rocksdb.go:120              Options.num_levels: 7
I200430 17:00:08.330532 11 storage/engine/rocksdb.go:120         Options.min_write_buffer_number_to_merge: 1
I200430 17:00:08.330542 11 storage/engine/rocksdb.go:120      Options.max_write_buffer_number_to_maintain: 0
I200430 17:00:08.330553 11 storage/engine/rocksdb.go:120             Options.bottommost_compression_opts.window_bits: -14
I200430 17:00:08.330565 11 storage/engine/rocksdb.go:120                   Options.bottommost_compression_opts.level: 32767
I200430 17:00:08.330574 11 storage/engine/rocksdb.go:120                Options.bottommost_compression_opts.strategy: 0
I200430 17:00:08.330584 11 storage/engine/rocksdb.go:120          Options.bottommost_compression_opts.max_dict_bytes: 0
I200430 17:00:08.330594 11 storage/engine/rocksdb.go:120          Options.bottommost_compression_opts.zstd_max_train_bytes: 0
I200430 17:00:08.330604 11 storage/engine/rocksdb.go:120                   Options.bottommost_compression_opts.enabled: false
I200430 17:00:08.330616 11 storage/engine/rocksdb.go:120             Options.compression_opts.window_bits: -14
I200430 17:00:08.330630 11 storage/engine/rocksdb.go:120                   Options.compression_opts.level: 32767
I200430 17:00:08.335042 11 storage/engine/rocksdb.go:120                Options.compression_opts.strategy: 0
I200430 17:00:08.335062 11 storage/engine/rocksdb.go:120          Options.compression_opts.max_dict_bytes: 0
I200430 17:00:08.335115 11 storage/engine/rocksdb.go:120          Options.compression_opts.zstd_max_train_bytes: 0
I200430 17:00:08.335166 11 storage/engine/rocksdb.go:120                   Options.compression_opts.enabled: false
I200430 17:00:08.335178 11 storage/engine/rocksdb.go:120       Options.level0_file_num_compaction_trigger: 2
I200430 17:00:08.335187 11 storage/engine/rocksdb.go:120           Options.level0_slowdown_writes_trigger: 950
I200430 17:00:08.335199 11 storage/engine/rocksdb.go:120               Options.level0_stop_writes_trigger: 1000
I200430 17:00:08.335213 11 storage/engine/rocksdb.go:120                    Options.target_file_size_base: 4194304
I200430 17:00:08.335222 11 storage/engine/rocksdb.go:120              Options.target_file_size_multiplier: 2
I200430 17:00:08.335235 11 storage/engine/rocksdb.go:120                 Options.max_bytes_for_level_base: 67108864
I200430 17:00:08.336412 11 storage/engine/rocksdb.go:120  Options.level_compaction_dynamic_level_bytes: 1
I200430 17:00:08.336434 11 storage/engine/rocksdb.go:120           Options.max_bytes_for_level_multiplier: 10.000000
I200430 17:00:08.336519 11 storage/engine/rocksdb.go:120  Options.max_bytes_for_level_multiplier_addtl[0]: 1
I200430 17:00:08.336540 11 storage/engine/rocksdb.go:120  Options.max_bytes_for_level_multiplier_addtl[1]: 1
I200430 17:00:08.336553 11 storage/engine/rocksdb.go:120  Options.max_bytes_for_level_multiplier_addtl[2]: 1
I200430 17:00:08.336564 11 storage/engine/rocksdb.go:120  Options.max_bytes_for_level_multiplier_addtl[3]: 1
I200430 17:00:08.336574 11 storage/engine/rocksdb.go:120  Options.max_bytes_for_level_multiplier_addtl[4]: 1
I200430 17:00:08.336585 11 storage/engine/rocksdb.go:120  Options.max_bytes_for_level_multiplier_addtl[5]: 1
I200430 17:00:08.336595 11 storage/engine/rocksdb.go:120  Options.max_bytes_for_level_multiplier_addtl[6]: 1
I200430 17:00:08.336606 11 storage/engine/rocksdb.go:120        Options.max_sequential_skip_in_iterations: 8
I200430 17:00:08.336617 11 storage/engine/rocksdb.go:120                     Options.max_compaction_bytes: 104857600
I200430 17:00:08.336628 11 storage/engine/rocksdb.go:120                         Options.arena_block_size: 8388608
I200430 17:00:08.336639 11 storage/engine/rocksdb.go:120    Options.soft_pending_compaction_bytes_limit: 2199023255552
I200430 17:00:08.336648 11 storage/engine/rocksdb.go:120    Options.hard_pending_compaction_bytes_limit: 4400193994752
I200430 17:00:08.336658 11 storage/engine/rocksdb.go:120        Options.rate_limit_delay_max_milliseconds: 100
I200430 17:00:08.336667 11 storage/engine/rocksdb.go:120                 Options.disable_auto_compactions: 0
I200430 17:00:08.336685 11 storage/engine/rocksdb.go:120                         Options.compaction_style: kCompactionStyleLevel
I200430 17:00:08.336700 11 storage/engine/rocksdb.go:120                           Options.compaction_pri: kMinOverlappingRatio
I200430 17:00:08.336712 11 storage/engine/rocksdb.go:120  Options.compaction_options_universal.size_ratio: 1
I200430 17:00:08.336722 11 storage/engine/rocksdb.go:120  Options.compaction_options_universal.min_merge_width: 2
I200430 17:00:08.336745 11 storage/engine/rocksdb.go:120  Options.compaction_options_universal.max_merge_width: 4294967295
I200430 17:00:08.336759 11 storage/engine/rocksdb.go:120  Options.compaction_options_universal.max_size_amplification_percent: 200
I200430 17:00:08.337600 11 storage/engine/rocksdb.go:120  Options.compaction_options_universal.compression_size_percent: -1
I200430 17:00:08.337628 11 storage/engine/rocksdb.go:120  Options.compaction_options_universal.stop_style: kCompactionStopStyleTotalSize
I200430 17:00:08.337643 11 storage/engine/rocksdb.go:120  Options.compaction_options_fifo.max_table_files_size: 1073741824
I200430 17:00:08.337658 11 storage/engine/rocksdb.go:120  Options.compaction_options_fifo.allow_compaction: 0
I200430 17:00:08.338042 11 storage/engine/rocksdb.go:120                    Options.table_properties_collectors: TimeBoundTblPropCollectorFactory; DeleteRangeTblPropCollectorFactory; 
I200430 17:00:08.338064 11 storage/engine/rocksdb.go:120                    Options.inplace_update_support: 0
I200430 17:00:08.338075 11 storage/engine/rocksdb.go:120                  Options.inplace_update_num_locks: 10000
I200430 17:00:08.338089 11 storage/engine/rocksdb.go:120                Options.memtable_prefix_bloom_size_ratio: 0.000000
I200430 17:00:08.338100 11 storage/engine/rocksdb.go:120                Options.memtable_whole_key_filtering: 0
I200430 17:00:08.338111 11 storage/engine/rocksdb.go:120    Options.memtable_huge_page_size: 0
I200430 17:00:08.338123 11 storage/engine/rocksdb.go:120                            Options.bloom_locality: 0
I200430 17:00:08.338134 11 storage/engine/rocksdb.go:120                     Options.max_successive_merges: 0
I200430 17:00:08.338144 11 storage/engine/rocksdb.go:120                 Options.optimize_filters_for_hits: 1
I200430 17:00:08.338154 11 storage/engine/rocksdb.go:120                 Options.paranoid_file_checks: 0
I200430 17:00:08.338165 11 storage/engine/rocksdb.go:120                 Options.force_consistency_checks: 0
I200430 17:00:08.338177 11 storage/engine/rocksdb.go:120                 Options.report_bg_io_stats: 0
I200430 17:00:08.338381 11 storage/engine/rocksdb.go:120                                Options.ttl: 0
I200430 17:00:08.338394 11 storage/engine/rocksdb.go:120           Options.periodic_compaction_seconds: 0
I200430 17:00:08.372581 11 storage/engine/rocksdb.go:120  [db/version_set.cc:4286] Recovered from manifest file:/cockroach/cockroach-data/MANIFEST-000029 succeeded,manifest_file_number is 29, next_file_number is 31, last_sequence is 0, log_number is 28,prev_log_number is 0,max_column_family is 0,min_log_number_to_keep is 0
I200430 17:00:08.375555 11 storage/engine/rocksdb.go:120  [db/version_set.cc:4295] Column family [default] (ID 0), log number is 28
I200430 17:00:08.391729 11 storage/engine/rocksdb.go:120  EVENT_LOG_v1 {"time_micros": 1588266008391445, "job": 1, "event": "recovery_started", "log_files": [30]}
I200430 17:00:08.393146 11 storage/engine/rocksdb.go:120  [db/db_impl_open.cc:598] Recovering log #30 mode 0
I200430 17:00:08.424589 11 storage/engine/rocksdb.go:120  [db/version_set.cc:3560] Creating manifest 32
I200430 17:00:08.451764 11 storage/engine/rocksdb.go:120  EVENT_LOG_v1 {"time_micros": 1588266008451641, "job": 1, "event": "recovery_finished"}
I200430 17:00:08.528684 11 storage/engine/rocksdb.go:120  DB pointer 0x7f49f90a5000
