I200410 07:57:36.284803 25 util/log/clog.go:1196  [config] file created at: 2020/04/10 07:57:36
I200410 07:57:36.284803 25 util/log/clog.go:1196  [config] running on machine: 3267debb177f
I200410 07:57:36.284803 25 util/log/clog.go:1196  [config] binary: CockroachDB CCL v19.2.5 (x86_64-unknown-linux-gnu, built 2020/03/16 18:27:12, go1.12.12)
I200410 07:57:36.284803 25 util/log/clog.go:1196  [config] arguments: [/cockroach/cockroach start --insecure --join=order_2]
I200410 07:57:36.284803 25 util/log/clog.go:1196  line format: [IWEF]yymmdd hh:mm:ss.uuuuuu goid file:line msg utf8=✓
I200410 07:57:36.284777 25 storage/engine/rocksdb.go:120  RocksDB version: 6.2.1
I200410 07:57:36.299760 25 storage/engine/rocksdb.go:120  Git sha rocksdb_build_git_sha:@b7009236531fa784872f4823eabf393501e41bf2@
I200410 07:57:36.299885 25 storage/engine/rocksdb.go:120  Compile date Mar 16 2020
I200410 07:57:36.299929 25 storage/engine/rocksdb.go:120  DB SUMMARY
I200410 07:57:36.312019 25 storage/engine/rocksdb.go:120  SST files in /cockroach/cockroach-data/cockroach-temp944192456 dir, Total Num: 0, files: 
I200410 07:57:36.381908 25 storage/engine/rocksdb.go:120  Write Ahead Log file in /cockroach/cockroach-data/cockroach-temp944192456: 
I200410 07:57:36.381957 25 storage/engine/rocksdb.go:120                          Options.error_if_exists: 0
I200410 07:57:36.382010 25 storage/engine/rocksdb.go:120                        Options.create_if_missing: 1
I200410 07:57:36.382102 25 storage/engine/rocksdb.go:120                          Options.paranoid_checks: 1
I200410 07:57:36.382148 25 storage/engine/rocksdb.go:120                                      Options.env: 0x75757a0
I200410 07:57:36.382189 25 storage/engine/rocksdb.go:120                                 Options.info_log: 0x7fa2772270e0
I200410 07:57:36.382231 25 storage/engine/rocksdb.go:120                 Options.max_file_opening_threads: 16
I200410 07:57:36.382274 25 storage/engine/rocksdb.go:120                               Options.statistics: 0x7fa277234010
I200410 07:57:36.382317 25 storage/engine/rocksdb.go:120                                Options.use_fsync: 0
I200410 07:57:36.383734 25 storage/engine/rocksdb.go:120                        Options.max_log_file_size: 0
I200410 07:57:36.383851 25 storage/engine/rocksdb.go:120                   Options.max_manifest_file_size: 134217728
I200410 07:57:36.383898 25 storage/engine/rocksdb.go:120                    Options.log_file_time_to_roll: 0
I200410 07:57:36.383994 25 storage/engine/rocksdb.go:120                        Options.keep_log_file_num: 1000
I200410 07:57:36.384039 25 storage/engine/rocksdb.go:120                     Options.recycle_log_file_num: 1
I200410 07:57:36.384082 25 storage/engine/rocksdb.go:120                          Options.allow_fallocate: 1
I200410 07:57:36.384115 25 storage/engine/rocksdb.go:120                         Options.allow_mmap_reads: 0
I200410 07:57:36.384158 25 storage/engine/rocksdb.go:120                        Options.allow_mmap_writes: 0
I200410 07:57:36.384195 25 storage/engine/rocksdb.go:120                         Options.use_direct_reads: 0
I200410 07:57:36.384235 25 storage/engine/rocksdb.go:120                         Options.use_direct_io_for_flush_and_compaction: 0
I200410 07:57:36.384292 25 storage/engine/rocksdb.go:120           Options.create_missing_column_families: 0
I200410 07:57:36.384563 25 storage/engine/rocksdb.go:120                               Options.db_log_dir: 
I200410 07:57:36.384616 25 storage/engine/rocksdb.go:120                                  Options.wal_dir: /cockroach/cockroach-data/cockroach-temp944192456
I200410 07:57:36.384659 25 storage/engine/rocksdb.go:120                 Options.table_cache_numshardbits: 6
I200410 07:57:36.384701 25 storage/engine/rocksdb.go:120                       Options.max_subcompactions: 1
I200410 07:57:36.384745 25 storage/engine/rocksdb.go:120                   Options.max_background_flushes: -1
I200410 07:57:36.384840 25 storage/engine/rocksdb.go:120                          Options.WAL_ttl_seconds: 0
I200410 07:57:36.384881 25 storage/engine/rocksdb.go:120                        Options.WAL_size_limit_MB: 0
I200410 07:57:36.385052 25 storage/engine/rocksdb.go:120              Options.manifest_preallocation_size: 4194304
I200410 07:57:36.385103 25 storage/engine/rocksdb.go:120                      Options.is_fd_close_on_exec: 1
I200410 07:57:36.385624 25 storage/engine/rocksdb.go:120                    Options.advise_random_on_open: 1
I200410 07:57:36.385660 25 storage/engine/rocksdb.go:120                     Options.db_write_buffer_size: 0
I200410 07:57:36.385704 25 storage/engine/rocksdb.go:120                     Options.write_buffer_manager: 0x7fa277219060
I200410 07:57:36.385787 25 storage/engine/rocksdb.go:120          Options.access_hint_on_compaction_start: 1
I200410 07:57:36.385997 25 storage/engine/rocksdb.go:120   Options.new_table_reader_for_compaction_inputs: 0
I200410 07:57:36.386044 25 storage/engine/rocksdb.go:120            Options.random_access_max_buffer_size: 1048576
I200410 07:57:36.386082 25 storage/engine/rocksdb.go:120                       Options.use_adaptive_mutex: 0
I200410 07:57:36.386127 25 storage/engine/rocksdb.go:120                             Options.rate_limiter: (nil)
I200410 07:57:36.386169 25 storage/engine/rocksdb.go:120      Options.sst_file_manager.rate_bytes_per_sec: 0
I200410 07:57:36.386306 25 storage/engine/rocksdb.go:120                        Options.wal_recovery_mode: 0
I200410 07:57:36.386560 25 storage/engine/rocksdb.go:120                   Options.enable_thread_tracking: 0
I200410 07:57:36.386723 25 storage/engine/rocksdb.go:120                   Options.enable_pipelined_write: 0
I200410 07:57:36.386764 25 storage/engine/rocksdb.go:120          Options.allow_concurrent_memtable_write: 1
I200410 07:57:36.386805 25 storage/engine/rocksdb.go:120       Options.enable_write_thread_adaptive_yield: 1
I200410 07:57:36.386845 25 storage/engine/rocksdb.go:120              Options.write_thread_max_yield_usec: 100
I200410 07:57:36.386886 25 storage/engine/rocksdb.go:120             Options.write_thread_slow_yield_usec: 3
I200410 07:57:36.386927 25 storage/engine/rocksdb.go:120                                Options.row_cache: None
I200410 07:57:36.386967 25 storage/engine/rocksdb.go:120                               Options.wal_filter: None
I200410 07:57:36.387020 25 storage/engine/rocksdb.go:120              Options.avoid_flush_during_recovery: 0
I200410 07:57:36.387115 25 storage/engine/rocksdb.go:120              Options.allow_ingest_behind: 0
I200410 07:57:36.387159 25 storage/engine/rocksdb.go:120              Options.preserve_deletes: 0
I200410 07:57:36.387201 25 storage/engine/rocksdb.go:120              Options.two_write_queues: 0
I200410 07:57:36.387547 25 storage/engine/rocksdb.go:120              Options.manual_wal_flush: 1
I200410 07:57:36.387811 25 storage/engine/rocksdb.go:120              Options.atomic_flush: 0
I200410 07:57:36.387853 25 storage/engine/rocksdb.go:120              Options.avoid_unnecessary_blocking_io: 0
I200410 07:57:36.387895 25 storage/engine/rocksdb.go:120              Options.max_background_jobs: 2
I200410 07:57:36.387939 25 storage/engine/rocksdb.go:120              Options.max_background_compactions: -1
I200410 07:57:36.387983 25 storage/engine/rocksdb.go:120              Options.avoid_flush_during_shutdown: 0
I200410 07:57:36.388025 25 storage/engine/rocksdb.go:120            Options.writable_file_max_buffer_size: 1048576
I200410 07:57:36.388061 25 storage/engine/rocksdb.go:120              Options.delayed_write_rate : 16777216
I200410 07:57:36.388102 25 storage/engine/rocksdb.go:120              Options.max_total_wal_size: 0
I200410 07:57:36.388143 25 storage/engine/rocksdb.go:120              Options.delete_obsolete_files_period_micros: 21600000000
I200410 07:57:36.388800 25 storage/engine/rocksdb.go:120                    Options.stats_dump_period_sec: 0
I200410 07:57:36.389832 25 storage/engine/rocksdb.go:120                  Options.stats_persist_period_sec: 600
I200410 07:57:36.389874 25 storage/engine/rocksdb.go:120                  Options.stats_history_buffer_size: 1048576
I200410 07:57:36.389909 25 storage/engine/rocksdb.go:120                           Options.max_open_files: 128
I200410 07:57:36.389953 25 storage/engine/rocksdb.go:120                           Options.bytes_per_sync: 524288
I200410 07:57:36.389997 25 storage/engine/rocksdb.go:120                       Options.wal_bytes_per_sync: 0
I200410 07:57:36.397824 25 storage/engine/rocksdb.go:120                    Options.strict_bytes_per_sync: 1
I200410 07:57:36.397870 25 storage/engine/rocksdb.go:120        Options.compaction_readahead_size: 0
I200410 07:57:36.397914 25 storage/engine/rocksdb.go:120  Compression algorithms supported:
I200410 07:57:36.397958 25 storage/engine/rocksdb.go:120  	kZSTDNotFinalCompression supported: 0
I200410 07:57:36.398003 25 storage/engine/rocksdb.go:120  	kZSTD supported: 0
I200410 07:57:36.398046 25 storage/engine/rocksdb.go:120  	kXpressCompression supported: 0
I200410 07:57:36.399349 25 storage/engine/rocksdb.go:120  	kLZ4HCCompression supported: 0
I200410 07:57:36.399487 25 storage/engine/rocksdb.go:120  	kLZ4Compression supported: 0
I200410 07:57:36.399527 25 storage/engine/rocksdb.go:120  	kBZip2Compression supported: 0
I200410 07:57:36.399569 25 storage/engine/rocksdb.go:120  	kZlibCompression supported: 0
I200410 07:57:36.399609 25 storage/engine/rocksdb.go:120  	kSnappyCompression supported: 1
I200410 07:57:36.399845 25 storage/engine/rocksdb.go:120  Fast CRC32 supported: Supported on x86
I200410 07:57:36.430679 25 storage/engine/rocksdb.go:120  [db/db_impl_open.cc:242] Creating manifest 1 
I200410 07:57:36.497888 25 storage/engine/rocksdb.go:120  [db/version_set.cc:4072] Recovering from manifest file: /cockroach/cockroach-data/cockroach-temp944192456/MANIFEST-000001
I200410 07:57:36.514452 25 storage/engine/rocksdb.go:120  [db/column_family.cc:488] --------------- Options for column family [default]:
I200410 07:57:36.514504 25 storage/engine/rocksdb.go:120                Options.comparator: cockroach_comparator
I200410 07:57:36.514547 25 storage/engine/rocksdb.go:120            Options.merge_operator: cockroach_merge_operator
I200410 07:57:36.514654 25 storage/engine/rocksdb.go:120         Options.compaction_filter: None
I200410 07:57:36.524554 25 storage/engine/rocksdb.go:120         Options.compaction_filter_factory: None
I200410 07:57:36.524604 25 storage/engine/rocksdb.go:120          Options.memtable_factory: SkipListFactory
I200410 07:57:36.524644 25 storage/engine/rocksdb.go:120             Options.table_factory: BlockBasedTable
I200410 07:57:36.524849 25 storage/engine/rocksdb.go:120             table_factory options:   flush_block_policy_factory: FlushBlockBySizePolicyFactory (0x7fa277228030)
  cache_index_and_filter_blocks: 0
  cache_index_and_filter_blocks_with_high_priority: 0
  pin_l0_filter_and_index_blocks_in_cache: 0
  pin_top_level_index_and_filter: 1
  index_type: 0
  data_block_index_type: 0
  index_shortening: 1
  data_block_hash_table_util_ratio: 0.750000
  hash_index_allow_collision: 1
  checksum: 1
  no_block_cache: 0
  block_cache: 0x7fa27721c010
  block_cache_name: LRUCache
  block_cache_options:
    capacity : 1048576
    num_shard_bits : 4
    strict_capacity_limit : 0
    memory_allocator : None
    high_pri_pool_ratio: 0.000
  block_cache_compressed: (nil)
  persistent_cache: (nil)
  block_size: 32768
  block_size_deviation: 10
  block_restart_interval: 16
  index_block_restart_interval: 1
  metadata_block_size: 4096
  partition_filters: 0
  use_delta_encoding: 1
  filter_policy: rocksdb.BuiltinBloomFilter
  whole_key_filtering: 0
  verify_compression: 0
  read_amp_bytes_per_bit: 0
  format_version: 2
  enable_index_compression: 1
  block_align: 0
I200410 07:57:36.524894 25 storage/engine/rocksdb.go:120         Options.write_buffer_size: 67108864
I200410 07:57:36.525095 25 storage/engine/rocksdb.go:120   Options.max_write_buffer_number: 4
I200410 07:57:36.525146 25 storage/engine/rocksdb.go:120           Options.compression: Snappy
I200410 07:57:36.525184 25 storage/engine/rocksdb.go:120                   Options.bottommost_compression: Disabled
I200410 07:57:36.525223 25 storage/engine/rocksdb.go:120        Options.prefix_extractor: cockroach_prefix_extractor
I200410 07:57:36.525268 25 storage/engine/rocksdb.go:120    Options.memtable_insert_with_hint_prefix_extractor: nullptr
I200410 07:57:36.525306 25 storage/engine/rocksdb.go:120              Options.num_levels: 7
I200410 07:57:36.525344 25 storage/engine/rocksdb.go:120         Options.min_write_buffer_number_to_merge: 1
I200410 07:57:36.525381 25 storage/engine/rocksdb.go:120      Options.max_write_buffer_number_to_maintain: 0
I200410 07:57:36.525419 25 storage/engine/rocksdb.go:120             Options.bottommost_compression_opts.window_bits: -14
I200410 07:57:36.525457 25 storage/engine/rocksdb.go:120                   Options.bottommost_compression_opts.level: 32767
I200410 07:57:36.525495 25 storage/engine/rocksdb.go:120                Options.bottommost_compression_opts.strategy: 0
I200410 07:57:36.525532 25 storage/engine/rocksdb.go:120          Options.bottommost_compression_opts.max_dict_bytes: 0
I200410 07:57:36.525569 25 storage/engine/rocksdb.go:120          Options.bottommost_compression_opts.zstd_max_train_bytes: 0
I200410 07:57:36.525607 25 storage/engine/rocksdb.go:120                   Options.bottommost_compression_opts.enabled: false
I200410 07:57:36.525645 25 storage/engine/rocksdb.go:120             Options.compression_opts.window_bits: -14
I200410 07:57:36.525683 25 storage/engine/rocksdb.go:120                   Options.compression_opts.level: 32767
I200410 07:57:36.525721 25 storage/engine/rocksdb.go:120                Options.compression_opts.strategy: 0
I200410 07:57:36.525760 25 storage/engine/rocksdb.go:120          Options.compression_opts.max_dict_bytes: 0
I200410 07:57:36.525797 25 storage/engine/rocksdb.go:120          Options.compression_opts.zstd_max_train_bytes: 0
I200410 07:57:36.525834 25 storage/engine/rocksdb.go:120                   Options.compression_opts.enabled: false
I200410 07:57:36.525871 25 storage/engine/rocksdb.go:120       Options.level0_file_num_compaction_trigger: 2
I200410 07:57:36.525908 25 storage/engine/rocksdb.go:120           Options.level0_slowdown_writes_trigger: 950
I200410 07:57:36.525947 25 storage/engine/rocksdb.go:120               Options.level0_stop_writes_trigger: 1000
I200410 07:57:36.525985 25 storage/engine/rocksdb.go:120                    Options.target_file_size_base: 4194304
I200410 07:57:36.526022 25 storage/engine/rocksdb.go:120              Options.target_file_size_multiplier: 2
I200410 07:57:36.526060 25 storage/engine/rocksdb.go:120                 Options.max_bytes_for_level_base: 67108864
I200410 07:57:36.526097 25 storage/engine/rocksdb.go:120  Options.level_compaction_dynamic_level_bytes: 1
I200410 07:57:36.526140 25 storage/engine/rocksdb.go:120           Options.max_bytes_for_level_multiplier: 10.000000
I200410 07:57:36.526177 25 storage/engine/rocksdb.go:120  Options.max_bytes_for_level_multiplier_addtl[0]: 1
I200410 07:57:36.526215 25 storage/engine/rocksdb.go:120  Options.max_bytes_for_level_multiplier_addtl[1]: 1
I200410 07:57:36.526255 25 storage/engine/rocksdb.go:120  Options.max_bytes_for_level_multiplier_addtl[2]: 1
I200410 07:57:36.526295 25 storage/engine/rocksdb.go:120  Options.max_bytes_for_level_multiplier_addtl[3]: 1
I200410 07:57:36.526332 25 storage/engine/rocksdb.go:120  Options.max_bytes_for_level_multiplier_addtl[4]: 1
I200410 07:57:36.526488 25 storage/engine/rocksdb.go:120  Options.max_bytes_for_level_multiplier_addtl[5]: 1
I200410 07:57:36.526531 25 storage/engine/rocksdb.go:120  Options.max_bytes_for_level_multiplier_addtl[6]: 1
I200410 07:57:36.526568 25 storage/engine/rocksdb.go:120        Options.max_sequential_skip_in_iterations: 8
I200410 07:57:36.526607 25 storage/engine/rocksdb.go:120                     Options.max_compaction_bytes: 104857600
I200410 07:57:36.526637 25 storage/engine/rocksdb.go:120                         Options.arena_block_size: 8388608
I200410 07:57:36.526670 25 storage/engine/rocksdb.go:120    Options.soft_pending_compaction_bytes_limit: 2199023255552
I200410 07:57:36.526706 25 storage/engine/rocksdb.go:120    Options.hard_pending_compaction_bytes_limit: 4400193994752
I200410 07:57:36.526745 25 storage/engine/rocksdb.go:120        Options.rate_limit_delay_max_milliseconds: 100
I200410 07:57:36.526782 25 storage/engine/rocksdb.go:120                 Options.disable_auto_compactions: 0
I200410 07:57:36.526825 25 storage/engine/rocksdb.go:120                         Options.compaction_style: kCompactionStyleLevel
I200410 07:57:36.528346 25 storage/engine/rocksdb.go:120                           Options.compaction_pri: kMinOverlappingRatio
I200410 07:57:36.528387 25 storage/engine/rocksdb.go:120  Options.compaction_options_universal.size_ratio: 1
I200410 07:57:36.528421 25 storage/engine/rocksdb.go:120  Options.compaction_options_universal.min_merge_width: 2
I200410 07:57:36.528460 25 storage/engine/rocksdb.go:120  Options.compaction_options_universal.max_merge_width: 4294967295
I200410 07:57:36.528499 25 storage/engine/rocksdb.go:120  Options.compaction_options_universal.max_size_amplification_percent: 200
I200410 07:57:36.529475 25 storage/engine/rocksdb.go:120  Options.compaction_options_universal.compression_size_percent: -1
I200410 07:57:36.532016 25 storage/engine/rocksdb.go:120  Options.compaction_options_universal.stop_style: kCompactionStopStyleTotalSize
I200410 07:57:36.532066 25 storage/engine/rocksdb.go:120  Options.compaction_options_fifo.max_table_files_size: 1073741824
I200410 07:57:36.532109 25 storage/engine/rocksdb.go:120  Options.compaction_options_fifo.allow_compaction: 0
I200410 07:57:36.532156 25 storage/engine/rocksdb.go:120                    Options.table_properties_collectors: TimeBoundTblPropCollectorFactory; DeleteRangeTblPropCollectorFactory; 
I200410 07:57:36.532530 25 storage/engine/rocksdb.go:120                    Options.inplace_update_support: 0
I200410 07:57:36.532573 25 storage/engine/rocksdb.go:120                  Options.inplace_update_num_locks: 10000
I200410 07:57:36.532683 25 storage/engine/rocksdb.go:120                Options.memtable_prefix_bloom_size_ratio: 0.000000
I200410 07:57:36.532728 25 storage/engine/rocksdb.go:120                Options.memtable_whole_key_filtering: 0
I200410 07:57:36.532770 25 storage/engine/rocksdb.go:120    Options.memtable_huge_page_size: 0
I200410 07:57:36.532813 25 storage/engine/rocksdb.go:120                            Options.bloom_locality: 0
I200410 07:57:36.532856 25 storage/engine/rocksdb.go:120                     Options.max_successive_merges: 0
I200410 07:57:36.532899 25 storage/engine/rocksdb.go:120                 Options.optimize_filters_for_hits: 1
I200410 07:57:36.533841 25 storage/engine/rocksdb.go:120                 Options.paranoid_file_checks: 0
I200410 07:57:36.533920 25 storage/engine/rocksdb.go:120                 Options.force_consistency_checks: 0
I200410 07:57:36.534157 25 storage/engine/rocksdb.go:120                 Options.report_bg_io_stats: 0
I200410 07:57:36.534201 25 storage/engine/rocksdb.go:120                                Options.ttl: 0
I200410 07:57:36.534244 25 storage/engine/rocksdb.go:120           Options.periodic_compaction_seconds: 0
I200410 07:57:36.557593 25 storage/engine/rocksdb.go:120  [db/version_set.cc:4286] Recovered from manifest file:/cockroach/cockroach-data/cockroach-temp944192456/MANIFEST-000001 succeeded,manifest_file_number is 1, next_file_number is 3, last_sequence is 0, log_number is 0,prev_log_number is 0,max_column_family is 0,min_log_number_to_keep is 0
I200410 07:57:36.557645 25 storage/engine/rocksdb.go:120  [db/version_set.cc:4295] Column family [default] (ID 0), log number is 0
I200410 07:57:36.643694 25 storage/engine/rocksdb.go:120  DB pointer 0x7fa2772a1000
I200410 07:57:36.876979 25 storage/engine/rocksdb.go:120  RocksDB version: 6.2.1
I200410 07:57:36.877029 25 storage/engine/rocksdb.go:120  Git sha rocksdb_build_git_sha:@b7009236531fa784872f4823eabf393501e41bf2@
I200410 07:57:36.877074 25 storage/engine/rocksdb.go:120  Compile date Mar 16 2020
I200410 07:57:36.877116 25 storage/engine/rocksdb.go:120  DB SUMMARY
I200410 07:57:36.903474 25 storage/engine/rocksdb.go:120  CURRENT file:  CURRENT
I200410 07:57:36.910875 25 storage/engine/rocksdb.go:120  IDENTITY file:  IDENTITY
I200410 07:57:36.913311 25 storage/engine/rocksdb.go:120  MANIFEST file:  MANIFEST-000017 size: 53 Bytes
I200410 07:57:36.913835 25 storage/engine/rocksdb.go:120  SST files in /cockroach/cockroach-data dir, Total Num: 0, files: 
I200410 07:57:36.913876 25 storage/engine/rocksdb.go:120  Write Ahead Log file in /cockroach/cockroach-data: 000018.log size: 17500 ; 
I200410 07:57:36.914094 25 storage/engine/rocksdb.go:120                          Options.error_if_exists: 0
I200410 07:57:36.914261 25 storage/engine/rocksdb.go:120                        Options.create_if_missing: 1
I200410 07:57:36.914306 25 storage/engine/rocksdb.go:120                          Options.paranoid_checks: 1
I200410 07:57:36.914348 25 storage/engine/rocksdb.go:120                                      Options.env: 0x75757a0
I200410 07:57:36.914392 25 storage/engine/rocksdb.go:120                                 Options.info_log: 0x7fa280087f00
I200410 07:57:36.916199 25 storage/engine/rocksdb.go:120                 Options.max_file_opening_threads: 16
I200410 07:57:36.916274 25 storage/engine/rocksdb.go:120                               Options.statistics: 0x7fa28001d8d0
I200410 07:57:36.916447 25 storage/engine/rocksdb.go:120                                Options.use_fsync: 0
I200410 07:57:36.916628 25 storage/engine/rocksdb.go:120                        Options.max_log_file_size: 0
I200410 07:57:36.916670 25 storage/engine/rocksdb.go:120                   Options.max_manifest_file_size: 134217728
I200410 07:57:36.916710 25 storage/engine/rocksdb.go:120                    Options.log_file_time_to_roll: 0
I200410 07:57:36.916751 25 storage/engine/rocksdb.go:120                        Options.keep_log_file_num: 1000
I200410 07:57:36.916792 25 storage/engine/rocksdb.go:120                     Options.recycle_log_file_num: 1
I200410 07:57:36.916832 25 storage/engine/rocksdb.go:120                          Options.allow_fallocate: 1
I200410 07:57:36.916872 25 storage/engine/rocksdb.go:120                         Options.allow_mmap_reads: 0
I200410 07:57:36.916912 25 storage/engine/rocksdb.go:120                        Options.allow_mmap_writes: 0
I200410 07:57:36.916951 25 storage/engine/rocksdb.go:120                         Options.use_direct_reads: 0
I200410 07:57:36.916992 25 storage/engine/rocksdb.go:120                         Options.use_direct_io_for_flush_and_compaction: 0
I200410 07:57:36.917032 25 storage/engine/rocksdb.go:120           Options.create_missing_column_families: 0
I200410 07:57:36.917072 25 storage/engine/rocksdb.go:120                               Options.db_log_dir: 
I200410 07:57:36.917111 25 storage/engine/rocksdb.go:120                                  Options.wal_dir: /cockroach/cockroach-data
I200410 07:57:36.917144 25 storage/engine/rocksdb.go:120                 Options.table_cache_numshardbits: 6
I200410 07:57:36.917183 25 storage/engine/rocksdb.go:120                       Options.max_subcompactions: 1
I200410 07:57:36.917222 25 storage/engine/rocksdb.go:120                   Options.max_background_flushes: -1
I200410 07:57:36.917262 25 storage/engine/rocksdb.go:120                          Options.WAL_ttl_seconds: 0
I200410 07:57:36.917301 25 storage/engine/rocksdb.go:120                        Options.WAL_size_limit_MB: 0
I200410 07:57:36.917342 25 storage/engine/rocksdb.go:120              Options.manifest_preallocation_size: 4194304
I200410 07:57:36.917381 25 storage/engine/rocksdb.go:120                      Options.is_fd_close_on_exec: 1
I200410 07:57:36.917421 25 storage/engine/rocksdb.go:120                    Options.advise_random_on_open: 1
I200410 07:57:36.917464 25 storage/engine/rocksdb.go:120                     Options.db_write_buffer_size: 0
I200410 07:57:36.917505 25 storage/engine/rocksdb.go:120                     Options.write_buffer_manager: 0x7fa280060cb0
I200410 07:57:36.917545 25 storage/engine/rocksdb.go:120          Options.access_hint_on_compaction_start: 1
I200410 07:57:36.917585 25 storage/engine/rocksdb.go:120   Options.new_table_reader_for_compaction_inputs: 0
I200410 07:57:36.917625 25 storage/engine/rocksdb.go:120            Options.random_access_max_buffer_size: 1048576
I200410 07:57:36.917665 25 storage/engine/rocksdb.go:120                       Options.use_adaptive_mutex: 0
I200410 07:57:36.917705 25 storage/engine/rocksdb.go:120                             Options.rate_limiter: (nil)
I200410 07:57:36.917746 25 storage/engine/rocksdb.go:120      Options.sst_file_manager.rate_bytes_per_sec: 0
I200410 07:57:36.917786 25 storage/engine/rocksdb.go:120                        Options.wal_recovery_mode: 0
I200410 07:57:36.917827 25 storage/engine/rocksdb.go:120                   Options.enable_thread_tracking: 0
I200410 07:57:36.917867 25 storage/engine/rocksdb.go:120                   Options.enable_pipelined_write: 0
I200410 07:57:36.917908 25 storage/engine/rocksdb.go:120          Options.allow_concurrent_memtable_write: 1
I200410 07:57:36.917947 25 storage/engine/rocksdb.go:120       Options.enable_write_thread_adaptive_yield: 1
I200410 07:57:36.917987 25 storage/engine/rocksdb.go:120              Options.write_thread_max_yield_usec: 100
I200410 07:57:36.918027 25 storage/engine/rocksdb.go:120             Options.write_thread_slow_yield_usec: 3
I200410 07:57:36.918069 25 storage/engine/rocksdb.go:120                                Options.row_cache: None
I200410 07:57:36.918102 25 storage/engine/rocksdb.go:120                               Options.wal_filter: None
I200410 07:57:36.918142 25 storage/engine/rocksdb.go:120              Options.avoid_flush_during_recovery: 0
I200410 07:57:36.918183 25 storage/engine/rocksdb.go:120              Options.allow_ingest_behind: 0
I200410 07:57:36.918222 25 storage/engine/rocksdb.go:120              Options.preserve_deletes: 0
I200410 07:57:36.918262 25 storage/engine/rocksdb.go:120              Options.two_write_queues: 0
I200410 07:57:36.918301 25 storage/engine/rocksdb.go:120              Options.manual_wal_flush: 1
I200410 07:57:36.918341 25 storage/engine/rocksdb.go:120              Options.atomic_flush: 0
I200410 07:57:36.918399 25 storage/engine/rocksdb.go:120              Options.avoid_unnecessary_blocking_io: 0
I200410 07:57:36.918671 25 storage/engine/rocksdb.go:120              Options.max_background_jobs: 2
I200410 07:57:36.924069 25 storage/engine/rocksdb.go:120              Options.max_background_compactions: -1
I200410 07:57:36.924100 25 storage/engine/rocksdb.go:120              Options.avoid_flush_during_shutdown: 0
I200410 07:57:36.924129 25 storage/engine/rocksdb.go:120            Options.writable_file_max_buffer_size: 1048576
I200410 07:57:36.924157 25 storage/engine/rocksdb.go:120              Options.delayed_write_rate : 16777216
I200410 07:57:36.924184 25 storage/engine/rocksdb.go:120              Options.max_total_wal_size: 0
I200410 07:57:36.924212 25 storage/engine/rocksdb.go:120              Options.delete_obsolete_files_period_micros: 21600000000
I200410 07:57:36.924240 25 storage/engine/rocksdb.go:120                    Options.stats_dump_period_sec: 0
I200410 07:57:36.924268 25 storage/engine/rocksdb.go:120                  Options.stats_persist_period_sec: 600
I200410 07:57:36.933186 25 storage/engine/rocksdb.go:120                  Options.stats_history_buffer_size: 1048576
I200410 07:57:36.933390 25 storage/engine/rocksdb.go:120                           Options.max_open_files: 1043576
I200410 07:57:36.934495 25 storage/engine/rocksdb.go:120                           Options.bytes_per_sync: 524288
I200410 07:57:36.934663 25 storage/engine/rocksdb.go:120                       Options.wal_bytes_per_sync: 0
I200410 07:57:36.934708 25 storage/engine/rocksdb.go:120                    Options.strict_bytes_per_sync: 1
I200410 07:57:36.934873 25 storage/engine/rocksdb.go:120        Options.compaction_readahead_size: 0
I200410 07:57:36.935974 25 storage/engine/rocksdb.go:120  Compression algorithms supported:
I200410 07:57:36.936130 25 storage/engine/rocksdb.go:120  	kZSTDNotFinalCompression supported: 0
I200410 07:57:36.936382 25 storage/engine/rocksdb.go:120  	kZSTD supported: 0
I200410 07:57:36.936980 25 storage/engine/rocksdb.go:120  	kXpressCompression supported: 0
I200410 07:57:36.937025 25 storage/engine/rocksdb.go:120  	kLZ4HCCompression supported: 0
I200410 07:57:36.937066 25 storage/engine/rocksdb.go:120  	kLZ4Compression supported: 0
I200410 07:57:36.937107 25 storage/engine/rocksdb.go:120  	kBZip2Compression supported: 0
I200410 07:57:36.937147 25 storage/engine/rocksdb.go:120  	kZlibCompression supported: 0
I200410 07:57:36.937187 25 storage/engine/rocksdb.go:120  	kSnappyCompression supported: 1
I200410 07:57:36.937237 25 storage/engine/rocksdb.go:120  Fast CRC32 supported: Supported on x86
I200410 07:57:36.987711 25 storage/engine/rocksdb.go:120  [db/version_set.cc:4072] Recovering from manifest file: /cockroach/cockroach-data/MANIFEST-000017
I200410 07:57:36.998849 25 storage/engine/rocksdb.go:120  [db/column_family.cc:488] --------------- Options for column family [default]:
I200410 07:57:36.999414 25 storage/engine/rocksdb.go:120                Options.comparator: cockroach_comparator
I200410 07:57:36.999464 25 storage/engine/rocksdb.go:120            Options.merge_operator: cockroach_merge_operator
I200410 07:57:36.999504 25 storage/engine/rocksdb.go:120         Options.compaction_filter: None
I200410 07:57:36.999548 25 storage/engine/rocksdb.go:120         Options.compaction_filter_factory: None
I200410 07:57:36.999588 25 storage/engine/rocksdb.go:120          Options.memtable_factory: SkipListFactory
I200410 07:57:36.999636 25 storage/engine/rocksdb.go:120             Options.table_factory: BlockBasedTable
I200410 07:57:36.999792 25 storage/engine/rocksdb.go:120             table_factory options:   flush_block_policy_factory: FlushBlockBySizePolicyFactory (0x7fa280024038)
  cache_index_and_filter_blocks: 0
  cache_index_and_filter_blocks_with_high_priority: 0
  pin_l0_filter_and_index_blocks_in_cache: 0
  pin_top_level_index_and_filter: 1
  index_type: 0
  data_block_index_type: 0
  index_shortening: 1
  data_block_hash_table_util_ratio: 0.750000
  hash_index_allow_collision: 1
  checksum: 1
  no_block_cache: 0
  block_cache: 0x7fa28007a190
  block_cache_name: LRUCache
  block_cache_options:
    capacity : 67108864
    num_shard_bits : 4
    strict_capacity_limit : 0
    memory_allocator : None
    high_pri_pool_ratio: 0.000
  block_cache_compressed: (nil)
  persistent_cache: (nil)
  block_size: 32768
  block_size_deviation: 10
  block_restart_interval: 16
  index_block_restart_interval: 1
  metadata_block_size: 4096
  partition_filters: 0
  use_delta_encoding: 1
  filter_policy: rocksdb.BuiltinBloomFilter
  whole_key_filtering: 0
  verify_compression: 0
  read_amp_bytes_per_bit: 0
  format_version: 2
  enable_index_compression: 1
  block_align: 0
I200410 07:57:36.999841 25 storage/engine/rocksdb.go:120         Options.write_buffer_size: 67108864
I200410 07:57:36.999888 25 storage/engine/rocksdb.go:120   Options.max_write_buffer_number: 4
I200410 07:57:36.999932 25 storage/engine/rocksdb.go:120           Options.compression: Snappy
I200410 07:57:36.999973 25 storage/engine/rocksdb.go:120                   Options.bottommost_compression: Disabled
I200410 07:57:37.000016 25 storage/engine/rocksdb.go:120        Options.prefix_extractor: cockroach_prefix_extractor
I200410 07:57:37.000058 25 storage/engine/rocksdb.go:120    Options.memtable_insert_with_hint_prefix_extractor: nullptr
I200410 07:57:37.002727 25 storage/engine/rocksdb.go:120              Options.num_levels: 7
I200410 07:57:37.002759 25 storage/engine/rocksdb.go:120         Options.min_write_buffer_number_to_merge: 1
I200410 07:57:37.002787 25 storage/engine/rocksdb.go:120      Options.max_write_buffer_number_to_maintain: 0
I200410 07:57:37.002822 25 storage/engine/rocksdb.go:120             Options.bottommost_compression_opts.window_bits: -14
I200410 07:57:37.002854 25 storage/engine/rocksdb.go:120                   Options.bottommost_compression_opts.level: 32767
I200410 07:57:37.002882 25 storage/engine/rocksdb.go:120                Options.bottommost_compression_opts.strategy: 0
I200410 07:57:37.002910 25 storage/engine/rocksdb.go:120          Options.bottommost_compression_opts.max_dict_bytes: 0
I200410 07:57:37.002938 25 storage/engine/rocksdb.go:120          Options.bottommost_compression_opts.zstd_max_train_bytes: 0
I200410 07:57:37.002967 25 storage/engine/rocksdb.go:120                   Options.bottommost_compression_opts.enabled: false
I200410 07:57:37.002995 25 storage/engine/rocksdb.go:120             Options.compression_opts.window_bits: -14
I200410 07:57:37.003023 25 storage/engine/rocksdb.go:120                   Options.compression_opts.level: 32767
I200410 07:57:37.003050 25 storage/engine/rocksdb.go:120                Options.compression_opts.strategy: 0
I200410 07:57:37.003078 25 storage/engine/rocksdb.go:120          Options.compression_opts.max_dict_bytes: 0
I200410 07:57:37.003107 25 storage/engine/rocksdb.go:120          Options.compression_opts.zstd_max_train_bytes: 0
I200410 07:57:37.003135 25 storage/engine/rocksdb.go:120                   Options.compression_opts.enabled: false
I200410 07:57:37.003163 25 storage/engine/rocksdb.go:120       Options.level0_file_num_compaction_trigger: 2
I200410 07:57:37.003191 25 storage/engine/rocksdb.go:120           Options.level0_slowdown_writes_trigger: 950
I200410 07:57:37.003288 25 storage/engine/rocksdb.go:120               Options.level0_stop_writes_trigger: 1000
I200410 07:57:37.003603 25 storage/engine/rocksdb.go:120                    Options.target_file_size_base: 4194304
I200410 07:57:37.003647 25 storage/engine/rocksdb.go:120              Options.target_file_size_multiplier: 2
I200410 07:57:37.004203 25 storage/engine/rocksdb.go:120                 Options.max_bytes_for_level_base: 67108864
I200410 07:57:37.004234 25 storage/engine/rocksdb.go:120  Options.level_compaction_dynamic_level_bytes: 1
I200410 07:57:37.004427 25 storage/engine/rocksdb.go:120           Options.max_bytes_for_level_multiplier: 10.000000
I200410 07:57:37.004465 25 storage/engine/rocksdb.go:120  Options.max_bytes_for_level_multiplier_addtl[0]: 1
I200410 07:57:37.004493 25 storage/engine/rocksdb.go:120  Options.max_bytes_for_level_multiplier_addtl[1]: 1
I200410 07:57:37.004521 25 storage/engine/rocksdb.go:120  Options.max_bytes_for_level_multiplier_addtl[2]: 1
I200410 07:57:37.004550 25 storage/engine/rocksdb.go:120  Options.max_bytes_for_level_multiplier_addtl[3]: 1
I200410 07:57:37.004579 25 storage/engine/rocksdb.go:120  Options.max_bytes_for_level_multiplier_addtl[4]: 1
I200410 07:57:37.004607 25 storage/engine/rocksdb.go:120  Options.max_bytes_for_level_multiplier_addtl[5]: 1
I200410 07:57:37.004635 25 storage/engine/rocksdb.go:120  Options.max_bytes_for_level_multiplier_addtl[6]: 1
I200410 07:57:37.004656 25 storage/engine/rocksdb.go:120        Options.max_sequential_skip_in_iterations: 8
I200410 07:57:37.004685 25 storage/engine/rocksdb.go:120                     Options.max_compaction_bytes: 104857600
I200410 07:57:37.004713 25 storage/engine/rocksdb.go:120                         Options.arena_block_size: 8388608
I200410 07:57:37.004741 25 storage/engine/rocksdb.go:120    Options.soft_pending_compaction_bytes_limit: 2199023255552
I200410 07:57:37.004767 25 storage/engine/rocksdb.go:120    Options.hard_pending_compaction_bytes_limit: 4400193994752
I200410 07:57:37.004814 25 storage/engine/rocksdb.go:120        Options.rate_limit_delay_max_milliseconds: 100
I200410 07:57:37.004835 25 storage/engine/rocksdb.go:120                 Options.disable_auto_compactions: 0
I200410 07:57:37.004867 25 storage/engine/rocksdb.go:120                         Options.compaction_style: kCompactionStyleLevel
I200410 07:57:37.004896 25 storage/engine/rocksdb.go:120                           Options.compaction_pri: kMinOverlappingRatio
I200410 07:57:37.004931 25 storage/engine/rocksdb.go:120  Options.compaction_options_universal.size_ratio: 1
I200410 07:57:37.004960 25 storage/engine/rocksdb.go:120  Options.compaction_options_universal.min_merge_width: 2
I200410 07:57:37.004988 25 storage/engine/rocksdb.go:120  Options.compaction_options_universal.max_merge_width: 4294967295
I200410 07:57:37.005016 25 storage/engine/rocksdb.go:120  Options.compaction_options_universal.max_size_amplification_percent: 200
I200410 07:57:37.005043 25 storage/engine/rocksdb.go:120  Options.compaction_options_universal.compression_size_percent: -1
I200410 07:57:37.005073 25 storage/engine/rocksdb.go:120  Options.compaction_options_universal.stop_style: kCompactionStopStyleTotalSize
I200410 07:57:37.005101 25 storage/engine/rocksdb.go:120  Options.compaction_options_fifo.max_table_files_size: 1073741824
I200410 07:57:37.005129 25 storage/engine/rocksdb.go:120  Options.compaction_options_fifo.allow_compaction: 0
I200410 07:57:37.005162 25 storage/engine/rocksdb.go:120                    Options.table_properties_collectors: TimeBoundTblPropCollectorFactory; DeleteRangeTblPropCollectorFactory; 
I200410 07:57:37.005193 25 storage/engine/rocksdb.go:120                    Options.inplace_update_support: 0
I200410 07:57:37.005220 25 storage/engine/rocksdb.go:120                  Options.inplace_update_num_locks: 10000
I200410 07:57:37.005250 25 storage/engine/rocksdb.go:120                Options.memtable_prefix_bloom_size_ratio: 0.000000
I200410 07:57:37.005277 25 storage/engine/rocksdb.go:120                Options.memtable_whole_key_filtering: 0
I200410 07:57:37.005305 25 storage/engine/rocksdb.go:120    Options.memtable_huge_page_size: 0
I200410 07:57:37.005333 25 storage/engine/rocksdb.go:120                            Options.bloom_locality: 0
I200410 07:57:37.005361 25 storage/engine/rocksdb.go:120                     Options.max_successive_merges: 0
I200410 07:57:37.005389 25 storage/engine/rocksdb.go:120                 Options.optimize_filters_for_hits: 1
I200410 07:57:37.005416 25 storage/engine/rocksdb.go:120                 Options.paranoid_file_checks: 0
I200410 07:57:37.005444 25 storage/engine/rocksdb.go:120                 Options.force_consistency_checks: 0
I200410 07:57:37.005472 25 storage/engine/rocksdb.go:120                 Options.report_bg_io_stats: 0
I200410 07:57:37.005499 25 storage/engine/rocksdb.go:120                                Options.ttl: 0
I200410 07:57:37.005527 25 storage/engine/rocksdb.go:120           Options.periodic_compaction_seconds: 0
I200410 07:57:37.055026 25 storage/engine/rocksdb.go:120  [db/version_set.cc:4286] Recovered from manifest file:/cockroach/cockroach-data/MANIFEST-000017 succeeded,manifest_file_number is 17, next_file_number is 19, last_sequence is 0, log_number is 16,prev_log_number is 0,max_column_family is 0,min_log_number_to_keep is 0
I200410 07:57:37.055566 25 storage/engine/rocksdb.go:120  [db/version_set.cc:4295] Column family [default] (ID 0), log number is 16
I200410 07:57:37.076961 25 storage/engine/rocksdb.go:120  EVENT_LOG_v1 {"time_micros": 1586505457076829, "job": 1, "event": "recovery_started", "log_files": [18]}
I200410 07:57:37.077024 25 storage/engine/rocksdb.go:120  [db/db_impl_open.cc:598] Recovering log #18 mode 0
I200410 07:57:37.101733 25 storage/engine/rocksdb.go:120  [db/version_set.cc:3560] Creating manifest 20
I200410 07:57:37.155986 25 storage/engine/rocksdb.go:120  EVENT_LOG_v1 {"time_micros": 1586505457155110, "job": 1, "event": "recovery_finished"}
I200410 07:57:37.331669 25 storage/engine/rocksdb.go:120  DB pointer 0x7fa280170000
