I200409 11:49:26.521891 14 util/log/clog.go:1196  [config] file created at: 2020/04/09 11:49:26
I200409 11:49:26.521891 14 util/log/clog.go:1196  [config] running on machine: 002e79fa7cb2
I200409 11:49:26.521891 14 util/log/clog.go:1196  [config] binary: CockroachDB CCL v19.2.5 (x86_64-unknown-linux-gnu, built 2020/03/16 18:27:12, go1.12.12)
I200409 11:49:26.521891 14 util/log/clog.go:1196  [config] arguments: [/cockroach/cockroach start --insecure --join=order_2]
I200409 11:49:26.521891 14 util/log/clog.go:1196  line format: [IWEF]yymmdd hh:mm:ss.uuuuuu goid file:line msg utf8=✓
I200409 11:49:26.521866 14 storage/engine/rocksdb.go:120  RocksDB version: 6.2.1
I200409 11:49:26.550436 14 storage/engine/rocksdb.go:120  Git sha rocksdb_build_git_sha:@b7009236531fa784872f4823eabf393501e41bf2@
I200409 11:49:26.550478 14 storage/engine/rocksdb.go:120  Compile date Mar 16 2020
I200409 11:49:26.550616 14 storage/engine/rocksdb.go:120  DB SUMMARY
I200409 11:49:26.563148 14 storage/engine/rocksdb.go:120  SST files in /cockroach/cockroach-data/cockroach-temp214587548 dir, Total Num: 0, files: 
I200409 11:49:26.582914 14 storage/engine/rocksdb.go:120  Write Ahead Log file in /cockroach/cockroach-data/cockroach-temp214587548: 
I200409 11:49:26.582964 14 storage/engine/rocksdb.go:120                          Options.error_if_exists: 0
I200409 11:49:26.583015 14 storage/engine/rocksdb.go:120                        Options.create_if_missing: 1
I200409 11:49:26.583066 14 storage/engine/rocksdb.go:120                          Options.paranoid_checks: 1
I200409 11:49:26.583110 14 storage/engine/rocksdb.go:120                                      Options.env: 0x75757a0
I200409 11:49:26.583153 14 storage/engine/rocksdb.go:120                                 Options.info_log: 0x7efc30e190e0
I200409 11:49:26.583282 14 storage/engine/rocksdb.go:120                 Options.max_file_opening_threads: 16
I200409 11:49:26.583407 14 storage/engine/rocksdb.go:120                               Options.statistics: 0x7efc30e29010
I200409 11:49:26.583615 14 storage/engine/rocksdb.go:120                                Options.use_fsync: 0
I200409 11:49:26.583660 14 storage/engine/rocksdb.go:120                        Options.max_log_file_size: 0
I200409 11:49:26.583712 14 storage/engine/rocksdb.go:120                   Options.max_manifest_file_size: 134217728
I200409 11:49:26.583755 14 storage/engine/rocksdb.go:120                    Options.log_file_time_to_roll: 0
I200409 11:49:26.583804 14 storage/engine/rocksdb.go:120                        Options.keep_log_file_num: 1000
I200409 11:49:26.583852 14 storage/engine/rocksdb.go:120                     Options.recycle_log_file_num: 1
I200409 11:49:26.583897 14 storage/engine/rocksdb.go:120                          Options.allow_fallocate: 1
I200409 11:49:26.583938 14 storage/engine/rocksdb.go:120                         Options.allow_mmap_reads: 0
I200409 11:49:26.583982 14 storage/engine/rocksdb.go:120                        Options.allow_mmap_writes: 0
I200409 11:49:26.584026 14 storage/engine/rocksdb.go:120                         Options.use_direct_reads: 0
I200409 11:49:26.584070 14 storage/engine/rocksdb.go:120                         Options.use_direct_io_for_flush_and_compaction: 0
I200409 11:49:26.584112 14 storage/engine/rocksdb.go:120           Options.create_missing_column_families: 0
I200409 11:49:26.584154 14 storage/engine/rocksdb.go:120                               Options.db_log_dir: 
I200409 11:49:26.584286 14 storage/engine/rocksdb.go:120                                  Options.wal_dir: /cockroach/cockroach-data/cockroach-temp214587548
I200409 11:49:26.584328 14 storage/engine/rocksdb.go:120                 Options.table_cache_numshardbits: 6
I200409 11:49:26.584369 14 storage/engine/rocksdb.go:120                       Options.max_subcompactions: 1
I200409 11:49:26.584404 14 storage/engine/rocksdb.go:120                   Options.max_background_flushes: -1
I200409 11:49:26.584444 14 storage/engine/rocksdb.go:120                          Options.WAL_ttl_seconds: 0
I200409 11:49:26.584483 14 storage/engine/rocksdb.go:120                        Options.WAL_size_limit_MB: 0
I200409 11:49:26.584521 14 storage/engine/rocksdb.go:120              Options.manifest_preallocation_size: 4194304
I200409 11:49:26.584635 14 storage/engine/rocksdb.go:120                      Options.is_fd_close_on_exec: 1
I200409 11:49:26.584916 14 storage/engine/rocksdb.go:120                    Options.advise_random_on_open: 1
I200409 11:49:26.584959 14 storage/engine/rocksdb.go:120                     Options.db_write_buffer_size: 0
I200409 11:49:26.585003 14 storage/engine/rocksdb.go:120                     Options.write_buffer_manager: 0x7efc30e91030
I200409 11:49:26.585069 14 storage/engine/rocksdb.go:120          Options.access_hint_on_compaction_start: 1
I200409 11:49:26.585127 14 storage/engine/rocksdb.go:120   Options.new_table_reader_for_compaction_inputs: 0
I200409 11:49:26.585166 14 storage/engine/rocksdb.go:120            Options.random_access_max_buffer_size: 1048576
I200409 11:49:26.585207 14 storage/engine/rocksdb.go:120                       Options.use_adaptive_mutex: 0
I200409 11:49:26.585253 14 storage/engine/rocksdb.go:120                             Options.rate_limiter: (nil)
I200409 11:49:26.585557 14 storage/engine/rocksdb.go:120      Options.sst_file_manager.rate_bytes_per_sec: 0
I200409 11:49:26.587656 14 storage/engine/rocksdb.go:120                        Options.wal_recovery_mode: 0
I200409 11:49:26.587761 14 storage/engine/rocksdb.go:120                   Options.enable_thread_tracking: 0
I200409 11:49:26.587805 14 storage/engine/rocksdb.go:120                   Options.enable_pipelined_write: 0
I200409 11:49:26.587900 14 storage/engine/rocksdb.go:120          Options.allow_concurrent_memtable_write: 1
I200409 11:49:26.587944 14 storage/engine/rocksdb.go:120       Options.enable_write_thread_adaptive_yield: 1
I200409 11:49:26.587985 14 storage/engine/rocksdb.go:120              Options.write_thread_max_yield_usec: 100
I200409 11:49:26.588078 14 storage/engine/rocksdb.go:120             Options.write_thread_slow_yield_usec: 3
I200409 11:49:26.588119 14 storage/engine/rocksdb.go:120                                Options.row_cache: None
I200409 11:49:26.588241 14 storage/engine/rocksdb.go:120                               Options.wal_filter: None
I200409 11:49:26.588370 14 storage/engine/rocksdb.go:120              Options.avoid_flush_during_recovery: 0
I200409 11:49:26.588414 14 storage/engine/rocksdb.go:120              Options.allow_ingest_behind: 0
I200409 11:49:26.593022 14 storage/engine/rocksdb.go:120              Options.preserve_deletes: 0
I200409 11:49:26.593092 14 storage/engine/rocksdb.go:120              Options.two_write_queues: 0
I200409 11:49:26.593158 14 storage/engine/rocksdb.go:120              Options.manual_wal_flush: 1
I200409 11:49:26.593198 14 storage/engine/rocksdb.go:120              Options.atomic_flush: 0
I200409 11:49:26.593251 14 storage/engine/rocksdb.go:120              Options.avoid_unnecessary_blocking_io: 0
I200409 11:49:26.593291 14 storage/engine/rocksdb.go:120              Options.max_background_jobs: 2
I200409 11:49:26.593332 14 storage/engine/rocksdb.go:120              Options.max_background_compactions: -1
I200409 11:49:26.593583 14 storage/engine/rocksdb.go:120              Options.avoid_flush_during_shutdown: 0
I200409 11:49:26.593625 14 storage/engine/rocksdb.go:120            Options.writable_file_max_buffer_size: 1048576
I200409 11:49:26.593833 14 storage/engine/rocksdb.go:120              Options.delayed_write_rate : 16777216
I200409 11:49:26.594136 14 storage/engine/rocksdb.go:120              Options.max_total_wal_size: 0
I200409 11:49:26.594181 14 storage/engine/rocksdb.go:120              Options.delete_obsolete_files_period_micros: 21600000000
I200409 11:49:26.594221 14 storage/engine/rocksdb.go:120                    Options.stats_dump_period_sec: 0
I200409 11:49:26.594260 14 storage/engine/rocksdb.go:120                  Options.stats_persist_period_sec: 600
I200409 11:49:26.594390 14 storage/engine/rocksdb.go:120                  Options.stats_history_buffer_size: 1048576
I200409 11:49:26.594431 14 storage/engine/rocksdb.go:120                           Options.max_open_files: 128
I200409 11:49:26.594511 14 storage/engine/rocksdb.go:120                           Options.bytes_per_sync: 524288
I200409 11:49:26.594552 14 storage/engine/rocksdb.go:120                       Options.wal_bytes_per_sync: 0
I200409 11:49:26.594713 14 storage/engine/rocksdb.go:120                    Options.strict_bytes_per_sync: 1
I200409 11:49:26.594761 14 storage/engine/rocksdb.go:120        Options.compaction_readahead_size: 0
I200409 11:49:26.594807 14 storage/engine/rocksdb.go:120  Compression algorithms supported:
I200409 11:49:26.594876 14 storage/engine/rocksdb.go:120  	kZSTDNotFinalCompression supported: 0
I200409 11:49:26.594915 14 storage/engine/rocksdb.go:120  	kZSTD supported: 0
I200409 11:49:26.594956 14 storage/engine/rocksdb.go:120  	kXpressCompression supported: 0
I200409 11:49:26.594995 14 storage/engine/rocksdb.go:120  	kLZ4HCCompression supported: 0
I200409 11:49:26.595037 14 storage/engine/rocksdb.go:120  	kLZ4Compression supported: 0
I200409 11:49:26.595078 14 storage/engine/rocksdb.go:120  	kBZip2Compression supported: 0
I200409 11:49:26.596178 14 storage/engine/rocksdb.go:120  	kZlibCompression supported: 0
I200409 11:49:26.596223 14 storage/engine/rocksdb.go:120  	kSnappyCompression supported: 1
I200409 11:49:26.596357 14 storage/engine/rocksdb.go:120  Fast CRC32 supported: Supported on x86
I200409 11:49:26.604073 14 storage/engine/rocksdb.go:120  [db/db_impl_open.cc:242] Creating manifest 1 
I200409 11:49:26.660877 14 storage/engine/rocksdb.go:120  [db/version_set.cc:4072] Recovering from manifest file: /cockroach/cockroach-data/cockroach-temp214587548/MANIFEST-000001
I200409 11:49:26.669599 14 storage/engine/rocksdb.go:120  [db/column_family.cc:488] --------------- Options for column family [default]:
I200409 11:49:26.669653 14 storage/engine/rocksdb.go:120                Options.comparator: cockroach_comparator
I200409 11:49:26.669726 14 storage/engine/rocksdb.go:120            Options.merge_operator: cockroach_merge_operator
I200409 11:49:26.669770 14 storage/engine/rocksdb.go:120         Options.compaction_filter: None
I200409 11:49:26.669845 14 storage/engine/rocksdb.go:120         Options.compaction_filter_factory: None
I200409 11:49:26.669901 14 storage/engine/rocksdb.go:120          Options.memtable_factory: SkipListFactory
I200409 11:49:26.669940 14 storage/engine/rocksdb.go:120             Options.table_factory: BlockBasedTable
I200409 11:49:26.670155 14 storage/engine/rocksdb.go:120             table_factory options:   flush_block_policy_factory: FlushBlockBySizePolicyFactory (0x7efc30e1d030)
  cache_index_and_filter_blocks: 0
  cache_index_and_filter_blocks_with_high_priority: 0
  pin_l0_filter_and_index_blocks_in_cache: 0
  pin_top_level_index_and_filter: 1
  index_type: 0
  data_block_index_type: 0
  index_shortening: 1
  data_block_hash_table_util_ratio: 0.750000
  hash_index_allow_collision: 1
  checksum: 1
  no_block_cache: 0
  block_cache: 0x7efc30e0e010
  block_cache_name: LRUCache
  block_cache_options:
    capacity : 1048576
    num_shard_bits : 4
    strict_capacity_limit : 0
    memory_allocator : None
    high_pri_pool_ratio: 0.000
  block_cache_compressed: (nil)
  persistent_cache: (nil)
  block_size: 32768
  block_size_deviation: 10
  block_restart_interval: 16
  index_block_restart_interval: 1
  metadata_block_size: 4096
  partition_filters: 0
  use_delta_encoding: 1
  filter_policy: rocksdb.BuiltinBloomFilter
  whole_key_filtering: 0
  verify_compression: 0
  read_amp_bytes_per_bit: 0
  format_version: 2
  enable_index_compression: 1
  block_align: 0
I200409 11:49:26.670220 14 storage/engine/rocksdb.go:120         Options.write_buffer_size: 67108864
I200409 11:49:26.670266 14 storage/engine/rocksdb.go:120   Options.max_write_buffer_number: 4
I200409 11:49:26.670345 14 storage/engine/rocksdb.go:120           Options.compression: Snappy
I200409 11:49:26.670627 14 storage/engine/rocksdb.go:120                   Options.bottommost_compression: Disabled
I200409 11:49:26.670669 14 storage/engine/rocksdb.go:120        Options.prefix_extractor: cockroach_prefix_extractor
I200409 11:49:26.670710 14 storage/engine/rocksdb.go:120    Options.memtable_insert_with_hint_prefix_extractor: nullptr
I200409 11:49:26.670751 14 storage/engine/rocksdb.go:120              Options.num_levels: 7
I200409 11:49:26.670794 14 storage/engine/rocksdb.go:120         Options.min_write_buffer_number_to_merge: 1
I200409 11:49:26.670835 14 storage/engine/rocksdb.go:120      Options.max_write_buffer_number_to_maintain: 0
I200409 11:49:26.670877 14 storage/engine/rocksdb.go:120             Options.bottommost_compression_opts.window_bits: -14
I200409 11:49:26.670978 14 storage/engine/rocksdb.go:120                   Options.bottommost_compression_opts.level: 32767
I200409 11:49:26.671020 14 storage/engine/rocksdb.go:120                Options.bottommost_compression_opts.strategy: 0
I200409 11:49:26.671060 14 storage/engine/rocksdb.go:120          Options.bottommost_compression_opts.max_dict_bytes: 0
I200409 11:49:26.671102 14 storage/engine/rocksdb.go:120          Options.bottommost_compression_opts.zstd_max_train_bytes: 0
I200409 11:49:26.671143 14 storage/engine/rocksdb.go:120                   Options.bottommost_compression_opts.enabled: false
I200409 11:49:26.671188 14 storage/engine/rocksdb.go:120             Options.compression_opts.window_bits: -14
I200409 11:49:26.671229 14 storage/engine/rocksdb.go:120                   Options.compression_opts.level: 32767
I200409 11:49:26.671269 14 storage/engine/rocksdb.go:120                Options.compression_opts.strategy: 0
I200409 11:49:26.671312 14 storage/engine/rocksdb.go:120          Options.compression_opts.max_dict_bytes: 0
I200409 11:49:26.671353 14 storage/engine/rocksdb.go:120          Options.compression_opts.zstd_max_train_bytes: 0
I200409 11:49:26.671396 14 storage/engine/rocksdb.go:120                   Options.compression_opts.enabled: false
I200409 11:49:26.671438 14 storage/engine/rocksdb.go:120       Options.level0_file_num_compaction_trigger: 2
I200409 11:49:26.673632 14 storage/engine/rocksdb.go:120           Options.level0_slowdown_writes_trigger: 950
I200409 11:49:26.674056 14 storage/engine/rocksdb.go:120               Options.level0_stop_writes_trigger: 1000
I200409 11:49:26.674269 14 storage/engine/rocksdb.go:120                    Options.target_file_size_base: 4194304
I200409 11:49:26.674970 14 storage/engine/rocksdb.go:120              Options.target_file_size_multiplier: 2
I200409 11:49:26.675034 14 storage/engine/rocksdb.go:120                 Options.max_bytes_for_level_base: 67108864
I200409 11:49:26.675077 14 storage/engine/rocksdb.go:120  Options.level_compaction_dynamic_level_bytes: 1
I200409 11:49:26.675124 14 storage/engine/rocksdb.go:120           Options.max_bytes_for_level_multiplier: 10.000000
I200409 11:49:26.675166 14 storage/engine/rocksdb.go:120  Options.max_bytes_for_level_multiplier_addtl[0]: 1
I200409 11:49:26.675197 14 storage/engine/rocksdb.go:120  Options.max_bytes_for_level_multiplier_addtl[1]: 1
I200409 11:49:26.675237 14 storage/engine/rocksdb.go:120  Options.max_bytes_for_level_multiplier_addtl[2]: 1
I200409 11:49:26.675480 14 storage/engine/rocksdb.go:120  Options.max_bytes_for_level_multiplier_addtl[3]: 1
I200409 11:49:26.675521 14 storage/engine/rocksdb.go:120  Options.max_bytes_for_level_multiplier_addtl[4]: 1
I200409 11:49:26.675559 14 storage/engine/rocksdb.go:120  Options.max_bytes_for_level_multiplier_addtl[5]: 1
I200409 11:49:26.675784 14 storage/engine/rocksdb.go:120  Options.max_bytes_for_level_multiplier_addtl[6]: 1
I200409 11:49:26.675865 14 storage/engine/rocksdb.go:120        Options.max_sequential_skip_in_iterations: 8
I200409 11:49:26.675911 14 storage/engine/rocksdb.go:120                     Options.max_compaction_bytes: 104857600
I200409 11:49:26.675953 14 storage/engine/rocksdb.go:120                         Options.arena_block_size: 8388608
I200409 11:49:26.676006 14 storage/engine/rocksdb.go:120    Options.soft_pending_compaction_bytes_limit: 2199023255552
I200409 11:49:26.676050 14 storage/engine/rocksdb.go:120    Options.hard_pending_compaction_bytes_limit: 4400193994752
I200409 11:49:26.676379 14 storage/engine/rocksdb.go:120        Options.rate_limit_delay_max_milliseconds: 100
I200409 11:49:26.676777 14 storage/engine/rocksdb.go:120                 Options.disable_auto_compactions: 0
I200409 11:49:26.676827 14 storage/engine/rocksdb.go:120                         Options.compaction_style: kCompactionStyleLevel
I200409 11:49:26.677435 14 storage/engine/rocksdb.go:120                           Options.compaction_pri: kMinOverlappingRatio
I200409 11:49:26.677514 14 storage/engine/rocksdb.go:120  Options.compaction_options_universal.size_ratio: 1
I200409 11:49:26.677557 14 storage/engine/rocksdb.go:120  Options.compaction_options_universal.min_merge_width: 2
I200409 11:49:26.677594 14 storage/engine/rocksdb.go:120  Options.compaction_options_universal.max_merge_width: 4294967295
I200409 11:49:26.677639 14 storage/engine/rocksdb.go:120  Options.compaction_options_universal.max_size_amplification_percent: 200
I200409 11:49:26.677677 14 storage/engine/rocksdb.go:120  Options.compaction_options_universal.compression_size_percent: -1
I200409 11:49:26.677712 14 storage/engine/rocksdb.go:120  Options.compaction_options_universal.stop_style: kCompactionStopStyleTotalSize
I200409 11:49:26.677751 14 storage/engine/rocksdb.go:120  Options.compaction_options_fifo.max_table_files_size: 1073741824
I200409 11:49:26.678237 14 storage/engine/rocksdb.go:120  Options.compaction_options_fifo.allow_compaction: 0
I200409 11:49:26.678834 14 storage/engine/rocksdb.go:120                    Options.table_properties_collectors: TimeBoundTblPropCollectorFactory; DeleteRangeTblPropCollectorFactory; 
I200409 11:49:26.680274 14 storage/engine/rocksdb.go:120                    Options.inplace_update_support: 0
I200409 11:49:26.680515 14 storage/engine/rocksdb.go:120                  Options.inplace_update_num_locks: 10000
I200409 11:49:26.680632 14 storage/engine/rocksdb.go:120                Options.memtable_prefix_bloom_size_ratio: 0.000000
I200409 11:49:26.680673 14 storage/engine/rocksdb.go:120                Options.memtable_whole_key_filtering: 0
I200409 11:49:26.680716 14 storage/engine/rocksdb.go:120    Options.memtable_huge_page_size: 0
I200409 11:49:26.680747 14 storage/engine/rocksdb.go:120                            Options.bloom_locality: 0
I200409 11:49:26.680789 14 storage/engine/rocksdb.go:120                     Options.max_successive_merges: 0
I200409 11:49:26.680831 14 storage/engine/rocksdb.go:120                 Options.optimize_filters_for_hits: 1
I200409 11:49:26.680874 14 storage/engine/rocksdb.go:120                 Options.paranoid_file_checks: 0
I200409 11:49:26.680917 14 storage/engine/rocksdb.go:120                 Options.force_consistency_checks: 0
I200409 11:49:26.680959 14 storage/engine/rocksdb.go:120                 Options.report_bg_io_stats: 0
I200409 11:49:26.681333 14 storage/engine/rocksdb.go:120                                Options.ttl: 0
I200409 11:49:26.682912 14 storage/engine/rocksdb.go:120           Options.periodic_compaction_seconds: 0
I200409 11:49:26.698038 14 storage/engine/rocksdb.go:120  [db/version_set.cc:4286] Recovered from manifest file:/cockroach/cockroach-data/cockroach-temp214587548/MANIFEST-000001 succeeded,manifest_file_number is 1, next_file_number is 3, last_sequence is 0, log_number is 0,prev_log_number is 0,max_column_family is 0,min_log_number_to_keep is 0
I200409 11:49:26.698077 14 storage/engine/rocksdb.go:120  [db/version_set.cc:4295] Column family [default] (ID 0), log number is 0
I200409 11:49:26.782896 14 storage/engine/rocksdb.go:120  DB pointer 0x7efc30e99000
I200409 11:49:27.041035 14 storage/engine/rocksdb.go:120  RocksDB version: 6.2.1
I200409 11:49:27.041147 14 storage/engine/rocksdb.go:120  Git sha rocksdb_build_git_sha:@b7009236531fa784872f4823eabf393501e41bf2@
I200409 11:49:27.041238 14 storage/engine/rocksdb.go:120  Compile date Mar 16 2020
I200409 11:49:27.043109 14 storage/engine/rocksdb.go:120  DB SUMMARY
I200409 11:49:27.066994 14 storage/engine/rocksdb.go:120  SST files in /cockroach/cockroach-data dir, Total Num: 0, files: 
I200409 11:49:27.067078 14 storage/engine/rocksdb.go:120  Write Ahead Log file in /cockroach/cockroach-data: 
I200409 11:49:27.067588 14 storage/engine/rocksdb.go:120                          Options.error_if_exists: 0
I200409 11:49:27.068284 14 storage/engine/rocksdb.go:120                        Options.create_if_missing: 1
I200409 11:49:27.068329 14 storage/engine/rocksdb.go:120                          Options.paranoid_checks: 1
I200409 11:49:27.068391 14 storage/engine/rocksdb.go:120                                      Options.env: 0x75757a0
I200409 11:49:27.068460 14 storage/engine/rocksdb.go:120                                 Options.info_log: 0x7efc33e0dce0
I200409 11:49:27.068514 14 storage/engine/rocksdb.go:120                 Options.max_file_opening_threads: 16
I200409 11:49:27.068560 14 storage/engine/rocksdb.go:120                               Options.statistics: 0x7efc33e30010
I200409 11:49:27.068613 14 storage/engine/rocksdb.go:120                                Options.use_fsync: 0
I200409 11:49:27.068682 14 storage/engine/rocksdb.go:120                        Options.max_log_file_size: 0
I200409 11:49:27.068721 14 storage/engine/rocksdb.go:120                   Options.max_manifest_file_size: 134217728
I200409 11:49:27.068768 14 storage/engine/rocksdb.go:120                    Options.log_file_time_to_roll: 0
I200409 11:49:27.069246 14 storage/engine/rocksdb.go:120                        Options.keep_log_file_num: 1000
I200409 11:49:27.069294 14 storage/engine/rocksdb.go:120                     Options.recycle_log_file_num: 1
I200409 11:49:27.069338 14 storage/engine/rocksdb.go:120                          Options.allow_fallocate: 1
I200409 11:49:27.069440 14 storage/engine/rocksdb.go:120                         Options.allow_mmap_reads: 0
I200409 11:49:27.069482 14 storage/engine/rocksdb.go:120                        Options.allow_mmap_writes: 0
I200409 11:49:27.069524 14 storage/engine/rocksdb.go:120                         Options.use_direct_reads: 0
I200409 11:49:27.071317 14 storage/engine/rocksdb.go:120                         Options.use_direct_io_for_flush_and_compaction: 0
I200409 11:49:27.072526 14 storage/engine/rocksdb.go:120           Options.create_missing_column_families: 0
I200409 11:49:27.072943 14 storage/engine/rocksdb.go:120                               Options.db_log_dir: 
I200409 11:49:27.073008 14 storage/engine/rocksdb.go:120                                  Options.wal_dir: /cockroach/cockroach-data
I200409 11:49:27.073059 14 storage/engine/rocksdb.go:120                 Options.table_cache_numshardbits: 6
I200409 11:49:27.073104 14 storage/engine/rocksdb.go:120                       Options.max_subcompactions: 1
I200409 11:49:27.073157 14 storage/engine/rocksdb.go:120                   Options.max_background_flushes: -1
I200409 11:49:27.073220 14 storage/engine/rocksdb.go:120                          Options.WAL_ttl_seconds: 0
I200409 11:49:27.073276 14 storage/engine/rocksdb.go:120                        Options.WAL_size_limit_MB: 0
I200409 11:49:27.073352 14 storage/engine/rocksdb.go:120              Options.manifest_preallocation_size: 4194304
I200409 11:49:27.073404 14 storage/engine/rocksdb.go:120                      Options.is_fd_close_on_exec: 1
I200409 11:49:27.073446 14 storage/engine/rocksdb.go:120                    Options.advise_random_on_open: 1
I200409 11:49:27.073509 14 storage/engine/rocksdb.go:120                     Options.db_write_buffer_size: 0
I200409 11:49:27.073557 14 storage/engine/rocksdb.go:120                     Options.write_buffer_manager: 0x7efc33e202f0
I200409 11:49:27.073614 14 storage/engine/rocksdb.go:120          Options.access_hint_on_compaction_start: 1
I200409 11:49:27.073670 14 storage/engine/rocksdb.go:120   Options.new_table_reader_for_compaction_inputs: 0
I200409 11:49:27.073715 14 storage/engine/rocksdb.go:120            Options.random_access_max_buffer_size: 1048576
I200409 11:49:27.073759 14 storage/engine/rocksdb.go:120                       Options.use_adaptive_mutex: 0
I200409 11:49:27.073818 14 storage/engine/rocksdb.go:120                             Options.rate_limiter: (nil)
I200409 11:49:27.073885 14 storage/engine/rocksdb.go:120      Options.sst_file_manager.rate_bytes_per_sec: 0
I200409 11:49:27.073962 14 storage/engine/rocksdb.go:120                        Options.wal_recovery_mode: 0
I200409 11:49:27.074015 14 storage/engine/rocksdb.go:120                   Options.enable_thread_tracking: 0
I200409 11:49:27.074068 14 storage/engine/rocksdb.go:120                   Options.enable_pipelined_write: 0
I200409 11:49:27.074139 14 storage/engine/rocksdb.go:120          Options.allow_concurrent_memtable_write: 1
I200409 11:49:27.074185 14 storage/engine/rocksdb.go:120       Options.enable_write_thread_adaptive_yield: 1
I200409 11:49:27.074715 14 storage/engine/rocksdb.go:120              Options.write_thread_max_yield_usec: 100
I200409 11:49:27.075056 14 storage/engine/rocksdb.go:120             Options.write_thread_slow_yield_usec: 3
I200409 11:49:27.075109 14 storage/engine/rocksdb.go:120                                Options.row_cache: None
I200409 11:49:27.075161 14 storage/engine/rocksdb.go:120                               Options.wal_filter: None
I200409 11:49:27.075839 14 storage/engine/rocksdb.go:120              Options.avoid_flush_during_recovery: 0
I200409 11:49:27.076986 14 storage/engine/rocksdb.go:120              Options.allow_ingest_behind: 0
I200409 11:49:27.077487 14 storage/engine/rocksdb.go:120              Options.preserve_deletes: 0
I200409 11:49:27.077846 14 storage/engine/rocksdb.go:120              Options.two_write_queues: 0
I200409 11:49:27.078031 14 storage/engine/rocksdb.go:120              Options.manual_wal_flush: 1
I200409 11:49:27.078150 14 storage/engine/rocksdb.go:120              Options.atomic_flush: 0
I200409 11:49:27.078789 14 storage/engine/rocksdb.go:120              Options.avoid_unnecessary_blocking_io: 0
I200409 11:49:27.078867 14 storage/engine/rocksdb.go:120              Options.max_background_jobs: 2
I200409 11:49:27.078913 14 storage/engine/rocksdb.go:120              Options.max_background_compactions: -1
I200409 11:49:27.079354 14 storage/engine/rocksdb.go:120              Options.avoid_flush_during_shutdown: 0
I200409 11:49:27.079414 14 storage/engine/rocksdb.go:120            Options.writable_file_max_buffer_size: 1048576
I200409 11:49:27.079489 14 storage/engine/rocksdb.go:120              Options.delayed_write_rate : 16777216
I200409 11:49:27.079533 14 storage/engine/rocksdb.go:120              Options.max_total_wal_size: 0
I200409 11:49:27.079583 14 storage/engine/rocksdb.go:120              Options.delete_obsolete_files_period_micros: 21600000000
I200409 11:49:27.079638 14 storage/engine/rocksdb.go:120                    Options.stats_dump_period_sec: 0
I200409 11:49:27.079691 14 storage/engine/rocksdb.go:120                  Options.stats_persist_period_sec: 600
I200409 11:49:27.081236 14 storage/engine/rocksdb.go:120                  Options.stats_history_buffer_size: 1048576
I200409 11:49:27.081323 14 storage/engine/rocksdb.go:120                           Options.max_open_files: 1043576
I200409 11:49:27.081398 14 storage/engine/rocksdb.go:120                           Options.bytes_per_sync: 524288
I200409 11:49:27.081497 14 storage/engine/rocksdb.go:120                       Options.wal_bytes_per_sync: 0
I200409 11:49:27.081734 14 storage/engine/rocksdb.go:120                    Options.strict_bytes_per_sync: 1
I200409 11:49:27.081803 14 storage/engine/rocksdb.go:120        Options.compaction_readahead_size: 0
I200409 11:49:27.081894 14 storage/engine/rocksdb.go:120  Compression algorithms supported:
I200409 11:49:27.081985 14 storage/engine/rocksdb.go:120  	kZSTDNotFinalCompression supported: 0
I200409 11:49:27.082051 14 storage/engine/rocksdb.go:120  	kZSTD supported: 0
I200409 11:49:27.082105 14 storage/engine/rocksdb.go:120  	kXpressCompression supported: 0
I200409 11:49:27.082161 14 storage/engine/rocksdb.go:120  	kLZ4HCCompression supported: 0
I200409 11:49:27.082206 14 storage/engine/rocksdb.go:120  	kLZ4Compression supported: 0
I200409 11:49:27.082249 14 storage/engine/rocksdb.go:120  	kBZip2Compression supported: 0
I200409 11:49:27.082319 14 storage/engine/rocksdb.go:120  	kZlibCompression supported: 0
I200409 11:49:27.082378 14 storage/engine/rocksdb.go:120  	kSnappyCompression supported: 1
I200409 11:49:27.082471 14 storage/engine/rocksdb.go:120  Fast CRC32 supported: Supported on x86
I200409 11:49:27.115410 14 storage/engine/rocksdb.go:120  [db/db_impl_open.cc:242] Creating manifest 1 
I200409 11:49:27.274773 14 storage/engine/rocksdb.go:120  [db/version_set.cc:4072] Recovering from manifest file: /cockroach/cockroach-data/MANIFEST-000001
I200409 11:49:27.281477 14 storage/engine/rocksdb.go:120  [db/column_family.cc:488] --------------- Options for column family [default]:
I200409 11:49:27.281526 14 storage/engine/rocksdb.go:120                Options.comparator: cockroach_comparator
I200409 11:49:27.281578 14 storage/engine/rocksdb.go:120            Options.merge_operator: cockroach_merge_operator
I200409 11:49:27.281870 14 storage/engine/rocksdb.go:120         Options.compaction_filter: None
I200409 11:49:27.282091 14 storage/engine/rocksdb.go:120         Options.compaction_filter_factory: None
I200409 11:49:27.282194 14 storage/engine/rocksdb.go:120          Options.memtable_factory: SkipListFactory
I200409 11:49:27.282227 14 storage/engine/rocksdb.go:120             Options.table_factory: BlockBasedTable
I200409 11:49:27.282498 14 storage/engine/rocksdb.go:120             table_factory options:   flush_block_policy_factory: FlushBlockBySizePolicyFactory (0x7efc33e24028)
  cache_index_and_filter_blocks: 0
  cache_index_and_filter_blocks_with_high_priority: 0
  pin_l0_filter_and_index_blocks_in_cache: 0
  pin_top_level_index_and_filter: 1
  index_type: 0
  data_block_index_type: 0
  index_shortening: 1
  data_block_hash_table_util_ratio: 0.750000
  hash_index_allow_collision: 1
  checksum: 1
  no_block_cache: 0
  block_cache: 0x7efc3987a190
  block_cache_name: LRUCache
  block_cache_options:
    capacity : 67108864
    num_shard_bits : 4
    strict_capacity_limit : 0
    memory_allocator : None
    high_pri_pool_ratio: 0.000
  block_cache_compressed: (nil)
  persistent_cache: (nil)
  block_size: 32768
  block_size_deviation: 10
  block_restart_interval: 16
  index_block_restart_interval: 1
  metadata_block_size: 4096
  partition_filters: 0
  use_delta_encoding: 1
  filter_policy: rocksdb.BuiltinBloomFilter
  whole_key_filtering: 0
  verify_compression: 0
  read_amp_bytes_per_bit: 0
  format_version: 2
  enable_index_compression: 1
  block_align: 0
I200409 11:49:27.282803 14 storage/engine/rocksdb.go:120         Options.write_buffer_size: 67108864
I200409 11:49:27.283029 14 storage/engine/rocksdb.go:120   Options.max_write_buffer_number: 4
I200409 11:49:27.283194 14 storage/engine/rocksdb.go:120           Options.compression: Snappy
I200409 11:49:27.283240 14 storage/engine/rocksdb.go:120                   Options.bottommost_compression: Disabled
I200409 11:49:27.283282 14 storage/engine/rocksdb.go:120        Options.prefix_extractor: cockroach_prefix_extractor
I200409 11:49:27.283847 14 storage/engine/rocksdb.go:120    Options.memtable_insert_with_hint_prefix_extractor: nullptr
I200409 11:49:27.283893 14 storage/engine/rocksdb.go:120              Options.num_levels: 7
I200409 11:49:27.283930 14 storage/engine/rocksdb.go:120         Options.min_write_buffer_number_to_merge: 1
I200409 11:49:27.284254 14 storage/engine/rocksdb.go:120      Options.max_write_buffer_number_to_maintain: 0
I200409 11:49:27.284293 14 storage/engine/rocksdb.go:120             Options.bottommost_compression_opts.window_bits: -14
I200409 11:49:27.284320 14 storage/engine/rocksdb.go:120                   Options.bottommost_compression_opts.level: 32767
I200409 11:49:27.284356 14 storage/engine/rocksdb.go:120                Options.bottommost_compression_opts.strategy: 0
I200409 11:49:27.284394 14 storage/engine/rocksdb.go:120          Options.bottommost_compression_opts.max_dict_bytes: 0
I200409 11:49:27.284429 14 storage/engine/rocksdb.go:120          Options.bottommost_compression_opts.zstd_max_train_bytes: 0
I200409 11:49:27.284466 14 storage/engine/rocksdb.go:120                   Options.bottommost_compression_opts.enabled: false
I200409 11:49:27.284691 14 storage/engine/rocksdb.go:120             Options.compression_opts.window_bits: -14
I200409 11:49:27.284730 14 storage/engine/rocksdb.go:120                   Options.compression_opts.level: 32767
I200409 11:49:27.284769 14 storage/engine/rocksdb.go:120                Options.compression_opts.strategy: 0
I200409 11:49:27.284806 14 storage/engine/rocksdb.go:120          Options.compression_opts.max_dict_bytes: 0
I200409 11:49:27.284975 14 storage/engine/rocksdb.go:120          Options.compression_opts.zstd_max_train_bytes: 0
I200409 11:49:27.285016 14 storage/engine/rocksdb.go:120                   Options.compression_opts.enabled: false
I200409 11:49:27.285061 14 storage/engine/rocksdb.go:120       Options.level0_file_num_compaction_trigger: 2
I200409 11:49:27.285208 14 storage/engine/rocksdb.go:120           Options.level0_slowdown_writes_trigger: 950
I200409 11:49:27.285243 14 storage/engine/rocksdb.go:120               Options.level0_stop_writes_trigger: 1000
I200409 11:49:27.285284 14 storage/engine/rocksdb.go:120                    Options.target_file_size_base: 4194304
I200409 11:49:27.285862 14 storage/engine/rocksdb.go:120              Options.target_file_size_multiplier: 2
I200409 11:49:27.286105 14 storage/engine/rocksdb.go:120                 Options.max_bytes_for_level_base: 67108864
I200409 11:49:27.286274 14 storage/engine/rocksdb.go:120  Options.level_compaction_dynamic_level_bytes: 1
I200409 11:49:27.286317 14 storage/engine/rocksdb.go:120           Options.max_bytes_for_level_multiplier: 10.000000
I200409 11:49:27.286361 14 storage/engine/rocksdb.go:120  Options.max_bytes_for_level_multiplier_addtl[0]: 1
I200409 11:49:27.287044 14 storage/engine/rocksdb.go:120  Options.max_bytes_for_level_multiplier_addtl[1]: 1
I200409 11:49:27.287267 14 storage/engine/rocksdb.go:120  Options.max_bytes_for_level_multiplier_addtl[2]: 1
I200409 11:49:27.287738 14 storage/engine/rocksdb.go:120  Options.max_bytes_for_level_multiplier_addtl[3]: 1
I200409 11:49:27.287965 14 storage/engine/rocksdb.go:120  Options.max_bytes_for_level_multiplier_addtl[4]: 1
I200409 11:49:27.288159 14 storage/engine/rocksdb.go:120  Options.max_bytes_for_level_multiplier_addtl[5]: 1
I200409 11:49:27.288203 14 storage/engine/rocksdb.go:120  Options.max_bytes_for_level_multiplier_addtl[6]: 1
I200409 11:49:27.288246 14 storage/engine/rocksdb.go:120        Options.max_sequential_skip_in_iterations: 8
I200409 11:49:27.293123 14 storage/engine/rocksdb.go:120                     Options.max_compaction_bytes: 104857600
I200409 11:49:27.293189 14 storage/engine/rocksdb.go:120                         Options.arena_block_size: 8388608
I200409 11:49:27.293439 14 storage/engine/rocksdb.go:120    Options.soft_pending_compaction_bytes_limit: 2199023255552
I200409 11:49:27.293745 14 storage/engine/rocksdb.go:120    Options.hard_pending_compaction_bytes_limit: 4400193994752
I200409 11:49:27.293788 14 storage/engine/rocksdb.go:120        Options.rate_limit_delay_max_milliseconds: 100
I200409 11:49:27.293831 14 storage/engine/rocksdb.go:120                 Options.disable_auto_compactions: 0
I200409 11:49:27.294297 14 storage/engine/rocksdb.go:120                         Options.compaction_style: kCompactionStyleLevel
I200409 11:49:27.300079 14 storage/engine/rocksdb.go:120                           Options.compaction_pri: kMinOverlappingRatio
I200409 11:49:27.300149 14 storage/engine/rocksdb.go:120  Options.compaction_options_universal.size_ratio: 1
I200409 11:49:27.300319 14 storage/engine/rocksdb.go:120  Options.compaction_options_universal.min_merge_width: 2
I200409 11:49:27.300364 14 storage/engine/rocksdb.go:120  Options.compaction_options_universal.max_merge_width: 4294967295
I200409 11:49:27.300407 14 storage/engine/rocksdb.go:120  Options.compaction_options_universal.max_size_amplification_percent: 200
I200409 11:49:27.300447 14 storage/engine/rocksdb.go:120  Options.compaction_options_universal.compression_size_percent: -1
I200409 11:49:27.300496 14 storage/engine/rocksdb.go:120  Options.compaction_options_universal.stop_style: kCompactionStopStyleTotalSize
I200409 11:49:27.300545 14 storage/engine/rocksdb.go:120  Options.compaction_options_fifo.max_table_files_size: 1073741824
I200409 11:49:27.300584 14 storage/engine/rocksdb.go:120  Options.compaction_options_fifo.allow_compaction: 0
I200409 11:49:27.300634 14 storage/engine/rocksdb.go:120                    Options.table_properties_collectors: TimeBoundTblPropCollectorFactory; DeleteRangeTblPropCollectorFactory; 
I200409 11:49:27.300680 14 storage/engine/rocksdb.go:120                    Options.inplace_update_support: 0
I200409 11:49:27.300720 14 storage/engine/rocksdb.go:120                  Options.inplace_update_num_locks: 10000
I200409 11:49:27.300937 14 storage/engine/rocksdb.go:120                Options.memtable_prefix_bloom_size_ratio: 0.000000
I200409 11:49:27.300988 14 storage/engine/rocksdb.go:120                Options.memtable_whole_key_filtering: 0
I200409 11:49:27.301032 14 storage/engine/rocksdb.go:120    Options.memtable_huge_page_size: 0
I200409 11:49:27.301074 14 storage/engine/rocksdb.go:120                            Options.bloom_locality: 0
I200409 11:49:27.301116 14 storage/engine/rocksdb.go:120                     Options.max_successive_merges: 0
I200409 11:49:27.301153 14 storage/engine/rocksdb.go:120                 Options.optimize_filters_for_hits: 1
I200409 11:49:27.301191 14 storage/engine/rocksdb.go:120                 Options.paranoid_file_checks: 0
I200409 11:49:27.301231 14 storage/engine/rocksdb.go:120                 Options.force_consistency_checks: 0
I200409 11:49:27.301273 14 storage/engine/rocksdb.go:120                 Options.report_bg_io_stats: 0
I200409 11:49:27.301314 14 storage/engine/rocksdb.go:120                                Options.ttl: 0
I200409 11:49:27.301364 14 storage/engine/rocksdb.go:120           Options.periodic_compaction_seconds: 0
I200409 11:49:27.333926 14 storage/engine/rocksdb.go:120  [db/version_set.cc:4286] Recovered from manifest file:/cockroach/cockroach-data/MANIFEST-000001 succeeded,manifest_file_number is 1, next_file_number is 3, last_sequence is 0, log_number is 0,prev_log_number is 0,max_column_family is 0,min_log_number_to_keep is 0
I200409 11:49:27.333981 14 storage/engine/rocksdb.go:120  [db/version_set.cc:4295] Column family [default] (ID 0), log number is 0
I200409 11:49:27.477955 14 storage/engine/rocksdb.go:120  DB pointer 0x7efc33ea3000
