I200430 17:00:07.130332 1 util/log/clog.go:1196  [config] file created at: 2020/04/30 17:00:07
I200430 17:00:07.130332 1 util/log/clog.go:1196  [config] running on machine: 49dd32217e2a
I200430 17:00:07.130332 1 util/log/clog.go:1196  [config] binary: CockroachDB CCL v19.2.5 (x86_64-unknown-linux-gnu, built 2020/03/16 18:27:12, go1.12.12)
I200430 17:00:07.130332 1 util/log/clog.go:1196  [config] arguments: [/cockroach/cockroach start --insecure]
I200430 17:00:07.130332 1 util/log/clog.go:1196  line format: [IWEF]yymmdd hh:mm:ss.uuuuuu goid file:line msg utf8=✓
I200430 17:00:07.130331 1 cli/start.go:1144  logging to directory /cockroach/cockroach-data/logs
W200430 17:00:07.150090 1 cli/start.go:1182  RUNNING IN INSECURE MODE!

- Your cluster is open for any client that can access <all your IP addresses>.
- Any user, even root, can log in without providing a password.
- Any user, connecting as root, can read or write any data in your cluster.
- There is no network encryption nor authentication, and thus no confidentiality.

Check out how to secure your cluster: https://www.cockroachlabs.com/docs/v19.2/secure-a-cluster.html
I200430 17:00:07.151380 1 server/status/recorder.go:597  available memory from cgroups (8.0 EiB) is unsupported, using system memory 2.9 GiB instead: 
W200430 17:00:07.151681 1 cli/start.go:1052  Using the default setting for --cache (128 MiB).
  A significantly larger value is usually needed for good performance.
  If you have a dedicated server a reasonable setting is --cache=.25 (749 MiB).
I200430 17:00:07.154287 1 server/status/recorder.go:597  available memory from cgroups (8.0 EiB) is unsupported, using system memory 2.9 GiB instead: 
W200430 17:00:07.154352 1 cli/start.go:1065  Using the default setting for --max-sql-memory (128 MiB).
  A significantly larger value is usually needed in production.
  If you have a dedicated server a reasonable setting is --max-sql-memory=.25 (749 MiB).
I200430 17:00:07.156309 1 server/status/recorder.go:597  available memory from cgroups (8.0 EiB) is unsupported, using system memory 2.9 GiB instead: 
I200430 17:00:07.156385 1 cli/start.go:1196  CockroachDB CCL v19.2.5 (x86_64-unknown-linux-gnu, built 2020/03/16 18:27:12, go1.12.12)
W200430 17:00:07.573268 1 cli/start.go:511  running 'cockroach start' without --join is deprecated.
Consider using 'cockroach start-single-node' or 'cockroach init' instead.
I200430 17:00:07.594377 1 server/status/recorder.go:597  available memory from cgroups (8.0 EiB) is unsupported, using system memory 2.9 GiB instead: 
I200430 17:00:07.594430 1 server/config.go:394  system total memory: 2.9 GiB
I200430 17:00:07.594490 1 server/config.go:396  server configuration:
max offset             500000000
cache size             128 MiB
SQL memory pool size   128 MiB
scan interval          10m0s
scan min idle time     10ms
scan max idle time     1s
event log enabled      true
I200430 17:00:07.594621 1 cli/start.go:1030  using local environment variables: COCKROACH_CHANNEL=official-docker
I200430 17:00:07.594701 1 cli/start.go:1037  process identity: uid 0 euid 0 gid 0 egid 0
I200430 17:00:07.594954 1 cli/start.go:644  starting cockroach node
I200430 17:00:07.601032 10 storage/engine/rocksdb.go:622  opening rocksdb instance at "/cockroach/cockroach-data/cockroach-temp116779736"
I200430 17:00:08.081902 10 server/server.go:928  [n?] monitoring forward clock jumps based on server.clock.forward_jump_check_enabled
I200430 17:00:08.137892 10 storage/engine/rocksdb.go:622  opening rocksdb instance at "/cockroach/cockroach-data"
I200430 17:00:09.747308 10 server/config.go:502  [n?] 1 storage engine initialized
I200430 17:00:09.747533 10 server/config.go:505  [n?] RocksDB cache size: 128 MiB
I200430 17:00:09.747548 10 server/config.go:505  [n?] store 0: RocksDB, max size 0 B, max open file limit 1043576
W200430 17:00:09.800286 10 cli/start.go:996  neither --listen-addr nor --advertise-addr was specified.
The server will advertise "49dd32217e2a" to other nodes, is this routable?

Consider using:
- for local-only servers:  --listen-addr=localhost
- for multi-node clusters: --advertise-addr=<host/IP addr>
I200430 17:00:09.821373 10 gossip/gossip.go:394  [n1] NodeDescriptor set to node_id:1 address:<network_field:"tcp" address_field:"49dd32217e2a:26257" > attrs:<> locality:<> ServerVersion:<major_val:19 minor_val:2 patch:0 unstable:0 > build_tag:"v19.2.5" started_at:1588266009803311874 cluster_name:"" sql_address:<network_field:"tcp" address_field:"49dd32217e2a:26257" > 
W200430 17:00:10.025371 106 storage/replica_range_lease.go:554  can't determine lease status due to node liveness error: node not in the liveness table
github.com/cockroachdb/cockroach/pkg/storage.init.ializers
	/go/src/github.com/cockroachdb/cockroach/pkg/storage/node_liveness.go:44
runtime.main
	/usr/local/go/src/runtime/proc.go:188
runtime.goexit
	/usr/local/go/src/runtime/asm_amd64.s:1337
W200430 17:00:10.025457 106 storage/store.go:1530  [n1,s1,r6/1:/Table/{SystemCon…-11}] could not gossip system config: [NotLeaseHolderError] r6: replica (n1,s1):1 not lease holder; lease holder unknown
I200430 17:00:10.188833 10 server/node.go:431  [n1] initialized store [n1,s1]: disk (capacity=60 TiB, available=28 TiB, used=31 MiB, logicalBytes=190 MiB), ranges=32, leases=2, queries=0.00, writes=0.00, bytesPerReplica={p10=0.00 p25=0.00 p50=6342.00 p75=29139.00 p90=26505088.00 pMax=51989469.00}, writesPerReplica={p10=0.00 p25=0.00 p50=0.00 p75=0.00 p90=0.00 pMax=0.00}
I200430 17:00:10.189357 10 storage/stores.go:240  [n1] read 0 node addresses from persistent storage
I200430 17:00:10.189840 10 server/node.go:645  [n1] connecting to gossip network to verify cluster ID...
I200430 17:00:10.189883 10 server/node.go:665  [n1] node connected via gossip and verified as part of cluster "f727a468-111b-4755-83bc-9d9cd278eb8d"
I200430 17:00:10.190489 10 server/node.go:512  [n1] node=1: started with [<no-attributes>=/cockroach/cockroach-data] engine(s) and attributes []
I200430 17:00:10.198760 10 server/server.go:1514  [n1] starting http server at [::]:8080 (use: 49dd32217e2a:8080)
I200430 17:00:10.198802 10 server/server.go:1521  [n1] starting grpc/postgres server at [::]:26257
I200430 17:00:10.198821 10 server/server.go:1522  [n1] advertising CockroachDB node at 49dd32217e2a:26257
I200430 17:00:10.380108 141 storage/node_liveness.go:474  [n1,liveness-hb] heartbeat failed on epoch increment; retrying
I200430 17:00:10.725972 10 server/server.go:1590  [n1] done ensuring all necessary migrations have run
I200430 17:00:10.726050 10 server/server.go:1841  [n1] serving sql connections
I200430 17:00:10.731777 10 cli/start.go:803  [config] clusterID: f727a468-111b-4755-83bc-9d9cd278eb8d
I200430 17:00:10.731916 10 cli/start.go:812  node startup completed:
CockroachDB node starting at 2020-04-30 17:00:10.726163001 +0000 UTC (took 3.6s)
build:               CCL v19.2.5 @ 2020/03/16 18:27:12 (go1.12.12)
webui:               http://49dd32217e2a:8080
sql:                 postgresql://root@49dd32217e2a:26257?sslmode=disable
RPC client flags:    /cockroach/cockroach <client cmd> --host=49dd32217e2a:26257 --insecure
logs:                /cockroach/cockroach-data/logs
temp dir:            /cockroach/cockroach-data/cockroach-temp116779736
external I/O path:   /cockroach/cockroach-data/extern
store[0]:            path=/cockroach/cockroach-data
status:              restarted pre-existing node
clusterID:           f727a468-111b-4755-83bc-9d9cd278eb8d
nodeID:              1
I200430 17:00:10.880983 199 server/server_update.go:53  [n1] no need to upgrade, cluster already at the newest version
I200430 17:00:10.942917 201 sql/event_log.go:130  [n1] Event: "node_restart", target: 1, info: {Descriptor:{NodeID:1 Address:49dd32217e2a:26257 Attrs: Locality: ServerVersion:19.2 BuildTag:v19.2.5 StartedAt:1588266009803311874 LocalityAddress:[] ClusterName: SQLAddress:49dd32217e2a:26257} ClusterID:f727a468-111b-4755-83bc-9d9cd278eb8d StartedAt:1588266009803311874 LastUp:1587368388340424700}
I200430 17:00:11.992248 85 gossip/gossip.go:1531  [n1] node has connected to cluster via gossip
I200430 17:00:11.992729 85 storage/stores.go:259  [n1] wrote 0 node addresses to persistent storage
I200430 17:00:15.105755 203 server/updates.go:267  [n1] A new version is available: 19.2.6, details: https://www.cockroachlabs.com/docs/releases/v19.2.6.html
I200430 17:00:19.468130 610 storage/replica_consistency.go:229  [n1,consistencyChecker,s1,r58/1:/System/tsd/cr.store.{co…-re…}] triggering stats recomputation to resolve delta of {ContainsEstimates:true LastUpdateNanos:1588266010422979947 IntentAge:0 GCBytesAge:0 LiveBytes:6836766 LiveCount:-972 KeyBytes:-47910 KeyCount:-972 ValBytes:6884676 ValCount:-972 IntentBytes:0 IntentCount:0 SysBytes:0 SysCount:0}
I200430 17:00:19.814303 633 storage/replica_consistency.go:229  [n1,consistencyChecker,s1,r88/1:/System{/tsd/cr.s…-tse}] triggering stats recomputation to resolve delta of {ContainsEstimates:true LastUpdateNanos:1588266010403143732 IntentAge:0 GCBytesAge:0 LiveBytes:8738027 LiveCount:-1128 KeyBytes:-56398 KeyCount:-1128 ValBytes:8794425 ValCount:-1128 IntentBytes:0 IntentCount:0 SysBytes:0 SysCount:0}
I200430 17:00:20.243069 135 server/status/runtime.go:498  [n1] runtime stats: 224 MiB RSS, 129 goroutines, 149 MiB/37 MiB/202 MiB GO alloc/idle/total, 66 MiB/78 MiB CGO alloc/total, 0.0 CGO/sec, 0.0/0.0 %(u/s)time, 0.0 %gc (11x), 210 KiB/38 KiB (r/w)net
I200430 17:00:22.291030 664 storage/replica_consistency.go:229  [n1,consistencyChecker,s1,r90/1:/System/tsd/cr.node.sql.mem.…] triggering stats recomputation to resolve delta of {ContainsEstimates:true LastUpdateNanos:1588266010408986200 IntentAge:0 GCBytesAge:0 LiveBytes:5788280 LiveCount:-804 KeyBytes:-38254 KeyCount:-804 ValBytes:5826534 ValCount:-804 IntentBytes:0 IntentCount:0 SysBytes:0 SysCount:0}
I200430 17:00:24.938521 787 storage/replica_command.go:677  [n1,merge,s1,r58/1:/System/tsd/cr.store.{co…-re…}] initiating a merge of r88:/System{/tsd/cr.store.replicas.quiescent/1/10s/2020-04-18T11:00:00Z-tse} [(n1,s1):1, next=2, gen=10] into this range (lhs+rhs has (size=16 MiB+12 MiB qps=163.41+7.24 --> 170.65qps) below threshold (size=27 MiB, qps=170.65))
I200430 17:00:24.994568 73 storage/store_remove_replica.go:129  [n1,s1,r58/1:/System/tsd/cr.store.{co…-re…}] removing replica r88/1
I200430 17:00:25.960531 835 storage/replica_command.go:677  [n1,merge,s1,r89/1:/System/tsd/cr.{node.…-store…}] initiating a merge of r58:/System{/tsd/cr.store.compactor.suggestionbytes.queued/1/10s/2020-04-09T11:00:00Z-tse} [(n1,s1):1, next=2, gen=11] into this range (lhs+rhs has (size=8.4 MiB+13 MiB qps=0.00+113.66 --> 113.66qps) below threshold (size=21 MiB, qps=113.66))
I200430 17:00:26.021148 73 storage/store_remove_replica.go:129  [n1,s1,r89/1:/System/tsd/cr.{node.…-store…}] removing replica r58/1
I200430 17:00:30.247550 135 server/status/runtime.go:498  [n1] runtime stats: 260 MiB RSS, 125 goroutines, 121 MiB/66 MiB/202 MiB GO alloc/idle/total, 79 MiB/98 MiB CGO alloc/total, 4591.5 CGO/sec, 23.1/6.6 %(u/s)time, 0.0 %gc (4x), 3.0 KiB/3.0 KiB (r/w)net
I200430 17:00:30.339398 130 storage/store.go:2364  [n1,s1] sstables (read amplification = 2):
0 [ 117K 1 ]: 117K
6 [  21M 6 ]: 4M[5] 1M
I200430 17:00:30.339546 130 storage/store.go:2365  [n1,s1] 
** Compaction Stats [default] **
Level    Files   Size     Score Read(GB)  Rn(GB) Rnp1(GB) Write(GB) Wnew(GB) Moved(GB) W-Amp Rd(MB/s) Wr(MB/s) Comp(sec) CompMergeCPU(sec) Comp(cnt) Avg(sec) KeyIn KeyDrop
----------------------------------------------------------------------------------------------------------------------------------------------------------------------------
  L0      1/0   117.10 KB   0.5      0.0     0.0      0.0       0.0      0.0       0.0   1.0      0.0      0.3      0.38              0.00         1    0.378       0      0
  L6      6/0   21.15 MB   0.0      0.0     0.0      0.0       0.0      0.0       0.0   0.0      0.0      0.0      0.00              0.00         0    0.000       0      0
 Sum      7/0   21.26 MB   0.0      0.0     0.0      0.0       0.0      0.0       0.0   1.0      0.0      0.3      0.38              0.00         1    0.378       0      0
 Int      0/0    0.00 KB   0.0      0.0     0.0      0.0       0.0      0.0       0.0   1.0      0.0      0.3      0.38              0.00         1    0.378       0      0

** Compaction Stats [default] **
Priority    Files   Size     Score Read(GB)  Rn(GB) Rnp1(GB) Write(GB) Wnew(GB) Moved(GB) W-Amp Rd(MB/s) Wr(MB/s) Comp(sec) CompMergeCPU(sec) Comp(cnt) Avg(sec) KeyIn KeyDrop
-------------------------------------------------------------------------------------------------------------------------------------------------------------------------------
User      0/0    0.00 KB   0.0      0.0     0.0      0.0       0.0      0.0       0.0   0.0      0.0      0.3      0.38              0.00         1    0.378       0      0
Uptime(secs): 21.9 total, 21.9 interval
Flush(GB): cumulative 0.000, interval 0.000
AddFile(GB): cumulative 0.000, interval 0.000
AddFile(Total Files): cumulative 0, interval 0
AddFile(L0 Files): cumulative 0, interval 0
AddFile(Keys): cumulative 0, interval 0
Cumulative compaction: 0.00 GB write, 0.01 MB/s write, 0.00 GB read, 0.00 MB/s read, 0.4 seconds
Interval compaction: 0.00 GB write, 0.01 MB/s write, 0.00 GB read, 0.00 MB/s read, 0.4 seconds
Stalls(count): 0 level0_slowdown, 0 level0_slowdown_with_compaction, 0 level0_numfiles, 0 level0_numfiles_with_compaction, 0 stop for pending_compaction_bytes, 0 slowdown for pending_compaction_bytes, 0 memtable_compaction, 0 memtable_slowdown, interval 0 total count
estimated_pending_compaction_bytes: 0 B
I200430 17:00:39.972472 113 storage/compactor/compactor.go:325  [n1,s1,compactor] purging suggested compaction for range /System/tsd/cr.store.compactor.suggestionbytes.queued/1/10s/2020-04-09T11:00:00Z - /System/"tse" that contains live data
I200430 17:00:39.972619 113 storage/compactor/compactor.go:325  [n1,s1,compactor] purging suggested compaction for range /System/tsd/cr.store.replicas.quiescent/1/10s/2020-04-18T11:00:00Z - /System/"tse" that contains live data
I200430 17:00:40.204511 135 server/status/runtime.go:498  [n1] runtime stats: 261 MiB RSS, 124 goroutines, 128 MiB/59 MiB/202 MiB GO alloc/idle/total, 79 MiB/98 MiB CGO alloc/total, 427.9 CGO/sec, 1.5/0.9 %(u/s)time, 0.0 %gc (0x), 1.2 KiB/1.0 KiB (r/w)net
I200430 17:00:50.440431 135 server/status/runtime.go:498  [n1] runtime stats: 261 MiB RSS, 125 goroutines, 135 MiB/52 MiB/202 MiB GO alloc/idle/total, 79 MiB/98 MiB CGO alloc/total, 30.1 CGO/sec, 1.0/0.8 %(u/s)time, 0.0 %gc (0x), 1.1 KiB/1.1 KiB (r/w)net
I200430 17:01:00.438229 135 server/status/runtime.go:498  [n1] runtime stats: 262 MiB RSS, 125 goroutines, 142 MiB/46 MiB/202 MiB GO alloc/idle/total, 79 MiB/98 MiB CGO alloc/total, 29.5 CGO/sec, 1.5/1.4 %(u/s)time, 0.0 %gc (0x), 1.4 KiB/1.4 KiB (r/w)net
I200430 17:01:10.141677 131 gossip/gossip.go:566  [n1] gossip status (ok, 1 node)
gossip client (0/3 cur/max conns)
gossip server (0/3 cur/max conns, infos 0/0 sent/received, bytes 0B/0B sent/received)
gossip connectivity
  n1 [sentinel];
I200430 17:01:10.414770 135 server/status/runtime.go:498  [n1] runtime stats: 262 MiB RSS, 126 goroutines, 149 MiB/39 MiB/202 MiB GO alloc/idle/total, 79 MiB/98 MiB CGO alloc/total, 56.2 CGO/sec, 2.1/1.2 %(u/s)time, 0.0 %gc (0x), 1.2 KiB/1.0 KiB (r/w)net
I200430 17:01:20.413687 135 server/status/runtime.go:498  [n1] runtime stats: 263 MiB RSS, 124 goroutines, 98 MiB/89 MiB/202 MiB GO alloc/idle/total, 78 MiB/98 MiB CGO alloc/total, 396.5 CGO/sec, 5.0/1.8 %(u/s)time, 0.0 %gc (1x), 1.1 KiB/1.1 KiB (r/w)net
I200430 17:01:30.414979 135 server/status/runtime.go:498  [n1] runtime stats: 263 MiB RSS, 124 goroutines, 105 MiB/83 MiB/202 MiB GO alloc/idle/total, 78 MiB/98 MiB CGO alloc/total, 27.4 CGO/sec, 1.1/0.6 %(u/s)time, 0.0 %gc (0x), 1.5 KiB/1.4 KiB (r/w)net
I200430 17:01:40.395002 135 server/status/runtime.go:498  [n1] runtime stats: 264 MiB RSS, 124 goroutines, 111 MiB/77 MiB/202 MiB GO alloc/idle/total, 78 MiB/98 MiB CGO alloc/total, 28.1 CGO/sec, 1.5/1.0 %(u/s)time, 0.0 %gc (0x), 2.9 KiB/2.8 KiB (r/w)net
I200430 17:01:50.400710 135 server/status/runtime.go:498  [n1] runtime stats: 264 MiB RSS, 125 goroutines, 117 MiB/71 MiB/202 MiB GO alloc/idle/total, 78 MiB/98 MiB CGO alloc/total, 30.9 CGO/sec, 1.5/1.2 %(u/s)time, 0.0 %gc (0x), 6.1 KiB/6.0 KiB (r/w)net
I200430 17:02:00.441016 135 server/status/runtime.go:498  [n1] runtime stats: 265 MiB RSS, 125 goroutines, 124 MiB/64 MiB/202 MiB GO alloc/idle/total, 78 MiB/98 MiB CGO alloc/total, 25.8 CGO/sec, 1.4/1.3 %(u/s)time, 0.0 %gc (0x), 4.4 KiB/4.4 KiB (r/w)net
I200430 17:02:10.096631 131 gossip/gossip.go:566  [n1] gossip status (ok, 1 node)
gossip client (0/3 cur/max conns)
gossip server (0/3 cur/max conns, infos 0/0 sent/received, bytes 0B/0B sent/received)
I200430 17:02:10.493748 135 server/status/runtime.go:498  [n1] runtime stats: 265 MiB RSS, 126 goroutines, 130 MiB/58 MiB/202 MiB GO alloc/idle/total, 86 MiB/106 MiB CGO alloc/total, 29.4 CGO/sec, 1.9/1.9 %(u/s)time, 0.0 %gc (0x), 2.6 KiB/2.5 KiB (r/w)net
I200430 17:02:20.467367 135 server/status/runtime.go:498  [n1] runtime stats: 265 MiB RSS, 124 goroutines, 138 MiB/51 MiB/202 MiB GO alloc/idle/total, 86 MiB/106 MiB CGO alloc/total, 53.1 CGO/sec, 2.1/1.6 %(u/s)time, 0.0 %gc (0x), 3.4 KiB/2.8 KiB (r/w)net
I200430 17:02:30.465485 135 server/status/runtime.go:498  [n1] runtime stats: 266 MiB RSS, 124 goroutines, 144 MiB/44 MiB/202 MiB GO alloc/idle/total, 86 MiB/106 MiB CGO alloc/total, 26.1 CGO/sec, 1.3/1.3 %(u/s)time, 0.0 %gc (0x), 3.2 KiB/3.0 KiB (r/w)net
I200430 17:02:40.451203 135 server/status/runtime.go:498  [n1] runtime stats: 266 MiB RSS, 124 goroutines, 150 MiB/38 MiB/202 MiB GO alloc/idle/total, 86 MiB/106 MiB CGO alloc/total, 49.7 CGO/sec, 1.8/1.2 %(u/s)time, 0.0 %gc (0x), 1.2 KiB/1.0 KiB (r/w)net
I200430 17:02:50.446259 135 server/status/runtime.go:498  [n1] runtime stats: 266 MiB RSS, 125 goroutines, 87 MiB/96 MiB/202 MiB GO alloc/idle/total, 86 MiB/106 MiB CGO alloc/total, 33.0 CGO/sec, 1.9/1.7 %(u/s)time, 0.0 %gc (1x), 1.3 KiB/1.2 KiB (r/w)net
I200430 17:03:00.448309 135 server/status/runtime.go:498  [n1] runtime stats: 266 MiB RSS, 127 goroutines, 93 MiB/90 MiB/202 MiB GO alloc/idle/total, 86 MiB/106 MiB CGO alloc/total, 23.6 CGO/sec, 1.0/0.6 %(u/s)time, 0.0 %gc (0x), 2.6 KiB/2.8 KiB (r/w)net
I200430 17:03:10.053237 131 gossip/gossip.go:566  [n1] gossip status (ok, 1 node)
gossip client (0/3 cur/max conns)
gossip server (0/3 cur/max conns, infos 0/0 sent/received, bytes 0B/0B sent/received)
I200430 17:03:10.428334 135 server/status/runtime.go:498  [n1] runtime stats: 267 MiB RSS, 127 goroutines, 100 MiB/84 MiB/202 MiB GO alloc/idle/total, 86 MiB/106 MiB CGO alloc/total, 30.4 CGO/sec, 2.1/1.6 %(u/s)time, 0.0 %gc (0x), 1.1 KiB/1.1 KiB (r/w)net
I200430 17:03:20.428487 135 server/status/runtime.go:498  [n1] runtime stats: 267 MiB RSS, 126 goroutines, 107 MiB/79 MiB/202 MiB GO alloc/idle/total, 86 MiB/106 MiB CGO alloc/total, 56.7 CGO/sec, 2.3/1.3 %(u/s)time, 0.0 %gc (0x), 1.0 KiB/1.0 KiB (r/w)net
I200430 17:03:30.430700 135 server/status/runtime.go:498  [n1] runtime stats: 267 MiB RSS, 126 goroutines, 113 MiB/73 MiB/202 MiB GO alloc/idle/total, 86 MiB/106 MiB CGO alloc/total, 26.2 CGO/sec, 1.4/1.1 %(u/s)time, 0.0 %gc (0x), 1.5 KiB/1.5 KiB (r/w)net
I200430 17:03:40.408341 135 server/status/runtime.go:498  [n1] runtime stats: 267 MiB RSS, 126 goroutines, 119 MiB/67 MiB/202 MiB GO alloc/idle/total, 86 MiB/106 MiB CGO alloc/total, 26.5 CGO/sec, 1.5/1.1 %(u/s)time, 0.0 %gc (0x), 1.1 KiB/1.1 KiB (r/w)net
I200430 17:03:50.408781 135 server/status/runtime.go:498  [n1] runtime stats: 267 MiB RSS, 127 goroutines, 126 MiB/61 MiB/202 MiB GO alloc/idle/total, 86 MiB/106 MiB CGO alloc/total, 30.4 CGO/sec, 1.0/0.7 %(u/s)time, 0.0 %gc (0x), 1.0 KiB/1.0 KiB (r/w)net
I200430 17:04:00.411437 135 server/status/runtime.go:498  [n1] runtime stats: 268 MiB RSS, 127 goroutines, 132 MiB/55 MiB/202 MiB GO alloc/idle/total, 86 MiB/106 MiB CGO alloc/total, 28.2 CGO/sec, 1.1/0.7 %(u/s)time, 0.0 %gc (0x), 1.5 KiB/1.5 KiB (r/w)net
I200430 17:04:10.007061 131 gossip/gossip.go:566  [n1] gossip status (ok, 1 node)
gossip client (0/3 cur/max conns)
gossip server (0/3 cur/max conns, infos 0/0 sent/received, bytes 0B/0B sent/received)
I200430 17:04:10.387034 135 server/status/runtime.go:498  [n1] runtime stats: 268 MiB RSS, 127 goroutines, 138 MiB/49 MiB/202 MiB GO alloc/idle/total, 86 MiB/106 MiB CGO alloc/total, 29.5 CGO/sec, 1.4/1.0 %(u/s)time, 0.0 %gc (0x), 1.1 KiB/1.1 KiB (r/w)net
I200430 17:04:20.387459 135 server/status/runtime.go:498  [n1] runtime stats: 268 MiB RSS, 126 goroutines, 145 MiB/42 MiB/202 MiB GO alloc/idle/total, 86 MiB/106 MiB CGO alloc/total, 50.8 CGO/sec, 1.9/1.1 %(u/s)time, 0.0 %gc (0x), 1.1 KiB/1.1 KiB (r/w)net
I200430 17:04:30.388585 135 server/status/runtime.go:498  [n1] runtime stats: 268 MiB RSS, 126 goroutines, 151 MiB/36 MiB/202 MiB GO alloc/idle/total, 86 MiB/106 MiB CGO alloc/total, 25.5 CGO/sec, 1.0/0.7 %(u/s)time, 0.0 %gc (0x), 1.6 KiB/1.4 KiB (r/w)net
I200430 17:04:40.371375 135 server/status/runtime.go:498  [n1] runtime stats: 268 MiB RSS, 126 goroutines, 85 MiB/97 MiB/202 MiB GO alloc/idle/total, 85 MiB/106 MiB CGO alloc/total, 34.1 CGO/sec, 1.7/1.3 %(u/s)time, 0.0 %gc (1x), 1.1 KiB/1.1 KiB (r/w)net
I200430 17:04:50.400499 135 server/status/runtime.go:498  [n1] runtime stats: 269 MiB RSS, 127 goroutines, 91 MiB/92 MiB/202 MiB GO alloc/idle/total, 85 MiB/106 MiB CGO alloc/total, 25.3 CGO/sec, 1.1/1.0 %(u/s)time, 0.0 %gc (0x), 1.1 KiB/1.1 KiB (r/w)net
I200430 17:05:00.392520 135 server/status/runtime.go:498  [n1] runtime stats: 269 MiB RSS, 127 goroutines, 98 MiB/86 MiB/202 MiB GO alloc/idle/total, 85 MiB/106 MiB CGO alloc/total, 28.4 CGO/sec, 1.3/1.0 %(u/s)time, 0.0 %gc (0x), 1.5 KiB/1.5 KiB (r/w)net
I200430 17:05:09.962993 131 gossip/gossip.go:566  [n1] gossip status (ok, 1 node)
gossip client (0/3 cur/max conns)
gossip server (0/3 cur/max conns, infos 0/0 sent/received, bytes 0B/0B sent/received)
I200430 17:05:10.365549 135 server/status/runtime.go:498  [n1] runtime stats: 270 MiB RSS, 127 goroutines, 104 MiB/81 MiB/202 MiB GO alloc/idle/total, 85 MiB/106 MiB CGO alloc/total, 48.6 CGO/sec, 1.7/1.3 %(u/s)time, 0.0 %gc (0x), 1.1 KiB/1.1 KiB (r/w)net
I200430 17:05:13.751612 1 cli/start.go:865  received signal 'terminated'
I200430 17:05:13.754774 1 cli/start.go:930  initiating graceful shutdown of server
I200430 17:05:13.857892 4382 util/stop/stopper.go:542  [server drain process] quiescing; tasks left:
1      [async] intent_resolver_ir_batcher
1      [async] intent_resolver_gc_batcher
1      [async] closedts-rangefeed-subscriber
I200430 17:05:13.859412 4382 util/stop/stopper.go:542  [server drain process] quiescing; tasks left:
1      [async] intent_resolver_ir_batcher
1      [async] closedts-rangefeed-subscriber
I200430 17:05:13.861146 4382 util/stop/stopper.go:542  [server drain process] quiescing; tasks left:
1      [async] closedts-rangefeed-subscriber
W200430 17:05:13.862394 62 vendor/google.golang.org/grpc/clientconn.go:1206  grpc: addrConn.createTransport failed to connect to {49dd32217e2a:26257 0  <nil>}. Err :connection error: desc = "transport: failed to write client preface: io: read/write on closed pipe". Reconnecting...
I200430 17:05:13.890191 4382 storage/engine/rocksdb.go:762  closing rocksdb instance at "/cockroach/cockroach-data/cockroach-temp116779736"
I200430 17:05:14.229089 4382 storage/engine/rocksdb.go:762  closing rocksdb instance at "/cockroach/cockroach-data"
I200430 17:05:14.685264 1 cli/start.go:976  server drained and shutdown completed
