I200430 17:26:50.049592 25 util/log/clog.go:1196  [config] file created at: 2020/04/30 17:26:50
I200430 17:26:50.049592 25 util/log/clog.go:1196  [config] running on machine: 1ab3f5ecfc8d
I200430 17:26:50.049592 25 util/log/clog.go:1196  [config] binary: CockroachDB CCL v19.2.5 (x86_64-unknown-linux-gnu, built 2020/03/16 18:27:12, go1.12.12)
I200430 17:26:50.049592 25 util/log/clog.go:1196  [config] arguments: [/cockroach/cockroach start --insecure]
I200430 17:26:50.049592 25 util/log/clog.go:1196  line format: [IWEF]yymmdd hh:mm:ss.uuuuuu goid file:line msg utf8=✓
I200430 17:26:50.049591 25 storage/engine/rocksdb.go:120  RocksDB version: 6.2.1
I200430 17:26:50.075195 25 storage/engine/rocksdb.go:120  Git sha rocksdb_build_git_sha:@b7009236531fa784872f4823eabf393501e41bf2@
I200430 17:26:50.075206 25 storage/engine/rocksdb.go:120  Compile date Mar 16 2020
I200430 17:26:50.075349 25 storage/engine/rocksdb.go:120  DB SUMMARY
I200430 17:26:50.567086 25 storage/engine/rocksdb.go:120  SST files in /cockroach/cockroach-data/cockroach-temp297265783 dir, Total Num: 0, files: 
I200430 17:26:50.567106 25 storage/engine/rocksdb.go:120  Write Ahead Log file in /cockroach/cockroach-data/cockroach-temp297265783: 
I200430 17:26:50.567115 25 storage/engine/rocksdb.go:120                          Options.error_if_exists: 0
I200430 17:26:50.567121 25 storage/engine/rocksdb.go:120                        Options.create_if_missing: 1
I200430 17:26:50.567126 25 storage/engine/rocksdb.go:120                          Options.paranoid_checks: 1
I200430 17:26:50.567132 25 storage/engine/rocksdb.go:120                                      Options.env: 0x75757a0
I200430 17:26:50.567137 25 storage/engine/rocksdb.go:120                                 Options.info_log: 0x7fceb92270e0
I200430 17:26:50.567145 25 storage/engine/rocksdb.go:120                 Options.max_file_opening_threads: 16
I200430 17:26:50.567150 25 storage/engine/rocksdb.go:120                               Options.statistics: 0x7fceb9234010
I200430 17:26:50.567155 25 storage/engine/rocksdb.go:120                                Options.use_fsync: 0
I200430 17:26:50.567161 25 storage/engine/rocksdb.go:120                        Options.max_log_file_size: 0
I200430 17:26:50.567166 25 storage/engine/rocksdb.go:120                   Options.max_manifest_file_size: 134217728
I200430 17:26:50.567171 25 storage/engine/rocksdb.go:120                    Options.log_file_time_to_roll: 0
I200430 17:26:50.567176 25 storage/engine/rocksdb.go:120                        Options.keep_log_file_num: 1000
I200430 17:26:50.567188 25 storage/engine/rocksdb.go:120                     Options.recycle_log_file_num: 1
I200430 17:26:50.567193 25 storage/engine/rocksdb.go:120                          Options.allow_fallocate: 1
I200430 17:26:50.567198 25 storage/engine/rocksdb.go:120                         Options.allow_mmap_reads: 0
I200430 17:26:50.567203 25 storage/engine/rocksdb.go:120                        Options.allow_mmap_writes: 0
I200430 17:26:50.567208 25 storage/engine/rocksdb.go:120                         Options.use_direct_reads: 0
I200430 17:26:50.567214 25 storage/engine/rocksdb.go:120                         Options.use_direct_io_for_flush_and_compaction: 0
I200430 17:26:50.567219 25 storage/engine/rocksdb.go:120           Options.create_missing_column_families: 0
I200430 17:26:50.567224 25 storage/engine/rocksdb.go:120                               Options.db_log_dir: 
I200430 17:26:50.567229 25 storage/engine/rocksdb.go:120                                  Options.wal_dir: /cockroach/cockroach-data/cockroach-temp297265783
I200430 17:26:50.567234 25 storage/engine/rocksdb.go:120                 Options.table_cache_numshardbits: 6
I200430 17:26:50.567491 25 storage/engine/rocksdb.go:120                       Options.max_subcompactions: 1
I200430 17:26:50.567535 25 storage/engine/rocksdb.go:120                   Options.max_background_flushes: -1
I200430 17:26:50.567542 25 storage/engine/rocksdb.go:120                          Options.WAL_ttl_seconds: 0
I200430 17:26:50.567547 25 storage/engine/rocksdb.go:120                        Options.WAL_size_limit_MB: 0
I200430 17:26:50.567554 25 storage/engine/rocksdb.go:120              Options.manifest_preallocation_size: 4194304
I200430 17:26:50.567559 25 storage/engine/rocksdb.go:120                      Options.is_fd_close_on_exec: 1
I200430 17:26:50.567565 25 storage/engine/rocksdb.go:120                    Options.advise_random_on_open: 1
I200430 17:26:50.567570 25 storage/engine/rocksdb.go:120                     Options.db_write_buffer_size: 0
I200430 17:26:50.567576 25 storage/engine/rocksdb.go:120                     Options.write_buffer_manager: 0x7fceb9219060
I200430 17:26:50.567595 25 storage/engine/rocksdb.go:120          Options.access_hint_on_compaction_start: 1
I200430 17:26:50.567600 25 storage/engine/rocksdb.go:120   Options.new_table_reader_for_compaction_inputs: 0
I200430 17:26:50.567606 25 storage/engine/rocksdb.go:120            Options.random_access_max_buffer_size: 1048576
I200430 17:26:50.567611 25 storage/engine/rocksdb.go:120                       Options.use_adaptive_mutex: 0
I200430 17:26:50.567616 25 storage/engine/rocksdb.go:120                             Options.rate_limiter: (nil)
I200430 17:26:50.567622 25 storage/engine/rocksdb.go:120      Options.sst_file_manager.rate_bytes_per_sec: 0
I200430 17:26:50.567627 25 storage/engine/rocksdb.go:120                        Options.wal_recovery_mode: 0
I200430 17:26:50.567633 25 storage/engine/rocksdb.go:120                   Options.enable_thread_tracking: 0
I200430 17:26:50.567638 25 storage/engine/rocksdb.go:120                   Options.enable_pipelined_write: 0
I200430 17:26:50.567642 25 storage/engine/rocksdb.go:120          Options.allow_concurrent_memtable_write: 1
I200430 17:26:50.567648 25 storage/engine/rocksdb.go:120       Options.enable_write_thread_adaptive_yield: 1
I200430 17:26:50.567653 25 storage/engine/rocksdb.go:120              Options.write_thread_max_yield_usec: 100
I200430 17:26:50.567658 25 storage/engine/rocksdb.go:120             Options.write_thread_slow_yield_usec: 3
I200430 17:26:50.567663 25 storage/engine/rocksdb.go:120                                Options.row_cache: None
I200430 17:26:50.567668 25 storage/engine/rocksdb.go:120                               Options.wal_filter: None
I200430 17:26:50.567673 25 storage/engine/rocksdb.go:120              Options.avoid_flush_during_recovery: 0
I200430 17:26:50.567678 25 storage/engine/rocksdb.go:120              Options.allow_ingest_behind: 0
I200430 17:26:50.567683 25 storage/engine/rocksdb.go:120              Options.preserve_deletes: 0
I200430 17:26:50.567688 25 storage/engine/rocksdb.go:120              Options.two_write_queues: 0
I200430 17:26:50.567693 25 storage/engine/rocksdb.go:120              Options.manual_wal_flush: 1
I200430 17:26:50.567698 25 storage/engine/rocksdb.go:120              Options.atomic_flush: 0
I200430 17:26:50.567703 25 storage/engine/rocksdb.go:120              Options.avoid_unnecessary_blocking_io: 0
I200430 17:26:50.567708 25 storage/engine/rocksdb.go:120              Options.max_background_jobs: 2
I200430 17:26:50.567714 25 storage/engine/rocksdb.go:120              Options.max_background_compactions: -1
I200430 17:26:50.567719 25 storage/engine/rocksdb.go:120              Options.avoid_flush_during_shutdown: 0
I200430 17:26:50.567724 25 storage/engine/rocksdb.go:120            Options.writable_file_max_buffer_size: 1048576
I200430 17:26:50.567729 25 storage/engine/rocksdb.go:120              Options.delayed_write_rate : 16777216
I200430 17:26:50.567740 25 storage/engine/rocksdb.go:120              Options.max_total_wal_size: 0
I200430 17:26:50.567746 25 storage/engine/rocksdb.go:120              Options.delete_obsolete_files_period_micros: 21600000000
I200430 17:26:50.567751 25 storage/engine/rocksdb.go:120                    Options.stats_dump_period_sec: 0
I200430 17:26:50.567756 25 storage/engine/rocksdb.go:120                  Options.stats_persist_period_sec: 600
I200430 17:26:50.567761 25 storage/engine/rocksdb.go:120                  Options.stats_history_buffer_size: 1048576
I200430 17:26:50.567766 25 storage/engine/rocksdb.go:120                           Options.max_open_files: 128
I200430 17:26:50.567772 25 storage/engine/rocksdb.go:120                           Options.bytes_per_sync: 524288
I200430 17:26:50.567791 25 storage/engine/rocksdb.go:120                       Options.wal_bytes_per_sync: 0
I200430 17:26:50.567808 25 storage/engine/rocksdb.go:120                    Options.strict_bytes_per_sync: 1
I200430 17:26:50.567824 25 storage/engine/rocksdb.go:120        Options.compaction_readahead_size: 0
I200430 17:26:50.567837 25 storage/engine/rocksdb.go:120  Compression algorithms supported:
I200430 17:26:50.567863 25 storage/engine/rocksdb.go:120  	kZSTDNotFinalCompression supported: 0
I200430 17:26:50.567875 25 storage/engine/rocksdb.go:120  	kZSTD supported: 0
I200430 17:26:50.567884 25 storage/engine/rocksdb.go:120  	kXpressCompression supported: 0
I200430 17:26:50.567893 25 storage/engine/rocksdb.go:120  	kLZ4HCCompression supported: 0
I200430 17:26:50.567904 25 storage/engine/rocksdb.go:120  	kLZ4Compression supported: 0
I200430 17:26:50.567916 25 storage/engine/rocksdb.go:120  	kBZip2Compression supported: 0
I200430 17:26:50.567924 25 storage/engine/rocksdb.go:120  	kZlibCompression supported: 0
I200430 17:26:50.567932 25 storage/engine/rocksdb.go:120  	kSnappyCompression supported: 1
I200430 17:26:50.567953 25 storage/engine/rocksdb.go:120  Fast CRC32 supported: Supported on x86
I200430 17:26:50.605952 25 storage/engine/rocksdb.go:120  [db/db_impl_open.cc:242] Creating manifest 1 
I200430 17:26:50.678407 25 storage/engine/rocksdb.go:120  [db/version_set.cc:4072] Recovering from manifest file: /cockroach/cockroach-data/cockroach-temp297265783/MANIFEST-000001
I200430 17:26:50.686925 25 storage/engine/rocksdb.go:120  [db/column_family.cc:488] --------------- Options for column family [default]:
I200430 17:26:50.686940 25 storage/engine/rocksdb.go:120                Options.comparator: cockroach_comparator
I200430 17:26:50.686947 25 storage/engine/rocksdb.go:120            Options.merge_operator: cockroach_merge_operator
I200430 17:26:50.686952 25 storage/engine/rocksdb.go:120         Options.compaction_filter: None
I200430 17:26:50.686957 25 storage/engine/rocksdb.go:120         Options.compaction_filter_factory: None
I200430 17:26:50.686963 25 storage/engine/rocksdb.go:120          Options.memtable_factory: SkipListFactory
I200430 17:26:50.686968 25 storage/engine/rocksdb.go:120             Options.table_factory: BlockBasedTable
I200430 17:26:50.687024 25 storage/engine/rocksdb.go:120             table_factory options:   flush_block_policy_factory: FlushBlockBySizePolicyFactory (0x7fceb9228030)
  cache_index_and_filter_blocks: 0
  cache_index_and_filter_blocks_with_high_priority: 0
  pin_l0_filter_and_index_blocks_in_cache: 0
  pin_top_level_index_and_filter: 1
  index_type: 0
  data_block_index_type: 0
  index_shortening: 1
  data_block_hash_table_util_ratio: 0.750000
  hash_index_allow_collision: 1
  checksum: 1
  no_block_cache: 0
  block_cache: 0x7fceb921c010
  block_cache_name: LRUCache
  block_cache_options:
    capacity : 1048576
    num_shard_bits : 4
    strict_capacity_limit : 0
    memory_allocator : None
    high_pri_pool_ratio: 0.000
  block_cache_compressed: (nil)
  persistent_cache: (nil)
  block_size: 32768
  block_size_deviation: 10
  block_restart_interval: 16
  index_block_restart_interval: 1
  metadata_block_size: 4096
  partition_filters: 0
  use_delta_encoding: 1
  filter_policy: rocksdb.BuiltinBloomFilter
  whole_key_filtering: 0
  verify_compression: 0
  read_amp_bytes_per_bit: 0
  format_version: 2
  enable_index_compression: 1
  block_align: 0
I200430 17:26:50.687036 25 storage/engine/rocksdb.go:120         Options.write_buffer_size: 67108864
I200430 17:26:50.687043 25 storage/engine/rocksdb.go:120   Options.max_write_buffer_number: 4
I200430 17:26:50.687049 25 storage/engine/rocksdb.go:120           Options.compression: Snappy
I200430 17:26:50.687055 25 storage/engine/rocksdb.go:120                   Options.bottommost_compression: Disabled
I200430 17:26:50.687060 25 storage/engine/rocksdb.go:120        Options.prefix_extractor: cockroach_prefix_extractor
I200430 17:26:50.687065 25 storage/engine/rocksdb.go:120    Options.memtable_insert_with_hint_prefix_extractor: nullptr
I200430 17:26:50.687070 25 storage/engine/rocksdb.go:120              Options.num_levels: 7
I200430 17:26:50.687076 25 storage/engine/rocksdb.go:120         Options.min_write_buffer_number_to_merge: 1
I200430 17:26:50.687081 25 storage/engine/rocksdb.go:120      Options.max_write_buffer_number_to_maintain: 0
I200430 17:26:50.687086 25 storage/engine/rocksdb.go:120             Options.bottommost_compression_opts.window_bits: -14
I200430 17:26:50.687099 25 storage/engine/rocksdb.go:120                   Options.bottommost_compression_opts.level: 32767
I200430 17:26:50.687104 25 storage/engine/rocksdb.go:120                Options.bottommost_compression_opts.strategy: 0
I200430 17:26:50.687110 25 storage/engine/rocksdb.go:120          Options.bottommost_compression_opts.max_dict_bytes: 0
I200430 17:26:50.687115 25 storage/engine/rocksdb.go:120          Options.bottommost_compression_opts.zstd_max_train_bytes: 0
I200430 17:26:50.687120 25 storage/engine/rocksdb.go:120                   Options.bottommost_compression_opts.enabled: false
I200430 17:26:50.687126 25 storage/engine/rocksdb.go:120             Options.compression_opts.window_bits: -14
I200430 17:26:50.687139 25 storage/engine/rocksdb.go:120                   Options.compression_opts.level: 32767
I200430 17:26:50.687145 25 storage/engine/rocksdb.go:120                Options.compression_opts.strategy: 0
I200430 17:26:50.687150 25 storage/engine/rocksdb.go:120          Options.compression_opts.max_dict_bytes: 0
I200430 17:26:50.687168 25 storage/engine/rocksdb.go:120          Options.compression_opts.zstd_max_train_bytes: 0
I200430 17:26:50.687178 25 storage/engine/rocksdb.go:120                   Options.compression_opts.enabled: false
I200430 17:26:50.687184 25 storage/engine/rocksdb.go:120       Options.level0_file_num_compaction_trigger: 2
I200430 17:26:50.687190 25 storage/engine/rocksdb.go:120           Options.level0_slowdown_writes_trigger: 950
I200430 17:26:50.687195 25 storage/engine/rocksdb.go:120               Options.level0_stop_writes_trigger: 1000
I200430 17:26:50.687200 25 storage/engine/rocksdb.go:120                    Options.target_file_size_base: 4194304
I200430 17:26:50.687206 25 storage/engine/rocksdb.go:120              Options.target_file_size_multiplier: 2
I200430 17:26:50.687211 25 storage/engine/rocksdb.go:120                 Options.max_bytes_for_level_base: 67108864
I200430 17:26:50.687216 25 storage/engine/rocksdb.go:120  Options.level_compaction_dynamic_level_bytes: 1
I200430 17:26:50.687223 25 storage/engine/rocksdb.go:120           Options.max_bytes_for_level_multiplier: 10.000000
I200430 17:26:50.687229 25 storage/engine/rocksdb.go:120  Options.max_bytes_for_level_multiplier_addtl[0]: 1
I200430 17:26:50.687234 25 storage/engine/rocksdb.go:120  Options.max_bytes_for_level_multiplier_addtl[1]: 1
I200430 17:26:50.687239 25 storage/engine/rocksdb.go:120  Options.max_bytes_for_level_multiplier_addtl[2]: 1
I200430 17:26:50.687244 25 storage/engine/rocksdb.go:120  Options.max_bytes_for_level_multiplier_addtl[3]: 1
I200430 17:26:50.687250 25 storage/engine/rocksdb.go:120  Options.max_bytes_for_level_multiplier_addtl[4]: 1
I200430 17:26:50.687255 25 storage/engine/rocksdb.go:120  Options.max_bytes_for_level_multiplier_addtl[5]: 1
I200430 17:26:50.687260 25 storage/engine/rocksdb.go:120  Options.max_bytes_for_level_multiplier_addtl[6]: 1
I200430 17:26:50.687265 25 storage/engine/rocksdb.go:120        Options.max_sequential_skip_in_iterations: 8
I200430 17:26:50.687270 25 storage/engine/rocksdb.go:120                     Options.max_compaction_bytes: 104857600
I200430 17:26:50.687275 25 storage/engine/rocksdb.go:120                         Options.arena_block_size: 8388608
I200430 17:26:50.687281 25 storage/engine/rocksdb.go:120    Options.soft_pending_compaction_bytes_limit: 2199023255552
I200430 17:26:50.687286 25 storage/engine/rocksdb.go:120    Options.hard_pending_compaction_bytes_limit: 4400193994752
I200430 17:26:50.687291 25 storage/engine/rocksdb.go:120        Options.rate_limit_delay_max_milliseconds: 100
I200430 17:26:50.687296 25 storage/engine/rocksdb.go:120                 Options.disable_auto_compactions: 0
I200430 17:26:50.687303 25 storage/engine/rocksdb.go:120                         Options.compaction_style: kCompactionStyleLevel
I200430 17:26:50.687309 25 storage/engine/rocksdb.go:120                           Options.compaction_pri: kMinOverlappingRatio
I200430 17:26:50.687333 25 storage/engine/rocksdb.go:120  Options.compaction_options_universal.size_ratio: 1
I200430 17:26:50.687346 25 storage/engine/rocksdb.go:120  Options.compaction_options_universal.min_merge_width: 2
I200430 17:26:50.687355 25 storage/engine/rocksdb.go:120  Options.compaction_options_universal.max_merge_width: 4294967295
I200430 17:26:50.687365 25 storage/engine/rocksdb.go:120  Options.compaction_options_universal.max_size_amplification_percent: 200
I200430 17:26:50.687373 25 storage/engine/rocksdb.go:120  Options.compaction_options_universal.compression_size_percent: -1
I200430 17:26:50.687381 25 storage/engine/rocksdb.go:120  Options.compaction_options_universal.stop_style: kCompactionStopStyleTotalSize
I200430 17:26:50.687390 25 storage/engine/rocksdb.go:120  Options.compaction_options_fifo.max_table_files_size: 1073741824
I200430 17:26:50.687401 25 storage/engine/rocksdb.go:120  Options.compaction_options_fifo.allow_compaction: 0
I200430 17:26:50.687416 25 storage/engine/rocksdb.go:120                    Options.table_properties_collectors: TimeBoundTblPropCollectorFactory; DeleteRangeTblPropCollectorFactory; 
I200430 17:26:50.687481 25 storage/engine/rocksdb.go:120                    Options.inplace_update_support: 0
I200430 17:26:50.687492 25 storage/engine/rocksdb.go:120                  Options.inplace_update_num_locks: 10000
I200430 17:26:50.687503 25 storage/engine/rocksdb.go:120                Options.memtable_prefix_bloom_size_ratio: 0.000000
I200430 17:26:50.687513 25 storage/engine/rocksdb.go:120                Options.memtable_whole_key_filtering: 0
I200430 17:26:50.687521 25 storage/engine/rocksdb.go:120    Options.memtable_huge_page_size: 0
I200430 17:26:50.687530 25 storage/engine/rocksdb.go:120                            Options.bloom_locality: 0
I200430 17:26:50.687537 25 storage/engine/rocksdb.go:120                     Options.max_successive_merges: 0
I200430 17:26:50.687545 25 storage/engine/rocksdb.go:120                 Options.optimize_filters_for_hits: 1
I200430 17:26:50.687554 25 storage/engine/rocksdb.go:120                 Options.paranoid_file_checks: 0
I200430 17:26:50.687560 25 storage/engine/rocksdb.go:120                 Options.force_consistency_checks: 0
I200430 17:26:50.687567 25 storage/engine/rocksdb.go:120                 Options.report_bg_io_stats: 0
I200430 17:26:50.687577 25 storage/engine/rocksdb.go:120                                Options.ttl: 0
I200430 17:26:50.687587 25 storage/engine/rocksdb.go:120           Options.periodic_compaction_seconds: 0
I200430 17:26:50.740086 25 storage/engine/rocksdb.go:120  [db/version_set.cc:4286] Recovered from manifest file:/cockroach/cockroach-data/cockroach-temp297265783/MANIFEST-000001 succeeded,manifest_file_number is 1, next_file_number is 3, last_sequence is 0, log_number is 0,prev_log_number is 0,max_column_family is 0,min_log_number_to_keep is 0
I200430 17:26:50.740111 25 storage/engine/rocksdb.go:120  [db/version_set.cc:4295] Column family [default] (ID 0), log number is 0
I200430 17:26:50.917760 25 storage/engine/rocksdb.go:120  DB pointer 0x7fceb92a1000
I200430 17:26:52.018326 25 storage/engine/rocksdb.go:120  RocksDB version: 6.2.1
I200430 17:26:52.018352 25 storage/engine/rocksdb.go:120  Git sha rocksdb_build_git_sha:@b7009236531fa784872f4823eabf393501e41bf2@
I200430 17:26:52.018363 25 storage/engine/rocksdb.go:120  Compile date Mar 16 2020
I200430 17:26:52.018374 25 storage/engine/rocksdb.go:120  DB SUMMARY
I200430 17:26:52.084899 25 storage/engine/rocksdb.go:120  CURRENT file:  CURRENT
I200430 17:26:52.084920 25 storage/engine/rocksdb.go:120  IDENTITY file:  IDENTITY
I200430 17:26:52.104870 25 storage/engine/rocksdb.go:120  MANIFEST file:  MANIFEST-000392 size: 734 Bytes
I200430 17:26:52.105107 25 storage/engine/rocksdb.go:120  SST files in /cockroach/cockroach-data dir, Total Num: 1, files: 000396.sst 
I200430 17:26:52.105118 25 storage/engine/rocksdb.go:120  Write Ahead Log file in /cockroach/cockroach-data: 000393.log size: 8950489 ; 
I200430 17:26:52.105132 25 storage/engine/rocksdb.go:120                          Options.error_if_exists: 0
I200430 17:26:52.105141 25 storage/engine/rocksdb.go:120                        Options.create_if_missing: 1
I200430 17:26:52.105152 25 storage/engine/rocksdb.go:120                          Options.paranoid_checks: 1
I200430 17:26:52.105161 25 storage/engine/rocksdb.go:120                                      Options.env: 0x75757a0
I200430 17:26:52.105170 25 storage/engine/rocksdb.go:120                                 Options.info_log: 0x7fcebbe0dca0
I200430 17:26:52.105180 25 storage/engine/rocksdb.go:120                 Options.max_file_opening_threads: 16
I200430 17:26:52.105249 25 storage/engine/rocksdb.go:120                               Options.statistics: 0x7fcebbe25010
I200430 17:26:52.105269 25 storage/engine/rocksdb.go:120                                Options.use_fsync: 0
I200430 17:26:52.105280 25 storage/engine/rocksdb.go:120                        Options.max_log_file_size: 0
I200430 17:26:52.105329 25 storage/engine/rocksdb.go:120                   Options.max_manifest_file_size: 134217728
I200430 17:26:52.105340 25 storage/engine/rocksdb.go:120                    Options.log_file_time_to_roll: 0
I200430 17:26:52.105349 25 storage/engine/rocksdb.go:120                        Options.keep_log_file_num: 1000
I200430 17:26:52.105358 25 storage/engine/rocksdb.go:120                     Options.recycle_log_file_num: 1
I200430 17:26:52.105367 25 storage/engine/rocksdb.go:120                          Options.allow_fallocate: 1
I200430 17:26:52.105375 25 storage/engine/rocksdb.go:120                         Options.allow_mmap_reads: 0
I200430 17:26:52.105387 25 storage/engine/rocksdb.go:120                        Options.allow_mmap_writes: 0
I200430 17:26:52.105396 25 storage/engine/rocksdb.go:120                         Options.use_direct_reads: 0
I200430 17:26:52.105406 25 storage/engine/rocksdb.go:120                         Options.use_direct_io_for_flush_and_compaction: 0
I200430 17:26:52.105414 25 storage/engine/rocksdb.go:120           Options.create_missing_column_families: 0
I200430 17:26:52.105424 25 storage/engine/rocksdb.go:120                               Options.db_log_dir: 
I200430 17:26:52.105433 25 storage/engine/rocksdb.go:120                                  Options.wal_dir: /cockroach/cockroach-data
I200430 17:26:52.105442 25 storage/engine/rocksdb.go:120                 Options.table_cache_numshardbits: 6
I200430 17:26:52.105451 25 storage/engine/rocksdb.go:120                       Options.max_subcompactions: 1
I200430 17:26:52.105460 25 storage/engine/rocksdb.go:120                   Options.max_background_flushes: -1
I200430 17:26:52.105468 25 storage/engine/rocksdb.go:120                          Options.WAL_ttl_seconds: 0
I200430 17:26:52.105477 25 storage/engine/rocksdb.go:120                        Options.WAL_size_limit_MB: 0
I200430 17:26:52.105486 25 storage/engine/rocksdb.go:120              Options.manifest_preallocation_size: 4194304
I200430 17:26:52.105496 25 storage/engine/rocksdb.go:120                      Options.is_fd_close_on_exec: 1
I200430 17:26:52.105505 25 storage/engine/rocksdb.go:120                    Options.advise_random_on_open: 1
I200430 17:26:52.105778 25 storage/engine/rocksdb.go:120                     Options.db_write_buffer_size: 0
I200430 17:26:52.105794 25 storage/engine/rocksdb.go:120                     Options.write_buffer_manager: 0x7fcebbe8d030
I200430 17:26:52.105803 25 storage/engine/rocksdb.go:120          Options.access_hint_on_compaction_start: 1
I200430 17:26:52.105812 25 storage/engine/rocksdb.go:120   Options.new_table_reader_for_compaction_inputs: 0
I200430 17:26:52.105821 25 storage/engine/rocksdb.go:120            Options.random_access_max_buffer_size: 1048576
I200430 17:26:52.105830 25 storage/engine/rocksdb.go:120                       Options.use_adaptive_mutex: 0
I200430 17:26:52.105887 25 storage/engine/rocksdb.go:120                             Options.rate_limiter: (nil)
I200430 17:26:52.105899 25 storage/engine/rocksdb.go:120      Options.sst_file_manager.rate_bytes_per_sec: 0
I200430 17:26:52.105909 25 storage/engine/rocksdb.go:120                        Options.wal_recovery_mode: 0
I200430 17:26:52.105918 25 storage/engine/rocksdb.go:120                   Options.enable_thread_tracking: 0
I200430 17:26:52.105927 25 storage/engine/rocksdb.go:120                   Options.enable_pipelined_write: 0
I200430 17:26:52.105938 25 storage/engine/rocksdb.go:120          Options.allow_concurrent_memtable_write: 1
I200430 17:26:52.105948 25 storage/engine/rocksdb.go:120       Options.enable_write_thread_adaptive_yield: 1
I200430 17:26:52.105957 25 storage/engine/rocksdb.go:120              Options.write_thread_max_yield_usec: 100
I200430 17:26:52.105967 25 storage/engine/rocksdb.go:120             Options.write_thread_slow_yield_usec: 3
I200430 17:26:52.105978 25 storage/engine/rocksdb.go:120                                Options.row_cache: None
I200430 17:26:52.105996 25 storage/engine/rocksdb.go:120                               Options.wal_filter: None
I200430 17:26:52.106011 25 storage/engine/rocksdb.go:120              Options.avoid_flush_during_recovery: 0
I200430 17:26:52.106021 25 storage/engine/rocksdb.go:120              Options.allow_ingest_behind: 0
I200430 17:26:52.106031 25 storage/engine/rocksdb.go:120              Options.preserve_deletes: 0
I200430 17:26:52.106040 25 storage/engine/rocksdb.go:120              Options.two_write_queues: 0
I200430 17:26:52.106050 25 storage/engine/rocksdb.go:120              Options.manual_wal_flush: 1
I200430 17:26:52.106061 25 storage/engine/rocksdb.go:120              Options.atomic_flush: 0
I200430 17:26:52.106071 25 storage/engine/rocksdb.go:120              Options.avoid_unnecessary_blocking_io: 0
I200430 17:26:52.106081 25 storage/engine/rocksdb.go:120              Options.max_background_jobs: 2
I200430 17:26:52.106090 25 storage/engine/rocksdb.go:120              Options.max_background_compactions: -1
I200430 17:26:52.106100 25 storage/engine/rocksdb.go:120              Options.avoid_flush_during_shutdown: 0
I200430 17:26:52.106111 25 storage/engine/rocksdb.go:120            Options.writable_file_max_buffer_size: 1048576
I200430 17:26:52.106120 25 storage/engine/rocksdb.go:120              Options.delayed_write_rate : 16777216
I200430 17:26:52.106130 25 storage/engine/rocksdb.go:120              Options.max_total_wal_size: 0
I200430 17:26:52.106149 25 storage/engine/rocksdb.go:120              Options.delete_obsolete_files_period_micros: 21600000000
I200430 17:26:52.106163 25 storage/engine/rocksdb.go:120                    Options.stats_dump_period_sec: 0
I200430 17:26:52.106173 25 storage/engine/rocksdb.go:120                  Options.stats_persist_period_sec: 600
I200430 17:26:52.106182 25 storage/engine/rocksdb.go:120                  Options.stats_history_buffer_size: 1048576
I200430 17:26:52.106191 25 storage/engine/rocksdb.go:120                           Options.max_open_files: 1043576
I200430 17:26:52.106200 25 storage/engine/rocksdb.go:120                           Options.bytes_per_sync: 524288
I200430 17:26:52.106212 25 storage/engine/rocksdb.go:120                       Options.wal_bytes_per_sync: 0
I200430 17:26:52.106223 25 storage/engine/rocksdb.go:120                    Options.strict_bytes_per_sync: 1
I200430 17:26:52.106232 25 storage/engine/rocksdb.go:120        Options.compaction_readahead_size: 0
I200430 17:26:52.106241 25 storage/engine/rocksdb.go:120  Compression algorithms supported:
I200430 17:26:52.106251 25 storage/engine/rocksdb.go:120  	kZSTDNotFinalCompression supported: 0
I200430 17:26:52.106260 25 storage/engine/rocksdb.go:120  	kZSTD supported: 0
I200430 17:26:52.106270 25 storage/engine/rocksdb.go:120  	kXpressCompression supported: 0
I200430 17:26:52.106287 25 storage/engine/rocksdb.go:120  	kLZ4HCCompression supported: 0
I200430 17:26:52.106309 25 storage/engine/rocksdb.go:120  	kLZ4Compression supported: 0
I200430 17:26:52.106321 25 storage/engine/rocksdb.go:120  	kBZip2Compression supported: 0
I200430 17:26:52.106331 25 storage/engine/rocksdb.go:120  	kZlibCompression supported: 0
I200430 17:26:52.106341 25 storage/engine/rocksdb.go:120  	kSnappyCompression supported: 1
I200430 17:26:52.106373 25 storage/engine/rocksdb.go:120  Fast CRC32 supported: Supported on x86
I200430 17:26:52.305704 25 storage/engine/rocksdb.go:120  [db/version_set.cc:4072] Recovering from manifest file: /cockroach/cockroach-data/MANIFEST-000392
I200430 17:26:52.344129 25 storage/engine/rocksdb.go:120  [db/column_family.cc:488] --------------- Options for column family [default]:
I200430 17:26:52.344153 25 storage/engine/rocksdb.go:120                Options.comparator: cockroach_comparator
I200430 17:26:52.344165 25 storage/engine/rocksdb.go:120            Options.merge_operator: cockroach_merge_operator
I200430 17:26:52.344176 25 storage/engine/rocksdb.go:120         Options.compaction_filter: None
I200430 17:26:52.344186 25 storage/engine/rocksdb.go:120         Options.compaction_filter_factory: None
I200430 17:26:52.344196 25 storage/engine/rocksdb.go:120          Options.memtable_factory: SkipListFactory
I200430 17:26:52.344206 25 storage/engine/rocksdb.go:120             Options.table_factory: BlockBasedTable
I200430 17:26:52.344410 25 storage/engine/rocksdb.go:120             table_factory options:   flush_block_policy_factory: FlushBlockBySizePolicyFactory (0x7fcebbe23028)
  cache_index_and_filter_blocks: 0
  cache_index_and_filter_blocks_with_high_priority: 0
  pin_l0_filter_and_index_blocks_in_cache: 0
  pin_top_level_index_and_filter: 1
  index_type: 0
  data_block_index_type: 0
  index_shortening: 1
  data_block_hash_table_util_ratio: 0.750000
  hash_index_allow_collision: 1
  checksum: 1
  no_block_cache: 0
  block_cache: 0x7fcebbe14010
  block_cache_name: LRUCache
  block_cache_options:
    capacity : 67108864
    num_shard_bits : 4
    strict_capacity_limit : 0
    memory_allocator : None
    high_pri_pool_ratio: 0.000
  block_cache_compressed: (nil)
  persistent_cache: (nil)
  block_size: 32768
  block_size_deviation: 10
  block_restart_interval: 16
  index_block_restart_interval: 1
  metadata_block_size: 4096
  partition_filters: 0
  use_delta_encoding: 1
  filter_policy: rocksdb.BuiltinBloomFilter
  whole_key_filtering: 0
  verify_compression: 0
  read_amp_bytes_per_bit: 0
  format_version: 2
  enable_index_compression: 1
  block_align: 0
I200430 17:26:52.344434 25 storage/engine/rocksdb.go:120         Options.write_buffer_size: 67108864
I200430 17:26:52.344554 25 storage/engine/rocksdb.go:120   Options.max_write_buffer_number: 4
I200430 17:26:52.344571 25 storage/engine/rocksdb.go:120           Options.compression: Snappy
I200430 17:26:52.344581 25 storage/engine/rocksdb.go:120                   Options.bottommost_compression: Disabled
I200430 17:26:52.344591 25 storage/engine/rocksdb.go:120        Options.prefix_extractor: cockroach_prefix_extractor
I200430 17:26:52.344600 25 storage/engine/rocksdb.go:120    Options.memtable_insert_with_hint_prefix_extractor: nullptr
I200430 17:26:52.344610 25 storage/engine/rocksdb.go:120              Options.num_levels: 7
I200430 17:26:52.344620 25 storage/engine/rocksdb.go:120         Options.min_write_buffer_number_to_merge: 1
I200430 17:26:52.344630 25 storage/engine/rocksdb.go:120      Options.max_write_buffer_number_to_maintain: 0
I200430 17:26:52.344642 25 storage/engine/rocksdb.go:120             Options.bottommost_compression_opts.window_bits: -14
I200430 17:26:52.344655 25 storage/engine/rocksdb.go:120                   Options.bottommost_compression_opts.level: 32767
I200430 17:26:52.344674 25 storage/engine/rocksdb.go:120                Options.bottommost_compression_opts.strategy: 0
I200430 17:26:52.345605 25 storage/engine/rocksdb.go:120          Options.bottommost_compression_opts.max_dict_bytes: 0
I200430 17:26:52.345631 25 storage/engine/rocksdb.go:120          Options.bottommost_compression_opts.zstd_max_train_bytes: 0
I200430 17:26:52.345647 25 storage/engine/rocksdb.go:120                   Options.bottommost_compression_opts.enabled: false
I200430 17:26:52.345658 25 storage/engine/rocksdb.go:120             Options.compression_opts.window_bits: -14
I200430 17:26:52.345668 25 storage/engine/rocksdb.go:120                   Options.compression_opts.level: 32767
I200430 17:26:52.345678 25 storage/engine/rocksdb.go:120                Options.compression_opts.strategy: 0
I200430 17:26:52.345688 25 storage/engine/rocksdb.go:120          Options.compression_opts.max_dict_bytes: 0
I200430 17:26:52.345697 25 storage/engine/rocksdb.go:120          Options.compression_opts.zstd_max_train_bytes: 0
I200430 17:26:52.345706 25 storage/engine/rocksdb.go:120                   Options.compression_opts.enabled: false
I200430 17:26:52.345716 25 storage/engine/rocksdb.go:120       Options.level0_file_num_compaction_trigger: 2
I200430 17:26:52.345726 25 storage/engine/rocksdb.go:120           Options.level0_slowdown_writes_trigger: 950
I200430 17:26:52.345735 25 storage/engine/rocksdb.go:120               Options.level0_stop_writes_trigger: 1000
I200430 17:26:52.345745 25 storage/engine/rocksdb.go:120                    Options.target_file_size_base: 4194304
I200430 17:26:52.345754 25 storage/engine/rocksdb.go:120              Options.target_file_size_multiplier: 2
I200430 17:26:52.345764 25 storage/engine/rocksdb.go:120                 Options.max_bytes_for_level_base: 67108864
I200430 17:26:52.345775 25 storage/engine/rocksdb.go:120  Options.level_compaction_dynamic_level_bytes: 1
I200430 17:26:52.345789 25 storage/engine/rocksdb.go:120           Options.max_bytes_for_level_multiplier: 10.000000
I200430 17:26:52.345799 25 storage/engine/rocksdb.go:120  Options.max_bytes_for_level_multiplier_addtl[0]: 1
I200430 17:26:52.345808 25 storage/engine/rocksdb.go:120  Options.max_bytes_for_level_multiplier_addtl[1]: 1
I200430 17:26:52.345828 25 storage/engine/rocksdb.go:120  Options.max_bytes_for_level_multiplier_addtl[2]: 1
I200430 17:26:52.345838 25 storage/engine/rocksdb.go:120  Options.max_bytes_for_level_multiplier_addtl[3]: 1
I200430 17:26:52.345847 25 storage/engine/rocksdb.go:120  Options.max_bytes_for_level_multiplier_addtl[4]: 1
I200430 17:26:52.345856 25 storage/engine/rocksdb.go:120  Options.max_bytes_for_level_multiplier_addtl[5]: 1
I200430 17:26:52.345867 25 storage/engine/rocksdb.go:120  Options.max_bytes_for_level_multiplier_addtl[6]: 1
I200430 17:26:52.345876 25 storage/engine/rocksdb.go:120        Options.max_sequential_skip_in_iterations: 8
I200430 17:26:52.345884 25 storage/engine/rocksdb.go:120                     Options.max_compaction_bytes: 104857600
I200430 17:26:52.345895 25 storage/engine/rocksdb.go:120                         Options.arena_block_size: 8388608
I200430 17:26:52.345904 25 storage/engine/rocksdb.go:120    Options.soft_pending_compaction_bytes_limit: 2199023255552
I200430 17:26:52.345914 25 storage/engine/rocksdb.go:120    Options.hard_pending_compaction_bytes_limit: 4400193994752
I200430 17:26:52.345923 25 storage/engine/rocksdb.go:120        Options.rate_limit_delay_max_milliseconds: 100
I200430 17:26:52.345932 25 storage/engine/rocksdb.go:120                 Options.disable_auto_compactions: 0
I200430 17:26:52.345949 25 storage/engine/rocksdb.go:120                         Options.compaction_style: kCompactionStyleLevel
I200430 17:26:52.346129 25 storage/engine/rocksdb.go:120                           Options.compaction_pri: kMinOverlappingRatio
I200430 17:26:52.346151 25 storage/engine/rocksdb.go:120  Options.compaction_options_universal.size_ratio: 1
I200430 17:26:52.346162 25 storage/engine/rocksdb.go:120  Options.compaction_options_universal.min_merge_width: 2
I200430 17:26:52.346172 25 storage/engine/rocksdb.go:120  Options.compaction_options_universal.max_merge_width: 4294967295
I200430 17:26:52.346179 25 storage/engine/rocksdb.go:120  Options.compaction_options_universal.max_size_amplification_percent: 200
I200430 17:26:52.346188 25 storage/engine/rocksdb.go:120  Options.compaction_options_universal.compression_size_percent: -1
I200430 17:26:52.346199 25 storage/engine/rocksdb.go:120  Options.compaction_options_universal.stop_style: kCompactionStopStyleTotalSize
I200430 17:26:52.346209 25 storage/engine/rocksdb.go:120  Options.compaction_options_fifo.max_table_files_size: 1073741824
I200430 17:26:52.346218 25 storage/engine/rocksdb.go:120  Options.compaction_options_fifo.allow_compaction: 0
I200430 17:26:52.346235 25 storage/engine/rocksdb.go:120                    Options.table_properties_collectors: TimeBoundTblPropCollectorFactory; DeleteRangeTblPropCollectorFactory; 
I200430 17:26:52.346252 25 storage/engine/rocksdb.go:120                    Options.inplace_update_support: 0
I200430 17:26:52.346262 25 storage/engine/rocksdb.go:120                  Options.inplace_update_num_locks: 10000
I200430 17:26:52.346275 25 storage/engine/rocksdb.go:120                Options.memtable_prefix_bloom_size_ratio: 0.000000
I200430 17:26:52.346285 25 storage/engine/rocksdb.go:120                Options.memtable_whole_key_filtering: 0
I200430 17:26:52.346296 25 storage/engine/rocksdb.go:120    Options.memtable_huge_page_size: 0
I200430 17:26:52.346306 25 storage/engine/rocksdb.go:120                            Options.bloom_locality: 0
I200430 17:26:52.346317 25 storage/engine/rocksdb.go:120                     Options.max_successive_merges: 0
I200430 17:26:52.346327 25 storage/engine/rocksdb.go:120                 Options.optimize_filters_for_hits: 1
I200430 17:26:52.346337 25 storage/engine/rocksdb.go:120                 Options.paranoid_file_checks: 0
I200430 17:26:52.346347 25 storage/engine/rocksdb.go:120                 Options.force_consistency_checks: 0
I200430 17:26:52.346358 25 storage/engine/rocksdb.go:120                 Options.report_bg_io_stats: 0
I200430 17:26:52.346368 25 storage/engine/rocksdb.go:120                                Options.ttl: 0
I200430 17:26:52.346378 25 storage/engine/rocksdb.go:120           Options.periodic_compaction_seconds: 0
I200430 17:26:52.448415 25 storage/engine/rocksdb.go:120  [db/version_set.cc:3086] More existing levels in DB than needed. max_bytes_for_level_multiplier may not be guaranteed.
I200430 17:26:52.448454 25 storage/engine/rocksdb.go:120  [db/version_set.cc:4286] Recovered from manifest file:/cockroach/cockroach-data/MANIFEST-000392 succeeded,manifest_file_number is 392, next_file_number is 398, last_sequence is 18920962, log_number is 391,prev_log_number is 0,max_column_family is 0,min_log_number_to_keep is 0
I200430 17:26:52.448468 25 storage/engine/rocksdb.go:120  [db/version_set.cc:4295] Column family [default] (ID 0), log number is 391
I200430 17:26:52.663144 25 storage/engine/rocksdb.go:120  EVENT_LOG_v1 {"time_micros": 1588267612663001, "job": 1, "event": "recovery_started", "log_files": [393]}
I200430 17:26:52.663177 25 storage/engine/rocksdb.go:120  [db/db_impl_open.cc:598] Recovering log #393 mode 0
I200430 17:26:55.304661 25 storage/engine/rocksdb.go:120  EVENT_LOG_v1 {"time_micros": 1588267615304109, "cf_name": "default", "job": 1, "event": "table_file_creation", "file_number": 398, "file_size": 123499, "table_properties": {"data_size": 119574, "index_size": 857, "index_partitions": 0, "top_level_index_size": 0, "index_key_is_user_key": 0, "index_value_is_delta_encoded": 0, "filter_size": 2373, "raw_key_size": 71216, "raw_average_key_size": 35, "raw_value_size": 538862, "raw_average_value_size": 269, "num_data_blocks": 16, "num_entries": 2002, "num_deletions": 763, "num_merge_operands": 664, "num_range_deletions": 664, "format_version": 0, "fixed_key_len": 0, "filter_policy": "rocksdb.BuiltinBloomFilter", "column_family_name": "default", "column_family_id": 0, "comparator": "cockroach_comparator", "merge_operator": "cockroach_merge_operator", "prefix_extractor_name": "cockroach_prefix_extractor", "property_collectors": "[TimeBoundTblPropCollectorFactory,DeleteRangeTblPropCollectorFactory]", "compression": "Snappy", "compression_options": "window_bits=-14; level=32767; strategy=0; max_dict_bytes=0; zstd_max_train_bytes=0; enabled=0; ", "creation_time": 1588267614, "oldest_key_time": 3, "file_creation_time": 0}}
I200430 17:26:55.308293 25 storage/engine/rocksdb.go:120  [db/version_set.cc:3560] Creating manifest 399
I200430 17:26:55.318621 25 storage/engine/rocksdb.go:120  [db/version_set.cc:3086] More existing levels in DB than needed. max_bytes_for_level_multiplier may not be guaranteed.
I200430 17:26:55.345733 25 storage/engine/rocksdb.go:120  EVENT_LOG_v1 {"time_micros": 1588267615345655, "job": 1, "event": "recovery_finished"}
I200430 17:26:55.470540 25 storage/engine/rocksdb.go:120  DB pointer 0x7fcebbe9a000
I200430 17:33:16.164580 4621 storage/engine/rocksdb.go:120  bloom filter utility:    -nan%
I200430 17:33:16.165479 4621 storage/engine/rocksdb.go:120  [db/db_impl.cc:392] Shutdown: canceling all background work
I200430 17:33:16.223692 4621 storage/engine/rocksdb.go:120  [db/db_impl.cc:565] Shutdown complete
I200430 17:33:16.399289 4621 storage/engine/rocksdb.go:120  bloom filter utility:    61.0%
I200430 17:33:16.400395 4621 storage/engine/rocksdb.go:120  [db/db_impl.cc:392] Shutdown: canceling all background work
I200430 17:33:16.575466 4621 storage/engine/rocksdb.go:120  [db/db_impl.cc:565] Shutdown complete
