I200430 17:13:48.638919 10 util/log/clog.go:1196  [config] file created at: 2020/04/30 17:13:48
I200430 17:13:48.638919 10 util/log/clog.go:1196  [config] running on machine: bebdd3481ac9
I200430 17:13:48.638919 10 util/log/clog.go:1196  [config] binary: CockroachDB CCL v19.2.5 (x86_64-unknown-linux-gnu, built 2020/03/16 18:27:12, go1.12.12)
I200430 17:13:48.638919 10 util/log/clog.go:1196  [config] arguments: [/cockroach/cockroach start --insecure]
I200430 17:13:48.638919 10 util/log/clog.go:1196  line format: [IWEF]yymmdd hh:mm:ss.uuuuuu goid file:line msg utf8=✓
I200430 17:13:48.638917 10 storage/engine/rocksdb.go:120  RocksDB version: 6.2.1
I200430 17:13:48.661990 10 storage/engine/rocksdb.go:120  Git sha rocksdb_build_git_sha:@b7009236531fa784872f4823eabf393501e41bf2@
I200430 17:13:48.662004 10 storage/engine/rocksdb.go:120  Compile date Mar 16 2020
I200430 17:13:48.662015 10 storage/engine/rocksdb.go:120  DB SUMMARY
I200430 17:13:48.671618 10 storage/engine/rocksdb.go:120  SST files in /cockroach/cockroach-data/cockroach-temp077108710 dir, Total Num: 0, files: 
I200430 17:13:49.030814 10 storage/engine/rocksdb.go:120  Write Ahead Log file in /cockroach/cockroach-data/cockroach-temp077108710: 
I200430 17:13:49.038368 10 storage/engine/rocksdb.go:120                          Options.error_if_exists: 0
I200430 17:13:49.038557 10 storage/engine/rocksdb.go:120                        Options.create_if_missing: 1
I200430 17:13:49.038568 10 storage/engine/rocksdb.go:120                          Options.paranoid_checks: 1
I200430 17:13:49.038574 10 storage/engine/rocksdb.go:120                                      Options.env: 0x75757a0
I200430 17:13:49.038579 10 storage/engine/rocksdb.go:120                                 Options.info_log: 0x7f13baa190e0
I200430 17:13:49.038586 10 storage/engine/rocksdb.go:120                 Options.max_file_opening_threads: 16
I200430 17:13:49.038591 10 storage/engine/rocksdb.go:120                               Options.statistics: 0x7f13baa29010
I200430 17:13:49.038597 10 storage/engine/rocksdb.go:120                                Options.use_fsync: 0
I200430 17:13:49.038602 10 storage/engine/rocksdb.go:120                        Options.max_log_file_size: 0
I200430 17:13:49.038608 10 storage/engine/rocksdb.go:120                   Options.max_manifest_file_size: 134217728
I200430 17:13:49.038613 10 storage/engine/rocksdb.go:120                    Options.log_file_time_to_roll: 0
I200430 17:13:49.039063 10 storage/engine/rocksdb.go:120                        Options.keep_log_file_num: 1000
I200430 17:13:49.039083 10 storage/engine/rocksdb.go:120                     Options.recycle_log_file_num: 1
I200430 17:13:49.039337 10 storage/engine/rocksdb.go:120                          Options.allow_fallocate: 1
I200430 17:13:49.039543 10 storage/engine/rocksdb.go:120                         Options.allow_mmap_reads: 0
I200430 17:13:49.039563 10 storage/engine/rocksdb.go:120                        Options.allow_mmap_writes: 0
I200430 17:13:49.039575 10 storage/engine/rocksdb.go:120                         Options.use_direct_reads: 0
I200430 17:13:49.039586 10 storage/engine/rocksdb.go:120                         Options.use_direct_io_for_flush_and_compaction: 0
I200430 17:13:49.039596 10 storage/engine/rocksdb.go:120           Options.create_missing_column_families: 0
I200430 17:13:49.039606 10 storage/engine/rocksdb.go:120                               Options.db_log_dir: 
I200430 17:13:49.040324 10 storage/engine/rocksdb.go:120                                  Options.wal_dir: /cockroach/cockroach-data/cockroach-temp077108710
I200430 17:13:49.040339 10 storage/engine/rocksdb.go:120                 Options.table_cache_numshardbits: 6
I200430 17:13:49.040345 10 storage/engine/rocksdb.go:120                       Options.max_subcompactions: 1
I200430 17:13:49.040351 10 storage/engine/rocksdb.go:120                   Options.max_background_flushes: -1
I200430 17:13:49.040356 10 storage/engine/rocksdb.go:120                          Options.WAL_ttl_seconds: 0
I200430 17:13:49.040362 10 storage/engine/rocksdb.go:120                        Options.WAL_size_limit_MB: 0
I200430 17:13:49.040367 10 storage/engine/rocksdb.go:120              Options.manifest_preallocation_size: 4194304
I200430 17:13:49.040373 10 storage/engine/rocksdb.go:120                      Options.is_fd_close_on_exec: 1
I200430 17:13:49.040378 10 storage/engine/rocksdb.go:120                    Options.advise_random_on_open: 1
I200430 17:13:49.040543 10 storage/engine/rocksdb.go:120                     Options.db_write_buffer_size: 0
I200430 17:13:49.040552 10 storage/engine/rocksdb.go:120                     Options.write_buffer_manager: 0x7f13baa91030
I200430 17:13:49.040558 10 storage/engine/rocksdb.go:120          Options.access_hint_on_compaction_start: 1
I200430 17:13:49.040563 10 storage/engine/rocksdb.go:120   Options.new_table_reader_for_compaction_inputs: 0
I200430 17:13:49.040942 10 storage/engine/rocksdb.go:120            Options.random_access_max_buffer_size: 1048576
I200430 17:13:49.040958 10 storage/engine/rocksdb.go:120                       Options.use_adaptive_mutex: 0
I200430 17:13:49.041040 10 storage/engine/rocksdb.go:120                             Options.rate_limiter: (nil)
I200430 17:13:49.041047 10 storage/engine/rocksdb.go:120      Options.sst_file_manager.rate_bytes_per_sec: 0
I200430 17:13:49.041053 10 storage/engine/rocksdb.go:120                        Options.wal_recovery_mode: 0
I200430 17:13:49.041058 10 storage/engine/rocksdb.go:120                   Options.enable_thread_tracking: 0
I200430 17:13:49.041071 10 storage/engine/rocksdb.go:120                   Options.enable_pipelined_write: 0
I200430 17:13:49.041076 10 storage/engine/rocksdb.go:120          Options.allow_concurrent_memtable_write: 1
I200430 17:13:49.041082 10 storage/engine/rocksdb.go:120       Options.enable_write_thread_adaptive_yield: 1
I200430 17:13:49.041087 10 storage/engine/rocksdb.go:120              Options.write_thread_max_yield_usec: 100
I200430 17:13:49.041093 10 storage/engine/rocksdb.go:120             Options.write_thread_slow_yield_usec: 3
I200430 17:13:49.041098 10 storage/engine/rocksdb.go:120                                Options.row_cache: None
I200430 17:13:49.041104 10 storage/engine/rocksdb.go:120                               Options.wal_filter: None
I200430 17:13:49.041323 10 storage/engine/rocksdb.go:120              Options.avoid_flush_during_recovery: 0
I200430 17:13:49.041334 10 storage/engine/rocksdb.go:120              Options.allow_ingest_behind: 0
I200430 17:13:49.041340 10 storage/engine/rocksdb.go:120              Options.preserve_deletes: 0
I200430 17:13:49.041345 10 storage/engine/rocksdb.go:120              Options.two_write_queues: 0
I200430 17:13:49.041351 10 storage/engine/rocksdb.go:120              Options.manual_wal_flush: 1
I200430 17:13:49.041356 10 storage/engine/rocksdb.go:120              Options.atomic_flush: 0
I200430 17:13:49.041361 10 storage/engine/rocksdb.go:120              Options.avoid_unnecessary_blocking_io: 0
I200430 17:13:49.041367 10 storage/engine/rocksdb.go:120              Options.max_background_jobs: 2
I200430 17:13:49.041373 10 storage/engine/rocksdb.go:120              Options.max_background_compactions: -1
I200430 17:13:49.041378 10 storage/engine/rocksdb.go:120              Options.avoid_flush_during_shutdown: 0
I200430 17:13:49.041384 10 storage/engine/rocksdb.go:120            Options.writable_file_max_buffer_size: 1048576
I200430 17:13:49.041389 10 storage/engine/rocksdb.go:120              Options.delayed_write_rate : 16777216
I200430 17:13:49.041394 10 storage/engine/rocksdb.go:120              Options.max_total_wal_size: 0
I200430 17:13:49.042262 10 storage/engine/rocksdb.go:120              Options.delete_obsolete_files_period_micros: 21600000000
I200430 17:13:49.042284 10 storage/engine/rocksdb.go:120                    Options.stats_dump_period_sec: 0
I200430 17:13:49.042294 10 storage/engine/rocksdb.go:120                  Options.stats_persist_period_sec: 600
I200430 17:13:49.042692 10 storage/engine/rocksdb.go:120                  Options.stats_history_buffer_size: 1048576
I200430 17:13:49.042704 10 storage/engine/rocksdb.go:120                           Options.max_open_files: 128
I200430 17:13:49.042710 10 storage/engine/rocksdb.go:120                           Options.bytes_per_sync: 524288
I200430 17:13:49.042719 10 storage/engine/rocksdb.go:120                       Options.wal_bytes_per_sync: 0
I200430 17:13:49.042815 10 storage/engine/rocksdb.go:120                    Options.strict_bytes_per_sync: 1
I200430 17:13:49.042822 10 storage/engine/rocksdb.go:120        Options.compaction_readahead_size: 0
I200430 17:13:49.042828 10 storage/engine/rocksdb.go:120  Compression algorithms supported:
I200430 17:13:49.042834 10 storage/engine/rocksdb.go:120  	kZSTDNotFinalCompression supported: 0
I200430 17:13:49.042840 10 storage/engine/rocksdb.go:120  	kZSTD supported: 0
I200430 17:13:49.042846 10 storage/engine/rocksdb.go:120  	kXpressCompression supported: 0
I200430 17:13:49.042851 10 storage/engine/rocksdb.go:120  	kLZ4HCCompression supported: 0
I200430 17:13:49.042857 10 storage/engine/rocksdb.go:120  	kLZ4Compression supported: 0
I200430 17:13:49.042862 10 storage/engine/rocksdb.go:120  	kBZip2Compression supported: 0
I200430 17:13:49.042868 10 storage/engine/rocksdb.go:120  	kZlibCompression supported: 0
I200430 17:13:49.042873 10 storage/engine/rocksdb.go:120  	kSnappyCompression supported: 1
I200430 17:13:49.042901 10 storage/engine/rocksdb.go:120  Fast CRC32 supported: Supported on x86
I200430 17:13:49.123877 10 storage/engine/rocksdb.go:120  [db/db_impl_open.cc:242] Creating manifest 1 
I200430 17:13:49.425730 10 storage/engine/rocksdb.go:120  [db/version_set.cc:4072] Recovering from manifest file: /cockroach/cockroach-data/cockroach-temp077108710/MANIFEST-000001
I200430 17:13:49.481546 10 storage/engine/rocksdb.go:120  [db/column_family.cc:488] --------------- Options for column family [default]:
I200430 17:13:49.482643 10 storage/engine/rocksdb.go:120                Options.comparator: cockroach_comparator
I200430 17:13:49.482757 10 storage/engine/rocksdb.go:120            Options.merge_operator: cockroach_merge_operator
I200430 17:13:49.482779 10 storage/engine/rocksdb.go:120         Options.compaction_filter: None
I200430 17:13:49.482793 10 storage/engine/rocksdb.go:120         Options.compaction_filter_factory: None
I200430 17:13:49.482924 10 storage/engine/rocksdb.go:120          Options.memtable_factory: SkipListFactory
I200430 17:13:49.482942 10 storage/engine/rocksdb.go:120             Options.table_factory: BlockBasedTable
I200430 17:13:49.488442 10 storage/engine/rocksdb.go:120             table_factory options:   flush_block_policy_factory: FlushBlockBySizePolicyFactory (0x7f13baa1d030)
  cache_index_and_filter_blocks: 0
  cache_index_and_filter_blocks_with_high_priority: 0
  pin_l0_filter_and_index_blocks_in_cache: 0
  pin_top_level_index_and_filter: 1
  index_type: 0
  data_block_index_type: 0
  index_shortening: 1
  data_block_hash_table_util_ratio: 0.750000
  hash_index_allow_collision: 1
  checksum: 1
  no_block_cache: 0
  block_cache: 0x7f13baa0e010
  block_cache_name: LRUCache
  block_cache_options:
    capacity : 1048576
    num_shard_bits : 4
    strict_capacity_limit : 0
    memory_allocator : None
    high_pri_pool_ratio: 0.000
  block_cache_compressed: (nil)
  persistent_cache: (nil)
  block_size: 32768
  block_size_deviation: 10
  block_restart_interval: 16
  index_block_restart_interval: 1
  metadata_block_size: 4096
  partition_filters: 0
  use_delta_encoding: 1
  filter_policy: rocksdb.BuiltinBloomFilter
  whole_key_filtering: 0
  verify_compression: 0
  read_amp_bytes_per_bit: 0
  format_version: 2
  enable_index_compression: 1
  block_align: 0
I200430 17:13:49.488622 10 storage/engine/rocksdb.go:120         Options.write_buffer_size: 67108864
I200430 17:13:49.488800 10 storage/engine/rocksdb.go:120   Options.max_write_buffer_number: 4
I200430 17:13:49.488848 10 storage/engine/rocksdb.go:120           Options.compression: Snappy
I200430 17:13:49.488971 10 storage/engine/rocksdb.go:120                   Options.bottommost_compression: Disabled
I200430 17:13:49.488985 10 storage/engine/rocksdb.go:120        Options.prefix_extractor: cockroach_prefix_extractor
I200430 17:13:49.488997 10 storage/engine/rocksdb.go:120    Options.memtable_insert_with_hint_prefix_extractor: nullptr
I200430 17:13:49.489087 10 storage/engine/rocksdb.go:120              Options.num_levels: 7
I200430 17:13:49.489103 10 storage/engine/rocksdb.go:120         Options.min_write_buffer_number_to_merge: 1
I200430 17:13:49.489113 10 storage/engine/rocksdb.go:120      Options.max_write_buffer_number_to_maintain: 0
I200430 17:13:49.489125 10 storage/engine/rocksdb.go:120             Options.bottommost_compression_opts.window_bits: -14
I200430 17:13:49.489135 10 storage/engine/rocksdb.go:120                   Options.bottommost_compression_opts.level: 32767
I200430 17:13:49.489144 10 storage/engine/rocksdb.go:120                Options.bottommost_compression_opts.strategy: 0
I200430 17:13:49.489321 10 storage/engine/rocksdb.go:120          Options.bottommost_compression_opts.max_dict_bytes: 0
I200430 17:13:49.494244 10 storage/engine/rocksdb.go:120          Options.bottommost_compression_opts.zstd_max_train_bytes: 0
I200430 17:13:49.494605 10 storage/engine/rocksdb.go:120                   Options.bottommost_compression_opts.enabled: false
I200430 17:13:49.494614 10 storage/engine/rocksdb.go:120             Options.compression_opts.window_bits: -14
I200430 17:13:49.494621 10 storage/engine/rocksdb.go:120                   Options.compression_opts.level: 32767
I200430 17:13:49.494626 10 storage/engine/rocksdb.go:120                Options.compression_opts.strategy: 0
I200430 17:13:49.494634 10 storage/engine/rocksdb.go:120          Options.compression_opts.max_dict_bytes: 0
I200430 17:13:49.494722 10 storage/engine/rocksdb.go:120          Options.compression_opts.zstd_max_train_bytes: 0
I200430 17:13:49.494736 10 storage/engine/rocksdb.go:120                   Options.compression_opts.enabled: false
I200430 17:13:49.494743 10 storage/engine/rocksdb.go:120       Options.level0_file_num_compaction_trigger: 2
I200430 17:13:49.494748 10 storage/engine/rocksdb.go:120           Options.level0_slowdown_writes_trigger: 950
I200430 17:13:49.494754 10 storage/engine/rocksdb.go:120               Options.level0_stop_writes_trigger: 1000
I200430 17:13:49.494760 10 storage/engine/rocksdb.go:120                    Options.target_file_size_base: 4194304
I200430 17:13:49.494765 10 storage/engine/rocksdb.go:120              Options.target_file_size_multiplier: 2
I200430 17:13:49.494771 10 storage/engine/rocksdb.go:120                 Options.max_bytes_for_level_base: 67108864
I200430 17:13:49.494776 10 storage/engine/rocksdb.go:120  Options.level_compaction_dynamic_level_bytes: 1
I200430 17:13:49.494788 10 storage/engine/rocksdb.go:120           Options.max_bytes_for_level_multiplier: 10.000000
I200430 17:13:49.494876 10 storage/engine/rocksdb.go:120  Options.max_bytes_for_level_multiplier_addtl[0]: 1
I200430 17:13:49.494890 10 storage/engine/rocksdb.go:120  Options.max_bytes_for_level_multiplier_addtl[1]: 1
I200430 17:13:49.494896 10 storage/engine/rocksdb.go:120  Options.max_bytes_for_level_multiplier_addtl[2]: 1
I200430 17:13:49.494901 10 storage/engine/rocksdb.go:120  Options.max_bytes_for_level_multiplier_addtl[3]: 1
I200430 17:13:49.494907 10 storage/engine/rocksdb.go:120  Options.max_bytes_for_level_multiplier_addtl[4]: 1
I200430 17:13:49.494912 10 storage/engine/rocksdb.go:120  Options.max_bytes_for_level_multiplier_addtl[5]: 1
I200430 17:13:49.494918 10 storage/engine/rocksdb.go:120  Options.max_bytes_for_level_multiplier_addtl[6]: 1
I200430 17:13:49.494923 10 storage/engine/rocksdb.go:120        Options.max_sequential_skip_in_iterations: 8
I200430 17:13:49.495020 10 storage/engine/rocksdb.go:120                     Options.max_compaction_bytes: 104857600
I200430 17:13:49.495035 10 storage/engine/rocksdb.go:120                         Options.arena_block_size: 8388608
I200430 17:13:49.495041 10 storage/engine/rocksdb.go:120    Options.soft_pending_compaction_bytes_limit: 2199023255552
I200430 17:13:49.495047 10 storage/engine/rocksdb.go:120    Options.hard_pending_compaction_bytes_limit: 4400193994752
I200430 17:13:49.495053 10 storage/engine/rocksdb.go:120        Options.rate_limit_delay_max_milliseconds: 100
I200430 17:13:49.495058 10 storage/engine/rocksdb.go:120                 Options.disable_auto_compactions: 0
I200430 17:13:49.495074 10 storage/engine/rocksdb.go:120                         Options.compaction_style: kCompactionStyleLevel
I200430 17:13:49.495082 10 storage/engine/rocksdb.go:120                           Options.compaction_pri: kMinOverlappingRatio
I200430 17:13:49.495167 10 storage/engine/rocksdb.go:120  Options.compaction_options_universal.size_ratio: 1
I200430 17:13:49.495183 10 storage/engine/rocksdb.go:120  Options.compaction_options_universal.min_merge_width: 2
I200430 17:13:49.495189 10 storage/engine/rocksdb.go:120  Options.compaction_options_universal.max_merge_width: 4294967295
I200430 17:13:49.495195 10 storage/engine/rocksdb.go:120  Options.compaction_options_universal.max_size_amplification_percent: 200
I200430 17:13:49.495200 10 storage/engine/rocksdb.go:120  Options.compaction_options_universal.compression_size_percent: -1
I200430 17:13:49.495207 10 storage/engine/rocksdb.go:120  Options.compaction_options_universal.stop_style: kCompactionStopStyleTotalSize
I200430 17:13:49.495213 10 storage/engine/rocksdb.go:120  Options.compaction_options_fifo.max_table_files_size: 1073741824
I200430 17:13:49.495218 10 storage/engine/rocksdb.go:120  Options.compaction_options_fifo.allow_compaction: 0
I200430 17:13:49.495228 10 storage/engine/rocksdb.go:120                    Options.table_properties_collectors: TimeBoundTblPropCollectorFactory; DeleteRangeTblPropCollectorFactory; 
I200430 17:13:49.495242 10 storage/engine/rocksdb.go:120                    Options.inplace_update_support: 0
I200430 17:13:49.495332 10 storage/engine/rocksdb.go:120                  Options.inplace_update_num_locks: 10000
I200430 17:13:49.495342 10 storage/engine/rocksdb.go:120                Options.memtable_prefix_bloom_size_ratio: 0.000000
I200430 17:13:49.495347 10 storage/engine/rocksdb.go:120                Options.memtable_whole_key_filtering: 0
I200430 17:13:49.495353 10 storage/engine/rocksdb.go:120    Options.memtable_huge_page_size: 0
I200430 17:13:49.495358 10 storage/engine/rocksdb.go:120                            Options.bloom_locality: 0
I200430 17:13:49.495364 10 storage/engine/rocksdb.go:120                     Options.max_successive_merges: 0
I200430 17:13:49.495369 10 storage/engine/rocksdb.go:120                 Options.optimize_filters_for_hits: 1
I200430 17:13:49.495375 10 storage/engine/rocksdb.go:120                 Options.paranoid_file_checks: 0
I200430 17:13:49.495380 10 storage/engine/rocksdb.go:120                 Options.force_consistency_checks: 0
I200430 17:13:49.495386 10 storage/engine/rocksdb.go:120                 Options.report_bg_io_stats: 0
I200430 17:13:49.495542 10 storage/engine/rocksdb.go:120                                Options.ttl: 0
I200430 17:13:49.495556 10 storage/engine/rocksdb.go:120           Options.periodic_compaction_seconds: 0
I200430 17:13:49.536553 10 storage/engine/rocksdb.go:120  [db/version_set.cc:4286] Recovered from manifest file:/cockroach/cockroach-data/cockroach-temp077108710/MANIFEST-000001 succeeded,manifest_file_number is 1, next_file_number is 3, last_sequence is 0, log_number is 0,prev_log_number is 0,max_column_family is 0,min_log_number_to_keep is 0
I200430 17:13:49.536585 10 storage/engine/rocksdb.go:120  [db/version_set.cc:4295] Column family [default] (ID 0), log number is 0
I200430 17:13:49.860324 10 storage/engine/rocksdb.go:120  DB pointer 0x7f13baa99000
I200430 17:13:50.452333 10 storage/engine/rocksdb.go:120  RocksDB version: 6.2.1
I200430 17:13:50.452362 10 storage/engine/rocksdb.go:120  Git sha rocksdb_build_git_sha:@b7009236531fa784872f4823eabf393501e41bf2@
I200430 17:13:50.452369 10 storage/engine/rocksdb.go:120  Compile date Mar 16 2020
I200430 17:13:50.452376 10 storage/engine/rocksdb.go:120  DB SUMMARY
I200430 17:13:50.469145 10 storage/engine/rocksdb.go:120  CURRENT file:  CURRENT
I200430 17:13:50.469163 10 storage/engine/rocksdb.go:120  IDENTITY file:  IDENTITY
I200430 17:13:50.471194 10 storage/engine/rocksdb.go:120  MANIFEST file:  MANIFEST-000379 size: 1393 Bytes
I200430 17:13:50.471214 10 storage/engine/rocksdb.go:120  SST files in /cockroach/cockroach-data dir, Total Num: 4, files: 000383.sst 000384.sst 000385.sst 000386.sst 
I200430 17:13:50.471221 10 storage/engine/rocksdb.go:120  Write Ahead Log file in /cockroach/cockroach-data: 000380.log size: 11922573 ; 
I200430 17:13:50.471228 10 storage/engine/rocksdb.go:120                          Options.error_if_exists: 0
I200430 17:13:50.471234 10 storage/engine/rocksdb.go:120                        Options.create_if_missing: 1
I200430 17:13:50.471240 10 storage/engine/rocksdb.go:120                          Options.paranoid_checks: 1
I200430 17:13:50.471245 10 storage/engine/rocksdb.go:120                                      Options.env: 0x75757a0
I200430 17:13:50.471250 10 storage/engine/rocksdb.go:120                                 Options.info_log: 0x7f13bcc0dce0
I200430 17:13:50.471256 10 storage/engine/rocksdb.go:120                 Options.max_file_opening_threads: 16
I200430 17:13:50.471261 10 storage/engine/rocksdb.go:120                               Options.statistics: 0x7f13bcc25010
I200430 17:13:50.471266 10 storage/engine/rocksdb.go:120                                Options.use_fsync: 0
I200430 17:13:50.471272 10 storage/engine/rocksdb.go:120                        Options.max_log_file_size: 0
I200430 17:13:50.471277 10 storage/engine/rocksdb.go:120                   Options.max_manifest_file_size: 134217728
I200430 17:13:50.471282 10 storage/engine/rocksdb.go:120                    Options.log_file_time_to_roll: 0
I200430 17:13:50.471288 10 storage/engine/rocksdb.go:120                        Options.keep_log_file_num: 1000
I200430 17:13:50.471295 10 storage/engine/rocksdb.go:120                     Options.recycle_log_file_num: 1
I200430 17:13:50.471301 10 storage/engine/rocksdb.go:120                          Options.allow_fallocate: 1
I200430 17:13:50.471306 10 storage/engine/rocksdb.go:120                         Options.allow_mmap_reads: 0
I200430 17:13:50.471311 10 storage/engine/rocksdb.go:120                        Options.allow_mmap_writes: 0
I200430 17:13:50.471317 10 storage/engine/rocksdb.go:120                         Options.use_direct_reads: 0
I200430 17:13:50.471323 10 storage/engine/rocksdb.go:120                         Options.use_direct_io_for_flush_and_compaction: 0
I200430 17:13:50.471328 10 storage/engine/rocksdb.go:120           Options.create_missing_column_families: 0
I200430 17:13:50.471333 10 storage/engine/rocksdb.go:120                               Options.db_log_dir: 
I200430 17:13:50.471339 10 storage/engine/rocksdb.go:120                                  Options.wal_dir: /cockroach/cockroach-data
I200430 17:13:50.471345 10 storage/engine/rocksdb.go:120                 Options.table_cache_numshardbits: 6
I200430 17:13:50.471350 10 storage/engine/rocksdb.go:120                       Options.max_subcompactions: 1
I200430 17:13:50.471356 10 storage/engine/rocksdb.go:120                   Options.max_background_flushes: -1
I200430 17:13:50.471361 10 storage/engine/rocksdb.go:120                          Options.WAL_ttl_seconds: 0
I200430 17:13:50.471366 10 storage/engine/rocksdb.go:120                        Options.WAL_size_limit_MB: 0
I200430 17:13:50.471371 10 storage/engine/rocksdb.go:120              Options.manifest_preallocation_size: 4194304
I200430 17:13:50.471376 10 storage/engine/rocksdb.go:120                      Options.is_fd_close_on_exec: 1
I200430 17:13:50.471382 10 storage/engine/rocksdb.go:120                    Options.advise_random_on_open: 1
I200430 17:13:50.471387 10 storage/engine/rocksdb.go:120                     Options.db_write_buffer_size: 0
I200430 17:13:50.471392 10 storage/engine/rocksdb.go:120                     Options.write_buffer_manager: 0x7f13bcc8d030
I200430 17:13:50.471398 10 storage/engine/rocksdb.go:120          Options.access_hint_on_compaction_start: 1
I200430 17:13:50.471403 10 storage/engine/rocksdb.go:120   Options.new_table_reader_for_compaction_inputs: 0
I200430 17:13:50.471409 10 storage/engine/rocksdb.go:120            Options.random_access_max_buffer_size: 1048576
I200430 17:13:50.471414 10 storage/engine/rocksdb.go:120                       Options.use_adaptive_mutex: 0
I200430 17:13:50.471420 10 storage/engine/rocksdb.go:120                             Options.rate_limiter: (nil)
I200430 17:13:50.471427 10 storage/engine/rocksdb.go:120      Options.sst_file_manager.rate_bytes_per_sec: 0
I200430 17:13:50.471432 10 storage/engine/rocksdb.go:120                        Options.wal_recovery_mode: 0
I200430 17:13:50.471438 10 storage/engine/rocksdb.go:120                   Options.enable_thread_tracking: 0
I200430 17:13:50.471443 10 storage/engine/rocksdb.go:120                   Options.enable_pipelined_write: 0
I200430 17:13:50.471449 10 storage/engine/rocksdb.go:120          Options.allow_concurrent_memtable_write: 1
I200430 17:13:50.471454 10 storage/engine/rocksdb.go:120       Options.enable_write_thread_adaptive_yield: 1
I200430 17:13:50.471459 10 storage/engine/rocksdb.go:120              Options.write_thread_max_yield_usec: 100
I200430 17:13:50.471464 10 storage/engine/rocksdb.go:120             Options.write_thread_slow_yield_usec: 3
I200430 17:13:50.471470 10 storage/engine/rocksdb.go:120                                Options.row_cache: None
I200430 17:13:50.471475 10 storage/engine/rocksdb.go:120                               Options.wal_filter: None
I200430 17:13:50.471480 10 storage/engine/rocksdb.go:120              Options.avoid_flush_during_recovery: 0
I200430 17:13:50.471486 10 storage/engine/rocksdb.go:120              Options.allow_ingest_behind: 0
I200430 17:13:50.471492 10 storage/engine/rocksdb.go:120              Options.preserve_deletes: 0
I200430 17:13:50.471497 10 storage/engine/rocksdb.go:120              Options.two_write_queues: 0
I200430 17:13:50.471502 10 storage/engine/rocksdb.go:120              Options.manual_wal_flush: 1
I200430 17:13:50.471507 10 storage/engine/rocksdb.go:120              Options.atomic_flush: 0
I200430 17:13:50.471512 10 storage/engine/rocksdb.go:120              Options.avoid_unnecessary_blocking_io: 0
I200430 17:13:50.471517 10 storage/engine/rocksdb.go:120              Options.max_background_jobs: 2
I200430 17:13:50.471523 10 storage/engine/rocksdb.go:120              Options.max_background_compactions: -1
I200430 17:13:50.471528 10 storage/engine/rocksdb.go:120              Options.avoid_flush_during_shutdown: 0
I200430 17:13:50.471533 10 storage/engine/rocksdb.go:120            Options.writable_file_max_buffer_size: 1048576
I200430 17:13:50.471971 10 storage/engine/rocksdb.go:120              Options.delayed_write_rate : 16777216
I200430 17:13:50.472464 10 storage/engine/rocksdb.go:120              Options.max_total_wal_size: 0
I200430 17:13:50.473867 10 storage/engine/rocksdb.go:120              Options.delete_obsolete_files_period_micros: 21600000000
I200430 17:13:50.473879 10 storage/engine/rocksdb.go:120                    Options.stats_dump_period_sec: 0
I200430 17:13:50.473887 10 storage/engine/rocksdb.go:120                  Options.stats_persist_period_sec: 600
I200430 17:13:50.473894 10 storage/engine/rocksdb.go:120                  Options.stats_history_buffer_size: 1048576
I200430 17:13:50.473899 10 storage/engine/rocksdb.go:120                           Options.max_open_files: 1043576
I200430 17:13:50.473905 10 storage/engine/rocksdb.go:120                           Options.bytes_per_sync: 524288
I200430 17:13:50.473910 10 storage/engine/rocksdb.go:120                       Options.wal_bytes_per_sync: 0
I200430 17:13:50.474000 10 storage/engine/rocksdb.go:120                    Options.strict_bytes_per_sync: 1
I200430 17:13:50.474027 10 storage/engine/rocksdb.go:120        Options.compaction_readahead_size: 0
I200430 17:13:50.474169 10 storage/engine/rocksdb.go:120  Compression algorithms supported:
I200430 17:13:50.474385 10 storage/engine/rocksdb.go:120  	kZSTDNotFinalCompression supported: 0
I200430 17:13:50.474398 10 storage/engine/rocksdb.go:120  	kZSTD supported: 0
I200430 17:13:50.474411 10 storage/engine/rocksdb.go:120  	kXpressCompression supported: 0
I200430 17:13:50.474420 10 storage/engine/rocksdb.go:120  	kLZ4HCCompression supported: 0
I200430 17:13:50.475338 10 storage/engine/rocksdb.go:120  	kLZ4Compression supported: 0
I200430 17:13:50.475360 10 storage/engine/rocksdb.go:120  	kBZip2Compression supported: 0
I200430 17:13:50.475367 10 storage/engine/rocksdb.go:120  	kZlibCompression supported: 0
I200430 17:13:50.475373 10 storage/engine/rocksdb.go:120  	kSnappyCompression supported: 1
I200430 17:13:50.475397 10 storage/engine/rocksdb.go:120  Fast CRC32 supported: Supported on x86
I200430 17:13:50.515398 10 storage/engine/rocksdb.go:120  [db/version_set.cc:4072] Recovering from manifest file: /cockroach/cockroach-data/MANIFEST-000379
I200430 17:13:50.523181 10 storage/engine/rocksdb.go:120  [db/column_family.cc:488] --------------- Options for column family [default]:
I200430 17:13:50.523200 10 storage/engine/rocksdb.go:120                Options.comparator: cockroach_comparator
I200430 17:13:50.523207 10 storage/engine/rocksdb.go:120            Options.merge_operator: cockroach_merge_operator
I200430 17:13:50.523303 10 storage/engine/rocksdb.go:120         Options.compaction_filter: None
I200430 17:13:50.523314 10 storage/engine/rocksdb.go:120         Options.compaction_filter_factory: None
I200430 17:13:50.523321 10 storage/engine/rocksdb.go:120          Options.memtable_factory: SkipListFactory
I200430 17:13:50.523326 10 storage/engine/rocksdb.go:120             Options.table_factory: BlockBasedTable
I200430 17:13:50.523373 10 storage/engine/rocksdb.go:120             table_factory options:   flush_block_policy_factory: FlushBlockBySizePolicyFactory (0x7f13bcc23028)
  cache_index_and_filter_blocks: 0
  cache_index_and_filter_blocks_with_high_priority: 0
  pin_l0_filter_and_index_blocks_in_cache: 0
  pin_top_level_index_and_filter: 1
  index_type: 0
  data_block_index_type: 0
  index_shortening: 1
  data_block_hash_table_util_ratio: 0.750000
  hash_index_allow_collision: 1
  checksum: 1
  no_block_cache: 0
  block_cache: 0x7f13bcc14010
  block_cache_name: LRUCache
  block_cache_options:
    capacity : 67108864
    num_shard_bits : 4
    strict_capacity_limit : 0
    memory_allocator : None
    high_pri_pool_ratio: 0.000
  block_cache_compressed: (nil)
  persistent_cache: (nil)
  block_size: 32768
  block_size_deviation: 10
  block_restart_interval: 16
  index_block_restart_interval: 1
  metadata_block_size: 4096
  partition_filters: 0
  use_delta_encoding: 1
  filter_policy: rocksdb.BuiltinBloomFilter
  whole_key_filtering: 0
  verify_compression: 0
  read_amp_bytes_per_bit: 0
  format_version: 2
  enable_index_compression: 1
  block_align: 0
I200430 17:13:50.523435 10 storage/engine/rocksdb.go:120         Options.write_buffer_size: 67108864
I200430 17:13:50.523521 10 storage/engine/rocksdb.go:120   Options.max_write_buffer_number: 4
I200430 17:13:50.523535 10 storage/engine/rocksdb.go:120           Options.compression: Snappy
I200430 17:13:50.523540 10 storage/engine/rocksdb.go:120                   Options.bottommost_compression: Disabled
I200430 17:13:50.523546 10 storage/engine/rocksdb.go:120        Options.prefix_extractor: cockroach_prefix_extractor
I200430 17:13:50.523551 10 storage/engine/rocksdb.go:120    Options.memtable_insert_with_hint_prefix_extractor: nullptr
I200430 17:13:50.523557 10 storage/engine/rocksdb.go:120              Options.num_levels: 7
I200430 17:13:50.523562 10 storage/engine/rocksdb.go:120         Options.min_write_buffer_number_to_merge: 1
I200430 17:13:50.523568 10 storage/engine/rocksdb.go:120      Options.max_write_buffer_number_to_maintain: 0
I200430 17:13:50.523573 10 storage/engine/rocksdb.go:120             Options.bottommost_compression_opts.window_bits: -14
I200430 17:13:50.523579 10 storage/engine/rocksdb.go:120                   Options.bottommost_compression_opts.level: 32767
I200430 17:13:50.523585 10 storage/engine/rocksdb.go:120                Options.bottommost_compression_opts.strategy: 0
I200430 17:13:50.523590 10 storage/engine/rocksdb.go:120          Options.bottommost_compression_opts.max_dict_bytes: 0
I200430 17:13:50.523595 10 storage/engine/rocksdb.go:120          Options.bottommost_compression_opts.zstd_max_train_bytes: 0
I200430 17:13:50.523601 10 storage/engine/rocksdb.go:120                   Options.bottommost_compression_opts.enabled: false
I200430 17:13:50.523606 10 storage/engine/rocksdb.go:120             Options.compression_opts.window_bits: -14
I200430 17:13:50.523681 10 storage/engine/rocksdb.go:120                   Options.compression_opts.level: 32767
I200430 17:13:50.523688 10 storage/engine/rocksdb.go:120                Options.compression_opts.strategy: 0
I200430 17:13:50.523694 10 storage/engine/rocksdb.go:120          Options.compression_opts.max_dict_bytes: 0
I200430 17:13:50.523700 10 storage/engine/rocksdb.go:120          Options.compression_opts.zstd_max_train_bytes: 0
I200430 17:13:50.523717 10 storage/engine/rocksdb.go:120                   Options.compression_opts.enabled: false
I200430 17:13:50.523723 10 storage/engine/rocksdb.go:120       Options.level0_file_num_compaction_trigger: 2
I200430 17:13:50.523729 10 storage/engine/rocksdb.go:120           Options.level0_slowdown_writes_trigger: 950
I200430 17:13:50.523734 10 storage/engine/rocksdb.go:120               Options.level0_stop_writes_trigger: 1000
I200430 17:13:50.523740 10 storage/engine/rocksdb.go:120                    Options.target_file_size_base: 4194304
I200430 17:13:50.523745 10 storage/engine/rocksdb.go:120              Options.target_file_size_multiplier: 2
I200430 17:13:50.523751 10 storage/engine/rocksdb.go:120                 Options.max_bytes_for_level_base: 67108864
I200430 17:13:50.523756 10 storage/engine/rocksdb.go:120  Options.level_compaction_dynamic_level_bytes: 1
I200430 17:13:50.523834 10 storage/engine/rocksdb.go:120           Options.max_bytes_for_level_multiplier: 10.000000
I200430 17:13:50.523842 10 storage/engine/rocksdb.go:120  Options.max_bytes_for_level_multiplier_addtl[0]: 1
I200430 17:13:50.523848 10 storage/engine/rocksdb.go:120  Options.max_bytes_for_level_multiplier_addtl[1]: 1
I200430 17:13:50.523853 10 storage/engine/rocksdb.go:120  Options.max_bytes_for_level_multiplier_addtl[2]: 1
I200430 17:13:50.523859 10 storage/engine/rocksdb.go:120  Options.max_bytes_for_level_multiplier_addtl[3]: 1
I200430 17:13:50.523864 10 storage/engine/rocksdb.go:120  Options.max_bytes_for_level_multiplier_addtl[4]: 1
I200430 17:13:50.523870 10 storage/engine/rocksdb.go:120  Options.max_bytes_for_level_multiplier_addtl[5]: 1
I200430 17:13:50.523875 10 storage/engine/rocksdb.go:120  Options.max_bytes_for_level_multiplier_addtl[6]: 1
I200430 17:13:50.523880 10 storage/engine/rocksdb.go:120        Options.max_sequential_skip_in_iterations: 8
I200430 17:13:50.523891 10 storage/engine/rocksdb.go:120                     Options.max_compaction_bytes: 104857600
I200430 17:13:50.523897 10 storage/engine/rocksdb.go:120                         Options.arena_block_size: 8388608
I200430 17:13:50.523903 10 storage/engine/rocksdb.go:120    Options.soft_pending_compaction_bytes_limit: 2199023255552
I200430 17:13:50.523974 10 storage/engine/rocksdb.go:120    Options.hard_pending_compaction_bytes_limit: 4400193994752
I200430 17:13:50.523986 10 storage/engine/rocksdb.go:120        Options.rate_limit_delay_max_milliseconds: 100
I200430 17:13:50.523991 10 storage/engine/rocksdb.go:120                 Options.disable_auto_compactions: 0
I200430 17:13:50.523999 10 storage/engine/rocksdb.go:120                         Options.compaction_style: kCompactionStyleLevel
I200430 17:13:50.524006 10 storage/engine/rocksdb.go:120                           Options.compaction_pri: kMinOverlappingRatio
I200430 17:13:50.524011 10 storage/engine/rocksdb.go:120  Options.compaction_options_universal.size_ratio: 1
I200430 17:13:50.524018 10 storage/engine/rocksdb.go:120  Options.compaction_options_universal.min_merge_width: 2
I200430 17:13:50.524024 10 storage/engine/rocksdb.go:120  Options.compaction_options_universal.max_merge_width: 4294967295
I200430 17:13:50.524029 10 storage/engine/rocksdb.go:120  Options.compaction_options_universal.max_size_amplification_percent: 200
I200430 17:13:50.524034 10 storage/engine/rocksdb.go:120  Options.compaction_options_universal.compression_size_percent: -1
I200430 17:13:50.524040 10 storage/engine/rocksdb.go:120  Options.compaction_options_universal.stop_style: kCompactionStopStyleTotalSize
I200430 17:13:50.524046 10 storage/engine/rocksdb.go:120  Options.compaction_options_fifo.max_table_files_size: 1073741824
I200430 17:13:50.524051 10 storage/engine/rocksdb.go:120  Options.compaction_options_fifo.allow_compaction: 0
I200430 17:13:50.524127 10 storage/engine/rocksdb.go:120                    Options.table_properties_collectors: TimeBoundTblPropCollectorFactory; DeleteRangeTblPropCollectorFactory; 
I200430 17:13:50.524139 10 storage/engine/rocksdb.go:120                    Options.inplace_update_support: 0
I200430 17:13:50.524145 10 storage/engine/rocksdb.go:120                  Options.inplace_update_num_locks: 10000
I200430 17:13:50.524152 10 storage/engine/rocksdb.go:120                Options.memtable_prefix_bloom_size_ratio: 0.000000
I200430 17:13:50.524157 10 storage/engine/rocksdb.go:120                Options.memtable_whole_key_filtering: 0
I200430 17:13:50.524162 10 storage/engine/rocksdb.go:120    Options.memtable_huge_page_size: 0
I200430 17:13:50.524167 10 storage/engine/rocksdb.go:120                            Options.bloom_locality: 0
I200430 17:13:50.524174 10 storage/engine/rocksdb.go:120                     Options.max_successive_merges: 0
I200430 17:13:50.524179 10 storage/engine/rocksdb.go:120                 Options.optimize_filters_for_hits: 1
I200430 17:13:50.524184 10 storage/engine/rocksdb.go:120                 Options.paranoid_file_checks: 0
I200430 17:13:50.524190 10 storage/engine/rocksdb.go:120                 Options.force_consistency_checks: 0
I200430 17:13:50.524195 10 storage/engine/rocksdb.go:120                 Options.report_bg_io_stats: 0
I200430 17:13:50.524200 10 storage/engine/rocksdb.go:120                                Options.ttl: 0
I200430 17:13:50.524270 10 storage/engine/rocksdb.go:120           Options.periodic_compaction_seconds: 0
I200430 17:13:50.594803 10 storage/engine/rocksdb.go:120  [db/version_set.cc:4286] Recovered from manifest file:/cockroach/cockroach-data/MANIFEST-000379 succeeded,manifest_file_number is 379, next_file_number is 388, last_sequence is 18859489, log_number is 378,prev_log_number is 0,max_column_family is 0,min_log_number_to_keep is 0
I200430 17:13:50.594819 10 storage/engine/rocksdb.go:120  [db/version_set.cc:4295] Column family [default] (ID 0), log number is 378
I200430 17:13:50.654137 10 storage/engine/rocksdb.go:120  EVENT_LOG_v1 {"time_micros": 1588266830654015, "job": 1, "event": "recovery_started", "log_files": [380]}
I200430 17:13:50.655572 10 storage/engine/rocksdb.go:120  [db/db_impl_open.cc:598] Recovering log #380 mode 0
I200430 17:13:52.508572 10 storage/engine/rocksdb.go:120  EVENT_LOG_v1 {"time_micros": 1588266832508445, "cf_name": "default", "job": 1, "event": "table_file_creation", "file_number": 388, "file_size": 969327, "table_properties": {"data_size": 926732, "index_size": 6777, "index_partitions": 0, "top_level_index_size": 0, "index_key_is_user_key": 0, "index_value_is_delta_encoded": 0, "filter_size": 38213, "raw_key_size": 1655709, "raw_average_key_size": 54, "raw_value_size": 2866945, "raw_average_value_size": 93, "num_data_blocks": 104, "num_entries": 30642, "num_deletions": 26676, "num_merge_operands": 3544, "num_range_deletions": 3544, "format_version": 0, "fixed_key_len": 0, "filter_policy": "rocksdb.BuiltinBloomFilter", "column_family_name": "default", "column_family_id": 0, "comparator": "cockroach_comparator", "merge_operator": "cockroach_merge_operator", "prefix_extractor_name": "cockroach_prefix_extractor", "property_collectors": "[TimeBoundTblPropCollectorFactory,DeleteRangeTblPropCollectorFactory]", "compression": "Snappy", "compression_options": "window_bits=-14; level=32767; strategy=0; max_dict_bytes=0; zstd_max_train_bytes=0; enabled=0; ", "creation_time": 1588266831, "oldest_key_time": 3, "file_creation_time": 0}}
I200430 17:13:52.517446 10 storage/engine/rocksdb.go:120  [db/version_set.cc:3560] Creating manifest 389
I200430 17:13:52.598594 10 storage/engine/rocksdb.go:120  EVENT_LOG_v1 {"time_micros": 1588266832598117, "job": 1, "event": "recovery_finished"}
I200430 17:13:52.901434 10 storage/engine/rocksdb.go:120  DB pointer 0x7f13bcc9a000
I200430 17:14:59.337037 1368 storage/engine/rocksdb.go:120  bloom filter utility:    -nan%
I200430 17:14:59.350568 1368 storage/engine/rocksdb.go:120  [db/db_impl.cc:392] Shutdown: canceling all background work
I200430 17:14:59.400229 1368 storage/engine/rocksdb.go:120  [db/db_impl.cc:565] Shutdown complete
I200430 17:14:59.550087 1368 storage/engine/rocksdb.go:120  bloom filter utility:    93.1%
I200430 17:14:59.552802 1368 storage/engine/rocksdb.go:120  [db/db_impl.cc:392] Shutdown: canceling all background work
I200430 17:14:59.676132 1368 storage/engine/rocksdb.go:120  [db/db_impl.cc:565] Shutdown complete
