I200430 18:26:00.121946 36 util/log/clog.go:1196  [config] file created at: 2020/04/30 18:26:00
I200430 18:26:00.121946 36 util/log/clog.go:1196  [config] running on machine: 323f2533b907
I200430 18:26:00.121946 36 util/log/clog.go:1196  [config] binary: CockroachDB CCL v19.2.5 (x86_64-unknown-linux-gnu, built 2020/03/16 18:27:12, go1.12.12)
I200430 18:26:00.121946 36 util/log/clog.go:1196  [config] arguments: [/cockroach/cockroach start --insecure]
I200430 18:26:00.121946 36 util/log/clog.go:1196  line format: [IWEF]yymmdd hh:mm:ss.uuuuuu goid file:line msg utf8=✓
I200430 18:26:00.121945 36 storage/engine/rocksdb.go:120  RocksDB version: 6.2.1
I200430 18:26:00.212459 36 storage/engine/rocksdb.go:120  Git sha rocksdb_build_git_sha:@b7009236531fa784872f4823eabf393501e41bf2@
I200430 18:26:00.212483 36 storage/engine/rocksdb.go:120  Compile date Mar 16 2020
I200430 18:26:00.212494 36 storage/engine/rocksdb.go:120  DB SUMMARY
I200430 18:26:00.225551 36 storage/engine/rocksdb.go:120  SST files in /cockroach/cockroach-data/cockroach-temp004554697 dir, Total Num: 0, files: 
I200430 18:26:00.570197 36 storage/engine/rocksdb.go:120  Write Ahead Log file in /cockroach/cockroach-data/cockroach-temp004554697: 
I200430 18:26:00.570223 36 storage/engine/rocksdb.go:120                          Options.error_if_exists: 0
I200430 18:26:00.570450 36 storage/engine/rocksdb.go:120                        Options.create_if_missing: 1
I200430 18:26:00.570467 36 storage/engine/rocksdb.go:120                          Options.paranoid_checks: 1
I200430 18:26:00.570477 36 storage/engine/rocksdb.go:120                                      Options.env: 0x75757a0
I200430 18:26:00.570487 36 storage/engine/rocksdb.go:120                                 Options.info_log: 0x7fb6fa2190e0
I200430 18:26:00.570498 36 storage/engine/rocksdb.go:120                 Options.max_file_opening_threads: 16
I200430 18:26:00.570570 36 storage/engine/rocksdb.go:120                               Options.statistics: 0x7fb6fa229010
I200430 18:26:00.570597 36 storage/engine/rocksdb.go:120                                Options.use_fsync: 0
I200430 18:26:00.570610 36 storage/engine/rocksdb.go:120                        Options.max_log_file_size: 0
I200430 18:26:00.570621 36 storage/engine/rocksdb.go:120                   Options.max_manifest_file_size: 134217728
I200430 18:26:00.570629 36 storage/engine/rocksdb.go:120                    Options.log_file_time_to_roll: 0
I200430 18:26:00.570639 36 storage/engine/rocksdb.go:120                        Options.keep_log_file_num: 1000
I200430 18:26:00.570803 36 storage/engine/rocksdb.go:120                     Options.recycle_log_file_num: 1
I200430 18:26:00.570820 36 storage/engine/rocksdb.go:120                          Options.allow_fallocate: 1
I200430 18:26:00.571027 36 storage/engine/rocksdb.go:120                         Options.allow_mmap_reads: 0
I200430 18:26:00.571045 36 storage/engine/rocksdb.go:120                        Options.allow_mmap_writes: 0
I200430 18:26:00.571056 36 storage/engine/rocksdb.go:120                         Options.use_direct_reads: 0
I200430 18:26:00.571067 36 storage/engine/rocksdb.go:120                         Options.use_direct_io_for_flush_and_compaction: 0
I200430 18:26:00.571075 36 storage/engine/rocksdb.go:120           Options.create_missing_column_families: 0
I200430 18:26:00.571084 36 storage/engine/rocksdb.go:120                               Options.db_log_dir: 
I200430 18:26:00.571093 36 storage/engine/rocksdb.go:120                                  Options.wal_dir: /cockroach/cockroach-data/cockroach-temp004554697
I200430 18:26:00.571254 36 storage/engine/rocksdb.go:120                 Options.table_cache_numshardbits: 6
I200430 18:26:00.571626 36 storage/engine/rocksdb.go:120                       Options.max_subcompactions: 1
I200430 18:26:00.571645 36 storage/engine/rocksdb.go:120                   Options.max_background_flushes: -1
I200430 18:26:00.571657 36 storage/engine/rocksdb.go:120                          Options.WAL_ttl_seconds: 0
I200430 18:26:00.571668 36 storage/engine/rocksdb.go:120                        Options.WAL_size_limit_MB: 0
I200430 18:26:00.571678 36 storage/engine/rocksdb.go:120              Options.manifest_preallocation_size: 4194304
I200430 18:26:00.571687 36 storage/engine/rocksdb.go:120                      Options.is_fd_close_on_exec: 1
I200430 18:26:00.571697 36 storage/engine/rocksdb.go:120                    Options.advise_random_on_open: 1
I200430 18:26:00.571706 36 storage/engine/rocksdb.go:120                     Options.db_write_buffer_size: 0
I200430 18:26:00.571718 36 storage/engine/rocksdb.go:120                     Options.write_buffer_manager: 0x7fb6fa291030
I200430 18:26:00.571743 36 storage/engine/rocksdb.go:120          Options.access_hint_on_compaction_start: 1
I200430 18:26:00.574667 36 storage/engine/rocksdb.go:120   Options.new_table_reader_for_compaction_inputs: 0
I200430 18:26:00.574714 36 storage/engine/rocksdb.go:120            Options.random_access_max_buffer_size: 1048576
I200430 18:26:00.574726 36 storage/engine/rocksdb.go:120                       Options.use_adaptive_mutex: 0
I200430 18:26:00.574735 36 storage/engine/rocksdb.go:120                             Options.rate_limiter: (nil)
I200430 18:26:00.574745 36 storage/engine/rocksdb.go:120      Options.sst_file_manager.rate_bytes_per_sec: 0
I200430 18:26:00.574754 36 storage/engine/rocksdb.go:120                        Options.wal_recovery_mode: 0
I200430 18:26:00.574763 36 storage/engine/rocksdb.go:120                   Options.enable_thread_tracking: 0
I200430 18:26:00.574771 36 storage/engine/rocksdb.go:120                   Options.enable_pipelined_write: 0
I200430 18:26:00.574788 36 storage/engine/rocksdb.go:120          Options.allow_concurrent_memtable_write: 1
I200430 18:26:00.574798 36 storage/engine/rocksdb.go:120       Options.enable_write_thread_adaptive_yield: 1
I200430 18:26:00.574806 36 storage/engine/rocksdb.go:120              Options.write_thread_max_yield_usec: 100
I200430 18:26:00.574815 36 storage/engine/rocksdb.go:120             Options.write_thread_slow_yield_usec: 3
I200430 18:26:00.574824 36 storage/engine/rocksdb.go:120                                Options.row_cache: None
I200430 18:26:00.574833 36 storage/engine/rocksdb.go:120                               Options.wal_filter: None
I200430 18:26:00.574842 36 storage/engine/rocksdb.go:120              Options.avoid_flush_during_recovery: 0
I200430 18:26:00.574851 36 storage/engine/rocksdb.go:120              Options.allow_ingest_behind: 0
I200430 18:26:00.574862 36 storage/engine/rocksdb.go:120              Options.preserve_deletes: 0
I200430 18:26:00.574871 36 storage/engine/rocksdb.go:120              Options.two_write_queues: 0
I200430 18:26:00.574880 36 storage/engine/rocksdb.go:120              Options.manual_wal_flush: 1
I200430 18:26:00.574890 36 storage/engine/rocksdb.go:120              Options.atomic_flush: 0
I200430 18:26:00.574900 36 storage/engine/rocksdb.go:120              Options.avoid_unnecessary_blocking_io: 0
I200430 18:26:00.574910 36 storage/engine/rocksdb.go:120              Options.max_background_jobs: 2
I200430 18:26:00.574920 36 storage/engine/rocksdb.go:120              Options.max_background_compactions: -1
I200430 18:26:00.574930 36 storage/engine/rocksdb.go:120              Options.avoid_flush_during_shutdown: 0
I200430 18:26:00.574940 36 storage/engine/rocksdb.go:120            Options.writable_file_max_buffer_size: 1048576
I200430 18:26:00.574949 36 storage/engine/rocksdb.go:120              Options.delayed_write_rate : 16777216
I200430 18:26:00.574958 36 storage/engine/rocksdb.go:120              Options.max_total_wal_size: 0
I200430 18:26:00.574969 36 storage/engine/rocksdb.go:120              Options.delete_obsolete_files_period_micros: 21600000000
I200430 18:26:00.574977 36 storage/engine/rocksdb.go:120                    Options.stats_dump_period_sec: 0
I200430 18:26:00.574986 36 storage/engine/rocksdb.go:120                  Options.stats_persist_period_sec: 600
I200430 18:26:00.574995 36 storage/engine/rocksdb.go:120                  Options.stats_history_buffer_size: 1048576
I200430 18:26:00.575014 36 storage/engine/rocksdb.go:120                           Options.max_open_files: 128
I200430 18:26:00.575025 36 storage/engine/rocksdb.go:120                           Options.bytes_per_sync: 524288
I200430 18:26:00.575035 36 storage/engine/rocksdb.go:120                       Options.wal_bytes_per_sync: 0
I200430 18:26:00.575044 36 storage/engine/rocksdb.go:120                    Options.strict_bytes_per_sync: 1
I200430 18:26:00.575053 36 storage/engine/rocksdb.go:120        Options.compaction_readahead_size: 0
I200430 18:26:00.575062 36 storage/engine/rocksdb.go:120  Compression algorithms supported:
I200430 18:26:00.575083 36 storage/engine/rocksdb.go:120  	kZSTDNotFinalCompression supported: 0
I200430 18:26:00.575094 36 storage/engine/rocksdb.go:120  	kZSTD supported: 0
I200430 18:26:00.575103 36 storage/engine/rocksdb.go:120  	kXpressCompression supported: 0
I200430 18:26:00.575114 36 storage/engine/rocksdb.go:120  	kLZ4HCCompression supported: 0
I200430 18:26:00.575124 36 storage/engine/rocksdb.go:120  	kLZ4Compression supported: 0
I200430 18:26:00.575134 36 storage/engine/rocksdb.go:120  	kBZip2Compression supported: 0
I200430 18:26:00.575143 36 storage/engine/rocksdb.go:120  	kZlibCompression supported: 0
I200430 18:26:00.575153 36 storage/engine/rocksdb.go:120  	kSnappyCompression supported: 1
I200430 18:26:00.575186 36 storage/engine/rocksdb.go:120  Fast CRC32 supported: Supported on x86
I200430 18:26:00.623476 36 storage/engine/rocksdb.go:120  [db/db_impl_open.cc:242] Creating manifest 1 
I200430 18:26:00.851247 36 storage/engine/rocksdb.go:120  [db/version_set.cc:4072] Recovering from manifest file: /cockroach/cockroach-data/cockroach-temp004554697/MANIFEST-000001
I200430 18:26:00.906253 36 storage/engine/rocksdb.go:120  [db/column_family.cc:488] --------------- Options for column family [default]:
I200430 18:26:00.909518 36 storage/engine/rocksdb.go:120                Options.comparator: cockroach_comparator
I200430 18:26:00.909533 36 storage/engine/rocksdb.go:120            Options.merge_operator: cockroach_merge_operator
I200430 18:26:00.909543 36 storage/engine/rocksdb.go:120         Options.compaction_filter: None
I200430 18:26:00.909552 36 storage/engine/rocksdb.go:120         Options.compaction_filter_factory: None
I200430 18:26:00.909563 36 storage/engine/rocksdb.go:120          Options.memtable_factory: SkipListFactory
I200430 18:26:00.909572 36 storage/engine/rocksdb.go:120             Options.table_factory: BlockBasedTable
I200430 18:26:00.910699 36 storage/engine/rocksdb.go:120             table_factory options:   flush_block_policy_factory: FlushBlockBySizePolicyFactory (0x7fb6fa21d030)
  cache_index_and_filter_blocks: 0
  cache_index_and_filter_blocks_with_high_priority: 0
  pin_l0_filter_and_index_blocks_in_cache: 0
  pin_top_level_index_and_filter: 1
  index_type: 0
  data_block_index_type: 0
  index_shortening: 1
  data_block_hash_table_util_ratio: 0.750000
  hash_index_allow_collision: 1
  checksum: 1
  no_block_cache: 0
  block_cache: 0x7fb6fa20e010
  block_cache_name: LRUCache
  block_cache_options:
    capacity : 1048576
    num_shard_bits : 4
    strict_capacity_limit : 0
    memory_allocator : None
    high_pri_pool_ratio: 0.000
  block_cache_compressed: (nil)
  persistent_cache: (nil)
  block_size: 32768
  block_size_deviation: 10
  block_restart_interval: 16
  index_block_restart_interval: 1
  metadata_block_size: 4096
  partition_filters: 0
  use_delta_encoding: 1
  filter_policy: rocksdb.BuiltinBloomFilter
  whole_key_filtering: 0
  verify_compression: 0
  read_amp_bytes_per_bit: 0
  format_version: 2
  enable_index_compression: 1
  block_align: 0
I200430 18:26:00.911078 36 storage/engine/rocksdb.go:120         Options.write_buffer_size: 67108864
I200430 18:26:00.911088 36 storage/engine/rocksdb.go:120   Options.max_write_buffer_number: 4
I200430 18:26:00.911095 36 storage/engine/rocksdb.go:120           Options.compression: Snappy
I200430 18:26:00.911100 36 storage/engine/rocksdb.go:120                   Options.bottommost_compression: Disabled
I200430 18:26:00.911106 36 storage/engine/rocksdb.go:120        Options.prefix_extractor: cockroach_prefix_extractor
I200430 18:26:00.911111 36 storage/engine/rocksdb.go:120    Options.memtable_insert_with_hint_prefix_extractor: nullptr
I200430 18:26:00.911116 36 storage/engine/rocksdb.go:120              Options.num_levels: 7
I200430 18:26:00.911121 36 storage/engine/rocksdb.go:120         Options.min_write_buffer_number_to_merge: 1
I200430 18:26:00.911126 36 storage/engine/rocksdb.go:120      Options.max_write_buffer_number_to_maintain: 0
I200430 18:26:00.911132 36 storage/engine/rocksdb.go:120             Options.bottommost_compression_opts.window_bits: -14
I200430 18:26:00.911138 36 storage/engine/rocksdb.go:120                   Options.bottommost_compression_opts.level: 32767
I200430 18:26:00.911143 36 storage/engine/rocksdb.go:120                Options.bottommost_compression_opts.strategy: 0
I200430 18:26:00.911180 36 storage/engine/rocksdb.go:120          Options.bottommost_compression_opts.max_dict_bytes: 0
I200430 18:26:00.911186 36 storage/engine/rocksdb.go:120          Options.bottommost_compression_opts.zstd_max_train_bytes: 0
I200430 18:26:00.911191 36 storage/engine/rocksdb.go:120                   Options.bottommost_compression_opts.enabled: false
I200430 18:26:00.911197 36 storage/engine/rocksdb.go:120             Options.compression_opts.window_bits: -14
I200430 18:26:00.911202 36 storage/engine/rocksdb.go:120                   Options.compression_opts.level: 32767
I200430 18:26:00.911207 36 storage/engine/rocksdb.go:120                Options.compression_opts.strategy: 0
I200430 18:26:00.911212 36 storage/engine/rocksdb.go:120          Options.compression_opts.max_dict_bytes: 0
I200430 18:26:00.911218 36 storage/engine/rocksdb.go:120          Options.compression_opts.zstd_max_train_bytes: 0
I200430 18:26:00.911223 36 storage/engine/rocksdb.go:120                   Options.compression_opts.enabled: false
I200430 18:26:00.911234 36 storage/engine/rocksdb.go:120       Options.level0_file_num_compaction_trigger: 2
I200430 18:26:00.911240 36 storage/engine/rocksdb.go:120           Options.level0_slowdown_writes_trigger: 950
I200430 18:26:00.911245 36 storage/engine/rocksdb.go:120               Options.level0_stop_writes_trigger: 1000
I200430 18:26:00.911251 36 storage/engine/rocksdb.go:120                    Options.target_file_size_base: 4194304
I200430 18:26:00.911256 36 storage/engine/rocksdb.go:120              Options.target_file_size_multiplier: 2
I200430 18:26:00.911261 36 storage/engine/rocksdb.go:120                 Options.max_bytes_for_level_base: 67108864
I200430 18:26:00.911266 36 storage/engine/rocksdb.go:120  Options.level_compaction_dynamic_level_bytes: 1
I200430 18:26:00.911274 36 storage/engine/rocksdb.go:120           Options.max_bytes_for_level_multiplier: 10.000000
I200430 18:26:00.911279 36 storage/engine/rocksdb.go:120  Options.max_bytes_for_level_multiplier_addtl[0]: 1
I200430 18:26:00.911284 36 storage/engine/rocksdb.go:120  Options.max_bytes_for_level_multiplier_addtl[1]: 1
I200430 18:26:00.911289 36 storage/engine/rocksdb.go:120  Options.max_bytes_for_level_multiplier_addtl[2]: 1
I200430 18:26:00.911294 36 storage/engine/rocksdb.go:120  Options.max_bytes_for_level_multiplier_addtl[3]: 1
I200430 18:26:00.911299 36 storage/engine/rocksdb.go:120  Options.max_bytes_for_level_multiplier_addtl[4]: 1
I200430 18:26:00.911305 36 storage/engine/rocksdb.go:120  Options.max_bytes_for_level_multiplier_addtl[5]: 1
I200430 18:26:00.911310 36 storage/engine/rocksdb.go:120  Options.max_bytes_for_level_multiplier_addtl[6]: 1
I200430 18:26:00.911315 36 storage/engine/rocksdb.go:120        Options.max_sequential_skip_in_iterations: 8
I200430 18:26:00.911320 36 storage/engine/rocksdb.go:120                     Options.max_compaction_bytes: 104857600
I200430 18:26:00.911325 36 storage/engine/rocksdb.go:120                         Options.arena_block_size: 8388608
I200430 18:26:00.911330 36 storage/engine/rocksdb.go:120    Options.soft_pending_compaction_bytes_limit: 2199023255552
I200430 18:26:00.911335 36 storage/engine/rocksdb.go:120    Options.hard_pending_compaction_bytes_limit: 4400193994752
I200430 18:26:00.911340 36 storage/engine/rocksdb.go:120        Options.rate_limit_delay_max_milliseconds: 100
I200430 18:26:00.911345 36 storage/engine/rocksdb.go:120                 Options.disable_auto_compactions: 0
I200430 18:26:00.911353 36 storage/engine/rocksdb.go:120                         Options.compaction_style: kCompactionStyleLevel
I200430 18:26:00.911359 36 storage/engine/rocksdb.go:120                           Options.compaction_pri: kMinOverlappingRatio
I200430 18:26:00.911364 36 storage/engine/rocksdb.go:120  Options.compaction_options_universal.size_ratio: 1
I200430 18:26:00.911369 36 storage/engine/rocksdb.go:120  Options.compaction_options_universal.min_merge_width: 2
I200430 18:26:00.911374 36 storage/engine/rocksdb.go:120  Options.compaction_options_universal.max_merge_width: 4294967295
I200430 18:26:00.911379 36 storage/engine/rocksdb.go:120  Options.compaction_options_universal.max_size_amplification_percent: 200
I200430 18:26:00.911384 36 storage/engine/rocksdb.go:120  Options.compaction_options_universal.compression_size_percent: -1
I200430 18:26:00.911390 36 storage/engine/rocksdb.go:120  Options.compaction_options_universal.stop_style: kCompactionStopStyleTotalSize
I200430 18:26:00.911396 36 storage/engine/rocksdb.go:120  Options.compaction_options_fifo.max_table_files_size: 1073741824
I200430 18:26:00.911401 36 storage/engine/rocksdb.go:120  Options.compaction_options_fifo.allow_compaction: 0
I200430 18:26:00.911410 36 storage/engine/rocksdb.go:120                    Options.table_properties_collectors: TimeBoundTblPropCollectorFactory; DeleteRangeTblPropCollectorFactory; 
I200430 18:26:00.911417 36 storage/engine/rocksdb.go:120                    Options.inplace_update_support: 0
I200430 18:26:00.911422 36 storage/engine/rocksdb.go:120                  Options.inplace_update_num_locks: 10000
I200430 18:26:00.911429 36 storage/engine/rocksdb.go:120                Options.memtable_prefix_bloom_size_ratio: 0.000000
I200430 18:26:00.911434 36 storage/engine/rocksdb.go:120                Options.memtable_whole_key_filtering: 0
I200430 18:26:00.911439 36 storage/engine/rocksdb.go:120    Options.memtable_huge_page_size: 0
I200430 18:26:00.911444 36 storage/engine/rocksdb.go:120                            Options.bloom_locality: 0
I200430 18:26:00.911450 36 storage/engine/rocksdb.go:120                     Options.max_successive_merges: 0
I200430 18:26:00.911455 36 storage/engine/rocksdb.go:120                 Options.optimize_filters_for_hits: 1
I200430 18:26:00.911460 36 storage/engine/rocksdb.go:120                 Options.paranoid_file_checks: 0
I200430 18:26:00.911465 36 storage/engine/rocksdb.go:120                 Options.force_consistency_checks: 0
I200430 18:26:00.911469 36 storage/engine/rocksdb.go:120                 Options.report_bg_io_stats: 0
I200430 18:26:00.911474 36 storage/engine/rocksdb.go:120                                Options.ttl: 0
I200430 18:26:00.911479 36 storage/engine/rocksdb.go:120           Options.periodic_compaction_seconds: 0
I200430 18:26:01.042217 36 storage/engine/rocksdb.go:120  [db/version_set.cc:4286] Recovered from manifest file:/cockroach/cockroach-data/cockroach-temp004554697/MANIFEST-000001 succeeded,manifest_file_number is 1, next_file_number is 3, last_sequence is 0, log_number is 0,prev_log_number is 0,max_column_family is 0,min_log_number_to_keep is 0
I200430 18:26:01.042278 36 storage/engine/rocksdb.go:120  [db/version_set.cc:4295] Column family [default] (ID 0), log number is 0
I200430 18:26:01.265937 36 storage/engine/rocksdb.go:120  DB pointer 0x7fb6fa299000
I200430 18:26:01.781928 36 storage/engine/rocksdb.go:120  RocksDB version: 6.2.1
I200430 18:26:01.781951 36 storage/engine/rocksdb.go:120  Git sha rocksdb_build_git_sha:@b7009236531fa784872f4823eabf393501e41bf2@
I200430 18:26:01.782049 36 storage/engine/rocksdb.go:120  Compile date Mar 16 2020
I200430 18:26:01.782065 36 storage/engine/rocksdb.go:120  DB SUMMARY
I200430 18:26:01.846723 36 storage/engine/rocksdb.go:120  CURRENT file:  CURRENT
I200430 18:26:01.846849 36 storage/engine/rocksdb.go:120  IDENTITY file:  IDENTITY
I200430 18:26:01.867732 36 storage/engine/rocksdb.go:120  MANIFEST file:  MANIFEST-000399 size: 174 Bytes
I200430 18:26:01.867778 36 storage/engine/rocksdb.go:120  SST files in /cockroach/cockroach-data dir, Total Num: 2, files: 000396.sst 000398.sst 
I200430 18:26:01.867794 36 storage/engine/rocksdb.go:120  Write Ahead Log file in /cockroach/cockroach-data: 000400.log size: 8334054 ; 
I200430 18:26:01.867932 36 storage/engine/rocksdb.go:120                          Options.error_if_exists: 0
I200430 18:26:01.867947 36 storage/engine/rocksdb.go:120                        Options.create_if_missing: 1
I200430 18:26:01.867960 36 storage/engine/rocksdb.go:120                          Options.paranoid_checks: 1
I200430 18:26:01.867972 36 storage/engine/rocksdb.go:120                                      Options.env: 0x75757a0
I200430 18:26:01.867984 36 storage/engine/rocksdb.go:120                                 Options.info_log: 0x7fb6fa219260
I200430 18:26:01.929657 36 storage/engine/rocksdb.go:120                 Options.max_file_opening_threads: 16
I200430 18:26:01.929786 36 storage/engine/rocksdb.go:120                               Options.statistics: 0x7fb6fa229080
I200430 18:26:01.929802 36 storage/engine/rocksdb.go:120                                Options.use_fsync: 0
I200430 18:26:01.929809 36 storage/engine/rocksdb.go:120                        Options.max_log_file_size: 0
I200430 18:26:01.929814 36 storage/engine/rocksdb.go:120                   Options.max_manifest_file_size: 134217728
I200430 18:26:01.929819 36 storage/engine/rocksdb.go:120                    Options.log_file_time_to_roll: 0
I200430 18:26:01.929825 36 storage/engine/rocksdb.go:120                        Options.keep_log_file_num: 1000
I200430 18:26:01.929830 36 storage/engine/rocksdb.go:120                     Options.recycle_log_file_num: 1
I200430 18:26:01.929838 36 storage/engine/rocksdb.go:120                          Options.allow_fallocate: 1
I200430 18:26:01.929843 36 storage/engine/rocksdb.go:120                         Options.allow_mmap_reads: 0
I200430 18:26:01.929848 36 storage/engine/rocksdb.go:120                        Options.allow_mmap_writes: 0
I200430 18:26:01.929856 36 storage/engine/rocksdb.go:120                         Options.use_direct_reads: 0
I200430 18:26:01.929939 36 storage/engine/rocksdb.go:120                         Options.use_direct_io_for_flush_and_compaction: 0
I200430 18:26:01.929952 36 storage/engine/rocksdb.go:120           Options.create_missing_column_families: 0
I200430 18:26:01.929960 36 storage/engine/rocksdb.go:120                               Options.db_log_dir: 
I200430 18:26:01.929966 36 storage/engine/rocksdb.go:120                                  Options.wal_dir: /cockroach/cockroach-data
I200430 18:26:01.929971 36 storage/engine/rocksdb.go:120                 Options.table_cache_numshardbits: 6
I200430 18:26:01.929976 36 storage/engine/rocksdb.go:120                       Options.max_subcompactions: 1
I200430 18:26:01.929981 36 storage/engine/rocksdb.go:120                   Options.max_background_flushes: -1
I200430 18:26:01.929987 36 storage/engine/rocksdb.go:120                          Options.WAL_ttl_seconds: 0
I200430 18:26:01.929992 36 storage/engine/rocksdb.go:120                        Options.WAL_size_limit_MB: 0
I200430 18:26:01.929997 36 storage/engine/rocksdb.go:120              Options.manifest_preallocation_size: 4194304
I200430 18:26:01.930003 36 storage/engine/rocksdb.go:120                      Options.is_fd_close_on_exec: 1
I200430 18:26:01.930013 36 storage/engine/rocksdb.go:120                    Options.advise_random_on_open: 1
I200430 18:26:01.930107 36 storage/engine/rocksdb.go:120                     Options.db_write_buffer_size: 0
I200430 18:26:01.930120 36 storage/engine/rocksdb.go:120                     Options.write_buffer_manager: 0x7fb6fa291540
I200430 18:26:01.930129 36 storage/engine/rocksdb.go:120          Options.access_hint_on_compaction_start: 1
I200430 18:26:01.930138 36 storage/engine/rocksdb.go:120   Options.new_table_reader_for_compaction_inputs: 0
I200430 18:26:01.930147 36 storage/engine/rocksdb.go:120            Options.random_access_max_buffer_size: 1048576
I200430 18:26:01.930156 36 storage/engine/rocksdb.go:120                       Options.use_adaptive_mutex: 0
I200430 18:26:01.930166 36 storage/engine/rocksdb.go:120                             Options.rate_limiter: (nil)
I200430 18:26:01.930786 36 storage/engine/rocksdb.go:120      Options.sst_file_manager.rate_bytes_per_sec: 0
I200430 18:26:01.930806 36 storage/engine/rocksdb.go:120                        Options.wal_recovery_mode: 0
I200430 18:26:01.930962 36 storage/engine/rocksdb.go:120                   Options.enable_thread_tracking: 0
I200430 18:26:01.930978 36 storage/engine/rocksdb.go:120                   Options.enable_pipelined_write: 0
I200430 18:26:01.930984 36 storage/engine/rocksdb.go:120          Options.allow_concurrent_memtable_write: 1
I200430 18:26:01.930992 36 storage/engine/rocksdb.go:120       Options.enable_write_thread_adaptive_yield: 1
I200430 18:26:01.930997 36 storage/engine/rocksdb.go:120              Options.write_thread_max_yield_usec: 100
I200430 18:26:01.960746 36 storage/engine/rocksdb.go:120             Options.write_thread_slow_yield_usec: 3
I200430 18:26:01.960810 36 storage/engine/rocksdb.go:120                                Options.row_cache: None
I200430 18:26:01.960903 36 storage/engine/rocksdb.go:120                               Options.wal_filter: None
I200430 18:26:01.963890 36 storage/engine/rocksdb.go:120              Options.avoid_flush_during_recovery: 0
I200430 18:26:01.963916 36 storage/engine/rocksdb.go:120              Options.allow_ingest_behind: 0
I200430 18:26:01.963924 36 storage/engine/rocksdb.go:120              Options.preserve_deletes: 0
I200430 18:26:01.963930 36 storage/engine/rocksdb.go:120              Options.two_write_queues: 0
I200430 18:26:01.963935 36 storage/engine/rocksdb.go:120              Options.manual_wal_flush: 1
I200430 18:26:01.963940 36 storage/engine/rocksdb.go:120              Options.atomic_flush: 0
I200430 18:26:01.963971 36 storage/engine/rocksdb.go:120              Options.avoid_unnecessary_blocking_io: 0
I200430 18:26:01.964175 36 storage/engine/rocksdb.go:120              Options.max_background_jobs: 2
I200430 18:26:01.964264 36 storage/engine/rocksdb.go:120              Options.max_background_compactions: -1
I200430 18:26:01.964275 36 storage/engine/rocksdb.go:120              Options.avoid_flush_during_shutdown: 0
I200430 18:26:01.964281 36 storage/engine/rocksdb.go:120            Options.writable_file_max_buffer_size: 1048576
I200430 18:26:01.964286 36 storage/engine/rocksdb.go:120              Options.delayed_write_rate : 16777216
I200430 18:26:01.964292 36 storage/engine/rocksdb.go:120              Options.max_total_wal_size: 0
I200430 18:26:01.964297 36 storage/engine/rocksdb.go:120              Options.delete_obsolete_files_period_micros: 21600000000
I200430 18:26:01.964304 36 storage/engine/rocksdb.go:120                    Options.stats_dump_period_sec: 0
I200430 18:26:01.964309 36 storage/engine/rocksdb.go:120                  Options.stats_persist_period_sec: 600
I200430 18:26:01.964314 36 storage/engine/rocksdb.go:120                  Options.stats_history_buffer_size: 1048576
I200430 18:26:01.964320 36 storage/engine/rocksdb.go:120                           Options.max_open_files: 1043576
I200430 18:26:01.964325 36 storage/engine/rocksdb.go:120                           Options.bytes_per_sync: 524288
I200430 18:26:01.964330 36 storage/engine/rocksdb.go:120                       Options.wal_bytes_per_sync: 0
I200430 18:26:01.964335 36 storage/engine/rocksdb.go:120                    Options.strict_bytes_per_sync: 1
I200430 18:26:01.964340 36 storage/engine/rocksdb.go:120        Options.compaction_readahead_size: 0
I200430 18:26:01.964347 36 storage/engine/rocksdb.go:120  Compression algorithms supported:
I200430 18:26:01.964417 36 storage/engine/rocksdb.go:120  	kZSTDNotFinalCompression supported: 0
I200430 18:26:01.964424 36 storage/engine/rocksdb.go:120  	kZSTD supported: 0
I200430 18:26:01.964429 36 storage/engine/rocksdb.go:120  	kXpressCompression supported: 0
I200430 18:26:01.964435 36 storage/engine/rocksdb.go:120  	kLZ4HCCompression supported: 0
I200430 18:26:01.964441 36 storage/engine/rocksdb.go:120  	kLZ4Compression supported: 0
I200430 18:26:01.964446 36 storage/engine/rocksdb.go:120  	kBZip2Compression supported: 0
I200430 18:26:01.964451 36 storage/engine/rocksdb.go:120  	kZlibCompression supported: 0
I200430 18:26:01.964457 36 storage/engine/rocksdb.go:120  	kSnappyCompression supported: 1
I200430 18:26:01.964478 36 storage/engine/rocksdb.go:120  Fast CRC32 supported: Supported on x86
I200430 18:26:02.017805 36 storage/engine/rocksdb.go:120  [db/version_set.cc:4072] Recovering from manifest file: /cockroach/cockroach-data/MANIFEST-000399
I200430 18:26:02.021382 36 storage/engine/rocksdb.go:120  [db/column_family.cc:488] --------------- Options for column family [default]:
I200430 18:26:02.021400 36 storage/engine/rocksdb.go:120                Options.comparator: cockroach_comparator
I200430 18:26:02.021406 36 storage/engine/rocksdb.go:120            Options.merge_operator: cockroach_merge_operator
I200430 18:26:02.021412 36 storage/engine/rocksdb.go:120         Options.compaction_filter: None
I200430 18:26:02.021419 36 storage/engine/rocksdb.go:120         Options.compaction_filter_factory: None
I200430 18:26:02.021429 36 storage/engine/rocksdb.go:120          Options.memtable_factory: SkipListFactory
I200430 18:26:02.021500 36 storage/engine/rocksdb.go:120             Options.table_factory: BlockBasedTable
I200430 18:26:02.021561 36 storage/engine/rocksdb.go:120             table_factory options:   flush_block_policy_factory: FlushBlockBySizePolicyFactory (0x7fb6fa21d090)
  cache_index_and_filter_blocks: 0
  cache_index_and_filter_blocks_with_high_priority: 0
  pin_l0_filter_and_index_blocks_in_cache: 0
  pin_top_level_index_and_filter: 1
  index_type: 0
  data_block_index_type: 0
  index_shortening: 1
  data_block_hash_table_util_ratio: 0.750000
  hash_index_allow_collision: 1
  checksum: 1
  no_block_cache: 0
  block_cache: 0x7fb6fa2b2210
  block_cache_name: LRUCache
  block_cache_options:
    capacity : 67108864
    num_shard_bits : 4
    strict_capacity_limit : 0
    memory_allocator : None
    high_pri_pool_ratio: 0.000
  block_cache_compressed: (nil)
  persistent_cache: (nil)
  block_size: 32768
  block_size_deviation: 10
  block_restart_interval: 16
  index_block_restart_interval: 1
  metadata_block_size: 4096
  partition_filters: 0
  use_delta_encoding: 1
  filter_policy: rocksdb.BuiltinBloomFilter
  whole_key_filtering: 0
  verify_compression: 0
  read_amp_bytes_per_bit: 0
  format_version: 2
  enable_index_compression: 1
  block_align: 0
I200430 18:26:02.021574 36 storage/engine/rocksdb.go:120         Options.write_buffer_size: 67108864
I200430 18:26:02.021642 36 storage/engine/rocksdb.go:120   Options.max_write_buffer_number: 4
I200430 18:26:02.021651 36 storage/engine/rocksdb.go:120           Options.compression: Snappy
I200430 18:26:02.021657 36 storage/engine/rocksdb.go:120                   Options.bottommost_compression: Disabled
I200430 18:26:02.021663 36 storage/engine/rocksdb.go:120        Options.prefix_extractor: cockroach_prefix_extractor
I200430 18:26:02.021668 36 storage/engine/rocksdb.go:120    Options.memtable_insert_with_hint_prefix_extractor: nullptr
I200430 18:26:02.021674 36 storage/engine/rocksdb.go:120              Options.num_levels: 7
I200430 18:26:02.021679 36 storage/engine/rocksdb.go:120         Options.min_write_buffer_number_to_merge: 1
I200430 18:26:02.021684 36 storage/engine/rocksdb.go:120      Options.max_write_buffer_number_to_maintain: 0
I200430 18:26:02.021702 36 storage/engine/rocksdb.go:120             Options.bottommost_compression_opts.window_bits: -14
I200430 18:26:02.021835 36 storage/engine/rocksdb.go:120                   Options.bottommost_compression_opts.level: 32767
I200430 18:26:02.021849 36 storage/engine/rocksdb.go:120                Options.bottommost_compression_opts.strategy: 0
I200430 18:26:02.021854 36 storage/engine/rocksdb.go:120          Options.bottommost_compression_opts.max_dict_bytes: 0
I200430 18:26:02.021860 36 storage/engine/rocksdb.go:120          Options.bottommost_compression_opts.zstd_max_train_bytes: 0
I200430 18:26:02.021865 36 storage/engine/rocksdb.go:120                   Options.bottommost_compression_opts.enabled: false
I200430 18:26:02.021870 36 storage/engine/rocksdb.go:120             Options.compression_opts.window_bits: -14
I200430 18:26:02.021875 36 storage/engine/rocksdb.go:120                   Options.compression_opts.level: 32767
I200430 18:26:02.021880 36 storage/engine/rocksdb.go:120                Options.compression_opts.strategy: 0
I200430 18:26:02.021886 36 storage/engine/rocksdb.go:120          Options.compression_opts.max_dict_bytes: 0
I200430 18:26:02.021981 36 storage/engine/rocksdb.go:120          Options.compression_opts.zstd_max_train_bytes: 0
I200430 18:26:02.021992 36 storage/engine/rocksdb.go:120                   Options.compression_opts.enabled: false
I200430 18:26:02.021998 36 storage/engine/rocksdb.go:120       Options.level0_file_num_compaction_trigger: 2
I200430 18:26:02.022003 36 storage/engine/rocksdb.go:120           Options.level0_slowdown_writes_trigger: 950
I200430 18:26:02.022010 36 storage/engine/rocksdb.go:120               Options.level0_stop_writes_trigger: 1000
I200430 18:26:02.022015 36 storage/engine/rocksdb.go:120                    Options.target_file_size_base: 4194304
I200430 18:26:02.022020 36 storage/engine/rocksdb.go:120              Options.target_file_size_multiplier: 2
I200430 18:26:02.022031 36 storage/engine/rocksdb.go:120                 Options.max_bytes_for_level_base: 67108864
I200430 18:26:02.022037 36 storage/engine/rocksdb.go:120  Options.level_compaction_dynamic_level_bytes: 1
I200430 18:26:02.022044 36 storage/engine/rocksdb.go:120           Options.max_bytes_for_level_multiplier: 10.000000
I200430 18:26:02.022050 36 storage/engine/rocksdb.go:120  Options.max_bytes_for_level_multiplier_addtl[0]: 1
I200430 18:26:02.022055 36 storage/engine/rocksdb.go:120  Options.max_bytes_for_level_multiplier_addtl[1]: 1
I200430 18:26:02.022060 36 storage/engine/rocksdb.go:120  Options.max_bytes_for_level_multiplier_addtl[2]: 1
I200430 18:26:02.022065 36 storage/engine/rocksdb.go:120  Options.max_bytes_for_level_multiplier_addtl[3]: 1
I200430 18:26:02.022210 36 storage/engine/rocksdb.go:120  Options.max_bytes_for_level_multiplier_addtl[4]: 1
I200430 18:26:02.022218 36 storage/engine/rocksdb.go:120  Options.max_bytes_for_level_multiplier_addtl[5]: 1
I200430 18:26:02.022223 36 storage/engine/rocksdb.go:120  Options.max_bytes_for_level_multiplier_addtl[6]: 1
I200430 18:26:02.022228 36 storage/engine/rocksdb.go:120        Options.max_sequential_skip_in_iterations: 8
I200430 18:26:02.022234 36 storage/engine/rocksdb.go:120                     Options.max_compaction_bytes: 104857600
I200430 18:26:02.022239 36 storage/engine/rocksdb.go:120                         Options.arena_block_size: 8388608
I200430 18:26:02.022244 36 storage/engine/rocksdb.go:120    Options.soft_pending_compaction_bytes_limit: 2199023255552
I200430 18:26:02.022250 36 storage/engine/rocksdb.go:120    Options.hard_pending_compaction_bytes_limit: 4400193994752
I200430 18:26:02.022255 36 storage/engine/rocksdb.go:120        Options.rate_limit_delay_max_milliseconds: 100
I200430 18:26:02.022370 36 storage/engine/rocksdb.go:120                 Options.disable_auto_compactions: 0
I200430 18:26:02.022384 36 storage/engine/rocksdb.go:120                         Options.compaction_style: kCompactionStyleLevel
I200430 18:26:02.022391 36 storage/engine/rocksdb.go:120                           Options.compaction_pri: kMinOverlappingRatio
I200430 18:26:02.022404 36 storage/engine/rocksdb.go:120  Options.compaction_options_universal.size_ratio: 1
I200430 18:26:02.022411 36 storage/engine/rocksdb.go:120  Options.compaction_options_universal.min_merge_width: 2
I200430 18:26:02.022421 36 storage/engine/rocksdb.go:120  Options.compaction_options_universal.max_merge_width: 4294967295
I200430 18:26:02.022498 36 storage/engine/rocksdb.go:120  Options.compaction_options_universal.max_size_amplification_percent: 200
I200430 18:26:02.022507 36 storage/engine/rocksdb.go:120  Options.compaction_options_universal.compression_size_percent: -1
I200430 18:26:02.022514 36 storage/engine/rocksdb.go:120  Options.compaction_options_universal.stop_style: kCompactionStopStyleTotalSize
I200430 18:26:02.022520 36 storage/engine/rocksdb.go:120  Options.compaction_options_fifo.max_table_files_size: 1073741824
I200430 18:26:02.022525 36 storage/engine/rocksdb.go:120  Options.compaction_options_fifo.allow_compaction: 0
I200430 18:26:02.022534 36 storage/engine/rocksdb.go:120                    Options.table_properties_collectors: TimeBoundTblPropCollectorFactory; DeleteRangeTblPropCollectorFactory; 
I200430 18:26:02.022542 36 storage/engine/rocksdb.go:120                    Options.inplace_update_support: 0
I200430 18:26:02.022547 36 storage/engine/rocksdb.go:120                  Options.inplace_update_num_locks: 10000
I200430 18:26:02.022554 36 storage/engine/rocksdb.go:120                Options.memtable_prefix_bloom_size_ratio: 0.000000
I200430 18:26:02.022564 36 storage/engine/rocksdb.go:120                Options.memtable_whole_key_filtering: 0
I200430 18:26:02.022639 36 storage/engine/rocksdb.go:120    Options.memtable_huge_page_size: 0
I200430 18:26:02.022650 36 storage/engine/rocksdb.go:120                            Options.bloom_locality: 0
I200430 18:26:02.022656 36 storage/engine/rocksdb.go:120                     Options.max_successive_merges: 0
I200430 18:26:02.022662 36 storage/engine/rocksdb.go:120                 Options.optimize_filters_for_hits: 1
I200430 18:26:02.022667 36 storage/engine/rocksdb.go:120                 Options.paranoid_file_checks: 0
I200430 18:26:02.022672 36 storage/engine/rocksdb.go:120                 Options.force_consistency_checks: 0
I200430 18:26:02.022677 36 storage/engine/rocksdb.go:120                 Options.report_bg_io_stats: 0
I200430 18:26:02.022682 36 storage/engine/rocksdb.go:120                                Options.ttl: 0
I200430 18:26:02.022687 36 storage/engine/rocksdb.go:120           Options.periodic_compaction_seconds: 0
I200430 18:26:02.123645 36 storage/engine/rocksdb.go:120  [db/version_set.cc:3086] More existing levels in DB than needed. max_bytes_for_level_multiplier may not be guaranteed.
I200430 18:26:02.123689 36 storage/engine/rocksdb.go:120  [db/version_set.cc:4286] Recovered from manifest file:/cockroach/cockroach-data/MANIFEST-000399 succeeded,manifest_file_number is 399, next_file_number is 401, last_sequence is 18952311, log_number is 394,prev_log_number is 0,max_column_family is 0,min_log_number_to_keep is 0
I200430 18:26:02.123788 36 storage/engine/rocksdb.go:120  [db/version_set.cc:4295] Column family [default] (ID 0), log number is 394
I200430 18:26:02.134154 36 storage/engine/rocksdb.go:120  EVENT_LOG_v1 {"time_micros": 1588271162134017, "job": 1, "event": "recovery_started", "log_files": [400]}
I200430 18:26:02.134184 36 storage/engine/rocksdb.go:120  [db/db_impl_open.cc:598] Recovering log #400 mode 0
I200430 18:26:05.050154 36 storage/engine/rocksdb.go:120  EVENT_LOG_v1 {"time_micros": 1588271165046555, "cf_name": "default", "job": 1, "event": "table_file_creation", "file_number": 401, "file_size": 133428, "table_properties": {"data_size": 129139, "index_size": 1003, "index_partitions": 0, "top_level_index_size": 0, "index_key_is_user_key": 0, "index_value_is_delta_encoded": 0, "filter_size": 2629, "raw_key_size": 75011, "raw_average_key_size": 34, "raw_value_size": 627912, "raw_average_value_size": 292, "num_data_blocks": 18, "num_entries": 2150, "num_deletions": 986, "num_merge_operands": 664, "num_range_deletions": 664, "format_version": 0, "fixed_key_len": 0, "filter_policy": "rocksdb.BuiltinBloomFilter", "column_family_name": "default", "column_family_id": 0, "comparator": "cockroach_comparator", "merge_operator": "cockroach_merge_operator", "prefix_extractor_name": "cockroach_prefix_extractor", "property_collectors": "[TimeBoundTblPropCollectorFactory,DeleteRangeTblPropCollectorFactory]", "compression": "Snappy", "compression_options": "window_bits=-14; level=32767; strategy=0; max_dict_bytes=0; zstd_max_train_bytes=0; enabled=0; ", "creation_time": 1588271163, "oldest_key_time": 3, "file_creation_time": 0}}
I200430 18:26:05.173733 36 storage/engine/rocksdb.go:120  [db/version_set.cc:3560] Creating manifest 402
I200430 18:26:05.240463 36 storage/engine/rocksdb.go:120  [db/version_set.cc:3086] More existing levels in DB than needed. max_bytes_for_level_multiplier may not be guaranteed.
I200430 18:26:05.263734 36 storage/engine/rocksdb.go:120  EVENT_LOG_v1 {"time_micros": 1588271165263614, "job": 1, "event": "recovery_finished"}
I200430 18:26:05.374698 17 storage/engine/rocksdb.go:120  [db/compaction_job.cc:1647] [default] [JOB 3] Compacting 2@0 + 1@6 files to L6, score 1.00
I200430 18:26:05.374754 17 storage/engine/rocksdb.go:120  [db/compaction_job.cc:1651] [default] Compaction start summary: Base version 2 Base level 0, inputs: [401(130KB) 398(120KB)], [396(2949KB)]
I200430 18:26:05.374867 17 storage/engine/rocksdb.go:120  EVENT_LOG_v1 {"time_micros": 1588271165374801, "job": 3, "event": "compaction_started", "compaction_reason": "LevelL0FilesNum", "files_L0": [401, 398], "files_L6": [396], "score": 1, "input_data_size": 3277282}
I200430 18:26:05.385606 36 storage/engine/rocksdb.go:120  DB pointer 0x7fb6fa32d000
I200430 18:26:09.813533 17 storage/engine/rocksdb.go:120  [db/compaction_job.cc:1334] [default] [JOB 3] Generated table #406: 14496 keys, 3157903 bytes
I200430 18:26:09.813661 17 storage/engine/rocksdb.go:120  EVENT_LOG_v1 {"time_micros": 1588271169813585, "cf_name": "default", "job": 3, "event": "table_file_creation", "file_number": 406, "file_size": 3157903, "table_properties": {"data_size": 3144362, "index_size": 40046, "index_partitions": 0, "top_level_index_size": 0, "index_key_is_user_key": 0, "index_value_is_delta_encoded": 0, "filter_size": 0, "raw_key_size": 731305, "raw_average_key_size": 50, "raw_value_size": 18458269, "raw_average_value_size": 1273, "num_data_blocks": 587, "num_entries": 14496, "num_deletions": 0, "num_merge_operands": 0, "num_range_deletions": 0, "format_version": 0, "fixed_key_len": 0, "filter_policy": "rocksdb.BuiltinBloomFilter", "column_family_name": "default", "column_family_id": 0, "comparator": "cockroach_comparator", "merge_operator": "cockroach_merge_operator", "prefix_extractor_name": "cockroach_prefix_extractor", "property_collectors": "[TimeBoundTblPropCollectorFactory,DeleteRangeTblPropCollectorFactory]", "compression": "Snappy", "compression_options": "window_bits=-14; level=32767; strategy=0; max_dict_bytes=0; zstd_max_train_bytes=0; enabled=0; ", "creation_time": 1588271163, "oldest_key_time": 0, "file_creation_time": 1588271165}}
I200430 18:26:09.827712 17 storage/engine/rocksdb.go:120  [db/compaction_job.cc:1397] [default] [JOB 3] Compacted 2@0 + 1@6 files to L6 => 3157903 bytes
I200430 18:26:09.828081 17 storage/engine/rocksdb.go:120  [db/version_set.cc:3086] More existing levels in DB than needed. max_bytes_for_level_multiplier may not be guaranteed.
I200430 18:26:09.831845 17 storage/engine/rocksdb.go:120  (Original Log Time 2020/04/30-18:26:09.831461) [db/compaction_job.cc:770] [default] compacted to: base level 6 level multiplier 10.00 max bytes base 67108864 files[0 0 0 0 0 0 1] max score 0.00, MB/sec: 0.7 rd, 0.7 wr, level 6, files in(2, 1) out(1) MB in(0.2, 2.9) out(3.0), read-write-amplify(25.0) write-amplify(12.3) OK, records in: 18273, records dropped: 2449 output_compression: Snappy
I200430 18:26:09.831899 17 storage/engine/rocksdb.go:120  (Original Log Time 2020/04/30-18:26:09.831529) EVENT_LOG_v1 {"time_micros": 1588271169831490, "job": 3, "event": "compaction_finished", "compaction_time_micros": 4443841, "compaction_time_cpu_micros": 218091, "output_level": 6, "num_output_files": 1, "total_output_size": 3157903, "num_input_records": 16945, "num_output_records": 14496, "num_subcompactions": 1, "output_compression": "Snappy", "num_single_delete_mismatches": 0, "num_single_delete_fallthrough": 0, "lsm_state": [0, 0, 0, 0, 0, 0, 1]}
I200430 18:26:09.837650 17 storage/engine/rocksdb.go:120  EVENT_LOG_v1 {"time_micros": 1588271169837469, "job": 3, "event": "table_file_deletion", "file_number": 401}
I200430 18:26:09.840599 17 storage/engine/rocksdb.go:120  EVENT_LOG_v1 {"time_micros": 1588271169840482, "job": 3, "event": "table_file_deletion", "file_number": 398}
I200430 18:26:09.859919 17 storage/engine/rocksdb.go:120  EVENT_LOG_v1 {"time_micros": 1588271169858499, "job": 3, "event": "table_file_deletion", "file_number": 396}
I200430 19:11:47.171528 86 storage/engine/rocksdb.go:120  [db/db_impl_write.cc:1437] [default] New memtable created with log file: #407. Immutable memtables: 0.
I200430 19:11:47.172977 17 storage/engine/rocksdb.go:120  (Original Log Time 2020/04/30-19:11:47.171959) [db/db_impl_compaction_flush.cc:2097] Calling FlushMemTableToOutputFile with column family [default], flush slots available 1, compaction slots available 1, flush slots scheduled 1, compaction slots scheduled 0
I200430 19:11:47.173013 17 storage/engine/rocksdb.go:120  [db/flush_job.cc:322] [default] [JOB 4] Flushing memtable with next log file: 407
I200430 19:11:47.173332 17 storage/engine/rocksdb.go:120  EVENT_LOG_v1 {"time_micros": 1588273907173267, "job": 4, "event": "flush_started", "num_memtables": 1, "num_entries": 215070, "num_deletes": 6284, "total_data_size": 61108673, "memory_usage": 65028136, "flush_reason": "Write Buffer Full"}
I200430 19:11:47.173947 17 storage/engine/rocksdb.go:120  [db/flush_job.cc:351] [default] [JOB 4] Level-0 flush table #408: started
I200430 19:11:48.591805 17 storage/engine/rocksdb.go:120  EVENT_LOG_v1 {"time_micros": 1588273908591618, "cf_name": "default", "job": 4, "event": "table_file_creation", "file_number": 408, "file_size": 403225, "table_properties": {"data_size": 390902, "index_size": 4550, "index_partitions": 0, "top_level_index_size": 0, "index_key_is_user_key": 0, "index_value_is_delta_encoded": 0, "filter_size": 8901, "raw_key_size": 254900, "raw_average_key_size": 30, "raw_value_size": 2124348, "raw_average_value_size": 256, "num_data_blocks": 70, "num_entries": 8269, "num_deletions": 6152, "num_merge_operands": 1328, "num_range_deletions": 1328, "format_version": 0, "fixed_key_len": 0, "filter_policy": "rocksdb.BuiltinBloomFilter", "column_family_name": "default", "column_family_id": 0, "comparator": "cockroach_comparator", "merge_operator": "cockroach_merge_operator", "prefix_extractor_name": "cockroach_prefix_extractor", "property_collectors": "[TimeBoundTblPropCollectorFactory,DeleteRangeTblPropCollectorFactory]", "compression": "Snappy", "compression_options": "window_bits=-14; level=32767; strategy=0; max_dict_bytes=0; zstd_max_train_bytes=0; enabled=0; ", "creation_time": 1588273907, "oldest_key_time": 1588271165, "file_creation_time": 1588273907}}
I200430 19:11:48.591928 17 storage/engine/rocksdb.go:120  [db/flush_job.cc:392] [default] [JOB 4] Level-0 flush table #408: 403225 bytes OK
I200430 19:11:48.592339 17 storage/engine/rocksdb.go:120  [db/version_set.cc:3086] More existing levels in DB than needed. max_bytes_for_level_multiplier may not be guaranteed.
I200430 19:11:48.598470 17 storage/engine/rocksdb.go:120  [db/db_impl_files.cc:194] adding log 403 to recycle list
I200430 19:11:48.598531 17 storage/engine/rocksdb.go:120  (Original Log Time 2020/04/30-19:11:48.592073) [db/memtable_list.cc:386] [default] Level-0 commit table #408 started
I200430 19:11:48.598702 17 storage/engine/rocksdb.go:120  (Original Log Time 2020/04/30-19:11:48.596276) [db/memtable_list.cc:434] [default] Level-0 commit table #408: memtable #1 done
I200430 19:11:48.598847 17 storage/engine/rocksdb.go:120  (Original Log Time 2020/04/30-19:11:48.596327) EVENT_LOG_v1 {"time_micros": 1588273908596309, "job": 4, "event": "flush_finished", "output_compression": "Snappy", "lsm_state": [1, 0, 0, 0, 0, 0, 1], "immutable_memtables": 0}
I200430 19:11:48.598952 17 storage/engine/rocksdb.go:120  (Original Log Time 2020/04/30-19:11:48.596425) [db/db_impl_compaction_flush.cc:208] [default] Level summary: base level 6 level multiplier 10.00 max bytes base 67108864 files[1 0 0 0 0 0 1] max score 0.50
I200430 19:57:35.097887 84 storage/engine/rocksdb.go:120  [db/db_impl_open.cc:1125] reusing log 403 from recycle list
I200430 19:57:35.105018 84 storage/engine/rocksdb.go:120  [db/db_impl_write.cc:1437] [default] New memtable created with log file: #409. Immutable memtables: 0.
I200430 19:57:35.105589 17 storage/engine/rocksdb.go:120  (Original Log Time 2020/04/30-19:57:35.105307) [db/db_impl_compaction_flush.cc:2097] Calling FlushMemTableToOutputFile with column family [default], flush slots available 1, compaction slots available 1, flush slots scheduled 1, compaction slots scheduled 0
I200430 19:57:35.105612 17 storage/engine/rocksdb.go:120  [db/flush_job.cc:322] [default] [JOB 5] Flushing memtable with next log file: 409
I200430 19:57:35.105821 17 storage/engine/rocksdb.go:120  EVENT_LOG_v1 {"time_micros": 1588276655105756, "job": 5, "event": "flush_started", "num_memtables": 1, "num_entries": 214670, "num_deletes": 6152, "total_data_size": 61118476, "memory_usage": 65031032, "flush_reason": "Write Buffer Full"}
I200430 19:57:35.105882 17 storage/engine/rocksdb.go:120  [db/flush_job.cc:351] [default] [JOB 5] Level-0 flush table #410: started
I200430 19:57:36.226196 17 storage/engine/rocksdb.go:120  EVENT_LOG_v1 {"time_micros": 1588276656225972, "cf_name": "default", "job": 5, "event": "table_file_creation", "file_number": 410, "file_size": 377204, "table_properties": {"data_size": 365765, "index_size": 4564, "index_partitions": 0, "top_level_index_size": 0, "index_key_is_user_key": 0, "index_value_is_delta_encoded": 0, "filter_size": 8005, "raw_key_size": 213007, "raw_average_key_size": 28, "raw_value_size": 2067361, "raw_average_value_size": 279, "num_data_blocks": 70, "num_entries": 7398, "num_deletions": 6017, "num_merge_operands": 664, "num_range_deletions": 664, "format_version": 0, "fixed_key_len": 0, "filter_policy": "rocksdb.BuiltinBloomFilter", "column_family_name": "default", "column_family_id": 0, "comparator": "cockroach_comparator", "merge_operator": "cockroach_merge_operator", "prefix_extractor_name": "cockroach_prefix_extractor", "property_collectors": "[TimeBoundTblPropCollectorFactory,DeleteRangeTblPropCollectorFactory]", "compression": "Snappy", "compression_options": "window_bits=-14; level=32767; strategy=0; max_dict_bytes=0; zstd_max_train_bytes=0; enabled=0; ", "creation_time": 1588276655, "oldest_key_time": 1588273907, "file_creation_time": 1588276655}}
I200430 19:57:36.226317 17 storage/engine/rocksdb.go:120  [db/flush_job.cc:392] [default] [JOB 5] Level-0 flush table #410: 377204 bytes OK
I200430 19:57:36.226672 17 storage/engine/rocksdb.go:120  [db/version_set.cc:3086] More existing levels in DB than needed. max_bytes_for_level_multiplier may not be guaranteed.
I200430 19:57:36.231057 17 storage/engine/rocksdb.go:120  [db/compaction_job.cc:1647] [default] [JOB 6] Compacting 2@0 + 1@6 files to L6, score 1.00
I200430 19:57:36.231091 17 storage/engine/rocksdb.go:120  [db/compaction_job.cc:1651] [default] Compaction start summary: Base version 5 Base level 0, inputs: [410(368KB) 408(393KB)], [406(3083KB)]
I200430 19:57:36.231167 17 storage/engine/rocksdb.go:120  EVENT_LOG_v1 {"time_micros": 1588276656231120, "job": 6, "event": "compaction_started", "compaction_reason": "LevelL0FilesNum", "files_L0": [410, 408], "files_L6": [406], "score": 1, "input_data_size": 3938332}
I200430 19:57:36.233900 17 storage/engine/rocksdb.go:120  [db/db_impl_files.cc:194] adding log 407 to recycle list
I200430 19:57:36.234327 17 storage/engine/rocksdb.go:120  (Original Log Time 2020/04/30-19:57:36.226343) [db/memtable_list.cc:386] [default] Level-0 commit table #410 started
I200430 19:57:36.234748 17 storage/engine/rocksdb.go:120  (Original Log Time 2020/04/30-19:57:36.227558) [db/memtable_list.cc:434] [default] Level-0 commit table #410: memtable #1 done
I200430 19:57:36.234914 17 storage/engine/rocksdb.go:120  (Original Log Time 2020/04/30-19:57:36.227588) EVENT_LOG_v1 {"time_micros": 1588276656227575, "job": 5, "event": "flush_finished", "output_compression": "Snappy", "lsm_state": [2, 0, 0, 0, 0, 0, 1], "immutable_memtables": 0}
I200430 19:57:36.235138 17 storage/engine/rocksdb.go:120  (Original Log Time 2020/04/30-19:57:36.230606) [db/db_impl_compaction_flush.cc:208] [default] Level summary: base level 6 level multiplier 10.00 max bytes base 67108864 files[2 0 0 0 0 0 1] max score 1.00
I200430 19:57:36.452046 17 storage/engine/rocksdb.go:120  [db/compaction_job.cc:1334] [default] [JOB 6] Generated table #411: 16017 keys, 3869836 bytes
I200430 19:57:36.452202 17 storage/engine/rocksdb.go:120  EVENT_LOG_v1 {"time_micros": 1588276656452084, "cf_name": "default", "job": 6, "event": "table_file_creation", "file_number": 411, "file_size": 3869836, "table_properties": {"data_size": 3854454, "index_size": 48693, "index_partitions": 0, "top_level_index_size": 0, "index_key_is_user_key": 0, "index_value_is_delta_encoded": 0, "filter_size": 0, "raw_key_size": 808685, "raw_average_key_size": 50, "raw_value_size": 21915004, "raw_average_value_size": 1368, "num_data_blocks": 705, "num_entries": 16017, "num_deletions": 0, "num_merge_operands": 0, "num_range_deletions": 0, "format_version": 0, "fixed_key_len": 0, "filter_policy": "rocksdb.BuiltinBloomFilter", "column_family_name": "default", "column_family_id": 0, "comparator": "cockroach_comparator", "merge_operator": "cockroach_merge_operator", "prefix_extractor_name": "cockroach_prefix_extractor", "property_collectors": "[TimeBoundTblPropCollectorFactory,DeleteRangeTblPropCollectorFactory]", "compression": "Snappy", "compression_options": "window_bits=-14; level=32767; strategy=0; max_dict_bytes=0; zstd_max_train_bytes=0; enabled=0; ", "creation_time": 1588276655, "oldest_key_time": 0, "file_creation_time": 1588276656}}
I200430 19:57:36.466869 17 storage/engine/rocksdb.go:120  [db/compaction_job.cc:1397] [default] [JOB 6] Compacted 2@0 + 1@6 files to L6 => 3869836 bytes
I200430 19:57:36.466938 17 storage/engine/rocksdb.go:120  [db/version_set.cc:3086] More existing levels in DB than needed. max_bytes_for_level_multiplier may not be guaranteed.
I200430 19:57:36.467736 17 storage/engine/rocksdb.go:120  (Original Log Time 2020/04/30-19:57:36.467603) [db/compaction_job.cc:770] [default] compacted to: base level 6 level multiplier 10.00 max bytes base 67108864 files[0 0 0 0 0 0 1] max score 0.00, MB/sec: 17.1 rd, 16.8 wr, level 6, files in(2, 1) out(1) MB in(0.7, 3.0) out(3.7), read-write-amplify(10.0) write-amplify(5.0) OK, records in: 30163, records dropped: 13482 output_compression: Snappy
I200430 19:57:36.467774 17 storage/engine/rocksdb.go:120  (Original Log Time 2020/04/30-19:57:36.467649) EVENT_LOG_v1 {"time_micros": 1588276656467625, "job": 6, "event": "compaction_finished", "compaction_time_micros": 230928, "compaction_time_cpu_micros": 151248, "output_level": 6, "num_output_files": 1, "total_output_size": 3869836, "num_input_records": 29499, "num_output_records": 16017, "num_subcompactions": 1, "output_compression": "Snappy", "num_single_delete_mismatches": 0, "num_single_delete_fallthrough": 0, "lsm_state": [0, 0, 0, 0, 0, 0, 1]}
I200430 19:57:36.470320 17 storage/engine/rocksdb.go:120  EVENT_LOG_v1 {"time_micros": 1588276656470231, "job": 6, "event": "table_file_deletion", "file_number": 410}
I200430 19:57:36.478110 17 storage/engine/rocksdb.go:120  EVENT_LOG_v1 {"time_micros": 1588276656477948, "job": 6, "event": "table_file_deletion", "file_number": 408}
I200430 19:57:36.533825 17 storage/engine/rocksdb.go:120  EVENT_LOG_v1 {"time_micros": 1588276656533588, "job": 6, "event": "table_file_deletion", "file_number": 406}
I200430 20:43:22.361379 83 storage/engine/rocksdb.go:120  [db/db_impl_open.cc:1125] reusing log 407 from recycle list
I200430 20:43:22.371255 83 storage/engine/rocksdb.go:120  [db/db_impl_write.cc:1437] [default] New memtable created with log file: #412. Immutable memtables: 0.
I200430 20:43:22.373027 17 storage/engine/rocksdb.go:120  (Original Log Time 2020/04/30-20:43:22.372633) [db/db_impl_compaction_flush.cc:2097] Calling FlushMemTableToOutputFile with column family [default], flush slots available 1, compaction slots available 1, flush slots scheduled 1, compaction slots scheduled 0
I200430 20:43:22.373065 17 storage/engine/rocksdb.go:120  [db/flush_job.cc:322] [default] [JOB 7] Flushing memtable with next log file: 412
I200430 20:43:22.373592 17 storage/engine/rocksdb.go:120  EVENT_LOG_v1 {"time_micros": 1588279402373419, "job": 7, "event": "flush_started", "num_memtables": 1, "num_entries": 214732, "num_deletes": 6335, "total_data_size": 60999280, "memory_usage": 65032320, "flush_reason": "Write Buffer Full"}
I200430 20:43:22.373694 17 storage/engine/rocksdb.go:120  [db/flush_job.cc:351] [default] [JOB 7] Level-0 flush table #413: started
I200430 20:43:23.437356 17 storage/engine/rocksdb.go:120  EVENT_LOG_v1 {"time_micros": 1588279403437108, "cf_name": "default", "job": 7, "event": "table_file_creation", "file_number": 413, "file_size": 374525, "table_properties": {"data_size": 362474, "index_size": 4607, "index_partitions": 0, "top_level_index_size": 0, "index_key_is_user_key": 0, "index_value_is_delta_encoded": 0, "filter_size": 8645, "raw_key_size": 247016, "raw_average_key_size": 31, "raw_value_size": 2100121, "raw_average_value_size": 263, "num_data_blocks": 71, "num_entries": 7968, "num_deletions": 6200, "num_merge_operands": 1328, "num_range_deletions": 1328, "format_version": 0, "fixed_key_len": 0, "filter_policy": "rocksdb.BuiltinBloomFilter", "column_family_name": "default", "column_family_id": 0, "comparator": "cockroach_comparator", "merge_operator": "cockroach_merge_operator", "prefix_extractor_name": "cockroach_prefix_extractor", "property_collectors": "[TimeBoundTblPropCollectorFactory,DeleteRangeTblPropCollectorFactory]", "compression": "Snappy", "compression_options": "window_bits=-14; level=32767; strategy=0; max_dict_bytes=0; zstd_max_train_bytes=0; enabled=0; ", "creation_time": 1588279402, "oldest_key_time": 1588276655, "file_creation_time": 1588279402}}
I200430 20:43:23.437436 17 storage/engine/rocksdb.go:120  [db/flush_job.cc:392] [default] [JOB 7] Level-0 flush table #413: 374525 bytes OK
I200430 20:43:23.437836 17 storage/engine/rocksdb.go:120  [db/version_set.cc:3086] More existing levels in DB than needed. max_bytes_for_level_multiplier may not be guaranteed.
I200430 20:43:23.440936 17 storage/engine/rocksdb.go:120  [db/db_impl_files.cc:194] adding log 409 to recycle list
I200430 20:43:23.440975 17 storage/engine/rocksdb.go:120  (Original Log Time 2020/04/30-20:43:23.437614) [db/memtable_list.cc:386] [default] Level-0 commit table #413 started
I200430 20:43:23.440992 17 storage/engine/rocksdb.go:120  (Original Log Time 2020/04/30-20:43:23.439757) [db/memtable_list.cc:434] [default] Level-0 commit table #413: memtable #1 done
I200430 20:43:23.441008 17 storage/engine/rocksdb.go:120  (Original Log Time 2020/04/30-20:43:23.439811) EVENT_LOG_v1 {"time_micros": 1588279403439794, "job": 7, "event": "flush_finished", "output_compression": "Snappy", "lsm_state": [1, 0, 0, 0, 0, 0, 1], "immutable_memtables": 0}
I200430 20:43:23.441026 17 storage/engine/rocksdb.go:120  (Original Log Time 2020/04/30-20:43:23.439841) [db/db_impl_compaction_flush.cc:208] [default] Level summary: base level 6 level multiplier 10.00 max bytes base 67108864 files[1 0 0 0 0 0 1] max score 0.50
I200430 21:29:20.297567 33 storage/engine/rocksdb.go:120  [db/db_impl_open.cc:1125] reusing log 409 from recycle list
I200430 21:29:20.302665 33 storage/engine/rocksdb.go:120  [db/db_impl_write.cc:1437] [default] New memtable created with log file: #414. Immutable memtables: 0.
I200430 21:29:20.303154 17 storage/engine/rocksdb.go:120  (Original Log Time 2020/04/30-21:29:20.303005) [db/db_impl_compaction_flush.cc:2097] Calling FlushMemTableToOutputFile with column family [default], flush slots available 1, compaction slots available 1, flush slots scheduled 1, compaction slots scheduled 0
I200430 21:29:20.303189 17 storage/engine/rocksdb.go:120  [db/flush_job.cc:322] [default] [JOB 8] Flushing memtable with next log file: 414
I200430 21:29:20.303423 17 storage/engine/rocksdb.go:120  EVENT_LOG_v1 {"time_micros": 1588282160303385, "job": 8, "event": "flush_started", "num_memtables": 1, "num_entries": 214311, "num_deletes": 5887, "total_data_size": 61102720, "memory_usage": 65055720, "flush_reason": "Write Buffer Full"}
I200430 21:29:20.303511 17 storage/engine/rocksdb.go:120  [db/flush_job.cc:351] [default] [JOB 8] Level-0 flush table #415: started
I200430 21:29:21.022587 17 storage/engine/rocksdb.go:120  EVENT_LOG_v1 {"time_micros": 1588282161022439, "cf_name": "default", "job": 8, "event": "table_file_creation", "file_number": 415, "file_size": 360551, "table_properties": {"data_size": 348696, "index_size": 4273, "index_partitions": 0, "top_level_index_size": 0, "index_key_is_user_key": 0, "index_value_is_delta_encoded": 0, "filter_size": 8517, "raw_key_size": 239196, "raw_average_key_size": 31, "raw_value_size": 2035178, "raw_average_value_size": 264, "num_data_blocks": 66, "num_entries": 7703, "num_deletions": 5752, "num_merge_operands": 1328, "num_range_deletions": 1328, "format_version": 0, "fixed_key_len": 0, "filter_policy": "rocksdb.BuiltinBloomFilter", "column_family_name": "default", "column_family_id": 0, "comparator": "cockroach_comparator", "merge_operator": "cockroach_merge_operator", "prefix_extractor_name": "cockroach_prefix_extractor", "property_collectors": "[TimeBoundTblPropCollectorFactory,DeleteRangeTblPropCollectorFactory]", "compression": "Snappy", "compression_options": "window_bits=-14; level=32767; strategy=0; max_dict_bytes=0; zstd_max_train_bytes=0; enabled=0; ", "creation_time": 1588282160, "oldest_key_time": 1588279402, "file_creation_time": 1588282160}}
I200430 21:29:21.022648 17 storage/engine/rocksdb.go:120  [db/flush_job.cc:392] [default] [JOB 8] Level-0 flush table #415: 360551 bytes OK
I200430 21:29:21.022763 17 storage/engine/rocksdb.go:120  [db/version_set.cc:3086] More existing levels in DB than needed. max_bytes_for_level_multiplier may not be guaranteed.
I200430 21:29:21.025815 17 storage/engine/rocksdb.go:120  [db/db_impl_files.cc:194] adding log 412 to recycle list
I200430 21:29:21.025850 17 storage/engine/rocksdb.go:120  (Original Log Time 2020/04/30-21:29:21.022670) [db/memtable_list.cc:386] [default] Level-0 commit table #415 started
I200430 21:29:21.025866 17 storage/engine/rocksdb.go:120  (Original Log Time 2020/04/30-21:29:21.024143) [db/memtable_list.cc:434] [default] Level-0 commit table #415: memtable #1 done
I200430 21:29:21.025881 17 storage/engine/rocksdb.go:120  (Original Log Time 2020/04/30-21:29:21.024173) EVENT_LOG_v1 {"time_micros": 1588282161024160, "job": 8, "event": "flush_finished", "output_compression": "Snappy", "lsm_state": [2, 0, 0, 0, 0, 0, 1], "immutable_memtables": 0}
I200430 21:29:21.027448 17 storage/engine/rocksdb.go:120  (Original Log Time 2020/04/30-21:29:21.024271) [db/db_impl_compaction_flush.cc:208] [default] Level summary: base level 6 level multiplier 10.00 max bytes base 67108864 files[2 0 0 0 0 0 1] max score 1.00
I200430 21:29:21.034861 17 storage/engine/rocksdb.go:120  [db/compaction_job.cc:1647] [default] [JOB 9] Compacting 2@0 + 1@6 files to L6, score 1.00
I200430 21:29:21.034989 17 storage/engine/rocksdb.go:120  [db/compaction_job.cc:1651] [default] Compaction start summary: Base version 8 Base level 0, inputs: [415(352KB) 413(365KB)], [411(3779KB)]
I200430 21:29:21.035190 17 storage/engine/rocksdb.go:120  EVENT_LOG_v1 {"time_micros": 1588282161035131, "job": 9, "event": "compaction_started", "compaction_reason": "LevelL0FilesNum", "files_L0": [415, 413], "files_L6": [411], "score": 1, "input_data_size": 4604912}
I200430 21:29:21.305264 17 storage/engine/rocksdb.go:120  [db/compaction_job.cc:1334] [default] [JOB 9] Generated table #416: 15935 keys, 4214942 bytes
I200430 21:29:21.305399 17 storage/engine/rocksdb.go:120  EVENT_LOG_v1 {"time_micros": 1588282161305308, "cf_name": "default", "job": 9, "event": "table_file_creation", "file_number": 416, "file_size": 4214942, "table_properties": {"data_size": 4197236, "index_size": 55141, "index_partitions": 0, "top_level_index_size": 0, "index_key_is_user_key": 0, "index_value_is_delta_encoded": 0, "filter_size": 0, "raw_key_size": 832180, "raw_average_key_size": 52, "raw_value_size": 24912362, "raw_average_value_size": 1563, "num_data_blocks": 799, "num_entries": 15935, "num_deletions": 0, "num_merge_operands": 0, "num_range_deletions": 0, "format_version": 0, "fixed_key_len": 0, "filter_policy": "rocksdb.BuiltinBloomFilter", "column_family_name": "default", "column_family_id": 0, "comparator": "cockroach_comparator", "merge_operator": "cockroach_merge_operator", "prefix_extractor_name": "cockroach_prefix_extractor", "property_collectors": "[TimeBoundTblPropCollectorFactory,DeleteRangeTblPropCollectorFactory]", "compression": "Snappy", "compression_options": "window_bits=-14; level=32767; strategy=0; max_dict_bytes=0; zstd_max_train_bytes=0; enabled=0; ", "creation_time": 1588282160, "oldest_key_time": 0, "file_creation_time": 1588282161}}
I200430 21:29:21.323229 17 storage/engine/rocksdb.go:120  [db/compaction_job.cc:1334] [default] [JOB 9] Generated table #417: 1601 keys, 284255 bytes
I200430 21:29:21.323335 17 storage/engine/rocksdb.go:120  EVENT_LOG_v1 {"time_micros": 1588282161323274, "cf_name": "default", "job": 9, "event": "table_file_creation", "file_number": 417, "file_size": 284255, "table_properties": {"data_size": 282807, "index_size": 984, "index_partitions": 0, "top_level_index_size": 0, "index_key_is_user_key": 0, "index_value_is_delta_encoded": 0, "filter_size": 0, "raw_key_size": 55039, "raw_average_key_size": 34, "raw_value_size": 543241, "raw_average_value_size": 339, "num_data_blocks": 19, "num_entries": 1601, "num_deletions": 0, "num_merge_operands": 0, "num_range_deletions": 0, "format_version": 0, "fixed_key_len": 0, "filter_policy": "rocksdb.BuiltinBloomFilter", "column_family_name": "default", "column_family_id": 0, "comparator": "cockroach_comparator", "merge_operator": "cockroach_merge_operator", "prefix_extractor_name": "cockroach_prefix_extractor", "property_collectors": "[TimeBoundTblPropCollectorFactory,DeleteRangeTblPropCollectorFactory]", "compression": "Snappy", "compression_options": "window_bits=-14; level=32767; strategy=0; max_dict_bytes=0; zstd_max_train_bytes=0; enabled=0; ", "creation_time": 1588282160, "oldest_key_time": 0, "file_creation_time": 1588282161}}
I200430 21:29:21.334256 17 storage/engine/rocksdb.go:120  [db/compaction_job.cc:1397] [default] [JOB 9] Compacted 2@0 + 1@6 files to L6 => 4499197 bytes
I200430 21:29:21.334360 17 storage/engine/rocksdb.go:120  [db/version_set.cc:3086] More existing levels in DB than needed. max_bytes_for_level_multiplier may not be guaranteed.
I200430 21:29:21.335560 17 storage/engine/rocksdb.go:120  (Original Log Time 2020/04/30-21:29:21.335187) [db/compaction_job.cc:770] [default] compacted to: base level 6 level multiplier 10.00 max bytes base 67108864 files[0 0 0 0 0 0 2] max score 0.00, MB/sec: 15.9 rd, 15.6 wr, level 6, files in(2, 1) out(2) MB in(0.7, 3.7) out(4.3), read-write-amplify(12.4) write-amplify(6.1) OK, records in: 31688, records dropped: 12824 output_compression: Snappy
I200430 21:29:21.335608 17 storage/engine/rocksdb.go:120  (Original Log Time 2020/04/30-21:29:21.335345) EVENT_LOG_v1 {"time_micros": 1588282161335220, "job": 9, "event": "compaction_finished", "compaction_time_micros": 289244, "compaction_time_cpu_micros": 208362, "output_level": 6, "num_output_files": 2, "total_output_size": 4499197, "num_input_records": 30360, "num_output_records": 17536, "num_subcompactions": 1, "output_compression": "Snappy", "num_single_delete_mismatches": 0, "num_single_delete_fallthrough": 0, "lsm_state": [0, 0, 0, 0, 0, 0, 2]}
I200430 21:29:21.339587 17 storage/engine/rocksdb.go:120  EVENT_LOG_v1 {"time_micros": 1588282161339504, "job": 9, "event": "table_file_deletion", "file_number": 415}
I200430 21:29:21.345506 17 storage/engine/rocksdb.go:120  EVENT_LOG_v1 {"time_micros": 1588282161345428, "job": 9, "event": "table_file_deletion", "file_number": 413}
I200430 21:29:21.361815 17 storage/engine/rocksdb.go:120  EVENT_LOG_v1 {"time_micros": 1588282161361609, "job": 9, "event": "table_file_deletion", "file_number": 411}
