I200409 11:49:26.135454 1 util/log/clog.go:1196  [config] file created at: 2020/04/09 11:49:26
I200409 11:49:26.135454 1 util/log/clog.go:1196  [config] running on machine: 5c4cc6420422
I200409 11:49:26.135454 1 util/log/clog.go:1196  [config] binary: CockroachDB CCL v19.2.5 (x86_64-unknown-linux-gnu, built 2020/03/16 18:27:12, go1.12.12)
I200409 11:49:26.135454 1 util/log/clog.go:1196  [config] arguments: [/cockroach/cockroach start --insecure]
I200409 11:49:26.135454 1 util/log/clog.go:1196  line format: [IWEF]yymmdd hh:mm:ss.uuuuuu goid file:line msg utf8=✓
I200409 11:49:26.135428 1 cli/start.go:1144  logging to directory /cockroach/cockroach-data/logs
W200409 11:49:26.188882 1 cli/start.go:1182  RUNNING IN INSECURE MODE!

- Your cluster is open for any client that can access <all your IP addresses>.
- Any user, even root, can log in without providing a password.
- Any user, connecting as root, can read or write any data in your cluster.
- There is no network encryption nor authentication, and thus no confidentiality.

Check out how to secure your cluster: https://www.cockroachlabs.com/docs/v19.2/secure-a-cluster.html
I200409 11:49:26.232289 1 server/status/recorder.go:597  available memory from cgroups (8.0 EiB) is unsupported, using system memory 2.9 GiB instead: 
W200409 11:49:26.258792 1 cli/start.go:1052  Using the default setting for --cache (128 MiB).
  A significantly larger value is usually needed for good performance.
  If you have a dedicated server a reasonable setting is --cache=.25 (749 MiB).
I200409 11:49:26.299760 1 server/status/recorder.go:597  available memory from cgroups (8.0 EiB) is unsupported, using system memory 2.9 GiB instead: 
W200409 11:49:26.299837 1 cli/start.go:1065  Using the default setting for --max-sql-memory (128 MiB).
  A significantly larger value is usually needed in production.
  If you have a dedicated server a reasonable setting is --max-sql-memory=.25 (749 MiB).
I200409 11:49:26.311605 1 server/status/recorder.go:597  available memory from cgroups (8.0 EiB) is unsupported, using system memory 2.9 GiB instead: 
I200409 11:49:26.311970 1 cli/start.go:1196  CockroachDB CCL v19.2.5 (x86_64-unknown-linux-gnu, built 2020/03/16 18:27:12, go1.12.12)
W200409 11:49:26.468369 1 cli/start.go:511  running 'cockroach start' without --join is deprecated.
Consider using 'cockroach start-single-node' or 'cockroach init' instead.
I200409 11:49:26.481666 1 server/status/recorder.go:597  available memory from cgroups (8.0 EiB) is unsupported, using system memory 2.9 GiB instead: 
I200409 11:49:26.481746 1 server/config.go:394  system total memory: 2.9 GiB
I200409 11:49:26.481835 1 server/config.go:396  server configuration:
max offset             500000000
cache size             128 MiB
SQL memory pool size   128 MiB
scan interval          10m0s
scan min idle time     10ms
scan max idle time     1s
event log enabled      true
I200409 11:49:26.481898 1 cli/start.go:1030  using local environment variables: COCKROACH_CHANNEL=official-docker
I200409 11:49:26.481965 1 cli/start.go:1037  process identity: uid 0 euid 0 gid 0 egid 0
I200409 11:49:26.482115 1 cli/start.go:644  starting cockroach node
I200409 11:49:26.490320 23 storage/engine/rocksdb.go:622  opening rocksdb instance at "/cockroach/cockroach-data/cockroach-temp108742228"
I200409 11:49:26.980702 23 server/server.go:928  [n?] monitoring forward clock jumps based on server.clock.forward_jump_check_enabled
I200409 11:49:27.008111 23 storage/engine/rocksdb.go:622  opening rocksdb instance at "/cockroach/cockroach-data"
I200409 11:49:27.497751 23 server/config.go:502  [n?] 1 storage engine initialized
I200409 11:49:27.497859 23 server/config.go:505  [n?] RocksDB cache size: 128 MiB
I200409 11:49:27.498053 23 server/config.go:505  [n?] store 0: RocksDB, max size 0 B, max open file limit 1043576
I200409 11:49:27.562627 23 server/server.go:1386  [n?] no stores bootstrapped and --join flag specified, awaiting init command or join with an already initialized node.
I200409 11:49:27.562793 23 server/server.go:1396  [n?] **** add additional nodes by specifying --join=5c4cc6420422:26257
W200409 11:49:27.567222 64 cli/start.go:996  neither --listen-addr nor --advertise-addr was specified.
The server will advertise "5c4cc6420422" to other nodes, is this routable?

Consider using:
- for local-only servers:  --listen-addr=localhost
- for multi-node clusters: --advertise-addr=<host/IP addr>
I200409 11:49:27.794655 23 server/node.go:326  [n?] **** cluster f727a468-111b-4755-83bc-9d9cd278eb8d has been created
I200409 11:49:27.803172 23 gossip/gossip.go:394  [n1] NodeDescriptor set to node_id:1 address:<network_field:"tcp" address_field:"5c4cc6420422:26257" > attrs:<> locality:<> ServerVersion:<major_val:19 minor_val:2 patch:0 unstable:0 > build_tag:"v19.2.5" started_at:1586432967798285200 cluster_name:"" sql_address:<network_field:"tcp" address_field:"5c4cc6420422:26257" > 
W200409 11:49:27.986814 100 storage/store.go:1530  [n1,s1,r6/1:/Table/{SystemCon…-11}] could not gossip system config: [NotLeaseHolderError] r6: replica (n1,s1):1 not lease holder; lease holder unknown
W200409 11:49:28.034517 100 storage/store.go:1530  [n1,s1,r6/1:/Table/{SystemCon…-11}] could not gossip system config: [NotLeaseHolderError] r6: replica (n1,s1):1 not lease holder; lease holder unknown
I200409 11:49:28.081207 23 server/node.go:431  [n1] initialized store [n1,s1]: disk (capacity=60 TiB, available=31 TiB, used=73 KiB, logicalBytes=11 KiB), ranges=24, leases=2, queries=0.00, writes=0.00, bytesPerReplica={p10=0.00 p25=0.00 p50=0.00 p75=0.00 p90=166.00 pMax=9955.00}, writesPerReplica={p10=0.00 p25=0.00 p50=0.00 p75=0.00 p90=0.00 pMax=0.00}
I200409 11:49:28.081644 23 storage/stores.go:240  [n1] read 0 node addresses from persistent storage
I200409 11:49:28.082458 23 server/node.go:645  [n1] connecting to gossip network to verify cluster ID...
I200409 11:49:28.082579 23 server/node.go:665  [n1] node connected via gossip and verified as part of cluster "f727a468-111b-4755-83bc-9d9cd278eb8d"
I200409 11:49:28.082911 23 server/node.go:512  [n1] node=1: started with [<no-attributes>=/cockroach/cockroach-data] engine(s) and attributes []
I200409 11:49:28.106475 23 server/server.go:1514  [n1] starting http server at [::]:8080 (use: 5c4cc6420422:8080)
I200409 11:49:28.106574 23 server/server.go:1521  [n1] starting grpc/postgres server at [::]:26257
I200409 11:49:28.106664 23 server/server.go:1522  [n1] advertising CockroachDB node at 5c4cc6420422:26257
W200409 11:49:28.225520 100 storage/store.go:1530  [n1,s1,r6/1:/Table/{SystemCon…-11}] could not gossip system config: [NotLeaseHolderError] r6: replica (n1,s1):1 not lease holder; lease holder unknown
I200409 11:49:28.499670 159 sql/event_log.go:130  [n1,intExec=optInToDiagnosticsStatReporting] Event: "set_cluster_setting", target: 0, info: {SettingName:diagnostics.reporting.enabled Value:true User:root}
I200409 11:49:28.599286 277 sql/event_log.go:130  [n1,intExec=set-setting] Event: "set_cluster_setting", target: 0, info: {SettingName:version Value:19.2 User:root}
I200409 11:49:28.637839 383 sql/event_log.go:130  [n1,intExec=disableNetTrace] Event: "set_cluster_setting", target: 0, info: {SettingName:trace.debug.enable Value:false User:root}
I200409 11:49:28.737724 549 sql/event_log.go:130  [n1,intExec=initializeClusterSecret] Event: "set_cluster_setting", target: 0, info: {SettingName:cluster.secret Value:1101701f-2361-43f2-b790-9281123d44d3 User:root}
I200409 11:49:28.800734 610 sql/event_log.go:130  [n1,intExec=create-default-db] Event: "create_database", target: 50, info: {DatabaseName:defaultdb Statement:CREATE DATABASE IF NOT EXISTS defaultdb User:root}
I200409 11:49:28.822151 615 sql/event_log.go:130  [n1,intExec=create-default-db] Event: "create_database", target: 51, info: {DatabaseName:postgres Statement:CREATE DATABASE IF NOT EXISTS postgres User:root}
I200409 11:49:28.924817 23 server/server.go:1590  [n1] done ensuring all necessary migrations have run
I200409 11:49:28.925040 23 server/server.go:1841  [n1] serving sql connections
I200409 11:49:28.925276 23 cli/start.go:803  [config] clusterID: f727a468-111b-4755-83bc-9d9cd278eb8d
I200409 11:49:28.927201 23 cli/start.go:812  node startup completed:
CockroachDB node starting at 2020-04-09 11:49:28.9251209 +0000 UTC (took 2.8s)
build:               CCL v19.2.5 @ 2020/03/16 18:27:12 (go1.12.12)
webui:               http://5c4cc6420422:8080
sql:                 postgresql://root@5c4cc6420422:26257?sslmode=disable
RPC client flags:    /cockroach/cockroach <client cmd> --host=5c4cc6420422:26257 --insecure
logs:                /cockroach/cockroach-data/logs
temp dir:            /cockroach/cockroach-data/cockroach-temp108742228
external I/O path:   /cockroach/cockroach-data/extern
store[0]:            path=/cockroach/cockroach-data
status:              initialized new cluster
clusterID:           f727a468-111b-4755-83bc-9d9cd278eb8d
nodeID:              1
I200409 11:49:28.964568 786 sql/event_log.go:130  [n1] Event: "node_join", target: 1, info: {Descriptor:{NodeID:1 Address:5c4cc6420422:26257 Attrs: Locality: ServerVersion:19.2 BuildTag:v19.2.5 StartedAt:1586432967798285200 LocalityAddress:[] ClusterName: SQLAddress:5c4cc6420422:26257} ClusterID:f727a468-111b-4755-83bc-9d9cd278eb8d StartedAt:1586432967798285200 LastUp:1586432967798285200}
I200409 11:49:28.972825 736 server/server_update.go:53  [n1] no need to upgrade, cluster already at the newest version
I200409 11:49:29.121749 62 gossip/gossip.go:1531  [n1] node has connected to cluster via gossip
I200409 11:49:29.122133 62 storage/stores.go:259  [n1] wrote 0 node addresses to persistent storage
I200409 11:49:36.280879 1027 storage/replica_consistency.go:229  [n1,consistencyChecker,s1,r4/1:/System{/tsd-tse}] triggering stats recomputation to resolve delta of {ContainsEstimates:true LastUpdateNanos:1586432968309167800 IntentAge:0 GCBytesAge:0 LiveBytes:-33506 LiveCount:-664 KeyBytes:-32119 KeyCount:-664 ValBytes:-1387 ValCount:-664 IntentBytes:0 IntentCount:0 SysBytes:0 SysCount:0}
I200409 11:49:38.134979 135 server/status/runtime.go:498  [n1] runtime stats: 112 MiB RSS, 125 goroutines, 96 MiB/29 MiB/135 MiB GO alloc/idle/total, 12 MiB/15 MiB CGO alloc/total, 0.0 CGO/sec, 0.0/0.0 %(u/s)time, 0.0 %gc (9x), 25 KiB/23 KiB (r/w)net
I200409 11:49:48.134253 135 server/status/runtime.go:498  [n1] runtime stats: 122 MiB RSS, 125 goroutines, 105 MiB/20 MiB/135 MiB GO alloc/idle/total, 12 MiB/15 MiB CGO alloc/total, 100.8 CGO/sec, 1.7/2.2 %(u/s)time, 0.0 %gc (0x), 5.8 KiB/5.7 KiB (r/w)net
I200409 11:49:48.287478 130 storage/store.go:2364  [n1,s1] sstables (read amplification = 0):
I200409 11:49:48.287861 130 storage/store.go:2365  [n1,s1] 
** Compaction Stats [default] **
Level    Files   Size     Score Read(GB)  Rn(GB) Rnp1(GB) Write(GB) Wnew(GB) Moved(GB) W-Amp Rd(MB/s) Wr(MB/s) Comp(sec) CompMergeCPU(sec) Comp(cnt) Avg(sec) KeyIn KeyDrop
----------------------------------------------------------------------------------------------------------------------------------------------------------------------------
 Sum      0/0    0.00 KB   0.0      0.0     0.0      0.0       0.0      0.0       0.0   0.0      0.0      0.0      0.00              0.00         0    0.000       0      0
 Int      0/0    0.00 KB   0.0      0.0     0.0      0.0       0.0      0.0       0.0   0.0      0.0      0.0      0.00              0.00         0    0.000       0      0

** Compaction Stats [default] **
Priority    Files   Size     Score Read(GB)  Rn(GB) Rnp1(GB) Write(GB) Wnew(GB) Moved(GB) W-Amp Rd(MB/s) Wr(MB/s) Comp(sec) CompMergeCPU(sec) Comp(cnt) Avg(sec) KeyIn KeyDrop
-------------------------------------------------------------------------------------------------------------------------------------------------------------------------------
Uptime(secs): 21.0 total, 21.0 interval
Flush(GB): cumulative 0.000, interval 0.000
AddFile(GB): cumulative 0.000, interval 0.000
AddFile(Total Files): cumulative 0, interval 0
AddFile(L0 Files): cumulative 0, interval 0
AddFile(Keys): cumulative 0, interval 0
Cumulative compaction: 0.00 GB write, 0.00 MB/s write, 0.00 GB read, 0.00 MB/s read, 0.0 seconds
Interval compaction: 0.00 GB write, 0.00 MB/s write, 0.00 GB read, 0.00 MB/s read, 0.0 seconds
Stalls(count): 0 level0_slowdown, 0 level0_slowdown_with_compaction, 0 level0_numfiles, 0 level0_numfiles_with_compaction, 0 stop for pending_compaction_bytes, 0 slowdown for pending_compaction_bytes, 0 memtable_compaction, 0 memtable_slowdown, interval 0 total count
estimated_pending_compaction_bytes: 0 B
I200409 11:49:51.518908 1 cli/start.go:865  received signal 'terminated'
I200409 11:49:51.521513 1 cli/start.go:930  initiating graceful shutdown of server
I200409 11:49:51.554756 1330 util/stop/stopper.go:542  [server drain process] quiescing; tasks left:
1      [async] intent_resolver_ir_batcher
1      [async] intent_resolver_gc_batcher
1      [async] closedts-rangefeed-subscriber
I200409 11:49:51.563755 1330 util/stop/stopper.go:542  [server drain process] quiescing; tasks left:
1      [async] closedts-rangefeed-subscriber
I200409 11:49:51.575045 1330 storage/engine/rocksdb.go:762  closing rocksdb instance at "/cockroach/cockroach-data/cockroach-temp108742228"
I200409 11:49:51.636136 1330 storage/engine/rocksdb.go:762  closing rocksdb instance at "/cockroach/cockroach-data"
I200409 11:49:51.645853 1 cli/start.go:976  server drained and shutdown completed
