I200430 17:13:46.455390 1 util/log/clog.go:1196  [config] file created at: 2020/04/30 17:13:46
I200430 17:13:46.455390 1 util/log/clog.go:1196  [config] running on machine: bebdd3481ac9
I200430 17:13:46.455390 1 util/log/clog.go:1196  [config] binary: CockroachDB CCL v19.2.5 (x86_64-unknown-linux-gnu, built 2020/03/16 18:27:12, go1.12.12)
I200430 17:13:46.455390 1 util/log/clog.go:1196  [config] arguments: [/cockroach/cockroach start --insecure]
I200430 17:13:46.455390 1 util/log/clog.go:1196  line format: [IWEF]yymmdd hh:mm:ss.uuuuuu goid file:line msg utf8=✓
I200430 17:13:46.455389 1 cli/start.go:1144  logging to directory /cockroach/cockroach-data/logs
W200430 17:13:46.465955 1 cli/start.go:1182  RUNNING IN INSECURE MODE!

- Your cluster is open for any client that can access <all your IP addresses>.
- Any user, even root, can log in without providing a password.
- Any user, connecting as root, can read or write any data in your cluster.
- There is no network encryption nor authentication, and thus no confidentiality.

Check out how to secure your cluster: https://www.cockroachlabs.com/docs/v19.2/secure-a-cluster.html
I200430 17:13:46.466682 1 server/status/recorder.go:597  available memory from cgroups (8.0 EiB) is unsupported, using system memory 2.9 GiB instead: 
W200430 17:13:46.466838 1 cli/start.go:1052  Using the default setting for --cache (128 MiB).
  A significantly larger value is usually needed for good performance.
  If you have a dedicated server a reasonable setting is --cache=.25 (749 MiB).
I200430 17:13:46.467310 1 server/status/recorder.go:597  available memory from cgroups (8.0 EiB) is unsupported, using system memory 2.9 GiB instead: 
W200430 17:13:46.467335 1 cli/start.go:1065  Using the default setting for --max-sql-memory (128 MiB).
  A significantly larger value is usually needed in production.
  If you have a dedicated server a reasonable setting is --max-sql-memory=.25 (749 MiB).
I200430 17:13:46.468765 1 server/status/recorder.go:597  available memory from cgroups (8.0 EiB) is unsupported, using system memory 2.9 GiB instead: 
I200430 17:13:46.468804 1 cli/start.go:1196  CockroachDB CCL v19.2.5 (x86_64-unknown-linux-gnu, built 2020/03/16 18:27:12, go1.12.12)
W200430 17:13:48.402715 1 cli/start.go:511  running 'cockroach start' without --join is deprecated.
Consider using 'cockroach start-single-node' or 'cockroach init' instead.
I200430 17:13:48.563798 1 server/status/recorder.go:597  available memory from cgroups (8.0 EiB) is unsupported, using system memory 2.9 GiB instead: 
I200430 17:13:48.563867 1 server/config.go:394  system total memory: 2.9 GiB
I200430 17:13:48.563923 1 server/config.go:396  server configuration:
max offset             500000000
cache size             128 MiB
SQL memory pool size   128 MiB
scan interval          10m0s
scan min idle time     10ms
scan max idle time     1s
event log enabled      true
I200430 17:13:48.563944 1 cli/start.go:1030  using local environment variables: COCKROACH_CHANNEL=official-docker
I200430 17:13:48.563964 1 cli/start.go:1037  process identity: uid 0 euid 0 gid 0 egid 0
I200430 17:13:48.564060 1 cli/start.go:644  starting cockroach node
I200430 17:13:48.581954 10 storage/engine/rocksdb.go:622  opening rocksdb instance at "/cockroach/cockroach-data/cockroach-temp077108710"
I200430 17:13:50.329414 10 server/server.go:928  [n?] monitoring forward clock jumps based on server.clock.forward_jump_check_enabled
I200430 17:13:50.400682 10 storage/engine/rocksdb.go:622  opening rocksdb instance at "/cockroach/cockroach-data"
I200430 17:13:52.902348 10 server/config.go:502  [n?] 1 storage engine initialized
I200430 17:13:52.902409 10 server/config.go:505  [n?] RocksDB cache size: 128 MiB
I200430 17:13:52.902440 10 server/config.go:505  [n?] store 0: RocksDB, max size 0 B, max open file limit 1043576
W200430 17:13:53.084907 10 cli/start.go:996  neither --listen-addr nor --advertise-addr was specified.
The server will advertise "bebdd3481ac9" to other nodes, is this routable?

Consider using:
- for local-only servers:  --listen-addr=localhost
- for multi-node clusters: --advertise-addr=<host/IP addr>
I200430 17:13:53.094622 10 gossip/gossip.go:394  [n1] NodeDescriptor set to node_id:1 address:<network_field:"tcp" address_field:"bebdd3481ac9:26257" > attrs:<> locality:<> ServerVersion:<major_val:19 minor_val:2 patch:0 unstable:0 > build_tag:"v19.2.5" started_at:1588266833094410216 cluster_name:"" sql_address:<network_field:"tcp" address_field:"bebdd3481ac9:26257" > 
W200430 17:13:54.053334 110 storage/replica_range_lease.go:554  can't determine lease status due to node liveness error: node not in the liveness table
github.com/cockroachdb/cockroach/pkg/storage.init.ializers
	/go/src/github.com/cockroachdb/cockroach/pkg/storage/node_liveness.go:44
runtime.main
	/usr/local/go/src/runtime/proc.go:188
runtime.goexit
	/usr/local/go/src/runtime/asm_amd64.s:1337
W200430 17:13:54.053616 110 storage/store.go:1530  [n1,s1,r6/1:/Table/{SystemCon…-11}] could not gossip system config: [NotLeaseHolderError] r6: replica (n1,s1):1 not lease holder; lease holder unknown
I200430 17:13:54.796742 10 server/node.go:431  [n1] initialized store [n1,s1]: disk (capacity=60 TiB, available=28 TiB, used=26 MiB, logicalBytes=53 MiB), ranges=29, leases=2, queries=0.00, writes=0.00, bytesPerReplica={p10=0.00 p25=0.00 p50=326.00 p75=12901.00 p90=16053924.00 pMax=20794151.00}, writesPerReplica={p10=0.00 p25=0.00 p50=0.00 p75=0.00 p90=0.00 pMax=0.00}
I200430 17:13:54.797045 10 storage/stores.go:240  [n1] read 0 node addresses from persistent storage
I200430 17:13:54.830048 10 server/node.go:645  [n1] connecting to gossip network to verify cluster ID...
I200430 17:13:54.830097 10 server/node.go:665  [n1] node connected via gossip and verified as part of cluster "f727a468-111b-4755-83bc-9d9cd278eb8d"
I200430 17:13:54.830800 10 server/node.go:512  [n1] node=1: started with [<no-attributes>=/cockroach/cockroach-data] engine(s) and attributes []
I200430 17:13:54.860583 10 server/server.go:1514  [n1] starting http server at [::]:8080 (use: bebdd3481ac9:8080)
I200430 17:13:54.860608 10 server/server.go:1521  [n1] starting grpc/postgres server at [::]:26257
I200430 17:13:54.860628 10 server/server.go:1522  [n1] advertising CockroachDB node at bebdd3481ac9:26257
I200430 17:13:55.116702 82 gossip/gossip.go:1531  [n1] node has connected to cluster via gossip
I200430 17:13:55.151287 82 storage/stores.go:259  [n1] wrote 0 node addresses to persistent storage
W200430 17:13:55.160860 132 storage/node_liveness.go:559  [n1,s1,r6/1:/Table/{SystemCon…-11}] slow heartbeat took 1.0s
I200430 17:13:55.168006 149 storage/node_liveness.go:474  [n1,liveness-hb] heartbeat failed on epoch increment; retrying
I200430 17:13:56.441314 10 server/server.go:1590  [n1] done ensuring all necessary migrations have run
I200430 17:13:56.441369 10 server/server.go:1841  [n1] serving sql connections
I200430 17:13:56.441464 10 cli/start.go:803  [config] clusterID: f727a468-111b-4755-83bc-9d9cd278eb8d
I200430 17:13:56.441511 10 cli/start.go:812  node startup completed:
CockroachDB node starting at 2020-04-30 17:13:56.441397255 +0000 UTC (took 10.0s)
build:               CCL v19.2.5 @ 2020/03/16 18:27:12 (go1.12.12)
webui:               http://bebdd3481ac9:8080
sql:                 postgresql://root@bebdd3481ac9:26257?sslmode=disable
RPC client flags:    /cockroach/cockroach <client cmd> --host=bebdd3481ac9:26257 --insecure
logs:                /cockroach/cockroach-data/logs
temp dir:            /cockroach/cockroach-data/cockroach-temp077108710
external I/O path:   /cockroach/cockroach-data/extern
store[0]:            path=/cockroach/cockroach-data
status:              restarted pre-existing node
clusterID:           f727a468-111b-4755-83bc-9d9cd278eb8d
nodeID:              1
I200430 17:13:56.678062 225 server/server_update.go:53  [n1] no need to upgrade, cluster already at the newest version
I200430 17:13:56.705952 227 sql/event_log.go:130  [n1] Event: "node_restart", target: 1, info: {Descriptor:{NodeID:1 Address:bebdd3481ac9:26257 Attrs: Locality: ServerVersion:19.2 BuildTag:v19.2.5 StartedAt:1588266833094410216 LocalityAddress:[] ClusterName: SQLAddress:bebdd3481ac9:26257} ClusterID:f727a468-111b-4755-83bc-9d9cd278eb8d StartedAt:1588266833094410216 LastUp:1588266523172313441}
I200430 17:14:03.982209 357 storage/replica_consistency.go:229  [n1,consistencyChecker,s1,r4/1:/System/tsd{-/cr.nod…}] triggering stats recomputation to resolve delta of {ContainsEstimates:true LastUpdateNanos:1588266835062360117 IntentAge:0 GCBytesAge:0 LiveBytes:14542838 LiveCount:-3180 KeyBytes:-153850 KeyCount:-3180 ValBytes:14696688 ValCount:-3180 IntentBytes:0 IntentCount:0 SysBytes:0 SysCount:0}
I200430 17:14:04.896828 127 server/status/runtime.go:498  [n1] runtime stats: 184 MiB RSS, 126 goroutines, 93 MiB/31 MiB/135 MiB GO alloc/idle/total, 52 MiB/61 MiB CGO alloc/total, 0.0 CGO/sec, 0.0/0.0 %(u/s)time, 0.0 %gc (9x), 290 KiB/37 KiB (r/w)net
I200430 17:14:14.931613 127 server/status/runtime.go:498  [n1] runtime stats: 256 MiB RSS, 125 goroutines, 116 MiB/69 MiB/201 MiB GO alloc/idle/total, 72 MiB/88 MiB CGO alloc/total, 175.9 CGO/sec, 12.4/4.6 %(u/s)time, 0.3 %gc (2x), 12 KiB/11 KiB (r/w)net
I200430 17:14:15.449532 122 storage/store.go:2364  [n1,s1] sstables (read amplification = 2):
0 [ 947K 1 ]: 947K
6 [  15M 4 ]: 4M[3] 3M
I200430 17:14:15.465146 122 storage/store.go:2365  [n1,s1] 
** Compaction Stats [default] **
Level    Files   Size     Score Read(GB)  Rn(GB) Rnp1(GB) Write(GB) Wnew(GB) Moved(GB) W-Amp Rd(MB/s) Wr(MB/s) Comp(sec) CompMergeCPU(sec) Comp(cnt) Avg(sec) KeyIn KeyDrop
----------------------------------------------------------------------------------------------------------------------------------------------------------------------------
  L0      1/0   946.61 KB   0.5      0.0     0.0      0.0       0.0      0.0       0.0   1.0      0.0      1.1      0.82              0.00         1    0.820       0      0
  L6      4/0   15.08 MB   0.0      0.0     0.0      0.0       0.0      0.0       0.0   0.0      0.0      0.0      0.00              0.00         0    0.000       0      0
 Sum      5/0   16.00 MB   0.0      0.0     0.0      0.0       0.0      0.0       0.0   1.0      0.0      1.1      0.82              0.00         1    0.820       0      0
 Int      0/0    0.00 KB   0.0      0.0     0.0      0.0       0.0      0.0       0.0   1.0      0.0      1.1      0.82              0.00         1    0.820       0      0

** Compaction Stats [default] **
Priority    Files   Size     Score Read(GB)  Rn(GB) Rnp1(GB) Write(GB) Wnew(GB) Moved(GB) W-Amp Rd(MB/s) Wr(MB/s) Comp(sec) CompMergeCPU(sec) Comp(cnt) Avg(sec) KeyIn KeyDrop
-------------------------------------------------------------------------------------------------------------------------------------------------------------------------------
User      0/0    0.00 KB   0.0      0.0     0.0      0.0       0.0      0.0       0.0   0.0      0.0      1.1      0.82              0.00         1    0.820       0      0
Uptime(secs): 24.9 total, 24.9 interval
Flush(GB): cumulative 0.001, interval 0.001
AddFile(GB): cumulative 0.000, interval 0.000
AddFile(Total Files): cumulative 0, interval 0
AddFile(L0 Files): cumulative 0, interval 0
AddFile(Keys): cumulative 0, interval 0
Cumulative compaction: 0.00 GB write, 0.04 MB/s write, 0.00 GB read, 0.00 MB/s read, 0.8 seconds
Interval compaction: 0.00 GB write, 0.04 MB/s write, 0.00 GB read, 0.00 MB/s read, 0.8 seconds
Stalls(count): 0 level0_slowdown, 0 level0_slowdown_with_compaction, 0 level0_numfiles, 0 level0_numfiles_with_compaction, 0 stop for pending_compaction_bytes, 0 slowdown for pending_compaction_bytes, 0 memtable_compaction, 0 memtable_slowdown, interval 0 total count
estimated_pending_compaction_bytes: 0 B
I200430 17:14:24.924991 127 server/status/runtime.go:498  [n1] runtime stats: 272 MiB RSS, 126 goroutines, 115 MiB/70 MiB/201 MiB GO alloc/idle/total, 73 MiB/90 MiB CGO alloc/total, 1670.0 CGO/sec, 7.4/4.6 %(u/s)time, 0.0 %gc (1x), 4.2 KiB/4.2 KiB (r/w)net
I200430 17:14:25.766188 968 storage/replica_command.go:677  [n1,merge,s1,r4/1:/System/tsd{-/cr.nod…}] initiating a merge of r90:/System/tsd/cr.node.sql.mem.{admin.max-p75/1/10s/2020-04-11T21:00:00Z-sql.max-p75/1/10s/2020-04-10T15:00:00Z} [(n1,s1):1, next=2, gen=11] into this range (lhs+rhs has (size=1.5 MiB+1.0 MiB qps=0.00+0.00 --> 0.00qps) below threshold (size=2.5 MiB, qps=0.00))
I200430 17:14:25.911615 103 storage/store_remove_replica.go:129  [n1,s1,r4/1:/System/tsd{-/cr.nod…}] removing replica r90/1
I200430 17:14:34.904191 127 server/status/runtime.go:498  [n1] runtime stats: 272 MiB RSS, 125 goroutines, 122 MiB/64 MiB/201 MiB GO alloc/idle/total, 73 MiB/90 MiB CGO alloc/total, 55.3 CGO/sec, 2.5/2.6 %(u/s)time, 0.0 %gc (0x), 2.0 KiB/1.7 KiB (r/w)net
I200430 17:14:40.880118 117 storage/compactor/compactor.go:325  [n1,s1,compactor] purging suggested compaction for range /System/tsd/cr.node.sql.mem.admin.max-p75/1/10s/2020-04-11T21:00:00Z - /System/tsd/cr.node.sql.mem.sql.max-p75/1/10s/2020-04-10T15:00:00Z that contains live data
I200430 17:14:44.909573 127 server/status/runtime.go:498  [n1] runtime stats: 273 MiB RSS, 125 goroutines, 130 MiB/57 MiB/201 MiB GO alloc/idle/total, 73 MiB/90 MiB CGO alloc/total, 27.7 CGO/sec, 2.2/2.0 %(u/s)time, 0.0 %gc (0x), 2.7 KiB/2.8 KiB (r/w)net
I200430 17:14:54.789760 123 gossip/gossip.go:566  [n1] gossip status (ok, 1 node)
gossip client (0/3 cur/max conns)
gossip server (0/3 cur/max conns, infos 0/0 sent/received, bytes 0B/0B sent/received)
gossip connectivity
  n1 [sentinel];
I200430 17:14:54.911356 127 server/status/runtime.go:498  [n1] runtime stats: 273 MiB RSS, 126 goroutines, 139 MiB/49 MiB/201 MiB GO alloc/idle/total, 73 MiB/90 MiB CGO alloc/total, 28.0 CGO/sec, 2.3/2.4 %(u/s)time, 0.0 %gc (0x), 3.1 KiB/3.0 KiB (r/w)net
I200430 17:14:59.237546 1 cli/start.go:865  received signal 'terminated'
I200430 17:14:59.239808 1 cli/start.go:930  initiating graceful shutdown of server
I200430 17:14:59.307566 1368 util/stop/stopper.go:542  [server drain process] quiescing; tasks left:
1      [async] intent_resolver_ir_batcher
1      [async] intent_resolver_gc_batcher
1      [async] closedts-rangefeed-subscriber
W200430 17:14:59.310399 61 vendor/google.golang.org/grpc/clientconn.go:1206  grpc: addrConn.createTransport failed to connect to {bebdd3481ac9:26257 0  <nil>}. Err :connection error: desc = "transport: failed to write client preface: io: read/write on closed pipe". Reconnecting...
I200430 17:14:59.328208 1368 storage/engine/rocksdb.go:762  closing rocksdb instance at "/cockroach/cockroach-data/cockroach-temp077108710"
I200430 17:14:59.548346 1368 storage/engine/rocksdb.go:762  closing rocksdb instance at "/cockroach/cockroach-data"
I200430 17:15:00.061618 1 cli/start.go:976  server drained and shutdown completed
