I200409 11:49:54.379842 16 util/log/clog.go:1196  [config] file created at: 2020/04/09 11:49:54
I200409 11:49:54.379842 16 util/log/clog.go:1196  [config] running on machine: e641b4180d95
I200409 11:49:54.379842 16 util/log/clog.go:1196  [config] binary: CockroachDB CCL v19.2.5 (x86_64-unknown-linux-gnu, built 2020/03/16 18:27:12, go1.12.12)
I200409 11:49:54.379842 16 util/log/clog.go:1196  [config] arguments: [/cockroach/cockroach start --insecure]
I200409 11:49:54.379842 16 util/log/clog.go:1196  line format: [IWEF]yymmdd hh:mm:ss.uuuuuu goid file:line msg utf8=✓
I200409 11:49:54.379789 16 storage/engine/rocksdb.go:120  RocksDB version: 6.2.1
I200409 11:49:54.399929 16 storage/engine/rocksdb.go:120  Git sha rocksdb_build_git_sha:@b7009236531fa784872f4823eabf393501e41bf2@
I200409 11:49:54.400000 16 storage/engine/rocksdb.go:120  Compile date Mar 16 2020
I200409 11:49:54.400109 16 storage/engine/rocksdb.go:120  DB SUMMARY
I200409 11:49:54.406713 16 storage/engine/rocksdb.go:120  SST files in /cockroach/cockroach-data/cockroach-temp493883344 dir, Total Num: 0, files: 
I200409 11:49:54.429189 16 storage/engine/rocksdb.go:120  Write Ahead Log file in /cockroach/cockroach-data/cockroach-temp493883344: 
I200409 11:49:54.429255 16 storage/engine/rocksdb.go:120                          Options.error_if_exists: 0
I200409 11:49:54.429306 16 storage/engine/rocksdb.go:120                        Options.create_if_missing: 1
I200409 11:49:54.429351 16 storage/engine/rocksdb.go:120                          Options.paranoid_checks: 1
I200409 11:49:54.429390 16 storage/engine/rocksdb.go:120                                      Options.env: 0x75757a0
I200409 11:49:54.429583 16 storage/engine/rocksdb.go:120                                 Options.info_log: 0x7f8949c87f80
I200409 11:49:54.429628 16 storage/engine/rocksdb.go:120                 Options.max_file_opening_threads: 16
I200409 11:49:54.429862 16 storage/engine/rocksdb.go:120                               Options.statistics: 0x7f8949c1d8d0
I200409 11:49:54.429907 16 storage/engine/rocksdb.go:120                                Options.use_fsync: 0
I200409 11:49:54.429943 16 storage/engine/rocksdb.go:120                        Options.max_log_file_size: 0
I200409 11:49:54.429986 16 storage/engine/rocksdb.go:120                   Options.max_manifest_file_size: 134217728
I200409 11:49:54.430101 16 storage/engine/rocksdb.go:120                    Options.log_file_time_to_roll: 0
I200409 11:49:54.430143 16 storage/engine/rocksdb.go:120                        Options.keep_log_file_num: 1000
I200409 11:49:54.430189 16 storage/engine/rocksdb.go:120                     Options.recycle_log_file_num: 1
I200409 11:49:54.430270 16 storage/engine/rocksdb.go:120                          Options.allow_fallocate: 1
I200409 11:49:54.430313 16 storage/engine/rocksdb.go:120                         Options.allow_mmap_reads: 0
I200409 11:49:54.430353 16 storage/engine/rocksdb.go:120                        Options.allow_mmap_writes: 0
I200409 11:49:54.430484 16 storage/engine/rocksdb.go:120                         Options.use_direct_reads: 0
I200409 11:49:54.430514 16 storage/engine/rocksdb.go:120                         Options.use_direct_io_for_flush_and_compaction: 0
I200409 11:49:54.430667 16 storage/engine/rocksdb.go:120           Options.create_missing_column_families: 0
I200409 11:49:54.430702 16 storage/engine/rocksdb.go:120                               Options.db_log_dir: 
I200409 11:49:54.430748 16 storage/engine/rocksdb.go:120                                  Options.wal_dir: /cockroach/cockroach-data/cockroach-temp493883344
I200409 11:49:54.430844 16 storage/engine/rocksdb.go:120                 Options.table_cache_numshardbits: 6
I200409 11:49:54.430886 16 storage/engine/rocksdb.go:120                       Options.max_subcompactions: 1
I200409 11:49:54.430927 16 storage/engine/rocksdb.go:120                   Options.max_background_flushes: -1
I200409 11:49:54.431022 16 storage/engine/rocksdb.go:120                          Options.WAL_ttl_seconds: 0
I200409 11:49:54.431068 16 storage/engine/rocksdb.go:120                        Options.WAL_size_limit_MB: 0
I200409 11:49:54.431112 16 storage/engine/rocksdb.go:120              Options.manifest_preallocation_size: 4194304
I200409 11:49:54.431155 16 storage/engine/rocksdb.go:120                      Options.is_fd_close_on_exec: 1
I200409 11:49:54.431195 16 storage/engine/rocksdb.go:120                    Options.advise_random_on_open: 1
I200409 11:49:54.431237 16 storage/engine/rocksdb.go:120                     Options.db_write_buffer_size: 0
I200409 11:49:54.431273 16 storage/engine/rocksdb.go:120                     Options.write_buffer_manager: 0x7f8949c60ce0
I200409 11:49:54.431313 16 storage/engine/rocksdb.go:120          Options.access_hint_on_compaction_start: 1
I200409 11:49:54.431650 16 storage/engine/rocksdb.go:120   Options.new_table_reader_for_compaction_inputs: 0
I200409 11:49:54.431738 16 storage/engine/rocksdb.go:120            Options.random_access_max_buffer_size: 1048576
I200409 11:49:54.431776 16 storage/engine/rocksdb.go:120                       Options.use_adaptive_mutex: 0
I200409 11:49:54.431819 16 storage/engine/rocksdb.go:120                             Options.rate_limiter: (nil)
I200409 11:49:54.431901 16 storage/engine/rocksdb.go:120      Options.sst_file_manager.rate_bytes_per_sec: 0
I200409 11:49:54.431927 16 storage/engine/rocksdb.go:120                        Options.wal_recovery_mode: 0
I200409 11:49:54.431956 16 storage/engine/rocksdb.go:120                   Options.enable_thread_tracking: 0
I200409 11:49:54.431989 16 storage/engine/rocksdb.go:120                   Options.enable_pipelined_write: 0
I200409 11:49:54.432170 16 storage/engine/rocksdb.go:120          Options.allow_concurrent_memtable_write: 1
I200409 11:49:54.432200 16 storage/engine/rocksdb.go:120       Options.enable_write_thread_adaptive_yield: 1
I200409 11:49:54.432228 16 storage/engine/rocksdb.go:120              Options.write_thread_max_yield_usec: 100
I200409 11:49:54.432313 16 storage/engine/rocksdb.go:120             Options.write_thread_slow_yield_usec: 3
I200409 11:49:54.432350 16 storage/engine/rocksdb.go:120                                Options.row_cache: None
I200409 11:49:54.432394 16 storage/engine/rocksdb.go:120                               Options.wal_filter: None
I200409 11:49:54.432756 16 storage/engine/rocksdb.go:120              Options.avoid_flush_during_recovery: 0
I200409 11:49:54.433167 16 storage/engine/rocksdb.go:120              Options.allow_ingest_behind: 0
I200409 11:49:54.433211 16 storage/engine/rocksdb.go:120              Options.preserve_deletes: 0
I200409 11:49:54.433254 16 storage/engine/rocksdb.go:120              Options.two_write_queues: 0
I200409 11:49:54.433293 16 storage/engine/rocksdb.go:120              Options.manual_wal_flush: 1
I200409 11:49:54.433326 16 storage/engine/rocksdb.go:120              Options.atomic_flush: 0
I200409 11:49:54.433364 16 storage/engine/rocksdb.go:120              Options.avoid_unnecessary_blocking_io: 0
I200409 11:49:54.433766 16 storage/engine/rocksdb.go:120              Options.max_background_jobs: 2
I200409 11:49:54.433848 16 storage/engine/rocksdb.go:120              Options.max_background_compactions: -1
I200409 11:49:54.433901 16 storage/engine/rocksdb.go:120              Options.avoid_flush_during_shutdown: 0
I200409 11:49:54.433943 16 storage/engine/rocksdb.go:120            Options.writable_file_max_buffer_size: 1048576
I200409 11:49:54.433985 16 storage/engine/rocksdb.go:120              Options.delayed_write_rate : 16777216
I200409 11:49:54.434033 16 storage/engine/rocksdb.go:120              Options.max_total_wal_size: 0
I200409 11:49:54.434189 16 storage/engine/rocksdb.go:120              Options.delete_obsolete_files_period_micros: 21600000000
I200409 11:49:54.434935 16 storage/engine/rocksdb.go:120                    Options.stats_dump_period_sec: 0
I200409 11:49:54.435071 16 storage/engine/rocksdb.go:120                  Options.stats_persist_period_sec: 600
I200409 11:49:54.435113 16 storage/engine/rocksdb.go:120                  Options.stats_history_buffer_size: 1048576
I200409 11:49:54.435144 16 storage/engine/rocksdb.go:120                           Options.max_open_files: 128
I200409 11:49:54.435184 16 storage/engine/rocksdb.go:120                           Options.bytes_per_sync: 524288
I200409 11:49:54.435225 16 storage/engine/rocksdb.go:120                       Options.wal_bytes_per_sync: 0
I200409 11:49:54.435265 16 storage/engine/rocksdb.go:120                    Options.strict_bytes_per_sync: 1
I200409 11:49:54.435305 16 storage/engine/rocksdb.go:120        Options.compaction_readahead_size: 0
I200409 11:49:54.435344 16 storage/engine/rocksdb.go:120  Compression algorithms supported:
I200409 11:49:54.435386 16 storage/engine/rocksdb.go:120  	kZSTDNotFinalCompression supported: 0
I200409 11:49:54.435427 16 storage/engine/rocksdb.go:120  	kZSTD supported: 0
I200409 11:49:54.435468 16 storage/engine/rocksdb.go:120  	kXpressCompression supported: 0
I200409 11:49:54.435512 16 storage/engine/rocksdb.go:120  	kLZ4HCCompression supported: 0
I200409 11:49:54.435841 16 storage/engine/rocksdb.go:120  	kLZ4Compression supported: 0
I200409 11:49:54.435882 16 storage/engine/rocksdb.go:120  	kBZip2Compression supported: 0
I200409 11:49:54.435978 16 storage/engine/rocksdb.go:120  	kZlibCompression supported: 0
I200409 11:49:54.436059 16 storage/engine/rocksdb.go:120  	kSnappyCompression supported: 1
I200409 11:49:54.436121 16 storage/engine/rocksdb.go:120  Fast CRC32 supported: Supported on x86
I200409 11:49:54.420033 16 storage/engine/rocksdb.go:120  [db/db_impl_open.cc:242] Creating manifest 1 
I200409 11:49:54.464033 16 storage/engine/rocksdb.go:120  [db/version_set.cc:4072] Recovering from manifest file: /cockroach/cockroach-data/cockroach-temp493883344/MANIFEST-000001
I200409 11:49:54.471309 16 storage/engine/rocksdb.go:120  [db/column_family.cc:488] --------------- Options for column family [default]:
I200409 11:49:54.471387 16 storage/engine/rocksdb.go:120                Options.comparator: cockroach_comparator
I200409 11:49:54.471423 16 storage/engine/rocksdb.go:120            Options.merge_operator: cockroach_merge_operator
I200409 11:49:54.471464 16 storage/engine/rocksdb.go:120         Options.compaction_filter: None
I200409 11:49:54.471496 16 storage/engine/rocksdb.go:120         Options.compaction_filter_factory: None
I200409 11:49:54.471532 16 storage/engine/rocksdb.go:120          Options.memtable_factory: SkipListFactory
I200409 11:49:54.471570 16 storage/engine/rocksdb.go:120             Options.table_factory: BlockBasedTable
I200409 11:49:54.471690 16 storage/engine/rocksdb.go:120             table_factory options:   flush_block_policy_factory: FlushBlockBySizePolicyFactory (0x7f8949c24040)
  cache_index_and_filter_blocks: 0
  cache_index_and_filter_blocks_with_high_priority: 0
  pin_l0_filter_and_index_blocks_in_cache: 0
  pin_top_level_index_and_filter: 1
  index_type: 0
  data_block_index_type: 0
  index_shortening: 1
  data_block_hash_table_util_ratio: 0.750000
  hash_index_allow_collision: 1
  checksum: 1
  no_block_cache: 0
  block_cache: 0x7f8949c7a190
  block_cache_name: LRUCache
  block_cache_options:
    capacity : 1048576
    num_shard_bits : 4
    strict_capacity_limit : 0
    memory_allocator : None
    high_pri_pool_ratio: 0.000
  block_cache_compressed: (nil)
  persistent_cache: (nil)
  block_size: 32768
  block_size_deviation: 10
  block_restart_interval: 16
  index_block_restart_interval: 1
  metadata_block_size: 4096
  partition_filters: 0
  use_delta_encoding: 1
  filter_policy: rocksdb.BuiltinBloomFilter
  whole_key_filtering: 0
  verify_compression: 0
  read_amp_bytes_per_bit: 0
  format_version: 2
  enable_index_compression: 1
  block_align: 0
I200409 11:49:54.471747 16 storage/engine/rocksdb.go:120         Options.write_buffer_size: 67108864
I200409 11:49:54.471874 16 storage/engine/rocksdb.go:120   Options.max_write_buffer_number: 4
I200409 11:49:54.471905 16 storage/engine/rocksdb.go:120           Options.compression: Snappy
I200409 11:49:54.471944 16 storage/engine/rocksdb.go:120                   Options.bottommost_compression: Disabled
I200409 11:49:54.471974 16 storage/engine/rocksdb.go:120        Options.prefix_extractor: cockroach_prefix_extractor
I200409 11:49:54.472014 16 storage/engine/rocksdb.go:120    Options.memtable_insert_with_hint_prefix_extractor: nullptr
I200409 11:49:54.472044 16 storage/engine/rocksdb.go:120              Options.num_levels: 7
I200409 11:49:54.472065 16 storage/engine/rocksdb.go:120         Options.min_write_buffer_number_to_merge: 1
I200409 11:49:54.472099 16 storage/engine/rocksdb.go:120      Options.max_write_buffer_number_to_maintain: 0
I200409 11:49:54.472133 16 storage/engine/rocksdb.go:120             Options.bottommost_compression_opts.window_bits: -14
I200409 11:49:54.472176 16 storage/engine/rocksdb.go:120                   Options.bottommost_compression_opts.level: 32767
I200409 11:49:54.472210 16 storage/engine/rocksdb.go:120                Options.bottommost_compression_opts.strategy: 0
I200409 11:49:54.472243 16 storage/engine/rocksdb.go:120          Options.bottommost_compression_opts.max_dict_bytes: 0
I200409 11:49:54.472287 16 storage/engine/rocksdb.go:120          Options.bottommost_compression_opts.zstd_max_train_bytes: 0
I200409 11:49:54.472323 16 storage/engine/rocksdb.go:120                   Options.bottommost_compression_opts.enabled: false
I200409 11:49:54.472400 16 storage/engine/rocksdb.go:120             Options.compression_opts.window_bits: -14
I200409 11:49:54.472531 16 storage/engine/rocksdb.go:120                   Options.compression_opts.level: 32767
I200409 11:49:54.472592 16 storage/engine/rocksdb.go:120                Options.compression_opts.strategy: 0
I200409 11:49:54.472649 16 storage/engine/rocksdb.go:120          Options.compression_opts.max_dict_bytes: 0
I200409 11:49:54.472711 16 storage/engine/rocksdb.go:120          Options.compression_opts.zstd_max_train_bytes: 0
I200409 11:49:54.472842 16 storage/engine/rocksdb.go:120                   Options.compression_opts.enabled: false
I200409 11:49:54.472884 16 storage/engine/rocksdb.go:120       Options.level0_file_num_compaction_trigger: 2
I200409 11:49:54.472923 16 storage/engine/rocksdb.go:120           Options.level0_slowdown_writes_trigger: 950
I200409 11:49:54.472987 16 storage/engine/rocksdb.go:120               Options.level0_stop_writes_trigger: 1000
I200409 11:49:54.473026 16 storage/engine/rocksdb.go:120                    Options.target_file_size_base: 4194304
I200409 11:49:54.473066 16 storage/engine/rocksdb.go:120              Options.target_file_size_multiplier: 2
I200409 11:49:54.473107 16 storage/engine/rocksdb.go:120                 Options.max_bytes_for_level_base: 67108864
I200409 11:49:54.473148 16 storage/engine/rocksdb.go:120  Options.level_compaction_dynamic_level_bytes: 1
I200409 11:49:54.473193 16 storage/engine/rocksdb.go:120           Options.max_bytes_for_level_multiplier: 10.000000
I200409 11:49:54.473228 16 storage/engine/rocksdb.go:120  Options.max_bytes_for_level_multiplier_addtl[0]: 1
I200409 11:49:54.473259 16 storage/engine/rocksdb.go:120  Options.max_bytes_for_level_multiplier_addtl[1]: 1
I200409 11:49:54.473296 16 storage/engine/rocksdb.go:120  Options.max_bytes_for_level_multiplier_addtl[2]: 1
I200409 11:49:54.473330 16 storage/engine/rocksdb.go:120  Options.max_bytes_for_level_multiplier_addtl[3]: 1
I200409 11:49:54.473363 16 storage/engine/rocksdb.go:120  Options.max_bytes_for_level_multiplier_addtl[4]: 1
I200409 11:49:54.473405 16 storage/engine/rocksdb.go:120  Options.max_bytes_for_level_multiplier_addtl[5]: 1
I200409 11:49:54.473460 16 storage/engine/rocksdb.go:120  Options.max_bytes_for_level_multiplier_addtl[6]: 1
I200409 11:49:54.473500 16 storage/engine/rocksdb.go:120        Options.max_sequential_skip_in_iterations: 8
I200409 11:49:54.473563 16 storage/engine/rocksdb.go:120                     Options.max_compaction_bytes: 104857600
I200409 11:49:54.473603 16 storage/engine/rocksdb.go:120                         Options.arena_block_size: 8388608
I200409 11:49:54.473643 16 storage/engine/rocksdb.go:120    Options.soft_pending_compaction_bytes_limit: 2199023255552
I200409 11:49:54.473681 16 storage/engine/rocksdb.go:120    Options.hard_pending_compaction_bytes_limit: 4400193994752
I200409 11:49:54.473716 16 storage/engine/rocksdb.go:120        Options.rate_limit_delay_max_milliseconds: 100
I200409 11:49:54.473754 16 storage/engine/rocksdb.go:120                 Options.disable_auto_compactions: 0
I200409 11:49:54.473877 16 storage/engine/rocksdb.go:120                         Options.compaction_style: kCompactionStyleLevel
I200409 11:49:54.473913 16 storage/engine/rocksdb.go:120                           Options.compaction_pri: kMinOverlappingRatio
I200409 11:49:54.473940 16 storage/engine/rocksdb.go:120  Options.compaction_options_universal.size_ratio: 1
I200409 11:49:54.473978 16 storage/engine/rocksdb.go:120  Options.compaction_options_universal.min_merge_width: 2
I200409 11:49:54.474013 16 storage/engine/rocksdb.go:120  Options.compaction_options_universal.max_merge_width: 4294967295
I200409 11:49:54.474048 16 storage/engine/rocksdb.go:120  Options.compaction_options_universal.max_size_amplification_percent: 200
I200409 11:49:54.474081 16 storage/engine/rocksdb.go:120  Options.compaction_options_universal.compression_size_percent: -1
I200409 11:49:54.474115 16 storage/engine/rocksdb.go:120  Options.compaction_options_universal.stop_style: kCompactionStopStyleTotalSize
I200409 11:49:54.474162 16 storage/engine/rocksdb.go:120  Options.compaction_options_fifo.max_table_files_size: 1073741824
I200409 11:49:54.474194 16 storage/engine/rocksdb.go:120  Options.compaction_options_fifo.allow_compaction: 0
I200409 11:49:54.474230 16 storage/engine/rocksdb.go:120                    Options.table_properties_collectors: TimeBoundTblPropCollectorFactory; DeleteRangeTblPropCollectorFactory; 
I200409 11:49:54.474271 16 storage/engine/rocksdb.go:120                    Options.inplace_update_support: 0
I200409 11:49:54.474307 16 storage/engine/rocksdb.go:120                  Options.inplace_update_num_locks: 10000
I200409 11:49:54.474355 16 storage/engine/rocksdb.go:120                Options.memtable_prefix_bloom_size_ratio: 0.000000
I200409 11:49:54.474387 16 storage/engine/rocksdb.go:120                Options.memtable_whole_key_filtering: 0
I200409 11:49:54.474422 16 storage/engine/rocksdb.go:120    Options.memtable_huge_page_size: 0
I200409 11:49:54.474462 16 storage/engine/rocksdb.go:120                            Options.bloom_locality: 0
I200409 11:49:54.474496 16 storage/engine/rocksdb.go:120                     Options.max_successive_merges: 0
I200409 11:49:54.474541 16 storage/engine/rocksdb.go:120                 Options.optimize_filters_for_hits: 1
I200409 11:49:54.474574 16 storage/engine/rocksdb.go:120                 Options.paranoid_file_checks: 0
I200409 11:49:54.474610 16 storage/engine/rocksdb.go:120                 Options.force_consistency_checks: 0
I200409 11:49:54.474647 16 storage/engine/rocksdb.go:120                 Options.report_bg_io_stats: 0
I200409 11:49:54.474682 16 storage/engine/rocksdb.go:120                                Options.ttl: 0
I200409 11:49:54.474738 16 storage/engine/rocksdb.go:120           Options.periodic_compaction_seconds: 0
I200409 11:49:54.494272 16 storage/engine/rocksdb.go:120  [db/version_set.cc:4286] Recovered from manifest file:/cockroach/cockroach-data/cockroach-temp493883344/MANIFEST-000001 succeeded,manifest_file_number is 1, next_file_number is 3, last_sequence is 0, log_number is 0,prev_log_number is 0,max_column_family is 0,min_log_number_to_keep is 0
I200409 11:49:54.494323 16 storage/engine/rocksdb.go:120  [db/version_set.cc:4295] Column family [default] (ID 0), log number is 0
I200409 11:49:54.541388 16 storage/engine/rocksdb.go:120  DB pointer 0x7f8949d57000
I200409 11:49:54.668619 16 storage/engine/rocksdb.go:120  RocksDB version: 6.2.1
I200409 11:49:54.668760 16 storage/engine/rocksdb.go:120  Git sha rocksdb_build_git_sha:@b7009236531fa784872f4823eabf393501e41bf2@
I200409 11:49:54.668810 16 storage/engine/rocksdb.go:120  Compile date Mar 16 2020
I200409 11:49:54.669172 16 storage/engine/rocksdb.go:120  DB SUMMARY
I200409 11:49:54.678891 16 storage/engine/rocksdb.go:120  CURRENT file:  CURRENT
I200409 11:49:54.678983 16 storage/engine/rocksdb.go:120  IDENTITY file:  IDENTITY
I200409 11:49:54.681356 16 storage/engine/rocksdb.go:120  MANIFEST file:  MANIFEST-000001 size: 13 Bytes
I200409 11:49:54.681411 16 storage/engine/rocksdb.go:120  SST files in /cockroach/cockroach-data dir, Total Num: 0, files: 
I200409 11:49:54.681452 16 storage/engine/rocksdb.go:120  Write Ahead Log file in /cockroach/cockroach-data: 000003.log size: 747724 ; 
I200409 11:49:54.681486 16 storage/engine/rocksdb.go:120                          Options.error_if_exists: 0
I200409 11:49:54.681528 16 storage/engine/rocksdb.go:120                        Options.create_if_missing: 1
I200409 11:49:54.681562 16 storage/engine/rocksdb.go:120                          Options.paranoid_checks: 1
I200409 11:49:54.681602 16 storage/engine/rocksdb.go:120                                      Options.env: 0x75757a0
I200409 11:49:54.681639 16 storage/engine/rocksdb.go:120                                 Options.info_log: 0x7f8941a0d0a0
I200409 11:49:54.681674 16 storage/engine/rocksdb.go:120                 Options.max_file_opening_threads: 16
I200409 11:49:54.681709 16 storage/engine/rocksdb.go:120                               Options.statistics: 0x7f8941a22010
I200409 11:49:54.681750 16 storage/engine/rocksdb.go:120                                Options.use_fsync: 0
I200409 11:49:54.681782 16 storage/engine/rocksdb.go:120                        Options.max_log_file_size: 0
I200409 11:49:54.681820 16 storage/engine/rocksdb.go:120                   Options.max_manifest_file_size: 134217728
I200409 11:49:54.681858 16 storage/engine/rocksdb.go:120                    Options.log_file_time_to_roll: 0
I200409 11:49:54.682034 16 storage/engine/rocksdb.go:120                        Options.keep_log_file_num: 1000
I200409 11:49:54.682083 16 storage/engine/rocksdb.go:120                     Options.recycle_log_file_num: 1
I200409 11:49:54.682123 16 storage/engine/rocksdb.go:120                          Options.allow_fallocate: 1
I200409 11:49:54.682166 16 storage/engine/rocksdb.go:120                         Options.allow_mmap_reads: 0
I200409 11:49:54.682209 16 storage/engine/rocksdb.go:120                        Options.allow_mmap_writes: 0
I200409 11:49:54.682278 16 storage/engine/rocksdb.go:120                         Options.use_direct_reads: 0
I200409 11:49:54.682336 16 storage/engine/rocksdb.go:120                         Options.use_direct_io_for_flush_and_compaction: 0
I200409 11:49:54.682375 16 storage/engine/rocksdb.go:120           Options.create_missing_column_families: 0
I200409 11:49:54.682416 16 storage/engine/rocksdb.go:120                               Options.db_log_dir: 
I200409 11:49:54.682460 16 storage/engine/rocksdb.go:120                                  Options.wal_dir: /cockroach/cockroach-data
I200409 11:49:54.682502 16 storage/engine/rocksdb.go:120                 Options.table_cache_numshardbits: 6
I200409 11:49:54.682542 16 storage/engine/rocksdb.go:120                       Options.max_subcompactions: 1
I200409 11:49:54.682578 16 storage/engine/rocksdb.go:120                   Options.max_background_flushes: -1
I200409 11:49:54.682619 16 storage/engine/rocksdb.go:120                          Options.WAL_ttl_seconds: 0
I200409 11:49:54.682659 16 storage/engine/rocksdb.go:120                        Options.WAL_size_limit_MB: 0
I200409 11:49:54.682697 16 storage/engine/rocksdb.go:120              Options.manifest_preallocation_size: 4194304
I200409 11:49:54.682732 16 storage/engine/rocksdb.go:120                      Options.is_fd_close_on_exec: 1
I200409 11:49:54.682775 16 storage/engine/rocksdb.go:120                    Options.advise_random_on_open: 1
I200409 11:49:54.683027 16 storage/engine/rocksdb.go:120                     Options.db_write_buffer_size: 0
I200409 11:49:54.683080 16 storage/engine/rocksdb.go:120                     Options.write_buffer_manager: 0x7f8941a8a030
I200409 11:49:54.683118 16 storage/engine/rocksdb.go:120          Options.access_hint_on_compaction_start: 1
I200409 11:49:54.683154 16 storage/engine/rocksdb.go:120   Options.new_table_reader_for_compaction_inputs: 0
I200409 11:49:54.683192 16 storage/engine/rocksdb.go:120            Options.random_access_max_buffer_size: 1048576
I200409 11:49:54.683232 16 storage/engine/rocksdb.go:120                       Options.use_adaptive_mutex: 0
I200409 11:49:54.683273 16 storage/engine/rocksdb.go:120                             Options.rate_limiter: (nil)
I200409 11:49:54.683306 16 storage/engine/rocksdb.go:120      Options.sst_file_manager.rate_bytes_per_sec: 0
I200409 11:49:54.683344 16 storage/engine/rocksdb.go:120                        Options.wal_recovery_mode: 0
I200409 11:49:54.683377 16 storage/engine/rocksdb.go:120                   Options.enable_thread_tracking: 0
I200409 11:49:54.683415 16 storage/engine/rocksdb.go:120                   Options.enable_pipelined_write: 0
I200409 11:49:54.683452 16 storage/engine/rocksdb.go:120          Options.allow_concurrent_memtable_write: 1
I200409 11:49:54.683489 16 storage/engine/rocksdb.go:120       Options.enable_write_thread_adaptive_yield: 1
I200409 11:49:54.683525 16 storage/engine/rocksdb.go:120              Options.write_thread_max_yield_usec: 100
I200409 11:49:54.683564 16 storage/engine/rocksdb.go:120             Options.write_thread_slow_yield_usec: 3
I200409 11:49:54.683605 16 storage/engine/rocksdb.go:120                                Options.row_cache: None
I200409 11:49:54.683646 16 storage/engine/rocksdb.go:120                               Options.wal_filter: None
I200409 11:49:54.683687 16 storage/engine/rocksdb.go:120              Options.avoid_flush_during_recovery: 0
I200409 11:49:54.683724 16 storage/engine/rocksdb.go:120              Options.allow_ingest_behind: 0
I200409 11:49:54.683765 16 storage/engine/rocksdb.go:120              Options.preserve_deletes: 0
I200409 11:49:54.683802 16 storage/engine/rocksdb.go:120              Options.two_write_queues: 0
I200409 11:49:54.683842 16 storage/engine/rocksdb.go:120              Options.manual_wal_flush: 1
I200409 11:49:54.683874 16 storage/engine/rocksdb.go:120              Options.atomic_flush: 0
I200409 11:49:54.683915 16 storage/engine/rocksdb.go:120              Options.avoid_unnecessary_blocking_io: 0
I200409 11:49:54.683956 16 storage/engine/rocksdb.go:120              Options.max_background_jobs: 2
I200409 11:49:54.684096 16 storage/engine/rocksdb.go:120              Options.max_background_compactions: -1
I200409 11:49:54.684138 16 storage/engine/rocksdb.go:120              Options.avoid_flush_during_shutdown: 0
I200409 11:49:54.684174 16 storage/engine/rocksdb.go:120            Options.writable_file_max_buffer_size: 1048576
I200409 11:49:54.684215 16 storage/engine/rocksdb.go:120              Options.delayed_write_rate : 16777216
I200409 11:49:54.684256 16 storage/engine/rocksdb.go:120              Options.max_total_wal_size: 0
I200409 11:49:54.684298 16 storage/engine/rocksdb.go:120              Options.delete_obsolete_files_period_micros: 21600000000
I200409 11:49:54.684340 16 storage/engine/rocksdb.go:120                    Options.stats_dump_period_sec: 0
I200409 11:49:54.684381 16 storage/engine/rocksdb.go:120                  Options.stats_persist_period_sec: 600
I200409 11:49:54.684422 16 storage/engine/rocksdb.go:120                  Options.stats_history_buffer_size: 1048576
I200409 11:49:54.684463 16 storage/engine/rocksdb.go:120                           Options.max_open_files: 1043576
I200409 11:49:54.684503 16 storage/engine/rocksdb.go:120                           Options.bytes_per_sync: 524288
I200409 11:49:54.684544 16 storage/engine/rocksdb.go:120                       Options.wal_bytes_per_sync: 0
I200409 11:49:54.684585 16 storage/engine/rocksdb.go:120                    Options.strict_bytes_per_sync: 1
I200409 11:49:54.684626 16 storage/engine/rocksdb.go:120        Options.compaction_readahead_size: 0
I200409 11:49:54.684661 16 storage/engine/rocksdb.go:120  Compression algorithms supported:
I200409 11:49:54.684700 16 storage/engine/rocksdb.go:120  	kZSTDNotFinalCompression supported: 0
I200409 11:49:54.684740 16 storage/engine/rocksdb.go:120  	kZSTD supported: 0
I200409 11:49:54.684775 16 storage/engine/rocksdb.go:120  	kXpressCompression supported: 0
I200409 11:49:54.684809 16 storage/engine/rocksdb.go:120  	kLZ4HCCompression supported: 0
I200409 11:49:54.684841 16 storage/engine/rocksdb.go:120  	kLZ4Compression supported: 0
I200409 11:49:54.684882 16 storage/engine/rocksdb.go:120  	kBZip2Compression supported: 0
I200409 11:49:54.685032 16 storage/engine/rocksdb.go:120  	kZlibCompression supported: 0
I200409 11:49:54.685083 16 storage/engine/rocksdb.go:120  	kSnappyCompression supported: 1
I200409 11:49:54.685142 16 storage/engine/rocksdb.go:120  Fast CRC32 supported: Supported on x86
I200409 11:49:54.716470 16 storage/engine/rocksdb.go:120  [db/version_set.cc:4072] Recovering from manifest file: /cockroach/cockroach-data/MANIFEST-000001
I200409 11:49:54.721650 16 storage/engine/rocksdb.go:120  [db/column_family.cc:488] --------------- Options for column family [default]:
I200409 11:49:54.721953 16 storage/engine/rocksdb.go:120                Options.comparator: cockroach_comparator
I200409 11:49:54.721992 16 storage/engine/rocksdb.go:120            Options.merge_operator: cockroach_merge_operator
I200409 11:49:54.722026 16 storage/engine/rocksdb.go:120         Options.compaction_filter: None
I200409 11:49:54.722053 16 storage/engine/rocksdb.go:120         Options.compaction_filter_factory: None
I200409 11:49:54.722098 16 storage/engine/rocksdb.go:120          Options.memtable_factory: SkipListFactory
I200409 11:49:54.722139 16 storage/engine/rocksdb.go:120             Options.table_factory: BlockBasedTable
I200409 11:49:54.722256 16 storage/engine/rocksdb.go:120             table_factory options:   flush_block_policy_factory: FlushBlockBySizePolicyFactory (0x7f8941a16028)
  cache_index_and_filter_blocks: 0
  cache_index_and_filter_blocks_with_high_priority: 0
  pin_l0_filter_and_index_blocks_in_cache: 0
  pin_top_level_index_and_filter: 1
  index_type: 0
  data_block_index_type: 0
  index_shortening: 1
  data_block_hash_table_util_ratio: 0.750000
  hash_index_allow_collision: 1
  checksum: 1
  no_block_cache: 0
  block_cache: 0x7f8949d78390
  block_cache_name: LRUCache
  block_cache_options:
    capacity : 67108864
    num_shard_bits : 4
    strict_capacity_limit : 0
    memory_allocator : None
    high_pri_pool_ratio: 0.000
  block_cache_compressed: (nil)
  persistent_cache: (nil)
  block_size: 32768
  block_size_deviation: 10
  block_restart_interval: 16
  index_block_restart_interval: 1
  metadata_block_size: 4096
  partition_filters: 0
  use_delta_encoding: 1
  filter_policy: rocksdb.BuiltinBloomFilter
  whole_key_filtering: 0
  verify_compression: 0
  read_amp_bytes_per_bit: 0
  format_version: 2
  enable_index_compression: 1
  block_align: 0
I200409 11:49:54.722299 16 storage/engine/rocksdb.go:120         Options.write_buffer_size: 67108864
I200409 11:49:54.722345 16 storage/engine/rocksdb.go:120   Options.max_write_buffer_number: 4
I200409 11:49:54.722382 16 storage/engine/rocksdb.go:120           Options.compression: Snappy
I200409 11:49:54.722528 16 storage/engine/rocksdb.go:120                   Options.bottommost_compression: Disabled
I200409 11:49:54.722565 16 storage/engine/rocksdb.go:120        Options.prefix_extractor: cockroach_prefix_extractor
I200409 11:49:54.722606 16 storage/engine/rocksdb.go:120    Options.memtable_insert_with_hint_prefix_extractor: nullptr
I200409 11:49:54.722647 16 storage/engine/rocksdb.go:120              Options.num_levels: 7
I200409 11:49:54.722689 16 storage/engine/rocksdb.go:120         Options.min_write_buffer_number_to_merge: 1
I200409 11:49:54.722729 16 storage/engine/rocksdb.go:120      Options.max_write_buffer_number_to_maintain: 0
I200409 11:49:54.722766 16 storage/engine/rocksdb.go:120             Options.bottommost_compression_opts.window_bits: -14
I200409 11:49:54.722811 16 storage/engine/rocksdb.go:120                   Options.bottommost_compression_opts.level: 32767
I200409 11:49:54.722851 16 storage/engine/rocksdb.go:120                Options.bottommost_compression_opts.strategy: 0
I200409 11:49:54.723633 16 storage/engine/rocksdb.go:120          Options.bottommost_compression_opts.max_dict_bytes: 0
I200409 11:49:54.723678 16 storage/engine/rocksdb.go:120          Options.bottommost_compression_opts.zstd_max_train_bytes: 0
I200409 11:49:54.723728 16 storage/engine/rocksdb.go:120                   Options.bottommost_compression_opts.enabled: false
I200409 11:49:54.723767 16 storage/engine/rocksdb.go:120             Options.compression_opts.window_bits: -14
I200409 11:49:54.723791 16 storage/engine/rocksdb.go:120                   Options.compression_opts.level: 32767
I200409 11:49:54.723831 16 storage/engine/rocksdb.go:120                Options.compression_opts.strategy: 0
I200409 11:49:54.723860 16 storage/engine/rocksdb.go:120          Options.compression_opts.max_dict_bytes: 0
I200409 11:49:54.723899 16 storage/engine/rocksdb.go:120          Options.compression_opts.zstd_max_train_bytes: 0
I200409 11:49:54.723933 16 storage/engine/rocksdb.go:120                   Options.compression_opts.enabled: false
I200409 11:49:54.723976 16 storage/engine/rocksdb.go:120       Options.level0_file_num_compaction_trigger: 2
I200409 11:49:54.724016 16 storage/engine/rocksdb.go:120           Options.level0_slowdown_writes_trigger: 950
I200409 11:49:54.724146 16 storage/engine/rocksdb.go:120               Options.level0_stop_writes_trigger: 1000
I200409 11:49:54.724263 16 storage/engine/rocksdb.go:120                    Options.target_file_size_base: 4194304
I200409 11:49:54.724303 16 storage/engine/rocksdb.go:120              Options.target_file_size_multiplier: 2
I200409 11:49:54.724346 16 storage/engine/rocksdb.go:120                 Options.max_bytes_for_level_base: 67108864
I200409 11:49:54.724397 16 storage/engine/rocksdb.go:120  Options.level_compaction_dynamic_level_bytes: 1
I200409 11:49:54.724450 16 storage/engine/rocksdb.go:120           Options.max_bytes_for_level_multiplier: 10.000000
I200409 11:49:54.724491 16 storage/engine/rocksdb.go:120  Options.max_bytes_for_level_multiplier_addtl[0]: 1
I200409 11:49:54.724534 16 storage/engine/rocksdb.go:120  Options.max_bytes_for_level_multiplier_addtl[1]: 1
I200409 11:49:54.724577 16 storage/engine/rocksdb.go:120  Options.max_bytes_for_level_multiplier_addtl[2]: 1
I200409 11:49:54.724619 16 storage/engine/rocksdb.go:120  Options.max_bytes_for_level_multiplier_addtl[3]: 1
I200409 11:49:54.724660 16 storage/engine/rocksdb.go:120  Options.max_bytes_for_level_multiplier_addtl[4]: 1
I200409 11:49:54.724701 16 storage/engine/rocksdb.go:120  Options.max_bytes_for_level_multiplier_addtl[5]: 1
I200409 11:49:54.724746 16 storage/engine/rocksdb.go:120  Options.max_bytes_for_level_multiplier_addtl[6]: 1
I200409 11:49:54.724788 16 storage/engine/rocksdb.go:120        Options.max_sequential_skip_in_iterations: 8
I200409 11:49:54.724834 16 storage/engine/rocksdb.go:120                     Options.max_compaction_bytes: 104857600
I200409 11:49:54.724880 16 storage/engine/rocksdb.go:120                         Options.arena_block_size: 8388608
I200409 11:49:54.724924 16 storage/engine/rocksdb.go:120    Options.soft_pending_compaction_bytes_limit: 2199023255552
I200409 11:49:54.724965 16 storage/engine/rocksdb.go:120    Options.hard_pending_compaction_bytes_limit: 4400193994752
I200409 11:49:54.725001 16 storage/engine/rocksdb.go:120        Options.rate_limit_delay_max_milliseconds: 100
I200409 11:49:54.725037 16 storage/engine/rocksdb.go:120                 Options.disable_auto_compactions: 0
I200409 11:49:54.725085 16 storage/engine/rocksdb.go:120                         Options.compaction_style: kCompactionStyleLevel
I200409 11:49:54.725128 16 storage/engine/rocksdb.go:120                           Options.compaction_pri: kMinOverlappingRatio
I200409 11:49:54.725172 16 storage/engine/rocksdb.go:120  Options.compaction_options_universal.size_ratio: 1
I200409 11:49:54.725213 16 storage/engine/rocksdb.go:120  Options.compaction_options_universal.min_merge_width: 2
I200409 11:49:54.725254 16 storage/engine/rocksdb.go:120  Options.compaction_options_universal.max_merge_width: 4294967295
I200409 11:49:54.725294 16 storage/engine/rocksdb.go:120  Options.compaction_options_universal.max_size_amplification_percent: 200
I200409 11:49:54.725337 16 storage/engine/rocksdb.go:120  Options.compaction_options_universal.compression_size_percent: -1
I200409 11:49:54.725383 16 storage/engine/rocksdb.go:120  Options.compaction_options_universal.stop_style: kCompactionStopStyleTotalSize
I200409 11:49:54.725422 16 storage/engine/rocksdb.go:120  Options.compaction_options_fifo.max_table_files_size: 1073741824
I200409 11:49:54.725457 16 storage/engine/rocksdb.go:120  Options.compaction_options_fifo.allow_compaction: 0
I200409 11:49:54.725512 16 storage/engine/rocksdb.go:120                    Options.table_properties_collectors: TimeBoundTblPropCollectorFactory; DeleteRangeTblPropCollectorFactory; 
I200409 11:49:54.725556 16 storage/engine/rocksdb.go:120                    Options.inplace_update_support: 0
I200409 11:49:54.725592 16 storage/engine/rocksdb.go:120                  Options.inplace_update_num_locks: 10000
I200409 11:49:54.725641 16 storage/engine/rocksdb.go:120                Options.memtable_prefix_bloom_size_ratio: 0.000000
I200409 11:49:54.725680 16 storage/engine/rocksdb.go:120                Options.memtable_whole_key_filtering: 0
I200409 11:49:54.726744 16 storage/engine/rocksdb.go:120    Options.memtable_huge_page_size: 0
I200409 11:49:54.726883 16 storage/engine/rocksdb.go:120                            Options.bloom_locality: 0
I200409 11:49:54.726987 16 storage/engine/rocksdb.go:120                     Options.max_successive_merges: 0
I200409 11:49:54.727023 16 storage/engine/rocksdb.go:120                 Options.optimize_filters_for_hits: 1
I200409 11:49:54.727065 16 storage/engine/rocksdb.go:120                 Options.paranoid_file_checks: 0
I200409 11:49:54.727108 16 storage/engine/rocksdb.go:120                 Options.force_consistency_checks: 0
I200409 11:49:54.727289 16 storage/engine/rocksdb.go:120                 Options.report_bg_io_stats: 0
I200409 11:49:54.727328 16 storage/engine/rocksdb.go:120                                Options.ttl: 0
I200409 11:49:54.727367 16 storage/engine/rocksdb.go:120           Options.periodic_compaction_seconds: 0
I200409 11:49:54.735719 16 storage/engine/rocksdb.go:120  [db/version_set.cc:4286] Recovered from manifest file:/cockroach/cockroach-data/MANIFEST-000001 succeeded,manifest_file_number is 1, next_file_number is 3, last_sequence is 0, log_number is 0,prev_log_number is 0,max_column_family is 0,min_log_number_to_keep is 0
I200409 11:49:54.735773 16 storage/engine/rocksdb.go:120  [db/version_set.cc:4295] Column family [default] (ID 0), log number is 0
I200409 11:49:54.745474 16 storage/engine/rocksdb.go:120  EVENT_LOG_v1 {"time_micros": 1586432994745265, "job": 1, "event": "recovery_started", "log_files": [3]}
I200409 11:49:54.746242 16 storage/engine/rocksdb.go:120  [db/db_impl_open.cc:598] Recovering log #3 mode 0
I200409 11:49:54.823560 16 storage/engine/rocksdb.go:120  EVENT_LOG_v1 {"time_micros": 1586432994823338, "cf_name": "default", "job": 1, "event": "table_file_creation", "file_number": 4, "file_size": 91621, "table_properties": {"data_size": 88732, "index_size": 388, "index_partitions": 0, "top_level_index_size": 0, "index_key_is_user_key": 0, "index_value_is_delta_encoded": 0, "filter_size": 1605, "raw_key_size": 55915, "raw_average_key_size": 42, "raw_value_size": 289815, "raw_average_value_size": 218, "num_data_blocks": 8, "num_entries": 1324, "num_deletions": 72, "num_merge_operands": 664, "num_range_deletions": 664, "format_version": 0, "fixed_key_len": 0, "filter_policy": "rocksdb.BuiltinBloomFilter", "column_family_name": "default", "column_family_id": 0, "comparator": "cockroach_comparator", "merge_operator": "cockroach_merge_operator", "prefix_extractor_name": "cockroach_prefix_extractor", "property_collectors": "[TimeBoundTblPropCollectorFactory,DeleteRangeTblPropCollectorFactory]", "compression": "Snappy", "compression_options": "window_bits=-14; level=32767; strategy=0; max_dict_bytes=0; zstd_max_train_bytes=0; enabled=0; ", "creation_time": 1586432994, "oldest_key_time": 3, "file_creation_time": 0}}
I200409 11:49:54.824633 16 storage/engine/rocksdb.go:120  [db/version_set.cc:3560] Creating manifest 5
I200409 11:49:54.840002 16 storage/engine/rocksdb.go:120  EVENT_LOG_v1 {"time_micros": 1586432994839414, "job": 1, "event": "recovery_finished"}
I200409 11:49:54.881953 16 storage/engine/rocksdb.go:120  DB pointer 0x7f8941a98000
I200409 11:50:14.355464 843 storage/engine/rocksdb.go:120  bloom filter utility:    -nan%
I200409 11:50:14.356605 843 storage/engine/rocksdb.go:120  [db/db_impl.cc:392] Shutdown: canceling all background work
I200409 11:50:14.368186 843 storage/engine/rocksdb.go:120  [db/db_impl.cc:565] Shutdown complete
I200409 11:50:14.498301 843 storage/engine/rocksdb.go:120  bloom filter utility:    28.7%
I200409 11:50:14.499625 843 storage/engine/rocksdb.go:120  [db/db_impl.cc:392] Shutdown: canceling all background work
I200409 11:50:14.550471 843 storage/engine/rocksdb.go:120  [db/db_impl.cc:565] Shutdown complete
