I200409 11:50:31.806475 36 util/log/clog.go:1196  [config] file created at: 2020/04/09 11:50:31
I200409 11:50:31.806475 36 util/log/clog.go:1196  [config] running on machine: fd8157270bde
I200409 11:50:31.806475 36 util/log/clog.go:1196  [config] binary: CockroachDB CCL v19.2.5 (x86_64-unknown-linux-gnu, built 2020/03/16 18:27:12, go1.12.12)
I200409 11:50:31.806475 36 util/log/clog.go:1196  [config] arguments: [/cockroach/cockroach start --insecure]
I200409 11:50:31.806475 36 util/log/clog.go:1196  line format: [IWEF]yymmdd hh:mm:ss.uuuuuu goid file:line msg utf8=✓
I200409 11:50:31.806455 36 storage/engine/rocksdb.go:120  RocksDB version: 6.2.1
I200409 11:50:31.832266 36 storage/engine/rocksdb.go:120  Git sha rocksdb_build_git_sha:@b7009236531fa784872f4823eabf393501e41bf2@
I200409 11:50:31.832358 36 storage/engine/rocksdb.go:120  Compile date Mar 16 2020
I200409 11:50:31.832387 36 storage/engine/rocksdb.go:120  DB SUMMARY
I200409 11:50:31.842491 36 storage/engine/rocksdb.go:120  SST files in /cockroach/cockroach-data/cockroach-temp921454456 dir, Total Num: 0, files: 
I200409 11:50:31.912326 36 storage/engine/rocksdb.go:120  Write Ahead Log file in /cockroach/cockroach-data/cockroach-temp921454456: 
I200409 11:50:31.912443 36 storage/engine/rocksdb.go:120                          Options.error_if_exists: 0
I200409 11:50:31.912479 36 storage/engine/rocksdb.go:120                        Options.create_if_missing: 1
I200409 11:50:31.912522 36 storage/engine/rocksdb.go:120                          Options.paranoid_checks: 1
I200409 11:50:31.912555 36 storage/engine/rocksdb.go:120                                      Options.env: 0x75757a0
I200409 11:50:31.912583 36 storage/engine/rocksdb.go:120                                 Options.info_log: 0x7fb3dc6270e0
I200409 11:50:31.912612 36 storage/engine/rocksdb.go:120                 Options.max_file_opening_threads: 16
I200409 11:50:31.912640 36 storage/engine/rocksdb.go:120                               Options.statistics: 0x7fb3dc634010
I200409 11:50:31.912669 36 storage/engine/rocksdb.go:120                                Options.use_fsync: 0
I200409 11:50:31.912697 36 storage/engine/rocksdb.go:120                        Options.max_log_file_size: 0
I200409 11:50:31.912726 36 storage/engine/rocksdb.go:120                   Options.max_manifest_file_size: 134217728
I200409 11:50:31.912755 36 storage/engine/rocksdb.go:120                    Options.log_file_time_to_roll: 0
I200409 11:50:31.912783 36 storage/engine/rocksdb.go:120                        Options.keep_log_file_num: 1000
I200409 11:50:31.912917 36 storage/engine/rocksdb.go:120                     Options.recycle_log_file_num: 1
I200409 11:50:31.912947 36 storage/engine/rocksdb.go:120                          Options.allow_fallocate: 1
I200409 11:50:31.912975 36 storage/engine/rocksdb.go:120                         Options.allow_mmap_reads: 0
I200409 11:50:31.913089 36 storage/engine/rocksdb.go:120                        Options.allow_mmap_writes: 0
I200409 11:50:31.913200 36 storage/engine/rocksdb.go:120                         Options.use_direct_reads: 0
I200409 11:50:31.913243 36 storage/engine/rocksdb.go:120                         Options.use_direct_io_for_flush_and_compaction: 0
I200409 11:50:31.913285 36 storage/engine/rocksdb.go:120           Options.create_missing_column_families: 0
I200409 11:50:31.913326 36 storage/engine/rocksdb.go:120                               Options.db_log_dir: 
I200409 11:50:31.913366 36 storage/engine/rocksdb.go:120                                  Options.wal_dir: /cockroach/cockroach-data/cockroach-temp921454456
I200409 11:50:31.913408 36 storage/engine/rocksdb.go:120                 Options.table_cache_numshardbits: 6
I200409 11:50:31.913446 36 storage/engine/rocksdb.go:120                       Options.max_subcompactions: 1
I200409 11:50:31.913491 36 storage/engine/rocksdb.go:120                   Options.max_background_flushes: -1
I200409 11:50:31.913533 36 storage/engine/rocksdb.go:120                          Options.WAL_ttl_seconds: 0
I200409 11:50:31.913575 36 storage/engine/rocksdb.go:120                        Options.WAL_size_limit_MB: 0
I200409 11:50:31.913822 36 storage/engine/rocksdb.go:120              Options.manifest_preallocation_size: 4194304
I200409 11:50:31.913856 36 storage/engine/rocksdb.go:120                      Options.is_fd_close_on_exec: 1
I200409 11:50:31.913885 36 storage/engine/rocksdb.go:120                    Options.advise_random_on_open: 1
I200409 11:50:31.913913 36 storage/engine/rocksdb.go:120                     Options.db_write_buffer_size: 0
I200409 11:50:31.913963 36 storage/engine/rocksdb.go:120                     Options.write_buffer_manager: 0x7fb3dc619060
I200409 11:50:31.914004 36 storage/engine/rocksdb.go:120          Options.access_hint_on_compaction_start: 1
I200409 11:50:31.914036 36 storage/engine/rocksdb.go:120   Options.new_table_reader_for_compaction_inputs: 0
I200409 11:50:31.914068 36 storage/engine/rocksdb.go:120            Options.random_access_max_buffer_size: 1048576
I200409 11:50:31.914097 36 storage/engine/rocksdb.go:120                       Options.use_adaptive_mutex: 0
I200409 11:50:31.914125 36 storage/engine/rocksdb.go:120                             Options.rate_limiter: (nil)
I200409 11:50:31.914156 36 storage/engine/rocksdb.go:120      Options.sst_file_manager.rate_bytes_per_sec: 0
I200409 11:50:31.914184 36 storage/engine/rocksdb.go:120                        Options.wal_recovery_mode: 0
I200409 11:50:31.914213 36 storage/engine/rocksdb.go:120                   Options.enable_thread_tracking: 0
I200409 11:50:31.914242 36 storage/engine/rocksdb.go:120                   Options.enable_pipelined_write: 0
I200409 11:50:31.914278 36 storage/engine/rocksdb.go:120          Options.allow_concurrent_memtable_write: 1
I200409 11:50:31.914315 36 storage/engine/rocksdb.go:120       Options.enable_write_thread_adaptive_yield: 1
I200409 11:50:31.914347 36 storage/engine/rocksdb.go:120              Options.write_thread_max_yield_usec: 100
I200409 11:50:31.914381 36 storage/engine/rocksdb.go:120             Options.write_thread_slow_yield_usec: 3
I200409 11:50:31.914410 36 storage/engine/rocksdb.go:120                                Options.row_cache: None
I200409 11:50:31.914438 36 storage/engine/rocksdb.go:120                               Options.wal_filter: None
I200409 11:50:31.914467 36 storage/engine/rocksdb.go:120              Options.avoid_flush_during_recovery: 0
I200409 11:50:31.914495 36 storage/engine/rocksdb.go:120              Options.allow_ingest_behind: 0
I200409 11:50:31.914524 36 storage/engine/rocksdb.go:120              Options.preserve_deletes: 0
I200409 11:50:31.914552 36 storage/engine/rocksdb.go:120              Options.two_write_queues: 0
I200409 11:50:31.914580 36 storage/engine/rocksdb.go:120              Options.manual_wal_flush: 1
I200409 11:50:31.914609 36 storage/engine/rocksdb.go:120              Options.atomic_flush: 0
I200409 11:50:31.914643 36 storage/engine/rocksdb.go:120              Options.avoid_unnecessary_blocking_io: 0
I200409 11:50:31.914686 36 storage/engine/rocksdb.go:120              Options.max_background_jobs: 2
I200409 11:50:31.914730 36 storage/engine/rocksdb.go:120              Options.max_background_compactions: -1
I200409 11:50:31.914770 36 storage/engine/rocksdb.go:120              Options.avoid_flush_during_shutdown: 0
I200409 11:50:31.914813 36 storage/engine/rocksdb.go:120            Options.writable_file_max_buffer_size: 1048576
I200409 11:50:31.914853 36 storage/engine/rocksdb.go:120              Options.delayed_write_rate : 16777216
I200409 11:50:31.914902 36 storage/engine/rocksdb.go:120              Options.max_total_wal_size: 0
I200409 11:50:31.915042 36 storage/engine/rocksdb.go:120              Options.delete_obsolete_files_period_micros: 21600000000
I200409 11:50:31.915087 36 storage/engine/rocksdb.go:120                    Options.stats_dump_period_sec: 0
I200409 11:50:31.915128 36 storage/engine/rocksdb.go:120                  Options.stats_persist_period_sec: 600
I200409 11:50:31.915165 36 storage/engine/rocksdb.go:120                  Options.stats_history_buffer_size: 1048576
I200409 11:50:31.916807 36 storage/engine/rocksdb.go:120                           Options.max_open_files: 128
I200409 11:50:31.923933 36 storage/engine/rocksdb.go:120                           Options.bytes_per_sync: 524288
I200409 11:50:31.923978 36 storage/engine/rocksdb.go:120                       Options.wal_bytes_per_sync: 0
I200409 11:50:31.924022 36 storage/engine/rocksdb.go:120                    Options.strict_bytes_per_sync: 1
I200409 11:50:31.924063 36 storage/engine/rocksdb.go:120        Options.compaction_readahead_size: 0
I200409 11:50:31.924107 36 storage/engine/rocksdb.go:120  Compression algorithms supported:
I200409 11:50:31.924151 36 storage/engine/rocksdb.go:120  	kZSTDNotFinalCompression supported: 0
I200409 11:50:31.924195 36 storage/engine/rocksdb.go:120  	kZSTD supported: 0
I200409 11:50:31.924239 36 storage/engine/rocksdb.go:120  	kXpressCompression supported: 0
I200409 11:50:31.924279 36 storage/engine/rocksdb.go:120  	kLZ4HCCompression supported: 0
I200409 11:50:31.924339 36 storage/engine/rocksdb.go:120  	kLZ4Compression supported: 0
I200409 11:50:31.924381 36 storage/engine/rocksdb.go:120  	kBZip2Compression supported: 0
I200409 11:50:31.931030 36 storage/engine/rocksdb.go:120  	kZlibCompression supported: 0
I200409 11:50:31.935319 36 storage/engine/rocksdb.go:120  	kSnappyCompression supported: 1
I200409 11:50:31.941403 36 storage/engine/rocksdb.go:120  Fast CRC32 supported: Supported on x86
I200409 11:50:31.974384 36 storage/engine/rocksdb.go:120  [db/db_impl_open.cc:242] Creating manifest 1 
I200409 11:50:32.053573 36 storage/engine/rocksdb.go:120  [db/version_set.cc:4072] Recovering from manifest file: /cockroach/cockroach-data/cockroach-temp921454456/MANIFEST-000001
I200409 11:50:32.061868 36 storage/engine/rocksdb.go:120  [db/column_family.cc:488] --------------- Options for column family [default]:
I200409 11:50:32.061971 36 storage/engine/rocksdb.go:120                Options.comparator: cockroach_comparator
I200409 11:50:32.062053 36 storage/engine/rocksdb.go:120            Options.merge_operator: cockroach_merge_operator
I200409 11:50:32.062094 36 storage/engine/rocksdb.go:120         Options.compaction_filter: None
I200409 11:50:32.062133 36 storage/engine/rocksdb.go:120         Options.compaction_filter_factory: None
I200409 11:50:32.062206 36 storage/engine/rocksdb.go:120          Options.memtable_factory: SkipListFactory
I200409 11:50:32.062247 36 storage/engine/rocksdb.go:120             Options.table_factory: BlockBasedTable
I200409 11:50:32.062985 36 storage/engine/rocksdb.go:120             table_factory options:   flush_block_policy_factory: FlushBlockBySizePolicyFactory (0x7fb3dc628030)
  cache_index_and_filter_blocks: 0
  cache_index_and_filter_blocks_with_high_priority: 0
  pin_l0_filter_and_index_blocks_in_cache: 0
  pin_top_level_index_and_filter: 1
  index_type: 0
  data_block_index_type: 0
  index_shortening: 1
  data_block_hash_table_util_ratio: 0.750000
  hash_index_allow_collision: 1
  checksum: 1
  no_block_cache: 0
  block_cache: 0x7fb3dc61c010
  block_cache_name: LRUCache
  block_cache_options:
    capacity : 1048576
    num_shard_bits : 4
    strict_capacity_limit : 0
    memory_allocator : None
    high_pri_pool_ratio: 0.000
  block_cache_compressed: (nil)
  persistent_cache: (nil)
  block_size: 32768
  block_size_deviation: 10
  block_restart_interval: 16
  index_block_restart_interval: 1
  metadata_block_size: 4096
  partition_filters: 0
  use_delta_encoding: 1
  filter_policy: rocksdb.BuiltinBloomFilter
  whole_key_filtering: 0
  verify_compression: 0
  read_amp_bytes_per_bit: 0
  format_version: 2
  enable_index_compression: 1
  block_align: 0
I200409 11:50:32.063036 36 storage/engine/rocksdb.go:120         Options.write_buffer_size: 67108864
I200409 11:50:32.063121 36 storage/engine/rocksdb.go:120   Options.max_write_buffer_number: 4
I200409 11:50:32.064594 36 storage/engine/rocksdb.go:120           Options.compression: Snappy
I200409 11:50:32.066279 36 storage/engine/rocksdb.go:120                   Options.bottommost_compression: Disabled
I200409 11:50:32.066327 36 storage/engine/rocksdb.go:120        Options.prefix_extractor: cockroach_prefix_extractor
I200409 11:50:32.066379 36 storage/engine/rocksdb.go:120    Options.memtable_insert_with_hint_prefix_extractor: nullptr
I200409 11:50:32.066421 36 storage/engine/rocksdb.go:120              Options.num_levels: 7
I200409 11:50:32.066548 36 storage/engine/rocksdb.go:120         Options.min_write_buffer_number_to_merge: 1
I200409 11:50:32.066600 36 storage/engine/rocksdb.go:120      Options.max_write_buffer_number_to_maintain: 0
I200409 11:50:32.066645 36 storage/engine/rocksdb.go:120             Options.bottommost_compression_opts.window_bits: -14
I200409 11:50:32.066846 36 storage/engine/rocksdb.go:120                   Options.bottommost_compression_opts.level: 32767
I200409 11:50:32.066894 36 storage/engine/rocksdb.go:120                Options.bottommost_compression_opts.strategy: 0
I200409 11:50:32.066938 36 storage/engine/rocksdb.go:120          Options.bottommost_compression_opts.max_dict_bytes: 0
I200409 11:50:32.068433 36 storage/engine/rocksdb.go:120          Options.bottommost_compression_opts.zstd_max_train_bytes: 0
I200409 11:50:32.068473 36 storage/engine/rocksdb.go:120                   Options.bottommost_compression_opts.enabled: false
I200409 11:50:32.068917 36 storage/engine/rocksdb.go:120             Options.compression_opts.window_bits: -14
I200409 11:50:32.068988 36 storage/engine/rocksdb.go:120                   Options.compression_opts.level: 32767
I200409 11:50:32.069030 36 storage/engine/rocksdb.go:120                Options.compression_opts.strategy: 0
I200409 11:50:32.069065 36 storage/engine/rocksdb.go:120          Options.compression_opts.max_dict_bytes: 0
I200409 11:50:32.069117 36 storage/engine/rocksdb.go:120          Options.compression_opts.zstd_max_train_bytes: 0
I200409 11:50:32.069631 36 storage/engine/rocksdb.go:120                   Options.compression_opts.enabled: false
I200409 11:50:32.069704 36 storage/engine/rocksdb.go:120       Options.level0_file_num_compaction_trigger: 2
I200409 11:50:32.070695 36 storage/engine/rocksdb.go:120           Options.level0_slowdown_writes_trigger: 950
I200409 11:50:32.071593 36 storage/engine/rocksdb.go:120               Options.level0_stop_writes_trigger: 1000
I200409 11:50:32.075160 36 storage/engine/rocksdb.go:120                    Options.target_file_size_base: 4194304
I200409 11:50:32.075286 36 storage/engine/rocksdb.go:120              Options.target_file_size_multiplier: 2
I200409 11:50:32.075330 36 storage/engine/rocksdb.go:120                 Options.max_bytes_for_level_base: 67108864
I200409 11:50:32.075367 36 storage/engine/rocksdb.go:120  Options.level_compaction_dynamic_level_bytes: 1
I200409 11:50:32.075412 36 storage/engine/rocksdb.go:120           Options.max_bytes_for_level_multiplier: 10.000000
I200409 11:50:32.079581 36 storage/engine/rocksdb.go:120  Options.max_bytes_for_level_multiplier_addtl[0]: 1
I200409 11:50:32.079680 36 storage/engine/rocksdb.go:120  Options.max_bytes_for_level_multiplier_addtl[1]: 1
I200409 11:50:32.079728 36 storage/engine/rocksdb.go:120  Options.max_bytes_for_level_multiplier_addtl[2]: 1
I200409 11:50:32.081960 36 storage/engine/rocksdb.go:120  Options.max_bytes_for_level_multiplier_addtl[3]: 1
I200409 11:50:32.085415 36 storage/engine/rocksdb.go:120  Options.max_bytes_for_level_multiplier_addtl[4]: 1
I200409 11:50:32.097437 36 storage/engine/rocksdb.go:120  Options.max_bytes_for_level_multiplier_addtl[5]: 1
I200409 11:50:32.097483 36 storage/engine/rocksdb.go:120  Options.max_bytes_for_level_multiplier_addtl[6]: 1
I200409 11:50:32.097527 36 storage/engine/rocksdb.go:120        Options.max_sequential_skip_in_iterations: 8
I200409 11:50:32.097631 36 storage/engine/rocksdb.go:120                     Options.max_compaction_bytes: 104857600
I200409 11:50:32.097769 36 storage/engine/rocksdb.go:120                         Options.arena_block_size: 8388608
I200409 11:50:32.118279 36 storage/engine/rocksdb.go:120    Options.soft_pending_compaction_bytes_limit: 2199023255552
I200409 11:50:32.118349 36 storage/engine/rocksdb.go:120    Options.hard_pending_compaction_bytes_limit: 4400193994752
I200409 11:50:32.118391 36 storage/engine/rocksdb.go:120        Options.rate_limit_delay_max_milliseconds: 100
I200409 11:50:32.118437 36 storage/engine/rocksdb.go:120                 Options.disable_auto_compactions: 0
I200409 11:50:32.118485 36 storage/engine/rocksdb.go:120                         Options.compaction_style: kCompactionStyleLevel
I200409 11:50:32.118611 36 storage/engine/rocksdb.go:120                           Options.compaction_pri: kMinOverlappingRatio
I200409 11:50:32.118657 36 storage/engine/rocksdb.go:120  Options.compaction_options_universal.size_ratio: 1
I200409 11:50:32.126801 36 storage/engine/rocksdb.go:120  Options.compaction_options_universal.min_merge_width: 2
I200409 11:50:32.127092 36 storage/engine/rocksdb.go:120  Options.compaction_options_universal.max_merge_width: 4294967295
I200409 11:50:32.127265 36 storage/engine/rocksdb.go:120  Options.compaction_options_universal.max_size_amplification_percent: 200
I200409 11:50:32.127389 36 storage/engine/rocksdb.go:120  Options.compaction_options_universal.compression_size_percent: -1
I200409 11:50:32.127478 36 storage/engine/rocksdb.go:120  Options.compaction_options_universal.stop_style: kCompactionStopStyleTotalSize
I200409 11:50:32.127870 36 storage/engine/rocksdb.go:120  Options.compaction_options_fifo.max_table_files_size: 1073741824
I200409 11:50:32.127915 36 storage/engine/rocksdb.go:120  Options.compaction_options_fifo.allow_compaction: 0
I200409 11:50:32.128420 36 storage/engine/rocksdb.go:120                    Options.table_properties_collectors: TimeBoundTblPropCollectorFactory; DeleteRangeTblPropCollectorFactory; 
I200409 11:50:32.128470 36 storage/engine/rocksdb.go:120                    Options.inplace_update_support: 0
I200409 11:50:32.128508 36 storage/engine/rocksdb.go:120                  Options.inplace_update_num_locks: 10000
I200409 11:50:32.128546 36 storage/engine/rocksdb.go:120                Options.memtable_prefix_bloom_size_ratio: 0.000000
I200409 11:50:32.128590 36 storage/engine/rocksdb.go:120                Options.memtable_whole_key_filtering: 0
I200409 11:50:32.128755 36 storage/engine/rocksdb.go:120    Options.memtable_huge_page_size: 0
I200409 11:50:32.138157 36 storage/engine/rocksdb.go:120                            Options.bloom_locality: 0
I200409 11:50:32.138286 36 storage/engine/rocksdb.go:120                     Options.max_successive_merges: 0
I200409 11:50:32.139276 36 storage/engine/rocksdb.go:120                 Options.optimize_filters_for_hits: 1
I200409 11:50:32.139630 36 storage/engine/rocksdb.go:120                 Options.paranoid_file_checks: 0
I200409 11:50:32.147447 36 storage/engine/rocksdb.go:120                 Options.force_consistency_checks: 0
I200409 11:50:32.147593 36 storage/engine/rocksdb.go:120                 Options.report_bg_io_stats: 0
I200409 11:50:32.156394 36 storage/engine/rocksdb.go:120                                Options.ttl: 0
I200409 11:50:32.156529 36 storage/engine/rocksdb.go:120           Options.periodic_compaction_seconds: 0
I200409 11:50:32.189160 36 storage/engine/rocksdb.go:120  [db/version_set.cc:4286] Recovered from manifest file:/cockroach/cockroach-data/cockroach-temp921454456/MANIFEST-000001 succeeded,manifest_file_number is 1, next_file_number is 3, last_sequence is 0, log_number is 0,prev_log_number is 0,max_column_family is 0,min_log_number_to_keep is 0
I200409 11:50:32.189556 36 storage/engine/rocksdb.go:120  [db/version_set.cc:4295] Column family [default] (ID 0), log number is 0
I200409 11:50:32.247312 36 storage/engine/rocksdb.go:120  DB pointer 0x7fb3dc6a1000
I200409 11:50:32.572105 36 storage/engine/rocksdb.go:120  RocksDB version: 6.2.1
I200409 11:50:32.572520 36 storage/engine/rocksdb.go:120  Git sha rocksdb_build_git_sha:@b7009236531fa784872f4823eabf393501e41bf2@
I200409 11:50:32.572563 36 storage/engine/rocksdb.go:120  Compile date Mar 16 2020
I200409 11:50:32.573361 36 storage/engine/rocksdb.go:120  DB SUMMARY
I200409 11:50:32.589986 36 storage/engine/rocksdb.go:120  CURRENT file:  CURRENT
I200409 11:50:32.590021 36 storage/engine/rocksdb.go:120  IDENTITY file:  IDENTITY
I200409 11:50:32.597572 36 storage/engine/rocksdb.go:120  MANIFEST file:  MANIFEST-000005 size: 118 Bytes
I200409 11:50:32.598244 36 storage/engine/rocksdb.go:120  SST files in /cockroach/cockroach-data dir, Total Num: 1, files: 000004.sst 
I200409 11:50:32.598822 36 storage/engine/rocksdb.go:120  Write Ahead Log file in /cockroach/cockroach-data: 000006.log size: 498071 ; 
I200409 11:50:32.598867 36 storage/engine/rocksdb.go:120                          Options.error_if_exists: 0
I200409 11:50:32.598897 36 storage/engine/rocksdb.go:120                        Options.create_if_missing: 1
I200409 11:50:32.598936 36 storage/engine/rocksdb.go:120                          Options.paranoid_checks: 1
I200409 11:50:32.598972 36 storage/engine/rocksdb.go:120                                      Options.env: 0x75757a0
I200409 11:50:32.599007 36 storage/engine/rocksdb.go:120                                 Options.info_log: 0x7fb3dee0dce0
I200409 11:50:32.599048 36 storage/engine/rocksdb.go:120                 Options.max_file_opening_threads: 16
I200409 11:50:32.599088 36 storage/engine/rocksdb.go:120                               Options.statistics: 0x7fb3dee25010
I200409 11:50:32.599129 36 storage/engine/rocksdb.go:120                                Options.use_fsync: 0
I200409 11:50:32.599170 36 storage/engine/rocksdb.go:120                        Options.max_log_file_size: 0
I200409 11:50:32.599206 36 storage/engine/rocksdb.go:120                   Options.max_manifest_file_size: 134217728
I200409 11:50:32.599246 36 storage/engine/rocksdb.go:120                    Options.log_file_time_to_roll: 0
I200409 11:50:32.599288 36 storage/engine/rocksdb.go:120                        Options.keep_log_file_num: 1000
I200409 11:50:32.599329 36 storage/engine/rocksdb.go:120                     Options.recycle_log_file_num: 1
I200409 11:50:32.599360 36 storage/engine/rocksdb.go:120                          Options.allow_fallocate: 1
I200409 11:50:32.599402 36 storage/engine/rocksdb.go:120                         Options.allow_mmap_reads: 0
I200409 11:50:32.599443 36 storage/engine/rocksdb.go:120                        Options.allow_mmap_writes: 0
I200409 11:50:32.599489 36 storage/engine/rocksdb.go:120                         Options.use_direct_reads: 0
I200409 11:50:32.599538 36 storage/engine/rocksdb.go:120                         Options.use_direct_io_for_flush_and_compaction: 0
I200409 11:50:32.599580 36 storage/engine/rocksdb.go:120           Options.create_missing_column_families: 0
I200409 11:50:32.599902 36 storage/engine/rocksdb.go:120                               Options.db_log_dir: 
I200409 11:50:32.600051 36 storage/engine/rocksdb.go:120                                  Options.wal_dir: /cockroach/cockroach-data
I200409 11:50:32.600200 36 storage/engine/rocksdb.go:120                 Options.table_cache_numshardbits: 6
I200409 11:50:32.600246 36 storage/engine/rocksdb.go:120                       Options.max_subcompactions: 1
I200409 11:50:32.600342 36 storage/engine/rocksdb.go:120                   Options.max_background_flushes: -1
I200409 11:50:32.601016 36 storage/engine/rocksdb.go:120                          Options.WAL_ttl_seconds: 0
I200409 11:50:32.601057 36 storage/engine/rocksdb.go:120                        Options.WAL_size_limit_MB: 0
I200409 11:50:32.601102 36 storage/engine/rocksdb.go:120              Options.manifest_preallocation_size: 4194304
I200409 11:50:32.601144 36 storage/engine/rocksdb.go:120                      Options.is_fd_close_on_exec: 1
I200409 11:50:32.601182 36 storage/engine/rocksdb.go:120                    Options.advise_random_on_open: 1
I200409 11:50:32.602110 36 storage/engine/rocksdb.go:120                     Options.db_write_buffer_size: 0
I200409 11:50:32.602151 36 storage/engine/rocksdb.go:120                     Options.write_buffer_manager: 0x7fb3dee8d030
I200409 11:50:32.602194 36 storage/engine/rocksdb.go:120          Options.access_hint_on_compaction_start: 1
I200409 11:50:32.602237 36 storage/engine/rocksdb.go:120   Options.new_table_reader_for_compaction_inputs: 0
I200409 11:50:32.602279 36 storage/engine/rocksdb.go:120            Options.random_access_max_buffer_size: 1048576
I200409 11:50:32.602320 36 storage/engine/rocksdb.go:120                       Options.use_adaptive_mutex: 0
I200409 11:50:32.602361 36 storage/engine/rocksdb.go:120                             Options.rate_limiter: (nil)
I200409 11:50:32.602405 36 storage/engine/rocksdb.go:120      Options.sst_file_manager.rate_bytes_per_sec: 0
I200409 11:50:32.602446 36 storage/engine/rocksdb.go:120                        Options.wal_recovery_mode: 0
I200409 11:50:32.602487 36 storage/engine/rocksdb.go:120                   Options.enable_thread_tracking: 0
I200409 11:50:32.602528 36 storage/engine/rocksdb.go:120                   Options.enable_pipelined_write: 0
I200409 11:50:32.602572 36 storage/engine/rocksdb.go:120          Options.allow_concurrent_memtable_write: 1
I200409 11:50:32.602869 36 storage/engine/rocksdb.go:120       Options.enable_write_thread_adaptive_yield: 1
I200409 11:50:32.604184 36 storage/engine/rocksdb.go:120              Options.write_thread_max_yield_usec: 100
I200409 11:50:32.604231 36 storage/engine/rocksdb.go:120             Options.write_thread_slow_yield_usec: 3
I200409 11:50:32.604271 36 storage/engine/rocksdb.go:120                                Options.row_cache: None
I200409 11:50:32.604375 36 storage/engine/rocksdb.go:120                               Options.wal_filter: None
I200409 11:50:32.605489 36 storage/engine/rocksdb.go:120              Options.avoid_flush_during_recovery: 0
I200409 11:50:32.605532 36 storage/engine/rocksdb.go:120              Options.allow_ingest_behind: 0
I200409 11:50:32.605573 36 storage/engine/rocksdb.go:120              Options.preserve_deletes: 0
I200409 11:50:32.605614 36 storage/engine/rocksdb.go:120              Options.two_write_queues: 0
I200409 11:50:32.605657 36 storage/engine/rocksdb.go:120              Options.manual_wal_flush: 1
I200409 11:50:32.605698 36 storage/engine/rocksdb.go:120              Options.atomic_flush: 0
I200409 11:50:32.605740 36 storage/engine/rocksdb.go:120              Options.avoid_unnecessary_blocking_io: 0
I200409 11:50:32.605782 36 storage/engine/rocksdb.go:120              Options.max_background_jobs: 2
I200409 11:50:32.605823 36 storage/engine/rocksdb.go:120              Options.max_background_compactions: -1
I200409 11:50:32.605865 36 storage/engine/rocksdb.go:120              Options.avoid_flush_during_shutdown: 0
I200409 11:50:32.605907 36 storage/engine/rocksdb.go:120            Options.writable_file_max_buffer_size: 1048576
I200409 11:50:32.605948 36 storage/engine/rocksdb.go:120              Options.delayed_write_rate : 16777216
I200409 11:50:32.605989 36 storage/engine/rocksdb.go:120              Options.max_total_wal_size: 0
I200409 11:50:32.606031 36 storage/engine/rocksdb.go:120              Options.delete_obsolete_files_period_micros: 21600000000
I200409 11:50:32.606072 36 storage/engine/rocksdb.go:120                    Options.stats_dump_period_sec: 0
I200409 11:50:32.606112 36 storage/engine/rocksdb.go:120                  Options.stats_persist_period_sec: 600
I200409 11:50:32.606153 36 storage/engine/rocksdb.go:120                  Options.stats_history_buffer_size: 1048576
I200409 11:50:32.606196 36 storage/engine/rocksdb.go:120                           Options.max_open_files: 1043576
I200409 11:50:32.606236 36 storage/engine/rocksdb.go:120                           Options.bytes_per_sync: 524288
I200409 11:50:32.606277 36 storage/engine/rocksdb.go:120                       Options.wal_bytes_per_sync: 0
I200409 11:50:32.606319 36 storage/engine/rocksdb.go:120                    Options.strict_bytes_per_sync: 1
I200409 11:50:32.606360 36 storage/engine/rocksdb.go:120        Options.compaction_readahead_size: 0
I200409 11:50:32.606401 36 storage/engine/rocksdb.go:120  Compression algorithms supported:
I200409 11:50:32.606443 36 storage/engine/rocksdb.go:120  	kZSTDNotFinalCompression supported: 0
I200409 11:50:32.606484 36 storage/engine/rocksdb.go:120  	kZSTD supported: 0
I200409 11:50:32.606524 36 storage/engine/rocksdb.go:120  	kXpressCompression supported: 0
I200409 11:50:32.606564 36 storage/engine/rocksdb.go:120  	kLZ4HCCompression supported: 0
I200409 11:50:32.606605 36 storage/engine/rocksdb.go:120  	kLZ4Compression supported: 0
I200409 11:50:32.606646 36 storage/engine/rocksdb.go:120  	kBZip2Compression supported: 0
I200409 11:50:32.606686 36 storage/engine/rocksdb.go:120  	kZlibCompression supported: 0
I200409 11:50:32.606729 36 storage/engine/rocksdb.go:120  	kSnappyCompression supported: 1
I200409 11:50:32.606787 36 storage/engine/rocksdb.go:120  Fast CRC32 supported: Supported on x86
I200409 11:50:32.665047 36 storage/engine/rocksdb.go:120  [db/version_set.cc:4072] Recovering from manifest file: /cockroach/cockroach-data/MANIFEST-000005
I200409 11:50:32.674656 36 storage/engine/rocksdb.go:120  [db/column_family.cc:488] --------------- Options for column family [default]:
I200409 11:50:32.674708 36 storage/engine/rocksdb.go:120                Options.comparator: cockroach_comparator
I200409 11:50:32.674749 36 storage/engine/rocksdb.go:120            Options.merge_operator: cockroach_merge_operator
I200409 11:50:32.674791 36 storage/engine/rocksdb.go:120         Options.compaction_filter: None
I200409 11:50:32.675068 36 storage/engine/rocksdb.go:120         Options.compaction_filter_factory: None
I200409 11:50:32.675119 36 storage/engine/rocksdb.go:120          Options.memtable_factory: SkipListFactory
I200409 11:50:32.675269 36 storage/engine/rocksdb.go:120             Options.table_factory: BlockBasedTable
I200409 11:50:32.676299 36 storage/engine/rocksdb.go:120             table_factory options:   flush_block_policy_factory: FlushBlockBySizePolicyFactory (0x7fb3dee23028)
  cache_index_and_filter_blocks: 0
  cache_index_and_filter_blocks_with_high_priority: 0
  pin_l0_filter_and_index_blocks_in_cache: 0
  pin_top_level_index_and_filter: 1
  index_type: 0
  data_block_index_type: 0
  index_shortening: 1
  data_block_hash_table_util_ratio: 0.750000
  hash_index_allow_collision: 1
  checksum: 1
  no_block_cache: 0
  block_cache: 0x7fb3dee14010
  block_cache_name: LRUCache
  block_cache_options:
    capacity : 67108864
    num_shard_bits : 4
    strict_capacity_limit : 0
    memory_allocator : None
    high_pri_pool_ratio: 0.000
  block_cache_compressed: (nil)
  persistent_cache: (nil)
  block_size: 32768
  block_size_deviation: 10
  block_restart_interval: 16
  index_block_restart_interval: 1
  metadata_block_size: 4096
  partition_filters: 0
  use_delta_encoding: 1
  filter_policy: rocksdb.BuiltinBloomFilter
  whole_key_filtering: 0
  verify_compression: 0
  read_amp_bytes_per_bit: 0
  format_version: 2
  enable_index_compression: 1
  block_align: 0
I200409 11:50:32.676865 36 storage/engine/rocksdb.go:120         Options.write_buffer_size: 67108864
I200409 11:50:32.676914 36 storage/engine/rocksdb.go:120   Options.max_write_buffer_number: 4
I200409 11:50:32.676955 36 storage/engine/rocksdb.go:120           Options.compression: Snappy
I200409 11:50:32.676996 36 storage/engine/rocksdb.go:120                   Options.bottommost_compression: Disabled
I200409 11:50:32.677037 36 storage/engine/rocksdb.go:120        Options.prefix_extractor: cockroach_prefix_extractor
I200409 11:50:32.677078 36 storage/engine/rocksdb.go:120    Options.memtable_insert_with_hint_prefix_extractor: nullptr
I200409 11:50:32.677119 36 storage/engine/rocksdb.go:120              Options.num_levels: 7
I200409 11:50:32.677159 36 storage/engine/rocksdb.go:120         Options.min_write_buffer_number_to_merge: 1
I200409 11:50:32.677201 36 storage/engine/rocksdb.go:120      Options.max_write_buffer_number_to_maintain: 0
I200409 11:50:32.677241 36 storage/engine/rocksdb.go:120             Options.bottommost_compression_opts.window_bits: -14
I200409 11:50:32.677280 36 storage/engine/rocksdb.go:120                   Options.bottommost_compression_opts.level: 32767
I200409 11:50:32.677319 36 storage/engine/rocksdb.go:120                Options.bottommost_compression_opts.strategy: 0
I200409 11:50:32.677360 36 storage/engine/rocksdb.go:120          Options.bottommost_compression_opts.max_dict_bytes: 0
I200409 11:50:32.677401 36 storage/engine/rocksdb.go:120          Options.bottommost_compression_opts.zstd_max_train_bytes: 0
I200409 11:50:32.677586 36 storage/engine/rocksdb.go:120                   Options.bottommost_compression_opts.enabled: false
I200409 11:50:32.677874 36 storage/engine/rocksdb.go:120             Options.compression_opts.window_bits: -14
I200409 11:50:32.677919 36 storage/engine/rocksdb.go:120                   Options.compression_opts.level: 32767
I200409 11:50:32.677954 36 storage/engine/rocksdb.go:120                Options.compression_opts.strategy: 0
I200409 11:50:32.678440 36 storage/engine/rocksdb.go:120          Options.compression_opts.max_dict_bytes: 0
I200409 11:50:32.678479 36 storage/engine/rocksdb.go:120          Options.compression_opts.zstd_max_train_bytes: 0
I200409 11:50:32.678516 36 storage/engine/rocksdb.go:120                   Options.compression_opts.enabled: false
I200409 11:50:32.678553 36 storage/engine/rocksdb.go:120       Options.level0_file_num_compaction_trigger: 2
I200409 11:50:32.678589 36 storage/engine/rocksdb.go:120           Options.level0_slowdown_writes_trigger: 950
I200409 11:50:32.678626 36 storage/engine/rocksdb.go:120               Options.level0_stop_writes_trigger: 1000
I200409 11:50:32.678663 36 storage/engine/rocksdb.go:120                    Options.target_file_size_base: 4194304
I200409 11:50:32.678701 36 storage/engine/rocksdb.go:120              Options.target_file_size_multiplier: 2
I200409 11:50:32.678737 36 storage/engine/rocksdb.go:120                 Options.max_bytes_for_level_base: 67108864
I200409 11:50:32.678775 36 storage/engine/rocksdb.go:120  Options.level_compaction_dynamic_level_bytes: 1
I200409 11:50:32.678817 36 storage/engine/rocksdb.go:120           Options.max_bytes_for_level_multiplier: 10.000000
I200409 11:50:32.678854 36 storage/engine/rocksdb.go:120  Options.max_bytes_for_level_multiplier_addtl[0]: 1
I200409 11:50:32.678888 36 storage/engine/rocksdb.go:120  Options.max_bytes_for_level_multiplier_addtl[1]: 1
I200409 11:50:32.678927 36 storage/engine/rocksdb.go:120  Options.max_bytes_for_level_multiplier_addtl[2]: 1
I200409 11:50:32.678964 36 storage/engine/rocksdb.go:120  Options.max_bytes_for_level_multiplier_addtl[3]: 1
I200409 11:50:32.679001 36 storage/engine/rocksdb.go:120  Options.max_bytes_for_level_multiplier_addtl[4]: 1
I200409 11:50:32.679039 36 storage/engine/rocksdb.go:120  Options.max_bytes_for_level_multiplier_addtl[5]: 1
I200409 11:50:32.679075 36 storage/engine/rocksdb.go:120  Options.max_bytes_for_level_multiplier_addtl[6]: 1
I200409 11:50:32.679118 36 storage/engine/rocksdb.go:120        Options.max_sequential_skip_in_iterations: 8
I200409 11:50:32.679156 36 storage/engine/rocksdb.go:120                     Options.max_compaction_bytes: 104857600
I200409 11:50:32.679196 36 storage/engine/rocksdb.go:120                         Options.arena_block_size: 8388608
I200409 11:50:32.679241 36 storage/engine/rocksdb.go:120    Options.soft_pending_compaction_bytes_limit: 2199023255552
I200409 11:50:32.679281 36 storage/engine/rocksdb.go:120    Options.hard_pending_compaction_bytes_limit: 4400193994752
I200409 11:50:32.679329 36 storage/engine/rocksdb.go:120        Options.rate_limit_delay_max_milliseconds: 100
I200409 11:50:32.683077 36 storage/engine/rocksdb.go:120                 Options.disable_auto_compactions: 0
I200409 11:50:32.683147 36 storage/engine/rocksdb.go:120                         Options.compaction_style: kCompactionStyleLevel
I200409 11:50:32.683377 36 storage/engine/rocksdb.go:120                           Options.compaction_pri: kMinOverlappingRatio
I200409 11:50:32.683424 36 storage/engine/rocksdb.go:120  Options.compaction_options_universal.size_ratio: 1
I200409 11:50:32.683819 36 storage/engine/rocksdb.go:120  Options.compaction_options_universal.min_merge_width: 2
I200409 11:50:32.683865 36 storage/engine/rocksdb.go:120  Options.compaction_options_universal.max_merge_width: 4294967295
I200409 11:50:32.683904 36 storage/engine/rocksdb.go:120  Options.compaction_options_universal.max_size_amplification_percent: 200
I200409 11:50:32.683947 36 storage/engine/rocksdb.go:120  Options.compaction_options_universal.compression_size_percent: -1
I200409 11:50:32.683990 36 storage/engine/rocksdb.go:120  Options.compaction_options_universal.stop_style: kCompactionStopStyleTotalSize
I200409 11:50:32.684031 36 storage/engine/rocksdb.go:120  Options.compaction_options_fifo.max_table_files_size: 1073741824
I200409 11:50:32.684071 36 storage/engine/rocksdb.go:120  Options.compaction_options_fifo.allow_compaction: 0
I200409 11:50:32.684119 36 storage/engine/rocksdb.go:120                    Options.table_properties_collectors: TimeBoundTblPropCollectorFactory; DeleteRangeTblPropCollectorFactory; 
I200409 11:50:32.684163 36 storage/engine/rocksdb.go:120                    Options.inplace_update_support: 0
I200409 11:50:32.684202 36 storage/engine/rocksdb.go:120                  Options.inplace_update_num_locks: 10000
I200409 11:50:32.684245 36 storage/engine/rocksdb.go:120                Options.memtable_prefix_bloom_size_ratio: 0.000000
I200409 11:50:32.684284 36 storage/engine/rocksdb.go:120                Options.memtable_whole_key_filtering: 0
I200409 11:50:32.684324 36 storage/engine/rocksdb.go:120    Options.memtable_huge_page_size: 0
I200409 11:50:32.687314 36 storage/engine/rocksdb.go:120                            Options.bloom_locality: 0
I200409 11:50:32.687360 36 storage/engine/rocksdb.go:120                     Options.max_successive_merges: 0
I200409 11:50:32.688641 36 storage/engine/rocksdb.go:120                 Options.optimize_filters_for_hits: 1
I200409 11:50:32.689370 36 storage/engine/rocksdb.go:120                 Options.paranoid_file_checks: 0
I200409 11:50:32.690903 36 storage/engine/rocksdb.go:120                 Options.force_consistency_checks: 0
I200409 11:50:32.691268 36 storage/engine/rocksdb.go:120                 Options.report_bg_io_stats: 0
I200409 11:50:32.691634 36 storage/engine/rocksdb.go:120                                Options.ttl: 0
I200409 11:50:32.691727 36 storage/engine/rocksdb.go:120           Options.periodic_compaction_seconds: 0
I200409 11:50:32.730686 36 storage/engine/rocksdb.go:120  [db/version_set.cc:4286] Recovered from manifest file:/cockroach/cockroach-data/MANIFEST-000005 succeeded,manifest_file_number is 5, next_file_number is 7, last_sequence is 3273, log_number is 4,prev_log_number is 0,max_column_family is 0,min_log_number_to_keep is 0
I200409 11:50:32.730894 36 storage/engine/rocksdb.go:120  [db/version_set.cc:4295] Column family [default] (ID 0), log number is 4
I200409 11:50:32.750906 36 storage/engine/rocksdb.go:120  EVENT_LOG_v1 {"time_micros": 1586433032750550, "job": 1, "event": "recovery_started", "log_files": [6]}
I200409 11:50:32.751586 36 storage/engine/rocksdb.go:120  [db/db_impl_open.cc:598] Recovering log #6 mode 0
I200409 11:50:32.831878 36 storage/engine/rocksdb.go:120  EVENT_LOG_v1 {"time_micros": 1586433032829637, "cf_name": "default", "job": 1, "event": "table_file_creation", "file_number": 7, "file_size": 41659, "table_properties": {"data_size": 39147, "index_size": 209, "index_partitions": 0, "top_level_index_size": 0, "index_key_is_user_key": 0, "index_value_is_delta_encoded": 0, "filter_size": 1349, "raw_key_size": 48615, "raw_average_key_size": 45, "raw_value_size": 100509, "raw_average_value_size": 93, "num_data_blocks": 4, "num_entries": 1070, "num_deletions": 116, "num_merge_operands": 664, "num_range_deletions": 664, "format_version": 0, "fixed_key_len": 0, "filter_policy": "rocksdb.BuiltinBloomFilter", "column_family_name": "default", "column_family_id": 0, "comparator": "cockroach_comparator", "merge_operator": "cockroach_merge_operator", "prefix_extractor_name": "cockroach_prefix_extractor", "property_collectors": "[TimeBoundTblPropCollectorFactory,DeleteRangeTblPropCollectorFactory]", "compression": "Snappy", "compression_options": "window_bits=-14; level=32767; strategy=0; max_dict_bytes=0; zstd_max_train_bytes=0; enabled=0; ", "creation_time": 1586433032, "oldest_key_time": 3, "file_creation_time": 0}}
I200409 11:50:32.835361 36 storage/engine/rocksdb.go:120  [db/version_set.cc:3560] Creating manifest 8
I200409 11:50:32.880095 36 storage/engine/rocksdb.go:120  EVENT_LOG_v1 {"time_micros": 1586433032879063, "job": 1, "event": "recovery_finished"}
I200409 11:50:33.042801 17 storage/engine/rocksdb.go:120  [db/compaction_job.cc:1647] [default] [JOB 3] Compacting 2@0 files to L6, score 1.00
I200409 11:50:33.042872 17 storage/engine/rocksdb.go:120  [db/compaction_job.cc:1651] [default] Compaction start summary: Base version 2 Base level 0, inputs: [7(40KB) 4(89KB)]
I200409 11:50:33.043157 17 storage/engine/rocksdb.go:120  EVENT_LOG_v1 {"time_micros": 1586433033042967, "job": 3, "event": "compaction_started", "compaction_reason": "LevelL0FilesNum", "files_L0": [7, 4], "score": 1, "input_data_size": 133280}
I200409 11:50:33.069258 36 storage/engine/rocksdb.go:120  DB pointer 0x7fb3dee9a000
I200409 11:50:33.307339 17 storage/engine/rocksdb.go:120  [db/compaction_job.cc:1334] [default] [JOB 3] Generated table #12: 1440 keys, 62472 bytes
I200409 11:50:33.307705 17 storage/engine/rocksdb.go:120  EVENT_LOG_v1 {"time_micros": 1586433033307492, "cf_name": "default", "job": 3, "event": "table_file_creation", "file_number": 12, "file_size": 62472, "table_properties": {"data_size": 61274, "index_size": 337, "index_partitions": 0, "top_level_index_size": 0, "index_key_is_user_key": 0, "index_value_is_delta_encoded": 0, "filter_size": 0, "raw_key_size": 59094, "raw_average_key_size": 41, "raw_value_size": 168792, "raw_average_value_size": 117, "num_data_blocks": 7, "num_entries": 1440, "num_deletions": 0, "num_merge_operands": 0, "num_range_deletions": 0, "format_version": 0, "fixed_key_len": 0, "filter_policy": "rocksdb.BuiltinBloomFilter", "column_family_name": "default", "column_family_id": 0, "comparator": "cockroach_comparator", "merge_operator": "cockroach_merge_operator", "prefix_extractor_name": "cockroach_prefix_extractor", "property_collectors": "[TimeBoundTblPropCollectorFactory,DeleteRangeTblPropCollectorFactory]", "compression": "Snappy", "compression_options": "window_bits=-14; level=32767; strategy=0; max_dict_bytes=0; zstd_max_train_bytes=0; enabled=0; ", "creation_time": 1586433032, "oldest_key_time": 0, "file_creation_time": 1586433033}}
I200409 11:50:33.320426 17 storage/engine/rocksdb.go:120  [db/compaction_job.cc:1397] [default] [JOB 3] Compacted 2@0 files to L6 => 62472 bytes
I200409 11:50:33.320564 17 storage/engine/rocksdb.go:120  [db/version_set.cc:3086] More existing levels in DB than needed. max_bytes_for_level_multiplier may not be guaranteed.
I200409 11:50:33.323857 17 storage/engine/rocksdb.go:120  (Original Log Time 2020/04/09-11:50:33.323329) [db/compaction_job.cc:770] [default] compacted to: base level 6 level multiplier 10.00 max bytes base 67108864 files[0 0 0 0 0 0 1] max score 0.00, MB/sec: 0.5 rd, 0.2 wr, level 6, files in(2, 0) out(1) MB in(0.1, 0.0) out(0.1), read-write-amplify(1.5) write-amplify(0.5) OK, records in: 2394, records dropped: 290 output_compression: Snappy
I200409 11:50:33.323938 17 storage/engine/rocksdb.go:120  (Original Log Time 2020/04/09-11:50:33.323464) EVENT_LOG_v1 {"time_micros": 1586433033323410, "job": 3, "event": "compaction_finished", "compaction_time_micros": 272964, "compaction_time_cpu_micros": 71136, "output_level": 6, "num_output_files": 1, "total_output_size": 62472, "num_input_records": 1730, "num_output_records": 1440, "num_subcompactions": 1, "output_compression": "Snappy", "num_single_delete_mismatches": 0, "num_single_delete_fallthrough": 0, "lsm_state": [0, 0, 0, 0, 0, 0, 1]}
I200409 11:50:33.403620 36 storage/engine/rocksdb.go:120  EVENT_LOG_v1 {"time_micros": 1586433033403270, "job": 0, "event": "table_file_deletion", "file_number": 7}
I200409 11:50:33.408294 36 storage/engine/rocksdb.go:120  EVENT_LOG_v1 {"time_micros": 1586433033408187, "job": 0, "event": "table_file_deletion", "file_number": 4}
I200409 12:36:10.954253 99 storage/engine/rocksdb.go:120  [db/db_impl_write.cc:1437] [default] New memtable created with log file: #13. Immutable memtables: 0.
I200409 12:36:10.954736 17 storage/engine/rocksdb.go:120  (Original Log Time 2020/04/09-12:36:10.954610) [db/db_impl_compaction_flush.cc:2097] Calling FlushMemTableToOutputFile with column family [default], flush slots available 1, compaction slots available 1, flush slots scheduled 1, compaction slots scheduled 0
I200409 12:36:10.954782 17 storage/engine/rocksdb.go:120  [db/flush_job.cc:322] [default] [JOB 4] Flushing memtable with next log file: 13
I200409 12:36:10.954904 17 storage/engine/rocksdb.go:120  EVENT_LOG_v1 {"time_micros": 1586435770954849, "job": 4, "event": "flush_started", "num_memtables": 1, "num_entries": 214920, "num_deletes": 6203, "total_data_size": 61111524, "memory_usage": 65090296, "flush_reason": "Write Buffer Full"}
I200409 12:36:10.954952 17 storage/engine/rocksdb.go:120  [db/flush_job.cc:351] [default] [JOB 4] Level-0 flush table #14: started
I200409 12:36:11.993174 17 storage/engine/rocksdb.go:120  EVENT_LOG_v1 {"time_micros": 1586435771992888, "cf_name": "default", "job": 4, "event": "table_file_creation", "file_number": 14, "file_size": 418936, "table_properties": {"data_size": 406189, "index_size": 4433, "index_partitions": 0, "top_level_index_size": 0, "index_key_is_user_key": 0, "index_value_is_delta_encoded": 0, "filter_size": 9285, "raw_key_size": 261767, "raw_average_key_size": 31, "raw_value_size": 2207682, "raw_average_value_size": 262, "num_data_blocks": 70, "num_entries": 8417, "num_deletions": 6008, "num_merge_operands": 1328, "num_range_deletions": 1328, "format_version": 0, "fixed_key_len": 0, "filter_policy": "rocksdb.BuiltinBloomFilter", "column_family_name": "default", "column_family_id": 0, "comparator": "cockroach_comparator", "merge_operator": "cockroach_merge_operator", "prefix_extractor_name": "cockroach_prefix_extractor", "property_collectors": "[TimeBoundTblPropCollectorFactory,DeleteRangeTblPropCollectorFactory]", "compression": "Snappy", "compression_options": "window_bits=-14; level=32767; strategy=0; max_dict_bytes=0; zstd_max_train_bytes=0; enabled=0; ", "creation_time": 1586435770, "oldest_key_time": 1586433033, "file_creation_time": 1586435770}}
I200409 12:36:11.993447 17 storage/engine/rocksdb.go:120  [db/flush_job.cc:392] [default] [JOB 4] Level-0 flush table #14: 418936 bytes OK
I200409 12:36:11.993683 17 storage/engine/rocksdb.go:120  [db/version_set.cc:3086] More existing levels in DB than needed. max_bytes_for_level_multiplier may not be guaranteed.
I200409 12:36:11.996271 17 storage/engine/rocksdb.go:120  [db/db_impl_files.cc:194] adding log 9 to recycle list
I200409 12:36:11.996528 17 storage/engine/rocksdb.go:120  (Original Log Time 2020/04/09-12:36:11.993557) [db/memtable_list.cc:386] [default] Level-0 commit table #14 started
I200409 12:36:11.996714 17 storage/engine/rocksdb.go:120  (Original Log Time 2020/04/09-12:36:11.994856) [db/memtable_list.cc:434] [default] Level-0 commit table #14: memtable #1 done
I200409 12:36:11.996765 17 storage/engine/rocksdb.go:120  (Original Log Time 2020/04/09-12:36:11.995029) EVENT_LOG_v1 {"time_micros": 1586435771995005, "job": 4, "event": "flush_finished", "output_compression": "Snappy", "lsm_state": [1, 0, 0, 0, 0, 0, 1], "immutable_memtables": 0}
I200409 12:36:11.996960 17 storage/engine/rocksdb.go:120  (Original Log Time 2020/04/09-12:36:11.995202) [db/db_impl_compaction_flush.cc:208] [default] Level summary: base level 6 level multiplier 10.00 max bytes base 67108864 files[1 0 0 0 0 0 1] max score 0.50
I200409 13:21:37.771077 82 storage/engine/rocksdb.go:120  [db/db_impl_open.cc:1125] reusing log 9 from recycle list
I200409 13:21:37.813557 82 storage/engine/rocksdb.go:120  [db/db_impl_write.cc:1437] [default] New memtable created with log file: #15. Immutable memtables: 0.
I200409 13:21:37.815379 17 storage/engine/rocksdb.go:120  (Original Log Time 2020/04/09-13:21:37.815192) [db/db_impl_compaction_flush.cc:2097] Calling FlushMemTableToOutputFile with column family [default], flush slots available 1, compaction slots available 1, flush slots scheduled 1, compaction slots scheduled 0
I200409 13:21:37.815430 17 storage/engine/rocksdb.go:120  [db/flush_job.cc:322] [default] [JOB 5] Flushing memtable with next log file: 15
I200409 13:21:37.815532 17 storage/engine/rocksdb.go:120  EVENT_LOG_v1 {"time_micros": 1586438497815499, "job": 5, "event": "flush_started", "num_memtables": 1, "num_entries": 216254, "num_deletes": 6650, "total_data_size": 61037827, "memory_usage": 65103120, "flush_reason": "Write Buffer Full"}
I200409 13:21:37.815691 17 storage/engine/rocksdb.go:120  [db/flush_job.cc:351] [default] [JOB 5] Level-0 flush table #16: started
I200409 13:21:40.895215 17 storage/engine/rocksdb.go:120  EVENT_LOG_v1 {"time_micros": 1586438500895038, "cf_name": "default", "job": 5, "event": "table_file_creation", "file_number": 16, "file_size": 453720, "table_properties": {"data_size": 440354, "index_size": 4586, "index_partitions": 0, "top_level_index_size": 0, "index_key_is_user_key": 0, "index_value_is_delta_encoded": 0, "filter_size": 9797, "raw_key_size": 287627, "raw_average_key_size": 31, "raw_value_size": 2304356, "raw_average_value_size": 250, "num_data_blocks": 74, "num_entries": 9186, "num_deletions": 6400, "num_merge_operands": 1328, "num_range_deletions": 1328, "format_version": 0, "fixed_key_len": 0, "filter_policy": "rocksdb.BuiltinBloomFilter", "column_family_name": "default", "column_family_id": 0, "comparator": "cockroach_comparator", "merge_operator": "cockroach_merge_operator", "prefix_extractor_name": "cockroach_prefix_extractor", "property_collectors": "[TimeBoundTblPropCollectorFactory,DeleteRangeTblPropCollectorFactory]", "compression": "Snappy", "compression_options": "window_bits=-14; level=32767; strategy=0; max_dict_bytes=0; zstd_max_train_bytes=0; enabled=0; ", "creation_time": 1586438497, "oldest_key_time": 1586435770, "file_creation_time": 1586438497}}
I200409 13:21:40.895294 17 storage/engine/rocksdb.go:120  [db/flush_job.cc:392] [default] [JOB 5] Level-0 flush table #16: 453720 bytes OK
I200409 13:21:40.895407 17 storage/engine/rocksdb.go:120  [db/version_set.cc:3086] More existing levels in DB than needed. max_bytes_for_level_multiplier may not be guaranteed.
I200409 13:21:40.896995 17 storage/engine/rocksdb.go:120  [db/compaction_job.cc:1647] [default] [JOB 6] Compacting 2@0 + 1@6 files to L6, score 1.00
I200409 13:21:40.897040 17 storage/engine/rocksdb.go:120  [db/compaction_job.cc:1651] [default] Compaction start summary: Base version 5 Base level 0, inputs: [16(443KB) 14(409KB)], [12(61KB)]
I200409 13:21:40.897119 17 storage/engine/rocksdb.go:120  EVENT_LOG_v1 {"time_micros": 1586438500897076, "job": 6, "event": "compaction_started", "compaction_reason": "LevelL0FilesNum", "files_L0": [16, 14], "files_L6": [12], "score": 1, "input_data_size": 935128}
I200409 13:21:40.898731 17 storage/engine/rocksdb.go:120  [db/db_impl_files.cc:194] adding log 13 to recycle list
I200409 13:21:40.898812 17 storage/engine/rocksdb.go:120  (Original Log Time 2020/04/09-13:21:40.895351) [db/memtable_list.cc:386] [default] Level-0 commit table #16 started
I200409 13:21:40.898864 17 storage/engine/rocksdb.go:120  (Original Log Time 2020/04/09-13:21:40.896574) [db/memtable_list.cc:434] [default] Level-0 commit table #16: memtable #1 done
I200409 13:21:40.898922 17 storage/engine/rocksdb.go:120  (Original Log Time 2020/04/09-13:21:40.896741) EVENT_LOG_v1 {"time_micros": 1586438500896717, "job": 5, "event": "flush_finished", "output_compression": "Snappy", "lsm_state": [2, 0, 0, 0, 0, 0, 1], "immutable_memtables": 0}
I200409 13:21:40.898967 17 storage/engine/rocksdb.go:120  (Original Log Time 2020/04/09-13:21:40.896845) [db/db_impl_compaction_flush.cc:208] [default] Level summary: base level 6 level multiplier 10.00 max bytes base 67108864 files[2 0 0 0 0 0 1] max score 1.00
I200409 13:21:41.123270 17 storage/engine/rocksdb.go:120  [db/compaction_job.cc:1334] [default] [JOB 6] Generated table #17: 4455 keys, 665126 bytes
I200409 13:21:41.123393 17 storage/engine/rocksdb.go:120  EVENT_LOG_v1 {"time_micros": 1586438501123328, "cf_name": "default", "job": 6, "event": "table_file_creation", "file_number": 17, "file_size": 665126, "table_properties": {"data_size": 660653, "index_size": 8126, "index_partitions": 0, "top_level_index_size": 0, "index_key_is_user_key": 0, "index_value_is_delta_encoded": 0, "filter_size": 0, "raw_key_size": 185338, "raw_average_key_size": 41, "raw_value_size": 4106319, "raw_average_value_size": 921, "num_data_blocks": 125, "num_entries": 4455, "num_deletions": 0, "num_merge_operands": 0, "num_range_deletions": 0, "format_version": 0, "fixed_key_len": 0, "filter_policy": "rocksdb.BuiltinBloomFilter", "column_family_name": "default", "column_family_id": 0, "comparator": "cockroach_comparator", "merge_operator": "cockroach_merge_operator", "prefix_extractor_name": "cockroach_prefix_extractor", "property_collectors": "[TimeBoundTblPropCollectorFactory,DeleteRangeTblPropCollectorFactory]", "compression": "Snappy", "compression_options": "window_bits=-14; level=32767; strategy=0; max_dict_bytes=0; zstd_max_train_bytes=0; enabled=0; ", "creation_time": 1586438497, "oldest_key_time": 0, "file_creation_time": 1586438500}}
I200409 13:21:41.130153 17 storage/engine/rocksdb.go:120  [db/compaction_job.cc:1397] [default] [JOB 6] Compacted 2@0 + 1@6 files to L6 => 665126 bytes
I200409 13:21:41.130228 17 storage/engine/rocksdb.go:120  [db/version_set.cc:3086] More existing levels in DB than needed. max_bytes_for_level_multiplier may not be guaranteed.
I200409 13:21:41.131275 17 storage/engine/rocksdb.go:120  (Original Log Time 2020/04/09-13:21:41.131105) [db/compaction_job.cc:770] [default] compacted to: base level 6 level multiplier 10.00 max bytes base 67108864 files[0 0 0 0 0 0 1] max score 0.00, MB/sec: 4.1 rd, 2.9 wr, level 6, files in(2, 1) out(1) MB in(0.8, 0.1) out(0.6), read-write-amplify(1.8) write-amplify(0.8) OK, records in: 19043, records dropped: 13260 output_compression: Snappy
I200409 13:21:41.131337 17 storage/engine/rocksdb.go:120  (Original Log Time 2020/04/09-13:21:41.131174) EVENT_LOG_v1 {"time_micros": 1586438501131141, "job": 6, "event": "compaction_finished", "compaction_time_micros": 228750, "compaction_time_cpu_micros": 150802, "output_level": 6, "num_output_files": 1, "total_output_size": 665126, "num_input_records": 17715, "num_output_records": 4455, "num_subcompactions": 1, "output_compression": "Snappy", "num_single_delete_mismatches": 0, "num_single_delete_fallthrough": 0, "lsm_state": [0, 0, 0, 0, 0, 0, 1]}
I200409 13:21:41.135471 17 storage/engine/rocksdb.go:120  EVENT_LOG_v1 {"time_micros": 1586438501135315, "job": 6, "event": "table_file_deletion", "file_number": 16}
I200409 13:21:41.139153 17 storage/engine/rocksdb.go:120  EVENT_LOG_v1 {"time_micros": 1586438501139023, "job": 6, "event": "table_file_deletion", "file_number": 14}
I200409 13:21:41.142996 17 storage/engine/rocksdb.go:120  EVENT_LOG_v1 {"time_micros": 1586438501142921, "job": 6, "event": "table_file_deletion", "file_number": 12}
I200409 16:20:06.063196 79 storage/engine/rocksdb.go:120  [db/db_impl_open.cc:1125] reusing log 13 from recycle list
I200409 16:20:06.156151 79 storage/engine/rocksdb.go:120  [db/db_impl_write.cc:1437] [default] New memtable created with log file: #18. Immutable memtables: 0.
I200409 16:20:06.158943 17 storage/engine/rocksdb.go:120  (Original Log Time 2020/04/09-16:20:06.157701) [db/db_impl_compaction_flush.cc:2097] Calling FlushMemTableToOutputFile with column family [default], flush slots available 1, compaction slots available 1, flush slots scheduled 1, compaction slots scheduled 0
I200409 16:20:06.159052 17 storage/engine/rocksdb.go:120  [db/flush_job.cc:322] [default] [JOB 7] Flushing memtable with next log file: 18
I200409 16:20:06.159254 17 storage/engine/rocksdb.go:120  EVENT_LOG_v1 {"time_micros": 1586449206159206, "job": 7, "event": "flush_started", "num_memtables": 1, "num_entries": 213981, "num_deletes": 5988, "total_data_size": 61090156, "memory_usage": 65014248, "flush_reason": "Write Buffer Full"}
I200409 16:20:06.159335 17 storage/engine/rocksdb.go:120  [db/flush_job.cc:351] [default] [JOB 7] Level-0 flush table #19: started
I200409 16:20:06.885828 17 storage/engine/rocksdb.go:120  EVENT_LOG_v1 {"time_micros": 1586449206885678, "cf_name": "default", "job": 7, "event": "table_file_creation", "file_number": 19, "file_size": 416666, "table_properties": {"data_size": 403658, "index_size": 4442, "index_partitions": 0, "top_level_index_size": 0, "index_key_is_user_key": 0, "index_value_is_delta_encoded": 0, "filter_size": 9541, "raw_key_size": 294043, "raw_average_key_size": 33, "raw_value_size": 2165841, "raw_average_value_size": 244, "num_data_blocks": 70, "num_entries": 8861, "num_deletions": 5859, "num_merge_operands": 1992, "num_range_deletions": 1992, "format_version": 0, "fixed_key_len": 0, "filter_policy": "rocksdb.BuiltinBloomFilter", "column_family_name": "default", "column_family_id": 0, "comparator": "cockroach_comparator", "merge_operator": "cockroach_merge_operator", "prefix_extractor_name": "cockroach_prefix_extractor", "property_collectors": "[TimeBoundTblPropCollectorFactory,DeleteRangeTblPropCollectorFactory]", "compression": "Snappy", "compression_options": "window_bits=-14; level=32767; strategy=0; max_dict_bytes=0; zstd_max_train_bytes=0; enabled=0; ", "creation_time": 1586449206, "oldest_key_time": 1586438497, "file_creation_time": 1586449206}}
I200409 16:20:06.885929 17 storage/engine/rocksdb.go:120  [db/flush_job.cc:392] [default] [JOB 7] Level-0 flush table #19: 416666 bytes OK
I200409 16:20:06.886150 17 storage/engine/rocksdb.go:120  [db/version_set.cc:3086] More existing levels in DB than needed. max_bytes_for_level_multiplier may not be guaranteed.
I200409 16:20:06.887812 17 storage/engine/rocksdb.go:120  [db/db_impl_files.cc:194] adding log 15 to recycle list
I200409 16:20:06.887864 17 storage/engine/rocksdb.go:120  (Original Log Time 2020/04/09-16:20:06.885981) [db/memtable_list.cc:386] [default] Level-0 commit table #19 started
I200409 16:20:06.887903 17 storage/engine/rocksdb.go:120  (Original Log Time 2020/04/09-16:20:06.887229) [db/memtable_list.cc:434] [default] Level-0 commit table #19: memtable #1 done
I200409 16:20:06.887943 17 storage/engine/rocksdb.go:120  (Original Log Time 2020/04/09-16:20:06.887273) EVENT_LOG_v1 {"time_micros": 1586449206887255, "job": 7, "event": "flush_finished", "output_compression": "Snappy", "lsm_state": [1, 0, 0, 0, 0, 0, 1], "immutable_memtables": 0}
I200409 16:20:06.887977 17 storage/engine/rocksdb.go:120  (Original Log Time 2020/04/09-16:20:06.887299) [db/db_impl_compaction_flush.cc:208] [default] Level summary: base level 6 level multiplier 10.00 max bytes base 67108864 files[1 0 0 0 0 0 1] max score 0.50
I200409 17:05:32.915224 81 storage/engine/rocksdb.go:120  [db/db_impl_open.cc:1125] reusing log 15 from recycle list
I200409 17:05:32.919123 81 storage/engine/rocksdb.go:120  [db/db_impl_write.cc:1437] [default] New memtable created with log file: #20. Immutable memtables: 0.
I200409 17:05:32.920641 17 storage/engine/rocksdb.go:120  (Original Log Time 2020/04/09-17:05:32.920266) [db/db_impl_compaction_flush.cc:2097] Calling FlushMemTableToOutputFile with column family [default], flush slots available 1, compaction slots available 1, flush slots scheduled 1, compaction slots scheduled 0
I200409 17:05:32.920703 17 storage/engine/rocksdb.go:120  [db/flush_job.cc:322] [default] [JOB 8] Flushing memtable with next log file: 20
I200409 17:05:32.920812 17 storage/engine/rocksdb.go:120  EVENT_LOG_v1 {"time_micros": 1586451932920751, "job": 8, "event": "flush_started", "num_memtables": 1, "num_entries": 213974, "num_deletes": 6496, "total_data_size": 60928070, "memory_usage": 65018432, "flush_reason": "Write Buffer Full"}
I200409 17:05:32.920869 17 storage/engine/rocksdb.go:120  [db/flush_job.cc:351] [default] [JOB 8] Level-0 flush table #21: started
I200409 17:05:33.801185 17 storage/engine/rocksdb.go:120  EVENT_LOG_v1 {"time_micros": 1586451933800992, "cf_name": "default", "job": 8, "event": "table_file_creation", "file_number": 21, "file_size": 411867, "table_properties": {"data_size": 399452, "index_size": 4696, "index_partitions": 0, "top_level_index_size": 0, "index_key_is_user_key": 0, "index_value_is_delta_encoded": 0, "filter_size": 8901, "raw_key_size": 263033, "raw_average_key_size": 31, "raw_value_size": 2178947, "raw_average_value_size": 257, "num_data_blocks": 71, "num_entries": 8458, "num_deletions": 6354, "num_merge_operands": 1328, "num_range_deletions": 1328, "format_version": 0, "fixed_key_len": 0, "filter_policy": "rocksdb.BuiltinBloomFilter", "column_family_name": "default", "column_family_id": 0, "comparator": "cockroach_comparator", "merge_operator": "cockroach_merge_operator", "prefix_extractor_name": "cockroach_prefix_extractor", "property_collectors": "[TimeBoundTblPropCollectorFactory,DeleteRangeTblPropCollectorFactory]", "compression": "Snappy", "compression_options": "window_bits=-14; level=32767; strategy=0; max_dict_bytes=0; zstd_max_train_bytes=0; enabled=0; ", "creation_time": 1586451932, "oldest_key_time": 1586449206, "file_creation_time": 1586451932}}
I200409 17:05:33.801429 17 storage/engine/rocksdb.go:120  [db/flush_job.cc:392] [default] [JOB 8] Level-0 flush table #21: 411867 bytes OK
I200409 17:05:33.801667 17 storage/engine/rocksdb.go:120  [db/version_set.cc:3086] More existing levels in DB than needed. max_bytes_for_level_multiplier may not be guaranteed.
I200409 17:05:33.803909 17 storage/engine/rocksdb.go:120  [db/compaction_job.cc:1647] [default] [JOB 9] Compacting 2@0 + 1@6 files to L6, score 1.00
I200409 17:05:33.804213 17 storage/engine/rocksdb.go:120  [db/compaction_job.cc:1651] [default] Compaction start summary: Base version 8 Base level 0, inputs: [21(402KB) 19(406KB)], [17(649KB)]
I200409 17:05:33.804267 66 storage/engine/rocksdb.go:120  [db/db_impl_files.cc:194] adding log 18 to recycle list
I200409 17:05:33.804420 66 storage/engine/rocksdb.go:120  (Original Log Time 2020/04/09-17:05:33.801480) [db/memtable_list.cc:386] [default] Level-0 commit table #21 started
I200409 17:05:33.804462 66 storage/engine/rocksdb.go:120  (Original Log Time 2020/04/09-17:05:33.802535) [db/memtable_list.cc:434] [default] Level-0 commit table #21: memtable #1 done
I200409 17:05:33.804503 66 storage/engine/rocksdb.go:120  (Original Log Time 2020/04/09-17:05:33.802696) EVENT_LOG_v1 {"time_micros": 1586451933802558, "job": 8, "event": "flush_finished", "output_compression": "Snappy", "lsm_state": [2, 0, 0, 0, 0, 0, 1], "immutable_memtables": 0}
I200409 17:05:33.804603 17 storage/engine/rocksdb.go:120  EVENT_LOG_v1 {"time_micros": 1586451933804462, "job": 9, "event": "compaction_started", "compaction_reason": "LevelL0FilesNum", "files_L0": [21, 19], "files_L6": [17], "score": 1, "input_data_size": 1493659}
I200409 17:05:33.804683 66 storage/engine/rocksdb.go:120  (Original Log Time 2020/04/09-17:05:33.803192) [db/db_impl_compaction_flush.cc:208] [default] Level summary: base level 6 level multiplier 10.00 max bytes base 67108864 files[2 0 0 0 0 0 1] max score 1.00
I200409 17:05:34.036153 66 storage/engine/rocksdb.go:120  [db/compaction_job.cc:1334] [default] [JOB 9] Generated table #22: 6631 keys, 1188607 bytes
I200409 17:05:34.036489 66 storage/engine/rocksdb.go:120  EVENT_LOG_v1 {"time_micros": 1586451934036205, "cf_name": "default", "job": 9, "event": "table_file_creation", "file_number": 22, "file_size": 1188607, "table_properties": {"data_size": 1181833, "index_size": 15592, "index_partitions": 0, "top_level_index_size": 0, "index_key_is_user_key": 0, "index_value_is_delta_encoded": 0, "filter_size": 0, "raw_key_size": 302249, "raw_average_key_size": 45, "raw_value_size": 7642789, "raw_average_value_size": 1152, "num_data_blocks": 234, "num_entries": 6631, "num_deletions": 0, "num_merge_operands": 0, "num_range_deletions": 0, "format_version": 0, "fixed_key_len": 0, "filter_policy": "rocksdb.BuiltinBloomFilter", "column_family_name": "default", "column_family_id": 0, "comparator": "cockroach_comparator", "merge_operator": "cockroach_merge_operator", "prefix_extractor_name": "cockroach_prefix_extractor", "property_collectors": "[TimeBoundTblPropCollectorFactory,DeleteRangeTblPropCollectorFactory]", "compression": "Snappy", "compression_options": "window_bits=-14; level=32767; strategy=0; max_dict_bytes=0; zstd_max_train_bytes=0; enabled=0; ", "creation_time": 1586451932, "oldest_key_time": 0, "file_creation_time": 1586451933}}
I200409 17:05:34.046727 66 storage/engine/rocksdb.go:120  [db/compaction_job.cc:1397] [default] [JOB 9] Compacted 2@0 + 1@6 files to L6 => 1188607 bytes
I200409 17:05:34.048425 66 storage/engine/rocksdb.go:120  [db/version_set.cc:3086] More existing levels in DB than needed. max_bytes_for_level_multiplier may not be guaranteed.
I200409 17:05:34.051698 66 storage/engine/rocksdb.go:120  (Original Log Time 2020/04/09-17:05:34.050867) [db/compaction_job.cc:770] [default] compacted to: base level 6 level multiplier 10.00 max bytes base 67108864 files[0 0 0 0 0 0 1] max score 0.00, MB/sec: 6.4 rd, 5.1 wr, level 6, files in(2, 1) out(1) MB in(0.8, 0.6) out(1.1), read-write-amplify(3.2) write-amplify(1.4) OK, records in: 21774, records dropped: 13815 output_compression: Snappy
I200409 17:05:34.052221 66 storage/engine/rocksdb.go:120  (Original Log Time 2020/04/09-17:05:34.051093) EVENT_LOG_v1 {"time_micros": 1586451934050904, "job": 9, "event": "compaction_finished", "compaction_time_micros": 234083, "compaction_time_cpu_micros": 173344, "output_level": 6, "num_output_files": 1, "total_output_size": 1188607, "num_input_records": 20446, "num_output_records": 6631, "num_subcompactions": 1, "output_compression": "Snappy", "num_single_delete_mismatches": 0, "num_single_delete_fallthrough": 0, "lsm_state": [0, 0, 0, 0, 0, 0, 1]}
I200409 17:05:34.058196 66 storage/engine/rocksdb.go:120  EVENT_LOG_v1 {"time_micros": 1586451934057559, "job": 9, "event": "table_file_deletion", "file_number": 21}
I200409 17:05:34.063853 66 storage/engine/rocksdb.go:120  EVENT_LOG_v1 {"time_micros": 1586451934063729, "job": 9, "event": "table_file_deletion", "file_number": 19}
I200409 17:05:34.068523 66 storage/engine/rocksdb.go:120  EVENT_LOG_v1 {"time_micros": 1586451934067973, "job": 9, "event": "table_file_deletion", "file_number": 17}
I200409 17:51:19.717648 79 storage/engine/rocksdb.go:120  [db/db_impl_open.cc:1125] reusing log 18 from recycle list
I200409 17:51:19.722830 79 storage/engine/rocksdb.go:120  [db/db_impl_write.cc:1437] [default] New memtable created with log file: #23. Immutable memtables: 0.
I200409 17:51:19.724632 66 storage/engine/rocksdb.go:120  (Original Log Time 2020/04/09-17:51:19.724315) [db/db_impl_compaction_flush.cc:2097] Calling FlushMemTableToOutputFile with column family [default], flush slots available 1, compaction slots available 1, flush slots scheduled 1, compaction slots scheduled 0
I200409 17:51:19.724676 66 storage/engine/rocksdb.go:120  [db/flush_job.cc:322] [default] [JOB 10] Flushing memtable with next log file: 23
I200409 17:51:19.724750 66 storage/engine/rocksdb.go:120  EVENT_LOG_v1 {"time_micros": 1586454679724717, "job": 10, "event": "flush_started", "num_memtables": 1, "num_entries": 214212, "num_deletes": 5948, "total_data_size": 61070410, "memory_usage": 65046000, "flush_reason": "Write Buffer Full"}
I200409 17:51:19.724792 66 storage/engine/rocksdb.go:120  [db/flush_job.cc:351] [default] [JOB 10] Level-0 flush table #24: started
I200409 17:51:20.964980 66 storage/engine/rocksdb.go:120  EVENT_LOG_v1 {"time_micros": 1586454680964759, "cf_name": "default", "job": 10, "event": "table_file_creation", "file_number": 24, "file_size": 398216, "table_properties": {"data_size": 386914, "index_size": 4582, "index_partitions": 0, "top_level_index_size": 0, "index_key_is_user_key": 0, "index_value_is_delta_encoded": 0, "filter_size": 7877, "raw_key_size": 214922, "raw_average_key_size": 29, "raw_value_size": 2148932, "raw_average_value_size": 290, "num_data_blocks": 71, "num_entries": 7398, "num_deletions": 5812, "num_merge_operands": 664, "num_range_deletions": 664, "format_version": 0, "fixed_key_len": 0, "filter_policy": "rocksdb.BuiltinBloomFilter", "column_family_name": "default", "column_family_id": 0, "comparator": "cockroach_comparator", "merge_operator": "cockroach_merge_operator", "prefix_extractor_name": "cockroach_prefix_extractor", "property_collectors": "[TimeBoundTblPropCollectorFactory,DeleteRangeTblPropCollectorFactory]", "compression": "Snappy", "compression_options": "window_bits=-14; level=32767; strategy=0; max_dict_bytes=0; zstd_max_train_bytes=0; enabled=0; ", "creation_time": 1586454679, "oldest_key_time": 1586451932, "file_creation_time": 1586454679}}
I200409 17:51:20.965079 66 storage/engine/rocksdb.go:120  [db/flush_job.cc:392] [default] [JOB 10] Level-0 flush table #24: 398216 bytes OK
I200409 17:51:20.965398 66 storage/engine/rocksdb.go:120  [db/version_set.cc:3086] More existing levels in DB than needed. max_bytes_for_level_multiplier may not be guaranteed.
I200409 17:51:20.972274 66 storage/engine/rocksdb.go:120  [db/db_impl_files.cc:194] adding log 20 to recycle list
I200409 17:51:20.972352 66 storage/engine/rocksdb.go:120  (Original Log Time 2020/04/09-17:51:20.965189) [db/memtable_list.cc:386] [default] Level-0 commit table #24 started
I200409 17:51:20.972409 66 storage/engine/rocksdb.go:120  (Original Log Time 2020/04/09-17:51:20.966305) [db/memtable_list.cc:434] [default] Level-0 commit table #24: memtable #1 done
I200409 17:51:20.972598 66 storage/engine/rocksdb.go:120  (Original Log Time 2020/04/09-17:51:20.966342) EVENT_LOG_v1 {"time_micros": 1586454680966325, "job": 10, "event": "flush_finished", "output_compression": "Snappy", "lsm_state": [1, 0, 0, 0, 0, 0, 1], "immutable_memtables": 0}
I200409 17:51:20.972700 66 storage/engine/rocksdb.go:120  (Original Log Time 2020/04/09-17:51:20.966370) [db/db_impl_compaction_flush.cc:208] [default] Level summary: base level 6 level multiplier 10.00 max bytes base 67108864 files[1 0 0 0 0 0 1] max score 0.50
I200409 17:51:20.972809 66 storage/engine/rocksdb.go:120  [db/db_impl_files.cc:356] [JOB 10] Try to delete WAL files size 59691094, prev total WAL file size 59692782, number of live WAL files 2.
I200409 18:17:56.991945 172806 storage/engine/rocksdb.go:120  bloom filter utility:    -nan%
I200409 18:17:56.998400 172806 storage/engine/rocksdb.go:120  [db/db_impl.cc:392] Shutdown: canceling all background work
I200409 18:17:57.025997 172806 storage/engine/rocksdb.go:120  [db/db_impl.cc:565] Shutdown complete
I200409 18:17:57.094877 172806 storage/engine/rocksdb.go:120  bloom filter utility:    69.0%
I200409 18:17:57.095646 172806 storage/engine/rocksdb.go:120  [db/db_impl.cc:392] Shutdown: canceling all background work
I200409 18:17:57.181819 172806 storage/engine/rocksdb.go:120  [db/db_impl.cc:565] Shutdown complete
