I200430 17:00:07.611954 10 util/log/clog.go:1196  [config] file created at: 2020/04/30 17:00:07
I200430 17:00:07.611954 10 util/log/clog.go:1196  [config] running on machine: 49dd32217e2a
I200430 17:00:07.611954 10 util/log/clog.go:1196  [config] binary: CockroachDB CCL v19.2.5 (x86_64-unknown-linux-gnu, built 2020/03/16 18:27:12, go1.12.12)
I200430 17:00:07.611954 10 util/log/clog.go:1196  [config] arguments: [/cockroach/cockroach start --insecure]
I200430 17:00:07.611954 10 util/log/clog.go:1196  line format: [IWEF]yymmdd hh:mm:ss.uuuuuu goid file:line msg utf8=✓
I200430 17:00:07.611952 10 storage/engine/rocksdb.go:120  RocksDB version: 6.2.1
I200430 17:00:07.629975 10 storage/engine/rocksdb.go:120  Git sha rocksdb_build_git_sha:@b7009236531fa784872f4823eabf393501e41bf2@
I200430 17:00:07.629982 10 storage/engine/rocksdb.go:120  Compile date Mar 16 2020
I200430 17:00:07.629989 10 storage/engine/rocksdb.go:120  DB SUMMARY
I200430 17:00:07.638122 10 storage/engine/rocksdb.go:120  SST files in /cockroach/cockroach-data/cockroach-temp116779736 dir, Total Num: 0, files: 
I200430 17:00:07.701623 10 storage/engine/rocksdb.go:120  Write Ahead Log file in /cockroach/cockroach-data/cockroach-temp116779736: 
I200430 17:00:07.701635 10 storage/engine/rocksdb.go:120                          Options.error_if_exists: 0
I200430 17:00:07.701641 10 storage/engine/rocksdb.go:120                        Options.create_if_missing: 1
I200430 17:00:07.701646 10 storage/engine/rocksdb.go:120                          Options.paranoid_checks: 1
I200430 17:00:07.701652 10 storage/engine/rocksdb.go:120                                      Options.env: 0x75757a0
I200430 17:00:07.701662 10 storage/engine/rocksdb.go:120                                 Options.info_log: 0x7f0eab2270e0
I200430 17:00:07.701734 10 storage/engine/rocksdb.go:120                 Options.max_file_opening_threads: 16
I200430 17:00:07.701748 10 storage/engine/rocksdb.go:120                               Options.statistics: 0x7f0eab234010
I200430 17:00:07.701758 10 storage/engine/rocksdb.go:120                                Options.use_fsync: 0
I200430 17:00:07.701768 10 storage/engine/rocksdb.go:120                        Options.max_log_file_size: 0
I200430 17:00:07.701778 10 storage/engine/rocksdb.go:120                   Options.max_manifest_file_size: 134217728
I200430 17:00:07.701787 10 storage/engine/rocksdb.go:120                    Options.log_file_time_to_roll: 0
I200430 17:00:07.701793 10 storage/engine/rocksdb.go:120                        Options.keep_log_file_num: 1000
I200430 17:00:07.701807 10 storage/engine/rocksdb.go:120                     Options.recycle_log_file_num: 1
I200430 17:00:07.701922 10 storage/engine/rocksdb.go:120                          Options.allow_fallocate: 1
I200430 17:00:07.701932 10 storage/engine/rocksdb.go:120                         Options.allow_mmap_reads: 0
I200430 17:00:07.701938 10 storage/engine/rocksdb.go:120                        Options.allow_mmap_writes: 0
I200430 17:00:07.701943 10 storage/engine/rocksdb.go:120                         Options.use_direct_reads: 0
I200430 17:00:07.701949 10 storage/engine/rocksdb.go:120                         Options.use_direct_io_for_flush_and_compaction: 0
I200430 17:00:07.701954 10 storage/engine/rocksdb.go:120           Options.create_missing_column_families: 0
I200430 17:00:07.701960 10 storage/engine/rocksdb.go:120                               Options.db_log_dir: 
I200430 17:00:07.701965 10 storage/engine/rocksdb.go:120                                  Options.wal_dir: /cockroach/cockroach-data/cockroach-temp116779736
I200430 17:00:07.701970 10 storage/engine/rocksdb.go:120                 Options.table_cache_numshardbits: 6
I200430 17:00:07.701975 10 storage/engine/rocksdb.go:120                       Options.max_subcompactions: 1
I200430 17:00:07.701981 10 storage/engine/rocksdb.go:120                   Options.max_background_flushes: -1
I200430 17:00:07.701987 10 storage/engine/rocksdb.go:120                          Options.WAL_ttl_seconds: 0
I200430 17:00:07.701992 10 storage/engine/rocksdb.go:120                        Options.WAL_size_limit_MB: 0
I200430 17:00:07.701997 10 storage/engine/rocksdb.go:120              Options.manifest_preallocation_size: 4194304
I200430 17:00:07.702002 10 storage/engine/rocksdb.go:120                      Options.is_fd_close_on_exec: 1
I200430 17:00:07.702007 10 storage/engine/rocksdb.go:120                    Options.advise_random_on_open: 1
I200430 17:00:07.702012 10 storage/engine/rocksdb.go:120                     Options.db_write_buffer_size: 0
I200430 17:00:07.702017 10 storage/engine/rocksdb.go:120                     Options.write_buffer_manager: 0x7f0eab219060
I200430 17:00:07.702022 10 storage/engine/rocksdb.go:120          Options.access_hint_on_compaction_start: 1
I200430 17:00:07.702028 10 storage/engine/rocksdb.go:120   Options.new_table_reader_for_compaction_inputs: 0
I200430 17:00:07.702033 10 storage/engine/rocksdb.go:120            Options.random_access_max_buffer_size: 1048576
I200430 17:00:07.702038 10 storage/engine/rocksdb.go:120                       Options.use_adaptive_mutex: 0
I200430 17:00:07.702094 10 storage/engine/rocksdb.go:120                             Options.rate_limiter: (nil)
I200430 17:00:07.702109 10 storage/engine/rocksdb.go:120      Options.sst_file_manager.rate_bytes_per_sec: 0
I200430 17:00:07.702120 10 storage/engine/rocksdb.go:120                        Options.wal_recovery_mode: 0
I200430 17:00:07.702172 10 storage/engine/rocksdb.go:120                   Options.enable_thread_tracking: 0
I200430 17:00:07.702178 10 storage/engine/rocksdb.go:120                   Options.enable_pipelined_write: 0
I200430 17:00:07.702184 10 storage/engine/rocksdb.go:120          Options.allow_concurrent_memtable_write: 1
I200430 17:00:07.702190 10 storage/engine/rocksdb.go:120       Options.enable_write_thread_adaptive_yield: 1
I200430 17:00:07.702195 10 storage/engine/rocksdb.go:120              Options.write_thread_max_yield_usec: 100
I200430 17:00:07.702202 10 storage/engine/rocksdb.go:120             Options.write_thread_slow_yield_usec: 3
I200430 17:00:07.702207 10 storage/engine/rocksdb.go:120                                Options.row_cache: None
I200430 17:00:07.702213 10 storage/engine/rocksdb.go:120                               Options.wal_filter: None
I200430 17:00:07.702218 10 storage/engine/rocksdb.go:120              Options.avoid_flush_during_recovery: 0
I200430 17:00:07.702223 10 storage/engine/rocksdb.go:120              Options.allow_ingest_behind: 0
I200430 17:00:07.702228 10 storage/engine/rocksdb.go:120              Options.preserve_deletes: 0
I200430 17:00:07.702233 10 storage/engine/rocksdb.go:120              Options.two_write_queues: 0
I200430 17:00:07.702238 10 storage/engine/rocksdb.go:120              Options.manual_wal_flush: 1
I200430 17:00:07.702244 10 storage/engine/rocksdb.go:120              Options.atomic_flush: 0
I200430 17:00:07.702249 10 storage/engine/rocksdb.go:120              Options.avoid_unnecessary_blocking_io: 0
I200430 17:00:07.702254 10 storage/engine/rocksdb.go:120              Options.max_background_jobs: 2
I200430 17:00:07.702259 10 storage/engine/rocksdb.go:120              Options.max_background_compactions: -1
I200430 17:00:07.702264 10 storage/engine/rocksdb.go:120              Options.avoid_flush_during_shutdown: 0
I200430 17:00:07.702269 10 storage/engine/rocksdb.go:120            Options.writable_file_max_buffer_size: 1048576
I200430 17:00:07.702275 10 storage/engine/rocksdb.go:120              Options.delayed_write_rate : 16777216
I200430 17:00:07.702280 10 storage/engine/rocksdb.go:120              Options.max_total_wal_size: 0
I200430 17:00:07.702285 10 storage/engine/rocksdb.go:120              Options.delete_obsolete_files_period_micros: 21600000000
I200430 17:00:07.702290 10 storage/engine/rocksdb.go:120                    Options.stats_dump_period_sec: 0
I200430 17:00:07.702298 10 storage/engine/rocksdb.go:120                  Options.stats_persist_period_sec: 600
I200430 17:00:07.702309 10 storage/engine/rocksdb.go:120                  Options.stats_history_buffer_size: 1048576
I200430 17:00:07.702318 10 storage/engine/rocksdb.go:120                           Options.max_open_files: 128
I200430 17:00:07.702326 10 storage/engine/rocksdb.go:120                           Options.bytes_per_sync: 524288
I200430 17:00:07.702333 10 storage/engine/rocksdb.go:120                       Options.wal_bytes_per_sync: 0
I200430 17:00:07.702338 10 storage/engine/rocksdb.go:120                    Options.strict_bytes_per_sync: 1
I200430 17:00:07.702344 10 storage/engine/rocksdb.go:120        Options.compaction_readahead_size: 0
I200430 17:00:07.702349 10 storage/engine/rocksdb.go:120  Compression algorithms supported:
I200430 17:00:07.702356 10 storage/engine/rocksdb.go:120  	kZSTDNotFinalCompression supported: 0
I200430 17:00:07.702465 10 storage/engine/rocksdb.go:120  	kZSTD supported: 0
I200430 17:00:07.702471 10 storage/engine/rocksdb.go:120  	kXpressCompression supported: 0
I200430 17:00:07.702476 10 storage/engine/rocksdb.go:120  	kLZ4HCCompression supported: 0
I200430 17:00:07.702482 10 storage/engine/rocksdb.go:120  	kLZ4Compression supported: 0
I200430 17:00:07.702487 10 storage/engine/rocksdb.go:120  	kBZip2Compression supported: 0
I200430 17:00:07.702493 10 storage/engine/rocksdb.go:120  	kZlibCompression supported: 0
I200430 17:00:07.702498 10 storage/engine/rocksdb.go:120  	kSnappyCompression supported: 1
I200430 17:00:07.702564 10 storage/engine/rocksdb.go:120  Fast CRC32 supported: Supported on x86
I200430 17:00:07.710198 10 storage/engine/rocksdb.go:120  [db/db_impl_open.cc:242] Creating manifest 1 
I200430 17:00:07.755403 10 storage/engine/rocksdb.go:120  [db/version_set.cc:4072] Recovering from manifest file: /cockroach/cockroach-data/cockroach-temp116779736/MANIFEST-000001
I200430 17:00:07.764274 10 storage/engine/rocksdb.go:120  [db/column_family.cc:488] --------------- Options for column family [default]:
I200430 17:00:07.765217 10 storage/engine/rocksdb.go:120                Options.comparator: cockroach_comparator
I200430 17:00:07.765241 10 storage/engine/rocksdb.go:120            Options.merge_operator: cockroach_merge_operator
I200430 17:00:07.765252 10 storage/engine/rocksdb.go:120         Options.compaction_filter: None
I200430 17:00:07.765263 10 storage/engine/rocksdb.go:120         Options.compaction_filter_factory: None
I200430 17:00:07.765274 10 storage/engine/rocksdb.go:120          Options.memtable_factory: SkipListFactory
I200430 17:00:07.765285 10 storage/engine/rocksdb.go:120             Options.table_factory: BlockBasedTable
I200430 17:00:07.765449 10 storage/engine/rocksdb.go:120             table_factory options:   flush_block_policy_factory: FlushBlockBySizePolicyFactory (0x7f0eab228030)
  cache_index_and_filter_blocks: 0
  cache_index_and_filter_blocks_with_high_priority: 0
  pin_l0_filter_and_index_blocks_in_cache: 0
  pin_top_level_index_and_filter: 1
  index_type: 0
  data_block_index_type: 0
  index_shortening: 1
  data_block_hash_table_util_ratio: 0.750000
  hash_index_allow_collision: 1
  checksum: 1
  no_block_cache: 0
  block_cache: 0x7f0eab21c010
  block_cache_name: LRUCache
  block_cache_options:
    capacity : 1048576
    num_shard_bits : 4
    strict_capacity_limit : 0
    memory_allocator : None
    high_pri_pool_ratio: 0.000
  block_cache_compressed: (nil)
  persistent_cache: (nil)
  block_size: 32768
  block_size_deviation: 10
  block_restart_interval: 16
  index_block_restart_interval: 1
  metadata_block_size: 4096
  partition_filters: 0
  use_delta_encoding: 1
  filter_policy: rocksdb.BuiltinBloomFilter
  whole_key_filtering: 0
  verify_compression: 0
  read_amp_bytes_per_bit: 0
  format_version: 2
  enable_index_compression: 1
  block_align: 0
I200430 17:00:07.765527 10 storage/engine/rocksdb.go:120         Options.write_buffer_size: 67108864
I200430 17:00:07.765791 10 storage/engine/rocksdb.go:120   Options.max_write_buffer_number: 4
I200430 17:00:07.765865 10 storage/engine/rocksdb.go:120           Options.compression: Snappy
I200430 17:00:07.765996 10 storage/engine/rocksdb.go:120                   Options.bottommost_compression: Disabled
I200430 17:00:07.766051 10 storage/engine/rocksdb.go:120        Options.prefix_extractor: cockroach_prefix_extractor
I200430 17:00:07.766617 10 storage/engine/rocksdb.go:120    Options.memtable_insert_with_hint_prefix_extractor: nullptr
I200430 17:00:07.766714 10 storage/engine/rocksdb.go:120              Options.num_levels: 7
I200430 17:00:07.766729 10 storage/engine/rocksdb.go:120         Options.min_write_buffer_number_to_merge: 1
I200430 17:00:07.766741 10 storage/engine/rocksdb.go:120      Options.max_write_buffer_number_to_maintain: 0
I200430 17:00:07.766753 10 storage/engine/rocksdb.go:120             Options.bottommost_compression_opts.window_bits: -14
I200430 17:00:07.766765 10 storage/engine/rocksdb.go:120                   Options.bottommost_compression_opts.level: 32767
I200430 17:00:07.766776 10 storage/engine/rocksdb.go:120                Options.bottommost_compression_opts.strategy: 0
I200430 17:00:07.766864 10 storage/engine/rocksdb.go:120          Options.bottommost_compression_opts.max_dict_bytes: 0
I200430 17:00:07.766880 10 storage/engine/rocksdb.go:120          Options.bottommost_compression_opts.zstd_max_train_bytes: 0
I200430 17:00:07.766892 10 storage/engine/rocksdb.go:120                   Options.bottommost_compression_opts.enabled: false
I200430 17:00:07.767422 10 storage/engine/rocksdb.go:120             Options.compression_opts.window_bits: -14
I200430 17:00:07.768137 10 storage/engine/rocksdb.go:120                   Options.compression_opts.level: 32767
I200430 17:00:07.768160 10 storage/engine/rocksdb.go:120                Options.compression_opts.strategy: 0
I200430 17:00:07.768174 10 storage/engine/rocksdb.go:120          Options.compression_opts.max_dict_bytes: 0
I200430 17:00:07.768279 10 storage/engine/rocksdb.go:120          Options.compression_opts.zstd_max_train_bytes: 0
I200430 17:00:07.768297 10 storage/engine/rocksdb.go:120                   Options.compression_opts.enabled: false
I200430 17:00:07.768309 10 storage/engine/rocksdb.go:120       Options.level0_file_num_compaction_trigger: 2
I200430 17:00:07.768413 10 storage/engine/rocksdb.go:120           Options.level0_slowdown_writes_trigger: 950
I200430 17:00:07.768431 10 storage/engine/rocksdb.go:120               Options.level0_stop_writes_trigger: 1000
I200430 17:00:07.768446 10 storage/engine/rocksdb.go:120                    Options.target_file_size_base: 4194304
I200430 17:00:07.768504 10 storage/engine/rocksdb.go:120              Options.target_file_size_multiplier: 2
I200430 17:00:07.768531 10 storage/engine/rocksdb.go:120                 Options.max_bytes_for_level_base: 67108864
I200430 17:00:07.768541 10 storage/engine/rocksdb.go:120  Options.level_compaction_dynamic_level_bytes: 1
I200430 17:00:07.768553 10 storage/engine/rocksdb.go:120           Options.max_bytes_for_level_multiplier: 10.000000
I200430 17:00:07.768559 10 storage/engine/rocksdb.go:120  Options.max_bytes_for_level_multiplier_addtl[0]: 1
I200430 17:00:07.768564 10 storage/engine/rocksdb.go:120  Options.max_bytes_for_level_multiplier_addtl[1]: 1
I200430 17:00:07.768897 10 storage/engine/rocksdb.go:120  Options.max_bytes_for_level_multiplier_addtl[2]: 1
I200430 17:00:07.768912 10 storage/engine/rocksdb.go:120  Options.max_bytes_for_level_multiplier_addtl[3]: 1
I200430 17:00:07.770171 10 storage/engine/rocksdb.go:120  Options.max_bytes_for_level_multiplier_addtl[4]: 1
I200430 17:00:07.770188 10 storage/engine/rocksdb.go:120  Options.max_bytes_for_level_multiplier_addtl[5]: 1
I200430 17:00:07.770972 10 storage/engine/rocksdb.go:120  Options.max_bytes_for_level_multiplier_addtl[6]: 1
I200430 17:00:07.771002 10 storage/engine/rocksdb.go:120        Options.max_sequential_skip_in_iterations: 8
I200430 17:00:07.771351 10 storage/engine/rocksdb.go:120                     Options.max_compaction_bytes: 104857600
I200430 17:00:07.771372 10 storage/engine/rocksdb.go:120                         Options.arena_block_size: 8388608
I200430 17:00:07.771383 10 storage/engine/rocksdb.go:120    Options.soft_pending_compaction_bytes_limit: 2199023255552
I200430 17:00:07.771392 10 storage/engine/rocksdb.go:120    Options.hard_pending_compaction_bytes_limit: 4400193994752
I200430 17:00:07.771403 10 storage/engine/rocksdb.go:120        Options.rate_limit_delay_max_milliseconds: 100
I200430 17:00:07.771414 10 storage/engine/rocksdb.go:120                 Options.disable_auto_compactions: 0
I200430 17:00:07.771432 10 storage/engine/rocksdb.go:120                         Options.compaction_style: kCompactionStyleLevel
I200430 17:00:07.771444 10 storage/engine/rocksdb.go:120                           Options.compaction_pri: kMinOverlappingRatio
I200430 17:00:07.771455 10 storage/engine/rocksdb.go:120  Options.compaction_options_universal.size_ratio: 1
I200430 17:00:07.771467 10 storage/engine/rocksdb.go:120  Options.compaction_options_universal.min_merge_width: 2
I200430 17:00:07.771533 10 storage/engine/rocksdb.go:120  Options.compaction_options_universal.max_merge_width: 4294967295
I200430 17:00:07.771550 10 storage/engine/rocksdb.go:120  Options.compaction_options_universal.max_size_amplification_percent: 200
I200430 17:00:07.771559 10 storage/engine/rocksdb.go:120  Options.compaction_options_universal.compression_size_percent: -1
I200430 17:00:07.771570 10 storage/engine/rocksdb.go:120  Options.compaction_options_universal.stop_style: kCompactionStopStyleTotalSize
I200430 17:00:07.771581 10 storage/engine/rocksdb.go:120  Options.compaction_options_fifo.max_table_files_size: 1073741824
I200430 17:00:07.771591 10 storage/engine/rocksdb.go:120  Options.compaction_options_fifo.allow_compaction: 0
I200430 17:00:07.771606 10 storage/engine/rocksdb.go:120                    Options.table_properties_collectors: TimeBoundTblPropCollectorFactory; DeleteRangeTblPropCollectorFactory; 
I200430 17:00:07.772289 10 storage/engine/rocksdb.go:120                    Options.inplace_update_support: 0
I200430 17:00:07.773858 10 storage/engine/rocksdb.go:120                  Options.inplace_update_num_locks: 10000
I200430 17:00:07.773891 10 storage/engine/rocksdb.go:120                Options.memtable_prefix_bloom_size_ratio: 0.000000
I200430 17:00:07.773901 10 storage/engine/rocksdb.go:120                Options.memtable_whole_key_filtering: 0
I200430 17:00:07.773912 10 storage/engine/rocksdb.go:120    Options.memtable_huge_page_size: 0
I200430 17:00:07.773921 10 storage/engine/rocksdb.go:120                            Options.bloom_locality: 0
I200430 17:00:07.773931 10 storage/engine/rocksdb.go:120                     Options.max_successive_merges: 0
I200430 17:00:07.773940 10 storage/engine/rocksdb.go:120                 Options.optimize_filters_for_hits: 1
I200430 17:00:07.773956 10 storage/engine/rocksdb.go:120                 Options.paranoid_file_checks: 0
I200430 17:00:07.773966 10 storage/engine/rocksdb.go:120                 Options.force_consistency_checks: 0
I200430 17:00:07.773976 10 storage/engine/rocksdb.go:120                 Options.report_bg_io_stats: 0
I200430 17:00:07.773986 10 storage/engine/rocksdb.go:120                                Options.ttl: 0
I200430 17:00:07.773995 10 storage/engine/rocksdb.go:120           Options.periodic_compaction_seconds: 0
I200430 17:00:07.790685 10 storage/engine/rocksdb.go:120  [db/version_set.cc:4286] Recovered from manifest file:/cockroach/cockroach-data/cockroach-temp116779736/MANIFEST-000001 succeeded,manifest_file_number is 1, next_file_number is 3, last_sequence is 0, log_number is 0,prev_log_number is 0,max_column_family is 0,min_log_number_to_keep is 0
I200430 17:00:07.790708 10 storage/engine/rocksdb.go:120  [db/version_set.cc:4295] Column family [default] (ID 0), log number is 0
I200430 17:00:07.936556 10 storage/engine/rocksdb.go:120  DB pointer 0x7f0eab2a1000
I200430 17:00:08.367456 10 storage/engine/rocksdb.go:120  RocksDB version: 6.2.1
I200430 17:00:08.368518 10 storage/engine/rocksdb.go:120  Git sha rocksdb_build_git_sha:@b7009236531fa784872f4823eabf393501e41bf2@
I200430 17:00:08.368828 10 storage/engine/rocksdb.go:120  Compile date Mar 16 2020
I200430 17:00:08.369829 10 storage/engine/rocksdb.go:120  DB SUMMARY
I200430 17:00:08.392122 10 storage/engine/rocksdb.go:120  CURRENT file:  CURRENT
I200430 17:00:08.392146 10 storage/engine/rocksdb.go:120  IDENTITY file:  IDENTITY
I200430 17:00:08.403975 10 storage/engine/rocksdb.go:120  MANIFEST file:  MANIFEST-000201 size: 14907 Bytes
I200430 17:00:08.404013 10 storage/engine/rocksdb.go:120  SST files in /cockroach/cockroach-data dir, Total Num: 6, files: 000368.sst 000369.sst 000370.sst 000371.sst 000372.sst 000373.sst 
I200430 17:00:08.404027 10 storage/engine/rocksdb.go:120  Write Ahead Log file in /cockroach/cockroach-data: 000364.log size: 59666895 ; 000366.log size: 7151442 ; 
I200430 17:00:08.404150 10 storage/engine/rocksdb.go:120                          Options.error_if_exists: 0
I200430 17:00:08.404170 10 storage/engine/rocksdb.go:120                        Options.create_if_missing: 1
I200430 17:00:08.404181 10 storage/engine/rocksdb.go:120                          Options.paranoid_checks: 1
I200430 17:00:08.404191 10 storage/engine/rocksdb.go:120                                      Options.env: 0x75757a0
I200430 17:00:08.404331 10 storage/engine/rocksdb.go:120                                 Options.info_log: 0x7f0eabe0dce0
I200430 17:00:08.404349 10 storage/engine/rocksdb.go:120                 Options.max_file_opening_threads: 16
I200430 17:00:08.404362 10 storage/engine/rocksdb.go:120                               Options.statistics: 0x7f0eabe23010
I200430 17:00:08.404514 10 storage/engine/rocksdb.go:120                                Options.use_fsync: 0
I200430 17:00:08.404548 10 storage/engine/rocksdb.go:120                        Options.max_log_file_size: 0
I200430 17:00:08.404567 10 storage/engine/rocksdb.go:120                   Options.max_manifest_file_size: 134217728
I200430 17:00:08.404579 10 storage/engine/rocksdb.go:120                    Options.log_file_time_to_roll: 0
I200430 17:00:08.404597 10 storage/engine/rocksdb.go:120                        Options.keep_log_file_num: 1000
I200430 17:00:08.404607 10 storage/engine/rocksdb.go:120                     Options.recycle_log_file_num: 1
I200430 17:00:08.404615 10 storage/engine/rocksdb.go:120                          Options.allow_fallocate: 1
I200430 17:00:08.404628 10 storage/engine/rocksdb.go:120                         Options.allow_mmap_reads: 0
I200430 17:00:08.404641 10 storage/engine/rocksdb.go:120                        Options.allow_mmap_writes: 0
I200430 17:00:08.404649 10 storage/engine/rocksdb.go:120                         Options.use_direct_reads: 0
I200430 17:00:08.406350 10 storage/engine/rocksdb.go:120                         Options.use_direct_io_for_flush_and_compaction: 0
I200430 17:00:08.406531 10 storage/engine/rocksdb.go:120           Options.create_missing_column_families: 0
I200430 17:00:08.406547 10 storage/engine/rocksdb.go:120                               Options.db_log_dir: 
I200430 17:00:08.407005 10 storage/engine/rocksdb.go:120                                  Options.wal_dir: /cockroach/cockroach-data
I200430 17:00:08.407732 10 storage/engine/rocksdb.go:120                 Options.table_cache_numshardbits: 6
I200430 17:00:08.407741 10 storage/engine/rocksdb.go:120                       Options.max_subcompactions: 1
I200430 17:00:08.408398 10 storage/engine/rocksdb.go:120                   Options.max_background_flushes: -1
I200430 17:00:08.408418 10 storage/engine/rocksdb.go:120                          Options.WAL_ttl_seconds: 0
I200430 17:00:08.409073 10 storage/engine/rocksdb.go:120                        Options.WAL_size_limit_MB: 0
I200430 17:00:08.409140 10 storage/engine/rocksdb.go:120              Options.manifest_preallocation_size: 4194304
I200430 17:00:08.410200 10 storage/engine/rocksdb.go:120                      Options.is_fd_close_on_exec: 1
I200430 17:00:08.410218 10 storage/engine/rocksdb.go:120                    Options.advise_random_on_open: 1
I200430 17:00:08.410231 10 storage/engine/rocksdb.go:120                     Options.db_write_buffer_size: 0
I200430 17:00:08.410246 10 storage/engine/rocksdb.go:120                     Options.write_buffer_manager: 0x7f0eabe8b030
I200430 17:00:08.410260 10 storage/engine/rocksdb.go:120          Options.access_hint_on_compaction_start: 1
I200430 17:00:08.410271 10 storage/engine/rocksdb.go:120   Options.new_table_reader_for_compaction_inputs: 0
I200430 17:00:08.410293 10 storage/engine/rocksdb.go:120            Options.random_access_max_buffer_size: 1048576
I200430 17:00:08.410315 10 storage/engine/rocksdb.go:120                       Options.use_adaptive_mutex: 0
I200430 17:00:08.410330 10 storage/engine/rocksdb.go:120                             Options.rate_limiter: (nil)
I200430 17:00:08.410342 10 storage/engine/rocksdb.go:120      Options.sst_file_manager.rate_bytes_per_sec: 0
I200430 17:00:08.410353 10 storage/engine/rocksdb.go:120                        Options.wal_recovery_mode: 0
I200430 17:00:08.410364 10 storage/engine/rocksdb.go:120                   Options.enable_thread_tracking: 0
I200430 17:00:08.410374 10 storage/engine/rocksdb.go:120                   Options.enable_pipelined_write: 0
I200430 17:00:08.410384 10 storage/engine/rocksdb.go:120          Options.allow_concurrent_memtable_write: 1
I200430 17:00:08.410393 10 storage/engine/rocksdb.go:120       Options.enable_write_thread_adaptive_yield: 1
I200430 17:00:08.411226 10 storage/engine/rocksdb.go:120              Options.write_thread_max_yield_usec: 100
I200430 17:00:08.411297 10 storage/engine/rocksdb.go:120             Options.write_thread_slow_yield_usec: 3
I200430 17:00:08.411313 10 storage/engine/rocksdb.go:120                                Options.row_cache: None
I200430 17:00:08.411325 10 storage/engine/rocksdb.go:120                               Options.wal_filter: None
I200430 17:00:08.411336 10 storage/engine/rocksdb.go:120              Options.avoid_flush_during_recovery: 0
I200430 17:00:08.411346 10 storage/engine/rocksdb.go:120              Options.allow_ingest_behind: 0
I200430 17:00:08.411356 10 storage/engine/rocksdb.go:120              Options.preserve_deletes: 0
I200430 17:00:08.411368 10 storage/engine/rocksdb.go:120              Options.two_write_queues: 0
I200430 17:00:08.411380 10 storage/engine/rocksdb.go:120              Options.manual_wal_flush: 1
I200430 17:00:08.412064 10 storage/engine/rocksdb.go:120              Options.atomic_flush: 0
I200430 17:00:08.413111 10 storage/engine/rocksdb.go:120              Options.avoid_unnecessary_blocking_io: 0
I200430 17:00:08.413232 10 storage/engine/rocksdb.go:120              Options.max_background_jobs: 2
I200430 17:00:08.413249 10 storage/engine/rocksdb.go:120              Options.max_background_compactions: -1
I200430 17:00:08.413258 10 storage/engine/rocksdb.go:120              Options.avoid_flush_during_shutdown: 0
I200430 17:00:08.413341 10 storage/engine/rocksdb.go:120            Options.writable_file_max_buffer_size: 1048576
I200430 17:00:08.413356 10 storage/engine/rocksdb.go:120              Options.delayed_write_rate : 16777216
I200430 17:00:08.413441 10 storage/engine/rocksdb.go:120              Options.max_total_wal_size: 0
I200430 17:00:08.413453 10 storage/engine/rocksdb.go:120              Options.delete_obsolete_files_period_micros: 21600000000
I200430 17:00:08.413463 10 storage/engine/rocksdb.go:120                    Options.stats_dump_period_sec: 0
I200430 17:00:08.413473 10 storage/engine/rocksdb.go:120                  Options.stats_persist_period_sec: 600
I200430 17:00:08.413482 10 storage/engine/rocksdb.go:120                  Options.stats_history_buffer_size: 1048576
I200430 17:00:08.413491 10 storage/engine/rocksdb.go:120                           Options.max_open_files: 1043576
I200430 17:00:08.413500 10 storage/engine/rocksdb.go:120                           Options.bytes_per_sync: 524288
I200430 17:00:08.413510 10 storage/engine/rocksdb.go:120                       Options.wal_bytes_per_sync: 0
I200430 17:00:08.413519 10 storage/engine/rocksdb.go:120                    Options.strict_bytes_per_sync: 1
I200430 17:00:08.413528 10 storage/engine/rocksdb.go:120        Options.compaction_readahead_size: 0
I200430 17:00:08.413537 10 storage/engine/rocksdb.go:120  Compression algorithms supported:
I200430 17:00:08.413548 10 storage/engine/rocksdb.go:120  	kZSTDNotFinalCompression supported: 0
I200430 17:00:08.413557 10 storage/engine/rocksdb.go:120  	kZSTD supported: 0
I200430 17:00:08.413569 10 storage/engine/rocksdb.go:120  	kXpressCompression supported: 0
I200430 17:00:08.413578 10 storage/engine/rocksdb.go:120  	kLZ4HCCompression supported: 0
I200430 17:00:08.413588 10 storage/engine/rocksdb.go:120  	kLZ4Compression supported: 0
I200430 17:00:08.413598 10 storage/engine/rocksdb.go:120  	kBZip2Compression supported: 0
I200430 17:00:08.413607 10 storage/engine/rocksdb.go:120  	kZlibCompression supported: 0
I200430 17:00:08.413792 10 storage/engine/rocksdb.go:120  	kSnappyCompression supported: 1
I200430 17:00:08.413868 10 storage/engine/rocksdb.go:120  Fast CRC32 supported: Supported on x86
I200430 17:00:08.460381 10 storage/engine/rocksdb.go:120  [db/version_set.cc:4072] Recovering from manifest file: /cockroach/cockroach-data/MANIFEST-000201
I200430 17:00:08.466169 10 storage/engine/rocksdb.go:120  [db/column_family.cc:488] --------------- Options for column family [default]:
I200430 17:00:08.466455 10 storage/engine/rocksdb.go:120                Options.comparator: cockroach_comparator
I200430 17:00:08.466557 10 storage/engine/rocksdb.go:120            Options.merge_operator: cockroach_merge_operator
I200430 17:00:08.466585 10 storage/engine/rocksdb.go:120         Options.compaction_filter: None
I200430 17:00:08.466599 10 storage/engine/rocksdb.go:120         Options.compaction_filter_factory: None
I200430 17:00:08.466723 10 storage/engine/rocksdb.go:120          Options.memtable_factory: SkipListFactory
I200430 17:00:08.466739 10 storage/engine/rocksdb.go:120             Options.table_factory: BlockBasedTable
I200430 17:00:08.466903 10 storage/engine/rocksdb.go:120             table_factory options:   flush_block_policy_factory: FlushBlockBySizePolicyFactory (0x7f0eabe17028)
  cache_index_and_filter_blocks: 0
  cache_index_and_filter_blocks_with_high_priority: 0
  pin_l0_filter_and_index_blocks_in_cache: 0
  pin_top_level_index_and_filter: 1
  index_type: 0
  data_block_index_type: 0
  index_shortening: 1
  data_block_hash_table_util_ratio: 0.750000
  hash_index_allow_collision: 1
  checksum: 1
  no_block_cache: 0
  block_cache: 0x7f0eb3c7a190
  block_cache_name: LRUCache
  block_cache_options:
    capacity : 67108864
    num_shard_bits : 4
    strict_capacity_limit : 0
    memory_allocator : None
    high_pri_pool_ratio: 0.000
  block_cache_compressed: (nil)
  persistent_cache: (nil)
  block_size: 32768
  block_size_deviation: 10
  block_restart_interval: 16
  index_block_restart_interval: 1
  metadata_block_size: 4096
  partition_filters: 0
  use_delta_encoding: 1
  filter_policy: rocksdb.BuiltinBloomFilter
  whole_key_filtering: 0
  verify_compression: 0
  read_amp_bytes_per_bit: 0
  format_version: 2
  enable_index_compression: 1
  block_align: 0
I200430 17:00:08.466921 10 storage/engine/rocksdb.go:120         Options.write_buffer_size: 67108864
I200430 17:00:08.466953 10 storage/engine/rocksdb.go:120   Options.max_write_buffer_number: 4
I200430 17:00:08.466965 10 storage/engine/rocksdb.go:120           Options.compression: Snappy
I200430 17:00:08.467235 10 storage/engine/rocksdb.go:120                   Options.bottommost_compression: Disabled
I200430 17:00:08.467246 10 storage/engine/rocksdb.go:120        Options.prefix_extractor: cockroach_prefix_extractor
I200430 17:00:08.467252 10 storage/engine/rocksdb.go:120    Options.memtable_insert_with_hint_prefix_extractor: nullptr
I200430 17:00:08.467258 10 storage/engine/rocksdb.go:120              Options.num_levels: 7
I200430 17:00:08.467264 10 storage/engine/rocksdb.go:120         Options.min_write_buffer_number_to_merge: 1
I200430 17:00:08.467269 10 storage/engine/rocksdb.go:120      Options.max_write_buffer_number_to_maintain: 0
I200430 17:00:08.467274 10 storage/engine/rocksdb.go:120             Options.bottommost_compression_opts.window_bits: -14
I200430 17:00:08.467280 10 storage/engine/rocksdb.go:120                   Options.bottommost_compression_opts.level: 32767
I200430 17:00:08.467285 10 storage/engine/rocksdb.go:120                Options.bottommost_compression_opts.strategy: 0
I200430 17:00:08.467290 10 storage/engine/rocksdb.go:120          Options.bottommost_compression_opts.max_dict_bytes: 0
I200430 17:00:08.467295 10 storage/engine/rocksdb.go:120          Options.bottommost_compression_opts.zstd_max_train_bytes: 0
I200430 17:00:08.467300 10 storage/engine/rocksdb.go:120                   Options.bottommost_compression_opts.enabled: false
I200430 17:00:08.467306 10 storage/engine/rocksdb.go:120             Options.compression_opts.window_bits: -14
I200430 17:00:08.467311 10 storage/engine/rocksdb.go:120                   Options.compression_opts.level: 32767
I200430 17:00:08.467316 10 storage/engine/rocksdb.go:120                Options.compression_opts.strategy: 0
I200430 17:00:08.467321 10 storage/engine/rocksdb.go:120          Options.compression_opts.max_dict_bytes: 0
I200430 17:00:08.467326 10 storage/engine/rocksdb.go:120          Options.compression_opts.zstd_max_train_bytes: 0
I200430 17:00:08.467331 10 storage/engine/rocksdb.go:120                   Options.compression_opts.enabled: false
I200430 17:00:08.467336 10 storage/engine/rocksdb.go:120       Options.level0_file_num_compaction_trigger: 2
I200430 17:00:08.467341 10 storage/engine/rocksdb.go:120           Options.level0_slowdown_writes_trigger: 950
I200430 17:00:08.467346 10 storage/engine/rocksdb.go:120               Options.level0_stop_writes_trigger: 1000
I200430 17:00:08.467351 10 storage/engine/rocksdb.go:120                    Options.target_file_size_base: 4194304
I200430 17:00:08.467357 10 storage/engine/rocksdb.go:120              Options.target_file_size_multiplier: 2
I200430 17:00:08.467362 10 storage/engine/rocksdb.go:120                 Options.max_bytes_for_level_base: 67108864
I200430 17:00:08.467367 10 storage/engine/rocksdb.go:120  Options.level_compaction_dynamic_level_bytes: 1
I200430 17:00:08.467375 10 storage/engine/rocksdb.go:120           Options.max_bytes_for_level_multiplier: 10.000000
I200430 17:00:08.467381 10 storage/engine/rocksdb.go:120  Options.max_bytes_for_level_multiplier_addtl[0]: 1
I200430 17:00:08.467386 10 storage/engine/rocksdb.go:120  Options.max_bytes_for_level_multiplier_addtl[1]: 1
I200430 17:00:08.467391 10 storage/engine/rocksdb.go:120  Options.max_bytes_for_level_multiplier_addtl[2]: 1
I200430 17:00:08.467396 10 storage/engine/rocksdb.go:120  Options.max_bytes_for_level_multiplier_addtl[3]: 1
I200430 17:00:08.467401 10 storage/engine/rocksdb.go:120  Options.max_bytes_for_level_multiplier_addtl[4]: 1
I200430 17:00:08.467413 10 storage/engine/rocksdb.go:120  Options.max_bytes_for_level_multiplier_addtl[5]: 1
I200430 17:00:08.467419 10 storage/engine/rocksdb.go:120  Options.max_bytes_for_level_multiplier_addtl[6]: 1
I200430 17:00:08.467424 10 storage/engine/rocksdb.go:120        Options.max_sequential_skip_in_iterations: 8
I200430 17:00:08.467429 10 storage/engine/rocksdb.go:120                     Options.max_compaction_bytes: 104857600
I200430 17:00:08.467434 10 storage/engine/rocksdb.go:120                         Options.arena_block_size: 8388608
I200430 17:00:08.467439 10 storage/engine/rocksdb.go:120    Options.soft_pending_compaction_bytes_limit: 2199023255552
I200430 17:00:08.467444 10 storage/engine/rocksdb.go:120    Options.hard_pending_compaction_bytes_limit: 4400193994752
I200430 17:00:08.467449 10 storage/engine/rocksdb.go:120        Options.rate_limit_delay_max_milliseconds: 100
I200430 17:00:08.467454 10 storage/engine/rocksdb.go:120                 Options.disable_auto_compactions: 0
I200430 17:00:08.467463 10 storage/engine/rocksdb.go:120                         Options.compaction_style: kCompactionStyleLevel
I200430 17:00:08.467469 10 storage/engine/rocksdb.go:120                           Options.compaction_pri: kMinOverlappingRatio
I200430 17:00:08.467474 10 storage/engine/rocksdb.go:120  Options.compaction_options_universal.size_ratio: 1
I200430 17:00:08.467480 10 storage/engine/rocksdb.go:120  Options.compaction_options_universal.min_merge_width: 2
I200430 17:00:08.467485 10 storage/engine/rocksdb.go:120  Options.compaction_options_universal.max_merge_width: 4294967295
I200430 17:00:08.467490 10 storage/engine/rocksdb.go:120  Options.compaction_options_universal.max_size_amplification_percent: 200
I200430 17:00:08.467495 10 storage/engine/rocksdb.go:120  Options.compaction_options_universal.compression_size_percent: -1
I200430 17:00:08.467500 10 storage/engine/rocksdb.go:120  Options.compaction_options_universal.stop_style: kCompactionStopStyleTotalSize
I200430 17:00:08.467506 10 storage/engine/rocksdb.go:120  Options.compaction_options_fifo.max_table_files_size: 1073741824
I200430 17:00:08.467511 10 storage/engine/rocksdb.go:120  Options.compaction_options_fifo.allow_compaction: 0
I200430 17:00:08.467520 10 storage/engine/rocksdb.go:120                    Options.table_properties_collectors: TimeBoundTblPropCollectorFactory; DeleteRangeTblPropCollectorFactory; 
I200430 17:00:08.467527 10 storage/engine/rocksdb.go:120                    Options.inplace_update_support: 0
I200430 17:00:08.467532 10 storage/engine/rocksdb.go:120                  Options.inplace_update_num_locks: 10000
I200430 17:00:08.467538 10 storage/engine/rocksdb.go:120                Options.memtable_prefix_bloom_size_ratio: 0.000000
I200430 17:00:08.467543 10 storage/engine/rocksdb.go:120                Options.memtable_whole_key_filtering: 0
I200430 17:00:08.467548 10 storage/engine/rocksdb.go:120    Options.memtable_huge_page_size: 0
I200430 17:00:08.467554 10 storage/engine/rocksdb.go:120                            Options.bloom_locality: 0
I200430 17:00:08.467560 10 storage/engine/rocksdb.go:120                     Options.max_successive_merges: 0
I200430 17:00:08.467565 10 storage/engine/rocksdb.go:120                 Options.optimize_filters_for_hits: 1
I200430 17:00:08.467571 10 storage/engine/rocksdb.go:120                 Options.paranoid_file_checks: 0
I200430 17:00:08.467576 10 storage/engine/rocksdb.go:120                 Options.force_consistency_checks: 0
I200430 17:00:08.467580 10 storage/engine/rocksdb.go:120                 Options.report_bg_io_stats: 0
I200430 17:00:08.467585 10 storage/engine/rocksdb.go:120                                Options.ttl: 0
I200430 17:00:08.467590 10 storage/engine/rocksdb.go:120           Options.periodic_compaction_seconds: 0
I200430 17:00:08.530506 10 storage/engine/rocksdb.go:120  [db/version_set.cc:4286] Recovered from manifest file:/cockroach/cockroach-data/MANIFEST-000201 succeeded,manifest_file_number is 201, next_file_number is 375, last_sequence is 18785004, log_number is 366,prev_log_number is 0,max_column_family is 0,min_log_number_to_keep is 0
I200430 17:00:08.530521 10 storage/engine/rocksdb.go:120  [db/version_set.cc:4295] Column family [default] (ID 0), log number is 366
I200430 17:00:08.564477 10 storage/engine/rocksdb.go:120  EVENT_LOG_v1 {"time_micros": 1588266008562757, "job": 1, "event": "recovery_started", "log_files": [364, 366]}
I200430 17:00:08.564514 10 storage/engine/rocksdb.go:120  [db/db_impl_open.cc:586] Skipping log #364 since it is older than min log to keep #366
I200430 17:00:08.564528 10 storage/engine/rocksdb.go:120  [db/db_impl_open.cc:598] Recovering log #366 mode 0
I200430 17:00:09.641226 10 storage/engine/rocksdb.go:120  EVENT_LOG_v1 {"time_micros": 1588266009641099, "cf_name": "default", "job": 1, "event": "table_file_creation", "file_number": 375, "file_size": 119909, "table_properties": {"data_size": 115857, "index_size": 983, "index_partitions": 0, "top_level_index_size": 0, "index_key_is_user_key": 0, "index_value_is_delta_encoded": 0, "filter_size": 2373, "raw_key_size": 71048, "raw_average_key_size": 35, "raw_value_size": 572907, "raw_average_value_size": 287, "num_data_blocks": 18, "num_entries": 1991, "num_deletions": 983, "num_merge_operands": 664, "num_range_deletions": 664, "format_version": 0, "fixed_key_len": 0, "filter_policy": "rocksdb.BuiltinBloomFilter", "column_family_name": "default", "column_family_id": 0, "comparator": "cockroach_comparator", "merge_operator": "cockroach_merge_operator", "prefix_extractor_name": "cockroach_prefix_extractor", "property_collectors": "[TimeBoundTblPropCollectorFactory,DeleteRangeTblPropCollectorFactory]", "compression": "Snappy", "compression_options": "window_bits=-14; level=32767; strategy=0; max_dict_bytes=0; zstd_max_train_bytes=0; enabled=0; ", "creation_time": 1588266009, "oldest_key_time": 3, "file_creation_time": 0}}
I200430 17:00:09.644448 10 storage/engine/rocksdb.go:120  [db/version_set.cc:3560] Creating manifest 376
I200430 17:00:09.670933 10 storage/engine/rocksdb.go:120  EVENT_LOG_v1 {"time_micros": 1588266009670851, "job": 1, "event": "recovery_finished"}
I200430 17:00:09.746353 10 storage/engine/rocksdb.go:120  DB pointer 0x7f0eabe99000
I200430 17:05:13.901635 4382 storage/engine/rocksdb.go:120  bloom filter utility:    -nan%
I200430 17:05:13.912060 4382 storage/engine/rocksdb.go:120  [db/db_impl.cc:392] Shutdown: canceling all background work
I200430 17:05:13.969153 4382 storage/engine/rocksdb.go:120  [db/db_impl.cc:565] Shutdown complete
I200430 17:05:14.230909 4382 storage/engine/rocksdb.go:120  bloom filter utility:    93.8%
I200430 17:05:14.235030 4382 storage/engine/rocksdb.go:120  [db/db_impl.cc:392] Shutdown: canceling all background work
I200430 17:05:14.361950 4382 storage/engine/rocksdb.go:120  [db/db_impl.cc:565] Shutdown complete
