I200430 18:25:57.618445 24 util/log/clog.go:1196  [config] file created at: 2020/04/30 18:25:57
I200430 18:25:57.618445 24 util/log/clog.go:1196  [config] running on machine: e9b8c9f08e1d
I200430 18:25:57.618445 24 util/log/clog.go:1196  [config] binary: CockroachDB CCL v19.2.5 (x86_64-unknown-linux-gnu, built 2020/03/16 18:27:12, go1.12.12)
I200430 18:25:57.618445 24 util/log/clog.go:1196  [config] arguments: [/cockroach/cockroach start --insecure --join=database_1]
I200430 18:25:57.618445 24 util/log/clog.go:1196  line format: [IWEF]yymmdd hh:mm:ss.uuuuuu goid file:line msg utf8=✓
I200430 18:25:57.618443 24 storage/engine/rocksdb.go:120  RocksDB version: 6.2.1
I200430 18:25:57.657142 24 storage/engine/rocksdb.go:120  Git sha rocksdb_build_git_sha:@b7009236531fa784872f4823eabf393501e41bf2@
I200430 18:25:57.657156 24 storage/engine/rocksdb.go:120  Compile date Mar 16 2020
I200430 18:25:57.657166 24 storage/engine/rocksdb.go:120  DB SUMMARY
I200430 18:25:57.685722 24 storage/engine/rocksdb.go:120  SST files in /cockroach/cockroach-data/cockroach-temp152151750 dir, Total Num: 0, files: 
I200430 18:25:58.259736 24 storage/engine/rocksdb.go:120  Write Ahead Log file in /cockroach/cockroach-data/cockroach-temp152151750: 
I200430 18:25:58.259756 24 storage/engine/rocksdb.go:120                          Options.error_if_exists: 0
I200430 18:25:58.259766 24 storage/engine/rocksdb.go:120                        Options.create_if_missing: 1
I200430 18:25:58.259776 24 storage/engine/rocksdb.go:120                          Options.paranoid_checks: 1
I200430 18:25:58.259853 24 storage/engine/rocksdb.go:120                                      Options.env: 0x75757a0
I200430 18:25:58.259872 24 storage/engine/rocksdb.go:120                                 Options.info_log: 0x7f28c70270e0
I200430 18:25:58.259882 24 storage/engine/rocksdb.go:120                 Options.max_file_opening_threads: 16
I200430 18:25:58.260456 24 storage/engine/rocksdb.go:120                               Options.statistics: 0x7f28c7034010
I200430 18:25:58.261149 24 storage/engine/rocksdb.go:120                                Options.use_fsync: 0
I200430 18:25:58.261167 24 storage/engine/rocksdb.go:120                        Options.max_log_file_size: 0
I200430 18:25:58.261182 24 storage/engine/rocksdb.go:120                   Options.max_manifest_file_size: 134217728
I200430 18:25:58.261196 24 storage/engine/rocksdb.go:120                    Options.log_file_time_to_roll: 0
I200430 18:25:58.261212 24 storage/engine/rocksdb.go:120                        Options.keep_log_file_num: 1000
I200430 18:25:58.261223 24 storage/engine/rocksdb.go:120                     Options.recycle_log_file_num: 1
I200430 18:25:58.261236 24 storage/engine/rocksdb.go:120                          Options.allow_fallocate: 1
I200430 18:25:58.261250 24 storage/engine/rocksdb.go:120                         Options.allow_mmap_reads: 0
I200430 18:25:58.261260 24 storage/engine/rocksdb.go:120                        Options.allow_mmap_writes: 0
I200430 18:25:58.261270 24 storage/engine/rocksdb.go:120                         Options.use_direct_reads: 0
I200430 18:25:58.261281 24 storage/engine/rocksdb.go:120                         Options.use_direct_io_for_flush_and_compaction: 0
I200430 18:25:58.261290 24 storage/engine/rocksdb.go:120           Options.create_missing_column_families: 0
I200430 18:25:58.261300 24 storage/engine/rocksdb.go:120                               Options.db_log_dir: 
I200430 18:25:58.261312 24 storage/engine/rocksdb.go:120                                  Options.wal_dir: /cockroach/cockroach-data/cockroach-temp152151750
I200430 18:25:58.261324 24 storage/engine/rocksdb.go:120                 Options.table_cache_numshardbits: 6
I200430 18:25:58.261338 24 storage/engine/rocksdb.go:120                       Options.max_subcompactions: 1
I200430 18:25:58.261354 24 storage/engine/rocksdb.go:120                   Options.max_background_flushes: -1
I200430 18:25:58.261368 24 storage/engine/rocksdb.go:120                          Options.WAL_ttl_seconds: 0
I200430 18:25:58.261379 24 storage/engine/rocksdb.go:120                        Options.WAL_size_limit_MB: 0
I200430 18:25:58.261391 24 storage/engine/rocksdb.go:120              Options.manifest_preallocation_size: 4194304
I200430 18:25:58.261404 24 storage/engine/rocksdb.go:120                      Options.is_fd_close_on_exec: 1
I200430 18:25:58.261415 24 storage/engine/rocksdb.go:120                    Options.advise_random_on_open: 1
I200430 18:25:58.261430 24 storage/engine/rocksdb.go:120                     Options.db_write_buffer_size: 0
I200430 18:25:58.261443 24 storage/engine/rocksdb.go:120                     Options.write_buffer_manager: 0x7f28c7019060
I200430 18:25:58.261452 24 storage/engine/rocksdb.go:120          Options.access_hint_on_compaction_start: 1
I200430 18:25:58.261462 24 storage/engine/rocksdb.go:120   Options.new_table_reader_for_compaction_inputs: 0
I200430 18:25:58.261471 24 storage/engine/rocksdb.go:120            Options.random_access_max_buffer_size: 1048576
I200430 18:25:58.261479 24 storage/engine/rocksdb.go:120                       Options.use_adaptive_mutex: 0
I200430 18:25:58.261488 24 storage/engine/rocksdb.go:120                             Options.rate_limiter: (nil)
I200430 18:25:58.261499 24 storage/engine/rocksdb.go:120      Options.sst_file_manager.rate_bytes_per_sec: 0
I200430 18:25:58.261508 24 storage/engine/rocksdb.go:120                        Options.wal_recovery_mode: 0
I200430 18:25:58.261516 24 storage/engine/rocksdb.go:120                   Options.enable_thread_tracking: 0
I200430 18:25:58.261525 24 storage/engine/rocksdb.go:120                   Options.enable_pipelined_write: 0
I200430 18:25:58.261535 24 storage/engine/rocksdb.go:120          Options.allow_concurrent_memtable_write: 1
I200430 18:25:58.261543 24 storage/engine/rocksdb.go:120       Options.enable_write_thread_adaptive_yield: 1
I200430 18:25:58.261552 24 storage/engine/rocksdb.go:120              Options.write_thread_max_yield_usec: 100
I200430 18:25:58.265395 24 storage/engine/rocksdb.go:120             Options.write_thread_slow_yield_usec: 3
I200430 18:25:58.265452 24 storage/engine/rocksdb.go:120                                Options.row_cache: None
I200430 18:25:58.265579 24 storage/engine/rocksdb.go:120                               Options.wal_filter: None
I200430 18:25:58.265598 24 storage/engine/rocksdb.go:120              Options.avoid_flush_during_recovery: 0
I200430 18:25:58.265608 24 storage/engine/rocksdb.go:120              Options.allow_ingest_behind: 0
I200430 18:25:58.265618 24 storage/engine/rocksdb.go:120              Options.preserve_deletes: 0
I200430 18:25:58.265629 24 storage/engine/rocksdb.go:120              Options.two_write_queues: 0
I200430 18:25:58.265639 24 storage/engine/rocksdb.go:120              Options.manual_wal_flush: 1
I200430 18:25:58.265650 24 storage/engine/rocksdb.go:120              Options.atomic_flush: 0
I200430 18:25:58.265660 24 storage/engine/rocksdb.go:120              Options.avoid_unnecessary_blocking_io: 0
I200430 18:25:58.265672 24 storage/engine/rocksdb.go:120              Options.max_background_jobs: 2
I200430 18:25:58.265682 24 storage/engine/rocksdb.go:120              Options.max_background_compactions: -1
I200430 18:25:58.265693 24 storage/engine/rocksdb.go:120              Options.avoid_flush_during_shutdown: 0
I200430 18:25:58.265703 24 storage/engine/rocksdb.go:120            Options.writable_file_max_buffer_size: 1048576
I200430 18:25:58.265713 24 storage/engine/rocksdb.go:120              Options.delayed_write_rate : 16777216
I200430 18:25:58.265723 24 storage/engine/rocksdb.go:120              Options.max_total_wal_size: 0
I200430 18:25:58.265733 24 storage/engine/rocksdb.go:120              Options.delete_obsolete_files_period_micros: 21600000000
I200430 18:25:58.265744 24 storage/engine/rocksdb.go:120                    Options.stats_dump_period_sec: 0
I200430 18:25:58.265754 24 storage/engine/rocksdb.go:120                  Options.stats_persist_period_sec: 600
I200430 18:25:58.265765 24 storage/engine/rocksdb.go:120                  Options.stats_history_buffer_size: 1048576
I200430 18:25:58.265775 24 storage/engine/rocksdb.go:120                           Options.max_open_files: 128
I200430 18:25:58.265788 24 storage/engine/rocksdb.go:120                           Options.bytes_per_sync: 524288
I200430 18:25:58.265798 24 storage/engine/rocksdb.go:120                       Options.wal_bytes_per_sync: 0
I200430 18:25:58.265808 24 storage/engine/rocksdb.go:120                    Options.strict_bytes_per_sync: 1
I200430 18:25:58.265818 24 storage/engine/rocksdb.go:120        Options.compaction_readahead_size: 0
I200430 18:25:58.265827 24 storage/engine/rocksdb.go:120  Compression algorithms supported:
I200430 18:25:58.265839 24 storage/engine/rocksdb.go:120  	kZSTDNotFinalCompression supported: 0
I200430 18:25:58.265849 24 storage/engine/rocksdb.go:120  	kZSTD supported: 0
I200430 18:25:58.265860 24 storage/engine/rocksdb.go:120  	kXpressCompression supported: 0
I200430 18:25:58.265869 24 storage/engine/rocksdb.go:120  	kLZ4HCCompression supported: 0
I200430 18:25:58.265878 24 storage/engine/rocksdb.go:120  	kLZ4Compression supported: 0
I200430 18:25:58.268056 24 storage/engine/rocksdb.go:120  	kBZip2Compression supported: 0
I200430 18:25:58.268103 24 storage/engine/rocksdb.go:120  	kZlibCompression supported: 0
I200430 18:25:58.268121 24 storage/engine/rocksdb.go:120  	kSnappyCompression supported: 1
I200430 18:25:58.273889 24 storage/engine/rocksdb.go:120  Fast CRC32 supported: Supported on x86
I200430 18:25:58.307551 24 storage/engine/rocksdb.go:120  [db/db_impl_open.cc:242] Creating manifest 1 
I200430 18:25:58.505543 24 storage/engine/rocksdb.go:120  [db/version_set.cc:4072] Recovering from manifest file: /cockroach/cockroach-data/cockroach-temp152151750/MANIFEST-000001
I200430 18:25:58.532691 24 storage/engine/rocksdb.go:120  [db/column_family.cc:488] --------------- Options for column family [default]:
I200430 18:25:58.532723 24 storage/engine/rocksdb.go:120                Options.comparator: cockroach_comparator
I200430 18:25:58.533357 24 storage/engine/rocksdb.go:120            Options.merge_operator: cockroach_merge_operator
I200430 18:25:58.533374 24 storage/engine/rocksdb.go:120         Options.compaction_filter: None
I200430 18:25:58.533380 24 storage/engine/rocksdb.go:120         Options.compaction_filter_factory: None
I200430 18:25:58.533416 24 storage/engine/rocksdb.go:120          Options.memtable_factory: SkipListFactory
I200430 18:25:58.533425 24 storage/engine/rocksdb.go:120             Options.table_factory: BlockBasedTable
I200430 18:25:58.533481 24 storage/engine/rocksdb.go:120             table_factory options:   flush_block_policy_factory: FlushBlockBySizePolicyFactory (0x7f28c7028030)
  cache_index_and_filter_blocks: 0
  cache_index_and_filter_blocks_with_high_priority: 0
  pin_l0_filter_and_index_blocks_in_cache: 0
  pin_top_level_index_and_filter: 1
  index_type: 0
  data_block_index_type: 0
  index_shortening: 1
  data_block_hash_table_util_ratio: 0.750000
  hash_index_allow_collision: 1
  checksum: 1
  no_block_cache: 0
  block_cache: 0x7f28c701c010
  block_cache_name: LRUCache
  block_cache_options:
    capacity : 1048576
    num_shard_bits : 4
    strict_capacity_limit : 0
    memory_allocator : None
    high_pri_pool_ratio: 0.000
  block_cache_compressed: (nil)
  persistent_cache: (nil)
  block_size: 32768
  block_size_deviation: 10
  block_restart_interval: 16
  index_block_restart_interval: 1
  metadata_block_size: 4096
  partition_filters: 0
  use_delta_encoding: 1
  filter_policy: rocksdb.BuiltinBloomFilter
  whole_key_filtering: 0
  verify_compression: 0
  read_amp_bytes_per_bit: 0
  format_version: 2
  enable_index_compression: 1
  block_align: 0
I200430 18:25:58.533491 24 storage/engine/rocksdb.go:120         Options.write_buffer_size: 67108864
I200430 18:25:58.533499 24 storage/engine/rocksdb.go:120   Options.max_write_buffer_number: 4
I200430 18:25:58.533505 24 storage/engine/rocksdb.go:120           Options.compression: Snappy
I200430 18:25:58.533511 24 storage/engine/rocksdb.go:120                   Options.bottommost_compression: Disabled
I200430 18:25:58.533516 24 storage/engine/rocksdb.go:120        Options.prefix_extractor: cockroach_prefix_extractor
I200430 18:25:58.533521 24 storage/engine/rocksdb.go:120    Options.memtable_insert_with_hint_prefix_extractor: nullptr
I200430 18:25:58.533526 24 storage/engine/rocksdb.go:120              Options.num_levels: 7
I200430 18:25:58.533531 24 storage/engine/rocksdb.go:120         Options.min_write_buffer_number_to_merge: 1
I200430 18:25:58.533537 24 storage/engine/rocksdb.go:120      Options.max_write_buffer_number_to_maintain: 0
I200430 18:25:58.533542 24 storage/engine/rocksdb.go:120             Options.bottommost_compression_opts.window_bits: -14
I200430 18:25:58.533548 24 storage/engine/rocksdb.go:120                   Options.bottommost_compression_opts.level: 32767
I200430 18:25:58.533553 24 storage/engine/rocksdb.go:120                Options.bottommost_compression_opts.strategy: 0
I200430 18:25:58.533558 24 storage/engine/rocksdb.go:120          Options.bottommost_compression_opts.max_dict_bytes: 0
I200430 18:25:58.533563 24 storage/engine/rocksdb.go:120          Options.bottommost_compression_opts.zstd_max_train_bytes: 0
I200430 18:25:58.533568 24 storage/engine/rocksdb.go:120                   Options.bottommost_compression_opts.enabled: false
I200430 18:25:58.533573 24 storage/engine/rocksdb.go:120             Options.compression_opts.window_bits: -14
I200430 18:25:58.533578 24 storage/engine/rocksdb.go:120                   Options.compression_opts.level: 32767
I200430 18:25:58.533583 24 storage/engine/rocksdb.go:120                Options.compression_opts.strategy: 0
I200430 18:25:58.533588 24 storage/engine/rocksdb.go:120          Options.compression_opts.max_dict_bytes: 0
I200430 18:25:58.533593 24 storage/engine/rocksdb.go:120          Options.compression_opts.zstd_max_train_bytes: 0
I200430 18:25:58.533598 24 storage/engine/rocksdb.go:120                   Options.compression_opts.enabled: false
I200430 18:25:58.533603 24 storage/engine/rocksdb.go:120       Options.level0_file_num_compaction_trigger: 2
I200430 18:25:58.533608 24 storage/engine/rocksdb.go:120           Options.level0_slowdown_writes_trigger: 950
I200430 18:25:58.533613 24 storage/engine/rocksdb.go:120               Options.level0_stop_writes_trigger: 1000
I200430 18:25:58.533618 24 storage/engine/rocksdb.go:120                    Options.target_file_size_base: 4194304
I200430 18:25:58.533623 24 storage/engine/rocksdb.go:120              Options.target_file_size_multiplier: 2
I200430 18:25:58.533629 24 storage/engine/rocksdb.go:120                 Options.max_bytes_for_level_base: 67108864
I200430 18:25:58.535946 24 storage/engine/rocksdb.go:120  Options.level_compaction_dynamic_level_bytes: 1
I200430 18:25:58.535992 24 storage/engine/rocksdb.go:120           Options.max_bytes_for_level_multiplier: 10.000000
I200430 18:25:58.536002 24 storage/engine/rocksdb.go:120  Options.max_bytes_for_level_multiplier_addtl[0]: 1
I200430 18:25:58.536153 24 storage/engine/rocksdb.go:120  Options.max_bytes_for_level_multiplier_addtl[1]: 1
I200430 18:25:58.536174 24 storage/engine/rocksdb.go:120  Options.max_bytes_for_level_multiplier_addtl[2]: 1
I200430 18:25:58.536198 24 storage/engine/rocksdb.go:120  Options.max_bytes_for_level_multiplier_addtl[3]: 1
I200430 18:25:58.536214 24 storage/engine/rocksdb.go:120  Options.max_bytes_for_level_multiplier_addtl[4]: 1
I200430 18:25:58.536226 24 storage/engine/rocksdb.go:120  Options.max_bytes_for_level_multiplier_addtl[5]: 1
I200430 18:25:58.536328 24 storage/engine/rocksdb.go:120  Options.max_bytes_for_level_multiplier_addtl[6]: 1
I200430 18:25:58.536346 24 storage/engine/rocksdb.go:120        Options.max_sequential_skip_in_iterations: 8
I200430 18:25:58.536366 24 storage/engine/rocksdb.go:120                     Options.max_compaction_bytes: 104857600
I200430 18:25:58.536378 24 storage/engine/rocksdb.go:120                         Options.arena_block_size: 8388608
I200430 18:25:58.536389 24 storage/engine/rocksdb.go:120    Options.soft_pending_compaction_bytes_limit: 2199023255552
I200430 18:25:58.536401 24 storage/engine/rocksdb.go:120    Options.hard_pending_compaction_bytes_limit: 4400193994752
I200430 18:25:58.536412 24 storage/engine/rocksdb.go:120        Options.rate_limit_delay_max_milliseconds: 100
I200430 18:25:58.536423 24 storage/engine/rocksdb.go:120                 Options.disable_auto_compactions: 0
I200430 18:25:58.536441 24 storage/engine/rocksdb.go:120                         Options.compaction_style: kCompactionStyleLevel
I200430 18:25:58.536453 24 storage/engine/rocksdb.go:120                           Options.compaction_pri: kMinOverlappingRatio
I200430 18:25:58.536463 24 storage/engine/rocksdb.go:120  Options.compaction_options_universal.size_ratio: 1
I200430 18:25:58.536473 24 storage/engine/rocksdb.go:120  Options.compaction_options_universal.min_merge_width: 2
I200430 18:25:58.536567 24 storage/engine/rocksdb.go:120  Options.compaction_options_universal.max_merge_width: 4294967295
I200430 18:25:58.536581 24 storage/engine/rocksdb.go:120  Options.compaction_options_universal.max_size_amplification_percent: 200
I200430 18:25:58.536592 24 storage/engine/rocksdb.go:120  Options.compaction_options_universal.compression_size_percent: -1
I200430 18:25:58.541693 24 storage/engine/rocksdb.go:120  Options.compaction_options_universal.stop_style: kCompactionStopStyleTotalSize
I200430 18:25:58.541926 24 storage/engine/rocksdb.go:120  Options.compaction_options_fifo.max_table_files_size: 1073741824
I200430 18:25:58.541956 24 storage/engine/rocksdb.go:120  Options.compaction_options_fifo.allow_compaction: 0
I200430 18:25:58.541982 24 storage/engine/rocksdb.go:120                    Options.table_properties_collectors: TimeBoundTblPropCollectorFactory; DeleteRangeTblPropCollectorFactory; 
I200430 18:25:58.542007 24 storage/engine/rocksdb.go:120                    Options.inplace_update_support: 0
I200430 18:25:58.542099 24 storage/engine/rocksdb.go:120                  Options.inplace_update_num_locks: 10000
I200430 18:25:58.542121 24 storage/engine/rocksdb.go:120                Options.memtable_prefix_bloom_size_ratio: 0.000000
I200430 18:25:58.542133 24 storage/engine/rocksdb.go:120                Options.memtable_whole_key_filtering: 0
I200430 18:25:58.542143 24 storage/engine/rocksdb.go:120    Options.memtable_huge_page_size: 0
I200430 18:25:58.542152 24 storage/engine/rocksdb.go:120                            Options.bloom_locality: 0
I200430 18:25:58.542163 24 storage/engine/rocksdb.go:120                     Options.max_successive_merges: 0
I200430 18:25:58.542241 24 storage/engine/rocksdb.go:120                 Options.optimize_filters_for_hits: 1
I200430 18:25:58.542266 24 storage/engine/rocksdb.go:120                 Options.paranoid_file_checks: 0
I200430 18:25:58.542274 24 storage/engine/rocksdb.go:120                 Options.force_consistency_checks: 0
I200430 18:25:58.542285 24 storage/engine/rocksdb.go:120                 Options.report_bg_io_stats: 0
I200430 18:25:58.542297 24 storage/engine/rocksdb.go:120                                Options.ttl: 0
I200430 18:25:58.542309 24 storage/engine/rocksdb.go:120           Options.periodic_compaction_seconds: 0
I200430 18:25:58.597239 24 storage/engine/rocksdb.go:120  [db/version_set.cc:4286] Recovered from manifest file:/cockroach/cockroach-data/cockroach-temp152151750/MANIFEST-000001 succeeded,manifest_file_number is 1, next_file_number is 3, last_sequence is 0, log_number is 0,prev_log_number is 0,max_column_family is 0,min_log_number_to_keep is 0
I200430 18:25:58.597353 24 storage/engine/rocksdb.go:120  [db/version_set.cc:4295] Column family [default] (ID 0), log number is 0
I200430 18:25:58.776139 24 storage/engine/rocksdb.go:120  DB pointer 0x7f28c70a1000
I200430 18:25:59.952522 24 storage/engine/rocksdb.go:120  RocksDB version: 6.2.1
I200430 18:25:59.952589 24 storage/engine/rocksdb.go:120  Git sha rocksdb_build_git_sha:@b7009236531fa784872f4823eabf393501e41bf2@
I200430 18:25:59.952850 24 storage/engine/rocksdb.go:120  Compile date Mar 16 2020
I200430 18:25:59.952913 24 storage/engine/rocksdb.go:120  DB SUMMARY
I200430 18:25:59.980589 24 storage/engine/rocksdb.go:120  CURRENT file:  CURRENT
I200430 18:25:59.980626 24 storage/engine/rocksdb.go:120  IDENTITY file:  IDENTITY
I200430 18:26:00.001749 24 storage/engine/rocksdb.go:120  MANIFEST file:  MANIFEST-000145 size: 142 Bytes
I200430 18:26:00.008607 24 storage/engine/rocksdb.go:120  SST files in /cockroach/cockroach-data dir, Total Num: 2, files: 000142.sst 000144.sst 
I200430 18:26:00.010047 24 storage/engine/rocksdb.go:120  Write Ahead Log file in /cockroach/cockroach-data: 000146.log size: 6762 ; 
I200430 18:26:00.010093 24 storage/engine/rocksdb.go:120                          Options.error_if_exists: 0
I200430 18:26:00.010104 24 storage/engine/rocksdb.go:120                        Options.create_if_missing: 1
I200430 18:26:00.010113 24 storage/engine/rocksdb.go:120                          Options.paranoid_checks: 1
I200430 18:26:00.010122 24 storage/engine/rocksdb.go:120                                      Options.env: 0x75757a0
I200430 18:26:00.010134 24 storage/engine/rocksdb.go:120                                 Options.info_log: 0x7f28cb00d0c0
I200430 18:26:00.010627 24 storage/engine/rocksdb.go:120                 Options.max_file_opening_threads: 16
I200430 18:26:00.010665 24 storage/engine/rocksdb.go:120                               Options.statistics: 0x7f28cb024010
I200430 18:26:00.010672 24 storage/engine/rocksdb.go:120                                Options.use_fsync: 0
I200430 18:26:00.010678 24 storage/engine/rocksdb.go:120                        Options.max_log_file_size: 0
I200430 18:26:00.011230 24 storage/engine/rocksdb.go:120                   Options.max_manifest_file_size: 134217728
I200430 18:26:00.011243 24 storage/engine/rocksdb.go:120                    Options.log_file_time_to_roll: 0
I200430 18:26:00.011249 24 storage/engine/rocksdb.go:120                        Options.keep_log_file_num: 1000
I200430 18:26:00.011254 24 storage/engine/rocksdb.go:120                     Options.recycle_log_file_num: 1
I200430 18:26:00.011259 24 storage/engine/rocksdb.go:120                          Options.allow_fallocate: 1
I200430 18:26:00.011264 24 storage/engine/rocksdb.go:120                         Options.allow_mmap_reads: 0
I200430 18:26:00.011269 24 storage/engine/rocksdb.go:120                        Options.allow_mmap_writes: 0
I200430 18:26:00.011275 24 storage/engine/rocksdb.go:120                         Options.use_direct_reads: 0
I200430 18:26:00.011284 24 storage/engine/rocksdb.go:120                         Options.use_direct_io_for_flush_and_compaction: 0
I200430 18:26:00.028456 24 storage/engine/rocksdb.go:120           Options.create_missing_column_families: 0
I200430 18:26:00.030230 24 storage/engine/rocksdb.go:120                               Options.db_log_dir: 
I200430 18:26:00.030247 24 storage/engine/rocksdb.go:120                                  Options.wal_dir: /cockroach/cockroach-data
I200430 18:26:00.030254 24 storage/engine/rocksdb.go:120                 Options.table_cache_numshardbits: 6
I200430 18:26:00.030261 24 storage/engine/rocksdb.go:120                       Options.max_subcompactions: 1
I200430 18:26:00.033990 24 storage/engine/rocksdb.go:120                   Options.max_background_flushes: -1
I200430 18:26:00.046850 24 storage/engine/rocksdb.go:120                          Options.WAL_ttl_seconds: 0
I200430 18:26:00.046887 24 storage/engine/rocksdb.go:120                        Options.WAL_size_limit_MB: 0
I200430 18:26:00.046898 24 storage/engine/rocksdb.go:120              Options.manifest_preallocation_size: 4194304
I200430 18:26:00.046908 24 storage/engine/rocksdb.go:120                      Options.is_fd_close_on_exec: 1
I200430 18:26:00.046918 24 storage/engine/rocksdb.go:120                    Options.advise_random_on_open: 1
I200430 18:26:00.046928 24 storage/engine/rocksdb.go:120                     Options.db_write_buffer_size: 0
I200430 18:26:00.046937 24 storage/engine/rocksdb.go:120                     Options.write_buffer_manager: 0x7f28cb08c030
I200430 18:26:00.046945 24 storage/engine/rocksdb.go:120          Options.access_hint_on_compaction_start: 1
I200430 18:26:00.046955 24 storage/engine/rocksdb.go:120   Options.new_table_reader_for_compaction_inputs: 0
I200430 18:26:00.046963 24 storage/engine/rocksdb.go:120            Options.random_access_max_buffer_size: 1048576
I200430 18:26:00.046972 24 storage/engine/rocksdb.go:120                       Options.use_adaptive_mutex: 0
I200430 18:26:00.046984 24 storage/engine/rocksdb.go:120                             Options.rate_limiter: (nil)
I200430 18:26:00.046995 24 storage/engine/rocksdb.go:120      Options.sst_file_manager.rate_bytes_per_sec: 0
I200430 18:26:00.047004 24 storage/engine/rocksdb.go:120                        Options.wal_recovery_mode: 0
I200430 18:26:00.047016 24 storage/engine/rocksdb.go:120                   Options.enable_thread_tracking: 0
I200430 18:26:00.047025 24 storage/engine/rocksdb.go:120                   Options.enable_pipelined_write: 0
I200430 18:26:00.047035 24 storage/engine/rocksdb.go:120          Options.allow_concurrent_memtable_write: 1
I200430 18:26:00.047260 24 storage/engine/rocksdb.go:120       Options.enable_write_thread_adaptive_yield: 1
I200430 18:26:00.047276 24 storage/engine/rocksdb.go:120              Options.write_thread_max_yield_usec: 100
I200430 18:26:00.047289 24 storage/engine/rocksdb.go:120             Options.write_thread_slow_yield_usec: 3
I200430 18:26:00.052271 24 storage/engine/rocksdb.go:120                                Options.row_cache: None
I200430 18:26:00.052438 24 storage/engine/rocksdb.go:120                               Options.wal_filter: None
I200430 18:26:00.052465 24 storage/engine/rocksdb.go:120              Options.avoid_flush_during_recovery: 0
I200430 18:26:00.061895 24 storage/engine/rocksdb.go:120              Options.allow_ingest_behind: 0
I200430 18:26:00.062872 24 storage/engine/rocksdb.go:120              Options.preserve_deletes: 0
I200430 18:26:00.075460 24 storage/engine/rocksdb.go:120              Options.two_write_queues: 0
I200430 18:26:00.088693 24 storage/engine/rocksdb.go:120              Options.manual_wal_flush: 1
I200430 18:26:00.110979 24 storage/engine/rocksdb.go:120              Options.atomic_flush: 0
I200430 18:26:00.114038 24 storage/engine/rocksdb.go:120              Options.avoid_unnecessary_blocking_io: 0
I200430 18:26:00.114637 24 storage/engine/rocksdb.go:120              Options.max_background_jobs: 2
I200430 18:26:00.114755 24 storage/engine/rocksdb.go:120              Options.max_background_compactions: -1
I200430 18:26:00.114773 24 storage/engine/rocksdb.go:120              Options.avoid_flush_during_shutdown: 0
I200430 18:26:00.114781 24 storage/engine/rocksdb.go:120            Options.writable_file_max_buffer_size: 1048576
I200430 18:26:00.114786 24 storage/engine/rocksdb.go:120              Options.delayed_write_rate : 16777216
I200430 18:26:00.114792 24 storage/engine/rocksdb.go:120              Options.max_total_wal_size: 0
I200430 18:26:00.130373 24 storage/engine/rocksdb.go:120              Options.delete_obsolete_files_period_micros: 21600000000
I200430 18:26:00.130407 24 storage/engine/rocksdb.go:120                    Options.stats_dump_period_sec: 0
I200430 18:26:00.130416 24 storage/engine/rocksdb.go:120                  Options.stats_persist_period_sec: 600
I200430 18:26:00.130499 24 storage/engine/rocksdb.go:120                  Options.stats_history_buffer_size: 1048576
I200430 18:26:00.130515 24 storage/engine/rocksdb.go:120                           Options.max_open_files: 1043576
I200430 18:26:00.133787 24 storage/engine/rocksdb.go:120                           Options.bytes_per_sync: 524288
I200430 18:26:00.134023 24 storage/engine/rocksdb.go:120                       Options.wal_bytes_per_sync: 0
I200430 18:26:00.134037 24 storage/engine/rocksdb.go:120                    Options.strict_bytes_per_sync: 1
I200430 18:26:00.134048 24 storage/engine/rocksdb.go:120        Options.compaction_readahead_size: 0
I200430 18:26:00.134058 24 storage/engine/rocksdb.go:120  Compression algorithms supported:
I200430 18:26:00.134069 24 storage/engine/rocksdb.go:120  	kZSTDNotFinalCompression supported: 0
I200430 18:26:00.134078 24 storage/engine/rocksdb.go:120  	kZSTD supported: 0
I200430 18:26:00.134184 24 storage/engine/rocksdb.go:120  	kXpressCompression supported: 0
I200430 18:26:00.134201 24 storage/engine/rocksdb.go:120  	kLZ4HCCompression supported: 0
I200430 18:26:00.134212 24 storage/engine/rocksdb.go:120  	kLZ4Compression supported: 0
I200430 18:26:00.134222 24 storage/engine/rocksdb.go:120  	kBZip2Compression supported: 0
I200430 18:26:00.134231 24 storage/engine/rocksdb.go:120  	kZlibCompression supported: 0
I200430 18:26:00.134243 24 storage/engine/rocksdb.go:120  	kSnappyCompression supported: 1
I200430 18:26:00.134468 24 storage/engine/rocksdb.go:120  Fast CRC32 supported: Supported on x86
I200430 18:26:00.260874 24 storage/engine/rocksdb.go:120  [db/version_set.cc:4072] Recovering from manifest file: /cockroach/cockroach-data/MANIFEST-000145
I200430 18:26:00.292459 24 storage/engine/rocksdb.go:120  [db/column_family.cc:488] --------------- Options for column family [default]:
I200430 18:26:00.292496 24 storage/engine/rocksdb.go:120                Options.comparator: cockroach_comparator
I200430 18:26:00.292573 24 storage/engine/rocksdb.go:120            Options.merge_operator: cockroach_merge_operator
I200430 18:26:00.292602 24 storage/engine/rocksdb.go:120         Options.compaction_filter: None
I200430 18:26:00.292614 24 storage/engine/rocksdb.go:120         Options.compaction_filter_factory: None
I200430 18:26:00.292624 24 storage/engine/rocksdb.go:120          Options.memtable_factory: SkipListFactory
I200430 18:26:00.292634 24 storage/engine/rocksdb.go:120             Options.table_factory: BlockBasedTable
I200430 18:26:00.293007 24 storage/engine/rocksdb.go:120             table_factory options:   flush_block_policy_factory: FlushBlockBySizePolicyFactory (0x7f28cb022028)
  cache_index_and_filter_blocks: 0
  cache_index_and_filter_blocks_with_high_priority: 0
  pin_l0_filter_and_index_blocks_in_cache: 0
  pin_top_level_index_and_filter: 1
  index_type: 0
  data_block_index_type: 0
  index_shortening: 1
  data_block_hash_table_util_ratio: 0.750000
  hash_index_allow_collision: 1
  checksum: 1
  no_block_cache: 0
  block_cache: 0x7f28cb014010
  block_cache_name: LRUCache
  block_cache_options:
    capacity : 67108864
    num_shard_bits : 4
    strict_capacity_limit : 0
    memory_allocator : None
    high_pri_pool_ratio: 0.000
  block_cache_compressed: (nil)
  persistent_cache: (nil)
  block_size: 32768
  block_size_deviation: 10
  block_restart_interval: 16
  index_block_restart_interval: 1
  metadata_block_size: 4096
  partition_filters: 0
  use_delta_encoding: 1
  filter_policy: rocksdb.BuiltinBloomFilter
  whole_key_filtering: 0
  verify_compression: 0
  read_amp_bytes_per_bit: 0
  format_version: 2
  enable_index_compression: 1
  block_align: 0
I200430 18:26:00.293036 24 storage/engine/rocksdb.go:120         Options.write_buffer_size: 67108864
I200430 18:26:00.293147 24 storage/engine/rocksdb.go:120   Options.max_write_buffer_number: 4
I200430 18:26:00.294553 24 storage/engine/rocksdb.go:120           Options.compression: Snappy
I200430 18:26:00.294723 24 storage/engine/rocksdb.go:120                   Options.bottommost_compression: Disabled
I200430 18:26:00.294750 24 storage/engine/rocksdb.go:120        Options.prefix_extractor: cockroach_prefix_extractor
I200430 18:26:00.294758 24 storage/engine/rocksdb.go:120    Options.memtable_insert_with_hint_prefix_extractor: nullptr
I200430 18:26:00.294764 24 storage/engine/rocksdb.go:120              Options.num_levels: 7
I200430 18:26:00.294770 24 storage/engine/rocksdb.go:120         Options.min_write_buffer_number_to_merge: 1
I200430 18:26:00.294775 24 storage/engine/rocksdb.go:120      Options.max_write_buffer_number_to_maintain: 0
I200430 18:26:00.294781 24 storage/engine/rocksdb.go:120             Options.bottommost_compression_opts.window_bits: -14
I200430 18:26:00.294859 24 storage/engine/rocksdb.go:120                   Options.bottommost_compression_opts.level: 32767
I200430 18:26:00.294866 24 storage/engine/rocksdb.go:120                Options.bottommost_compression_opts.strategy: 0
I200430 18:26:00.295158 24 storage/engine/rocksdb.go:120          Options.bottommost_compression_opts.max_dict_bytes: 0
I200430 18:26:00.295177 24 storage/engine/rocksdb.go:120          Options.bottommost_compression_opts.zstd_max_train_bytes: 0
I200430 18:26:00.295186 24 storage/engine/rocksdb.go:120                   Options.bottommost_compression_opts.enabled: false
I200430 18:26:00.295196 24 storage/engine/rocksdb.go:120             Options.compression_opts.window_bits: -14
I200430 18:26:00.295205 24 storage/engine/rocksdb.go:120                   Options.compression_opts.level: 32767
I200430 18:26:00.295215 24 storage/engine/rocksdb.go:120                Options.compression_opts.strategy: 0
I200430 18:26:00.295571 24 storage/engine/rocksdb.go:120          Options.compression_opts.max_dict_bytes: 0
I200430 18:26:00.295582 24 storage/engine/rocksdb.go:120          Options.compression_opts.zstd_max_train_bytes: 0
I200430 18:26:00.295588 24 storage/engine/rocksdb.go:120                   Options.compression_opts.enabled: false
I200430 18:26:00.295593 24 storage/engine/rocksdb.go:120       Options.level0_file_num_compaction_trigger: 2
I200430 18:26:00.295598 24 storage/engine/rocksdb.go:120           Options.level0_slowdown_writes_trigger: 950
I200430 18:26:00.295956 24 storage/engine/rocksdb.go:120               Options.level0_stop_writes_trigger: 1000
I200430 18:26:00.295978 24 storage/engine/rocksdb.go:120                    Options.target_file_size_base: 4194304
I200430 18:26:00.295985 24 storage/engine/rocksdb.go:120              Options.target_file_size_multiplier: 2
I200430 18:26:00.295990 24 storage/engine/rocksdb.go:120                 Options.max_bytes_for_level_base: 67108864
I200430 18:26:00.295996 24 storage/engine/rocksdb.go:120  Options.level_compaction_dynamic_level_bytes: 1
I200430 18:26:00.296004 24 storage/engine/rocksdb.go:120           Options.max_bytes_for_level_multiplier: 10.000000
I200430 18:26:00.296010 24 storage/engine/rocksdb.go:120  Options.max_bytes_for_level_multiplier_addtl[0]: 1
I200430 18:26:00.296016 24 storage/engine/rocksdb.go:120  Options.max_bytes_for_level_multiplier_addtl[1]: 1
I200430 18:26:00.296024 24 storage/engine/rocksdb.go:120  Options.max_bytes_for_level_multiplier_addtl[2]: 1
I200430 18:26:00.296032 24 storage/engine/rocksdb.go:120  Options.max_bytes_for_level_multiplier_addtl[3]: 1
I200430 18:26:00.296193 24 storage/engine/rocksdb.go:120  Options.max_bytes_for_level_multiplier_addtl[4]: 1
I200430 18:26:00.296199 24 storage/engine/rocksdb.go:120  Options.max_bytes_for_level_multiplier_addtl[5]: 1
I200430 18:26:00.296205 24 storage/engine/rocksdb.go:120  Options.max_bytes_for_level_multiplier_addtl[6]: 1
I200430 18:26:00.296210 24 storage/engine/rocksdb.go:120        Options.max_sequential_skip_in_iterations: 8
I200430 18:26:00.296216 24 storage/engine/rocksdb.go:120                     Options.max_compaction_bytes: 104857600
I200430 18:26:00.296225 24 storage/engine/rocksdb.go:120                         Options.arena_block_size: 8388608
I200430 18:26:00.296237 24 storage/engine/rocksdb.go:120    Options.soft_pending_compaction_bytes_limit: 2199023255552
I200430 18:26:00.296372 24 storage/engine/rocksdb.go:120    Options.hard_pending_compaction_bytes_limit: 4400193994752
I200430 18:26:00.296392 24 storage/engine/rocksdb.go:120        Options.rate_limit_delay_max_milliseconds: 100
I200430 18:26:00.296402 24 storage/engine/rocksdb.go:120                 Options.disable_auto_compactions: 0
I200430 18:26:00.296422 24 storage/engine/rocksdb.go:120                         Options.compaction_style: kCompactionStyleLevel
I200430 18:26:00.296436 24 storage/engine/rocksdb.go:120                           Options.compaction_pri: kMinOverlappingRatio
I200430 18:26:00.296542 24 storage/engine/rocksdb.go:120  Options.compaction_options_universal.size_ratio: 1
I200430 18:26:00.296551 24 storage/engine/rocksdb.go:120  Options.compaction_options_universal.min_merge_width: 2
I200430 18:26:00.297415 24 storage/engine/rocksdb.go:120  Options.compaction_options_universal.max_merge_width: 4294967295
I200430 18:26:00.297444 24 storage/engine/rocksdb.go:120  Options.compaction_options_universal.max_size_amplification_percent: 200
I200430 18:26:00.297459 24 storage/engine/rocksdb.go:120  Options.compaction_options_universal.compression_size_percent: -1
I200430 18:26:00.297561 24 storage/engine/rocksdb.go:120  Options.compaction_options_universal.stop_style: kCompactionStopStyleTotalSize
I200430 18:26:00.297575 24 storage/engine/rocksdb.go:120  Options.compaction_options_fifo.max_table_files_size: 1073741824
I200430 18:26:00.297585 24 storage/engine/rocksdb.go:120  Options.compaction_options_fifo.allow_compaction: 0
I200430 18:26:00.297604 24 storage/engine/rocksdb.go:120                    Options.table_properties_collectors: TimeBoundTblPropCollectorFactory; DeleteRangeTblPropCollectorFactory; 
I200430 18:26:00.297691 24 storage/engine/rocksdb.go:120                    Options.inplace_update_support: 0
I200430 18:26:00.297709 24 storage/engine/rocksdb.go:120                  Options.inplace_update_num_locks: 10000
I200430 18:26:00.297725 24 storage/engine/rocksdb.go:120                Options.memtable_prefix_bloom_size_ratio: 0.000000
I200430 18:26:00.297735 24 storage/engine/rocksdb.go:120                Options.memtable_whole_key_filtering: 0
I200430 18:26:00.297746 24 storage/engine/rocksdb.go:120    Options.memtable_huge_page_size: 0
I200430 18:26:00.297759 24 storage/engine/rocksdb.go:120                            Options.bloom_locality: 0
I200430 18:26:00.297983 24 storage/engine/rocksdb.go:120                     Options.max_successive_merges: 0
I200430 18:26:00.298007 24 storage/engine/rocksdb.go:120                 Options.optimize_filters_for_hits: 1
I200430 18:26:00.298017 24 storage/engine/rocksdb.go:120                 Options.paranoid_file_checks: 0
I200430 18:26:00.298027 24 storage/engine/rocksdb.go:120                 Options.force_consistency_checks: 0
I200430 18:26:00.298036 24 storage/engine/rocksdb.go:120                 Options.report_bg_io_stats: 0
I200430 18:26:00.298045 24 storage/engine/rocksdb.go:120                                Options.ttl: 0
I200430 18:26:00.298055 24 storage/engine/rocksdb.go:120           Options.periodic_compaction_seconds: 0
I200430 18:26:00.654658 24 storage/engine/rocksdb.go:120  [db/version_set.cc:3086] More existing levels in DB than needed. max_bytes_for_level_multiplier may not be guaranteed.
I200430 18:26:00.654808 24 storage/engine/rocksdb.go:120  [db/version_set.cc:4286] Recovered from manifest file:/cockroach/cockroach-data/MANIFEST-000145 succeeded,manifest_file_number is 145, next_file_number is 147, last_sequence is 95439, log_number is 140,prev_log_number is 0,max_column_family is 0,min_log_number_to_keep is 0
I200430 18:26:00.654827 24 storage/engine/rocksdb.go:120  [db/version_set.cc:4295] Column family [default] (ID 0), log number is 140
I200430 18:26:00.742000 24 storage/engine/rocksdb.go:120  EVENT_LOG_v1 {"time_micros": 1588271160734560, "job": 1, "event": "recovery_started", "log_files": [146]}
I200430 18:26:00.742052 24 storage/engine/rocksdb.go:120  [db/db_impl_open.cc:598] Recovering log #146 mode 0
I200430 18:26:00.893080 24 storage/engine/rocksdb.go:120  EVENT_LOG_v1 {"time_micros": 1588271160885978, "cf_name": "default", "job": 1, "event": "table_file_creation", "file_number": 147, "file_size": 1181, "table_properties": {"data_size": 152, "index_size": 34, "index_partitions": 0, "top_level_index_size": 0, "index_key_is_user_key": 0, "index_value_is_delta_encoded": 0, "filter_size": 69, "raw_key_size": 45, "raw_average_key_size": 15, "raw_value_size": 116, "raw_average_value_size": 38, "num_data_blocks": 1, "num_entries": 3, "num_deletions": 0, "num_merge_operands": 0, "num_range_deletions": 0, "format_version": 0, "fixed_key_len": 0, "filter_policy": "rocksdb.BuiltinBloomFilter", "column_family_name": "default", "column_family_id": 0, "comparator": "cockroach_comparator", "merge_operator": "cockroach_merge_operator", "prefix_extractor_name": "cockroach_prefix_extractor", "property_collectors": "[TimeBoundTblPropCollectorFactory,DeleteRangeTblPropCollectorFactory]", "compression": "Snappy", "compression_options": "window_bits=-14; level=32767; strategy=0; max_dict_bytes=0; zstd_max_train_bytes=0; enabled=0; ", "creation_time": 1588271160, "oldest_key_time": 3, "file_creation_time": 0}}
I200430 18:26:00.899086 24 storage/engine/rocksdb.go:120  [db/version_set.cc:3560] Creating manifest 148
I200430 18:26:00.916447 24 storage/engine/rocksdb.go:120  [db/version_set.cc:3086] More existing levels in DB than needed. max_bytes_for_level_multiplier may not be guaranteed.
I200430 18:26:00.989468 24 storage/engine/rocksdb.go:120  EVENT_LOG_v1 {"time_micros": 1588271160984357, "job": 1, "event": "recovery_finished"}
I200430 18:26:01.128220 17 storage/engine/rocksdb.go:120  [db/compaction_job.cc:1647] [default] [JOB 3] Compacting 2@0 + 1@6 files to L6, score 1.00
I200430 18:26:01.128248 17 storage/engine/rocksdb.go:120  [db/compaction_job.cc:1651] [default] Compaction start summary: Base version 2 Base level 0, inputs: [147(1181B) 144(1180B)], [142(1114B)]
I200430 18:26:01.128638 17 storage/engine/rocksdb.go:120  EVENT_LOG_v1 {"time_micros": 1588271161128281, "job": 3, "event": "compaction_started", "compaction_reason": "LevelL0FilesNum", "files_L0": [147, 144], "files_L6": [142], "score": 1, "input_data_size": 3475}
I200430 18:26:01.169088 17 storage/engine/rocksdb.go:120  [db/compaction_job.cc:1334] [default] [JOB 3] Generated table #152: 4 keys, 1114 bytes
I200430 18:26:01.169404 17 storage/engine/rocksdb.go:120  EVENT_LOG_v1 {"time_micros": 1588271161169139, "cf_name": "default", "job": 3, "event": "table_file_creation", "file_number": 152, "file_size": 1114, "table_properties": {"data_size": 182, "index_size": 34, "index_partitions": 0, "top_level_index_size": 0, "index_key_is_user_key": 0, "index_value_is_delta_encoded": 0, "filter_size": 0, "raw_key_size": 60, "raw_average_key_size": 15, "raw_value_size": 157, "raw_average_value_size": 39, "num_data_blocks": 1, "num_entries": 4, "num_deletions": 0, "num_merge_operands": 0, "num_range_deletions": 0, "format_version": 0, "fixed_key_len": 0, "filter_policy": "rocksdb.BuiltinBloomFilter", "column_family_name": "default", "column_family_id": 0, "comparator": "cockroach_comparator", "merge_operator": "cockroach_merge_operator", "prefix_extractor_name": "cockroach_prefix_extractor", "property_collectors": "[TimeBoundTblPropCollectorFactory,DeleteRangeTblPropCollectorFactory]", "compression": "Snappy", "compression_options": "window_bits=-14; level=32767; strategy=0; max_dict_bytes=0; zstd_max_train_bytes=0; enabled=0; ", "creation_time": 1588271160, "oldest_key_time": 0, "file_creation_time": 1588271161}}
I200430 18:26:01.267611 24 storage/engine/rocksdb.go:120  DB pointer 0x7f28cb099000
I200430 18:26:01.284689 17 storage/engine/rocksdb.go:120  [db/compaction_job.cc:1397] [default] [JOB 3] Compacted 2@0 + 1@6 files to L6 => 1114 bytes
I200430 18:26:01.290922 17 storage/engine/rocksdb.go:120  [db/version_set.cc:3086] More existing levels in DB than needed. max_bytes_for_level_multiplier may not be guaranteed.
I200430 18:26:01.327436 17 storage/engine/rocksdb.go:120  (Original Log Time 2020/04/30-18:26:01.327115) [db/compaction_job.cc:770] [default] compacted to: base level 6 level multiplier 10.00 max bytes base 67108864 files[0 0 0 0 0 0 1] max score 0.00, MB/sec: 0.0 rd, 0.0 wr, level 6, files in(2, 1) out(1) MB in(0.0, 0.0) out(0.0), read-write-amplify(1.9) write-amplify(0.5) OK, records in: 10, records dropped: 6 output_compression: Snappy
I200430 18:26:01.327466 17 storage/engine/rocksdb.go:120  (Original Log Time 2020/04/30-18:26:01.327160) EVENT_LOG_v1 {"time_micros": 1588271161327140, "job": 3, "event": "compaction_finished", "compaction_time_micros": 105397, "compaction_time_cpu_micros": 4609, "output_level": 6, "num_output_files": 1, "total_output_size": 1114, "num_input_records": 10, "num_output_records": 4, "num_subcompactions": 1, "output_compression": "Snappy", "num_single_delete_mismatches": 0, "num_single_delete_fallthrough": 0, "lsm_state": [0, 0, 0, 0, 0, 0, 1]}
I200430 18:26:01.377334 17 storage/engine/rocksdb.go:120  EVENT_LOG_v1 {"time_micros": 1588271161374052, "job": 3, "event": "table_file_deletion", "file_number": 147}
I200430 18:26:01.406255 17 storage/engine/rocksdb.go:120  EVENT_LOG_v1 {"time_micros": 1588271161404759, "job": 3, "event": "table_file_deletion", "file_number": 144}
I200430 18:26:01.414863 17 storage/engine/rocksdb.go:120  EVENT_LOG_v1 {"time_micros": 1588271161414480, "job": 3, "event": "table_file_deletion", "file_number": 142}
