I200408 06:56:27.430645 25 util/log/clog.go:1196  [config] file created at: 2020/04/08 06:56:27
I200408 06:56:27.430645 25 util/log/clog.go:1196  [config] running on machine: d0363493260f
I200408 06:56:27.430645 25 util/log/clog.go:1196  [config] binary: CockroachDB CCL v19.2.5 (x86_64-unknown-linux-gnu, built 2020/03/16 18:27:12, go1.12.12)
I200408 06:56:27.430645 25 util/log/clog.go:1196  [config] arguments: [/cockroach/cockroach start --insecure --join=node_1]
I200408 06:56:27.430645 25 util/log/clog.go:1196  line format: [IWEF]yymmdd hh:mm:ss.uuuuuu goid file:line msg utf8=✓
I200408 06:56:27.430400 25 storage/engine/rocksdb.go:120  RocksDB version: 6.2.1
I200408 06:56:27.468224 25 storage/engine/rocksdb.go:120  Git sha rocksdb_build_git_sha:@b7009236531fa784872f4823eabf393501e41bf2@
I200408 06:56:27.468274 25 storage/engine/rocksdb.go:120  Compile date Mar 16 2020
I200408 06:56:27.472796 25 storage/engine/rocksdb.go:120  DB SUMMARY
I200408 06:56:27.478214 25 storage/engine/rocksdb.go:120  SST files in /cockroach/cockroach-data/cockroach-temp113306768 dir, Total Num: 0, files: 
I200408 06:56:27.478528 25 storage/engine/rocksdb.go:120  Write Ahead Log file in /cockroach/cockroach-data/cockroach-temp113306768: 
I200408 06:56:27.478595 25 storage/engine/rocksdb.go:120                          Options.error_if_exists: 0
I200408 06:56:27.478653 25 storage/engine/rocksdb.go:120                        Options.create_if_missing: 1
I200408 06:56:27.478899 25 storage/engine/rocksdb.go:120                          Options.paranoid_checks: 1
I200408 06:56:27.478997 25 storage/engine/rocksdb.go:120                                      Options.env: 0x75757a0
I200408 06:56:27.479042 25 storage/engine/rocksdb.go:120                                 Options.info_log: 0x7fa93a487f60
I200408 06:56:27.479085 25 storage/engine/rocksdb.go:120                 Options.max_file_opening_threads: 16
I200408 06:56:27.479126 25 storage/engine/rocksdb.go:120                               Options.statistics: 0x7fa93a41d8d0
I200408 06:56:27.479547 25 storage/engine/rocksdb.go:120                                Options.use_fsync: 0
I200408 06:56:27.479752 25 storage/engine/rocksdb.go:120                        Options.max_log_file_size: 0
I200408 06:56:27.554901 25 storage/engine/rocksdb.go:120                   Options.max_manifest_file_size: 134217728
I200408 06:56:27.554929 25 storage/engine/rocksdb.go:120                    Options.log_file_time_to_roll: 0
I200408 06:56:27.554957 25 storage/engine/rocksdb.go:120                        Options.keep_log_file_num: 1000
I200408 06:56:27.554986 25 storage/engine/rocksdb.go:120                     Options.recycle_log_file_num: 1
I200408 06:56:27.555014 25 storage/engine/rocksdb.go:120                          Options.allow_fallocate: 1
I200408 06:56:27.555045 25 storage/engine/rocksdb.go:120                         Options.allow_mmap_reads: 0
I200408 06:56:27.555076 25 storage/engine/rocksdb.go:120                        Options.allow_mmap_writes: 0
I200408 06:56:27.555102 25 storage/engine/rocksdb.go:120                         Options.use_direct_reads: 0
I200408 06:56:27.555131 25 storage/engine/rocksdb.go:120                         Options.use_direct_io_for_flush_and_compaction: 0
I200408 06:56:27.555159 25 storage/engine/rocksdb.go:120           Options.create_missing_column_families: 0
I200408 06:56:27.555187 25 storage/engine/rocksdb.go:120                               Options.db_log_dir: 
I200408 06:56:27.555215 25 storage/engine/rocksdb.go:120                                  Options.wal_dir: /cockroach/cockroach-data/cockroach-temp113306768
I200408 06:56:27.555242 25 storage/engine/rocksdb.go:120                 Options.table_cache_numshardbits: 6
I200408 06:56:27.555269 25 storage/engine/rocksdb.go:120                       Options.max_subcompactions: 1
I200408 06:56:27.555297 25 storage/engine/rocksdb.go:120                   Options.max_background_flushes: -1
I200408 06:56:27.555325 25 storage/engine/rocksdb.go:120                          Options.WAL_ttl_seconds: 0
I200408 06:56:27.555349 25 storage/engine/rocksdb.go:120                        Options.WAL_size_limit_MB: 0
I200408 06:56:27.555378 25 storage/engine/rocksdb.go:120              Options.manifest_preallocation_size: 4194304
I200408 06:56:27.555417 25 storage/engine/rocksdb.go:120                      Options.is_fd_close_on_exec: 1
I200408 06:56:27.555445 25 storage/engine/rocksdb.go:120                    Options.advise_random_on_open: 1
I200408 06:56:27.555845 25 storage/engine/rocksdb.go:120                     Options.db_write_buffer_size: 0
I200408 06:56:27.555885 25 storage/engine/rocksdb.go:120                     Options.write_buffer_manager: 0x7fa93a460cb0
I200408 06:56:27.555923 25 storage/engine/rocksdb.go:120          Options.access_hint_on_compaction_start: 1
I200408 06:56:27.555952 25 storage/engine/rocksdb.go:120   Options.new_table_reader_for_compaction_inputs: 0
I200408 06:56:27.555982 25 storage/engine/rocksdb.go:120            Options.random_access_max_buffer_size: 1048576
I200408 06:56:27.556009 25 storage/engine/rocksdb.go:120                       Options.use_adaptive_mutex: 0
I200408 06:56:27.556038 25 storage/engine/rocksdb.go:120                             Options.rate_limiter: (nil)
I200408 06:56:27.556066 25 storage/engine/rocksdb.go:120      Options.sst_file_manager.rate_bytes_per_sec: 0
I200408 06:56:27.556094 25 storage/engine/rocksdb.go:120                        Options.wal_recovery_mode: 0
I200408 06:56:27.556122 25 storage/engine/rocksdb.go:120                   Options.enable_thread_tracking: 0
I200408 06:56:27.556147 25 storage/engine/rocksdb.go:120                   Options.enable_pipelined_write: 0
I200408 06:56:27.556175 25 storage/engine/rocksdb.go:120          Options.allow_concurrent_memtable_write: 1
I200408 06:56:27.556203 25 storage/engine/rocksdb.go:120       Options.enable_write_thread_adaptive_yield: 1
I200408 06:56:27.556230 25 storage/engine/rocksdb.go:120              Options.write_thread_max_yield_usec: 100
I200408 06:56:27.556257 25 storage/engine/rocksdb.go:120             Options.write_thread_slow_yield_usec: 3
I200408 06:56:27.556285 25 storage/engine/rocksdb.go:120                                Options.row_cache: None
I200408 06:56:27.556314 25 storage/engine/rocksdb.go:120                               Options.wal_filter: None
I200408 06:56:27.556342 25 storage/engine/rocksdb.go:120              Options.avoid_flush_during_recovery: 0
I200408 06:56:27.556462 25 storage/engine/rocksdb.go:120              Options.allow_ingest_behind: 0
I200408 06:56:27.556505 25 storage/engine/rocksdb.go:120              Options.preserve_deletes: 0
I200408 06:56:27.556551 25 storage/engine/rocksdb.go:120              Options.two_write_queues: 0
I200408 06:56:27.556589 25 storage/engine/rocksdb.go:120              Options.manual_wal_flush: 1
I200408 06:56:27.556633 25 storage/engine/rocksdb.go:120              Options.atomic_flush: 0
I200408 06:56:27.556668 25 storage/engine/rocksdb.go:120              Options.avoid_unnecessary_blocking_io: 0
I200408 06:56:27.556710 25 storage/engine/rocksdb.go:120              Options.max_background_jobs: 2
I200408 06:56:27.556753 25 storage/engine/rocksdb.go:120              Options.max_background_compactions: -1
I200408 06:56:27.556794 25 storage/engine/rocksdb.go:120              Options.avoid_flush_during_shutdown: 0
I200408 06:56:27.556834 25 storage/engine/rocksdb.go:120            Options.writable_file_max_buffer_size: 1048576
I200408 06:56:27.556874 25 storage/engine/rocksdb.go:120              Options.delayed_write_rate : 16777216
I200408 06:56:27.556916 25 storage/engine/rocksdb.go:120              Options.max_total_wal_size: 0
I200408 06:56:27.556957 25 storage/engine/rocksdb.go:120              Options.delete_obsolete_files_period_micros: 21600000000
I200408 06:56:27.557002 25 storage/engine/rocksdb.go:120                    Options.stats_dump_period_sec: 0
I200408 06:56:27.557044 25 storage/engine/rocksdb.go:120                  Options.stats_persist_period_sec: 600
I200408 06:56:27.557086 25 storage/engine/rocksdb.go:120                  Options.stats_history_buffer_size: 1048576
I200408 06:56:27.557124 25 storage/engine/rocksdb.go:120                           Options.max_open_files: 128
I200408 06:56:27.557165 25 storage/engine/rocksdb.go:120                           Options.bytes_per_sync: 524288
I200408 06:56:27.557208 25 storage/engine/rocksdb.go:120                       Options.wal_bytes_per_sync: 0
I200408 06:56:27.557254 25 storage/engine/rocksdb.go:120                    Options.strict_bytes_per_sync: 1
I200408 06:56:27.557299 25 storage/engine/rocksdb.go:120        Options.compaction_readahead_size: 0
I200408 06:56:27.557337 25 storage/engine/rocksdb.go:120  Compression algorithms supported:
I200408 06:56:27.557385 25 storage/engine/rocksdb.go:120  	kZSTDNotFinalCompression supported: 0
I200408 06:56:27.557523 25 storage/engine/rocksdb.go:120  	kZSTD supported: 0
I200408 06:56:27.557593 25 storage/engine/rocksdb.go:120  	kXpressCompression supported: 0
I200408 06:56:27.557635 25 storage/engine/rocksdb.go:120  	kLZ4HCCompression supported: 0
I200408 06:56:27.557675 25 storage/engine/rocksdb.go:120  	kLZ4Compression supported: 0
I200408 06:56:27.557714 25 storage/engine/rocksdb.go:120  	kBZip2Compression supported: 0
I200408 06:56:27.557754 25 storage/engine/rocksdb.go:120  	kZlibCompression supported: 0
I200408 06:56:27.557792 25 storage/engine/rocksdb.go:120  	kSnappyCompression supported: 1
I200408 06:56:27.557849 25 storage/engine/rocksdb.go:120  Fast CRC32 supported: Supported on x86
I200408 06:56:27.566460 25 storage/engine/rocksdb.go:120  [db/db_impl_open.cc:242] Creating manifest 1 
I200408 06:56:27.593851 25 storage/engine/rocksdb.go:120  [db/version_set.cc:4072] Recovering from manifest file: /cockroach/cockroach-data/cockroach-temp113306768/MANIFEST-000001
I200408 06:56:27.597453 25 storage/engine/rocksdb.go:120  [db/column_family.cc:488] --------------- Options for column family [default]:
I200408 06:56:27.597598 25 storage/engine/rocksdb.go:120                Options.comparator: cockroach_comparator
I200408 06:56:27.597627 25 storage/engine/rocksdb.go:120            Options.merge_operator: cockroach_merge_operator
I200408 06:56:27.597763 25 storage/engine/rocksdb.go:120         Options.compaction_filter: None
I200408 06:56:27.597794 25 storage/engine/rocksdb.go:120         Options.compaction_filter_factory: None
I200408 06:56:27.597822 25 storage/engine/rocksdb.go:120          Options.memtable_factory: SkipListFactory
I200408 06:56:27.597958 25 storage/engine/rocksdb.go:120             Options.table_factory: BlockBasedTable
I200408 06:56:27.598032 25 storage/engine/rocksdb.go:120             table_factory options:   flush_block_policy_factory: FlushBlockBySizePolicyFactory (0x7fa93a424040)
  cache_index_and_filter_blocks: 0
  cache_index_and_filter_blocks_with_high_priority: 0
  pin_l0_filter_and_index_blocks_in_cache: 0
  pin_top_level_index_and_filter: 1
  index_type: 0
  data_block_index_type: 0
  index_shortening: 1
  data_block_hash_table_util_ratio: 0.750000
  hash_index_allow_collision: 1
  checksum: 1
  no_block_cache: 0
  block_cache: 0x7fa93a47a190
  block_cache_name: LRUCache
  block_cache_options:
    capacity : 1048576
    num_shard_bits : 4
    strict_capacity_limit : 0
    memory_allocator : None
    high_pri_pool_ratio: 0.000
  block_cache_compressed: (nil)
  persistent_cache: (nil)
  block_size: 32768
  block_size_deviation: 10
  block_restart_interval: 16
  index_block_restart_interval: 1
  metadata_block_size: 4096
  partition_filters: 0
  use_delta_encoding: 1
  filter_policy: rocksdb.BuiltinBloomFilter
  whole_key_filtering: 0
  verify_compression: 0
  read_amp_bytes_per_bit: 0
  format_version: 2
  enable_index_compression: 1
  block_align: 0
I200408 06:56:27.598184 25 storage/engine/rocksdb.go:120         Options.write_buffer_size: 67108864
I200408 06:56:27.598225 25 storage/engine/rocksdb.go:120   Options.max_write_buffer_number: 4
I200408 06:56:27.598507 25 storage/engine/rocksdb.go:120           Options.compression: Snappy
I200408 06:56:27.598722 25 storage/engine/rocksdb.go:120                   Options.bottommost_compression: Disabled
I200408 06:56:27.598880 25 storage/engine/rocksdb.go:120        Options.prefix_extractor: cockroach_prefix_extractor
I200408 06:56:27.598928 25 storage/engine/rocksdb.go:120    Options.memtable_insert_with_hint_prefix_extractor: nullptr
I200408 06:56:27.599323 25 storage/engine/rocksdb.go:120              Options.num_levels: 7
I200408 06:56:27.599516 25 storage/engine/rocksdb.go:120         Options.min_write_buffer_number_to_merge: 1
I200408 06:56:27.599697 25 storage/engine/rocksdb.go:120      Options.max_write_buffer_number_to_maintain: 0
I200408 06:56:27.599788 25 storage/engine/rocksdb.go:120             Options.bottommost_compression_opts.window_bits: -14
I200408 06:56:27.599915 25 storage/engine/rocksdb.go:120                   Options.bottommost_compression_opts.level: 32767
I200408 06:56:27.600072 25 storage/engine/rocksdb.go:120                Options.bottommost_compression_opts.strategy: 0
I200408 06:56:27.600110 25 storage/engine/rocksdb.go:120          Options.bottommost_compression_opts.max_dict_bytes: 0
I200408 06:56:27.600341 25 storage/engine/rocksdb.go:120          Options.bottommost_compression_opts.zstd_max_train_bytes: 0
I200408 06:56:27.600388 25 storage/engine/rocksdb.go:120                   Options.bottommost_compression_opts.enabled: false
I200408 06:56:27.600566 25 storage/engine/rocksdb.go:120             Options.compression_opts.window_bits: -14
I200408 06:56:27.600602 25 storage/engine/rocksdb.go:120                   Options.compression_opts.level: 32767
I200408 06:56:27.600803 25 storage/engine/rocksdb.go:120                Options.compression_opts.strategy: 0
I200408 06:56:27.600974 25 storage/engine/rocksdb.go:120          Options.compression_opts.max_dict_bytes: 0
I200408 06:56:27.601006 25 storage/engine/rocksdb.go:120          Options.compression_opts.zstd_max_train_bytes: 0
I200408 06:56:27.601165 25 storage/engine/rocksdb.go:120                   Options.compression_opts.enabled: false
I200408 06:56:27.601192 25 storage/engine/rocksdb.go:120       Options.level0_file_num_compaction_trigger: 2
I200408 06:56:27.605502 25 storage/engine/rocksdb.go:120           Options.level0_slowdown_writes_trigger: 950
I200408 06:56:27.605653 25 storage/engine/rocksdb.go:120               Options.level0_stop_writes_trigger: 1000
I200408 06:56:27.605684 25 storage/engine/rocksdb.go:120                    Options.target_file_size_base: 4194304
I200408 06:56:27.605711 25 storage/engine/rocksdb.go:120              Options.target_file_size_multiplier: 2
I200408 06:56:27.605856 25 storage/engine/rocksdb.go:120                 Options.max_bytes_for_level_base: 67108864
I200408 06:56:27.605885 25 storage/engine/rocksdb.go:120  Options.level_compaction_dynamic_level_bytes: 1
I200408 06:56:27.605918 25 storage/engine/rocksdb.go:120           Options.max_bytes_for_level_multiplier: 10.000000
I200408 06:56:27.606025 25 storage/engine/rocksdb.go:120  Options.max_bytes_for_level_multiplier_addtl[0]: 1
I200408 06:56:27.606053 25 storage/engine/rocksdb.go:120  Options.max_bytes_for_level_multiplier_addtl[1]: 1
I200408 06:56:27.606408 25 storage/engine/rocksdb.go:120  Options.max_bytes_for_level_multiplier_addtl[2]: 1
I200408 06:56:27.606492 25 storage/engine/rocksdb.go:120  Options.max_bytes_for_level_multiplier_addtl[3]: 1
I200408 06:56:27.606616 25 storage/engine/rocksdb.go:120  Options.max_bytes_for_level_multiplier_addtl[4]: 1
I200408 06:56:27.606647 25 storage/engine/rocksdb.go:120  Options.max_bytes_for_level_multiplier_addtl[5]: 1
I200408 06:56:27.606847 25 storage/engine/rocksdb.go:120  Options.max_bytes_for_level_multiplier_addtl[6]: 1
I200408 06:56:27.607005 25 storage/engine/rocksdb.go:120        Options.max_sequential_skip_in_iterations: 8
I200408 06:56:27.607049 25 storage/engine/rocksdb.go:120                     Options.max_compaction_bytes: 104857600
I200408 06:56:27.607183 25 storage/engine/rocksdb.go:120                         Options.arena_block_size: 8388608
I200408 06:56:27.607213 25 storage/engine/rocksdb.go:120    Options.soft_pending_compaction_bytes_limit: 2199023255552
I200408 06:56:27.607335 25 storage/engine/rocksdb.go:120    Options.hard_pending_compaction_bytes_limit: 4400193994752
I200408 06:56:27.607745 25 storage/engine/rocksdb.go:120        Options.rate_limit_delay_max_milliseconds: 100
I200408 06:56:27.613183 25 storage/engine/rocksdb.go:120                 Options.disable_auto_compactions: 0
I200408 06:56:27.613397 25 storage/engine/rocksdb.go:120                         Options.compaction_style: kCompactionStyleLevel
I200408 06:56:27.613620 25 storage/engine/rocksdb.go:120                           Options.compaction_pri: kMinOverlappingRatio
I200408 06:56:27.613842 25 storage/engine/rocksdb.go:120  Options.compaction_options_universal.size_ratio: 1
I200408 06:56:27.613965 25 storage/engine/rocksdb.go:120  Options.compaction_options_universal.min_merge_width: 2
I200408 06:56:27.614086 25 storage/engine/rocksdb.go:120  Options.compaction_options_universal.max_merge_width: 4294967295
I200408 06:56:27.621288 25 storage/engine/rocksdb.go:120  Options.compaction_options_universal.max_size_amplification_percent: 200
I200408 06:56:27.621845 25 storage/engine/rocksdb.go:120  Options.compaction_options_universal.compression_size_percent: -1
I200408 06:56:27.623885 25 storage/engine/rocksdb.go:120  Options.compaction_options_universal.stop_style: kCompactionStopStyleTotalSize
I200408 06:56:27.623915 25 storage/engine/rocksdb.go:120  Options.compaction_options_fifo.max_table_files_size: 1073741824
I200408 06:56:27.623945 25 storage/engine/rocksdb.go:120  Options.compaction_options_fifo.allow_compaction: 0
I200408 06:56:27.623979 25 storage/engine/rocksdb.go:120                    Options.table_properties_collectors: TimeBoundTblPropCollectorFactory; DeleteRangeTblPropCollectorFactory; 
I200408 06:56:27.624138 25 storage/engine/rocksdb.go:120                    Options.inplace_update_support: 0
I200408 06:56:27.624168 25 storage/engine/rocksdb.go:120                  Options.inplace_update_num_locks: 10000
I200408 06:56:27.624201 25 storage/engine/rocksdb.go:120                Options.memtable_prefix_bloom_size_ratio: 0.000000
I200408 06:56:27.624229 25 storage/engine/rocksdb.go:120                Options.memtable_whole_key_filtering: 0
I200408 06:56:27.624262 25 storage/engine/rocksdb.go:120    Options.memtable_huge_page_size: 0
I200408 06:56:27.624397 25 storage/engine/rocksdb.go:120                            Options.bloom_locality: 0
I200408 06:56:27.624427 25 storage/engine/rocksdb.go:120                     Options.max_successive_merges: 0
I200408 06:56:27.624456 25 storage/engine/rocksdb.go:120                 Options.optimize_filters_for_hits: 1
I200408 06:56:27.624484 25 storage/engine/rocksdb.go:120                 Options.paranoid_file_checks: 0
I200408 06:56:27.624512 25 storage/engine/rocksdb.go:120                 Options.force_consistency_checks: 0
I200408 06:56:27.624540 25 storage/engine/rocksdb.go:120                 Options.report_bg_io_stats: 0
I200408 06:56:27.624570 25 storage/engine/rocksdb.go:120                                Options.ttl: 0
I200408 06:56:27.624599 25 storage/engine/rocksdb.go:120           Options.periodic_compaction_seconds: 0
I200408 06:56:27.656431 25 storage/engine/rocksdb.go:120  [db/version_set.cc:4286] Recovered from manifest file:/cockroach/cockroach-data/cockroach-temp113306768/MANIFEST-000001 succeeded,manifest_file_number is 1, next_file_number is 3, last_sequence is 0, log_number is 0,prev_log_number is 0,max_column_family is 0,min_log_number_to_keep is 0
I200408 06:56:27.656589 25 storage/engine/rocksdb.go:120  [db/version_set.cc:4295] Column family [default] (ID 0), log number is 0
I200408 06:56:27.689589 25 storage/engine/rocksdb.go:120  DB pointer 0x7fa93a558000
I200408 06:56:27.813423 25 storage/engine/rocksdb.go:120  RocksDB version: 6.2.1
I200408 06:56:27.815118 25 storage/engine/rocksdb.go:120  Git sha rocksdb_build_git_sha:@b7009236531fa784872f4823eabf393501e41bf2@
I200408 06:56:27.815175 25 storage/engine/rocksdb.go:120  Compile date Mar 16 2020
I200408 06:56:27.820946 25 storage/engine/rocksdb.go:120  DB SUMMARY
I200408 06:56:27.845180 25 storage/engine/rocksdb.go:120  CURRENT file:  CURRENT
I200408 06:56:27.845231 25 storage/engine/rocksdb.go:120  IDENTITY file:  IDENTITY
I200408 06:56:27.849693 25 storage/engine/rocksdb.go:120  MANIFEST file:  MANIFEST-000065 size: 137 Bytes
I200408 06:56:27.853600 25 storage/engine/rocksdb.go:120  SST files in /cockroach/cockroach-data dir, Total Num: 2, files: 000062.sst 000064.sst 
I200408 06:56:27.854178 25 storage/engine/rocksdb.go:120  Write Ahead Log file in /cockroach/cockroach-data: 000066.log size: 4819 ; 
I200408 06:56:27.855710 25 storage/engine/rocksdb.go:120                          Options.error_if_exists: 0
I200408 06:56:27.855755 25 storage/engine/rocksdb.go:120                        Options.create_if_missing: 1
I200408 06:56:27.855939 25 storage/engine/rocksdb.go:120                          Options.paranoid_checks: 1
I200408 06:56:27.855976 25 storage/engine/rocksdb.go:120                                      Options.env: 0x75757a0
I200408 06:56:27.856076 25 storage/engine/rocksdb.go:120                                 Options.info_log: 0x7fa93a487980
I200408 06:56:27.856196 25 storage/engine/rocksdb.go:120                 Options.max_file_opening_threads: 16
I200408 06:56:27.856235 25 storage/engine/rocksdb.go:120                               Options.statistics: 0x7fa93a41d940
I200408 06:56:27.856278 25 storage/engine/rocksdb.go:120                                Options.use_fsync: 0
I200408 06:56:27.856565 25 storage/engine/rocksdb.go:120                        Options.max_log_file_size: 0
I200408 06:56:27.856598 25 storage/engine/rocksdb.go:120                   Options.max_manifest_file_size: 134217728
I200408 06:56:27.856713 25 storage/engine/rocksdb.go:120                    Options.log_file_time_to_roll: 0
I200408 06:56:27.856805 25 storage/engine/rocksdb.go:120                        Options.keep_log_file_num: 1000
I200408 06:56:27.856849 25 storage/engine/rocksdb.go:120                     Options.recycle_log_file_num: 1
I200408 06:56:27.856884 25 storage/engine/rocksdb.go:120                          Options.allow_fallocate: 1
I200408 06:56:27.856925 25 storage/engine/rocksdb.go:120                         Options.allow_mmap_reads: 0
I200408 06:56:27.856968 25 storage/engine/rocksdb.go:120                        Options.allow_mmap_writes: 0
I200408 06:56:27.857115 25 storage/engine/rocksdb.go:120                         Options.use_direct_reads: 0
I200408 06:56:27.857149 25 storage/engine/rocksdb.go:120                         Options.use_direct_io_for_flush_and_compaction: 0
I200408 06:56:27.857373 25 storage/engine/rocksdb.go:120           Options.create_missing_column_families: 0
I200408 06:56:27.860627 25 storage/engine/rocksdb.go:120                               Options.db_log_dir: 
I200408 06:56:27.860663 25 storage/engine/rocksdb.go:120                                  Options.wal_dir: /cockroach/cockroach-data
I200408 06:56:27.860695 25 storage/engine/rocksdb.go:120                 Options.table_cache_numshardbits: 6
I200408 06:56:27.860723 25 storage/engine/rocksdb.go:120                       Options.max_subcompactions: 1
I200408 06:56:27.860752 25 storage/engine/rocksdb.go:120                   Options.max_background_flushes: -1
I200408 06:56:27.860780 25 storage/engine/rocksdb.go:120                          Options.WAL_ttl_seconds: 0
I200408 06:56:27.860809 25 storage/engine/rocksdb.go:120                        Options.WAL_size_limit_MB: 0
I200408 06:56:27.860837 25 storage/engine/rocksdb.go:120              Options.manifest_preallocation_size: 4194304
I200408 06:56:27.860865 25 storage/engine/rocksdb.go:120                      Options.is_fd_close_on_exec: 1
I200408 06:56:27.860893 25 storage/engine/rocksdb.go:120                    Options.advise_random_on_open: 1
I200408 06:56:27.860922 25 storage/engine/rocksdb.go:120                     Options.db_write_buffer_size: 0
I200408 06:56:27.860950 25 storage/engine/rocksdb.go:120                     Options.write_buffer_manager: 0x7fa93a4611c0
I200408 06:56:27.860978 25 storage/engine/rocksdb.go:120          Options.access_hint_on_compaction_start: 1
I200408 06:56:27.861007 25 storage/engine/rocksdb.go:120   Options.new_table_reader_for_compaction_inputs: 0
I200408 06:56:27.861035 25 storage/engine/rocksdb.go:120            Options.random_access_max_buffer_size: 1048576
I200408 06:56:27.861064 25 storage/engine/rocksdb.go:120                       Options.use_adaptive_mutex: 0
I200408 06:56:27.861096 25 storage/engine/rocksdb.go:120                             Options.rate_limiter: (nil)
I200408 06:56:27.861125 25 storage/engine/rocksdb.go:120      Options.sst_file_manager.rate_bytes_per_sec: 0
I200408 06:56:27.861154 25 storage/engine/rocksdb.go:120                        Options.wal_recovery_mode: 0
I200408 06:56:27.861189 25 storage/engine/rocksdb.go:120                   Options.enable_thread_tracking: 0
I200408 06:56:27.861219 25 storage/engine/rocksdb.go:120                   Options.enable_pipelined_write: 0
I200408 06:56:27.861248 25 storage/engine/rocksdb.go:120          Options.allow_concurrent_memtable_write: 1
I200408 06:56:27.861276 25 storage/engine/rocksdb.go:120       Options.enable_write_thread_adaptive_yield: 1
I200408 06:56:27.861305 25 storage/engine/rocksdb.go:120              Options.write_thread_max_yield_usec: 100
I200408 06:56:27.861334 25 storage/engine/rocksdb.go:120             Options.write_thread_slow_yield_usec: 3
I200408 06:56:27.861495 25 storage/engine/rocksdb.go:120                                Options.row_cache: None
I200408 06:56:27.861524 25 storage/engine/rocksdb.go:120                               Options.wal_filter: None
I200408 06:56:27.861968 25 storage/engine/rocksdb.go:120              Options.avoid_flush_during_recovery: 0
I200408 06:56:27.862219 25 storage/engine/rocksdb.go:120              Options.allow_ingest_behind: 0
I200408 06:56:27.862253 25 storage/engine/rocksdb.go:120              Options.preserve_deletes: 0
I200408 06:56:27.866404 25 storage/engine/rocksdb.go:120              Options.two_write_queues: 0
I200408 06:56:27.866574 25 storage/engine/rocksdb.go:120              Options.manual_wal_flush: 1
I200408 06:56:27.867151 25 storage/engine/rocksdb.go:120              Options.atomic_flush: 0
I200408 06:56:27.867325 25 storage/engine/rocksdb.go:120              Options.avoid_unnecessary_blocking_io: 0
I200408 06:56:27.867372 25 storage/engine/rocksdb.go:120              Options.max_background_jobs: 2
I200408 06:56:27.867410 25 storage/engine/rocksdb.go:120              Options.max_background_compactions: -1
I200408 06:56:27.867446 25 storage/engine/rocksdb.go:120              Options.avoid_flush_during_shutdown: 0
I200408 06:56:27.867484 25 storage/engine/rocksdb.go:120            Options.writable_file_max_buffer_size: 1048576
I200408 06:56:27.867550 25 storage/engine/rocksdb.go:120              Options.delayed_write_rate : 16777216
I200408 06:56:27.879656 25 storage/engine/rocksdb.go:120              Options.max_total_wal_size: 0
I200408 06:56:27.881762 25 storage/engine/rocksdb.go:120              Options.delete_obsolete_files_period_micros: 21600000000
I200408 06:56:27.887247 25 storage/engine/rocksdb.go:120                    Options.stats_dump_period_sec: 0
I200408 06:56:27.888067 25 storage/engine/rocksdb.go:120                  Options.stats_persist_period_sec: 600
I200408 06:56:27.894281 25 storage/engine/rocksdb.go:120                  Options.stats_history_buffer_size: 1048576
I200408 06:56:27.894703 25 storage/engine/rocksdb.go:120                           Options.max_open_files: 1043576
I200408 06:56:27.894754 25 storage/engine/rocksdb.go:120                           Options.bytes_per_sync: 524288
I200408 06:56:27.895884 25 storage/engine/rocksdb.go:120                       Options.wal_bytes_per_sync: 0
I200408 06:56:27.896145 25 storage/engine/rocksdb.go:120                    Options.strict_bytes_per_sync: 1
I200408 06:56:27.896603 25 storage/engine/rocksdb.go:120        Options.compaction_readahead_size: 0
I200408 06:56:27.896872 25 storage/engine/rocksdb.go:120  Compression algorithms supported:
I200408 06:56:27.897160 25 storage/engine/rocksdb.go:120  	kZSTDNotFinalCompression supported: 0
I200408 06:56:27.897364 25 storage/engine/rocksdb.go:120  	kZSTD supported: 0
I200408 06:56:27.897398 25 storage/engine/rocksdb.go:120  	kXpressCompression supported: 0
I200408 06:56:27.897481 25 storage/engine/rocksdb.go:120  	kLZ4HCCompression supported: 0
I200408 06:56:27.897509 25 storage/engine/rocksdb.go:120  	kLZ4Compression supported: 0
I200408 06:56:27.897530 25 storage/engine/rocksdb.go:120  	kBZip2Compression supported: 0
I200408 06:56:27.897559 25 storage/engine/rocksdb.go:120  	kZlibCompression supported: 0
I200408 06:56:27.897587 25 storage/engine/rocksdb.go:120  	kSnappyCompression supported: 1
I200408 06:56:27.897631 25 storage/engine/rocksdb.go:120  Fast CRC32 supported: Supported on x86
I200408 06:56:27.934146 25 storage/engine/rocksdb.go:120  [db/version_set.cc:4072] Recovering from manifest file: /cockroach/cockroach-data/MANIFEST-000065
I200408 06:56:27.936935 25 storage/engine/rocksdb.go:120  [db/column_family.cc:488] --------------- Options for column family [default]:
I200408 06:56:27.937112 25 storage/engine/rocksdb.go:120                Options.comparator: cockroach_comparator
I200408 06:56:27.937150 25 storage/engine/rocksdb.go:120            Options.merge_operator: cockroach_merge_operator
I200408 06:56:27.937342 25 storage/engine/rocksdb.go:120         Options.compaction_filter: None
I200408 06:56:27.937387 25 storage/engine/rocksdb.go:120         Options.compaction_filter_factory: None
I200408 06:56:27.937755 25 storage/engine/rocksdb.go:120          Options.memtable_factory: SkipListFactory
I200408 06:56:27.937791 25 storage/engine/rocksdb.go:120             Options.table_factory: BlockBasedTable
I200408 06:56:27.937986 25 storage/engine/rocksdb.go:120             table_factory options:   flush_block_policy_factory: FlushBlockBySizePolicyFactory (0x7fa93a4240a0)
  cache_index_and_filter_blocks: 0
  cache_index_and_filter_blocks_with_high_priority: 0
  pin_l0_filter_and_index_blocks_in_cache: 0
  pin_top_level_index_and_filter: 1
  index_type: 0
  data_block_index_type: 0
  index_shortening: 1
  data_block_hash_table_util_ratio: 0.750000
  hash_index_allow_collision: 1
  checksum: 1
  no_block_cache: 0
  block_cache: 0x7fa935e1a010
  block_cache_name: LRUCache
  block_cache_options:
    capacity : 67108864
    num_shard_bits : 4
    strict_capacity_limit : 0
    memory_allocator : None
    high_pri_pool_ratio: 0.000
  block_cache_compressed: (nil)
  persistent_cache: (nil)
  block_size: 32768
  block_size_deviation: 10
  block_restart_interval: 16
  index_block_restart_interval: 1
  metadata_block_size: 4096
  partition_filters: 0
  use_delta_encoding: 1
  filter_policy: rocksdb.BuiltinBloomFilter
  whole_key_filtering: 0
  verify_compression: 0
  read_amp_bytes_per_bit: 0
  format_version: 2
  enable_index_compression: 1
  block_align: 0
I200408 06:56:27.938155 25 storage/engine/rocksdb.go:120         Options.write_buffer_size: 67108864
I200408 06:56:27.938320 25 storage/engine/rocksdb.go:120   Options.max_write_buffer_number: 4
I200408 06:56:27.941997 25 storage/engine/rocksdb.go:120           Options.compression: Snappy
I200408 06:56:27.942152 25 storage/engine/rocksdb.go:120                   Options.bottommost_compression: Disabled
I200408 06:56:27.942187 25 storage/engine/rocksdb.go:120        Options.prefix_extractor: cockroach_prefix_extractor
I200408 06:56:27.942217 25 storage/engine/rocksdb.go:120    Options.memtable_insert_with_hint_prefix_extractor: nullptr
I200408 06:56:27.942247 25 storage/engine/rocksdb.go:120              Options.num_levels: 7
I200408 06:56:27.942450 25 storage/engine/rocksdb.go:120         Options.min_write_buffer_number_to_merge: 1
I200408 06:56:27.942482 25 storage/engine/rocksdb.go:120      Options.max_write_buffer_number_to_maintain: 0
I200408 06:56:27.942635 25 storage/engine/rocksdb.go:120             Options.bottommost_compression_opts.window_bits: -14
I200408 06:56:27.942685 25 storage/engine/rocksdb.go:120                   Options.bottommost_compression_opts.level: 32767
I200408 06:56:27.942830 25 storage/engine/rocksdb.go:120                Options.bottommost_compression_opts.strategy: 0
I200408 06:56:27.942876 25 storage/engine/rocksdb.go:120          Options.bottommost_compression_opts.max_dict_bytes: 0
I200408 06:56:27.943490 25 storage/engine/rocksdb.go:120          Options.bottommost_compression_opts.zstd_max_train_bytes: 0
I200408 06:56:27.943533 25 storage/engine/rocksdb.go:120                   Options.bottommost_compression_opts.enabled: false
I200408 06:56:27.943711 25 storage/engine/rocksdb.go:120             Options.compression_opts.window_bits: -14
I200408 06:56:27.943745 25 storage/engine/rocksdb.go:120                   Options.compression_opts.level: 32767
I200408 06:56:27.943899 25 storage/engine/rocksdb.go:120                Options.compression_opts.strategy: 0
I200408 06:56:27.943927 25 storage/engine/rocksdb.go:120          Options.compression_opts.max_dict_bytes: 0
I200408 06:56:27.944069 25 storage/engine/rocksdb.go:120          Options.compression_opts.zstd_max_train_bytes: 0
I200408 06:56:27.944101 25 storage/engine/rocksdb.go:120                   Options.compression_opts.enabled: false
I200408 06:56:27.944208 25 storage/engine/rocksdb.go:120       Options.level0_file_num_compaction_trigger: 2
I200408 06:56:27.944235 25 storage/engine/rocksdb.go:120           Options.level0_slowdown_writes_trigger: 950
I200408 06:56:27.944421 25 storage/engine/rocksdb.go:120               Options.level0_stop_writes_trigger: 1000
I200408 06:56:27.944453 25 storage/engine/rocksdb.go:120                    Options.target_file_size_base: 4194304
I200408 06:56:27.944603 25 storage/engine/rocksdb.go:120              Options.target_file_size_multiplier: 2
I200408 06:56:27.944640 25 storage/engine/rocksdb.go:120                 Options.max_bytes_for_level_base: 67108864
I200408 06:56:27.944784 25 storage/engine/rocksdb.go:120  Options.level_compaction_dynamic_level_bytes: 1
I200408 06:56:27.944824 25 storage/engine/rocksdb.go:120           Options.max_bytes_for_level_multiplier: 10.000000
I200408 06:56:27.944964 25 storage/engine/rocksdb.go:120  Options.max_bytes_for_level_multiplier_addtl[0]: 1
I200408 06:56:27.944995 25 storage/engine/rocksdb.go:120  Options.max_bytes_for_level_multiplier_addtl[1]: 1
I200408 06:56:27.945131 25 storage/engine/rocksdb.go:120  Options.max_bytes_for_level_multiplier_addtl[2]: 1
I200408 06:56:27.945169 25 storage/engine/rocksdb.go:120  Options.max_bytes_for_level_multiplier_addtl[3]: 1
I200408 06:56:27.945299 25 storage/engine/rocksdb.go:120  Options.max_bytes_for_level_multiplier_addtl[4]: 1
I200408 06:56:27.948025 25 storage/engine/rocksdb.go:120  Options.max_bytes_for_level_multiplier_addtl[5]: 1
I200408 06:56:27.948095 25 storage/engine/rocksdb.go:120  Options.max_bytes_for_level_multiplier_addtl[6]: 1
I200408 06:56:27.948229 25 storage/engine/rocksdb.go:120        Options.max_sequential_skip_in_iterations: 8
I200408 06:56:27.948417 25 storage/engine/rocksdb.go:120                     Options.max_compaction_bytes: 104857600
I200408 06:56:27.948458 25 storage/engine/rocksdb.go:120                         Options.arena_block_size: 8388608
I200408 06:56:27.949056 25 storage/engine/rocksdb.go:120    Options.soft_pending_compaction_bytes_limit: 2199023255552
I200408 06:56:27.949165 25 storage/engine/rocksdb.go:120    Options.hard_pending_compaction_bytes_limit: 4400193994752
I200408 06:56:27.949237 25 storage/engine/rocksdb.go:120        Options.rate_limit_delay_max_milliseconds: 100
I200408 06:56:27.949426 25 storage/engine/rocksdb.go:120                 Options.disable_auto_compactions: 0
I200408 06:56:27.949475 25 storage/engine/rocksdb.go:120                         Options.compaction_style: kCompactionStyleLevel
I200408 06:56:27.949623 25 storage/engine/rocksdb.go:120                           Options.compaction_pri: kMinOverlappingRatio
I200408 06:56:27.949656 25 storage/engine/rocksdb.go:120  Options.compaction_options_universal.size_ratio: 1
I200408 06:56:27.949805 25 storage/engine/rocksdb.go:120  Options.compaction_options_universal.min_merge_width: 2
I200408 06:56:27.949837 25 storage/engine/rocksdb.go:120  Options.compaction_options_universal.max_merge_width: 4294967295
I200408 06:56:27.949984 25 storage/engine/rocksdb.go:120  Options.compaction_options_universal.max_size_amplification_percent: 200
I200408 06:56:27.950013 25 storage/engine/rocksdb.go:120  Options.compaction_options_universal.compression_size_percent: -1
I200408 06:56:27.950156 25 storage/engine/rocksdb.go:120  Options.compaction_options_universal.stop_style: kCompactionStopStyleTotalSize
I200408 06:56:27.950186 25 storage/engine/rocksdb.go:120  Options.compaction_options_fifo.max_table_files_size: 1073741824
I200408 06:56:27.950216 25 storage/engine/rocksdb.go:120  Options.compaction_options_fifo.allow_compaction: 0
I200408 06:56:27.950434 25 storage/engine/rocksdb.go:120                    Options.table_properties_collectors: TimeBoundTblPropCollectorFactory; DeleteRangeTblPropCollectorFactory; 
I200408 06:56:27.950465 25 storage/engine/rocksdb.go:120                    Options.inplace_update_support: 0
I200408 06:56:27.950799 25 storage/engine/rocksdb.go:120                  Options.inplace_update_num_locks: 10000
I200408 06:56:27.950848 25 storage/engine/rocksdb.go:120                Options.memtable_prefix_bloom_size_ratio: 0.000000
I200408 06:56:27.950888 25 storage/engine/rocksdb.go:120                Options.memtable_whole_key_filtering: 0
I200408 06:56:27.950927 25 storage/engine/rocksdb.go:120    Options.memtable_huge_page_size: 0
I200408 06:56:27.950963 25 storage/engine/rocksdb.go:120                            Options.bloom_locality: 0
I200408 06:56:27.951004 25 storage/engine/rocksdb.go:120                     Options.max_successive_merges: 0
I200408 06:56:27.951055 25 storage/engine/rocksdb.go:120                 Options.optimize_filters_for_hits: 1
I200408 06:56:27.951102 25 storage/engine/rocksdb.go:120                 Options.paranoid_file_checks: 0
I200408 06:56:27.951229 25 storage/engine/rocksdb.go:120                 Options.force_consistency_checks: 0
I200408 06:56:27.951352 25 storage/engine/rocksdb.go:120                 Options.report_bg_io_stats: 0
I200408 06:56:27.951387 25 storage/engine/rocksdb.go:120                                Options.ttl: 0
I200408 06:56:27.951420 25 storage/engine/rocksdb.go:120           Options.periodic_compaction_seconds: 0
I200408 06:56:27.972715 25 storage/engine/rocksdb.go:120  [db/version_set.cc:3086] More existing levels in DB than needed. max_bytes_for_level_multiplier may not be guaranteed.
I200408 06:56:27.972763 25 storage/engine/rocksdb.go:120  [db/version_set.cc:4286] Recovered from manifest file:/cockroach/cockroach-data/MANIFEST-000065 succeeded,manifest_file_number is 65, next_file_number is 67, last_sequence is 33806, log_number is 60,prev_log_number is 0,max_column_family is 0,min_log_number_to_keep is 0
I200408 06:56:27.972794 25 storage/engine/rocksdb.go:120  [db/version_set.cc:4295] Column family [default] (ID 0), log number is 60
I200408 06:56:27.983476 25 storage/engine/rocksdb.go:120  EVENT_LOG_v1 {"time_micros": 1586328987983030, "job": 1, "event": "recovery_started", "log_files": [66]}
I200408 06:56:27.983544 25 storage/engine/rocksdb.go:120  [db/db_impl_open.cc:598] Recovering log #66 mode 0
I200408 06:56:27.994553 25 storage/engine/rocksdb.go:120  EVENT_LOG_v1 {"time_micros": 1586328987994370, "cf_name": "default", "job": 1, "event": "table_file_creation", "file_number": 67, "file_size": 1180, "table_properties": {"data_size": 151, "index_size": 34, "index_partitions": 0, "top_level_index_size": 0, "index_key_is_user_key": 0, "index_value_is_delta_encoded": 0, "filter_size": 69, "raw_key_size": 45, "raw_average_key_size": 15, "raw_value_size": 116, "raw_average_value_size": 38, "num_data_blocks": 1, "num_entries": 3, "num_deletions": 0, "num_merge_operands": 0, "num_range_deletions": 0, "format_version": 0, "fixed_key_len": 0, "filter_policy": "rocksdb.BuiltinBloomFilter", "column_family_name": "default", "column_family_id": 0, "comparator": "cockroach_comparator", "merge_operator": "cockroach_merge_operator", "prefix_extractor_name": "cockroach_prefix_extractor", "property_collectors": "[TimeBoundTblPropCollectorFactory,DeleteRangeTblPropCollectorFactory]", "compression": "Snappy", "compression_options": "window_bits=-14; level=32767; strategy=0; max_dict_bytes=0; zstd_max_train_bytes=0; enabled=0; ", "creation_time": 1586328987, "oldest_key_time": 3, "file_creation_time": 0}}
I200408 06:56:27.994885 25 storage/engine/rocksdb.go:120  [db/version_set.cc:3560] Creating manifest 68
I200408 06:56:28.003874 25 storage/engine/rocksdb.go:120  [db/version_set.cc:3086] More existing levels in DB than needed. max_bytes_for_level_multiplier may not be guaranteed.
I200408 06:56:28.012410 25 storage/engine/rocksdb.go:120  EVENT_LOG_v1 {"time_micros": 1586328988012329, "job": 1, "event": "recovery_finished"}
I200408 06:56:28.047013 17 storage/engine/rocksdb.go:120  [db/compaction_job.cc:1647] [default] [JOB 3] Compacting 2@0 + 1@6 files to L6, score 1.00
I200408 06:56:28.047081 17 storage/engine/rocksdb.go:120  [db/compaction_job.cc:1651] [default] Compaction start summary: Base version 2 Base level 0, inputs: [67(1180B) 64(1180B)], [62(1116B)]
I200408 06:56:28.047237 17 storage/engine/rocksdb.go:120  EVENT_LOG_v1 {"time_micros": 1586328988047164, "job": 3, "event": "compaction_started", "compaction_reason": "LevelL0FilesNum", "files_L0": [67, 64], "files_L6": [62], "score": 1, "input_data_size": 3476}
I200408 06:56:28.054642 17 storage/engine/rocksdb.go:120  [db/compaction_job.cc:1334] [default] [JOB 3] Generated table #72: 4 keys, 1114 bytes
I200408 06:56:28.055200 17 storage/engine/rocksdb.go:120  EVENT_LOG_v1 {"time_micros": 1586328988055106, "cf_name": "default", "job": 3, "event": "table_file_creation", "file_number": 72, "file_size": 1114, "table_properties": {"data_size": 182, "index_size": 34, "index_partitions": 0, "top_level_index_size": 0, "index_key_is_user_key": 0, "index_value_is_delta_encoded": 0, "filter_size": 0, "raw_key_size": 60, "raw_average_key_size": 15, "raw_value_size": 157, "raw_average_value_size": 39, "num_data_blocks": 1, "num_entries": 4, "num_deletions": 0, "num_merge_operands": 0, "num_range_deletions": 0, "format_version": 0, "fixed_key_len": 0, "filter_policy": "rocksdb.BuiltinBloomFilter", "column_family_name": "default", "column_family_id": 0, "comparator": "cockroach_comparator", "merge_operator": "cockroach_merge_operator", "prefix_extractor_name": "cockroach_prefix_extractor", "property_collectors": "[TimeBoundTblPropCollectorFactory,DeleteRangeTblPropCollectorFactory]", "compression": "Snappy", "compression_options": "window_bits=-14; level=32767; strategy=0; max_dict_bytes=0; zstd_max_train_bytes=0; enabled=0; ", "creation_time": 1586328987, "oldest_key_time": 0, "file_creation_time": 1586328988}}
I200408 06:56:28.061176 25 storage/engine/rocksdb.go:120  DB pointer 0x7fa93a45a000
I200408 06:56:28.061797 17 storage/engine/rocksdb.go:120  [db/compaction_job.cc:1397] [default] [JOB 3] Compacted 2@0 + 1@6 files to L6 => 1114 bytes
I200408 06:56:28.061931 17 storage/engine/rocksdb.go:120  [db/version_set.cc:3086] More existing levels in DB than needed. max_bytes_for_level_multiplier may not be guaranteed.
I200408 06:56:28.063228 17 storage/engine/rocksdb.go:120  (Original Log Time 2020/04/08-06:56:28.062887) [db/compaction_job.cc:770] [default] compacted to: base level 6 level multiplier 10.00 max bytes base 67108864 files[0 0 0 0 0 0 1] max score 0.00, MB/sec: 0.3 rd, 0.1 wr, level 6, files in(2, 1) out(1) MB in(0.0, 0.0) out(0.0), read-write-amplify(1.9) write-amplify(0.5) OK, records in: 10, records dropped: 6 output_compression: Snappy
I200408 06:56:28.063466 17 storage/engine/rocksdb.go:120  (Original Log Time 2020/04/08-06:56:28.062949) EVENT_LOG_v1 {"time_micros": 1586328988062921, "job": 3, "event": "compaction_finished", "compaction_time_micros": 10542, "compaction_time_cpu_micros": 1142, "output_level": 6, "num_output_files": 1, "total_output_size": 1114, "num_input_records": 10, "num_output_records": 4, "num_subcompactions": 1, "output_compression": "Snappy", "num_single_delete_mismatches": 0, "num_single_delete_fallthrough": 0, "lsm_state": [0, 0, 0, 0, 0, 0, 1]}
I200408 06:56:28.065318 17 storage/engine/rocksdb.go:120  EVENT_LOG_v1 {"time_micros": 1586328988065238, "job": 3, "event": "table_file_deletion", "file_number": 67}
I200408 06:56:28.067617 17 storage/engine/rocksdb.go:120  EVENT_LOG_v1 {"time_micros": 1586328988067229, "job": 3, "event": "table_file_deletion", "file_number": 64}
I200408 06:56:28.074257 17 storage/engine/rocksdb.go:120  EVENT_LOG_v1 {"time_micros": 1586328988074166, "job": 3, "event": "table_file_deletion", "file_number": 62}
I200409 07:42:29.593457 76555 storage/engine/rocksdb.go:120  bloom filter utility:    -nan%
I200409 07:42:29.614006 76555 storage/engine/rocksdb.go:120  [db/db_impl.cc:392] Shutdown: canceling all background work
I200409 07:42:29.814020 76555 storage/engine/rocksdb.go:120  [db/db_impl.cc:565] Shutdown complete
I200409 07:42:30.548533 76555 storage/engine/rocksdb.go:120  bloom filter utility:    -nan%
I200409 07:42:30.549065 76555 storage/engine/rocksdb.go:120  [db/db_impl.cc:392] Shutdown: canceling all background work
I200409 07:42:31.046164 76555 storage/engine/rocksdb.go:120  [db/db_impl.cc:565] Shutdown complete
