I200407 20:12:57.892224 1 util/log/clog.go:1196  [config] file created at: 2020/04/07 20:12:57
I200407 20:12:57.892224 1 util/log/clog.go:1196  [config] running on machine: b3822c71d721
I200407 20:12:57.892224 1 util/log/clog.go:1196  [config] binary: CockroachDB CCL v19.2.5 (x86_64-unknown-linux-gnu, built 2020/03/16 18:27:12, go1.12.12)
I200407 20:12:57.892224 1 util/log/clog.go:1196  [config] arguments: [/cockroach/cockroach start --insecure --join=database_1]
I200407 20:12:57.892224 1 util/log/clog.go:1196  line format: [IWEF]yymmdd hh:mm:ss.uuuuuu goid file:line msg utf8=✓
I200407 20:12:57.892199 1 cli/start.go:1144  logging to directory /cockroach/cockroach-data/logs
W200407 20:12:57.964645 1 cli/start.go:1182  RUNNING IN INSECURE MODE!

- Your cluster is open for any client that can access <all your IP addresses>.
- Any user, even root, can log in without providing a password.
- Any user, connecting as root, can read or write any data in your cluster.
- There is no network encryption nor authentication, and thus no confidentiality.

Check out how to secure your cluster: https://www.cockroachlabs.com/docs/v19.2/secure-a-cluster.html
I200407 20:12:57.972329 1 server/status/recorder.go:597  available memory from cgroups (8.0 EiB) is unsupported, using system memory 2.9 GiB instead: 
W200407 20:12:57.972564 1 cli/start.go:1052  Using the default setting for --cache (128 MiB).
  A significantly larger value is usually needed for good performance.
  If you have a dedicated server a reasonable setting is --cache=.25 (749 MiB).
I200407 20:12:57.973355 1 server/status/recorder.go:597  available memory from cgroups (8.0 EiB) is unsupported, using system memory 2.9 GiB instead: 
W200407 20:12:57.973441 1 cli/start.go:1065  Using the default setting for --max-sql-memory (128 MiB).
  A significantly larger value is usually needed in production.
  If you have a dedicated server a reasonable setting is --max-sql-memory=.25 (749 MiB).
I200407 20:12:57.980515 1 server/status/recorder.go:597  available memory from cgroups (8.0 EiB) is unsupported, using system memory 2.9 GiB instead: 
I200407 20:12:57.980611 1 cli/start.go:1196  CockroachDB CCL v19.2.5 (x86_64-unknown-linux-gnu, built 2020/03/16 18:27:12, go1.12.12)
I200407 20:12:59.390125 1 server/status/recorder.go:597  available memory from cgroups (8.0 EiB) is unsupported, using system memory 2.9 GiB instead: 
I200407 20:12:59.390226 1 server/config.go:394  system total memory: 2.9 GiB
I200407 20:12:59.390527 1 server/config.go:396  server configuration:
max offset             500000000
cache size             128 MiB
SQL memory pool size   128 MiB
scan interval          10m0s
scan min idle time     10ms
scan max idle time     1s
event log enabled      true
I200407 20:12:59.390678 1 cli/start.go:1030  using local environment variables: COCKROACH_CHANNEL=official-docker
I200407 20:12:59.390913 1 cli/start.go:1037  process identity: uid 0 euid 0 gid 0 egid 0
I200407 20:12:59.391100 1 cli/start.go:644  starting cockroach node
I200407 20:12:59.501079 29 storage/engine/rocksdb.go:622  opening rocksdb instance at "/cockroach/cockroach-data/cockroach-temp130520672"
I200407 20:13:00.454862 29 server/server.go:928  [n?] monitoring forward clock jumps based on server.clock.forward_jump_check_enabled
I200407 20:13:00.489232 29 storage/engine/rocksdb.go:622  opening rocksdb instance at "/cockroach/cockroach-data"
I200407 20:13:00.845819 29 server/config.go:502  [n?] 1 storage engine initialized
I200407 20:13:00.853434 29 server/config.go:505  [n?] RocksDB cache size: 128 MiB
I200407 20:13:00.853514 29 server/config.go:505  [n?] store 0: RocksDB, max size 0 B, max open file limit 1043576
W200407 20:13:00.957347 29 gossip/gossip.go:1517  [n?] no incoming or outgoing connections
W200407 20:13:00.962771 29 cli/start.go:996  neither --listen-addr nor --advertise-addr was specified.
The server will advertise "b3822c71d721" to other nodes, is this routable?

Consider using:
- for local-only servers:  --listen-addr=localhost
- for multi-node clusters: --advertise-addr=<host/IP addr>
I200407 20:13:00.985653 29 gossip/gossip.go:394  [n2] NodeDescriptor set to node_id:2 address:<network_field:"tcp" address_field:"b3822c71d721:26257" > attrs:<> locality:<> ServerVersion:<major_val:19 minor_val:2 patch:0 unstable:0 > build_tag:"v19.2.5" started_at:1586290380985319800 cluster_name:"" sql_address:<network_field:"tcp" address_field:"b3822c71d721:26257" > 
I200407 20:13:01.716477 29 server/node.go:431  [n2] initialized store [n2,s2]: disk (capacity=60 TiB, available=32 TiB, used=5.8 MiB, logicalBytes=0 B), ranges=0, leases=0, queries=0.00, writes=0.00, bytesPerReplica={p10=0.00 p25=0.00 p50=0.00 p75=0.00 p90=0.00 pMax=0.00}, writesPerReplica={p10=0.00 p25=0.00 p50=0.00 p75=0.00 p90=0.00 pMax=0.00}
I200407 20:13:01.775904 29 storage/stores.go:240  [n2] read 1 node addresses from persistent storage
I200407 20:13:01.777252 29 server/node.go:645  [n2] connecting to gossip network to verify cluster ID...
W200407 20:13:02.057471 77 gossip/gossip.go:1300  [n2] invalid bootstrap address: &{typ:tcp addr:1c46fe1df2b1:26257}, lookup 1c46fe1df2b1 on 127.0.0.11:53: no such host
I200407 20:13:07.006769 80 vendor/github.com/cockroachdb/circuitbreaker/circuitbreaker.go:322  [n2] circuitbreaker: gossip [::]:26257->database_1:26257 tripped: initial connection heartbeat failed: operation "rpc heartbeat" timed out after 6s: rpc error: code = DeadlineExceeded desc = context deadline exceeded
I200407 20:13:07.006893 80 vendor/github.com/cockroachdb/circuitbreaker/circuitbreaker.go:447  [n2] circuitbreaker: gossip [::]:26257->database_1:26257 event: BreakerTripped
W200407 20:13:07.006990 80 gossip/client.go:118  [n2] failed to start gossip client to database_1:26257: initial connection heartbeat failed: operation "rpc heartbeat" timed out after 6s: rpc error: code = DeadlineExceeded desc = context deadline exceeded
W200407 20:13:07.027076 81 storage/closedts/provider/provider.go:150  [ct-closer] unable to move closed timestamp forward: node not in the liveness table
github.com/cockroachdb/cockroach/pkg/storage.init.ializers
	/go/src/github.com/cockroachdb/cockroach/pkg/storage/node_liveness.go:44
runtime.main
	/usr/local/go/src/runtime/proc.go:188
runtime.goexit
	/usr/local/go/src/runtime/asm_amd64.s:1337
I200407 20:13:12.626602 176 vendor/github.com/cockroachdb/circuitbreaker/circuitbreaker.go:447  [n2] circuitbreaker: gossip [::]:26257->database_1:26257 event: BreakerReset
I200407 20:13:12.634063 176 gossip/client.go:124  [n2] started gossip client to database_1:26257
I200407 20:13:12.662206 14 storage/stores.go:259  [n2] wrote 2 node addresses to persistent storage
I200407 20:13:12.662521 29 server/node.go:665  [n2] node connected via gossip and verified as part of cluster "ea35b6ad-0215-43e2-94d0-3ce953db1cc1"
I200407 20:13:12.663013 29 server/node.go:512  [n2] node=2: started with [<no-attributes>=/cockroach/cockroach-data] engine(s) and attributes []
I200407 20:13:12.683663 29 server/server.go:1514  [n2] starting http server at [::]:8080 (use: b3822c71d721:8080)
I200407 20:13:12.683820 29 server/server.go:1521  [n2] starting grpc/postgres server at [::]:26257
I200407 20:13:12.683886 29 server/server.go:1522  [n2] advertising CockroachDB node at b3822c71d721:26257
W200407 20:13:13.164501 29 server/node.go:826  [n2,summaries] health alerts detected: {Alerts:[{StoreID:0 Category:METRICS Description:round-trip-latency-p90 Value:1.476395007e+09}]}
I200407 20:13:13.311895 176 gossip/client.go:129  [n2] closing client to n1 (database_1:26257): stopping outgoing client to n1 (database_1:26257); already have incoming
I200407 20:13:13.313587 78 gossip/gossip.go:1531  [n2] node has connected to cluster via gossip
I200407 20:13:13.315295 78 storage/stores.go:259  [n2] wrote 1 node addresses to persistent storage
W200407 20:13:13.755617 216 storage/node_liveness.go:559  [n2,liveness-hb] slow heartbeat took 1.0s
I200407 20:13:13.877933 29 server/server.go:1590  [n2] done ensuring all necessary migrations have run
I200407 20:13:13.878102 29 server/server.go:1841  [n2] serving sql connections
I200407 20:13:13.878811 29 cli/start.go:803  [config] clusterID: ea35b6ad-0215-43e2-94d0-3ce953db1cc1
I200407 20:13:13.878881 29 cli/start.go:812  node startup completed:
CockroachDB node starting at 2020-04-07 20:13:13.8786782 +0000 UTC (took 16.0s)
build:               CCL v19.2.5 @ 2020/03/16 18:27:12 (go1.12.12)
webui:               http://b3822c71d721:8080
sql:                 postgresql://root@b3822c71d721:26257?sslmode=disable
RPC client flags:    /cockroach/cockroach <client cmd> --host=b3822c71d721:26257 --insecure
logs:                /cockroach/cockroach-data/logs
temp dir:            /cockroach/cockroach-data/cockroach-temp130520672
external I/O path:   /cockroach/cockroach-data/extern
store[0]:            path=/cockroach/cockroach-data
status:              restarted pre-existing node
clusterID:           ea35b6ad-0215-43e2-94d0-3ce953db1cc1
nodeID:              2
I200407 20:13:15.352187 266 server/server_update.go:53  [n2] no need to upgrade, cluster already at the newest version
I200407 20:13:15.562535 268 sql/event_log.go:130  [n2] Event: "node_restart", target: 2, info: {Descriptor:{NodeID:2 Address:b3822c71d721:26257 Attrs: Locality: ServerVersion:19.2 BuildTag:v19.2.5 StartedAt:1586290380985319800 LocalityAddress:[] ClusterName: SQLAddress:b3822c71d721:26257} ClusterID:ea35b6ad-0215-43e2-94d0-3ce953db1cc1 StartedAt:1586290380985319800 LastUp:1586290363266554300}
I200407 20:13:22.713128 210 server/status/runtime.go:498  [n2] runtime stats: 106 MiB RSS, 145 goroutines, 91 MiB/32 MiB/134 MiB GO alloc/idle/total, 3.3 MiB/5.4 MiB CGO alloc/total, 0.0 CGO/sec, 0.0/0.0 %(u/s)time, 0.0 %gc (9x), 168 KiB/80 KiB (r/w)net
I200407 20:13:32.668760 210 server/status/runtime.go:498  [n2] runtime stats: 113 MiB RSS, 145 goroutines, 99 MiB/25 MiB/135 MiB GO alloc/idle/total, 3.3 MiB/5.5 MiB CGO alloc/total, 1.1 CGO/sec, 1.8/3.0 %(u/s)time, 0.0 %gc (0x), 18 KiB/31 KiB (r/w)net
I200407 20:13:33.399631 195 storage/store.go:2364  [n2,s2] sstables (read amplification = 1):
6 [ 1K 1 ]: 1K
I200407 20:13:33.400129 195 storage/store.go:2365  [n2,s2] 
** Compaction Stats [default] **
Level    Files   Size     Score Read(GB)  Rn(GB) Rnp1(GB) Write(GB) Wnew(GB) Moved(GB) W-Amp Rd(MB/s) Wr(MB/s) Comp(sec) CompMergeCPU(sec) Comp(cnt) Avg(sec) KeyIn KeyDrop
----------------------------------------------------------------------------------------------------------------------------------------------------------------------------
  L0      0/0    0.00 KB   0.0      0.0     0.0      0.0       0.0      0.0       0.0   1.0      0.0      0.1      0.01              0.00         1    0.015       0      0
  L6      1/0    1.09 KB   0.0      0.0     0.0      0.0       0.0      0.0       0.0   0.5      0.1      0.0      0.03              0.00         1    0.026      10      6
 Sum      1/0    1.09 KB   0.0      0.0     0.0      0.0       0.0      0.0       0.0   1.9      0.1      0.1      0.04              0.00         2    0.020      10      6
 Int      0/0    0.00 KB   0.0      0.0     0.0      0.0       0.0      0.0       0.0   1.9      0.1      0.1      0.04              0.00         2    0.020      10      6

** Compaction Stats [default] **
Priority    Files   Size     Score Read(GB)  Rn(GB) Rnp1(GB) Write(GB) Wnew(GB) Moved(GB) W-Amp Rd(MB/s) Wr(MB/s) Comp(sec) CompMergeCPU(sec) Comp(cnt) Avg(sec) KeyIn KeyDrop
-------------------------------------------------------------------------------------------------------------------------------------------------------------------------------
 Low      0/0    0.00 KB   0.0      0.0     0.0      0.0       0.0      0.0       0.0   0.0      0.1      0.0      0.03              0.00         1    0.026      10      6
User      0/0    0.00 KB   0.0      0.0     0.0      0.0       0.0      0.0       0.0   0.0      0.0      0.1      0.01              0.00         1    0.015       0      0
Uptime(secs): 32.8 total, 32.8 interval
Flush(GB): cumulative 0.000, interval 0.000
AddFile(GB): cumulative 0.000, interval 0.000
AddFile(Total Files): cumulative 0, interval 0
AddFile(L0 Files): cumulative 0, interval 0
AddFile(Keys): cumulative 0, interval 0
Cumulative compaction: 0.00 GB write, 0.00 MB/s write, 0.00 GB read, 0.00 MB/s read, 0.0 seconds
Interval compaction: 0.00 GB write, 0.00 MB/s write, 0.00 GB read, 0.00 MB/s read, 0.0 seconds
Stalls(count): 0 level0_slowdown, 0 level0_slowdown_with_compaction, 0 level0_numfiles, 0 level0_numfiles_with_compaction, 0 stop for pending_compaction_bytes, 0 slowdown for pending_compaction_bytes, 0 memtable_compaction, 0 memtable_slowdown, interval 0 total count
estimated_pending_compaction_bytes: 0 B
I200407 20:13:42.675378 210 server/status/runtime.go:498  [n2] runtime stats: 120 MiB RSS, 145 goroutines, 106 MiB/18 MiB/135 MiB GO alloc/idle/total, 3.4 MiB/5.6 MiB CGO alloc/total, 1.3 CGO/sec, 1.7/2.8 %(u/s)time, 0.0 %gc (0x), 16 KiB/30 KiB (r/w)net
I200407 20:13:52.679803 210 server/status/runtime.go:498  [n2] runtime stats: 128 MiB RSS, 146 goroutines, 114 MiB/10 MiB/135 MiB GO alloc/idle/total, 3.4 MiB/5.6 MiB CGO alloc/total, 1.1 CGO/sec, 1.0/3.4 %(u/s)time, 0.0 %gc (0x), 17 KiB/33 KiB (r/w)net
I200407 20:14:02.654177 210 server/status/runtime.go:498  [n2] runtime stats: 136 MiB RSS, 146 goroutines, 121 MiB/2.8 MiB/135 MiB GO alloc/idle/total, 11 MiB/14 MiB CGO alloc/total, 1.2 CGO/sec, 1.0/2.0 %(u/s)time, 0.0 %gc (0x), 13 KiB/29 KiB (r/w)net
I200407 20:14:08.887407 1 cli/start.go:865  received signal 'terminated'
I200407 20:14:08.894399 1 cli/start.go:930  initiating graceful shutdown of server
I200407 20:14:08.913929 546 util/stop/stopper.go:542  [server drain process] quiescing; tasks left:
1      [async] stats.Refresher: maybeRefreshStats
1      [async] intent_resolver_ir_batcher
1      [async] intent_resolver_gc_batcher
1      [async] closedts-subscription
1      [async] closedts-rangefeed-subscriber
I200407 20:14:08.939698 546 util/stop/stopper.go:542  [server drain process] quiescing; tasks left:
1      [async] stats.Refresher: maybeRefreshStats
1      [async] intent_resolver_gc_batcher
1      [async] closedts-subscription
1      [async] closedts-rangefeed-subscriber
W200407 20:14:08.945351 78 gossip/gossip.go:1517  [n2] no incoming or outgoing connections
I200407 20:14:08.952820 546 util/stop/stopper.go:542  [server drain process] quiescing; tasks left:
1      [async] closedts-subscription
1      [async] closedts-rangefeed-subscriber
I200407 20:14:08.977780 546 storage/engine/rocksdb.go:762  closing rocksdb instance at "/cockroach/cockroach-data/cockroach-temp130520672"
I200407 20:14:09.210059 546 storage/engine/rocksdb.go:762  closing rocksdb instance at "/cockroach/cockroach-data"
I200407 20:14:09.252406 1 cli/start.go:976  server drained and shutdown completed
