I200407 19:25:00.773120 1 util/log/clog.go:1196  [config] file created at: 2020/04/07 19:25:00
I200407 19:25:00.773120 1 util/log/clog.go:1196  [config] running on machine: cbe2ed25d5be
I200407 19:25:00.773120 1 util/log/clog.go:1196  [config] binary: CockroachDB CCL v19.2.5 (x86_64-unknown-linux-gnu, built 2020/03/16 18:27:12, go1.12.12)
I200407 19:25:00.773120 1 util/log/clog.go:1196  [config] arguments: [/cockroach/cockroach start --insecure --join=database_1]
I200407 19:25:00.773120 1 util/log/clog.go:1196  line format: [IWEF]yymmdd hh:mm:ss.uuuuuu goid file:line msg utf8=✓
I200407 19:25:00.773100 1 cli/start.go:1144  logging to directory /cockroach/cockroach-data/logs
W200407 19:25:00.974693 1 cli/start.go:1182  RUNNING IN INSECURE MODE!

- Your cluster is open for any client that can access <all your IP addresses>.
- Any user, even root, can log in without providing a password.
- Any user, connecting as root, can read or write any data in your cluster.
- There is no network encryption nor authentication, and thus no confidentiality.

Check out how to secure your cluster: https://www.cockroachlabs.com/docs/v19.2/secure-a-cluster.html
I200407 19:25:01.001516 1 server/status/recorder.go:597  available memory from cgroups (8.0 EiB) is unsupported, using system memory 2.9 GiB instead: 
W200407 19:25:01.002133 1 cli/start.go:1052  Using the default setting for --cache (128 MiB).
  A significantly larger value is usually needed for good performance.
  If you have a dedicated server a reasonable setting is --cache=.25 (749 MiB).
I200407 19:25:01.019077 1 server/status/recorder.go:597  available memory from cgroups (8.0 EiB) is unsupported, using system memory 2.9 GiB instead: 
W200407 19:25:01.019216 1 cli/start.go:1065  Using the default setting for --max-sql-memory (128 MiB).
  A significantly larger value is usually needed in production.
  If you have a dedicated server a reasonable setting is --max-sql-memory=.25 (749 MiB).
I200407 19:25:01.036484 1 server/status/recorder.go:597  available memory from cgroups (8.0 EiB) is unsupported, using system memory 2.9 GiB instead: 
I200407 19:25:01.036884 1 cli/start.go:1196  CockroachDB CCL v19.2.5 (x86_64-unknown-linux-gnu, built 2020/03/16 18:27:12, go1.12.12)
I200407 19:25:02.309597 1 server/status/recorder.go:597  available memory from cgroups (8.0 EiB) is unsupported, using system memory 2.9 GiB instead: 
I200407 19:25:02.309783 1 server/config.go:394  system total memory: 2.9 GiB
I200407 19:25:02.309916 1 server/config.go:396  server configuration:
max offset             500000000
cache size             128 MiB
SQL memory pool size   128 MiB
scan interval          10m0s
scan min idle time     10ms
scan max idle time     1s
event log enabled      true
I200407 19:25:02.309995 1 cli/start.go:1030  using local environment variables: COCKROACH_CHANNEL=official-docker
I200407 19:25:02.310141 1 cli/start.go:1037  process identity: uid 0 euid 0 gid 0 egid 0
I200407 19:25:02.310769 1 cli/start.go:644  starting cockroach node
I200407 19:25:02.317693 13 storage/engine/rocksdb.go:622  opening rocksdb instance at "/cockroach/cockroach-data/cockroach-temp861783508"
I200407 19:25:03.272187 13 server/server.go:928  [n?] monitoring forward clock jumps based on server.clock.forward_jump_check_enabled
I200407 19:25:03.297061 13 storage/engine/rocksdb.go:622  opening rocksdb instance at "/cockroach/cockroach-data"
I200407 19:25:03.810416 13 server/config.go:502  [n?] 1 storage engine initialized
I200407 19:25:03.810515 13 server/config.go:505  [n?] RocksDB cache size: 128 MiB
I200407 19:25:03.810591 13 server/config.go:505  [n?] store 0: RocksDB, max size 0 B, max open file limit 1043576
W200407 19:25:03.838843 13 gossip/gossip.go:1517  [n?] no incoming or outgoing connections
W200407 19:25:03.839168 13 cli/start.go:996  neither --listen-addr nor --advertise-addr was specified.
The server will advertise "cbe2ed25d5be" to other nodes, is this routable?

Consider using:
- for local-only servers:  --listen-addr=localhost
- for multi-node clusters: --advertise-addr=<host/IP addr>
I200407 19:25:03.878179 13 gossip/gossip.go:394  [n2] NodeDescriptor set to node_id:2 address:<network_field:"tcp" address_field:"cbe2ed25d5be:26257" > attrs:<> locality:<> ServerVersion:<major_val:19 minor_val:2 patch:0 unstable:0 > build_tag:"v19.2.5" started_at:1586287503877954200 cluster_name:"" sql_address:<network_field:"tcp" address_field:"cbe2ed25d5be:26257" > 
I200407 19:25:04.350832 13 server/node.go:431  [n2] initialized store [n2,s2]: disk (capacity=60 TiB, available=32 TiB, used=5.5 MiB, logicalBytes=0 B), ranges=0, leases=0, queries=0.00, writes=0.00, bytesPerReplica={p10=0.00 p25=0.00 p50=0.00 p75=0.00 p90=0.00 pMax=0.00}, writesPerReplica={p10=0.00 p25=0.00 p50=0.00 p75=0.00 p90=0.00 pMax=0.00}
I200407 19:25:04.351154 13 storage/stores.go:240  [n2] read 1 node addresses from persistent storage
I200407 19:25:04.351726 13 server/node.go:645  [n2] connecting to gossip network to verify cluster ID...
I200407 19:25:06.584588 75 gossip/client.go:124  [n2] started gossip client to database_1:26257
I200407 19:25:06.598074 126 gossip/client.go:124  [n2] started gossip client to e27b7fe17789:26257
I200407 19:25:06.833996 75 gossip/client.go:129  [n2] closing client to n1 (database_1:26257): rpc error: code = Unknown desc = duplicate connection from node at cbe2ed25d5be:26257
I200407 19:25:06.899142 145 gossip/client.go:124  [n2] started gossip client to database_1:26257
I200407 19:25:06.921720 145 gossip/client.go:129  [n2] closing client to n1 (database_1:26257): rpc error: code = Unknown desc = duplicate connection from node at cbe2ed25d5be:26257
I200407 19:25:07.335280 13 server/node.go:665  [n2] node connected via gossip and verified as part of cluster "ea35b6ad-0215-43e2-94d0-3ce953db1cc1"
I200407 19:25:07.335660 13 server/node.go:512  [n2] node=2: started with [<no-attributes>=/cockroach/cockroach-data] engine(s) and attributes []
I200407 19:25:07.355067 13 server/server.go:1514  [n2] starting http server at [::]:8080 (use: cbe2ed25d5be:8080)
I200407 19:25:07.355162 13 server/server.go:1521  [n2] starting grpc/postgres server at [::]:26257
I200407 19:25:07.355231 13 server/server.go:1522  [n2] advertising CockroachDB node at cbe2ed25d5be:26257
W200407 19:25:08.038543 13 server/node.go:826  [n2,summaries] health alerts detected: {Alerts:[{StoreID:0 Category:METRICS Description:round-trip-latency-p90 Value:2.818572287e+09}]}
I200407 19:25:08.258188 32 gossip/gossip.go:1531  [n2] node has connected to cluster via gossip
I200407 19:25:08.259278 32 storage/stores.go:259  [n2] wrote 1 node addresses to persistent storage
W200407 19:25:09.076410 188 storage/node_liveness.go:559  [n2,liveness-hb] slow heartbeat took 1.7s
I200407 19:25:09.076670 188 storage/node_liveness.go:474  [n2,liveness-hb] heartbeat failed on epoch increment; retrying
I200407 19:25:09.487736 13 server/server.go:1590  [n2] done ensuring all necessary migrations have run
I200407 19:25:09.487890 13 server/server.go:1841  [n2] serving sql connections
I200407 19:25:09.488095 13 cli/start.go:803  [config] clusterID: ea35b6ad-0215-43e2-94d0-3ce953db1cc1
I200407 19:25:09.488168 13 cli/start.go:812  node startup completed:
CockroachDB node starting at 2020-04-07 19:25:09.4879801 +0000 UTC (took 8.7s)
build:               CCL v19.2.5 @ 2020/03/16 18:27:12 (go1.12.12)
webui:               http://cbe2ed25d5be:8080
sql:                 postgresql://root@cbe2ed25d5be:26257?sslmode=disable
RPC client flags:    /cockroach/cockroach <client cmd> --host=cbe2ed25d5be:26257 --insecure
logs:                /cockroach/cockroach-data/logs
temp dir:            /cockroach/cockroach-data/cockroach-temp861783508
external I/O path:   /cockroach/cockroach-data/extern
store[0]:            path=/cockroach/cockroach-data
status:              restarted pre-existing node
clusterID:           ea35b6ad-0215-43e2-94d0-3ce953db1cc1
nodeID:              2
I200407 19:25:11.828671 246 server/server_update.go:53  [n2] no need to upgrade, cluster already at the newest version
I200407 19:25:12.693951 248 sql/event_log.go:130  [n2] Event: "node_restart", target: 2, info: {Descriptor:{NodeID:2 Address:cbe2ed25d5be:26257 Attrs: Locality: ServerVersion:19.2 BuildTag:v19.2.5 StartedAt:1586287503877954200 LocalityAddress:[] ClusterName: SQLAddress:cbe2ed25d5be:26257} ClusterID:ea35b6ad-0215-43e2-94d0-3ce953db1cc1 StartedAt:1586287503877954200 LastUp:1586287298638812300}
I200407 19:25:17.399927 182 server/status/runtime.go:498  [n2] runtime stats: 110 MiB RSS, 152 goroutines, 95 MiB/29 MiB/135 MiB GO alloc/idle/total, 2.8 MiB/5.6 MiB CGO alloc/total, 0.0 CGO/sec, 0.0/0.0 %(u/s)time, 0.0 %gc (9x), 167 KiB/82 KiB (r/w)net
W200407 19:25:19.548516 234 server/node.go:826  [n2,summaries] health alerts detected: {Alerts:[{StoreID:0 Category:METRICS Description:liveness.heartbeatfailures Value:1}]}
I200407 19:25:27.370136 182 server/status/runtime.go:498  [n2] runtime stats: 118 MiB RSS, 152 goroutines, 103 MiB/21 MiB/135 MiB GO alloc/idle/total, 2.8 MiB/5.6 MiB CGO alloc/total, 1.3 CGO/sec, 1.4/2.3 %(u/s)time, 0.0 %gc (0x), 15 KiB/30 KiB (r/w)net
I200407 19:25:27.508861 161 storage/store.go:2364  [n2,s2] sstables (read amplification = 2):
0 [ 1K 1 ]: 1K
6 [ 1K 1 ]: 1K
I200407 19:25:27.509154 161 storage/store.go:2365  [n2,s2] 
** Compaction Stats [default] **
Level    Files   Size     Score Read(GB)  Rn(GB) Rnp1(GB) Write(GB) Wnew(GB) Moved(GB) W-Amp Rd(MB/s) Wr(MB/s) Comp(sec) CompMergeCPU(sec) Comp(cnt) Avg(sec) KeyIn KeyDrop
----------------------------------------------------------------------------------------------------------------------------------------------------------------------------
  L0      1/0    1.15 KB   0.5      0.0     0.0      0.0       0.0      0.0       0.0   1.0      0.0      0.0      0.10              0.00         1    0.099       0      0
  L6      1/0    1.09 KB   0.0      0.0     0.0      0.0       0.0      0.0       0.0   0.0      0.0      0.0      0.00              0.00         0    0.000       0      0
 Sum      2/0    2.24 KB   0.0      0.0     0.0      0.0       0.0      0.0       0.0   1.0      0.0      0.0      0.10              0.00         1    0.099       0      0
 Int      0/0    0.00 KB   0.0      0.0     0.0      0.0       0.0      0.0       0.0   1.0      0.0      0.0      0.10              0.00         1    0.099       0      0

** Compaction Stats [default] **
Priority    Files   Size     Score Read(GB)  Rn(GB) Rnp1(GB) Write(GB) Wnew(GB) Moved(GB) W-Amp Rd(MB/s) Wr(MB/s) Comp(sec) CompMergeCPU(sec) Comp(cnt) Avg(sec) KeyIn KeyDrop
-------------------------------------------------------------------------------------------------------------------------------------------------------------------------------
User      0/0    0.00 KB   0.0      0.0     0.0      0.0       0.0      0.0       0.0   0.0      0.0      0.0      0.10              0.00         1    0.099       0      0
Uptime(secs): 24.0 total, 24.0 interval
Flush(GB): cumulative 0.000, interval 0.000
AddFile(GB): cumulative 0.000, interval 0.000
AddFile(Total Files): cumulative 0, interval 0
AddFile(L0 Files): cumulative 0, interval 0
AddFile(Keys): cumulative 0, interval 0
Cumulative compaction: 0.00 GB write, 0.00 MB/s write, 0.00 GB read, 0.00 MB/s read, 0.1 seconds
Interval compaction: 0.00 GB write, 0.00 MB/s write, 0.00 GB read, 0.00 MB/s read, 0.1 seconds
Stalls(count): 0 level0_slowdown, 0 level0_slowdown_with_compaction, 0 level0_numfiles, 0 level0_numfiles_with_compaction, 0 stop for pending_compaction_bytes, 0 slowdown for pending_compaction_bytes, 0 memtable_compaction, 0 memtable_slowdown, interval 0 total count
estimated_pending_compaction_bytes: 0 B
I200407 19:25:37.331149 182 server/status/runtime.go:498  [n2] runtime stats: 126 MiB RSS, 152 goroutines, 110 MiB/14 MiB/135 MiB GO alloc/idle/total, 2.9 MiB/5.8 MiB CGO alloc/total, 1.5 CGO/sec, 1.3/2.2 %(u/s)time, 0.0 %gc (0x), 15 KiB/31 KiB (r/w)net
I200407 19:25:47.335635 182 server/status/runtime.go:498  [n2] runtime stats: 134 MiB RSS, 153 goroutines, 118 MiB/6.1 MiB/135 MiB GO alloc/idle/total, 2.9 MiB/5.8 MiB CGO alloc/total, 1.3 CGO/sec, 1.2/2.7 %(u/s)time, 0.0 %gc (0x), 17 KiB/32 KiB (r/w)net
I200407 19:25:57.336149 182 server/status/runtime.go:498  [n2] runtime stats: 136 MiB RSS, 153 goroutines, 84 MiB/37 MiB/135 MiB GO alloc/idle/total, 3.0 MiB/5.9 MiB CGO alloc/total, 1.4 CGO/sec, 1.5/2.4 %(u/s)time, 0.0 %gc (1x), 12 KiB/29 KiB (r/w)net
I200407 19:26:07.267057 178 gossip/gossip.go:566  [n2] gossip status (ok, 2 nodes)
gossip client (1/3 cur/max conns)
  1: e27b7fe17789:26257 (1m2s: infos 41/221 sent/received, bytes 6113B/47515B sent/received)
gossip server (0/3 cur/max conns, infos 41/225 sent/received, bytes 6249B/48086B sent/received)
gossip connectivity
  n1 [sentinel];
  n2 -> n1;
I200407 19:26:07.302573 182 server/status/runtime.go:498  [n2] runtime stats: 137 MiB RSS, 153 goroutines, 90 MiB/32 MiB/135 MiB GO alloc/idle/total, 11 MiB/14 MiB CGO alloc/total, 1.3 CGO/sec, 1.2/2.4 %(u/s)time, 0.0 %gc (0x), 12 KiB/29 KiB (r/w)net
I200407 19:26:17.299836 182 server/status/runtime.go:498  [n2] runtime stats: 137 MiB RSS, 152 goroutines, 97 MiB/26 MiB/135 MiB GO alloc/idle/total, 11 MiB/14 MiB CGO alloc/total, 1.3 CGO/sec, 1.1/1.7 %(u/s)time, 0.0 %gc (0x), 24 KiB/38 KiB (r/w)net
I200407 19:26:27.379646 182 server/status/runtime.go:498  [n2] runtime stats: 138 MiB RSS, 152 goroutines, 103 MiB/20 MiB/135 MiB GO alloc/idle/total, 11 MiB/14 MiB CGO alloc/total, 1.3 CGO/sec, 0.6/1.6 %(u/s)time, 0.0 %gc (0x), 11 KiB/29 KiB (r/w)net
I200407 19:26:37.320896 182 server/status/runtime.go:498  [n2] runtime stats: 138 MiB RSS, 152 goroutines, 109 MiB/14 MiB/135 MiB GO alloc/idle/total, 11 MiB/14 MiB CGO alloc/total, 1.4 CGO/sec, 0.7/1.2 %(u/s)time, 0.0 %gc (0x), 12 KiB/30 KiB (r/w)net
I200407 19:26:47.320066 182 server/status/runtime.go:498  [n2] runtime stats: 138 MiB RSS, 153 goroutines, 115 MiB/8.8 MiB/135 MiB GO alloc/idle/total, 11 MiB/14 MiB CGO alloc/total, 2.1 CGO/sec, 0.7/1.1 %(u/s)time, 0.0 %gc (0x), 13 KiB/31 KiB (r/w)net
I200407 19:26:57.319843 182 server/status/runtime.go:498  [n2] runtime stats: 139 MiB RSS, 153 goroutines, 120 MiB/3.1 MiB/135 MiB GO alloc/idle/total, 11 MiB/14 MiB CGO alloc/total, 0.5 CGO/sec, 0.6/0.9 %(u/s)time, 0.0 %gc (0x), 11 KiB/29 KiB (r/w)net
I200407 19:27:07.195697 178 gossip/gossip.go:566  [n2] gossip status (ok, 2 nodes)
gossip client (1/3 cur/max conns)
  1: e27b7fe17789:26257 (2m2s: infos 72/365 sent/received, bytes 10735B/63179B sent/received)
gossip server (0/3 cur/max conns, infos 72/369 sent/received, bytes 10871B/63750B sent/received)
I200407 19:27:07.295006 182 server/status/runtime.go:498  [n2] runtime stats: 146 MiB RSS, 153 goroutines, 128 MiB/60 MiB/201 MiB GO alloc/idle/total, 11 MiB/14 MiB CGO alloc/total, 1.3 CGO/sec, 0.6/1.1 %(u/s)time, 0.0 %gc (0x), 12 KiB/29 KiB (r/w)net
I200407 19:27:17.296510 182 server/status/runtime.go:498  [n2] runtime stats: 154 MiB RSS, 152 goroutines, 136 MiB/52 MiB/201 MiB GO alloc/idle/total, 11 MiB/14 MiB CGO alloc/total, 2.1 CGO/sec, 0.8/1.0 %(u/s)time, 0.0 %gc (0x), 14 KiB/31 KiB (r/w)net
I200407 19:27:27.298427 182 server/status/runtime.go:498  [n2] runtime stats: 159 MiB RSS, 152 goroutines, 83 MiB/102 MiB/201 MiB GO alloc/idle/total, 11 MiB/14 MiB CGO alloc/total, 0.6 CGO/sec, 1.0/1.5 %(u/s)time, 0.0 %gc (1x), 12 KiB/29 KiB (r/w)net
I200407 19:27:37.263338 182 server/status/runtime.go:498  [n2] runtime stats: 159 MiB RSS, 152 goroutines, 88 MiB/97 MiB/201 MiB GO alloc/idle/total, 11 MiB/14 MiB CGO alloc/total, 1.3 CGO/sec, 0.7/1.2 %(u/s)time, 0.0 %gc (0x), 11 KiB/29 KiB (r/w)net
I200407 19:27:47.264181 182 server/status/runtime.go:498  [n2] runtime stats: 159 MiB RSS, 153 goroutines, 94 MiB/92 MiB/201 MiB GO alloc/idle/total, 11 MiB/14 MiB CGO alloc/total, 1.3 CGO/sec, 1.1/1.7 %(u/s)time, 0.0 %gc (0x), 14 KiB/31 KiB (r/w)net
I200407 19:27:48.272444 1 cli/start.go:865  received signal 'terminated'
I200407 19:27:48.273700 1 cli/start.go:930  initiating graceful shutdown of server
W200407 19:27:48.309443 32 gossip/gossip.go:1517  [n2] no incoming or outgoing connections
I200407 19:27:48.319132 694 util/stop/stopper.go:542  [server drain process] quiescing; tasks left:
1      rpc heartbeat
1      gossip.Gossip: bootstrap 
1      [async] stats.Refresher: maybeRefreshStats
1      [async] intent_resolver_ir_batcher
1      [async] intent_resolver_gc_batcher
1      [async] closedts-subscription
1      [async] closedts-rangefeed-subscriber
W200407 19:27:48.320663 66 vendor/google.golang.org/grpc/clientconn.go:1206  grpc: addrConn.createTransport failed to connect to {cbe2ed25d5be:26257 0  <nil>}. Err :connection error: desc = "transport: failed to write client preface: io: read/write on closed pipe". Reconnecting...
I200407 19:27:48.333996 714 vendor/github.com/cockroachdb/circuitbreaker/circuitbreaker.go:322  [n2] circuitbreaker: gossip [::]:26257->e27b7fe17789:26257 tripped: context canceled
I200407 19:27:48.355519 714 vendor/github.com/cockroachdb/circuitbreaker/circuitbreaker.go:447  [n2] circuitbreaker: gossip [::]:26257->e27b7fe17789:26257 event: BreakerTripped
W200407 19:27:48.357054 714 gossip/client.go:118  [n2] failed to start gossip client to e27b7fe17789:26257: context canceled
I200407 19:27:48.370208 694 storage/engine/rocksdb.go:762  closing rocksdb instance at "/cockroach/cockroach-data/cockroach-temp861783508"
I200407 19:27:48.458323 694 storage/engine/rocksdb.go:762  closing rocksdb instance at "/cockroach/cockroach-data"
I200407 19:27:48.487436 1 cli/start.go:976  server drained and shutdown completed
