I200407 19:12:30.002364 21 util/log/clog.go:1196  [config] file created at: 2020/04/07 19:12:30
I200407 19:12:30.002364 21 util/log/clog.go:1196  [config] running on machine: a161ea8f0270
I200407 19:12:30.002364 21 util/log/clog.go:1196  [config] binary: CockroachDB CCL v19.2.5 (x86_64-unknown-linux-gnu, built 2020/03/16 18:27:12, go1.12.12)
I200407 19:12:30.002364 21 util/log/clog.go:1196  [config] arguments: [/cockroach/cockroach start --insecure --join=database_1]
I200407 19:12:30.002364 21 util/log/clog.go:1196  line format: [IWEF]yymmdd hh:mm:ss.uuuuuu goid file:line msg utf8=✓
I200407 19:12:30.002340 21 storage/engine/rocksdb.go:120  RocksDB version: 6.2.1
I200407 19:12:30.045314 21 storage/engine/rocksdb.go:120  Git sha rocksdb_build_git_sha:@b7009236531fa784872f4823eabf393501e41bf2@
I200407 19:12:30.045360 21 storage/engine/rocksdb.go:120  Compile date Mar 16 2020
I200407 19:12:30.045401 21 storage/engine/rocksdb.go:120  DB SUMMARY
I200407 19:12:30.055106 21 storage/engine/rocksdb.go:120  SST files in /cockroach/cockroach-data/cockroach-temp459468624 dir, Total Num: 0, files: 
I200407 19:12:30.253063 21 storage/engine/rocksdb.go:120  Write Ahead Log file in /cockroach/cockroach-data/cockroach-temp459468624: 
I200407 19:12:30.253097 21 storage/engine/rocksdb.go:120                          Options.error_if_exists: 0
I200407 19:12:30.253125 21 storage/engine/rocksdb.go:120                        Options.create_if_missing: 1
I200407 19:12:30.253153 21 storage/engine/rocksdb.go:120                          Options.paranoid_checks: 1
I200407 19:12:30.253182 21 storage/engine/rocksdb.go:120                                      Options.env: 0x75757a0
I200407 19:12:30.253210 21 storage/engine/rocksdb.go:120                                 Options.info_log: 0x7fa546287f80
I200407 19:12:30.253238 21 storage/engine/rocksdb.go:120                 Options.max_file_opening_threads: 16
I200407 19:12:30.253269 21 storage/engine/rocksdb.go:120                               Options.statistics: 0x7fa54621d8d0
I200407 19:12:30.253298 21 storage/engine/rocksdb.go:120                                Options.use_fsync: 0
I200407 19:12:30.253326 21 storage/engine/rocksdb.go:120                        Options.max_log_file_size: 0
I200407 19:12:30.253355 21 storage/engine/rocksdb.go:120                   Options.max_manifest_file_size: 134217728
I200407 19:12:30.253516 21 storage/engine/rocksdb.go:120                    Options.log_file_time_to_roll: 0
I200407 19:12:30.253545 21 storage/engine/rocksdb.go:120                        Options.keep_log_file_num: 1000
I200407 19:12:30.253574 21 storage/engine/rocksdb.go:120                     Options.recycle_log_file_num: 1
I200407 19:12:30.253603 21 storage/engine/rocksdb.go:120                          Options.allow_fallocate: 1
I200407 19:12:30.253633 21 storage/engine/rocksdb.go:120                         Options.allow_mmap_reads: 0
I200407 19:12:30.253661 21 storage/engine/rocksdb.go:120                        Options.allow_mmap_writes: 0
I200407 19:12:30.253772 21 storage/engine/rocksdb.go:120                         Options.use_direct_reads: 0
I200407 19:12:30.253801 21 storage/engine/rocksdb.go:120                         Options.use_direct_io_for_flush_and_compaction: 0
I200407 19:12:30.253829 21 storage/engine/rocksdb.go:120           Options.create_missing_column_families: 0
I200407 19:12:30.253857 21 storage/engine/rocksdb.go:120                               Options.db_log_dir: 
I200407 19:12:30.253885 21 storage/engine/rocksdb.go:120                                  Options.wal_dir: /cockroach/cockroach-data/cockroach-temp459468624
I200407 19:12:30.253913 21 storage/engine/rocksdb.go:120                 Options.table_cache_numshardbits: 6
I200407 19:12:30.253941 21 storage/engine/rocksdb.go:120                       Options.max_subcompactions: 1
I200407 19:12:30.253969 21 storage/engine/rocksdb.go:120                   Options.max_background_flushes: -1
I200407 19:12:30.253997 21 storage/engine/rocksdb.go:120                          Options.WAL_ttl_seconds: 0
I200407 19:12:30.254027 21 storage/engine/rocksdb.go:120                        Options.WAL_size_limit_MB: 0
I200407 19:12:30.254055 21 storage/engine/rocksdb.go:120              Options.manifest_preallocation_size: 4194304
I200407 19:12:30.254083 21 storage/engine/rocksdb.go:120                      Options.is_fd_close_on_exec: 1
I200407 19:12:30.254111 21 storage/engine/rocksdb.go:120                    Options.advise_random_on_open: 1
I200407 19:12:30.254139 21 storage/engine/rocksdb.go:120                     Options.db_write_buffer_size: 0
I200407 19:12:30.254167 21 storage/engine/rocksdb.go:120                     Options.write_buffer_manager: 0x7fa546260cb0
I200407 19:12:30.254196 21 storage/engine/rocksdb.go:120          Options.access_hint_on_compaction_start: 1
I200407 19:12:30.254230 21 storage/engine/rocksdb.go:120   Options.new_table_reader_for_compaction_inputs: 0
I200407 19:12:30.254258 21 storage/engine/rocksdb.go:120            Options.random_access_max_buffer_size: 1048576
I200407 19:12:30.254286 21 storage/engine/rocksdb.go:120                       Options.use_adaptive_mutex: 0
I200407 19:12:30.254347 21 storage/engine/rocksdb.go:120                             Options.rate_limiter: (nil)
I200407 19:12:30.254377 21 storage/engine/rocksdb.go:120      Options.sst_file_manager.rate_bytes_per_sec: 0
I200407 19:12:30.254406 21 storage/engine/rocksdb.go:120                        Options.wal_recovery_mode: 0
I200407 19:12:30.254435 21 storage/engine/rocksdb.go:120                   Options.enable_thread_tracking: 0
I200407 19:12:30.254463 21 storage/engine/rocksdb.go:120                   Options.enable_pipelined_write: 0
I200407 19:12:30.254491 21 storage/engine/rocksdb.go:120          Options.allow_concurrent_memtable_write: 1
I200407 19:12:30.254519 21 storage/engine/rocksdb.go:120       Options.enable_write_thread_adaptive_yield: 1
I200407 19:12:30.254547 21 storage/engine/rocksdb.go:120              Options.write_thread_max_yield_usec: 100
I200407 19:12:30.254576 21 storage/engine/rocksdb.go:120             Options.write_thread_slow_yield_usec: 3
I200407 19:12:30.254603 21 storage/engine/rocksdb.go:120                                Options.row_cache: None
I200407 19:12:30.254632 21 storage/engine/rocksdb.go:120                               Options.wal_filter: None
I200407 19:12:30.254660 21 storage/engine/rocksdb.go:120              Options.avoid_flush_during_recovery: 0
I200407 19:12:30.254688 21 storage/engine/rocksdb.go:120              Options.allow_ingest_behind: 0
I200407 19:12:30.254716 21 storage/engine/rocksdb.go:120              Options.preserve_deletes: 0
I200407 19:12:30.254744 21 storage/engine/rocksdb.go:120              Options.two_write_queues: 0
I200407 19:12:30.254772 21 storage/engine/rocksdb.go:120              Options.manual_wal_flush: 1
I200407 19:12:30.254810 21 storage/engine/rocksdb.go:120              Options.atomic_flush: 0
I200407 19:12:30.255100 21 storage/engine/rocksdb.go:120              Options.avoid_unnecessary_blocking_io: 0
I200407 19:12:30.255163 21 storage/engine/rocksdb.go:120              Options.max_background_jobs: 2
I200407 19:12:30.255207 21 storage/engine/rocksdb.go:120              Options.max_background_compactions: -1
I200407 19:12:30.255265 21 storage/engine/rocksdb.go:120              Options.avoid_flush_during_shutdown: 0
I200407 19:12:30.256237 21 storage/engine/rocksdb.go:120            Options.writable_file_max_buffer_size: 1048576
I200407 19:12:30.256356 21 storage/engine/rocksdb.go:120              Options.delayed_write_rate : 16777216
I200407 19:12:30.256530 21 storage/engine/rocksdb.go:120              Options.max_total_wal_size: 0
I200407 19:12:30.256728 21 storage/engine/rocksdb.go:120              Options.delete_obsolete_files_period_micros: 21600000000
I200407 19:12:30.256984 21 storage/engine/rocksdb.go:120                    Options.stats_dump_period_sec: 0
I200407 19:12:30.257113 21 storage/engine/rocksdb.go:120                  Options.stats_persist_period_sec: 600
I200407 19:12:30.257155 21 storage/engine/rocksdb.go:120                  Options.stats_history_buffer_size: 1048576
I200407 19:12:30.257276 21 storage/engine/rocksdb.go:120                           Options.max_open_files: 128
I200407 19:12:30.257317 21 storage/engine/rocksdb.go:120                           Options.bytes_per_sync: 524288
I200407 19:12:30.257349 21 storage/engine/rocksdb.go:120                       Options.wal_bytes_per_sync: 0
I200407 19:12:30.257378 21 storage/engine/rocksdb.go:120                    Options.strict_bytes_per_sync: 1
I200407 19:12:30.257411 21 storage/engine/rocksdb.go:120        Options.compaction_readahead_size: 0
I200407 19:12:30.257452 21 storage/engine/rocksdb.go:120  Compression algorithms supported:
I200407 19:12:30.257497 21 storage/engine/rocksdb.go:120  	kZSTDNotFinalCompression supported: 0
I200407 19:12:30.257539 21 storage/engine/rocksdb.go:120  	kZSTD supported: 0
I200407 19:12:30.257591 21 storage/engine/rocksdb.go:120  	kXpressCompression supported: 0
I200407 19:12:30.257636 21 storage/engine/rocksdb.go:120  	kLZ4HCCompression supported: 0
I200407 19:12:30.257665 21 storage/engine/rocksdb.go:120  	kLZ4Compression supported: 0
I200407 19:12:30.257702 21 storage/engine/rocksdb.go:120  	kBZip2Compression supported: 0
I200407 19:12:30.257900 21 storage/engine/rocksdb.go:120  	kZlibCompression supported: 0
I200407 19:12:30.257943 21 storage/engine/rocksdb.go:120  	kSnappyCompression supported: 1
I200407 19:12:30.257987 21 storage/engine/rocksdb.go:120  Fast CRC32 supported: Supported on x86
I200407 19:12:30.268109 21 storage/engine/rocksdb.go:120  [db/db_impl_open.cc:242] Creating manifest 1 
I200407 19:12:30.546528 21 storage/engine/rocksdb.go:120  [db/version_set.cc:4072] Recovering from manifest file: /cockroach/cockroach-data/cockroach-temp459468624/MANIFEST-000001
I200407 19:12:30.593260 21 storage/engine/rocksdb.go:120  [db/column_family.cc:488] --------------- Options for column family [default]:
I200407 19:12:30.593301 21 storage/engine/rocksdb.go:120                Options.comparator: cockroach_comparator
I200407 19:12:30.593340 21 storage/engine/rocksdb.go:120            Options.merge_operator: cockroach_merge_operator
I200407 19:12:30.593376 21 storage/engine/rocksdb.go:120         Options.compaction_filter: None
I200407 19:12:30.593411 21 storage/engine/rocksdb.go:120         Options.compaction_filter_factory: None
I200407 19:12:30.593442 21 storage/engine/rocksdb.go:120          Options.memtable_factory: SkipListFactory
I200407 19:12:30.593480 21 storage/engine/rocksdb.go:120             Options.table_factory: BlockBasedTable
I200407 19:12:30.593565 21 storage/engine/rocksdb.go:120             table_factory options:   flush_block_policy_factory: FlushBlockBySizePolicyFactory (0x7fa546224040)
  cache_index_and_filter_blocks: 0
  cache_index_and_filter_blocks_with_high_priority: 0
  pin_l0_filter_and_index_blocks_in_cache: 0
  pin_top_level_index_and_filter: 1
  index_type: 0
  data_block_index_type: 0
  index_shortening: 1
  data_block_hash_table_util_ratio: 0.750000
  hash_index_allow_collision: 1
  checksum: 1
  no_block_cache: 0
  block_cache: 0x7fa54627a190
  block_cache_name: LRUCache
  block_cache_options:
    capacity : 1048576
    num_shard_bits : 4
    strict_capacity_limit : 0
    memory_allocator : None
    high_pri_pool_ratio: 0.000
  block_cache_compressed: (nil)
  persistent_cache: (nil)
  block_size: 32768
  block_size_deviation: 10
  block_restart_interval: 16
  index_block_restart_interval: 1
  metadata_block_size: 4096
  partition_filters: 0
  use_delta_encoding: 1
  filter_policy: rocksdb.BuiltinBloomFilter
  whole_key_filtering: 0
  verify_compression: 0
  read_amp_bytes_per_bit: 0
  format_version: 2
  enable_index_compression: 1
  block_align: 0
I200407 19:12:30.593614 21 storage/engine/rocksdb.go:120         Options.write_buffer_size: 67108864
I200407 19:12:30.593729 21 storage/engine/rocksdb.go:120   Options.max_write_buffer_number: 4
I200407 19:12:30.593770 21 storage/engine/rocksdb.go:120           Options.compression: Snappy
I200407 19:12:30.593800 21 storage/engine/rocksdb.go:120                   Options.bottommost_compression: Disabled
I200407 19:12:30.593843 21 storage/engine/rocksdb.go:120        Options.prefix_extractor: cockroach_prefix_extractor
I200407 19:12:30.593876 21 storage/engine/rocksdb.go:120    Options.memtable_insert_with_hint_prefix_extractor: nullptr
I200407 19:12:30.593906 21 storage/engine/rocksdb.go:120              Options.num_levels: 7
I200407 19:12:30.593945 21 storage/engine/rocksdb.go:120         Options.min_write_buffer_number_to_merge: 1
I200407 19:12:30.593980 21 storage/engine/rocksdb.go:120      Options.max_write_buffer_number_to_maintain: 0
I200407 19:12:30.594015 21 storage/engine/rocksdb.go:120             Options.bottommost_compression_opts.window_bits: -14
I200407 19:12:30.594049 21 storage/engine/rocksdb.go:120                   Options.bottommost_compression_opts.level: 32767
I200407 19:12:30.594082 21 storage/engine/rocksdb.go:120                Options.bottommost_compression_opts.strategy: 0
I200407 19:12:30.594120 21 storage/engine/rocksdb.go:120          Options.bottommost_compression_opts.max_dict_bytes: 0
I200407 19:12:30.594160 21 storage/engine/rocksdb.go:120          Options.bottommost_compression_opts.zstd_max_train_bytes: 0
I200407 19:12:30.594191 21 storage/engine/rocksdb.go:120                   Options.bottommost_compression_opts.enabled: false
I200407 19:12:30.594236 21 storage/engine/rocksdb.go:120             Options.compression_opts.window_bits: -14
I200407 19:12:30.594271 21 storage/engine/rocksdb.go:120                   Options.compression_opts.level: 32767
I200407 19:12:30.594299 21 storage/engine/rocksdb.go:120                Options.compression_opts.strategy: 0
I200407 19:12:30.594339 21 storage/engine/rocksdb.go:120          Options.compression_opts.max_dict_bytes: 0
I200407 19:12:30.594373 21 storage/engine/rocksdb.go:120          Options.compression_opts.zstd_max_train_bytes: 0
I200407 19:12:30.594409 21 storage/engine/rocksdb.go:120                   Options.compression_opts.enabled: false
I200407 19:12:30.594447 21 storage/engine/rocksdb.go:120       Options.level0_file_num_compaction_trigger: 2
I200407 19:12:30.594477 21 storage/engine/rocksdb.go:120           Options.level0_slowdown_writes_trigger: 950
I200407 19:12:30.594517 21 storage/engine/rocksdb.go:120               Options.level0_stop_writes_trigger: 1000
I200407 19:12:30.594552 21 storage/engine/rocksdb.go:120                    Options.target_file_size_base: 4194304
I200407 19:12:30.594595 21 storage/engine/rocksdb.go:120              Options.target_file_size_multiplier: 2
I200407 19:12:30.594742 21 storage/engine/rocksdb.go:120                 Options.max_bytes_for_level_base: 67108864
I200407 19:12:30.594780 21 storage/engine/rocksdb.go:120  Options.level_compaction_dynamic_level_bytes: 1
I200407 19:12:30.594817 21 storage/engine/rocksdb.go:120           Options.max_bytes_for_level_multiplier: 10.000000
I200407 19:12:30.594857 21 storage/engine/rocksdb.go:120  Options.max_bytes_for_level_multiplier_addtl[0]: 1
I200407 19:12:30.594893 21 storage/engine/rocksdb.go:120  Options.max_bytes_for_level_multiplier_addtl[1]: 1
I200407 19:12:30.594929 21 storage/engine/rocksdb.go:120  Options.max_bytes_for_level_multiplier_addtl[2]: 1
I200407 19:12:30.594965 21 storage/engine/rocksdb.go:120  Options.max_bytes_for_level_multiplier_addtl[3]: 1
I200407 19:12:30.594994 21 storage/engine/rocksdb.go:120  Options.max_bytes_for_level_multiplier_addtl[4]: 1
I200407 19:12:30.595022 21 storage/engine/rocksdb.go:120  Options.max_bytes_for_level_multiplier_addtl[5]: 1
I200407 19:12:30.595050 21 storage/engine/rocksdb.go:120  Options.max_bytes_for_level_multiplier_addtl[6]: 1
I200407 19:12:30.595078 21 storage/engine/rocksdb.go:120        Options.max_sequential_skip_in_iterations: 8
I200407 19:12:30.595099 21 storage/engine/rocksdb.go:120                     Options.max_compaction_bytes: 104857600
I200407 19:12:30.595123 21 storage/engine/rocksdb.go:120                         Options.arena_block_size: 8388608
I200407 19:12:30.595146 21 storage/engine/rocksdb.go:120    Options.soft_pending_compaction_bytes_limit: 2199023255552
I200407 19:12:30.595173 21 storage/engine/rocksdb.go:120    Options.hard_pending_compaction_bytes_limit: 4400193994752
I200407 19:12:30.595201 21 storage/engine/rocksdb.go:120        Options.rate_limit_delay_max_milliseconds: 100
I200407 19:12:30.595226 21 storage/engine/rocksdb.go:120                 Options.disable_auto_compactions: 0
I200407 19:12:30.595251 21 storage/engine/rocksdb.go:120                         Options.compaction_style: kCompactionStyleLevel
I200407 19:12:30.595280 21 storage/engine/rocksdb.go:120                           Options.compaction_pri: kMinOverlappingRatio
I200407 19:12:30.595311 21 storage/engine/rocksdb.go:120  Options.compaction_options_universal.size_ratio: 1
I200407 19:12:30.595352 21 storage/engine/rocksdb.go:120  Options.compaction_options_universal.min_merge_width: 2
I200407 19:12:30.595399 21 storage/engine/rocksdb.go:120  Options.compaction_options_universal.max_merge_width: 4294967295
I200407 19:12:30.595435 21 storage/engine/rocksdb.go:120  Options.compaction_options_universal.max_size_amplification_percent: 200
I200407 19:12:30.595469 21 storage/engine/rocksdb.go:120  Options.compaction_options_universal.compression_size_percent: -1
I200407 19:12:30.595570 21 storage/engine/rocksdb.go:120  Options.compaction_options_universal.stop_style: kCompactionStopStyleTotalSize
I200407 19:12:30.595613 21 storage/engine/rocksdb.go:120  Options.compaction_options_fifo.max_table_files_size: 1073741824
I200407 19:12:30.595642 21 storage/engine/rocksdb.go:120  Options.compaction_options_fifo.allow_compaction: 0
I200407 19:12:30.595676 21 storage/engine/rocksdb.go:120                    Options.table_properties_collectors: TimeBoundTblPropCollectorFactory; DeleteRangeTblPropCollectorFactory; 
I200407 19:12:30.603883 21 storage/engine/rocksdb.go:120                    Options.inplace_update_support: 0
I200407 19:12:30.603917 21 storage/engine/rocksdb.go:120                  Options.inplace_update_num_locks: 10000
I200407 19:12:30.603949 21 storage/engine/rocksdb.go:120                Options.memtable_prefix_bloom_size_ratio: 0.000000
I200407 19:12:30.603977 21 storage/engine/rocksdb.go:120                Options.memtable_whole_key_filtering: 0
I200407 19:12:30.604006 21 storage/engine/rocksdb.go:120    Options.memtable_huge_page_size: 0
I200407 19:12:30.604034 21 storage/engine/rocksdb.go:120                            Options.bloom_locality: 0
I200407 19:12:30.604062 21 storage/engine/rocksdb.go:120                     Options.max_successive_merges: 0
I200407 19:12:30.604090 21 storage/engine/rocksdb.go:120                 Options.optimize_filters_for_hits: 1
I200407 19:12:30.604118 21 storage/engine/rocksdb.go:120                 Options.paranoid_file_checks: 0
I200407 19:12:30.604146 21 storage/engine/rocksdb.go:120                 Options.force_consistency_checks: 0
I200407 19:12:30.604175 21 storage/engine/rocksdb.go:120                 Options.report_bg_io_stats: 0
I200407 19:12:30.604203 21 storage/engine/rocksdb.go:120                                Options.ttl: 0
I200407 19:12:30.604232 21 storage/engine/rocksdb.go:120           Options.periodic_compaction_seconds: 0
I200407 19:12:30.658381 21 storage/engine/rocksdb.go:120  [db/version_set.cc:4286] Recovered from manifest file:/cockroach/cockroach-data/cockroach-temp459468624/MANIFEST-000001 succeeded,manifest_file_number is 1, next_file_number is 3, last_sequence is 0, log_number is 0,prev_log_number is 0,max_column_family is 0,min_log_number_to_keep is 0
I200407 19:12:30.658442 21 storage/engine/rocksdb.go:120  [db/version_set.cc:4295] Column family [default] (ID 0), log number is 0
I200407 19:12:31.223089 21 storage/engine/rocksdb.go:120  DB pointer 0x7fa546348000
I200407 19:12:31.644189 21 storage/engine/rocksdb.go:120  RocksDB version: 6.2.1
I200407 19:12:31.653825 21 storage/engine/rocksdb.go:120  Git sha rocksdb_build_git_sha:@b7009236531fa784872f4823eabf393501e41bf2@
I200407 19:12:31.653872 21 storage/engine/rocksdb.go:120  Compile date Mar 16 2020
I200407 19:12:31.653908 21 storage/engine/rocksdb.go:120  DB SUMMARY
I200407 19:12:31.737788 21 storage/engine/rocksdb.go:120  CURRENT file:  CURRENT
I200407 19:12:31.737828 21 storage/engine/rocksdb.go:120  IDENTITY file:  IDENTITY
I200407 19:12:31.754087 21 storage/engine/rocksdb.go:120  MANIFEST file:  MANIFEST-000015 size: 136 Bytes
I200407 19:12:31.754133 21 storage/engine/rocksdb.go:120  SST files in /cockroach/cockroach-data dir, Total Num: 2, files: 000012.sst 000014.sst 
I200407 19:12:31.754160 21 storage/engine/rocksdb.go:120  Write Ahead Log file in /cockroach/cockroach-data: 000016.log size: 16576 ; 
I200407 19:12:31.754190 21 storage/engine/rocksdb.go:120                          Options.error_if_exists: 0
I200407 19:12:31.754219 21 storage/engine/rocksdb.go:120                        Options.create_if_missing: 1
I200407 19:12:31.754259 21 storage/engine/rocksdb.go:120                          Options.paranoid_checks: 1
I200407 19:12:31.754291 21 storage/engine/rocksdb.go:120                                      Options.env: 0x75757a0
I200407 19:12:31.754319 21 storage/engine/rocksdb.go:120                                 Options.info_log: 0x7fa53f80d0a0
I200407 19:12:31.754348 21 storage/engine/rocksdb.go:120                 Options.max_file_opening_threads: 16
I200407 19:12:31.754454 21 storage/engine/rocksdb.go:120                               Options.statistics: 0x7fa53f82f010
I200407 19:12:31.754484 21 storage/engine/rocksdb.go:120                                Options.use_fsync: 0
I200407 19:12:31.754514 21 storage/engine/rocksdb.go:120                        Options.max_log_file_size: 0
I200407 19:12:31.754554 21 storage/engine/rocksdb.go:120                   Options.max_manifest_file_size: 134217728
I200407 19:12:31.754589 21 storage/engine/rocksdb.go:120                    Options.log_file_time_to_roll: 0
I200407 19:12:31.754730 21 storage/engine/rocksdb.go:120                        Options.keep_log_file_num: 1000
I200407 19:12:31.754778 21 storage/engine/rocksdb.go:120                     Options.recycle_log_file_num: 1
I200407 19:12:31.754810 21 storage/engine/rocksdb.go:120                          Options.allow_fallocate: 1
I200407 19:12:31.754927 21 storage/engine/rocksdb.go:120                         Options.allow_mmap_reads: 0
I200407 19:12:31.754993 21 storage/engine/rocksdb.go:120                        Options.allow_mmap_writes: 0
I200407 19:12:31.755026 21 storage/engine/rocksdb.go:120                         Options.use_direct_reads: 0
I200407 19:12:31.755055 21 storage/engine/rocksdb.go:120                         Options.use_direct_io_for_flush_and_compaction: 0
I200407 19:12:31.755083 21 storage/engine/rocksdb.go:120           Options.create_missing_column_families: 0
I200407 19:12:31.755119 21 storage/engine/rocksdb.go:120                               Options.db_log_dir: 
I200407 19:12:31.755143 21 storage/engine/rocksdb.go:120                                  Options.wal_dir: /cockroach/cockroach-data
I200407 19:12:31.755171 21 storage/engine/rocksdb.go:120                 Options.table_cache_numshardbits: 6
I200407 19:12:31.755193 21 storage/engine/rocksdb.go:120                       Options.max_subcompactions: 1
I200407 19:12:31.755221 21 storage/engine/rocksdb.go:120                   Options.max_background_flushes: -1
I200407 19:12:31.755249 21 storage/engine/rocksdb.go:120                          Options.WAL_ttl_seconds: 0
I200407 19:12:31.755277 21 storage/engine/rocksdb.go:120                        Options.WAL_size_limit_MB: 0
I200407 19:12:31.755306 21 storage/engine/rocksdb.go:120              Options.manifest_preallocation_size: 4194304
I200407 19:12:31.755339 21 storage/engine/rocksdb.go:120                      Options.is_fd_close_on_exec: 1
I200407 19:12:31.755368 21 storage/engine/rocksdb.go:120                    Options.advise_random_on_open: 1
I200407 19:12:31.755387 21 storage/engine/rocksdb.go:120                     Options.db_write_buffer_size: 0
I200407 19:12:31.755416 21 storage/engine/rocksdb.go:120                     Options.write_buffer_manager: 0x7fa53f81f060
I200407 19:12:31.755444 21 storage/engine/rocksdb.go:120          Options.access_hint_on_compaction_start: 1
I200407 19:12:31.755471 21 storage/engine/rocksdb.go:120   Options.new_table_reader_for_compaction_inputs: 0
I200407 19:12:31.755511 21 storage/engine/rocksdb.go:120            Options.random_access_max_buffer_size: 1048576
I200407 19:12:31.755541 21 storage/engine/rocksdb.go:120                       Options.use_adaptive_mutex: 0
I200407 19:12:31.755562 21 storage/engine/rocksdb.go:120                             Options.rate_limiter: (nil)
I200407 19:12:31.755591 21 storage/engine/rocksdb.go:120      Options.sst_file_manager.rate_bytes_per_sec: 0
I200407 19:12:31.755619 21 storage/engine/rocksdb.go:120                        Options.wal_recovery_mode: 0
I200407 19:12:31.755751 21 storage/engine/rocksdb.go:120                   Options.enable_thread_tracking: 0
I200407 19:12:31.755783 21 storage/engine/rocksdb.go:120                   Options.enable_pipelined_write: 0
I200407 19:12:31.755822 21 storage/engine/rocksdb.go:120          Options.allow_concurrent_memtable_write: 1
I200407 19:12:31.755850 21 storage/engine/rocksdb.go:120       Options.enable_write_thread_adaptive_yield: 1
I200407 19:12:31.755878 21 storage/engine/rocksdb.go:120              Options.write_thread_max_yield_usec: 100
I200407 19:12:31.755934 21 storage/engine/rocksdb.go:120             Options.write_thread_slow_yield_usec: 3
I200407 19:12:31.755958 21 storage/engine/rocksdb.go:120                                Options.row_cache: None
I200407 19:12:31.755987 21 storage/engine/rocksdb.go:120                               Options.wal_filter: None
I200407 19:12:31.756028 21 storage/engine/rocksdb.go:120              Options.avoid_flush_during_recovery: 0
I200407 19:12:31.756069 21 storage/engine/rocksdb.go:120              Options.allow_ingest_behind: 0
I200407 19:12:31.756131 21 storage/engine/rocksdb.go:120              Options.preserve_deletes: 0
I200407 19:12:31.756151 21 storage/engine/rocksdb.go:120              Options.two_write_queues: 0
I200407 19:12:31.756181 21 storage/engine/rocksdb.go:120              Options.manual_wal_flush: 1
I200407 19:12:31.756224 21 storage/engine/rocksdb.go:120              Options.atomic_flush: 0
I200407 19:12:31.756265 21 storage/engine/rocksdb.go:120              Options.avoid_unnecessary_blocking_io: 0
I200407 19:12:31.756351 21 storage/engine/rocksdb.go:120              Options.max_background_jobs: 2
I200407 19:12:31.756477 21 storage/engine/rocksdb.go:120              Options.max_background_compactions: -1
I200407 19:12:31.756552 21 storage/engine/rocksdb.go:120              Options.avoid_flush_during_shutdown: 0
I200407 19:12:31.756598 21 storage/engine/rocksdb.go:120            Options.writable_file_max_buffer_size: 1048576
I200407 19:12:31.764816 21 storage/engine/rocksdb.go:120              Options.delayed_write_rate : 16777216
I200407 19:12:31.764846 21 storage/engine/rocksdb.go:120              Options.max_total_wal_size: 0
I200407 19:12:31.764881 21 storage/engine/rocksdb.go:120              Options.delete_obsolete_files_period_micros: 21600000000
I200407 19:12:31.764911 21 storage/engine/rocksdb.go:120                    Options.stats_dump_period_sec: 0
I200407 19:12:31.764939 21 storage/engine/rocksdb.go:120                  Options.stats_persist_period_sec: 600
I200407 19:12:31.764969 21 storage/engine/rocksdb.go:120                  Options.stats_history_buffer_size: 1048576
I200407 19:12:31.764998 21 storage/engine/rocksdb.go:120                           Options.max_open_files: 1043576
I200407 19:12:31.765027 21 storage/engine/rocksdb.go:120                           Options.bytes_per_sync: 524288
I200407 19:12:31.765067 21 storage/engine/rocksdb.go:120                       Options.wal_bytes_per_sync: 0
I200407 19:12:31.765089 21 storage/engine/rocksdb.go:120                    Options.strict_bytes_per_sync: 1
I200407 19:12:31.765117 21 storage/engine/rocksdb.go:120        Options.compaction_readahead_size: 0
I200407 19:12:31.765145 21 storage/engine/rocksdb.go:120  Compression algorithms supported:
I200407 19:12:31.765174 21 storage/engine/rocksdb.go:120  	kZSTDNotFinalCompression supported: 0
I200407 19:12:31.765196 21 storage/engine/rocksdb.go:120  	kZSTD supported: 0
I200407 19:12:31.765237 21 storage/engine/rocksdb.go:120  	kXpressCompression supported: 0
I200407 19:12:31.765267 21 storage/engine/rocksdb.go:120  	kLZ4HCCompression supported: 0
I200407 19:12:31.765287 21 storage/engine/rocksdb.go:120  	kLZ4Compression supported: 0
I200407 19:12:31.765313 21 storage/engine/rocksdb.go:120  	kBZip2Compression supported: 0
I200407 19:12:31.765341 21 storage/engine/rocksdb.go:120  	kZlibCompression supported: 0
I200407 19:12:31.765369 21 storage/engine/rocksdb.go:120  	kSnappyCompression supported: 1
I200407 19:12:31.765426 21 storage/engine/rocksdb.go:120  Fast CRC32 supported: Supported on x86
I200407 19:12:32.014954 21 storage/engine/rocksdb.go:120  [db/version_set.cc:4072] Recovering from manifest file: /cockroach/cockroach-data/MANIFEST-000015
I200407 19:12:32.064113 21 storage/engine/rocksdb.go:120  [db/column_family.cc:488] --------------- Options for column family [default]:
I200407 19:12:32.064167 21 storage/engine/rocksdb.go:120                Options.comparator: cockroach_comparator
I200407 19:12:32.064213 21 storage/engine/rocksdb.go:120            Options.merge_operator: cockroach_merge_operator
I200407 19:12:32.064260 21 storage/engine/rocksdb.go:120         Options.compaction_filter: None
I200407 19:12:32.064296 21 storage/engine/rocksdb.go:120         Options.compaction_filter_factory: None
I200407 19:12:32.064396 21 storage/engine/rocksdb.go:120          Options.memtable_factory: SkipListFactory
I200407 19:12:32.064441 21 storage/engine/rocksdb.go:120             Options.table_factory: BlockBasedTable
I200407 19:12:32.064602 21 storage/engine/rocksdb.go:120             table_factory options:   flush_block_policy_factory: FlushBlockBySizePolicyFactory (0x7fa53f82d028)
  cache_index_and_filter_blocks: 0
  cache_index_and_filter_blocks_with_high_priority: 0
  pin_l0_filter_and_index_blocks_in_cache: 0
  pin_top_level_index_and_filter: 1
  index_type: 0
  data_block_index_type: 0
  index_shortening: 1
  data_block_hash_table_util_ratio: 0.750000
  hash_index_allow_collision: 1
  checksum: 1
  no_block_cache: 0
  block_cache: 0x7fa53f822010
  block_cache_name: LRUCache
  block_cache_options:
    capacity : 67108864
    num_shard_bits : 4
    strict_capacity_limit : 0
    memory_allocator : None
    high_pri_pool_ratio: 0.000
  block_cache_compressed: (nil)
  persistent_cache: (nil)
  block_size: 32768
  block_size_deviation: 10
  block_restart_interval: 16
  index_block_restart_interval: 1
  metadata_block_size: 4096
  partition_filters: 0
  use_delta_encoding: 1
  filter_policy: rocksdb.BuiltinBloomFilter
  whole_key_filtering: 0
  verify_compression: 0
  read_amp_bytes_per_bit: 0
  format_version: 2
  enable_index_compression: 1
  block_align: 0
I200407 19:12:32.064750 21 storage/engine/rocksdb.go:120         Options.write_buffer_size: 67108864
I200407 19:12:32.064794 21 storage/engine/rocksdb.go:120   Options.max_write_buffer_number: 4
I200407 19:12:32.064848 21 storage/engine/rocksdb.go:120           Options.compression: Snappy
I200407 19:12:32.064890 21 storage/engine/rocksdb.go:120                   Options.bottommost_compression: Disabled
I200407 19:12:32.064925 21 storage/engine/rocksdb.go:120        Options.prefix_extractor: cockroach_prefix_extractor
I200407 19:12:32.064960 21 storage/engine/rocksdb.go:120    Options.memtable_insert_with_hint_prefix_extractor: nullptr
I200407 19:12:32.064997 21 storage/engine/rocksdb.go:120              Options.num_levels: 7
I200407 19:12:32.065035 21 storage/engine/rocksdb.go:120         Options.min_write_buffer_number_to_merge: 1
I200407 19:12:32.065074 21 storage/engine/rocksdb.go:120      Options.max_write_buffer_number_to_maintain: 0
I200407 19:12:32.065112 21 storage/engine/rocksdb.go:120             Options.bottommost_compression_opts.window_bits: -14
I200407 19:12:32.065154 21 storage/engine/rocksdb.go:120                   Options.bottommost_compression_opts.level: 32767
I200407 19:12:32.065187 21 storage/engine/rocksdb.go:120                Options.bottommost_compression_opts.strategy: 0
I200407 19:12:32.065231 21 storage/engine/rocksdb.go:120          Options.bottommost_compression_opts.max_dict_bytes: 0
I200407 19:12:32.065272 21 storage/engine/rocksdb.go:120          Options.bottommost_compression_opts.zstd_max_train_bytes: 0
I200407 19:12:32.065311 21 storage/engine/rocksdb.go:120                   Options.bottommost_compression_opts.enabled: false
I200407 19:12:32.065358 21 storage/engine/rocksdb.go:120             Options.compression_opts.window_bits: -14
I200407 19:12:32.065400 21 storage/engine/rocksdb.go:120                   Options.compression_opts.level: 32767
I200407 19:12:32.065440 21 storage/engine/rocksdb.go:120                Options.compression_opts.strategy: 0
I200407 19:12:32.065483 21 storage/engine/rocksdb.go:120          Options.compression_opts.max_dict_bytes: 0
I200407 19:12:32.065529 21 storage/engine/rocksdb.go:120          Options.compression_opts.zstd_max_train_bytes: 0
I200407 19:12:32.065564 21 storage/engine/rocksdb.go:120                   Options.compression_opts.enabled: false
I200407 19:12:32.065600 21 storage/engine/rocksdb.go:120       Options.level0_file_num_compaction_trigger: 2
I200407 19:12:32.065777 21 storage/engine/rocksdb.go:120           Options.level0_slowdown_writes_trigger: 950
I200407 19:12:32.065820 21 storage/engine/rocksdb.go:120               Options.level0_stop_writes_trigger: 1000
I200407 19:12:32.065844 21 storage/engine/rocksdb.go:120                    Options.target_file_size_base: 4194304
I200407 19:12:32.065910 21 storage/engine/rocksdb.go:120              Options.target_file_size_multiplier: 2
I200407 19:12:32.065953 21 storage/engine/rocksdb.go:120                 Options.max_bytes_for_level_base: 67108864
I200407 19:12:32.065996 21 storage/engine/rocksdb.go:120  Options.level_compaction_dynamic_level_bytes: 1
I200407 19:12:32.066035 21 storage/engine/rocksdb.go:120           Options.max_bytes_for_level_multiplier: 10.000000
I200407 19:12:32.066077 21 storage/engine/rocksdb.go:120  Options.max_bytes_for_level_multiplier_addtl[0]: 1
I200407 19:12:32.066127 21 storage/engine/rocksdb.go:120  Options.max_bytes_for_level_multiplier_addtl[1]: 1
I200407 19:12:32.066178 21 storage/engine/rocksdb.go:120  Options.max_bytes_for_level_multiplier_addtl[2]: 1
I200407 19:12:32.066234 21 storage/engine/rocksdb.go:120  Options.max_bytes_for_level_multiplier_addtl[3]: 1
I200407 19:12:32.066280 21 storage/engine/rocksdb.go:120  Options.max_bytes_for_level_multiplier_addtl[4]: 1
I200407 19:12:32.066321 21 storage/engine/rocksdb.go:120  Options.max_bytes_for_level_multiplier_addtl[5]: 1
I200407 19:12:32.066359 21 storage/engine/rocksdb.go:120  Options.max_bytes_for_level_multiplier_addtl[6]: 1
I200407 19:12:32.066395 21 storage/engine/rocksdb.go:120        Options.max_sequential_skip_in_iterations: 8
I200407 19:12:32.066462 21 storage/engine/rocksdb.go:120                     Options.max_compaction_bytes: 104857600
I200407 19:12:32.066507 21 storage/engine/rocksdb.go:120                         Options.arena_block_size: 8388608
I200407 19:12:32.066548 21 storage/engine/rocksdb.go:120    Options.soft_pending_compaction_bytes_limit: 2199023255552
I200407 19:12:32.066591 21 storage/engine/rocksdb.go:120    Options.hard_pending_compaction_bytes_limit: 4400193994752
I200407 19:12:32.066630 21 storage/engine/rocksdb.go:120        Options.rate_limit_delay_max_milliseconds: 100
I200407 19:12:32.069800 21 storage/engine/rocksdb.go:120                 Options.disable_auto_compactions: 0
I200407 19:12:32.069891 21 storage/engine/rocksdb.go:120                         Options.compaction_style: kCompactionStyleLevel
I200407 19:12:32.069956 21 storage/engine/rocksdb.go:120                           Options.compaction_pri: kMinOverlappingRatio
I200407 19:12:32.070005 21 storage/engine/rocksdb.go:120  Options.compaction_options_universal.size_ratio: 1
I200407 19:12:32.070061 21 storage/engine/rocksdb.go:120  Options.compaction_options_universal.min_merge_width: 2
I200407 19:12:32.070195 21 storage/engine/rocksdb.go:120  Options.compaction_options_universal.max_merge_width: 4294967295
I200407 19:12:32.070244 21 storage/engine/rocksdb.go:120  Options.compaction_options_universal.max_size_amplification_percent: 200
I200407 19:12:32.070289 21 storage/engine/rocksdb.go:120  Options.compaction_options_universal.compression_size_percent: -1
I200407 19:12:32.070344 21 storage/engine/rocksdb.go:120  Options.compaction_options_universal.stop_style: kCompactionStopStyleTotalSize
I200407 19:12:32.070390 21 storage/engine/rocksdb.go:120  Options.compaction_options_fifo.max_table_files_size: 1073741824
I200407 19:12:32.070438 21 storage/engine/rocksdb.go:120  Options.compaction_options_fifo.allow_compaction: 0
I200407 19:12:32.070492 21 storage/engine/rocksdb.go:120                    Options.table_properties_collectors: TimeBoundTblPropCollectorFactory; DeleteRangeTblPropCollectorFactory; 
I200407 19:12:32.070545 21 storage/engine/rocksdb.go:120                    Options.inplace_update_support: 0
I200407 19:12:32.070600 21 storage/engine/rocksdb.go:120                  Options.inplace_update_num_locks: 10000
I200407 19:12:32.070806 21 storage/engine/rocksdb.go:120                Options.memtable_prefix_bloom_size_ratio: 0.000000
I200407 19:12:32.070846 21 storage/engine/rocksdb.go:120                Options.memtable_whole_key_filtering: 0
I200407 19:12:32.070888 21 storage/engine/rocksdb.go:120    Options.memtable_huge_page_size: 0
I200407 19:12:32.070932 21 storage/engine/rocksdb.go:120                            Options.bloom_locality: 0
I200407 19:12:32.071007 21 storage/engine/rocksdb.go:120                     Options.max_successive_merges: 0
I200407 19:12:32.071051 21 storage/engine/rocksdb.go:120                 Options.optimize_filters_for_hits: 1
I200407 19:12:32.071093 21 storage/engine/rocksdb.go:120                 Options.paranoid_file_checks: 0
I200407 19:12:32.071134 21 storage/engine/rocksdb.go:120                 Options.force_consistency_checks: 0
I200407 19:12:32.071178 21 storage/engine/rocksdb.go:120                 Options.report_bg_io_stats: 0
I200407 19:12:32.071230 21 storage/engine/rocksdb.go:120                                Options.ttl: 0
I200407 19:12:32.071359 21 storage/engine/rocksdb.go:120           Options.periodic_compaction_seconds: 0
I200407 19:12:32.151854 21 storage/engine/rocksdb.go:120  [db/version_set.cc:3086] More existing levels in DB than needed. max_bytes_for_level_multiplier may not be guaranteed.
I200407 19:12:32.152043 21 storage/engine/rocksdb.go:120  [db/version_set.cc:4286] Recovered from manifest file:/cockroach/cockroach-data/MANIFEST-000015 succeeded,manifest_file_number is 15, next_file_number is 17, last_sequence is 32513, log_number is 10,prev_log_number is 0,max_column_family is 0,min_log_number_to_keep is 0
I200407 19:12:32.152091 21 storage/engine/rocksdb.go:120  [db/version_set.cc:4295] Column family [default] (ID 0), log number is 10
I200407 19:12:32.198439 21 storage/engine/rocksdb.go:120  EVENT_LOG_v1 {"time_micros": 1586286752198325, "job": 1, "event": "recovery_started", "log_files": [16]}
I200407 19:12:32.198522 21 storage/engine/rocksdb.go:120  [db/db_impl_open.cc:598] Recovering log #16 mode 0
I200407 19:12:32.331279 21 storage/engine/rocksdb.go:120  EVENT_LOG_v1 {"time_micros": 1586286752331123, "cf_name": "default", "job": 1, "event": "table_file_creation", "file_number": 17, "file_size": 1184, "table_properties": {"data_size": 155, "index_size": 34, "index_partitions": 0, "top_level_index_size": 0, "index_key_is_user_key": 0, "index_value_is_delta_encoded": 0, "filter_size": 69, "raw_key_size": 45, "raw_average_key_size": 15, "raw_value_size": 116, "raw_average_value_size": 38, "num_data_blocks": 1, "num_entries": 3, "num_deletions": 0, "num_merge_operands": 0, "num_range_deletions": 0, "format_version": 0, "fixed_key_len": 0, "filter_policy": "rocksdb.BuiltinBloomFilter", "column_family_name": "default", "column_family_id": 0, "comparator": "cockroach_comparator", "merge_operator": "cockroach_merge_operator", "prefix_extractor_name": "cockroach_prefix_extractor", "property_collectors": "[TimeBoundTblPropCollectorFactory,DeleteRangeTblPropCollectorFactory]", "compression": "Snappy", "compression_options": "window_bits=-14; level=32767; strategy=0; max_dict_bytes=0; zstd_max_train_bytes=0; enabled=0; ", "creation_time": 1586286752, "oldest_key_time": 3, "file_creation_time": 0}}
I200407 19:12:32.331496 21 storage/engine/rocksdb.go:120  [db/version_set.cc:3560] Creating manifest 18
I200407 19:12:32.394282 21 storage/engine/rocksdb.go:120  [db/version_set.cc:3086] More existing levels in DB than needed. max_bytes_for_level_multiplier may not be guaranteed.
I200407 19:12:32.491450 21 storage/engine/rocksdb.go:120  EVENT_LOG_v1 {"time_micros": 1586286752491353, "job": 1, "event": "recovery_finished"}
I200407 19:12:32.782961 17 storage/engine/rocksdb.go:120  [db/compaction_job.cc:1647] [default] [JOB 3] Compacting 2@0 + 1@6 files to L6, score 1.00
I200407 19:12:32.783025 17 storage/engine/rocksdb.go:120  [db/compaction_job.cc:1651] [default] Compaction start summary: Base version 2 Base level 0, inputs: [17(1184B) 14(1180B)], [12(1119B)]
I200407 19:12:32.783157 17 storage/engine/rocksdb.go:120  EVENT_LOG_v1 {"time_micros": 1586286752783081, "job": 3, "event": "compaction_started", "compaction_reason": "LevelL0FilesNum", "files_L0": [17, 14], "files_L6": [12], "score": 1, "input_data_size": 3483}
I200407 19:12:32.833235 17 storage/engine/rocksdb.go:120  [db/compaction_job.cc:1334] [default] [JOB 3] Generated table #22: 4 keys, 1114 bytes
I200407 19:12:32.833391 17 storage/engine/rocksdb.go:120  EVENT_LOG_v1 {"time_micros": 1586286752833309, "cf_name": "default", "job": 3, "event": "table_file_creation", "file_number": 22, "file_size": 1114, "table_properties": {"data_size": 182, "index_size": 34, "index_partitions": 0, "top_level_index_size": 0, "index_key_is_user_key": 0, "index_value_is_delta_encoded": 0, "filter_size": 0, "raw_key_size": 60, "raw_average_key_size": 15, "raw_value_size": 157, "raw_average_value_size": 39, "num_data_blocks": 1, "num_entries": 4, "num_deletions": 0, "num_merge_operands": 0, "num_range_deletions": 0, "format_version": 0, "fixed_key_len": 0, "filter_policy": "rocksdb.BuiltinBloomFilter", "column_family_name": "default", "column_family_id": 0, "comparator": "cockroach_comparator", "merge_operator": "cockroach_merge_operator", "prefix_extractor_name": "cockroach_prefix_extractor", "property_collectors": "[TimeBoundTblPropCollectorFactory,DeleteRangeTblPropCollectorFactory]", "compression": "Snappy", "compression_options": "window_bits=-14; level=32767; strategy=0; max_dict_bytes=0; zstd_max_train_bytes=0; enabled=0; ", "creation_time": 1586286752, "oldest_key_time": 0, "file_creation_time": 1586286752}}
I200407 19:12:32.886100 17 storage/engine/rocksdb.go:120  [db/compaction_job.cc:1397] [default] [JOB 3] Compacted 2@0 + 1@6 files to L6 => 1114 bytes
I200407 19:12:32.886220 17 storage/engine/rocksdb.go:120  [db/version_set.cc:3086] More existing levels in DB than needed. max_bytes_for_level_multiplier may not be guaranteed.
I200407 19:12:32.895282 21 storage/engine/rocksdb.go:120  DB pointer 0x7fa53f8a1000
I200407 19:12:32.910968 17 storage/engine/rocksdb.go:120  (Original Log Time 2020/04/07-19:12:32.910302) [db/compaction_job.cc:770] [default] compacted to: base level 6 level multiplier 10.00 max bytes base 67108864 files[0 0 0 0 0 0 1] max score 0.00, MB/sec: 0.1 rd, 0.0 wr, level 6, files in(2, 1) out(1) MB in(0.0, 0.0) out(0.0), read-write-amplify(1.9) write-amplify(0.5) OK, records in: 10, records dropped: 6 output_compression: Snappy
I200407 19:12:32.911051 17 storage/engine/rocksdb.go:120  (Original Log Time 2020/04/07-19:12:32.910385) EVENT_LOG_v1 {"time_micros": 1586286752910344, "job": 3, "event": "compaction_finished", "compaction_time_micros": 64934, "compaction_time_cpu_micros": 828, "output_level": 6, "num_output_files": 1, "total_output_size": 1114, "num_input_records": 10, "num_output_records": 4, "num_subcompactions": 1, "output_compression": "Snappy", "num_single_delete_mismatches": 0, "num_single_delete_fallthrough": 0, "lsm_state": [0, 0, 0, 0, 0, 0, 1]}
I200407 19:12:32.929043 17 storage/engine/rocksdb.go:120  EVENT_LOG_v1 {"time_micros": 1586286752928876, "job": 3, "event": "table_file_deletion", "file_number": 17}
I200407 19:12:32.935177 17 storage/engine/rocksdb.go:120  EVENT_LOG_v1 {"time_micros": 1586286752935105, "job": 3, "event": "table_file_deletion", "file_number": 14}
I200407 19:12:32.952073 17 storage/engine/rocksdb.go:120  EVENT_LOG_v1 {"time_micros": 1586286752951801, "job": 3, "event": "table_file_deletion", "file_number": 12}
I200407 19:12:54.979989 426 storage/engine/rocksdb.go:120  bloom filter utility:    -nan%
I200407 19:12:54.983062 426 storage/engine/rocksdb.go:120  [db/db_impl.cc:392] Shutdown: canceling all background work
I200407 19:12:54.996893 426 storage/engine/rocksdb.go:120  [db/db_impl.cc:565] Shutdown complete
I200407 19:12:55.213901 426 storage/engine/rocksdb.go:120  bloom filter utility:    -nan%
I200407 19:12:55.214994 426 storage/engine/rocksdb.go:120  [db/db_impl.cc:392] Shutdown: canceling all background work
I200407 19:12:55.247732 426 storage/engine/rocksdb.go:120  [db/db_impl.cc:565] Shutdown complete
