I200405 06:44:04.920670 15 util/log/clog.go:1196  [config] file created at: 2020/04/05 06:44:04
I200405 06:44:04.920670 15 util/log/clog.go:1196  [config] running on machine: 6414f64e9c65
I200405 06:44:04.920670 15 util/log/clog.go:1196  [config] binary: CockroachDB CCL v19.2.5 (x86_64-unknown-linux-gnu, built 2020/03/16 18:27:12, go1.12.12)
I200405 06:44:04.920670 15 util/log/clog.go:1196  [config] arguments: [/cockroach/cockroach start --insecure --join=node_1]
I200405 06:44:04.920670 15 util/log/clog.go:1196  line format: [IWEF]yymmdd hh:mm:ss.uuuuuu goid file:line msg utf8=✓
I200405 06:44:04.920644 15 storage/engine/rocksdb.go:120  RocksDB version: 6.2.1
I200405 06:44:04.927917 15 storage/engine/rocksdb.go:120  Git sha rocksdb_build_git_sha:@b7009236531fa784872f4823eabf393501e41bf2@
I200405 06:44:04.940634 15 storage/engine/rocksdb.go:120  Compile date Mar 16 2020
I200405 06:44:04.940666 15 storage/engine/rocksdb.go:120  DB SUMMARY
I200405 06:44:04.943155 15 storage/engine/rocksdb.go:120  SST files in /cockroach/cockroach-data/cockroach-temp748638692 dir, Total Num: 0, files: 
I200405 06:44:04.943341 15 storage/engine/rocksdb.go:120  Write Ahead Log file in /cockroach/cockroach-data/cockroach-temp748638692: 
I200405 06:44:04.943390 15 storage/engine/rocksdb.go:120                          Options.error_if_exists: 0
I200405 06:44:04.943427 15 storage/engine/rocksdb.go:120                        Options.create_if_missing: 1
I200405 06:44:04.943467 15 storage/engine/rocksdb.go:120                          Options.paranoid_checks: 1
I200405 06:44:04.943619 15 storage/engine/rocksdb.go:120                                      Options.env: 0x75757a0
I200405 06:44:04.943660 15 storage/engine/rocksdb.go:120                                 Options.info_log: 0x7f41d941c0e0
I200405 06:44:04.943693 15 storage/engine/rocksdb.go:120                 Options.max_file_opening_threads: 16
I200405 06:44:04.943721 15 storage/engine/rocksdb.go:120                               Options.statistics: 0x7f41d942c010
I200405 06:44:04.943749 15 storage/engine/rocksdb.go:120                                Options.use_fsync: 0
I200405 06:44:04.943777 15 storage/engine/rocksdb.go:120                        Options.max_log_file_size: 0
I200405 06:44:04.943806 15 storage/engine/rocksdb.go:120                   Options.max_manifest_file_size: 134217728
I200405 06:44:04.943834 15 storage/engine/rocksdb.go:120                    Options.log_file_time_to_roll: 0
I200405 06:44:04.943862 15 storage/engine/rocksdb.go:120                        Options.keep_log_file_num: 1000
I200405 06:44:04.943890 15 storage/engine/rocksdb.go:120                     Options.recycle_log_file_num: 1
I200405 06:44:04.943918 15 storage/engine/rocksdb.go:120                          Options.allow_fallocate: 1
I200405 06:44:04.943945 15 storage/engine/rocksdb.go:120                         Options.allow_mmap_reads: 0
I200405 06:44:04.943973 15 storage/engine/rocksdb.go:120                        Options.allow_mmap_writes: 0
I200405 06:44:04.944001 15 storage/engine/rocksdb.go:120                         Options.use_direct_reads: 0
I200405 06:44:04.944029 15 storage/engine/rocksdb.go:120                         Options.use_direct_io_for_flush_and_compaction: 0
I200405 06:44:04.944057 15 storage/engine/rocksdb.go:120           Options.create_missing_column_families: 0
I200405 06:44:04.944085 15 storage/engine/rocksdb.go:120                               Options.db_log_dir: 
I200405 06:44:04.944113 15 storage/engine/rocksdb.go:120                                  Options.wal_dir: /cockroach/cockroach-data/cockroach-temp748638692
I200405 06:44:04.944141 15 storage/engine/rocksdb.go:120                 Options.table_cache_numshardbits: 6
I200405 06:44:04.944169 15 storage/engine/rocksdb.go:120                       Options.max_subcompactions: 1
I200405 06:44:04.944202 15 storage/engine/rocksdb.go:120                   Options.max_background_flushes: -1
I200405 06:44:04.944231 15 storage/engine/rocksdb.go:120                          Options.WAL_ttl_seconds: 0
I200405 06:44:04.944259 15 storage/engine/rocksdb.go:120                        Options.WAL_size_limit_MB: 0
I200405 06:44:04.944287 15 storage/engine/rocksdb.go:120              Options.manifest_preallocation_size: 4194304
I200405 06:44:04.944315 15 storage/engine/rocksdb.go:120                      Options.is_fd_close_on_exec: 1
I200405 06:44:04.944343 15 storage/engine/rocksdb.go:120                    Options.advise_random_on_open: 1
I200405 06:44:04.944377 15 storage/engine/rocksdb.go:120                     Options.db_write_buffer_size: 0
I200405 06:44:04.944406 15 storage/engine/rocksdb.go:120                     Options.write_buffer_manager: 0x7f41d940e060
I200405 06:44:04.944434 15 storage/engine/rocksdb.go:120          Options.access_hint_on_compaction_start: 1
I200405 06:44:04.944462 15 storage/engine/rocksdb.go:120   Options.new_table_reader_for_compaction_inputs: 0
I200405 06:44:04.944625 15 storage/engine/rocksdb.go:120            Options.random_access_max_buffer_size: 1048576
I200405 06:44:04.944665 15 storage/engine/rocksdb.go:120                       Options.use_adaptive_mutex: 0
I200405 06:44:04.944708 15 storage/engine/rocksdb.go:120                             Options.rate_limiter: (nil)
I200405 06:44:04.944752 15 storage/engine/rocksdb.go:120      Options.sst_file_manager.rate_bytes_per_sec: 0
I200405 06:44:04.944918 15 storage/engine/rocksdb.go:120                        Options.wal_recovery_mode: 0
I200405 06:44:04.944987 15 storage/engine/rocksdb.go:120                   Options.enable_thread_tracking: 0
I200405 06:44:04.945051 15 storage/engine/rocksdb.go:120                   Options.enable_pipelined_write: 0
I200405 06:44:04.945094 15 storage/engine/rocksdb.go:120          Options.allow_concurrent_memtable_write: 1
I200405 06:44:04.945137 15 storage/engine/rocksdb.go:120       Options.enable_write_thread_adaptive_yield: 1
I200405 06:44:04.945171 15 storage/engine/rocksdb.go:120              Options.write_thread_max_yield_usec: 100
I200405 06:44:04.945200 15 storage/engine/rocksdb.go:120             Options.write_thread_slow_yield_usec: 3
I200405 06:44:04.945227 15 storage/engine/rocksdb.go:120                                Options.row_cache: None
I200405 06:44:04.945271 15 storage/engine/rocksdb.go:120                               Options.wal_filter: None
I200405 06:44:04.945311 15 storage/engine/rocksdb.go:120              Options.avoid_flush_during_recovery: 0
I200405 06:44:04.945351 15 storage/engine/rocksdb.go:120              Options.allow_ingest_behind: 0
I200405 06:44:04.945391 15 storage/engine/rocksdb.go:120              Options.preserve_deletes: 0
I200405 06:44:04.945430 15 storage/engine/rocksdb.go:120              Options.two_write_queues: 0
I200405 06:44:04.945470 15 storage/engine/rocksdb.go:120              Options.manual_wal_flush: 1
I200405 06:44:04.945512 15 storage/engine/rocksdb.go:120              Options.atomic_flush: 0
I200405 06:44:04.945549 15 storage/engine/rocksdb.go:120              Options.avoid_unnecessary_blocking_io: 0
I200405 06:44:04.945752 15 storage/engine/rocksdb.go:120              Options.max_background_jobs: 2
I200405 06:44:04.945794 15 storage/engine/rocksdb.go:120              Options.max_background_compactions: -1
I200405 06:44:04.945836 15 storage/engine/rocksdb.go:120              Options.avoid_flush_during_shutdown: 0
I200405 06:44:04.945871 15 storage/engine/rocksdb.go:120            Options.writable_file_max_buffer_size: 1048576
I200405 06:44:04.945905 15 storage/engine/rocksdb.go:120              Options.delayed_write_rate : 16777216
I200405 06:44:04.945947 15 storage/engine/rocksdb.go:120              Options.max_total_wal_size: 0
I200405 06:44:04.945988 15 storage/engine/rocksdb.go:120              Options.delete_obsolete_files_period_micros: 21600000000
I200405 06:44:04.946034 15 storage/engine/rocksdb.go:120                    Options.stats_dump_period_sec: 0
I200405 06:44:04.946231 15 storage/engine/rocksdb.go:120                  Options.stats_persist_period_sec: 600
I200405 06:44:04.946271 15 storage/engine/rocksdb.go:120                  Options.stats_history_buffer_size: 1048576
I200405 06:44:04.946392 15 storage/engine/rocksdb.go:120                           Options.max_open_files: 128
I200405 06:44:04.946469 15 storage/engine/rocksdb.go:120                           Options.bytes_per_sync: 524288
I200405 06:44:04.946508 15 storage/engine/rocksdb.go:120                       Options.wal_bytes_per_sync: 0
I200405 06:44:04.946552 15 storage/engine/rocksdb.go:120                    Options.strict_bytes_per_sync: 1
I200405 06:44:04.947223 15 storage/engine/rocksdb.go:120        Options.compaction_readahead_size: 0
I200405 06:44:04.947262 15 storage/engine/rocksdb.go:120  Compression algorithms supported:
I200405 06:44:04.947295 15 storage/engine/rocksdb.go:120  	kZSTDNotFinalCompression supported: 0
I200405 06:44:04.947325 15 storage/engine/rocksdb.go:120  	kZSTD supported: 0
I200405 06:44:04.947430 15 storage/engine/rocksdb.go:120  	kXpressCompression supported: 0
I200405 06:44:04.947660 15 storage/engine/rocksdb.go:120  	kLZ4HCCompression supported: 0
I200405 06:44:04.947700 15 storage/engine/rocksdb.go:120  	kLZ4Compression supported: 0
I200405 06:44:04.947732 15 storage/engine/rocksdb.go:120  	kBZip2Compression supported: 0
I200405 06:44:04.947842 15 storage/engine/rocksdb.go:120  	kZlibCompression supported: 0
I200405 06:44:04.947988 15 storage/engine/rocksdb.go:120  	kSnappyCompression supported: 1
I200405 06:44:04.948040 15 storage/engine/rocksdb.go:120  Fast CRC32 supported: Supported on x86
I200405 06:44:04.954023 15 storage/engine/rocksdb.go:120  [db/db_impl_open.cc:242] Creating manifest 1 
I200405 06:44:04.977443 15 storage/engine/rocksdb.go:120  [db/version_set.cc:4072] Recovering from manifest file: /cockroach/cockroach-data/cockroach-temp748638692/MANIFEST-000001
I200405 06:44:04.982671 15 storage/engine/rocksdb.go:120  [db/column_family.cc:488] --------------- Options for column family [default]:
I200405 06:44:04.982952 15 storage/engine/rocksdb.go:120                Options.comparator: cockroach_comparator
I200405 06:44:04.983108 15 storage/engine/rocksdb.go:120            Options.merge_operator: cockroach_merge_operator
I200405 06:44:04.983204 15 storage/engine/rocksdb.go:120         Options.compaction_filter: None
I200405 06:44:04.983294 15 storage/engine/rocksdb.go:120         Options.compaction_filter_factory: None
I200405 06:44:04.983328 15 storage/engine/rocksdb.go:120          Options.memtable_factory: SkipListFactory
I200405 06:44:04.983454 15 storage/engine/rocksdb.go:120             Options.table_factory: BlockBasedTable
I200405 06:44:04.983871 15 storage/engine/rocksdb.go:120             table_factory options:   flush_block_policy_factory: FlushBlockBySizePolicyFactory (0x7f41d9420030)
  cache_index_and_filter_blocks: 0
  cache_index_and_filter_blocks_with_high_priority: 0
  pin_l0_filter_and_index_blocks_in_cache: 0
  pin_top_level_index_and_filter: 1
  index_type: 0
  data_block_index_type: 0
  index_shortening: 1
  data_block_hash_table_util_ratio: 0.750000
  hash_index_allow_collision: 1
  checksum: 1
  no_block_cache: 0
  block_cache: 0x7f41d9411010
  block_cache_name: LRUCache
  block_cache_options:
    capacity : 1048576
    num_shard_bits : 4
    strict_capacity_limit : 0
    memory_allocator : None
    high_pri_pool_ratio: 0.000
  block_cache_compressed: (nil)
  persistent_cache: (nil)
  block_size: 32768
  block_size_deviation: 10
  block_restart_interval: 16
  index_block_restart_interval: 1
  metadata_block_size: 4096
  partition_filters: 0
  use_delta_encoding: 1
  filter_policy: rocksdb.BuiltinBloomFilter
  whole_key_filtering: 0
  verify_compression: 0
  read_amp_bytes_per_bit: 0
  format_version: 2
  enable_index_compression: 1
  block_align: 0
I200405 06:44:04.983919 15 storage/engine/rocksdb.go:120         Options.write_buffer_size: 67108864
I200405 06:44:04.984072 15 storage/engine/rocksdb.go:120   Options.max_write_buffer_number: 4
I200405 06:44:04.984110 15 storage/engine/rocksdb.go:120           Options.compression: Snappy
I200405 06:44:04.984254 15 storage/engine/rocksdb.go:120                   Options.bottommost_compression: Disabled
I200405 06:44:04.984295 15 storage/engine/rocksdb.go:120        Options.prefix_extractor: cockroach_prefix_extractor
I200405 06:44:04.984426 15 storage/engine/rocksdb.go:120    Options.memtable_insert_with_hint_prefix_extractor: nullptr
I200405 06:44:04.984466 15 storage/engine/rocksdb.go:120              Options.num_levels: 7
I200405 06:44:04.984672 15 storage/engine/rocksdb.go:120         Options.min_write_buffer_number_to_merge: 1
I200405 06:44:04.984714 15 storage/engine/rocksdb.go:120      Options.max_write_buffer_number_to_maintain: 0
I200405 06:44:04.984863 15 storage/engine/rocksdb.go:120             Options.bottommost_compression_opts.window_bits: -14
I200405 06:44:04.984897 15 storage/engine/rocksdb.go:120                   Options.bottommost_compression_opts.level: 32767
I200405 06:44:04.985049 15 storage/engine/rocksdb.go:120                Options.bottommost_compression_opts.strategy: 0
I200405 06:44:04.985086 15 storage/engine/rocksdb.go:120          Options.bottommost_compression_opts.max_dict_bytes: 0
I200405 06:44:04.985225 15 storage/engine/rocksdb.go:120          Options.bottommost_compression_opts.zstd_max_train_bytes: 0
I200405 06:44:04.985254 15 storage/engine/rocksdb.go:120                   Options.bottommost_compression_opts.enabled: false
I200405 06:44:04.985346 15 storage/engine/rocksdb.go:120             Options.compression_opts.window_bits: -14
I200405 06:44:04.985440 15 storage/engine/rocksdb.go:120                   Options.compression_opts.level: 32767
I200405 06:44:04.985566 15 storage/engine/rocksdb.go:120                Options.compression_opts.strategy: 0
I200405 06:44:04.985663 15 storage/engine/rocksdb.go:120          Options.compression_opts.max_dict_bytes: 0
I200405 06:44:04.985707 15 storage/engine/rocksdb.go:120          Options.compression_opts.zstd_max_train_bytes: 0
I200405 06:44:04.985748 15 storage/engine/rocksdb.go:120                   Options.compression_opts.enabled: false
I200405 06:44:04.985832 15 storage/engine/rocksdb.go:120       Options.level0_file_num_compaction_trigger: 2
I200405 06:44:04.985920 15 storage/engine/rocksdb.go:120           Options.level0_slowdown_writes_trigger: 950
I200405 06:44:04.985962 15 storage/engine/rocksdb.go:120               Options.level0_stop_writes_trigger: 1000
I200405 06:44:04.986114 15 storage/engine/rocksdb.go:120                    Options.target_file_size_base: 4194304
I200405 06:44:04.986155 15 storage/engine/rocksdb.go:120              Options.target_file_size_multiplier: 2
I200405 06:44:04.986330 15 storage/engine/rocksdb.go:120                 Options.max_bytes_for_level_base: 67108864
I200405 06:44:04.986586 15 storage/engine/rocksdb.go:120  Options.level_compaction_dynamic_level_bytes: 1
I200405 06:44:04.986677 15 storage/engine/rocksdb.go:120           Options.max_bytes_for_level_multiplier: 10.000000
I200405 06:44:04.986719 15 storage/engine/rocksdb.go:120  Options.max_bytes_for_level_multiplier_addtl[0]: 1
I200405 06:44:04.986859 15 storage/engine/rocksdb.go:120  Options.max_bytes_for_level_multiplier_addtl[1]: 1
I200405 06:44:04.986902 15 storage/engine/rocksdb.go:120  Options.max_bytes_for_level_multiplier_addtl[2]: 1
I200405 06:44:04.987048 15 storage/engine/rocksdb.go:120  Options.max_bytes_for_level_multiplier_addtl[3]: 1
I200405 06:44:04.987089 15 storage/engine/rocksdb.go:120  Options.max_bytes_for_level_multiplier_addtl[4]: 1
I200405 06:44:04.987223 15 storage/engine/rocksdb.go:120  Options.max_bytes_for_level_multiplier_addtl[5]: 1
I200405 06:44:04.987265 15 storage/engine/rocksdb.go:120  Options.max_bytes_for_level_multiplier_addtl[6]: 1
I200405 06:44:04.987421 15 storage/engine/rocksdb.go:120        Options.max_sequential_skip_in_iterations: 8
I200405 06:44:04.987464 15 storage/engine/rocksdb.go:120                     Options.max_compaction_bytes: 104857600
I200405 06:44:04.987660 15 storage/engine/rocksdb.go:120                         Options.arena_block_size: 8388608
I200405 06:44:04.987701 15 storage/engine/rocksdb.go:120    Options.soft_pending_compaction_bytes_limit: 2199023255552
I200405 06:44:04.987838 15 storage/engine/rocksdb.go:120    Options.hard_pending_compaction_bytes_limit: 4400193994752
I200405 06:44:04.987881 15 storage/engine/rocksdb.go:120        Options.rate_limit_delay_max_milliseconds: 100
I200405 06:44:04.988044 15 storage/engine/rocksdb.go:120                 Options.disable_auto_compactions: 0
I200405 06:44:04.988097 15 storage/engine/rocksdb.go:120                         Options.compaction_style: kCompactionStyleLevel
I200405 06:44:04.988247 15 storage/engine/rocksdb.go:120                           Options.compaction_pri: kMinOverlappingRatio
I200405 06:44:04.988324 15 storage/engine/rocksdb.go:120  Options.compaction_options_universal.size_ratio: 1
I200405 06:44:04.988426 15 storage/engine/rocksdb.go:120  Options.compaction_options_universal.min_merge_width: 2
I200405 06:44:04.988451 15 storage/engine/rocksdb.go:120  Options.compaction_options_universal.max_merge_width: 4294967295
I200405 06:44:04.988494 15 storage/engine/rocksdb.go:120  Options.compaction_options_universal.max_size_amplification_percent: 200
I200405 06:44:04.988653 15 storage/engine/rocksdb.go:120  Options.compaction_options_universal.compression_size_percent: -1
I200405 06:44:04.988693 15 storage/engine/rocksdb.go:120  Options.compaction_options_universal.stop_style: kCompactionStopStyleTotalSize
I200405 06:44:04.988843 15 storage/engine/rocksdb.go:120  Options.compaction_options_fifo.max_table_files_size: 1073741824
I200405 06:44:04.988886 15 storage/engine/rocksdb.go:120  Options.compaction_options_fifo.allow_compaction: 0
I200405 06:44:04.989043 15 storage/engine/rocksdb.go:120                    Options.table_properties_collectors: TimeBoundTblPropCollectorFactory; DeleteRangeTblPropCollectorFactory; 
I200405 06:44:04.989091 15 storage/engine/rocksdb.go:120                    Options.inplace_update_support: 0
I200405 06:44:04.989301 15 storage/engine/rocksdb.go:120                  Options.inplace_update_num_locks: 10000
I200405 06:44:04.989435 15 storage/engine/rocksdb.go:120                Options.memtable_prefix_bloom_size_ratio: 0.000000
I200405 06:44:04.989935 15 storage/engine/rocksdb.go:120                Options.memtable_whole_key_filtering: 0
I200405 06:44:04.990098 15 storage/engine/rocksdb.go:120    Options.memtable_huge_page_size: 0
I200405 06:44:04.990133 15 storage/engine/rocksdb.go:120                            Options.bloom_locality: 0
I200405 06:44:04.990163 15 storage/engine/rocksdb.go:120                     Options.max_successive_merges: 0
I200405 06:44:04.990206 15 storage/engine/rocksdb.go:120                 Options.optimize_filters_for_hits: 1
I200405 06:44:04.990245 15 storage/engine/rocksdb.go:120                 Options.paranoid_file_checks: 0
I200405 06:44:04.990279 15 storage/engine/rocksdb.go:120                 Options.force_consistency_checks: 0
I200405 06:44:04.990321 15 storage/engine/rocksdb.go:120                 Options.report_bg_io_stats: 0
I200405 06:44:04.990462 15 storage/engine/rocksdb.go:120                                Options.ttl: 0
I200405 06:44:04.990504 15 storage/engine/rocksdb.go:120           Options.periodic_compaction_seconds: 0
I200405 06:44:05.005303 15 storage/engine/rocksdb.go:120  [db/version_set.cc:4286] Recovered from manifest file:/cockroach/cockroach-data/cockroach-temp748638692/MANIFEST-000001 succeeded,manifest_file_number is 1, next_file_number is 3, last_sequence is 0, log_number is 0,prev_log_number is 0,max_column_family is 0,min_log_number_to_keep is 0
I200405 06:44:05.005354 15 storage/engine/rocksdb.go:120  [db/version_set.cc:4295] Column family [default] (ID 0), log number is 0
I200405 06:44:05.039452 15 storage/engine/rocksdb.go:120  DB pointer 0x7f41d9499000
I200405 06:44:05.133654 15 storage/engine/rocksdb.go:120  RocksDB version: 6.2.1
I200405 06:44:05.133744 15 storage/engine/rocksdb.go:120  Git sha rocksdb_build_git_sha:@b7009236531fa784872f4823eabf393501e41bf2@
I200405 06:44:05.133786 15 storage/engine/rocksdb.go:120  Compile date Mar 16 2020
I200405 06:44:05.133826 15 storage/engine/rocksdb.go:120  DB SUMMARY
I200405 06:44:05.138362 15 storage/engine/rocksdb.go:120  CURRENT file:  CURRENT
I200405 06:44:05.138397 15 storage/engine/rocksdb.go:120  IDENTITY file:  IDENTITY
I200405 06:44:05.139363 15 storage/engine/rocksdb.go:120  MANIFEST file:  MANIFEST-000001 size: 13 Bytes
I200405 06:44:05.139398 15 storage/engine/rocksdb.go:120  SST files in /cockroach/cockroach-data dir, Total Num: 0, files: 
I200405 06:44:05.139426 15 storage/engine/rocksdb.go:120  Write Ahead Log file in /cockroach/cockroach-data: 000003.log size: 717 ; 
I200405 06:44:05.139456 15 storage/engine/rocksdb.go:120                          Options.error_if_exists: 0
I200405 06:44:05.139484 15 storage/engine/rocksdb.go:120                        Options.create_if_missing: 1
I200405 06:44:05.139512 15 storage/engine/rocksdb.go:120                          Options.paranoid_checks: 1
I200405 06:44:05.139627 15 storage/engine/rocksdb.go:120                                      Options.env: 0x75757a0
I200405 06:44:05.139658 15 storage/engine/rocksdb.go:120                                 Options.info_log: 0x7f41d9627080
I200405 06:44:05.139686 15 storage/engine/rocksdb.go:120                 Options.max_file_opening_threads: 16
I200405 06:44:05.139714 15 storage/engine/rocksdb.go:120                               Options.statistics: 0x7f41d962a010
I200405 06:44:05.139742 15 storage/engine/rocksdb.go:120                                Options.use_fsync: 0
I200405 06:44:05.139769 15 storage/engine/rocksdb.go:120                        Options.max_log_file_size: 0
I200405 06:44:05.139798 15 storage/engine/rocksdb.go:120                   Options.max_manifest_file_size: 134217728
I200405 06:44:05.139825 15 storage/engine/rocksdb.go:120                    Options.log_file_time_to_roll: 0
I200405 06:44:05.139853 15 storage/engine/rocksdb.go:120                        Options.keep_log_file_num: 1000
I200405 06:44:05.139881 15 storage/engine/rocksdb.go:120                     Options.recycle_log_file_num: 1
I200405 06:44:05.139909 15 storage/engine/rocksdb.go:120                          Options.allow_fallocate: 1
I200405 06:44:05.139937 15 storage/engine/rocksdb.go:120                         Options.allow_mmap_reads: 0
I200405 06:44:05.139965 15 storage/engine/rocksdb.go:120                        Options.allow_mmap_writes: 0
I200405 06:44:05.139992 15 storage/engine/rocksdb.go:120                         Options.use_direct_reads: 0
I200405 06:44:05.140020 15 storage/engine/rocksdb.go:120                         Options.use_direct_io_for_flush_and_compaction: 0
I200405 06:44:05.140050 15 storage/engine/rocksdb.go:120           Options.create_missing_column_families: 0
I200405 06:44:05.140161 15 storage/engine/rocksdb.go:120                               Options.db_log_dir: 
I200405 06:44:05.140190 15 storage/engine/rocksdb.go:120                                  Options.wal_dir: /cockroach/cockroach-data
I200405 06:44:05.140218 15 storage/engine/rocksdb.go:120                 Options.table_cache_numshardbits: 6
I200405 06:44:05.140246 15 storage/engine/rocksdb.go:120                       Options.max_subcompactions: 1
I200405 06:44:05.140276 15 storage/engine/rocksdb.go:120                   Options.max_background_flushes: -1
I200405 06:44:05.140303 15 storage/engine/rocksdb.go:120                          Options.WAL_ttl_seconds: 0
I200405 06:44:05.140331 15 storage/engine/rocksdb.go:120                        Options.WAL_size_limit_MB: 0
I200405 06:44:05.140360 15 storage/engine/rocksdb.go:120              Options.manifest_preallocation_size: 4194304
I200405 06:44:05.140389 15 storage/engine/rocksdb.go:120                      Options.is_fd_close_on_exec: 1
I200405 06:44:05.140416 15 storage/engine/rocksdb.go:120                    Options.advise_random_on_open: 1
I200405 06:44:05.140444 15 storage/engine/rocksdb.go:120                     Options.db_write_buffer_size: 0
I200405 06:44:05.140472 15 storage/engine/rocksdb.go:120                     Options.write_buffer_manager: 0x7f41d9619030
I200405 06:44:05.140500 15 storage/engine/rocksdb.go:120          Options.access_hint_on_compaction_start: 1
I200405 06:44:05.140528 15 storage/engine/rocksdb.go:120   Options.new_table_reader_for_compaction_inputs: 0
I200405 06:44:05.140636 15 storage/engine/rocksdb.go:120            Options.random_access_max_buffer_size: 1048576
I200405 06:44:05.140666 15 storage/engine/rocksdb.go:120                       Options.use_adaptive_mutex: 0
I200405 06:44:05.140694 15 storage/engine/rocksdb.go:120                             Options.rate_limiter: (nil)
I200405 06:44:05.140723 15 storage/engine/rocksdb.go:120      Options.sst_file_manager.rate_bytes_per_sec: 0
I200405 06:44:05.140751 15 storage/engine/rocksdb.go:120                        Options.wal_recovery_mode: 0
I200405 06:44:05.140778 15 storage/engine/rocksdb.go:120                   Options.enable_thread_tracking: 0
I200405 06:44:05.140806 15 storage/engine/rocksdb.go:120                   Options.enable_pipelined_write: 0
I200405 06:44:05.140834 15 storage/engine/rocksdb.go:120          Options.allow_concurrent_memtable_write: 1
I200405 06:44:05.140862 15 storage/engine/rocksdb.go:120       Options.enable_write_thread_adaptive_yield: 1
I200405 06:44:05.140890 15 storage/engine/rocksdb.go:120              Options.write_thread_max_yield_usec: 100
I200405 06:44:05.140917 15 storage/engine/rocksdb.go:120             Options.write_thread_slow_yield_usec: 3
I200405 06:44:05.140945 15 storage/engine/rocksdb.go:120                                Options.row_cache: None
I200405 06:44:05.140972 15 storage/engine/rocksdb.go:120                               Options.wal_filter: None
I200405 06:44:05.141000 15 storage/engine/rocksdb.go:120              Options.avoid_flush_during_recovery: 0
I200405 06:44:05.141028 15 storage/engine/rocksdb.go:120              Options.allow_ingest_behind: 0
I200405 06:44:05.141055 15 storage/engine/rocksdb.go:120              Options.preserve_deletes: 0
I200405 06:44:05.141083 15 storage/engine/rocksdb.go:120              Options.two_write_queues: 0
I200405 06:44:05.141110 15 storage/engine/rocksdb.go:120              Options.manual_wal_flush: 1
I200405 06:44:05.141138 15 storage/engine/rocksdb.go:120              Options.atomic_flush: 0
I200405 06:44:05.141166 15 storage/engine/rocksdb.go:120              Options.avoid_unnecessary_blocking_io: 0
I200405 06:44:05.141194 15 storage/engine/rocksdb.go:120              Options.max_background_jobs: 2
I200405 06:44:05.141230 15 storage/engine/rocksdb.go:120              Options.max_background_compactions: -1
I200405 06:44:05.141255 15 storage/engine/rocksdb.go:120              Options.avoid_flush_during_shutdown: 0
I200405 06:44:05.141282 15 storage/engine/rocksdb.go:120            Options.writable_file_max_buffer_size: 1048576
I200405 06:44:05.141308 15 storage/engine/rocksdb.go:120              Options.delayed_write_rate : 16777216
I200405 06:44:05.141334 15 storage/engine/rocksdb.go:120              Options.max_total_wal_size: 0
I200405 06:44:05.141360 15 storage/engine/rocksdb.go:120              Options.delete_obsolete_files_period_micros: 21600000000
I200405 06:44:05.141386 15 storage/engine/rocksdb.go:120                    Options.stats_dump_period_sec: 0
I200405 06:44:05.141412 15 storage/engine/rocksdb.go:120                  Options.stats_persist_period_sec: 600
I200405 06:44:05.141438 15 storage/engine/rocksdb.go:120                  Options.stats_history_buffer_size: 1048576
I200405 06:44:05.141464 15 storage/engine/rocksdb.go:120                           Options.max_open_files: 1043576
I200405 06:44:05.141490 15 storage/engine/rocksdb.go:120                           Options.bytes_per_sync: 524288
I200405 06:44:05.141516 15 storage/engine/rocksdb.go:120                       Options.wal_bytes_per_sync: 0
I200405 06:44:05.141542 15 storage/engine/rocksdb.go:120                    Options.strict_bytes_per_sync: 1
I200405 06:44:05.141568 15 storage/engine/rocksdb.go:120        Options.compaction_readahead_size: 0
I200405 06:44:05.141594 15 storage/engine/rocksdb.go:120  Compression algorithms supported:
I200405 06:44:05.141629 15 storage/engine/rocksdb.go:120  	kZSTDNotFinalCompression supported: 0
I200405 06:44:05.141751 15 storage/engine/rocksdb.go:120  	kZSTD supported: 0
I200405 06:44:05.141790 15 storage/engine/rocksdb.go:120  	kXpressCompression supported: 0
I200405 06:44:05.141819 15 storage/engine/rocksdb.go:120  	kLZ4HCCompression supported: 0
I200405 06:44:05.141856 15 storage/engine/rocksdb.go:120  	kLZ4Compression supported: 0
I200405 06:44:05.141882 15 storage/engine/rocksdb.go:120  	kBZip2Compression supported: 0
I200405 06:44:05.141908 15 storage/engine/rocksdb.go:120  	kZlibCompression supported: 0
I200405 06:44:05.141934 15 storage/engine/rocksdb.go:120  	kSnappyCompression supported: 1
I200405 06:44:05.141969 15 storage/engine/rocksdb.go:120  Fast CRC32 supported: Supported on x86
I200405 06:44:05.153424 15 storage/engine/rocksdb.go:120  [db/version_set.cc:4072] Recovering from manifest file: /cockroach/cockroach-data/MANIFEST-000001
I200405 06:44:05.156218 15 storage/engine/rocksdb.go:120  [db/column_family.cc:488] --------------- Options for column family [default]:
I200405 06:44:05.156254 15 storage/engine/rocksdb.go:120                Options.comparator: cockroach_comparator
I200405 06:44:05.156284 15 storage/engine/rocksdb.go:120            Options.merge_operator: cockroach_merge_operator
I200405 06:44:05.156312 15 storage/engine/rocksdb.go:120         Options.compaction_filter: None
I200405 06:44:05.156340 15 storage/engine/rocksdb.go:120         Options.compaction_filter_factory: None
I200405 06:44:05.156368 15 storage/engine/rocksdb.go:120          Options.memtable_factory: SkipListFactory
I200405 06:44:05.156396 15 storage/engine/rocksdb.go:120             Options.table_factory: BlockBasedTable
I200405 06:44:05.156464 15 storage/engine/rocksdb.go:120             table_factory options:   flush_block_policy_factory: FlushBlockBySizePolicyFactory (0x7f41d9628028)
  cache_index_and_filter_blocks: 0
  cache_index_and_filter_blocks_with_high_priority: 0
  pin_l0_filter_and_index_blocks_in_cache: 0
  pin_top_level_index_and_filter: 1
  index_type: 0
  data_block_index_type: 0
  index_shortening: 1
  data_block_hash_table_util_ratio: 0.750000
  hash_index_allow_collision: 1
  checksum: 1
  no_block_cache: 0
  block_cache: 0x7f41d961c010
  block_cache_name: LRUCache
  block_cache_options:
    capacity : 67108864
    num_shard_bits : 4
    strict_capacity_limit : 0
    memory_allocator : None
    high_pri_pool_ratio: 0.000
  block_cache_compressed: (nil)
  persistent_cache: (nil)
  block_size: 32768
  block_size_deviation: 10
  block_restart_interval: 16
  index_block_restart_interval: 1
  metadata_block_size: 4096
  partition_filters: 0
  use_delta_encoding: 1
  filter_policy: rocksdb.BuiltinBloomFilter
  whole_key_filtering: 0
  verify_compression: 0
  read_amp_bytes_per_bit: 0
  format_version: 2
  enable_index_compression: 1
  block_align: 0
I200405 06:44:05.156497 15 storage/engine/rocksdb.go:120         Options.write_buffer_size: 67108864
I200405 06:44:05.156528 15 storage/engine/rocksdb.go:120   Options.max_write_buffer_number: 4
I200405 06:44:05.156556 15 storage/engine/rocksdb.go:120           Options.compression: Snappy
I200405 06:44:05.156598 15 storage/engine/rocksdb.go:120                   Options.bottommost_compression: Disabled
I200405 06:44:05.156629 15 storage/engine/rocksdb.go:120        Options.prefix_extractor: cockroach_prefix_extractor
I200405 06:44:05.156657 15 storage/engine/rocksdb.go:120    Options.memtable_insert_with_hint_prefix_extractor: nullptr
I200405 06:44:05.156684 15 storage/engine/rocksdb.go:120              Options.num_levels: 7
I200405 06:44:05.156712 15 storage/engine/rocksdb.go:120         Options.min_write_buffer_number_to_merge: 1
I200405 06:44:05.156739 15 storage/engine/rocksdb.go:120      Options.max_write_buffer_number_to_maintain: 0
I200405 06:44:05.156767 15 storage/engine/rocksdb.go:120             Options.bottommost_compression_opts.window_bits: -14
I200405 06:44:05.156795 15 storage/engine/rocksdb.go:120                   Options.bottommost_compression_opts.level: 32767
I200405 06:44:05.156823 15 storage/engine/rocksdb.go:120                Options.bottommost_compression_opts.strategy: 0
I200405 06:44:05.156851 15 storage/engine/rocksdb.go:120          Options.bottommost_compression_opts.max_dict_bytes: 0
I200405 06:44:05.156878 15 storage/engine/rocksdb.go:120          Options.bottommost_compression_opts.zstd_max_train_bytes: 0
I200405 06:44:05.156906 15 storage/engine/rocksdb.go:120                   Options.bottommost_compression_opts.enabled: false
I200405 06:44:05.156934 15 storage/engine/rocksdb.go:120             Options.compression_opts.window_bits: -14
I200405 06:44:05.156962 15 storage/engine/rocksdb.go:120                   Options.compression_opts.level: 32767
I200405 06:44:05.156989 15 storage/engine/rocksdb.go:120                Options.compression_opts.strategy: 0
I200405 06:44:05.157017 15 storage/engine/rocksdb.go:120          Options.compression_opts.max_dict_bytes: 0
I200405 06:44:05.157045 15 storage/engine/rocksdb.go:120          Options.compression_opts.zstd_max_train_bytes: 0
I200405 06:44:05.157072 15 storage/engine/rocksdb.go:120                   Options.compression_opts.enabled: false
I200405 06:44:05.157103 15 storage/engine/rocksdb.go:120       Options.level0_file_num_compaction_trigger: 2
I200405 06:44:05.157134 15 storage/engine/rocksdb.go:120           Options.level0_slowdown_writes_trigger: 950
I200405 06:44:05.157163 15 storage/engine/rocksdb.go:120               Options.level0_stop_writes_trigger: 1000
I200405 06:44:05.157191 15 storage/engine/rocksdb.go:120                    Options.target_file_size_base: 4194304
I200405 06:44:05.157218 15 storage/engine/rocksdb.go:120              Options.target_file_size_multiplier: 2
I200405 06:44:05.157246 15 storage/engine/rocksdb.go:120                 Options.max_bytes_for_level_base: 67108864
I200405 06:44:05.157274 15 storage/engine/rocksdb.go:120  Options.level_compaction_dynamic_level_bytes: 1
I200405 06:44:05.157304 15 storage/engine/rocksdb.go:120           Options.max_bytes_for_level_multiplier: 10.000000
I200405 06:44:05.157332 15 storage/engine/rocksdb.go:120  Options.max_bytes_for_level_multiplier_addtl[0]: 1
I200405 06:44:05.157359 15 storage/engine/rocksdb.go:120  Options.max_bytes_for_level_multiplier_addtl[1]: 1
I200405 06:44:05.157387 15 storage/engine/rocksdb.go:120  Options.max_bytes_for_level_multiplier_addtl[2]: 1
I200405 06:44:05.157415 15 storage/engine/rocksdb.go:120  Options.max_bytes_for_level_multiplier_addtl[3]: 1
I200405 06:44:05.157443 15 storage/engine/rocksdb.go:120  Options.max_bytes_for_level_multiplier_addtl[4]: 1
I200405 06:44:05.157471 15 storage/engine/rocksdb.go:120  Options.max_bytes_for_level_multiplier_addtl[5]: 1
I200405 06:44:05.157499 15 storage/engine/rocksdb.go:120  Options.max_bytes_for_level_multiplier_addtl[6]: 1
I200405 06:44:05.157526 15 storage/engine/rocksdb.go:120        Options.max_sequential_skip_in_iterations: 8
I200405 06:44:05.157554 15 storage/engine/rocksdb.go:120                     Options.max_compaction_bytes: 104857600
I200405 06:44:05.157582 15 storage/engine/rocksdb.go:120                         Options.arena_block_size: 8388608
I200405 06:44:05.157610 15 storage/engine/rocksdb.go:120    Options.soft_pending_compaction_bytes_limit: 2199023255552
I200405 06:44:05.157638 15 storage/engine/rocksdb.go:120    Options.hard_pending_compaction_bytes_limit: 4400193994752
I200405 06:44:05.157665 15 storage/engine/rocksdb.go:120        Options.rate_limit_delay_max_milliseconds: 100
I200405 06:44:05.157693 15 storage/engine/rocksdb.go:120                 Options.disable_auto_compactions: 0
I200405 06:44:05.157723 15 storage/engine/rocksdb.go:120                         Options.compaction_style: kCompactionStyleLevel
I200405 06:44:05.157752 15 storage/engine/rocksdb.go:120                           Options.compaction_pri: kMinOverlappingRatio
I200405 06:44:05.157780 15 storage/engine/rocksdb.go:120  Options.compaction_options_universal.size_ratio: 1
I200405 06:44:05.157807 15 storage/engine/rocksdb.go:120  Options.compaction_options_universal.min_merge_width: 2
I200405 06:44:05.157835 15 storage/engine/rocksdb.go:120  Options.compaction_options_universal.max_merge_width: 4294967295
I200405 06:44:05.157863 15 storage/engine/rocksdb.go:120  Options.compaction_options_universal.max_size_amplification_percent: 200
I200405 06:44:05.157896 15 storage/engine/rocksdb.go:120  Options.compaction_options_universal.compression_size_percent: -1
I200405 06:44:05.157925 15 storage/engine/rocksdb.go:120  Options.compaction_options_universal.stop_style: kCompactionStopStyleTotalSize
I200405 06:44:05.157953 15 storage/engine/rocksdb.go:120  Options.compaction_options_fifo.max_table_files_size: 1073741824
I200405 06:44:05.157981 15 storage/engine/rocksdb.go:120  Options.compaction_options_fifo.allow_compaction: 0
I200405 06:44:05.158012 15 storage/engine/rocksdb.go:120                    Options.table_properties_collectors: TimeBoundTblPropCollectorFactory; DeleteRangeTblPropCollectorFactory; 
I200405 06:44:05.158045 15 storage/engine/rocksdb.go:120                    Options.inplace_update_support: 0
I200405 06:44:05.158073 15 storage/engine/rocksdb.go:120                  Options.inplace_update_num_locks: 10000
I200405 06:44:05.158101 15 storage/engine/rocksdb.go:120                Options.memtable_prefix_bloom_size_ratio: 0.000000
I200405 06:44:05.158129 15 storage/engine/rocksdb.go:120                Options.memtable_whole_key_filtering: 0
I200405 06:44:05.158157 15 storage/engine/rocksdb.go:120    Options.memtable_huge_page_size: 0
I200405 06:44:05.158185 15 storage/engine/rocksdb.go:120                            Options.bloom_locality: 0
I200405 06:44:05.158213 15 storage/engine/rocksdb.go:120                     Options.max_successive_merges: 0
I200405 06:44:05.158240 15 storage/engine/rocksdb.go:120                 Options.optimize_filters_for_hits: 1
I200405 06:44:05.158268 15 storage/engine/rocksdb.go:120                 Options.paranoid_file_checks: 0
I200405 06:44:05.158295 15 storage/engine/rocksdb.go:120                 Options.force_consistency_checks: 0
I200405 06:44:05.158323 15 storage/engine/rocksdb.go:120                 Options.report_bg_io_stats: 0
I200405 06:44:05.158350 15 storage/engine/rocksdb.go:120                                Options.ttl: 0
I200405 06:44:05.158378 15 storage/engine/rocksdb.go:120           Options.periodic_compaction_seconds: 0
I200405 06:44:05.163466 15 storage/engine/rocksdb.go:120  [db/version_set.cc:4286] Recovered from manifest file:/cockroach/cockroach-data/MANIFEST-000001 succeeded,manifest_file_number is 1, next_file_number is 3, last_sequence is 0, log_number is 0,prev_log_number is 0,max_column_family is 0,min_log_number_to_keep is 0
I200405 06:44:05.163503 15 storage/engine/rocksdb.go:120  [db/version_set.cc:4295] Column family [default] (ID 0), log number is 0
I200405 06:44:05.168740 15 storage/engine/rocksdb.go:120  EVENT_LOG_v1 {"time_micros": 1586069045168678, "job": 1, "event": "recovery_started", "log_files": [3]}
I200405 06:44:05.168783 15 storage/engine/rocksdb.go:120  [db/db_impl_open.cc:598] Recovering log #3 mode 0
I200405 06:44:05.178359 15 storage/engine/rocksdb.go:120  EVENT_LOG_v1 {"time_micros": 1586069045178270, "cf_name": "default", "job": 1, "event": "table_file_creation", "file_number": 4, "file_size": 1228, "table_properties": {"data_size": 198, "index_size": 34, "index_partitions": 0, "top_level_index_size": 0, "index_key_is_user_key": 0, "index_value_is_delta_encoded": 0, "filter_size": 69, "raw_key_size": 60, "raw_average_key_size": 15, "raw_value_size": 157, "raw_average_value_size": 39, "num_data_blocks": 1, "num_entries": 4, "num_deletions": 0, "num_merge_operands": 0, "num_range_deletions": 0, "format_version": 0, "fixed_key_len": 0, "filter_policy": "rocksdb.BuiltinBloomFilter", "column_family_name": "default", "column_family_id": 0, "comparator": "cockroach_comparator", "merge_operator": "cockroach_merge_operator", "prefix_extractor_name": "cockroach_prefix_extractor", "property_collectors": "[TimeBoundTblPropCollectorFactory,DeleteRangeTblPropCollectorFactory]", "compression": "Snappy", "compression_options": "window_bits=-14; level=32767; strategy=0; max_dict_bytes=0; zstd_max_train_bytes=0; enabled=0; ", "creation_time": 1586069045, "oldest_key_time": 3, "file_creation_time": 0}}
I200405 06:44:05.178451 15 storage/engine/rocksdb.go:120  [db/version_set.cc:3560] Creating manifest 5
I200405 06:44:05.189884 15 storage/engine/rocksdb.go:120  EVENT_LOG_v1 {"time_micros": 1586069045189529, "job": 1, "event": "recovery_finished"}
I200405 06:44:05.227320 15 storage/engine/rocksdb.go:120  DB pointer 0x7f41d969c000
I200405 17:50:07.900236 40250 storage/engine/rocksdb.go:120  bloom filter utility:    -nan%
I200405 17:50:07.905285 40250 storage/engine/rocksdb.go:120  [db/db_impl.cc:392] Shutdown: canceling all background work
I200405 17:50:07.927696 40250 storage/engine/rocksdb.go:120  [db/db_impl.cc:565] Shutdown complete
I200405 17:50:08.032429 40250 storage/engine/rocksdb.go:120  bloom filter utility:    8.3%
I200405 17:50:08.033032 40250 storage/engine/rocksdb.go:120  [db/db_impl.cc:392] Shutdown: canceling all background work
I200405 17:50:08.108469 40250 storage/engine/rocksdb.go:120  [db/db_impl.cc:565] Shutdown complete
