I200430 17:18:39.881127 1 util/log/clog.go:1196  [config] file created at: 2020/04/30 17:18:39
I200430 17:18:39.881127 1 util/log/clog.go:1196  [config] running on machine: e611eb77555c
I200430 17:18:39.881127 1 util/log/clog.go:1196  [config] binary: CockroachDB CCL v19.2.5 (x86_64-unknown-linux-gnu, built 2020/03/16 18:27:12, go1.12.12)
I200430 17:18:39.881127 1 util/log/clog.go:1196  [config] arguments: [/cockroach/cockroach start --insecure --join=database_1]
I200430 17:18:39.881127 1 util/log/clog.go:1196  line format: [IWEF]yymmdd hh:mm:ss.uuuuuu goid file:line msg utf8=✓
I200430 17:18:39.881126 1 cli/start.go:1144  logging to directory /cockroach/cockroach-data/logs
W200430 17:18:39.982391 1 cli/start.go:1182  RUNNING IN INSECURE MODE!

- Your cluster is open for any client that can access <all your IP addresses>.
- Any user, even root, can log in without providing a password.
- Any user, connecting as root, can read or write any data in your cluster.
- There is no network encryption nor authentication, and thus no confidentiality.

Check out how to secure your cluster: https://www.cockroachlabs.com/docs/v19.2/secure-a-cluster.html
I200430 17:18:39.984076 1 server/status/recorder.go:597  available memory from cgroups (8.0 EiB) is unsupported, using system memory 2.9 GiB instead: 
W200430 17:18:39.984234 1 cli/start.go:1052  Using the default setting for --cache (128 MiB).
  A significantly larger value is usually needed for good performance.
  If you have a dedicated server a reasonable setting is --cache=.25 (749 MiB).
I200430 17:18:40.010071 1 server/status/recorder.go:597  available memory from cgroups (8.0 EiB) is unsupported, using system memory 2.9 GiB instead: 
W200430 17:18:40.010147 1 cli/start.go:1065  Using the default setting for --max-sql-memory (128 MiB).
  A significantly larger value is usually needed in production.
  If you have a dedicated server a reasonable setting is --max-sql-memory=.25 (749 MiB).
I200430 17:18:40.025117 1 server/status/recorder.go:597  available memory from cgroups (8.0 EiB) is unsupported, using system memory 2.9 GiB instead: 
I200430 17:18:40.039999 1 cli/start.go:1196  CockroachDB CCL v19.2.5 (x86_64-unknown-linux-gnu, built 2020/03/16 18:27:12, go1.12.12)
I200430 17:18:42.337023 1 server/status/recorder.go:597  available memory from cgroups (8.0 EiB) is unsupported, using system memory 2.9 GiB instead: 
I200430 17:18:42.337060 1 server/config.go:394  system total memory: 2.9 GiB
I200430 17:18:42.337107 1 server/config.go:396  server configuration:
max offset             500000000
cache size             128 MiB
SQL memory pool size   128 MiB
scan interval          10m0s
scan min idle time     10ms
scan max idle time     1s
event log enabled      true
I200430 17:18:42.337127 1 cli/start.go:1030  using local environment variables: COCKROACH_CHANNEL=official-docker
I200430 17:18:42.337142 1 cli/start.go:1037  process identity: uid 0 euid 0 gid 0 egid 0
I200430 17:18:42.337306 1 cli/start.go:644  starting cockroach node
I200430 17:18:42.344229 12 storage/engine/rocksdb.go:622  opening rocksdb instance at "/cockroach/cockroach-data/cockroach-temp334397380"
I200430 17:18:44.203419 12 server/server.go:928  [n?] monitoring forward clock jumps based on server.clock.forward_jump_check_enabled
I200430 17:18:44.262600 12 storage/engine/rocksdb.go:622  opening rocksdb instance at "/cockroach/cockroach-data"
I200430 17:18:45.478769 12 server/config.go:502  [n?] 1 storage engine initialized
I200430 17:18:45.478809 12 server/config.go:505  [n?] RocksDB cache size: 128 MiB
I200430 17:18:45.478823 12 server/config.go:505  [n?] store 0: RocksDB, max size 0 B, max open file limit 1043576
W200430 17:18:45.637152 12 gossip/gossip.go:1517  [n?] no incoming or outgoing connections
W200430 17:18:45.637316 12 cli/start.go:996  neither --listen-addr nor --advertise-addr was specified.
The server will advertise "e611eb77555c" to other nodes, is this routable?

Consider using:
- for local-only servers:  --listen-addr=localhost
- for multi-node clusters: --advertise-addr=<host/IP addr>
I200430 17:18:45.704111 12 gossip/gossip.go:394  [n2] NodeDescriptor set to node_id:2 address:<network_field:"tcp" address_field:"e611eb77555c:26257" > attrs:<> locality:<> ServerVersion:<major_val:19 minor_val:2 patch:0 unstable:0 > build_tag:"v19.2.5" started_at:1588267125703954388 cluster_name:"" sql_address:<network_field:"tcp" address_field:"e611eb77555c:26257" > 
I200430 17:18:45.997110 83 gossip/client.go:124  [n2] started gossip client to database_1:26257
I200430 17:18:47.194629 12 server/node.go:431  [n2] initialized store [n2,s2]: disk (capacity=60 TiB, available=28 TiB, used=16 MiB, logicalBytes=0 B), ranges=0, leases=0, queries=0.00, writes=0.00, bytesPerReplica={p10=0.00 p25=0.00 p50=0.00 p75=0.00 p90=0.00 pMax=0.00}, writesPerReplica={p10=0.00 p25=0.00 p50=0.00 p75=0.00 p90=0.00 pMax=0.00}
I200430 17:18:47.194885 12 storage/stores.go:240  [n2] read 1 node addresses from persistent storage
I200430 17:18:47.195134 12 storage/stores.go:259  [n2] wrote 2 node addresses to persistent storage
I200430 17:18:47.195240 12 server/node.go:645  [n2] connecting to gossip network to verify cluster ID...
I200430 17:18:47.195270 12 server/node.go:665  [n2] node connected via gossip and verified as part of cluster "ea35b6ad-0215-43e2-94d0-3ce953db1cc1"
I200430 17:18:47.195396 12 server/node.go:512  [n2] node=2: started with [<no-attributes>=/cockroach/cockroach-data] engine(s) and attributes []
I200430 17:18:47.211263 12 server/server.go:1514  [n2] starting http server at [::]:8080 (use: e611eb77555c:8080)
I200430 17:18:47.211285 12 server/server.go:1521  [n2] starting grpc/postgres server at [::]:26257
I200430 17:18:47.211301 12 server/server.go:1522  [n2] advertising CockroachDB node at e611eb77555c:26257
I200430 17:18:47.310096 83 gossip/client.go:129  [n2] closing client to n1 (database_1:26257): stopping outgoing client to n1 (database_1:26257); already have incoming
I200430 17:18:47.310291 57 gossip/gossip.go:1531  [n2] node has connected to cluster via gossip
I200430 17:18:47.319526 57 storage/stores.go:259  [n2] wrote 1 node addresses to persistent storage
I200430 17:18:47.673971 197 gossip/client.go:124  [n2] started gossip client to d9d719c101d3:26257
I200430 17:18:48.259474 197 gossip/client.go:129  [n2] closing client to n1 (d9d719c101d3:26257): stopping outgoing client to n1 (d9d719c101d3:26257); already have incoming
W200430 17:18:48.260330 162 storage/node_liveness.go:559  [n2,liveness-hb] slow heartbeat took 1.0s
I200430 17:18:49.777838 12 server/server.go:1590  [n2] done ensuring all necessary migrations have run
I200430 17:18:49.778130 12 server/server.go:1841  [n2] serving sql connections
I200430 17:18:49.778243 12 cli/start.go:803  [config] clusterID: ea35b6ad-0215-43e2-94d0-3ce953db1cc1
I200430 17:18:49.778266 12 cli/start.go:812  node startup completed:
CockroachDB node starting at 2020-04-30 17:18:49.778159349 +0000 UTC (took 10.0s)
build:               CCL v19.2.5 @ 2020/03/16 18:27:12 (go1.12.12)
webui:               http://e611eb77555c:8080
sql:                 postgresql://root@e611eb77555c:26257?sslmode=disable
RPC client flags:    /cockroach/cockroach <client cmd> --host=e611eb77555c:26257 --insecure
logs:                /cockroach/cockroach-data/logs
temp dir:            /cockroach/cockroach-data/cockroach-temp334397380
external I/O path:   /cockroach/cockroach-data/extern
store[0]:            path=/cockroach/cockroach-data
status:              restarted pre-existing node
clusterID:           ea35b6ad-0215-43e2-94d0-3ce953db1cc1
nodeID:              2
I200430 17:18:52.895909 206 server/server_update.go:53  [n2] no need to upgrade, cluster already at the newest version
W200430 17:18:53.068584 162 storage/node_liveness.go:559  [n2,liveness-hb] slow heartbeat took 1.4s
I200430 17:18:54.093903 208 sql/event_log.go:130  [n2] Event: "node_restart", target: 2, info: {Descriptor:{NodeID:2 Address:e611eb77555c:26257 Attrs: Locality: ServerVersion:19.2 BuildTag:v19.2.5 StartedAt:1588267125703954388 LocalityAddress:[] ClusterName: SQLAddress:e611eb77555c:26257} ClusterID:ea35b6ad-0215-43e2-94d0-3ce953db1cc1 StartedAt:1588267125703954388 LastUp:1588266899507656269}
I200430 17:18:57.620664 156 server/status/runtime.go:498  [n2] runtime stats: 112 MiB RSS, 146 goroutines, 101 MiB/23 MiB/135 MiB GO alloc/idle/total, 3.2 MiB/5.2 MiB CGO alloc/total, 0.0 CGO/sec, 0.0/0.0 %(u/s)time, 0.0 %gc (8x), 257 KiB/71 KiB (r/w)net
I200430 17:19:07.509259 156 server/status/runtime.go:498  [n2] runtime stats: 121 MiB RSS, 145 goroutines, 109 MiB/15 MiB/135 MiB GO alloc/idle/total, 3.3 MiB/5.3 MiB CGO alloc/total, 1.1 CGO/sec, 1.7/2.1 %(u/s)time, 0.0 %gc (0x), 29 KiB/40 KiB (r/w)net
I200430 17:19:08.539691 151 storage/store.go:2364  [n2,s2] sstables (read amplification = 1):
6 [ 1K 1 ]: 1K
I200430 17:19:08.540221 151 storage/store.go:2365  [n2,s2] 
** Compaction Stats [default] **
Level    Files   Size     Score Read(GB)  Rn(GB) Rnp1(GB) Write(GB) Wnew(GB) Moved(GB) W-Amp Rd(MB/s) Wr(MB/s) Comp(sec) CompMergeCPU(sec) Comp(cnt) Avg(sec) KeyIn KeyDrop
----------------------------------------------------------------------------------------------------------------------------------------------------------------------------
  L0      0/0    0.00 KB   0.0      0.0     0.0      0.0       0.0      0.0       0.0   1.0      0.0      0.0      0.13              0.00         1    0.134       0      0
  L6      1/0    1.09 KB   0.0      0.0     0.0      0.0       0.0     -0.0       0.0   0.5      0.0      0.0      0.13              0.00         1    0.133      10      6
 Sum      1/0    1.09 KB   0.0      0.0     0.0      0.0       0.0      0.0       0.0   1.9      0.0      0.0      0.27              0.00         2    0.134      10      6
 Int      0/0    0.00 KB   0.0      0.0     0.0      0.0       0.0      0.0       0.0   1.9      0.0      0.0      0.27              0.00         2    0.134      10      6

** Compaction Stats [default] **
Priority    Files   Size     Score Read(GB)  Rn(GB) Rnp1(GB) Write(GB) Wnew(GB) Moved(GB) W-Amp Rd(MB/s) Wr(MB/s) Comp(sec) CompMergeCPU(sec) Comp(cnt) Avg(sec) KeyIn KeyDrop
-------------------------------------------------------------------------------------------------------------------------------------------------------------------------------
 Low      0/0    0.00 KB   0.0      0.0     0.0      0.0       0.0     -0.0       0.0   0.0      0.0      0.0      0.13              0.00         1    0.133      10      6
User      0/0    0.00 KB   0.0      0.0     0.0      0.0       0.0      0.0       0.0   0.0      0.0      0.0      0.13              0.00         1    0.134       0      0
Uptime(secs): 23.9 total, 23.9 interval
Flush(GB): cumulative 0.000, interval 0.000
AddFile(GB): cumulative 0.000, interval 0.000
AddFile(Total Files): cumulative 0, interval 0
AddFile(L0 Files): cumulative 0, interval 0
AddFile(Keys): cumulative 0, interval 0
Cumulative compaction: 0.00 GB write, 0.00 MB/s write, 0.00 GB read, 0.00 MB/s read, 0.3 seconds
Interval compaction: 0.00 GB write, 0.00 MB/s write, 0.00 GB read, 0.00 MB/s read, 0.3 seconds
Stalls(count): 0 level0_slowdown, 0 level0_slowdown_with_compaction, 0 level0_numfiles, 0 level0_numfiles_with_compaction, 0 stop for pending_compaction_bytes, 0 slowdown for pending_compaction_bytes, 0 memtable_compaction, 0 memtable_slowdown, interval 0 total count
estimated_pending_compaction_bytes: 0 B
I200430 17:19:17.521463 156 server/status/runtime.go:498  [n2] runtime stats: 126 MiB RSS, 145 goroutines, 82 MiB/39 MiB/135 MiB GO alloc/idle/total, 3.4 MiB/5.4 MiB CGO alloc/total, 1.3 CGO/sec, 2.1/2.8 %(u/s)time, 0.4 %gc (1x), 20 KiB/34 KiB (r/w)net
I200430 17:19:27.524191 156 server/status/runtime.go:498  [n2] runtime stats: 127 MiB RSS, 146 goroutines, 88 MiB/34 MiB/135 MiB GO alloc/idle/total, 3.4 MiB/5.4 MiB CGO alloc/total, 1.1 CGO/sec, 1.8/2.1 %(u/s)time, 0.0 %gc (0x), 19 KiB/32 KiB (r/w)net
I200430 17:19:37.784646 156 server/status/runtime.go:498  [n2] runtime stats: 127 MiB RSS, 146 goroutines, 94 MiB/29 MiB/135 MiB GO alloc/idle/total, 11 MiB/13 MiB CGO alloc/total, 1.2 CGO/sec, 1.4/1.7 %(u/s)time, 0.0 %gc (0x), 13 KiB/30 KiB (r/w)net
I200430 17:19:47.190956 152 gossip/gossip.go:566  [n2] gossip status (ok, 2 nodes)
gossip client (0/3 cur/max conns)
gossip server (1/3 cur/max conns, infos 44/218 sent/received, bytes 10218B/49601B sent/received)
  1: d9d719c101d3:26257 (1m0s)
gossip connectivity
  n1 [sentinel];
  n1 -> n2;
I200430 17:19:47.545368 156 server/status/runtime.go:498  [n2] runtime stats: 127 MiB RSS, 146 goroutines, 100 MiB/23 MiB/135 MiB GO alloc/idle/total, 12 MiB/14 MiB CGO alloc/total, 1.1 CGO/sec, 2.4/3.2 %(u/s)time, 0.0 %gc (0x), 13 KiB/29 KiB (r/w)net
I200430 17:19:57.539901 156 server/status/runtime.go:498  [n2] runtime stats: 127 MiB RSS, 145 goroutines, 107 MiB/16 MiB/135 MiB GO alloc/idle/total, 12 MiB/14 MiB CGO alloc/total, 1.7 CGO/sec, 2.4/2.7 %(u/s)time, 0.0 %gc (0x), 27 KiB/38 KiB (r/w)net
I200430 17:20:07.516717 156 server/status/runtime.go:498  [n2] runtime stats: 129 MiB RSS, 145 goroutines, 112 MiB/11 MiB/135 MiB GO alloc/idle/total, 12 MiB/14 MiB CGO alloc/total, 1.1 CGO/sec, 1.1/1.4 %(u/s)time, 0.0 %gc (0x), 11 KiB/29 KiB (r/w)net
I200430 17:20:17.518969 156 server/status/runtime.go:498  [n2] runtime stats: 137 MiB RSS, 145 goroutines, 120 MiB/3.6 MiB/135 MiB GO alloc/idle/total, 12 MiB/14 MiB CGO alloc/total, 0.6 CGO/sec, 1.0/1.3 %(u/s)time, 0.0 %gc (0x), 13 KiB/30 KiB (r/w)net
I200430 17:20:27.515386 156 server/status/runtime.go:498  [n2] runtime stats: 144 MiB RSS, 146 goroutines, 128 MiB/60 MiB/201 MiB GO alloc/idle/total, 12 MiB/14 MiB CGO alloc/total, 1.7 CGO/sec, 1.2/1.8 %(u/s)time, 0.0 %gc (0x), 14 KiB/31 KiB (r/w)net
I200430 17:20:37.493882 156 server/status/runtime.go:498  [n2] runtime stats: 151 MiB RSS, 146 goroutines, 77 MiB/107 MiB/201 MiB GO alloc/idle/total, 12 MiB/14 MiB CGO alloc/total, 1.1 CGO/sec, 1.2/1.2 %(u/s)time, 0.0 %gc (1x), 11 KiB/29 KiB (r/w)net
I200430 17:20:47.112012 152 gossip/gossip.go:566  [n2] gossip status (ok, 2 nodes)
gossip client (0/3 cur/max conns)
gossip server (1/3 cur/max conns, infos 75/362 sent/received, bytes 16841B/67652B sent/received)
  1: d9d719c101d3:26257 (2m0s)
I200430 17:20:47.493220 156 server/status/runtime.go:498  [n2] runtime stats: 151 MiB RSS, 146 goroutines, 83 MiB/101 MiB/201 MiB GO alloc/idle/total, 12 MiB/14 MiB CGO alloc/total, 1.1 CGO/sec, 0.8/1.3 %(u/s)time, 0.0 %gc (0x), 12 KiB/30 KiB (r/w)net
I200430 17:20:57.494463 156 server/status/runtime.go:498  [n2] runtime stats: 151 MiB RSS, 145 goroutines, 89 MiB/96 MiB/201 MiB GO alloc/idle/total, 12 MiB/14 MiB CGO alloc/total, 1.1 CGO/sec, 0.7/0.9 %(u/s)time, 0.0 %gc (0x), 14 KiB/31 KiB (r/w)net
I200430 17:21:07.472123 156 server/status/runtime.go:498  [n2] runtime stats: 152 MiB RSS, 146 goroutines, 95 MiB/91 MiB/202 MiB GO alloc/idle/total, 12 MiB/14 MiB CGO alloc/total, 1.2 CGO/sec, 0.7/0.7 %(u/s)time, 0.0 %gc (0x), 12 KiB/29 KiB (r/w)net
I200430 17:21:17.475185 156 server/status/runtime.go:498  [n2] runtime stats: 152 MiB RSS, 145 goroutines, 101 MiB/86 MiB/202 MiB GO alloc/idle/total, 12 MiB/14 MiB CGO alloc/total, 1.1 CGO/sec, 0.8/1.1 %(u/s)time, 0.0 %gc (0x), 12 KiB/29 KiB (r/w)net
I200430 17:21:27.479199 156 server/status/runtime.go:498  [n2] runtime stats: 152 MiB RSS, 146 goroutines, 107 MiB/80 MiB/202 MiB GO alloc/idle/total, 12 MiB/14 MiB CGO alloc/total, 1.1 CGO/sec, 1.0/1.1 %(u/s)time, 0.0 %gc (0x), 14 KiB/31 KiB (r/w)net
I200430 17:21:37.453156 156 server/status/runtime.go:498  [n2] runtime stats: 152 MiB RSS, 146 goroutines, 113 MiB/75 MiB/202 MiB GO alloc/idle/total, 12 MiB/14 MiB CGO alloc/total, 1.1 CGO/sec, 0.9/1.0 %(u/s)time, 0.0 %gc (0x), 11 KiB/28 KiB (r/w)net
I200430 17:21:47.067771 152 gossip/gossip.go:566  [n2] gossip status (ok, 2 nodes)
gossip client (0/3 cur/max conns)
gossip server (1/3 cur/max conns, infos 106/506 sent/received, bytes 23464B/85703B sent/received)
  1: d9d719c101d3:26257 (3m0s)
I200430 17:21:47.453051 156 server/status/runtime.go:498  [n2] runtime stats: 152 MiB RSS, 146 goroutines, 119 MiB/69 MiB/202 MiB GO alloc/idle/total, 12 MiB/14 MiB CGO alloc/total, 1.2 CGO/sec, 1.1/1.7 %(u/s)time, 0.0 %gc (0x), 13 KiB/30 KiB (r/w)net
I200430 17:21:57.456765 156 server/status/runtime.go:498  [n2] runtime stats: 152 MiB RSS, 145 goroutines, 125 MiB/63 MiB/202 MiB GO alloc/idle/total, 12 MiB/14 MiB CGO alloc/total, 1.1 CGO/sec, 1.2/1.1 %(u/s)time, 0.0 %gc (0x), 13 KiB/30 KiB (r/w)net
I200430 17:22:07.433331 156 server/status/runtime.go:498  [n2] runtime stats: 152 MiB RSS, 145 goroutines, 130 MiB/58 MiB/202 MiB GO alloc/idle/total, 12 MiB/14 MiB CGO alloc/total, 1.1 CGO/sec, 0.8/0.8 %(u/s)time, 0.0 %gc (0x), 11 KiB/28 KiB (r/w)net
I200430 17:22:17.434344 156 server/status/runtime.go:498  [n2] runtime stats: 155 MiB RSS, 145 goroutines, 138 MiB/50 MiB/202 MiB GO alloc/idle/total, 12 MiB/14 MiB CGO alloc/total, 1.1 CGO/sec, 1.2/1.0 %(u/s)time, 0.0 %gc (0x), 12 KiB/29 KiB (r/w)net
I200430 17:22:27.434685 156 server/status/runtime.go:498  [n2] runtime stats: 163 MiB RSS, 146 goroutines, 81 MiB/103 MiB/202 MiB GO alloc/idle/total, 12 MiB/14 MiB CGO alloc/total, 1.1 CGO/sec, 1.1/1.4 %(u/s)time, 0.0 %gc (1x), 14 KiB/31 KiB (r/w)net
I200430 17:22:37.413313 156 server/status/runtime.go:498  [n2] runtime stats: 163 MiB RSS, 146 goroutines, 86 MiB/98 MiB/202 MiB GO alloc/idle/total, 12 MiB/14 MiB CGO alloc/total, 1.2 CGO/sec, 1.7/1.5 %(u/s)time, 0.0 %gc (0x), 12 KiB/29 KiB (r/w)net
I200430 17:22:47.020476 152 gossip/gossip.go:566  [n2] gossip status (ok, 2 nodes)
gossip client (0/3 cur/max conns)
gossip server (1/3 cur/max conns, infos 137/649 sent/received, bytes 30123B/103746B sent/received)
  1: d9d719c101d3:26257 (4m0s)
I200430 17:22:47.414988 156 server/status/runtime.go:498  [n2] runtime stats: 162 MiB RSS, 146 goroutines, 92 MiB/93 MiB/202 MiB GO alloc/idle/total, 12 MiB/14 MiB CGO alloc/total, 1.1 CGO/sec, 1.3/1.6 %(u/s)time, 0.0 %gc (0x), 13 KiB/30 KiB (r/w)net
I200430 17:22:57.415814 156 server/status/runtime.go:498  [n2] runtime stats: 162 MiB RSS, 145 goroutines, 98 MiB/88 MiB/202 MiB GO alloc/idle/total, 12 MiB/14 MiB CGO alloc/total, 1.1 CGO/sec, 1.2/1.2 %(u/s)time, 0.0 %gc (0x), 14 KiB/30 KiB (r/w)net
I200430 17:23:07.393057 156 server/status/runtime.go:498  [n2] runtime stats: 162 MiB RSS, 145 goroutines, 104 MiB/83 MiB/202 MiB GO alloc/idle/total, 12 MiB/14 MiB CGO alloc/total, 1.1 CGO/sec, 1.3/1.1 %(u/s)time, 0.0 %gc (0x), 12 KiB/29 KiB (r/w)net
I200430 17:23:17.394435 156 server/status/runtime.go:498  [n2] runtime stats: 162 MiB RSS, 145 goroutines, 110 MiB/77 MiB/202 MiB GO alloc/idle/total, 12 MiB/14 MiB CGO alloc/total, 1.2 CGO/sec, 0.8/0.8 %(u/s)time, 0.0 %gc (0x), 13 KiB/30 KiB (r/w)net
I200430 17:23:27.398045 156 server/status/runtime.go:498  [n2] runtime stats: 162 MiB RSS, 146 goroutines, 116 MiB/71 MiB/202 MiB GO alloc/idle/total, 12 MiB/14 MiB CGO alloc/total, 1.1 CGO/sec, 1.1/0.9 %(u/s)time, 0.0 %gc (0x), 14 KiB/30 KiB (r/w)net
I200430 17:23:37.376146 156 server/status/runtime.go:498  [n2] runtime stats: 162 MiB RSS, 146 goroutines, 122 MiB/66 MiB/202 MiB GO alloc/idle/total, 12 MiB/14 MiB CGO alloc/total, 1.1 CGO/sec, 0.6/0.7 %(u/s)time, 0.0 %gc (0x), 11 KiB/28 KiB (r/w)net
I200430 17:23:46.976305 152 gossip/gossip.go:566  [n2] gossip status (ok, 2 nodes)
gossip client (0/3 cur/max conns)
gossip server (1/3 cur/max conns, infos 168/793 sent/received, bytes 36746B/121797B sent/received)
  1: d9d719c101d3:26257 (5m0s)
I200430 17:23:47.379805 156 server/status/runtime.go:498  [n2] runtime stats: 162 MiB RSS, 146 goroutines, 128 MiB/60 MiB/202 MiB GO alloc/idle/total, 12 MiB/14 MiB CGO alloc/total, 1.1 CGO/sec, 0.7/0.9 %(u/s)time, 0.0 %gc (0x), 12 KiB/30 KiB (r/w)net
I200430 17:23:57.380296 156 server/status/runtime.go:498  [n2] runtime stats: 162 MiB RSS, 145 goroutines, 134 MiB/54 MiB/202 MiB GO alloc/idle/total, 12 MiB/14 MiB CGO alloc/total, 1.1 CGO/sec, 0.6/1.0 %(u/s)time, 0.0 %gc (0x), 14 KiB/30 KiB (r/w)net
I200430 17:24:07.364596 156 server/status/runtime.go:498  [n2] runtime stats: 162 MiB RSS, 145 goroutines, 139 MiB/48 MiB/202 MiB GO alloc/idle/total, 12 MiB/14 MiB CGO alloc/total, 1.2 CGO/sec, 1.2/1.4 %(u/s)time, 0.0 %gc (0x), 12 KiB/29 KiB (r/w)net
I200430 17:24:17.361123 156 server/status/runtime.go:498  [n2] runtime stats: 163 MiB RSS, 145 goroutines, 147 MiB/41 MiB/202 MiB GO alloc/idle/total, 12 MiB/14 MiB CGO alloc/total, 1.1 CGO/sec, 1.1/1.2 %(u/s)time, 0.0 %gc (0x), 12 KiB/29 KiB (r/w)net
I200430 17:24:27.362618 156 server/status/runtime.go:498  [n2] runtime stats: 169 MiB RSS, 146 goroutines, 81 MiB/102 MiB/202 MiB GO alloc/idle/total, 12 MiB/14 MiB CGO alloc/total, 1.1 CGO/sec, 1.3/1.1 %(u/s)time, 0.0 %gc (1x), 14 KiB/31 KiB (r/w)net
I200430 17:24:37.341739 156 server/status/runtime.go:498  [n2] runtime stats: 169 MiB RSS, 146 goroutines, 87 MiB/98 MiB/202 MiB GO alloc/idle/total, 12 MiB/14 MiB CGO alloc/total, 1.1 CGO/sec, 1.4/1.7 %(u/s)time, 0.0 %gc (0x), 11 KiB/29 KiB (r/w)net
I200430 17:24:46.931897 152 gossip/gossip.go:566  [n2] gossip status (ok, 2 nodes)
gossip client (0/3 cur/max conns)
gossip server (1/3 cur/max conns, infos 199/937 sent/received, bytes 43369B/139848B sent/received)
  1: d9d719c101d3:26257 (6m0s)
I200430 17:24:47.343397 156 server/status/runtime.go:498  [n2] runtime stats: 168 MiB RSS, 146 goroutines, 93 MiB/93 MiB/202 MiB GO alloc/idle/total, 12 MiB/14 MiB CGO alloc/total, 1.2 CGO/sec, 0.9/1.3 %(u/s)time, 0.0 %gc (0x), 13 KiB/30 KiB (r/w)net
I200430 17:24:57.345073 156 server/status/runtime.go:498  [n2] runtime stats: 168 MiB RSS, 145 goroutines, 99 MiB/87 MiB/202 MiB GO alloc/idle/total, 12 MiB/14 MiB CGO alloc/total, 1.1 CGO/sec, 1.1/0.7 %(u/s)time, 0.0 %gc (0x), 14 KiB/31 KiB (r/w)net
I200430 17:25:07.337071 156 server/status/runtime.go:498  [n2] runtime stats: 168 MiB RSS, 145 goroutines, 105 MiB/82 MiB/202 MiB GO alloc/idle/total, 12 MiB/14 MiB CGO alloc/total, 1.1 CGO/sec, 1.1/1.2 %(u/s)time, 0.0 %gc (0x), 12 KiB/29 KiB (r/w)net
I200430 17:25:17.324171 156 server/status/runtime.go:498  [n2] runtime stats: 168 MiB RSS, 145 goroutines, 110 MiB/76 MiB/202 MiB GO alloc/idle/total, 12 MiB/14 MiB CGO alloc/total, 1.1 CGO/sec, 1.1/1.0 %(u/s)time, 0.0 %gc (0x), 12 KiB/29 KiB (r/w)net
I200430 17:25:27.340135 156 server/status/runtime.go:498  [n2] runtime stats: 168 MiB RSS, 146 goroutines, 116 MiB/71 MiB/202 MiB GO alloc/idle/total, 12 MiB/14 MiB CGO alloc/total, 1.1 CGO/sec, 0.9/1.0 %(u/s)time, 0.0 %gc (0x), 14 KiB/31 KiB (r/w)net
I200430 17:25:29.875083 1 cli/start.go:865  received signal 'terminated'
I200430 17:25:29.884941 1 cli/start.go:930  initiating graceful shutdown of server
I200430 17:25:29.958298 1180 util/stop/stopper.go:542  [server drain process] quiescing; tasks left:
1      node.Node: writing summary
1      [async] stats.Refresher: maybeRefreshStats
1      [async] intent_resolver_ir_batcher
1      [async] intent_resolver_gc_batcher
1      [async] closedts-subscription
1      [async] closedts-rangefeed-subscriber
W200430 17:25:29.973994 71 vendor/google.golang.org/grpc/clientconn.go:1206  grpc: addrConn.createTransport failed to connect to {e611eb77555c:26257 0  <nil>}. Err :connection error: desc = "transport: failed to write client preface: io: read/write on closed pipe". Reconnecting...
I200430 17:25:30.046399 1180 util/stop/stopper.go:542  [server drain process] quiescing; tasks left:
1      node.Node: writing summary
1      [async] closedts-subscription
1      [async] closedts-rangefeed-subscriber
I200430 17:25:30.047867 1151 vendor/github.com/cockroachdb/circuitbreaker/circuitbreaker.go:322  [n2] circuitbreaker: rpc [::]:26257 [n1] tripped: failed to connect to n1 at d9d719c101d3:26257: context canceled
I200430 17:25:30.088564 1151 vendor/github.com/cockroachdb/circuitbreaker/circuitbreaker.go:447  [n2] circuitbreaker: rpc [::]:26257 [n1] event: BreakerTripped
I200430 17:25:30.086736 1180 util/stop/stopper.go:542  [server drain process] quiescing; tasks left:
1      node.Node: writing summary
I200430 17:25:30.089925 1151 rpc/nodedialer/nodedialer.go:160  [ct-client] unable to connect to n1: failed to connect to n1 at d9d719c101d3:26257: context canceled
W200430 17:25:30.306810 57 gossip/gossip.go:1517  [n2] no incoming or outgoing connections
W200430 17:25:30.597457 200 server/node.go:797  [n2,summaries] error recording status summaries: node unavailable; try another peer
I200430 17:25:30.603530 1180 storage/engine/rocksdb.go:762  closing rocksdb instance at "/cockroach/cockroach-data/cockroach-temp334397380"
I200430 17:25:30.923375 1180 storage/engine/rocksdb.go:762  closing rocksdb instance at "/cockroach/cockroach-data"
I200430 17:25:31.025815 1 cli/start.go:976  server drained and shutdown completed
