I200409 18:21:52.812159 34 util/log/clog.go:1196  [config] file created at: 2020/04/09 18:21:52
I200409 18:21:52.812159 34 util/log/clog.go:1196  [config] running on machine: 3f00bffe6342
I200409 18:21:52.812159 34 util/log/clog.go:1196  [config] binary: CockroachDB CCL v19.2.5 (x86_64-unknown-linux-gnu, built 2020/03/16 18:27:12, go1.12.12)
I200409 18:21:52.812159 34 util/log/clog.go:1196  [config] arguments: [/cockroach/cockroach start --insecure --join=database_1]
I200409 18:21:52.812159 34 util/log/clog.go:1196  line format: [IWEF]yymmdd hh:mm:ss.uuuuuu goid file:line msg utf8=✓
I200409 18:21:52.812133 34 storage/engine/rocksdb.go:120  RocksDB version: 6.2.1
I200409 18:21:52.953789 34 storage/engine/rocksdb.go:120  Git sha rocksdb_build_git_sha:@b7009236531fa784872f4823eabf393501e41bf2@
I200409 18:21:52.953835 34 storage/engine/rocksdb.go:120  Compile date Mar 16 2020
I200409 18:21:52.953917 34 storage/engine/rocksdb.go:120  DB SUMMARY
I200409 18:21:53.006747 34 storage/engine/rocksdb.go:120  SST files in /cockroach/cockroach-data/cockroach-temp232779924 dir, Total Num: 0, files: 
I200409 18:21:53.928876 34 storage/engine/rocksdb.go:120  Write Ahead Log file in /cockroach/cockroach-data/cockroach-temp232779924: 
I200409 18:21:53.929868 34 storage/engine/rocksdb.go:120                          Options.error_if_exists: 0
I200409 18:21:53.930354 34 storage/engine/rocksdb.go:120                        Options.create_if_missing: 1
I200409 18:21:53.930382 34 storage/engine/rocksdb.go:120                          Options.paranoid_checks: 1
I200409 18:21:53.930410 34 storage/engine/rocksdb.go:120                                      Options.env: 0x75757a0
I200409 18:21:53.930462 34 storage/engine/rocksdb.go:120                                 Options.info_log: 0x7f801c2270e0
I200409 18:21:53.930492 34 storage/engine/rocksdb.go:120                 Options.max_file_opening_threads: 16
I200409 18:21:53.930520 34 storage/engine/rocksdb.go:120                               Options.statistics: 0x7f801c234010
I200409 18:21:53.930548 34 storage/engine/rocksdb.go:120                                Options.use_fsync: 0
I200409 18:21:53.930577 34 storage/engine/rocksdb.go:120                        Options.max_log_file_size: 0
I200409 18:21:53.930607 34 storage/engine/rocksdb.go:120                   Options.max_manifest_file_size: 134217728
I200409 18:21:53.930635 34 storage/engine/rocksdb.go:120                    Options.log_file_time_to_roll: 0
I200409 18:21:53.930663 34 storage/engine/rocksdb.go:120                        Options.keep_log_file_num: 1000
I200409 18:21:53.930691 34 storage/engine/rocksdb.go:120                     Options.recycle_log_file_num: 1
I200409 18:21:53.930719 34 storage/engine/rocksdb.go:120                          Options.allow_fallocate: 1
I200409 18:21:53.930747 34 storage/engine/rocksdb.go:120                         Options.allow_mmap_reads: 0
I200409 18:21:53.930775 34 storage/engine/rocksdb.go:120                        Options.allow_mmap_writes: 0
I200409 18:21:53.930802 34 storage/engine/rocksdb.go:120                         Options.use_direct_reads: 0
I200409 18:21:53.930831 34 storage/engine/rocksdb.go:120                         Options.use_direct_io_for_flush_and_compaction: 0
I200409 18:21:53.930859 34 storage/engine/rocksdb.go:120           Options.create_missing_column_families: 0
I200409 18:21:53.930887 34 storage/engine/rocksdb.go:120                               Options.db_log_dir: 
I200409 18:21:53.930908 34 storage/engine/rocksdb.go:120                                  Options.wal_dir: /cockroach/cockroach-data/cockroach-temp232779924
I200409 18:21:53.930936 34 storage/engine/rocksdb.go:120                 Options.table_cache_numshardbits: 6
I200409 18:21:53.930963 34 storage/engine/rocksdb.go:120                       Options.max_subcompactions: 1
I200409 18:21:53.930993 34 storage/engine/rocksdb.go:120                   Options.max_background_flushes: -1
I200409 18:21:53.931022 34 storage/engine/rocksdb.go:120                          Options.WAL_ttl_seconds: 0
I200409 18:21:53.931050 34 storage/engine/rocksdb.go:120                        Options.WAL_size_limit_MB: 0
I200409 18:21:53.931078 34 storage/engine/rocksdb.go:120              Options.manifest_preallocation_size: 4194304
I200409 18:21:53.931106 34 storage/engine/rocksdb.go:120                      Options.is_fd_close_on_exec: 1
I200409 18:21:53.931133 34 storage/engine/rocksdb.go:120                    Options.advise_random_on_open: 1
I200409 18:21:53.931160 34 storage/engine/rocksdb.go:120                     Options.db_write_buffer_size: 0
I200409 18:21:53.931188 34 storage/engine/rocksdb.go:120                     Options.write_buffer_manager: 0x7f801c219060
I200409 18:21:53.931226 34 storage/engine/rocksdb.go:120          Options.access_hint_on_compaction_start: 1
I200409 18:21:53.931254 34 storage/engine/rocksdb.go:120   Options.new_table_reader_for_compaction_inputs: 0
I200409 18:21:53.931282 34 storage/engine/rocksdb.go:120            Options.random_access_max_buffer_size: 1048576
I200409 18:21:53.931310 34 storage/engine/rocksdb.go:120                       Options.use_adaptive_mutex: 0
I200409 18:21:53.931338 34 storage/engine/rocksdb.go:120                             Options.rate_limiter: (nil)
I200409 18:21:53.931366 34 storage/engine/rocksdb.go:120      Options.sst_file_manager.rate_bytes_per_sec: 0
I200409 18:21:53.931420 34 storage/engine/rocksdb.go:120                        Options.wal_recovery_mode: 0
I200409 18:21:53.931448 34 storage/engine/rocksdb.go:120                   Options.enable_thread_tracking: 0
I200409 18:21:53.931476 34 storage/engine/rocksdb.go:120                   Options.enable_pipelined_write: 0
I200409 18:21:53.931504 34 storage/engine/rocksdb.go:120          Options.allow_concurrent_memtable_write: 1
I200409 18:21:53.931544 34 storage/engine/rocksdb.go:120       Options.enable_write_thread_adaptive_yield: 1
I200409 18:21:53.938201 34 storage/engine/rocksdb.go:120              Options.write_thread_max_yield_usec: 100
I200409 18:21:53.954990 34 storage/engine/rocksdb.go:120             Options.write_thread_slow_yield_usec: 3
I200409 18:21:53.955035 34 storage/engine/rocksdb.go:120                                Options.row_cache: None
I200409 18:21:53.955076 34 storage/engine/rocksdb.go:120                               Options.wal_filter: None
I200409 18:21:53.955115 34 storage/engine/rocksdb.go:120              Options.avoid_flush_during_recovery: 0
I200409 18:21:53.955154 34 storage/engine/rocksdb.go:120              Options.allow_ingest_behind: 0
I200409 18:21:53.966209 34 storage/engine/rocksdb.go:120              Options.preserve_deletes: 0
I200409 18:21:53.966259 34 storage/engine/rocksdb.go:120              Options.two_write_queues: 0
I200409 18:21:53.966303 34 storage/engine/rocksdb.go:120              Options.manual_wal_flush: 1
I200409 18:21:53.968116 34 storage/engine/rocksdb.go:120              Options.atomic_flush: 0
I200409 18:21:53.976392 34 storage/engine/rocksdb.go:120              Options.avoid_unnecessary_blocking_io: 0
I200409 18:21:53.976482 34 storage/engine/rocksdb.go:120              Options.max_background_jobs: 2
I200409 18:21:53.976512 34 storage/engine/rocksdb.go:120              Options.max_background_compactions: -1
I200409 18:21:53.976536 34 storage/engine/rocksdb.go:120              Options.avoid_flush_during_shutdown: 0
I200409 18:21:53.976565 34 storage/engine/rocksdb.go:120            Options.writable_file_max_buffer_size: 1048576
I200409 18:21:53.976605 34 storage/engine/rocksdb.go:120              Options.delayed_write_rate : 16777216
I200409 18:21:53.976636 34 storage/engine/rocksdb.go:120              Options.max_total_wal_size: 0
I200409 18:21:53.976665 34 storage/engine/rocksdb.go:120              Options.delete_obsolete_files_period_micros: 21600000000
I200409 18:21:53.976693 34 storage/engine/rocksdb.go:120                    Options.stats_dump_period_sec: 0
I200409 18:21:53.976722 34 storage/engine/rocksdb.go:120                  Options.stats_persist_period_sec: 600
I200409 18:21:53.976752 34 storage/engine/rocksdb.go:120                  Options.stats_history_buffer_size: 1048576
I200409 18:21:53.976786 34 storage/engine/rocksdb.go:120                           Options.max_open_files: 128
I200409 18:21:53.976816 34 storage/engine/rocksdb.go:120                           Options.bytes_per_sync: 524288
I200409 18:21:53.976844 34 storage/engine/rocksdb.go:120                       Options.wal_bytes_per_sync: 0
I200409 18:21:53.976872 34 storage/engine/rocksdb.go:120                    Options.strict_bytes_per_sync: 1
I200409 18:21:53.976900 34 storage/engine/rocksdb.go:120        Options.compaction_readahead_size: 0
I200409 18:21:53.976920 34 storage/engine/rocksdb.go:120  Compression algorithms supported:
I200409 18:21:53.976960 34 storage/engine/rocksdb.go:120  	kZSTDNotFinalCompression supported: 0
I200409 18:21:53.976991 34 storage/engine/rocksdb.go:120  	kZSTD supported: 0
I200409 18:21:53.977019 34 storage/engine/rocksdb.go:120  	kXpressCompression supported: 0
I200409 18:21:53.977049 34 storage/engine/rocksdb.go:120  	kLZ4HCCompression supported: 0
I200409 18:21:53.977077 34 storage/engine/rocksdb.go:120  	kLZ4Compression supported: 0
I200409 18:21:53.977105 34 storage/engine/rocksdb.go:120  	kBZip2Compression supported: 0
I200409 18:21:53.977138 34 storage/engine/rocksdb.go:120  	kZlibCompression supported: 0
I200409 18:21:53.977168 34 storage/engine/rocksdb.go:120  	kSnappyCompression supported: 1
I200409 18:21:53.977204 34 storage/engine/rocksdb.go:120  Fast CRC32 supported: Supported on x86
I200409 18:21:54.196723 34 storage/engine/rocksdb.go:120  [db/db_impl_open.cc:242] Creating manifest 1 
I200409 18:21:54.729454 34 storage/engine/rocksdb.go:120  [db/version_set.cc:4072] Recovering from manifest file: /cockroach/cockroach-data/cockroach-temp232779924/MANIFEST-000001
I200409 18:21:54.749927 34 storage/engine/rocksdb.go:120  [db/column_family.cc:488] --------------- Options for column family [default]:
I200409 18:21:54.749992 34 storage/engine/rocksdb.go:120                Options.comparator: cockroach_comparator
I200409 18:21:54.750037 34 storage/engine/rocksdb.go:120            Options.merge_operator: cockroach_merge_operator
I200409 18:21:54.750192 34 storage/engine/rocksdb.go:120         Options.compaction_filter: None
I200409 18:21:54.750381 34 storage/engine/rocksdb.go:120         Options.compaction_filter_factory: None
I200409 18:21:54.750430 34 storage/engine/rocksdb.go:120          Options.memtable_factory: SkipListFactory
I200409 18:21:54.750475 34 storage/engine/rocksdb.go:120             Options.table_factory: BlockBasedTable
I200409 18:21:54.750581 34 storage/engine/rocksdb.go:120             table_factory options:   flush_block_policy_factory: FlushBlockBySizePolicyFactory (0x7f801c228030)
  cache_index_and_filter_blocks: 0
  cache_index_and_filter_blocks_with_high_priority: 0
  pin_l0_filter_and_index_blocks_in_cache: 0
  pin_top_level_index_and_filter: 1
  index_type: 0
  data_block_index_type: 0
  index_shortening: 1
  data_block_hash_table_util_ratio: 0.750000
  hash_index_allow_collision: 1
  checksum: 1
  no_block_cache: 0
  block_cache: 0x7f801c21c010
  block_cache_name: LRUCache
  block_cache_options:
    capacity : 1048576
    num_shard_bits : 4
    strict_capacity_limit : 0
    memory_allocator : None
    high_pri_pool_ratio: 0.000
  block_cache_compressed: (nil)
  persistent_cache: (nil)
  block_size: 32768
  block_size_deviation: 10
  block_restart_interval: 16
  index_block_restart_interval: 1
  metadata_block_size: 4096
  partition_filters: 0
  use_delta_encoding: 1
  filter_policy: rocksdb.BuiltinBloomFilter
  whole_key_filtering: 0
  verify_compression: 0
  read_amp_bytes_per_bit: 0
  format_version: 2
  enable_index_compression: 1
  block_align: 0
I200409 18:21:54.750627 34 storage/engine/rocksdb.go:120         Options.write_buffer_size: 67108864
I200409 18:21:54.750669 34 storage/engine/rocksdb.go:120   Options.max_write_buffer_number: 4
I200409 18:21:54.750707 34 storage/engine/rocksdb.go:120           Options.compression: Snappy
I200409 18:21:54.750744 34 storage/engine/rocksdb.go:120                   Options.bottommost_compression: Disabled
I200409 18:21:54.750780 34 storage/engine/rocksdb.go:120        Options.prefix_extractor: cockroach_prefix_extractor
I200409 18:21:54.750824 34 storage/engine/rocksdb.go:120    Options.memtable_insert_with_hint_prefix_extractor: nullptr
I200409 18:21:54.750866 34 storage/engine/rocksdb.go:120              Options.num_levels: 7
I200409 18:21:54.750904 34 storage/engine/rocksdb.go:120         Options.min_write_buffer_number_to_merge: 1
I200409 18:21:54.750948 34 storage/engine/rocksdb.go:120      Options.max_write_buffer_number_to_maintain: 0
I200409 18:21:54.750986 34 storage/engine/rocksdb.go:120             Options.bottommost_compression_opts.window_bits: -14
I200409 18:21:54.751023 34 storage/engine/rocksdb.go:120                   Options.bottommost_compression_opts.level: 32767
I200409 18:21:54.751060 34 storage/engine/rocksdb.go:120                Options.bottommost_compression_opts.strategy: 0
I200409 18:21:54.751097 34 storage/engine/rocksdb.go:120          Options.bottommost_compression_opts.max_dict_bytes: 0
I200409 18:21:54.751133 34 storage/engine/rocksdb.go:120          Options.bottommost_compression_opts.zstd_max_train_bytes: 0
I200409 18:21:54.751170 34 storage/engine/rocksdb.go:120                   Options.bottommost_compression_opts.enabled: false
I200409 18:21:54.751207 34 storage/engine/rocksdb.go:120             Options.compression_opts.window_bits: -14
I200409 18:21:54.751352 34 storage/engine/rocksdb.go:120                   Options.compression_opts.level: 32767
I200409 18:21:54.751632 34 storage/engine/rocksdb.go:120                Options.compression_opts.strategy: 0
I200409 18:21:54.751671 34 storage/engine/rocksdb.go:120          Options.compression_opts.max_dict_bytes: 0
I200409 18:21:54.751709 34 storage/engine/rocksdb.go:120          Options.compression_opts.zstd_max_train_bytes: 0
I200409 18:21:54.751747 34 storage/engine/rocksdb.go:120                   Options.compression_opts.enabled: false
I200409 18:21:54.751785 34 storage/engine/rocksdb.go:120       Options.level0_file_num_compaction_trigger: 2
I200409 18:21:54.751825 34 storage/engine/rocksdb.go:120           Options.level0_slowdown_writes_trigger: 950
I200409 18:21:54.751864 34 storage/engine/rocksdb.go:120               Options.level0_stop_writes_trigger: 1000
I200409 18:21:54.751904 34 storage/engine/rocksdb.go:120                    Options.target_file_size_base: 4194304
I200409 18:21:54.751944 34 storage/engine/rocksdb.go:120              Options.target_file_size_multiplier: 2
I200409 18:21:54.751989 34 storage/engine/rocksdb.go:120                 Options.max_bytes_for_level_base: 67108864
I200409 18:21:54.752145 34 storage/engine/rocksdb.go:120  Options.level_compaction_dynamic_level_bytes: 1
I200409 18:21:54.752193 34 storage/engine/rocksdb.go:120           Options.max_bytes_for_level_multiplier: 10.000000
I200409 18:21:54.752239 34 storage/engine/rocksdb.go:120  Options.max_bytes_for_level_multiplier_addtl[0]: 1
I200409 18:21:54.752279 34 storage/engine/rocksdb.go:120  Options.max_bytes_for_level_multiplier_addtl[1]: 1
I200409 18:21:54.752322 34 storage/engine/rocksdb.go:120  Options.max_bytes_for_level_multiplier_addtl[2]: 1
I200409 18:21:54.752365 34 storage/engine/rocksdb.go:120  Options.max_bytes_for_level_multiplier_addtl[3]: 1
I200409 18:21:54.752407 34 storage/engine/rocksdb.go:120  Options.max_bytes_for_level_multiplier_addtl[4]: 1
I200409 18:21:54.752450 34 storage/engine/rocksdb.go:120  Options.max_bytes_for_level_multiplier_addtl[5]: 1
I200409 18:21:54.752493 34 storage/engine/rocksdb.go:120  Options.max_bytes_for_level_multiplier_addtl[6]: 1
I200409 18:21:54.752537 34 storage/engine/rocksdb.go:120        Options.max_sequential_skip_in_iterations: 8
I200409 18:21:54.752580 34 storage/engine/rocksdb.go:120                     Options.max_compaction_bytes: 104857600
I200409 18:21:54.752623 34 storage/engine/rocksdb.go:120                         Options.arena_block_size: 8388608
I200409 18:21:54.752666 34 storage/engine/rocksdb.go:120    Options.soft_pending_compaction_bytes_limit: 2199023255552
I200409 18:21:54.752702 34 storage/engine/rocksdb.go:120    Options.hard_pending_compaction_bytes_limit: 4400193994752
I200409 18:21:54.752749 34 storage/engine/rocksdb.go:120        Options.rate_limit_delay_max_milliseconds: 100
I200409 18:21:54.752791 34 storage/engine/rocksdb.go:120                 Options.disable_auto_compactions: 0
I200409 18:21:54.752838 34 storage/engine/rocksdb.go:120                         Options.compaction_style: kCompactionStyleLevel
I200409 18:21:54.752884 34 storage/engine/rocksdb.go:120                           Options.compaction_pri: kMinOverlappingRatio
I200409 18:21:54.752933 34 storage/engine/rocksdb.go:120  Options.compaction_options_universal.size_ratio: 1
I200409 18:21:54.752980 34 storage/engine/rocksdb.go:120  Options.compaction_options_universal.min_merge_width: 2
I200409 18:21:54.753050 34 storage/engine/rocksdb.go:120  Options.compaction_options_universal.max_merge_width: 4294967295
I200409 18:21:54.753094 34 storage/engine/rocksdb.go:120  Options.compaction_options_universal.max_size_amplification_percent: 200
I200409 18:21:54.753136 34 storage/engine/rocksdb.go:120  Options.compaction_options_universal.compression_size_percent: -1
I200409 18:21:54.753187 34 storage/engine/rocksdb.go:120  Options.compaction_options_universal.stop_style: kCompactionStopStyleTotalSize
I200409 18:21:54.753230 34 storage/engine/rocksdb.go:120  Options.compaction_options_fifo.max_table_files_size: 1073741824
I200409 18:21:54.753270 34 storage/engine/rocksdb.go:120  Options.compaction_options_fifo.allow_compaction: 0
I200409 18:21:54.753333 34 storage/engine/rocksdb.go:120                    Options.table_properties_collectors: TimeBoundTblPropCollectorFactory; DeleteRangeTblPropCollectorFactory; 
I200409 18:21:54.753388 34 storage/engine/rocksdb.go:120                    Options.inplace_update_support: 0
I200409 18:21:54.753436 34 storage/engine/rocksdb.go:120                  Options.inplace_update_num_locks: 10000
I200409 18:21:54.753483 34 storage/engine/rocksdb.go:120                Options.memtable_prefix_bloom_size_ratio: 0.000000
I200409 18:21:54.753525 34 storage/engine/rocksdb.go:120                Options.memtable_whole_key_filtering: 0
I200409 18:21:54.753566 34 storage/engine/rocksdb.go:120    Options.memtable_huge_page_size: 0
I200409 18:21:54.753610 34 storage/engine/rocksdb.go:120                            Options.bloom_locality: 0
I200409 18:21:54.753655 34 storage/engine/rocksdb.go:120                     Options.max_successive_merges: 0
I200409 18:21:54.753701 34 storage/engine/rocksdb.go:120                 Options.optimize_filters_for_hits: 1
I200409 18:21:54.753743 34 storage/engine/rocksdb.go:120                 Options.paranoid_file_checks: 0
I200409 18:21:54.753787 34 storage/engine/rocksdb.go:120                 Options.force_consistency_checks: 0
I200409 18:21:54.753829 34 storage/engine/rocksdb.go:120                 Options.report_bg_io_stats: 0
I200409 18:21:54.758259 34 storage/engine/rocksdb.go:120                                Options.ttl: 0
I200409 18:21:54.758289 34 storage/engine/rocksdb.go:120           Options.periodic_compaction_seconds: 0
I200409 18:21:54.874180 34 storage/engine/rocksdb.go:120  [db/version_set.cc:4286] Recovered from manifest file:/cockroach/cockroach-data/cockroach-temp232779924/MANIFEST-000001 succeeded,manifest_file_number is 1, next_file_number is 3, last_sequence is 0, log_number is 0,prev_log_number is 0,max_column_family is 0,min_log_number_to_keep is 0
I200409 18:21:54.874234 34 storage/engine/rocksdb.go:120  [db/version_set.cc:4295] Column family [default] (ID 0), log number is 0
I200409 18:21:55.196592 34 storage/engine/rocksdb.go:120  DB pointer 0x7f801c2a1000
I200409 18:21:55.894582 34 storage/engine/rocksdb.go:120  RocksDB version: 6.2.1
I200409 18:21:55.894768 34 storage/engine/rocksdb.go:120  Git sha rocksdb_build_git_sha:@b7009236531fa784872f4823eabf393501e41bf2@
I200409 18:21:55.894818 34 storage/engine/rocksdb.go:120  Compile date Mar 16 2020
I200409 18:21:55.894980 34 storage/engine/rocksdb.go:120  DB SUMMARY
I200409 18:21:55.957802 34 storage/engine/rocksdb.go:120  CURRENT file:  CURRENT
I200409 18:21:55.957864 34 storage/engine/rocksdb.go:120  IDENTITY file:  IDENTITY
I200409 18:21:55.969460 34 storage/engine/rocksdb.go:120  MANIFEST file:  MANIFEST-000078 size: 243 Bytes
I200409 18:21:55.969634 34 storage/engine/rocksdb.go:120  SST files in /cockroach/cockroach-data dir, Total Num: 1, files: 000082.sst 
I200409 18:21:55.969664 34 storage/engine/rocksdb.go:120  Write Ahead Log file in /cockroach/cockroach-data: 000079.log size: 249783 ; 
I200409 18:21:55.969852 34 storage/engine/rocksdb.go:120                          Options.error_if_exists: 0
I200409 18:21:55.970298 34 storage/engine/rocksdb.go:120                        Options.create_if_missing: 1
I200409 18:21:56.000712 34 storage/engine/rocksdb.go:120                          Options.paranoid_checks: 1
I200409 18:21:56.000880 34 storage/engine/rocksdb.go:120                                      Options.env: 0x75757a0
I200409 18:21:56.000914 34 storage/engine/rocksdb.go:120                                 Options.info_log: 0x7f8025c87f20
I200409 18:21:56.001052 34 storage/engine/rocksdb.go:120                 Options.max_file_opening_threads: 16
I200409 18:21:56.001082 34 storage/engine/rocksdb.go:120                               Options.statistics: 0x7f8025c1d8d0
I200409 18:21:56.001119 34 storage/engine/rocksdb.go:120                                Options.use_fsync: 0
I200409 18:21:56.001351 34 storage/engine/rocksdb.go:120                        Options.max_log_file_size: 0
I200409 18:21:56.001375 34 storage/engine/rocksdb.go:120                   Options.max_manifest_file_size: 134217728
I200409 18:21:56.001521 34 storage/engine/rocksdb.go:120                    Options.log_file_time_to_roll: 0
I200409 18:21:56.001550 34 storage/engine/rocksdb.go:120                        Options.keep_log_file_num: 1000
I200409 18:21:56.001586 34 storage/engine/rocksdb.go:120                     Options.recycle_log_file_num: 1
I200409 18:21:56.001716 34 storage/engine/rocksdb.go:120                          Options.allow_fallocate: 1
I200409 18:21:56.001749 34 storage/engine/rocksdb.go:120                         Options.allow_mmap_reads: 0
I200409 18:21:56.001908 34 storage/engine/rocksdb.go:120                        Options.allow_mmap_writes: 0
I200409 18:21:56.001946 34 storage/engine/rocksdb.go:120                         Options.use_direct_reads: 0
I200409 18:21:56.002137 34 storage/engine/rocksdb.go:120                         Options.use_direct_io_for_flush_and_compaction: 0
I200409 18:21:56.012989 34 storage/engine/rocksdb.go:120           Options.create_missing_column_families: 0
I200409 18:21:56.013160 34 storage/engine/rocksdb.go:120                               Options.db_log_dir: 
I200409 18:21:56.013192 34 storage/engine/rocksdb.go:120                                  Options.wal_dir: /cockroach/cockroach-data
I200409 18:21:56.013416 34 storage/engine/rocksdb.go:120                 Options.table_cache_numshardbits: 6
I200409 18:21:56.013584 34 storage/engine/rocksdb.go:120                       Options.max_subcompactions: 1
I200409 18:21:56.013622 34 storage/engine/rocksdb.go:120                   Options.max_background_flushes: -1
I200409 18:21:56.014029 34 storage/engine/rocksdb.go:120                          Options.WAL_ttl_seconds: 0
I200409 18:21:56.014291 34 storage/engine/rocksdb.go:120                        Options.WAL_size_limit_MB: 0
I200409 18:21:56.017702 34 storage/engine/rocksdb.go:120              Options.manifest_preallocation_size: 4194304
I200409 18:21:56.017752 34 storage/engine/rocksdb.go:120                      Options.is_fd_close_on_exec: 1
I200409 18:21:56.017875 34 storage/engine/rocksdb.go:120                    Options.advise_random_on_open: 1
I200409 18:21:56.017909 34 storage/engine/rocksdb.go:120                     Options.db_write_buffer_size: 0
I200409 18:21:56.017937 34 storage/engine/rocksdb.go:120                     Options.write_buffer_manager: 0x7f8025c60cb0
I200409 18:21:56.018356 34 storage/engine/rocksdb.go:120          Options.access_hint_on_compaction_start: 1
I200409 18:21:56.018386 34 storage/engine/rocksdb.go:120   Options.new_table_reader_for_compaction_inputs: 0
I200409 18:21:56.018426 34 storage/engine/rocksdb.go:120            Options.random_access_max_buffer_size: 1048576
I200409 18:21:56.018607 34 storage/engine/rocksdb.go:120                       Options.use_adaptive_mutex: 0
I200409 18:21:56.018639 34 storage/engine/rocksdb.go:120                             Options.rate_limiter: (nil)
I200409 18:21:56.018792 34 storage/engine/rocksdb.go:120      Options.sst_file_manager.rate_bytes_per_sec: 0
I200409 18:21:56.018823 34 storage/engine/rocksdb.go:120                        Options.wal_recovery_mode: 0
I200409 18:21:56.018858 34 storage/engine/rocksdb.go:120                   Options.enable_thread_tracking: 0
I200409 18:21:56.019000 34 storage/engine/rocksdb.go:120                   Options.enable_pipelined_write: 0
I200409 18:21:56.019030 34 storage/engine/rocksdb.go:120          Options.allow_concurrent_memtable_write: 1
I200409 18:21:56.019148 34 storage/engine/rocksdb.go:120       Options.enable_write_thread_adaptive_yield: 1
I200409 18:21:56.019201 34 storage/engine/rocksdb.go:120              Options.write_thread_max_yield_usec: 100
I200409 18:21:56.031681 34 storage/engine/rocksdb.go:120             Options.write_thread_slow_yield_usec: 3
I200409 18:21:56.031718 34 storage/engine/rocksdb.go:120                                Options.row_cache: None
I200409 18:21:56.031869 34 storage/engine/rocksdb.go:120                               Options.wal_filter: None
I200409 18:21:56.032039 34 storage/engine/rocksdb.go:120              Options.avoid_flush_during_recovery: 0
I200409 18:21:56.032072 34 storage/engine/rocksdb.go:120              Options.allow_ingest_behind: 0
I200409 18:21:56.032178 34 storage/engine/rocksdb.go:120              Options.preserve_deletes: 0
I200409 18:21:56.032208 34 storage/engine/rocksdb.go:120              Options.two_write_queues: 0
I200409 18:21:56.032245 34 storage/engine/rocksdb.go:120              Options.manual_wal_flush: 1
I200409 18:21:56.032366 34 storage/engine/rocksdb.go:120              Options.atomic_flush: 0
I200409 18:21:56.032458 34 storage/engine/rocksdb.go:120              Options.avoid_unnecessary_blocking_io: 0
I200409 18:21:56.032499 34 storage/engine/rocksdb.go:120              Options.max_background_jobs: 2
I200409 18:21:56.032654 34 storage/engine/rocksdb.go:120              Options.max_background_compactions: -1
I200409 18:21:56.032685 34 storage/engine/rocksdb.go:120              Options.avoid_flush_during_shutdown: 0
I200409 18:21:56.032825 34 storage/engine/rocksdb.go:120            Options.writable_file_max_buffer_size: 1048576
I200409 18:21:56.032857 34 storage/engine/rocksdb.go:120              Options.delayed_write_rate : 16777216
I200409 18:21:56.032987 34 storage/engine/rocksdb.go:120              Options.max_total_wal_size: 0
I200409 18:21:56.033020 34 storage/engine/rocksdb.go:120              Options.delete_obsolete_files_period_micros: 21600000000
I200409 18:21:56.033096 34 storage/engine/rocksdb.go:120                    Options.stats_dump_period_sec: 0
I200409 18:21:56.033161 34 storage/engine/rocksdb.go:120                  Options.stats_persist_period_sec: 600
I200409 18:21:56.033191 34 storage/engine/rocksdb.go:120                  Options.stats_history_buffer_size: 1048576
I200409 18:21:56.035301 34 storage/engine/rocksdb.go:120                           Options.max_open_files: 1043576
I200409 18:21:56.088959 34 storage/engine/rocksdb.go:120                           Options.bytes_per_sync: 524288
I200409 18:21:56.089132 34 storage/engine/rocksdb.go:120                       Options.wal_bytes_per_sync: 0
I200409 18:21:56.089169 34 storage/engine/rocksdb.go:120                    Options.strict_bytes_per_sync: 1
I200409 18:21:56.089199 34 storage/engine/rocksdb.go:120        Options.compaction_readahead_size: 0
I200409 18:21:56.100550 34 storage/engine/rocksdb.go:120  Compression algorithms supported:
I200409 18:21:56.119525 34 storage/engine/rocksdb.go:120  	kZSTDNotFinalCompression supported: 0
I200409 18:21:56.119555 34 storage/engine/rocksdb.go:120  	kZSTD supported: 0
I200409 18:21:56.119720 34 storage/engine/rocksdb.go:120  	kXpressCompression supported: 0
I200409 18:21:56.119751 34 storage/engine/rocksdb.go:120  	kLZ4HCCompression supported: 0
I200409 18:21:56.119781 34 storage/engine/rocksdb.go:120  	kLZ4Compression supported: 0
I200409 18:21:56.119922 34 storage/engine/rocksdb.go:120  	kBZip2Compression supported: 0
I200409 18:21:56.119950 34 storage/engine/rocksdb.go:120  	kZlibCompression supported: 0
I200409 18:21:56.119980 34 storage/engine/rocksdb.go:120  	kSnappyCompression supported: 1
I200409 18:21:56.120140 34 storage/engine/rocksdb.go:120  Fast CRC32 supported: Supported on x86
I200409 18:21:56.288924 34 storage/engine/rocksdb.go:120  [db/version_set.cc:4072] Recovering from manifest file: /cockroach/cockroach-data/MANIFEST-000078
I200409 18:21:56.311181 34 storage/engine/rocksdb.go:120  [db/column_family.cc:488] --------------- Options for column family [default]:
I200409 18:21:56.311309 34 storage/engine/rocksdb.go:120                Options.comparator: cockroach_comparator
I200409 18:21:56.311339 34 storage/engine/rocksdb.go:120            Options.merge_operator: cockroach_merge_operator
I200409 18:21:56.311367 34 storage/engine/rocksdb.go:120         Options.compaction_filter: None
I200409 18:21:56.311395 34 storage/engine/rocksdb.go:120         Options.compaction_filter_factory: None
I200409 18:21:56.311424 34 storage/engine/rocksdb.go:120          Options.memtable_factory: SkipListFactory
I200409 18:21:56.311452 34 storage/engine/rocksdb.go:120             Options.table_factory: BlockBasedTable
I200409 18:21:56.311529 34 storage/engine/rocksdb.go:120             table_factory options:   flush_block_policy_factory: FlushBlockBySizePolicyFactory (0x7f8025c24038)
  cache_index_and_filter_blocks: 0
  cache_index_and_filter_blocks_with_high_priority: 0
  pin_l0_filter_and_index_blocks_in_cache: 0
  pin_top_level_index_and_filter: 1
  index_type: 0
  data_block_index_type: 0
  index_shortening: 1
  data_block_hash_table_util_ratio: 0.750000
  hash_index_allow_collision: 1
  checksum: 1
  no_block_cache: 0
  block_cache: 0x7f801da14010
  block_cache_name: LRUCache
  block_cache_options:
    capacity : 67108864
    num_shard_bits : 4
    strict_capacity_limit : 0
    memory_allocator : None
    high_pri_pool_ratio: 0.000
  block_cache_compressed: (nil)
  persistent_cache: (nil)
  block_size: 32768
  block_size_deviation: 10
  block_restart_interval: 16
  index_block_restart_interval: 1
  metadata_block_size: 4096
  partition_filters: 0
  use_delta_encoding: 1
  filter_policy: rocksdb.BuiltinBloomFilter
  whole_key_filtering: 0
  verify_compression: 0
  read_amp_bytes_per_bit: 0
  format_version: 2
  enable_index_compression: 1
  block_align: 0
I200409 18:21:56.311562 34 storage/engine/rocksdb.go:120         Options.write_buffer_size: 67108864
I200409 18:21:56.311626 34 storage/engine/rocksdb.go:120   Options.max_write_buffer_number: 4
I200409 18:21:56.311655 34 storage/engine/rocksdb.go:120           Options.compression: Snappy
I200409 18:21:56.311683 34 storage/engine/rocksdb.go:120                   Options.bottommost_compression: Disabled
I200409 18:21:56.311711 34 storage/engine/rocksdb.go:120        Options.prefix_extractor: cockroach_prefix_extractor
I200409 18:21:56.311739 34 storage/engine/rocksdb.go:120    Options.memtable_insert_with_hint_prefix_extractor: nullptr
I200409 18:21:56.311767 34 storage/engine/rocksdb.go:120              Options.num_levels: 7
I200409 18:21:56.311794 34 storage/engine/rocksdb.go:120         Options.min_write_buffer_number_to_merge: 1
I200409 18:21:56.311824 34 storage/engine/rocksdb.go:120      Options.max_write_buffer_number_to_maintain: 0
I200409 18:21:56.311852 34 storage/engine/rocksdb.go:120             Options.bottommost_compression_opts.window_bits: -14
I200409 18:21:56.311880 34 storage/engine/rocksdb.go:120                   Options.bottommost_compression_opts.level: 32767
I200409 18:21:56.311910 34 storage/engine/rocksdb.go:120                Options.bottommost_compression_opts.strategy: 0
I200409 18:21:56.311938 34 storage/engine/rocksdb.go:120          Options.bottommost_compression_opts.max_dict_bytes: 0
I200409 18:21:56.311966 34 storage/engine/rocksdb.go:120          Options.bottommost_compression_opts.zstd_max_train_bytes: 0
I200409 18:21:56.311986 34 storage/engine/rocksdb.go:120                   Options.bottommost_compression_opts.enabled: false
I200409 18:21:56.312010 34 storage/engine/rocksdb.go:120             Options.compression_opts.window_bits: -14
I200409 18:21:56.312031 34 storage/engine/rocksdb.go:120                   Options.compression_opts.level: 32767
I200409 18:21:56.312059 34 storage/engine/rocksdb.go:120                Options.compression_opts.strategy: 0
I200409 18:21:56.312088 34 storage/engine/rocksdb.go:120          Options.compression_opts.max_dict_bytes: 0
I200409 18:21:56.312118 34 storage/engine/rocksdb.go:120          Options.compression_opts.zstd_max_train_bytes: 0
I200409 18:21:56.323373 34 storage/engine/rocksdb.go:120                   Options.compression_opts.enabled: false
I200409 18:21:56.323891 34 storage/engine/rocksdb.go:120       Options.level0_file_num_compaction_trigger: 2
I200409 18:21:56.323937 34 storage/engine/rocksdb.go:120           Options.level0_slowdown_writes_trigger: 950
I200409 18:21:56.325822 34 storage/engine/rocksdb.go:120               Options.level0_stop_writes_trigger: 1000
I200409 18:21:56.325867 34 storage/engine/rocksdb.go:120                    Options.target_file_size_base: 4194304
I200409 18:21:56.325914 34 storage/engine/rocksdb.go:120              Options.target_file_size_multiplier: 2
I200409 18:21:56.334361 34 storage/engine/rocksdb.go:120                 Options.max_bytes_for_level_base: 67108864
I200409 18:21:56.343792 34 storage/engine/rocksdb.go:120  Options.level_compaction_dynamic_level_bytes: 1
I200409 18:21:56.344048 34 storage/engine/rocksdb.go:120           Options.max_bytes_for_level_multiplier: 10.000000
I200409 18:21:56.344203 34 storage/engine/rocksdb.go:120  Options.max_bytes_for_level_multiplier_addtl[0]: 1
I200409 18:21:56.344410 34 storage/engine/rocksdb.go:120  Options.max_bytes_for_level_multiplier_addtl[1]: 1
I200409 18:21:56.344561 34 storage/engine/rocksdb.go:120  Options.max_bytes_for_level_multiplier_addtl[2]: 1
I200409 18:21:56.344597 34 storage/engine/rocksdb.go:120  Options.max_bytes_for_level_multiplier_addtl[3]: 1
I200409 18:21:56.360266 34 storage/engine/rocksdb.go:120  Options.max_bytes_for_level_multiplier_addtl[4]: 1
I200409 18:21:56.360328 34 storage/engine/rocksdb.go:120  Options.max_bytes_for_level_multiplier_addtl[5]: 1
I200409 18:21:56.360392 34 storage/engine/rocksdb.go:120  Options.max_bytes_for_level_multiplier_addtl[6]: 1
I200409 18:21:56.360434 34 storage/engine/rocksdb.go:120        Options.max_sequential_skip_in_iterations: 8
I200409 18:21:56.360472 34 storage/engine/rocksdb.go:120                     Options.max_compaction_bytes: 104857600
I200409 18:21:56.360509 34 storage/engine/rocksdb.go:120                         Options.arena_block_size: 8388608
I200409 18:21:56.360549 34 storage/engine/rocksdb.go:120    Options.soft_pending_compaction_bytes_limit: 2199023255552
I200409 18:21:56.360589 34 storage/engine/rocksdb.go:120    Options.hard_pending_compaction_bytes_limit: 4400193994752
I200409 18:21:56.360629 34 storage/engine/rocksdb.go:120        Options.rate_limit_delay_max_milliseconds: 100
I200409 18:21:56.360670 34 storage/engine/rocksdb.go:120                 Options.disable_auto_compactions: 0
I200409 18:21:56.360716 34 storage/engine/rocksdb.go:120                         Options.compaction_style: kCompactionStyleLevel
I200409 18:21:56.360759 34 storage/engine/rocksdb.go:120                           Options.compaction_pri: kMinOverlappingRatio
I200409 18:21:56.360800 34 storage/engine/rocksdb.go:120  Options.compaction_options_universal.size_ratio: 1
I200409 18:21:56.360841 34 storage/engine/rocksdb.go:120  Options.compaction_options_universal.min_merge_width: 2
I200409 18:21:56.360882 34 storage/engine/rocksdb.go:120  Options.compaction_options_universal.max_merge_width: 4294967295
I200409 18:21:56.360924 34 storage/engine/rocksdb.go:120  Options.compaction_options_universal.max_size_amplification_percent: 200
I200409 18:21:56.360966 34 storage/engine/rocksdb.go:120  Options.compaction_options_universal.compression_size_percent: -1
I200409 18:21:56.361010 34 storage/engine/rocksdb.go:120  Options.compaction_options_universal.stop_style: kCompactionStopStyleTotalSize
I200409 18:21:56.375691 34 storage/engine/rocksdb.go:120  Options.compaction_options_fifo.max_table_files_size: 1073741824
I200409 18:21:56.375774 34 storage/engine/rocksdb.go:120  Options.compaction_options_fifo.allow_compaction: 0
I200409 18:21:56.375822 34 storage/engine/rocksdb.go:120                    Options.table_properties_collectors: TimeBoundTblPropCollectorFactory; DeleteRangeTblPropCollectorFactory; 
I200409 18:21:56.375865 34 storage/engine/rocksdb.go:120                    Options.inplace_update_support: 0
I200409 18:21:56.375903 34 storage/engine/rocksdb.go:120                  Options.inplace_update_num_locks: 10000
I200409 18:21:56.375943 34 storage/engine/rocksdb.go:120                Options.memtable_prefix_bloom_size_ratio: 0.000000
I200409 18:21:56.375982 34 storage/engine/rocksdb.go:120                Options.memtable_whole_key_filtering: 0
I200409 18:21:56.376022 34 storage/engine/rocksdb.go:120    Options.memtable_huge_page_size: 0
I200409 18:21:56.376062 34 storage/engine/rocksdb.go:120                            Options.bloom_locality: 0
I200409 18:21:56.376101 34 storage/engine/rocksdb.go:120                     Options.max_successive_merges: 0
I200409 18:21:56.376139 34 storage/engine/rocksdb.go:120                 Options.optimize_filters_for_hits: 1
I200409 18:21:56.376176 34 storage/engine/rocksdb.go:120                 Options.paranoid_file_checks: 0
I200409 18:21:56.376213 34 storage/engine/rocksdb.go:120                 Options.force_consistency_checks: 0
I200409 18:21:56.376250 34 storage/engine/rocksdb.go:120                 Options.report_bg_io_stats: 0
I200409 18:21:56.376287 34 storage/engine/rocksdb.go:120                                Options.ttl: 0
I200409 18:21:56.376324 34 storage/engine/rocksdb.go:120           Options.periodic_compaction_seconds: 0
I200409 18:21:56.513234 34 storage/engine/rocksdb.go:120  [db/version_set.cc:3086] More existing levels in DB than needed. max_bytes_for_level_multiplier may not be guaranteed.
I200409 18:21:56.513691 34 storage/engine/rocksdb.go:120  [db/version_set.cc:4286] Recovered from manifest file:/cockroach/cockroach-data/MANIFEST-000078 succeeded,manifest_file_number is 78, next_file_number is 84, last_sequence is 42862, log_number is 77,prev_log_number is 0,max_column_family is 0,min_log_number_to_keep is 0
I200409 18:21:56.513924 34 storage/engine/rocksdb.go:120  [db/version_set.cc:4295] Column family [default] (ID 0), log number is 77
I200409 18:21:56.537063 34 storage/engine/rocksdb.go:120  EVENT_LOG_v1 {"time_micros": 1586456516530322, "job": 1, "event": "recovery_started", "log_files": [79]}
I200409 18:21:56.537140 34 storage/engine/rocksdb.go:120  [db/db_impl_open.cc:598] Recovering log #79 mode 0
I200409 18:21:56.624684 34 storage/engine/rocksdb.go:120  EVENT_LOG_v1 {"time_micros": 1586456516624454, "cf_name": "default", "job": 1, "event": "table_file_creation", "file_number": 84, "file_size": 1180, "table_properties": {"data_size": 151, "index_size": 34, "index_partitions": 0, "top_level_index_size": 0, "index_key_is_user_key": 0, "index_value_is_delta_encoded": 0, "filter_size": 69, "raw_key_size": 45, "raw_average_key_size": 15, "raw_value_size": 116, "raw_average_value_size": 38, "num_data_blocks": 1, "num_entries": 3, "num_deletions": 0, "num_merge_operands": 0, "num_range_deletions": 0, "format_version": 0, "fixed_key_len": 0, "filter_policy": "rocksdb.BuiltinBloomFilter", "column_family_name": "default", "column_family_id": 0, "comparator": "cockroach_comparator", "merge_operator": "cockroach_merge_operator", "prefix_extractor_name": "cockroach_prefix_extractor", "property_collectors": "[TimeBoundTblPropCollectorFactory,DeleteRangeTblPropCollectorFactory]", "compression": "Snappy", "compression_options": "window_bits=-14; level=32767; strategy=0; max_dict_bytes=0; zstd_max_train_bytes=0; enabled=0; ", "creation_time": 1586456516, "oldest_key_time": 3, "file_creation_time": 0}}
I200409 18:21:56.625516 34 storage/engine/rocksdb.go:120  [db/version_set.cc:3560] Creating manifest 85
I200409 18:21:56.634497 34 storage/engine/rocksdb.go:120  [db/version_set.cc:3086] More existing levels in DB than needed. max_bytes_for_level_multiplier may not be guaranteed.
I200409 18:21:56.645093 34 storage/engine/rocksdb.go:120  EVENT_LOG_v1 {"time_micros": 1586456516644928, "job": 1, "event": "recovery_finished"}
I200409 18:21:56.778180 34 storage/engine/rocksdb.go:120  DB pointer 0x7f8025d82000
I200409 18:50:11.554205 3634 storage/engine/rocksdb.go:120  bloom filter utility:    -nan%
I200409 18:50:11.555535 3634 storage/engine/rocksdb.go:120  [db/db_impl.cc:392] Shutdown: canceling all background work
I200409 18:50:11.580343 3634 storage/engine/rocksdb.go:120  [db/db_impl.cc:565] Shutdown complete
I200409 18:50:11.677892 3634 storage/engine/rocksdb.go:120  bloom filter utility:    41.7%
I200409 18:50:11.679031 3634 storage/engine/rocksdb.go:120  [db/db_impl.cc:392] Shutdown: canceling all background work
I200409 18:50:11.856949 3634 storage/engine/rocksdb.go:120  [db/db_impl.cc:565] Shutdown complete
