I200405 06:43:37.038103 29 util/log/clog.go:1196  [config] file created at: 2020/04/05 06:43:37
I200405 06:43:37.038103 29 util/log/clog.go:1196  [config] running on machine: 6414f64e9c65
I200405 06:43:37.038103 29 util/log/clog.go:1196  [config] binary: CockroachDB CCL v19.2.5 (x86_64-unknown-linux-gnu, built 2020/03/16 18:27:12, go1.12.12)
I200405 06:43:37.038103 29 util/log/clog.go:1196  [config] arguments: [/cockroach/cockroach start --insecure --join=node_1]
I200405 06:43:37.038103 29 util/log/clog.go:1196  line format: [IWEF]yymmdd hh:mm:ss.uuuuuu goid file:line msg utf8=✓
I200405 06:43:37.038027 29 storage/engine/rocksdb.go:120  RocksDB version: 6.2.1
I200405 06:43:37.045870 29 storage/engine/rocksdb.go:120  Git sha rocksdb_build_git_sha:@b7009236531fa784872f4823eabf393501e41bf2@
I200405 06:43:37.045966 29 storage/engine/rocksdb.go:120  Compile date Mar 16 2020
I200405 06:43:37.046116 29 storage/engine/rocksdb.go:120  DB SUMMARY
I200405 06:43:37.067801 29 storage/engine/rocksdb.go:120  SST files in /cockroach/cockroach-data/cockroach-temp588443196 dir, Total Num: 0, files: 
I200405 06:43:37.068088 29 storage/engine/rocksdb.go:120  Write Ahead Log file in /cockroach/cockroach-data/cockroach-temp588443196: 
I200405 06:43:37.068691 29 storage/engine/rocksdb.go:120                          Options.error_if_exists: 0
I200405 06:43:37.068911 29 storage/engine/rocksdb.go:120                        Options.create_if_missing: 1
I200405 06:43:37.068940 29 storage/engine/rocksdb.go:120                          Options.paranoid_checks: 1
I200405 06:43:37.069016 29 storage/engine/rocksdb.go:120                                      Options.env: 0x75757a0
I200405 06:43:37.069037 29 storage/engine/rocksdb.go:120                                 Options.info_log: 0x7fb9c140d100
I200405 06:43:37.069061 29 storage/engine/rocksdb.go:120                 Options.max_file_opening_threads: 16
I200405 06:43:37.069088 29 storage/engine/rocksdb.go:120                               Options.statistics: 0x7fb9c1429010
I200405 06:43:37.069111 29 storage/engine/rocksdb.go:120                                Options.use_fsync: 0
I200405 06:43:37.069137 29 storage/engine/rocksdb.go:120                        Options.max_log_file_size: 0
I200405 06:43:37.069160 29 storage/engine/rocksdb.go:120                   Options.max_manifest_file_size: 134217728
I200405 06:43:37.069188 29 storage/engine/rocksdb.go:120                    Options.log_file_time_to_roll: 0
I200405 06:43:37.069215 29 storage/engine/rocksdb.go:120                        Options.keep_log_file_num: 1000
I200405 06:43:37.069321 29 storage/engine/rocksdb.go:120                     Options.recycle_log_file_num: 1
I200405 06:43:37.069349 29 storage/engine/rocksdb.go:120                          Options.allow_fallocate: 1
I200405 06:43:37.069382 29 storage/engine/rocksdb.go:120                         Options.allow_mmap_reads: 0
I200405 06:43:37.069410 29 storage/engine/rocksdb.go:120                        Options.allow_mmap_writes: 0
I200405 06:43:37.069432 29 storage/engine/rocksdb.go:120                         Options.use_direct_reads: 0
I200405 06:43:37.069456 29 storage/engine/rocksdb.go:120                         Options.use_direct_io_for_flush_and_compaction: 0
I200405 06:43:37.069483 29 storage/engine/rocksdb.go:120           Options.create_missing_column_families: 0
I200405 06:43:37.069510 29 storage/engine/rocksdb.go:120                               Options.db_log_dir: 
I200405 06:43:37.069535 29 storage/engine/rocksdb.go:120                                  Options.wal_dir: /cockroach/cockroach-data/cockroach-temp588443196
I200405 06:43:37.069558 29 storage/engine/rocksdb.go:120                 Options.table_cache_numshardbits: 6
I200405 06:43:37.069582 29 storage/engine/rocksdb.go:120                       Options.max_subcompactions: 1
I200405 06:43:37.069605 29 storage/engine/rocksdb.go:120                   Options.max_background_flushes: -1
I200405 06:43:37.069632 29 storage/engine/rocksdb.go:120                          Options.WAL_ttl_seconds: 0
I200405 06:43:37.069660 29 storage/engine/rocksdb.go:120                        Options.WAL_size_limit_MB: 0
I200405 06:43:37.069688 29 storage/engine/rocksdb.go:120              Options.manifest_preallocation_size: 4194304
I200405 06:43:37.069715 29 storage/engine/rocksdb.go:120                      Options.is_fd_close_on_exec: 1
I200405 06:43:37.069743 29 storage/engine/rocksdb.go:120                    Options.advise_random_on_open: 1
I200405 06:43:37.069770 29 storage/engine/rocksdb.go:120                     Options.db_write_buffer_size: 0
I200405 06:43:37.069798 29 storage/engine/rocksdb.go:120                     Options.write_buffer_manager: 0x7fb9c1491030
I200405 06:43:37.069836 29 storage/engine/rocksdb.go:120          Options.access_hint_on_compaction_start: 1
I200405 06:43:37.069865 29 storage/engine/rocksdb.go:120   Options.new_table_reader_for_compaction_inputs: 0
I200405 06:43:37.069896 29 storage/engine/rocksdb.go:120            Options.random_access_max_buffer_size: 1048576
I200405 06:43:37.069927 29 storage/engine/rocksdb.go:120                       Options.use_adaptive_mutex: 0
I200405 06:43:37.069955 29 storage/engine/rocksdb.go:120                             Options.rate_limiter: (nil)
I200405 06:43:37.069983 29 storage/engine/rocksdb.go:120      Options.sst_file_manager.rate_bytes_per_sec: 0
I200405 06:43:37.070010 29 storage/engine/rocksdb.go:120                        Options.wal_recovery_mode: 0
I200405 06:43:37.070038 29 storage/engine/rocksdb.go:120                   Options.enable_thread_tracking: 0
I200405 06:43:37.070061 29 storage/engine/rocksdb.go:120                   Options.enable_pipelined_write: 0
I200405 06:43:37.070089 29 storage/engine/rocksdb.go:120          Options.allow_concurrent_memtable_write: 1
I200405 06:43:37.070116 29 storage/engine/rocksdb.go:120       Options.enable_write_thread_adaptive_yield: 1
I200405 06:43:37.070144 29 storage/engine/rocksdb.go:120              Options.write_thread_max_yield_usec: 100
I200405 06:43:37.070171 29 storage/engine/rocksdb.go:120             Options.write_thread_slow_yield_usec: 3
I200405 06:43:37.070199 29 storage/engine/rocksdb.go:120                                Options.row_cache: None
I200405 06:43:37.070226 29 storage/engine/rocksdb.go:120                               Options.wal_filter: None
I200405 06:43:37.070253 29 storage/engine/rocksdb.go:120              Options.avoid_flush_during_recovery: 0
I200405 06:43:37.070281 29 storage/engine/rocksdb.go:120              Options.allow_ingest_behind: 0
I200405 06:43:37.070308 29 storage/engine/rocksdb.go:120              Options.preserve_deletes: 0
I200405 06:43:37.070470 29 storage/engine/rocksdb.go:120              Options.two_write_queues: 0
I200405 06:43:37.070512 29 storage/engine/rocksdb.go:120              Options.manual_wal_flush: 1
I200405 06:43:37.070573 29 storage/engine/rocksdb.go:120              Options.atomic_flush: 0
I200405 06:43:37.070613 29 storage/engine/rocksdb.go:120              Options.avoid_unnecessary_blocking_io: 0
I200405 06:43:37.070644 29 storage/engine/rocksdb.go:120              Options.max_background_jobs: 2
I200405 06:43:37.070698 29 storage/engine/rocksdb.go:120              Options.max_background_compactions: -1
I200405 06:43:37.070730 29 storage/engine/rocksdb.go:120              Options.avoid_flush_during_shutdown: 0
I200405 06:43:37.070757 29 storage/engine/rocksdb.go:120            Options.writable_file_max_buffer_size: 1048576
I200405 06:43:37.070784 29 storage/engine/rocksdb.go:120              Options.delayed_write_rate : 16777216
I200405 06:43:37.070811 29 storage/engine/rocksdb.go:120              Options.max_total_wal_size: 0
I200405 06:43:37.070839 29 storage/engine/rocksdb.go:120              Options.delete_obsolete_files_period_micros: 21600000000
I200405 06:43:37.070866 29 storage/engine/rocksdb.go:120                    Options.stats_dump_period_sec: 0
I200405 06:43:37.070987 29 storage/engine/rocksdb.go:120                  Options.stats_persist_period_sec: 600
I200405 06:43:37.071066 29 storage/engine/rocksdb.go:120                  Options.stats_history_buffer_size: 1048576
I200405 06:43:37.071108 29 storage/engine/rocksdb.go:120                           Options.max_open_files: 128
I200405 06:43:37.071143 29 storage/engine/rocksdb.go:120                           Options.bytes_per_sync: 524288
I200405 06:43:37.071282 29 storage/engine/rocksdb.go:120                       Options.wal_bytes_per_sync: 0
I200405 06:43:37.071320 29 storage/engine/rocksdb.go:120                    Options.strict_bytes_per_sync: 1
I200405 06:43:37.071486 29 storage/engine/rocksdb.go:120        Options.compaction_readahead_size: 0
I200405 06:43:37.071516 29 storage/engine/rocksdb.go:120  Compression algorithms supported:
I200405 06:43:37.071555 29 storage/engine/rocksdb.go:120  	kZSTDNotFinalCompression supported: 0
I200405 06:43:37.071704 29 storage/engine/rocksdb.go:120  	kZSTD supported: 0
I200405 06:43:37.071739 29 storage/engine/rocksdb.go:120  	kXpressCompression supported: 0
I200405 06:43:37.071773 29 storage/engine/rocksdb.go:120  	kLZ4HCCompression supported: 0
I200405 06:43:37.071815 29 storage/engine/rocksdb.go:120  	kLZ4Compression supported: 0
I200405 06:43:37.071869 29 storage/engine/rocksdb.go:120  	kBZip2Compression supported: 0
I200405 06:43:37.071903 29 storage/engine/rocksdb.go:120  	kZlibCompression supported: 0
I200405 06:43:37.072082 29 storage/engine/rocksdb.go:120  	kSnappyCompression supported: 1
I200405 06:43:37.072130 29 storage/engine/rocksdb.go:120  Fast CRC32 supported: Supported on x86
I200405 06:43:37.078802 29 storage/engine/rocksdb.go:120  [db/db_impl_open.cc:242] Creating manifest 1 
I200405 06:43:37.112984 29 storage/engine/rocksdb.go:120  [db/version_set.cc:4072] Recovering from manifest file: /cockroach/cockroach-data/cockroach-temp588443196/MANIFEST-000001
I200405 06:43:37.127804 29 storage/engine/rocksdb.go:120  [db/column_family.cc:488] --------------- Options for column family [default]:
I200405 06:43:37.128382 29 storage/engine/rocksdb.go:120                Options.comparator: cockroach_comparator
I200405 06:43:37.128604 29 storage/engine/rocksdb.go:120            Options.merge_operator: cockroach_merge_operator
I200405 06:43:37.128791 29 storage/engine/rocksdb.go:120         Options.compaction_filter: None
I200405 06:43:37.128904 29 storage/engine/rocksdb.go:120         Options.compaction_filter_factory: None
I200405 06:43:37.128948 29 storage/engine/rocksdb.go:120          Options.memtable_factory: SkipListFactory
I200405 06:43:37.129106 29 storage/engine/rocksdb.go:120             Options.table_factory: BlockBasedTable
I200405 06:43:37.129553 29 storage/engine/rocksdb.go:120             table_factory options:   flush_block_policy_factory: FlushBlockBySizePolicyFactory (0x7fb9c1422030)
  cache_index_and_filter_blocks: 0
  cache_index_and_filter_blocks_with_high_priority: 0
  pin_l0_filter_and_index_blocks_in_cache: 0
  pin_top_level_index_and_filter: 1
  index_type: 0
  data_block_index_type: 0
  index_shortening: 1
  data_block_hash_table_util_ratio: 0.750000
  hash_index_allow_collision: 1
  checksum: 1
  no_block_cache: 0
  block_cache: 0x7fb9c1414010
  block_cache_name: LRUCache
  block_cache_options:
    capacity : 1048576
    num_shard_bits : 4
    strict_capacity_limit : 0
    memory_allocator : None
    high_pri_pool_ratio: 0.000
  block_cache_compressed: (nil)
  persistent_cache: (nil)
  block_size: 32768
  block_size_deviation: 10
  block_restart_interval: 16
  index_block_restart_interval: 1
  metadata_block_size: 4096
  partition_filters: 0
  use_delta_encoding: 1
  filter_policy: rocksdb.BuiltinBloomFilter
  whole_key_filtering: 0
  verify_compression: 0
  read_amp_bytes_per_bit: 0
  format_version: 2
  enable_index_compression: 1
  block_align: 0
I200405 06:43:37.129610 29 storage/engine/rocksdb.go:120         Options.write_buffer_size: 67108864
I200405 06:43:37.129813 29 storage/engine/rocksdb.go:120   Options.max_write_buffer_number: 4
I200405 06:43:37.130053 29 storage/engine/rocksdb.go:120           Options.compression: Snappy
I200405 06:43:37.130377 29 storage/engine/rocksdb.go:120                   Options.bottommost_compression: Disabled
I200405 06:43:37.130552 29 storage/engine/rocksdb.go:120        Options.prefix_extractor: cockroach_prefix_extractor
I200405 06:43:37.130728 29 storage/engine/rocksdb.go:120    Options.memtable_insert_with_hint_prefix_extractor: nullptr
I200405 06:43:37.130775 29 storage/engine/rocksdb.go:120              Options.num_levels: 7
I200405 06:43:37.131458 29 storage/engine/rocksdb.go:120         Options.min_write_buffer_number_to_merge: 1
I200405 06:43:37.131639 29 storage/engine/rocksdb.go:120      Options.max_write_buffer_number_to_maintain: 0
I200405 06:43:37.131735 29 storage/engine/rocksdb.go:120             Options.bottommost_compression_opts.window_bits: -14
I200405 06:43:37.131921 29 storage/engine/rocksdb.go:120                   Options.bottommost_compression_opts.level: 32767
I200405 06:43:37.132050 29 storage/engine/rocksdb.go:120                Options.bottommost_compression_opts.strategy: 0
I200405 06:43:37.132187 29 storage/engine/rocksdb.go:120          Options.bottommost_compression_opts.max_dict_bytes: 0
I200405 06:43:37.132386 29 storage/engine/rocksdb.go:120          Options.bottommost_compression_opts.zstd_max_train_bytes: 0
I200405 06:43:37.132428 29 storage/engine/rocksdb.go:120                   Options.bottommost_compression_opts.enabled: false
I200405 06:43:37.132585 29 storage/engine/rocksdb.go:120             Options.compression_opts.window_bits: -14
I200405 06:43:37.132633 29 storage/engine/rocksdb.go:120                   Options.compression_opts.level: 32767
I200405 06:43:37.132776 29 storage/engine/rocksdb.go:120                Options.compression_opts.strategy: 0
I200405 06:43:37.132934 29 storage/engine/rocksdb.go:120          Options.compression_opts.max_dict_bytes: 0
I200405 06:43:37.132979 29 storage/engine/rocksdb.go:120          Options.compression_opts.zstd_max_train_bytes: 0
I200405 06:43:37.133114 29 storage/engine/rocksdb.go:120                   Options.compression_opts.enabled: false
I200405 06:43:37.133154 29 storage/engine/rocksdb.go:120       Options.level0_file_num_compaction_trigger: 2
I200405 06:43:37.133342 29 storage/engine/rocksdb.go:120           Options.level0_slowdown_writes_trigger: 950
I200405 06:43:37.133443 29 storage/engine/rocksdb.go:120               Options.level0_stop_writes_trigger: 1000
I200405 06:43:37.133700 29 storage/engine/rocksdb.go:120                    Options.target_file_size_base: 4194304
I200405 06:43:37.133748 29 storage/engine/rocksdb.go:120              Options.target_file_size_multiplier: 2
I200405 06:43:37.133905 29 storage/engine/rocksdb.go:120                 Options.max_bytes_for_level_base: 67108864
I200405 06:43:37.133983 29 storage/engine/rocksdb.go:120  Options.level_compaction_dynamic_level_bytes: 1
I200405 06:43:37.134104 29 storage/engine/rocksdb.go:120           Options.max_bytes_for_level_multiplier: 10.000000
I200405 06:43:37.134318 29 storage/engine/rocksdb.go:120  Options.max_bytes_for_level_multiplier_addtl[0]: 1
I200405 06:43:37.134347 29 storage/engine/rocksdb.go:120  Options.max_bytes_for_level_multiplier_addtl[1]: 1
I200405 06:43:37.134487 29 storage/engine/rocksdb.go:120  Options.max_bytes_for_level_multiplier_addtl[2]: 1
I200405 06:43:37.134530 29 storage/engine/rocksdb.go:120  Options.max_bytes_for_level_multiplier_addtl[3]: 1
I200405 06:43:37.134668 29 storage/engine/rocksdb.go:120  Options.max_bytes_for_level_multiplier_addtl[4]: 1
I200405 06:43:37.134703 29 storage/engine/rocksdb.go:120  Options.max_bytes_for_level_multiplier_addtl[5]: 1
I200405 06:43:37.134849 29 storage/engine/rocksdb.go:120  Options.max_bytes_for_level_multiplier_addtl[6]: 1
I200405 06:43:37.134892 29 storage/engine/rocksdb.go:120        Options.max_sequential_skip_in_iterations: 8
I200405 06:43:37.135060 29 storage/engine/rocksdb.go:120                     Options.max_compaction_bytes: 104857600
I200405 06:43:37.135083 29 storage/engine/rocksdb.go:120                         Options.arena_block_size: 8388608
I200405 06:43:37.135306 29 storage/engine/rocksdb.go:120    Options.soft_pending_compaction_bytes_limit: 2199023255552
I200405 06:43:37.135406 29 storage/engine/rocksdb.go:120    Options.hard_pending_compaction_bytes_limit: 4400193994752
I200405 06:43:37.135569 29 storage/engine/rocksdb.go:120        Options.rate_limit_delay_max_milliseconds: 100
I200405 06:43:37.135598 29 storage/engine/rocksdb.go:120                 Options.disable_auto_compactions: 0
I200405 06:43:37.135632 29 storage/engine/rocksdb.go:120                         Options.compaction_style: kCompactionStyleLevel
I200405 06:43:37.135810 29 storage/engine/rocksdb.go:120                           Options.compaction_pri: kMinOverlappingRatio
I200405 06:43:37.135978 29 storage/engine/rocksdb.go:120  Options.compaction_options_universal.size_ratio: 1
I200405 06:43:37.136007 29 storage/engine/rocksdb.go:120  Options.compaction_options_universal.min_merge_width: 2
I200405 06:43:37.136112 29 storage/engine/rocksdb.go:120  Options.compaction_options_universal.max_merge_width: 4294967295
I200405 06:43:37.136141 29 storage/engine/rocksdb.go:120  Options.compaction_options_universal.max_size_amplification_percent: 200
I200405 06:43:37.136169 29 storage/engine/rocksdb.go:120  Options.compaction_options_universal.compression_size_percent: -1
I200405 06:43:37.139485 29 storage/engine/rocksdb.go:120  Options.compaction_options_universal.stop_style: kCompactionStopStyleTotalSize
I200405 06:43:37.139632 29 storage/engine/rocksdb.go:120  Options.compaction_options_fifo.max_table_files_size: 1073741824
I200405 06:43:37.139666 29 storage/engine/rocksdb.go:120  Options.compaction_options_fifo.allow_compaction: 0
I200405 06:43:37.139808 29 storage/engine/rocksdb.go:120                    Options.table_properties_collectors: TimeBoundTblPropCollectorFactory; DeleteRangeTblPropCollectorFactory; 
I200405 06:43:37.139849 29 storage/engine/rocksdb.go:120                    Options.inplace_update_support: 0
I200405 06:43:37.139998 29 storage/engine/rocksdb.go:120                  Options.inplace_update_num_locks: 10000
I200405 06:43:37.140033 29 storage/engine/rocksdb.go:120                Options.memtable_prefix_bloom_size_ratio: 0.000000
I200405 06:43:37.140156 29 storage/engine/rocksdb.go:120                Options.memtable_whole_key_filtering: 0
I200405 06:43:37.140250 29 storage/engine/rocksdb.go:120    Options.memtable_huge_page_size: 0
I200405 06:43:37.140359 29 storage/engine/rocksdb.go:120                            Options.bloom_locality: 0
I200405 06:43:37.140388 29 storage/engine/rocksdb.go:120                     Options.max_successive_merges: 0
I200405 06:43:37.140534 29 storage/engine/rocksdb.go:120                 Options.optimize_filters_for_hits: 1
I200405 06:43:37.140565 29 storage/engine/rocksdb.go:120                 Options.paranoid_file_checks: 0
I200405 06:43:37.140694 29 storage/engine/rocksdb.go:120                 Options.force_consistency_checks: 0
I200405 06:43:37.140728 29 storage/engine/rocksdb.go:120                 Options.report_bg_io_stats: 0
I200405 06:43:37.140761 29 storage/engine/rocksdb.go:120                                Options.ttl: 0
I200405 06:43:37.140899 29 storage/engine/rocksdb.go:120           Options.periodic_compaction_seconds: 0
I200405 06:43:37.147236 29 storage/engine/rocksdb.go:120  [db/version_set.cc:4286] Recovered from manifest file:/cockroach/cockroach-data/cockroach-temp588443196/MANIFEST-000001 succeeded,manifest_file_number is 1, next_file_number is 3, last_sequence is 0, log_number is 0,prev_log_number is 0,max_column_family is 0,min_log_number_to_keep is 0
I200405 06:43:37.147276 29 storage/engine/rocksdb.go:120  [db/version_set.cc:4295] Column family [default] (ID 0), log number is 0
I200405 06:43:37.188363 29 storage/engine/rocksdb.go:120  DB pointer 0x7fb9c1499000
I200405 06:43:37.237124 29 storage/engine/rocksdb.go:120  RocksDB version: 6.2.1
I200405 06:43:37.237197 29 storage/engine/rocksdb.go:120  Git sha rocksdb_build_git_sha:@b7009236531fa784872f4823eabf393501e41bf2@
I200405 06:43:37.237781 29 storage/engine/rocksdb.go:120  Compile date Mar 16 2020
I200405 06:43:37.238079 29 storage/engine/rocksdb.go:120  DB SUMMARY
I200405 06:43:37.241017 29 storage/engine/rocksdb.go:120  SST files in /cockroach/cockroach-data dir, Total Num: 0, files: 
I200405 06:43:37.241520 29 storage/engine/rocksdb.go:120  Write Ahead Log file in /cockroach/cockroach-data: 
I200405 06:43:37.241575 29 storage/engine/rocksdb.go:120                          Options.error_if_exists: 0
I200405 06:43:37.241683 29 storage/engine/rocksdb.go:120                        Options.create_if_missing: 1
I200405 06:43:37.241771 29 storage/engine/rocksdb.go:120                          Options.paranoid_checks: 1
I200405 06:43:37.241916 29 storage/engine/rocksdb.go:120                                      Options.env: 0x75757a0
I200405 06:43:37.242086 29 storage/engine/rocksdb.go:120                                 Options.info_log: 0x7fb9c320d0c0
I200405 06:43:37.242382 29 storage/engine/rocksdb.go:120                 Options.max_file_opening_threads: 16
I200405 06:43:37.242427 29 storage/engine/rocksdb.go:120                               Options.statistics: 0x7fb9c322f010
I200405 06:43:37.242534 29 storage/engine/rocksdb.go:120                                Options.use_fsync: 0
I200405 06:43:37.242714 29 storage/engine/rocksdb.go:120                        Options.max_log_file_size: 0
I200405 06:43:37.242748 29 storage/engine/rocksdb.go:120                   Options.max_manifest_file_size: 134217728
I200405 06:43:37.242905 29 storage/engine/rocksdb.go:120                    Options.log_file_time_to_roll: 0
I200405 06:43:37.243079 29 storage/engine/rocksdb.go:120                        Options.keep_log_file_num: 1000
I200405 06:43:37.243465 29 storage/engine/rocksdb.go:120                     Options.recycle_log_file_num: 1
I200405 06:43:37.243501 29 storage/engine/rocksdb.go:120                          Options.allow_fallocate: 1
I200405 06:43:37.246005 29 storage/engine/rocksdb.go:120                         Options.allow_mmap_reads: 0
I200405 06:43:37.247757 29 storage/engine/rocksdb.go:120                        Options.allow_mmap_writes: 0
I200405 06:43:37.256432 29 storage/engine/rocksdb.go:120                         Options.use_direct_reads: 0
I200405 06:43:37.256495 29 storage/engine/rocksdb.go:120                         Options.use_direct_io_for_flush_and_compaction: 0
I200405 06:43:37.256535 29 storage/engine/rocksdb.go:120           Options.create_missing_column_families: 0
I200405 06:43:37.256574 29 storage/engine/rocksdb.go:120                               Options.db_log_dir: 
I200405 06:43:37.256615 29 storage/engine/rocksdb.go:120                                  Options.wal_dir: /cockroach/cockroach-data
I200405 06:43:37.256655 29 storage/engine/rocksdb.go:120                 Options.table_cache_numshardbits: 6
I200405 06:43:37.256695 29 storage/engine/rocksdb.go:120                       Options.max_subcompactions: 1
I200405 06:43:37.256736 29 storage/engine/rocksdb.go:120                   Options.max_background_flushes: -1
I200405 06:43:37.256776 29 storage/engine/rocksdb.go:120                          Options.WAL_ttl_seconds: 0
I200405 06:43:37.256849 29 storage/engine/rocksdb.go:120                        Options.WAL_size_limit_MB: 0
I200405 06:43:37.256889 29 storage/engine/rocksdb.go:120              Options.manifest_preallocation_size: 4194304
I200405 06:43:37.256929 29 storage/engine/rocksdb.go:120                      Options.is_fd_close_on_exec: 1
I200405 06:43:37.256969 29 storage/engine/rocksdb.go:120                    Options.advise_random_on_open: 1
I200405 06:43:37.257008 29 storage/engine/rocksdb.go:120                     Options.db_write_buffer_size: 0
I200405 06:43:37.257029 29 storage/engine/rocksdb.go:120                     Options.write_buffer_manager: 0x7fb9c321f060
I200405 06:43:37.257052 29 storage/engine/rocksdb.go:120          Options.access_hint_on_compaction_start: 1
I200405 06:43:37.257075 29 storage/engine/rocksdb.go:120   Options.new_table_reader_for_compaction_inputs: 0
I200405 06:43:37.257098 29 storage/engine/rocksdb.go:120            Options.random_access_max_buffer_size: 1048576
I200405 06:43:37.257121 29 storage/engine/rocksdb.go:120                       Options.use_adaptive_mutex: 0
I200405 06:43:37.257143 29 storage/engine/rocksdb.go:120                             Options.rate_limiter: (nil)
I200405 06:43:37.257164 29 storage/engine/rocksdb.go:120      Options.sst_file_manager.rate_bytes_per_sec: 0
I200405 06:43:37.257185 29 storage/engine/rocksdb.go:120                        Options.wal_recovery_mode: 0
I200405 06:43:37.257207 29 storage/engine/rocksdb.go:120                   Options.enable_thread_tracking: 0
I200405 06:43:37.257228 29 storage/engine/rocksdb.go:120                   Options.enable_pipelined_write: 0
I200405 06:43:37.257264 29 storage/engine/rocksdb.go:120          Options.allow_concurrent_memtable_write: 1
I200405 06:43:37.257285 29 storage/engine/rocksdb.go:120       Options.enable_write_thread_adaptive_yield: 1
I200405 06:43:37.257398 29 storage/engine/rocksdb.go:120              Options.write_thread_max_yield_usec: 100
I200405 06:43:37.257436 29 storage/engine/rocksdb.go:120             Options.write_thread_slow_yield_usec: 3
I200405 06:43:37.257461 29 storage/engine/rocksdb.go:120                                Options.row_cache: None
I200405 06:43:37.257486 29 storage/engine/rocksdb.go:120                               Options.wal_filter: None
I200405 06:43:37.257513 29 storage/engine/rocksdb.go:120              Options.avoid_flush_during_recovery: 0
I200405 06:43:37.257543 29 storage/engine/rocksdb.go:120              Options.allow_ingest_behind: 0
I200405 06:43:37.257571 29 storage/engine/rocksdb.go:120              Options.preserve_deletes: 0
I200405 06:43:37.257599 29 storage/engine/rocksdb.go:120              Options.two_write_queues: 0
I200405 06:43:37.257626 29 storage/engine/rocksdb.go:120              Options.manual_wal_flush: 1
I200405 06:43:37.257654 29 storage/engine/rocksdb.go:120              Options.atomic_flush: 0
I200405 06:43:37.257682 29 storage/engine/rocksdb.go:120              Options.avoid_unnecessary_blocking_io: 0
I200405 06:43:37.257709 29 storage/engine/rocksdb.go:120              Options.max_background_jobs: 2
I200405 06:43:37.257737 29 storage/engine/rocksdb.go:120              Options.max_background_compactions: -1
I200405 06:43:37.257757 29 storage/engine/rocksdb.go:120              Options.avoid_flush_during_shutdown: 0
I200405 06:43:37.257785 29 storage/engine/rocksdb.go:120            Options.writable_file_max_buffer_size: 1048576
I200405 06:43:37.257813 29 storage/engine/rocksdb.go:120              Options.delayed_write_rate : 16777216
I200405 06:43:37.257841 29 storage/engine/rocksdb.go:120              Options.max_total_wal_size: 0
I200405 06:43:37.257869 29 storage/engine/rocksdb.go:120              Options.delete_obsolete_files_period_micros: 21600000000
I200405 06:43:37.257897 29 storage/engine/rocksdb.go:120                    Options.stats_dump_period_sec: 0
I200405 06:43:37.257925 29 storage/engine/rocksdb.go:120                  Options.stats_persist_period_sec: 600
I200405 06:43:37.257959 29 storage/engine/rocksdb.go:120                  Options.stats_history_buffer_size: 1048576
I200405 06:43:37.257988 29 storage/engine/rocksdb.go:120                           Options.max_open_files: 1043576
I200405 06:43:37.258024 29 storage/engine/rocksdb.go:120                           Options.bytes_per_sync: 524288
I200405 06:43:37.258051 29 storage/engine/rocksdb.go:120                       Options.wal_bytes_per_sync: 0
I200405 06:43:37.258076 29 storage/engine/rocksdb.go:120                    Options.strict_bytes_per_sync: 1
I200405 06:43:37.258102 29 storage/engine/rocksdb.go:120        Options.compaction_readahead_size: 0
I200405 06:43:37.258128 29 storage/engine/rocksdb.go:120  Compression algorithms supported:
I200405 06:43:37.258155 29 storage/engine/rocksdb.go:120  	kZSTDNotFinalCompression supported: 0
I200405 06:43:37.258182 29 storage/engine/rocksdb.go:120  	kZSTD supported: 0
I200405 06:43:37.258209 29 storage/engine/rocksdb.go:120  	kXpressCompression supported: 0
I200405 06:43:37.258235 29 storage/engine/rocksdb.go:120  	kLZ4HCCompression supported: 0
I200405 06:43:37.258261 29 storage/engine/rocksdb.go:120  	kLZ4Compression supported: 0
I200405 06:43:37.258297 29 storage/engine/rocksdb.go:120  	kBZip2Compression supported: 0
I200405 06:43:37.258428 29 storage/engine/rocksdb.go:120  	kZlibCompression supported: 0
I200405 06:43:37.258464 29 storage/engine/rocksdb.go:120  	kSnappyCompression supported: 1
I200405 06:43:37.258506 29 storage/engine/rocksdb.go:120  Fast CRC32 supported: Supported on x86
I200405 06:43:37.263393 29 storage/engine/rocksdb.go:120  [db/db_impl_open.cc:242] Creating manifest 1 
I200405 06:43:37.287128 29 storage/engine/rocksdb.go:120  [db/version_set.cc:4072] Recovering from manifest file: /cockroach/cockroach-data/MANIFEST-000001
I200405 06:43:37.291031 29 storage/engine/rocksdb.go:120  [db/column_family.cc:488] --------------- Options for column family [default]:
I200405 06:43:37.291720 29 storage/engine/rocksdb.go:120                Options.comparator: cockroach_comparator
I200405 06:43:37.292402 29 storage/engine/rocksdb.go:120            Options.merge_operator: cockroach_merge_operator
I200405 06:43:37.292815 29 storage/engine/rocksdb.go:120         Options.compaction_filter: None
I200405 06:43:37.292951 29 storage/engine/rocksdb.go:120         Options.compaction_filter_factory: None
I200405 06:43:37.292984 29 storage/engine/rocksdb.go:120          Options.memtable_factory: SkipListFactory
I200405 06:43:37.293119 29 storage/engine/rocksdb.go:120             Options.table_factory: BlockBasedTable
I200405 06:43:37.293407 29 storage/engine/rocksdb.go:120             table_factory options:   flush_block_policy_factory: FlushBlockBySizePolicyFactory (0x7fb9c322d028)
  cache_index_and_filter_blocks: 0
  cache_index_and_filter_blocks_with_high_priority: 0
  pin_l0_filter_and_index_blocks_in_cache: 0
  pin_top_level_index_and_filter: 1
  index_type: 0
  data_block_index_type: 0
  index_shortening: 1
  data_block_hash_table_util_ratio: 0.750000
  hash_index_allow_collision: 1
  checksum: 1
  no_block_cache: 0
  block_cache: 0x7fb9c3222010
  block_cache_name: LRUCache
  block_cache_options:
    capacity : 67108864
    num_shard_bits : 4
    strict_capacity_limit : 0
    memory_allocator : None
    high_pri_pool_ratio: 0.000
  block_cache_compressed: (nil)
  persistent_cache: (nil)
  block_size: 32768
  block_size_deviation: 10
  block_restart_interval: 16
  index_block_restart_interval: 1
  metadata_block_size: 4096
  partition_filters: 0
  use_delta_encoding: 1
  filter_policy: rocksdb.BuiltinBloomFilter
  whole_key_filtering: 0
  verify_compression: 0
  read_amp_bytes_per_bit: 0
  format_version: 2
  enable_index_compression: 1
  block_align: 0
I200405 06:43:37.293615 29 storage/engine/rocksdb.go:120         Options.write_buffer_size: 67108864
I200405 06:43:37.293785 29 storage/engine/rocksdb.go:120   Options.max_write_buffer_number: 4
I200405 06:43:37.293813 29 storage/engine/rocksdb.go:120           Options.compression: Snappy
I200405 06:43:37.293838 29 storage/engine/rocksdb.go:120                   Options.bottommost_compression: Disabled
I200405 06:43:37.293956 29 storage/engine/rocksdb.go:120        Options.prefix_extractor: cockroach_prefix_extractor
I200405 06:43:37.293985 29 storage/engine/rocksdb.go:120    Options.memtable_insert_with_hint_prefix_extractor: nullptr
I200405 06:43:37.294110 29 storage/engine/rocksdb.go:120              Options.num_levels: 7
I200405 06:43:37.294345 29 storage/engine/rocksdb.go:120         Options.min_write_buffer_number_to_merge: 1
I200405 06:43:37.294435 29 storage/engine/rocksdb.go:120      Options.max_write_buffer_number_to_maintain: 0
I200405 06:43:37.294594 29 storage/engine/rocksdb.go:120             Options.bottommost_compression_opts.window_bits: -14
I200405 06:43:37.294690 29 storage/engine/rocksdb.go:120                   Options.bottommost_compression_opts.level: 32767
I200405 06:43:37.294836 29 storage/engine/rocksdb.go:120                Options.bottommost_compression_opts.strategy: 0
I200405 06:43:37.294865 29 storage/engine/rocksdb.go:120          Options.bottommost_compression_opts.max_dict_bytes: 0
I200405 06:43:37.294947 29 storage/engine/rocksdb.go:120          Options.bottommost_compression_opts.zstd_max_train_bytes: 0
I200405 06:43:37.295031 29 storage/engine/rocksdb.go:120                   Options.bottommost_compression_opts.enabled: false
I200405 06:43:37.295056 29 storage/engine/rocksdb.go:120             Options.compression_opts.window_bits: -14
I200405 06:43:37.295168 29 storage/engine/rocksdb.go:120                   Options.compression_opts.level: 32767
I200405 06:43:37.295324 29 storage/engine/rocksdb.go:120                Options.compression_opts.strategy: 0
I200405 06:43:37.295355 29 storage/engine/rocksdb.go:120          Options.compression_opts.max_dict_bytes: 0
I200405 06:43:37.295398 29 storage/engine/rocksdb.go:120          Options.compression_opts.zstd_max_train_bytes: 0
I200405 06:43:37.295521 29 storage/engine/rocksdb.go:120                   Options.compression_opts.enabled: false
I200405 06:43:37.295552 29 storage/engine/rocksdb.go:120       Options.level0_file_num_compaction_trigger: 2
I200405 06:43:37.295587 29 storage/engine/rocksdb.go:120           Options.level0_slowdown_writes_trigger: 950
I200405 06:43:37.295719 29 storage/engine/rocksdb.go:120               Options.level0_stop_writes_trigger: 1000
I200405 06:43:37.295749 29 storage/engine/rocksdb.go:120                    Options.target_file_size_base: 4194304
I200405 06:43:37.295890 29 storage/engine/rocksdb.go:120              Options.target_file_size_multiplier: 2
I200405 06:43:37.295918 29 storage/engine/rocksdb.go:120                 Options.max_bytes_for_level_base: 67108864
I200405 06:43:37.295948 29 storage/engine/rocksdb.go:120  Options.level_compaction_dynamic_level_bytes: 1
I200405 06:43:37.296095 29 storage/engine/rocksdb.go:120           Options.max_bytes_for_level_multiplier: 10.000000
I200405 06:43:37.296233 29 storage/engine/rocksdb.go:120  Options.max_bytes_for_level_multiplier_addtl[0]: 1
I200405 06:43:37.296310 29 storage/engine/rocksdb.go:120  Options.max_bytes_for_level_multiplier_addtl[1]: 1
I200405 06:43:37.296339 29 storage/engine/rocksdb.go:120  Options.max_bytes_for_level_multiplier_addtl[2]: 1
I200405 06:43:37.296488 29 storage/engine/rocksdb.go:120  Options.max_bytes_for_level_multiplier_addtl[3]: 1
I200405 06:43:37.296517 29 storage/engine/rocksdb.go:120  Options.max_bytes_for_level_multiplier_addtl[4]: 1
I200405 06:43:37.296656 29 storage/engine/rocksdb.go:120  Options.max_bytes_for_level_multiplier_addtl[5]: 1
I200405 06:43:37.296681 29 storage/engine/rocksdb.go:120  Options.max_bytes_for_level_multiplier_addtl[6]: 1
I200405 06:43:37.296710 29 storage/engine/rocksdb.go:120        Options.max_sequential_skip_in_iterations: 8
I200405 06:43:37.296836 29 storage/engine/rocksdb.go:120                     Options.max_compaction_bytes: 104857600
I200405 06:43:37.296872 29 storage/engine/rocksdb.go:120                         Options.arena_block_size: 8388608
I200405 06:43:37.297013 29 storage/engine/rocksdb.go:120    Options.soft_pending_compaction_bytes_limit: 2199023255552
I200405 06:43:37.297043 29 storage/engine/rocksdb.go:120    Options.hard_pending_compaction_bytes_limit: 4400193994752
I200405 06:43:37.297689 29 storage/engine/rocksdb.go:120        Options.rate_limit_delay_max_milliseconds: 100
I200405 06:43:37.297718 29 storage/engine/rocksdb.go:120                 Options.disable_auto_compactions: 0
I200405 06:43:37.297921 29 storage/engine/rocksdb.go:120                         Options.compaction_style: kCompactionStyleLevel
I200405 06:43:37.298647 29 storage/engine/rocksdb.go:120                           Options.compaction_pri: kMinOverlappingRatio
I200405 06:43:37.299088 29 storage/engine/rocksdb.go:120  Options.compaction_options_universal.size_ratio: 1
I200405 06:43:37.299119 29 storage/engine/rocksdb.go:120  Options.compaction_options_universal.min_merge_width: 2
I200405 06:43:37.299383 29 storage/engine/rocksdb.go:120  Options.compaction_options_universal.max_merge_width: 4294967295
I200405 06:43:37.299623 29 storage/engine/rocksdb.go:120  Options.compaction_options_universal.max_size_amplification_percent: 200
I200405 06:43:37.299664 29 storage/engine/rocksdb.go:120  Options.compaction_options_universal.compression_size_percent: -1
I200405 06:43:37.299708 29 storage/engine/rocksdb.go:120  Options.compaction_options_universal.stop_style: kCompactionStopStyleTotalSize
I200405 06:43:37.300393 29 storage/engine/rocksdb.go:120  Options.compaction_options_fifo.max_table_files_size: 1073741824
I200405 06:43:37.300644 29 storage/engine/rocksdb.go:120  Options.compaction_options_fifo.allow_compaction: 0
I200405 06:43:37.300911 29 storage/engine/rocksdb.go:120                    Options.table_properties_collectors: TimeBoundTblPropCollectorFactory; DeleteRangeTblPropCollectorFactory; 
I200405 06:43:37.301300 29 storage/engine/rocksdb.go:120                    Options.inplace_update_support: 0
I200405 06:43:37.301442 29 storage/engine/rocksdb.go:120                  Options.inplace_update_num_locks: 10000
I200405 06:43:37.301519 29 storage/engine/rocksdb.go:120                Options.memtable_prefix_bloom_size_ratio: 0.000000
I200405 06:43:37.301857 29 storage/engine/rocksdb.go:120                Options.memtable_whole_key_filtering: 0
I200405 06:43:37.301886 29 storage/engine/rocksdb.go:120    Options.memtable_huge_page_size: 0
I200405 06:43:37.301922 29 storage/engine/rocksdb.go:120                            Options.bloom_locality: 0
I200405 06:43:37.302002 29 storage/engine/rocksdb.go:120                     Options.max_successive_merges: 0
I200405 06:43:37.302083 29 storage/engine/rocksdb.go:120                 Options.optimize_filters_for_hits: 1
I200405 06:43:37.302131 29 storage/engine/rocksdb.go:120                 Options.paranoid_file_checks: 0
I200405 06:43:37.302174 29 storage/engine/rocksdb.go:120                 Options.force_consistency_checks: 0
I200405 06:43:37.302349 29 storage/engine/rocksdb.go:120                 Options.report_bg_io_stats: 0
I200405 06:43:37.302405 29 storage/engine/rocksdb.go:120                                Options.ttl: 0
I200405 06:43:37.302632 29 storage/engine/rocksdb.go:120           Options.periodic_compaction_seconds: 0
I200405 06:43:37.318781 29 storage/engine/rocksdb.go:120  [db/version_set.cc:4286] Recovered from manifest file:/cockroach/cockroach-data/MANIFEST-000001 succeeded,manifest_file_number is 1, next_file_number is 3, last_sequence is 0, log_number is 0,prev_log_number is 0,max_column_family is 0,min_log_number_to_keep is 0
I200405 06:43:37.318836 29 storage/engine/rocksdb.go:120  [db/version_set.cc:4295] Column family [default] (ID 0), log number is 0
I200405 06:43:37.350674 29 storage/engine/rocksdb.go:120  DB pointer 0x7fb9c32a1000
