I200416 17:38:22.315817 14 util/log/clog.go:1196  [config] file created at: 2020/04/16 17:38:22
I200416 17:38:22.315817 14 util/log/clog.go:1196  [config] running on machine: 450ab40314ae
I200416 17:38:22.315817 14 util/log/clog.go:1196  [config] binary: CockroachDB CCL v19.2.5 (x86_64-unknown-linux-gnu, built 2020/03/16 18:27:12, go1.12.12)
I200416 17:38:22.315817 14 util/log/clog.go:1196  [config] arguments: [/cockroach/cockroach start --insecure --join=node_1]
I200416 17:38:22.315817 14 util/log/clog.go:1196  line format: [IWEF]yymmdd hh:mm:ss.uuuuuu goid file:line msg utf8=✓
I200416 17:38:22.315792 14 storage/engine/rocksdb.go:120  RocksDB version: 6.2.1
I200416 17:38:22.337903 14 storage/engine/rocksdb.go:120  Git sha rocksdb_build_git_sha:@b7009236531fa784872f4823eabf393501e41bf2@
I200416 17:38:22.338026 14 storage/engine/rocksdb.go:120  Compile date Mar 16 2020
I200416 17:38:22.338083 14 storage/engine/rocksdb.go:120  DB SUMMARY
I200416 17:38:22.357324 14 storage/engine/rocksdb.go:120  SST files in /cockroach/cockroach-data/cockroach-temp715747452 dir, Total Num: 0, files: 
I200416 17:38:22.676152 14 storage/engine/rocksdb.go:120  Write Ahead Log file in /cockroach/cockroach-data/cockroach-temp715747452: 
I200416 17:38:22.676509 14 storage/engine/rocksdb.go:120                          Options.error_if_exists: 0
I200416 17:38:22.676564 14 storage/engine/rocksdb.go:120                        Options.create_if_missing: 1
I200416 17:38:22.677709 14 storage/engine/rocksdb.go:120                          Options.paranoid_checks: 1
I200416 17:38:22.678872 14 storage/engine/rocksdb.go:120                                      Options.env: 0x75757a0
I200416 17:38:22.678954 14 storage/engine/rocksdb.go:120                                 Options.info_log: 0x7f7688687fc0
I200416 17:38:22.679000 14 storage/engine/rocksdb.go:120                 Options.max_file_opening_threads: 16
I200416 17:38:22.679046 14 storage/engine/rocksdb.go:120                               Options.statistics: 0x7f768861d8d0
I200416 17:38:22.679089 14 storage/engine/rocksdb.go:120                                Options.use_fsync: 0
I200416 17:38:22.679134 14 storage/engine/rocksdb.go:120                        Options.max_log_file_size: 0
I200416 17:38:22.679188 14 storage/engine/rocksdb.go:120                   Options.max_manifest_file_size: 134217728
I200416 17:38:22.679231 14 storage/engine/rocksdb.go:120                    Options.log_file_time_to_roll: 0
I200416 17:38:22.679273 14 storage/engine/rocksdb.go:120                        Options.keep_log_file_num: 1000
I200416 17:38:22.679315 14 storage/engine/rocksdb.go:120                     Options.recycle_log_file_num: 1
I200416 17:38:22.679443 14 storage/engine/rocksdb.go:120                          Options.allow_fallocate: 1
I200416 17:38:22.679489 14 storage/engine/rocksdb.go:120                         Options.allow_mmap_reads: 0
I200416 17:38:22.679562 14 storage/engine/rocksdb.go:120                        Options.allow_mmap_writes: 0
I200416 17:38:22.679664 14 storage/engine/rocksdb.go:120                         Options.use_direct_reads: 0
I200416 17:38:22.679708 14 storage/engine/rocksdb.go:120                         Options.use_direct_io_for_flush_and_compaction: 0
I200416 17:38:22.680613 14 storage/engine/rocksdb.go:120           Options.create_missing_column_families: 0
I200416 17:38:22.681212 14 storage/engine/rocksdb.go:120                               Options.db_log_dir: 
I200416 17:38:22.681266 14 storage/engine/rocksdb.go:120                                  Options.wal_dir: /cockroach/cockroach-data/cockroach-temp715747452
I200416 17:38:22.681379 14 storage/engine/rocksdb.go:120                 Options.table_cache_numshardbits: 6
I200416 17:38:22.683499 14 storage/engine/rocksdb.go:120                       Options.max_subcompactions: 1
I200416 17:38:22.683549 14 storage/engine/rocksdb.go:120                   Options.max_background_flushes: -1
I200416 17:38:22.683698 14 storage/engine/rocksdb.go:120                          Options.WAL_ttl_seconds: 0
I200416 17:38:22.683760 14 storage/engine/rocksdb.go:120                        Options.WAL_size_limit_MB: 0
I200416 17:38:22.709224 14 storage/engine/rocksdb.go:120              Options.manifest_preallocation_size: 4194304
I200416 17:38:22.709279 14 storage/engine/rocksdb.go:120                      Options.is_fd_close_on_exec: 1
I200416 17:38:22.709473 14 storage/engine/rocksdb.go:120                    Options.advise_random_on_open: 1
I200416 17:38:22.709528 14 storage/engine/rocksdb.go:120                     Options.db_write_buffer_size: 0
I200416 17:38:22.709577 14 storage/engine/rocksdb.go:120                     Options.write_buffer_manager: 0x7f7688660ce0
I200416 17:38:22.710152 14 storage/engine/rocksdb.go:120          Options.access_hint_on_compaction_start: 1
I200416 17:38:22.710202 14 storage/engine/rocksdb.go:120   Options.new_table_reader_for_compaction_inputs: 0
I200416 17:38:22.710247 14 storage/engine/rocksdb.go:120            Options.random_access_max_buffer_size: 1048576
I200416 17:38:22.710327 14 storage/engine/rocksdb.go:120                       Options.use_adaptive_mutex: 0
I200416 17:38:22.711139 14 storage/engine/rocksdb.go:120                             Options.rate_limiter: (nil)
I200416 17:38:22.711254 14 storage/engine/rocksdb.go:120      Options.sst_file_manager.rate_bytes_per_sec: 0
I200416 17:38:22.711301 14 storage/engine/rocksdb.go:120                        Options.wal_recovery_mode: 0
I200416 17:38:22.711425 14 storage/engine/rocksdb.go:120                   Options.enable_thread_tracking: 0
I200416 17:38:22.711464 14 storage/engine/rocksdb.go:120                   Options.enable_pipelined_write: 0
I200416 17:38:22.711508 14 storage/engine/rocksdb.go:120          Options.allow_concurrent_memtable_write: 1
I200416 17:38:22.711551 14 storage/engine/rocksdb.go:120       Options.enable_write_thread_adaptive_yield: 1
I200416 17:38:22.711593 14 storage/engine/rocksdb.go:120              Options.write_thread_max_yield_usec: 100
I200416 17:38:22.711924 14 storage/engine/rocksdb.go:120             Options.write_thread_slow_yield_usec: 3
I200416 17:38:22.717347 14 storage/engine/rocksdb.go:120                                Options.row_cache: None
I200416 17:38:22.717406 14 storage/engine/rocksdb.go:120                               Options.wal_filter: None
I200416 17:38:22.717455 14 storage/engine/rocksdb.go:120              Options.avoid_flush_during_recovery: 0
I200416 17:38:22.724227 14 storage/engine/rocksdb.go:120              Options.allow_ingest_behind: 0
I200416 17:38:22.724282 14 storage/engine/rocksdb.go:120              Options.preserve_deletes: 0
I200416 17:38:22.724336 14 storage/engine/rocksdb.go:120              Options.two_write_queues: 0
I200416 17:38:22.725224 14 storage/engine/rocksdb.go:120              Options.manual_wal_flush: 1
I200416 17:38:22.725288 14 storage/engine/rocksdb.go:120              Options.atomic_flush: 0
I200416 17:38:22.725382 14 storage/engine/rocksdb.go:120              Options.avoid_unnecessary_blocking_io: 0
I200416 17:38:22.725430 14 storage/engine/rocksdb.go:120              Options.max_background_jobs: 2
I200416 17:38:22.725474 14 storage/engine/rocksdb.go:120              Options.max_background_compactions: -1
I200416 17:38:22.729024 14 storage/engine/rocksdb.go:120              Options.avoid_flush_during_shutdown: 0
I200416 17:38:22.729102 14 storage/engine/rocksdb.go:120            Options.writable_file_max_buffer_size: 1048576
I200416 17:38:22.741898 14 storage/engine/rocksdb.go:120              Options.delayed_write_rate : 16777216
I200416 17:38:22.741958 14 storage/engine/rocksdb.go:120              Options.max_total_wal_size: 0
I200416 17:38:22.742003 14 storage/engine/rocksdb.go:120              Options.delete_obsolete_files_period_micros: 21600000000
I200416 17:38:22.742046 14 storage/engine/rocksdb.go:120                    Options.stats_dump_period_sec: 0
I200416 17:38:22.742093 14 storage/engine/rocksdb.go:120                  Options.stats_persist_period_sec: 600
I200416 17:38:22.742140 14 storage/engine/rocksdb.go:120                  Options.stats_history_buffer_size: 1048576
I200416 17:38:22.742184 14 storage/engine/rocksdb.go:120                           Options.max_open_files: 128
I200416 17:38:22.742217 14 storage/engine/rocksdb.go:120                           Options.bytes_per_sync: 524288
I200416 17:38:22.742259 14 storage/engine/rocksdb.go:120                       Options.wal_bytes_per_sync: 0
I200416 17:38:22.742304 14 storage/engine/rocksdb.go:120                    Options.strict_bytes_per_sync: 1
I200416 17:38:22.742355 14 storage/engine/rocksdb.go:120        Options.compaction_readahead_size: 0
I200416 17:38:22.742401 14 storage/engine/rocksdb.go:120  Compression algorithms supported:
I200416 17:38:22.742462 14 storage/engine/rocksdb.go:120  	kZSTDNotFinalCompression supported: 0
I200416 17:38:22.742517 14 storage/engine/rocksdb.go:120  	kZSTD supported: 0
I200416 17:38:22.742573 14 storage/engine/rocksdb.go:120  	kXpressCompression supported: 0
I200416 17:38:22.743017 14 storage/engine/rocksdb.go:120  	kLZ4HCCompression supported: 0
I200416 17:38:22.743054 14 storage/engine/rocksdb.go:120  	kLZ4Compression supported: 0
I200416 17:38:22.743088 14 storage/engine/rocksdb.go:120  	kBZip2Compression supported: 0
I200416 17:38:22.743122 14 storage/engine/rocksdb.go:120  	kZlibCompression supported: 0
I200416 17:38:22.743160 14 storage/engine/rocksdb.go:120  	kSnappyCompression supported: 1
I200416 17:38:22.743220 14 storage/engine/rocksdb.go:120  Fast CRC32 supported: Supported on x86
I200416 17:38:22.762143 14 storage/engine/rocksdb.go:120  [db/db_impl_open.cc:242] Creating manifest 1 
I200416 17:38:22.886415 14 storage/engine/rocksdb.go:120  [db/version_set.cc:4072] Recovering from manifest file: /cockroach/cockroach-data/cockroach-temp715747452/MANIFEST-000001
I200416 17:38:22.900503 14 storage/engine/rocksdb.go:120  [db/column_family.cc:488] --------------- Options for column family [default]:
I200416 17:38:22.900556 14 storage/engine/rocksdb.go:120                Options.comparator: cockroach_comparator
I200416 17:38:22.900600 14 storage/engine/rocksdb.go:120            Options.merge_operator: cockroach_merge_operator
I200416 17:38:22.900637 14 storage/engine/rocksdb.go:120         Options.compaction_filter: None
I200416 17:38:22.900674 14 storage/engine/rocksdb.go:120         Options.compaction_filter_factory: None
I200416 17:38:22.900717 14 storage/engine/rocksdb.go:120          Options.memtable_factory: SkipListFactory
I200416 17:38:22.900759 14 storage/engine/rocksdb.go:120             Options.table_factory: BlockBasedTable
I200416 17:38:22.905385 14 storage/engine/rocksdb.go:120             table_factory options:   flush_block_policy_factory: FlushBlockBySizePolicyFactory (0x7f7688624040)
  cache_index_and_filter_blocks: 0
  cache_index_and_filter_blocks_with_high_priority: 0
  pin_l0_filter_and_index_blocks_in_cache: 0
  pin_top_level_index_and_filter: 1
  index_type: 0
  data_block_index_type: 0
  index_shortening: 1
  data_block_hash_table_util_ratio: 0.750000
  hash_index_allow_collision: 1
  checksum: 1
  no_block_cache: 0
  block_cache: 0x7f768867a190
  block_cache_name: LRUCache
  block_cache_options:
    capacity : 1048576
    num_shard_bits : 4
    strict_capacity_limit : 0
    memory_allocator : None
    high_pri_pool_ratio: 0.000
  block_cache_compressed: (nil)
  persistent_cache: (nil)
  block_size: 32768
  block_size_deviation: 10
  block_restart_interval: 16
  index_block_restart_interval: 1
  metadata_block_size: 4096
  partition_filters: 0
  use_delta_encoding: 1
  filter_policy: rocksdb.BuiltinBloomFilter
  whole_key_filtering: 0
  verify_compression: 0
  read_amp_bytes_per_bit: 0
  format_version: 2
  enable_index_compression: 1
  block_align: 0
I200416 17:38:22.905551 14 storage/engine/rocksdb.go:120         Options.write_buffer_size: 67108864
I200416 17:38:22.906082 14 storage/engine/rocksdb.go:120   Options.max_write_buffer_number: 4
I200416 17:38:22.906418 14 storage/engine/rocksdb.go:120           Options.compression: Snappy
I200416 17:38:22.906697 14 storage/engine/rocksdb.go:120                   Options.bottommost_compression: Disabled
I200416 17:38:22.908823 14 storage/engine/rocksdb.go:120        Options.prefix_extractor: cockroach_prefix_extractor
I200416 17:38:22.910578 14 storage/engine/rocksdb.go:120    Options.memtable_insert_with_hint_prefix_extractor: nullptr
I200416 17:38:22.910753 14 storage/engine/rocksdb.go:120              Options.num_levels: 7
I200416 17:38:22.920365 14 storage/engine/rocksdb.go:120         Options.min_write_buffer_number_to_merge: 1
I200416 17:38:22.923897 14 storage/engine/rocksdb.go:120      Options.max_write_buffer_number_to_maintain: 0
I200416 17:38:22.932347 14 storage/engine/rocksdb.go:120             Options.bottommost_compression_opts.window_bits: -14
I200416 17:38:22.934738 14 storage/engine/rocksdb.go:120                   Options.bottommost_compression_opts.level: 32767
I200416 17:38:22.935140 14 storage/engine/rocksdb.go:120                Options.bottommost_compression_opts.strategy: 0
I200416 17:38:22.935345 14 storage/engine/rocksdb.go:120          Options.bottommost_compression_opts.max_dict_bytes: 0
I200416 17:38:22.935450 14 storage/engine/rocksdb.go:120          Options.bottommost_compression_opts.zstd_max_train_bytes: 0
I200416 17:38:22.935497 14 storage/engine/rocksdb.go:120                   Options.bottommost_compression_opts.enabled: false
I200416 17:38:22.936373 14 storage/engine/rocksdb.go:120             Options.compression_opts.window_bits: -14
I200416 17:38:22.936500 14 storage/engine/rocksdb.go:120                   Options.compression_opts.level: 32767
I200416 17:38:22.936547 14 storage/engine/rocksdb.go:120                Options.compression_opts.strategy: 0
I200416 17:38:22.936676 14 storage/engine/rocksdb.go:120          Options.compression_opts.max_dict_bytes: 0
I200416 17:38:22.936720 14 storage/engine/rocksdb.go:120          Options.compression_opts.zstd_max_train_bytes: 0
I200416 17:38:22.939896 14 storage/engine/rocksdb.go:120                   Options.compression_opts.enabled: false
I200416 17:38:22.940017 14 storage/engine/rocksdb.go:120       Options.level0_file_num_compaction_trigger: 2
I200416 17:38:22.940493 14 storage/engine/rocksdb.go:120           Options.level0_slowdown_writes_trigger: 950
I200416 17:38:22.941176 14 storage/engine/rocksdb.go:120               Options.level0_stop_writes_trigger: 1000
I200416 17:38:22.941348 14 storage/engine/rocksdb.go:120                    Options.target_file_size_base: 4194304
I200416 17:38:22.941530 14 storage/engine/rocksdb.go:120              Options.target_file_size_multiplier: 2
I200416 17:38:22.942323 14 storage/engine/rocksdb.go:120                 Options.max_bytes_for_level_base: 67108864
I200416 17:38:22.942933 14 storage/engine/rocksdb.go:120  Options.level_compaction_dynamic_level_bytes: 1
I200416 17:38:22.943455 14 storage/engine/rocksdb.go:120           Options.max_bytes_for_level_multiplier: 10.000000
I200416 17:38:22.946180 14 storage/engine/rocksdb.go:120  Options.max_bytes_for_level_multiplier_addtl[0]: 1
I200416 17:38:22.946236 14 storage/engine/rocksdb.go:120  Options.max_bytes_for_level_multiplier_addtl[1]: 1
I200416 17:38:22.946277 14 storage/engine/rocksdb.go:120  Options.max_bytes_for_level_multiplier_addtl[2]: 1
I200416 17:38:22.946319 14 storage/engine/rocksdb.go:120  Options.max_bytes_for_level_multiplier_addtl[3]: 1
I200416 17:38:22.946438 14 storage/engine/rocksdb.go:120  Options.max_bytes_for_level_multiplier_addtl[4]: 1
I200416 17:38:22.954219 14 storage/engine/rocksdb.go:120  Options.max_bytes_for_level_multiplier_addtl[5]: 1
I200416 17:38:22.954269 14 storage/engine/rocksdb.go:120  Options.max_bytes_for_level_multiplier_addtl[6]: 1
I200416 17:38:22.954313 14 storage/engine/rocksdb.go:120        Options.max_sequential_skip_in_iterations: 8
I200416 17:38:22.954357 14 storage/engine/rocksdb.go:120                     Options.max_compaction_bytes: 104857600
I200416 17:38:22.954564 14 storage/engine/rocksdb.go:120                         Options.arena_block_size: 8388608
I200416 17:38:22.954595 14 storage/engine/rocksdb.go:120    Options.soft_pending_compaction_bytes_limit: 2199023255552
I200416 17:38:22.954625 14 storage/engine/rocksdb.go:120    Options.hard_pending_compaction_bytes_limit: 4400193994752
I200416 17:38:22.954654 14 storage/engine/rocksdb.go:120        Options.rate_limit_delay_max_milliseconds: 100
I200416 17:38:22.954685 14 storage/engine/rocksdb.go:120                 Options.disable_auto_compactions: 0
I200416 17:38:22.954868 14 storage/engine/rocksdb.go:120                         Options.compaction_style: kCompactionStyleLevel
I200416 17:38:22.954982 14 storage/engine/rocksdb.go:120                           Options.compaction_pri: kMinOverlappingRatio
I200416 17:38:22.955026 14 storage/engine/rocksdb.go:120  Options.compaction_options_universal.size_ratio: 1
I200416 17:38:22.955069 14 storage/engine/rocksdb.go:120  Options.compaction_options_universal.min_merge_width: 2
I200416 17:38:22.955114 14 storage/engine/rocksdb.go:120  Options.compaction_options_universal.max_merge_width: 4294967295
I200416 17:38:22.955158 14 storage/engine/rocksdb.go:120  Options.compaction_options_universal.max_size_amplification_percent: 200
I200416 17:38:22.955200 14 storage/engine/rocksdb.go:120  Options.compaction_options_universal.compression_size_percent: -1
I200416 17:38:22.958548 14 storage/engine/rocksdb.go:120  Options.compaction_options_universal.stop_style: kCompactionStopStyleTotalSize
I200416 17:38:22.958579 14 storage/engine/rocksdb.go:120  Options.compaction_options_fifo.max_table_files_size: 1073741824
I200416 17:38:22.958609 14 storage/engine/rocksdb.go:120  Options.compaction_options_fifo.allow_compaction: 0
I200416 17:38:22.958643 14 storage/engine/rocksdb.go:120                    Options.table_properties_collectors: TimeBoundTblPropCollectorFactory; DeleteRangeTblPropCollectorFactory; 
I200416 17:38:22.958678 14 storage/engine/rocksdb.go:120                    Options.inplace_update_support: 0
I200416 17:38:22.958707 14 storage/engine/rocksdb.go:120                  Options.inplace_update_num_locks: 10000
I200416 17:38:22.958738 14 storage/engine/rocksdb.go:120                Options.memtable_prefix_bloom_size_ratio: 0.000000
I200416 17:38:22.958939 14 storage/engine/rocksdb.go:120                Options.memtable_whole_key_filtering: 0
I200416 17:38:22.962708 14 storage/engine/rocksdb.go:120    Options.memtable_huge_page_size: 0
I200416 17:38:22.962940 14 storage/engine/rocksdb.go:120                            Options.bloom_locality: 0
I200416 17:38:22.962993 14 storage/engine/rocksdb.go:120                     Options.max_successive_merges: 0
I200416 17:38:22.963039 14 storage/engine/rocksdb.go:120                 Options.optimize_filters_for_hits: 1
I200416 17:38:22.963086 14 storage/engine/rocksdb.go:120                 Options.paranoid_file_checks: 0
I200416 17:38:22.963127 14 storage/engine/rocksdb.go:120                 Options.force_consistency_checks: 0
I200416 17:38:22.964013 14 storage/engine/rocksdb.go:120                 Options.report_bg_io_stats: 0
I200416 17:38:22.967520 14 storage/engine/rocksdb.go:120                                Options.ttl: 0
I200416 17:38:22.970184 14 storage/engine/rocksdb.go:120           Options.periodic_compaction_seconds: 0
I200416 17:38:23.076032 14 storage/engine/rocksdb.go:120  [db/version_set.cc:4286] Recovered from manifest file:/cockroach/cockroach-data/cockroach-temp715747452/MANIFEST-000001 succeeded,manifest_file_number is 1, next_file_number is 3, last_sequence is 0, log_number is 0,prev_log_number is 0,max_column_family is 0,min_log_number_to_keep is 0
I200416 17:38:23.076103 14 storage/engine/rocksdb.go:120  [db/version_set.cc:4295] Column family [default] (ID 0), log number is 0
I200416 17:38:23.332125 14 storage/engine/rocksdb.go:120  DB pointer 0x7f768874f000
I200416 17:38:23.827339 14 storage/engine/rocksdb.go:120  RocksDB version: 6.2.1
I200416 17:38:23.827395 14 storage/engine/rocksdb.go:120  Git sha rocksdb_build_git_sha:@b7009236531fa784872f4823eabf393501e41bf2@
I200416 17:38:23.827483 14 storage/engine/rocksdb.go:120  Compile date Mar 16 2020
I200416 17:38:23.827527 14 storage/engine/rocksdb.go:120  DB SUMMARY
I200416 17:38:23.842106 14 storage/engine/rocksdb.go:120  CURRENT file:  CURRENT
I200416 17:38:23.842161 14 storage/engine/rocksdb.go:120  IDENTITY file:  IDENTITY
I200416 17:38:23.844800 14 storage/engine/rocksdb.go:120  MANIFEST file:  MANIFEST-000115 size: 137 Bytes
I200416 17:38:23.844870 14 storage/engine/rocksdb.go:120  SST files in /cockroach/cockroach-data dir, Total Num: 2, files: 000112.sst 000114.sst 
I200416 17:38:23.844915 14 storage/engine/rocksdb.go:120  Write Ahead Log file in /cockroach/cockroach-data: 000116.log size: 36464 ; 
I200416 17:38:23.844962 14 storage/engine/rocksdb.go:120                          Options.error_if_exists: 0
I200416 17:38:23.845005 14 storage/engine/rocksdb.go:120                        Options.create_if_missing: 1
I200416 17:38:23.845047 14 storage/engine/rocksdb.go:120                          Options.paranoid_checks: 1
I200416 17:38:23.845091 14 storage/engine/rocksdb.go:120                                      Options.env: 0x75757a0
I200416 17:38:23.845133 14 storage/engine/rocksdb.go:120                                 Options.info_log: 0x7f7688687e80
I200416 17:38:23.845175 14 storage/engine/rocksdb.go:120                 Options.max_file_opening_threads: 16
I200416 17:38:23.845218 14 storage/engine/rocksdb.go:120                               Options.statistics: 0x7f768861d940
I200416 17:38:23.845261 14 storage/engine/rocksdb.go:120                                Options.use_fsync: 0
I200416 17:38:23.845306 14 storage/engine/rocksdb.go:120                        Options.max_log_file_size: 0
I200416 17:38:23.845348 14 storage/engine/rocksdb.go:120                   Options.max_manifest_file_size: 134217728
I200416 17:38:23.845393 14 storage/engine/rocksdb.go:120                    Options.log_file_time_to_roll: 0
I200416 17:38:23.845434 14 storage/engine/rocksdb.go:120                        Options.keep_log_file_num: 1000
I200416 17:38:23.845475 14 storage/engine/rocksdb.go:120                     Options.recycle_log_file_num: 1
I200416 17:38:23.845518 14 storage/engine/rocksdb.go:120                          Options.allow_fallocate: 1
I200416 17:38:23.845700 14 storage/engine/rocksdb.go:120                         Options.allow_mmap_reads: 0
I200416 17:38:23.845744 14 storage/engine/rocksdb.go:120                        Options.allow_mmap_writes: 0
I200416 17:38:23.845786 14 storage/engine/rocksdb.go:120                         Options.use_direct_reads: 0
I200416 17:38:23.845914 14 storage/engine/rocksdb.go:120                         Options.use_direct_io_for_flush_and_compaction: 0
I200416 17:38:23.845957 14 storage/engine/rocksdb.go:120           Options.create_missing_column_families: 0
I200416 17:38:23.845997 14 storage/engine/rocksdb.go:120                               Options.db_log_dir: 
I200416 17:38:23.846037 14 storage/engine/rocksdb.go:120                                  Options.wal_dir: /cockroach/cockroach-data
I200416 17:38:23.846075 14 storage/engine/rocksdb.go:120                 Options.table_cache_numshardbits: 6
I200416 17:38:23.846113 14 storage/engine/rocksdb.go:120                       Options.max_subcompactions: 1
I200416 17:38:23.846154 14 storage/engine/rocksdb.go:120                   Options.max_background_flushes: -1
I200416 17:38:23.846193 14 storage/engine/rocksdb.go:120                          Options.WAL_ttl_seconds: 0
I200416 17:38:23.846233 14 storage/engine/rocksdb.go:120                        Options.WAL_size_limit_MB: 0
I200416 17:38:23.846275 14 storage/engine/rocksdb.go:120              Options.manifest_preallocation_size: 4194304
I200416 17:38:23.846315 14 storage/engine/rocksdb.go:120                      Options.is_fd_close_on_exec: 1
I200416 17:38:23.846354 14 storage/engine/rocksdb.go:120                    Options.advise_random_on_open: 1
I200416 17:38:23.846394 14 storage/engine/rocksdb.go:120                     Options.db_write_buffer_size: 0
I200416 17:38:23.846436 14 storage/engine/rocksdb.go:120                     Options.write_buffer_manager: 0x7f76886611f0
I200416 17:38:23.846479 14 storage/engine/rocksdb.go:120          Options.access_hint_on_compaction_start: 1
I200416 17:38:23.846519 14 storage/engine/rocksdb.go:120   Options.new_table_reader_for_compaction_inputs: 0
I200416 17:38:23.846560 14 storage/engine/rocksdb.go:120            Options.random_access_max_buffer_size: 1048576
I200416 17:38:23.846612 14 storage/engine/rocksdb.go:120                       Options.use_adaptive_mutex: 0
I200416 17:38:23.846657 14 storage/engine/rocksdb.go:120                             Options.rate_limiter: (nil)
I200416 17:38:23.846823 14 storage/engine/rocksdb.go:120      Options.sst_file_manager.rate_bytes_per_sec: 0
I200416 17:38:23.846905 14 storage/engine/rocksdb.go:120                        Options.wal_recovery_mode: 0
I200416 17:38:23.847465 14 storage/engine/rocksdb.go:120                   Options.enable_thread_tracking: 0
I200416 17:38:23.847524 14 storage/engine/rocksdb.go:120                   Options.enable_pipelined_write: 0
I200416 17:38:23.847568 14 storage/engine/rocksdb.go:120          Options.allow_concurrent_memtable_write: 1
I200416 17:38:23.848061 14 storage/engine/rocksdb.go:120       Options.enable_write_thread_adaptive_yield: 1
I200416 17:38:23.848104 14 storage/engine/rocksdb.go:120              Options.write_thread_max_yield_usec: 100
I200416 17:38:23.848148 14 storage/engine/rocksdb.go:120             Options.write_thread_slow_yield_usec: 3
I200416 17:38:23.848189 14 storage/engine/rocksdb.go:120                                Options.row_cache: None
I200416 17:38:23.848234 14 storage/engine/rocksdb.go:120                               Options.wal_filter: None
I200416 17:38:23.848280 14 storage/engine/rocksdb.go:120              Options.avoid_flush_during_recovery: 0
I200416 17:38:23.848322 14 storage/engine/rocksdb.go:120              Options.allow_ingest_behind: 0
I200416 17:38:23.848365 14 storage/engine/rocksdb.go:120              Options.preserve_deletes: 0
I200416 17:38:23.848405 14 storage/engine/rocksdb.go:120              Options.two_write_queues: 0
I200416 17:38:23.848449 14 storage/engine/rocksdb.go:120              Options.manual_wal_flush: 1
I200416 17:38:23.848807 14 storage/engine/rocksdb.go:120              Options.atomic_flush: 0
I200416 17:38:23.848852 14 storage/engine/rocksdb.go:120              Options.avoid_unnecessary_blocking_io: 0
I200416 17:38:23.848896 14 storage/engine/rocksdb.go:120              Options.max_background_jobs: 2
I200416 17:38:23.848936 14 storage/engine/rocksdb.go:120              Options.max_background_compactions: -1
I200416 17:38:23.848979 14 storage/engine/rocksdb.go:120              Options.avoid_flush_during_shutdown: 0
I200416 17:38:23.849022 14 storage/engine/rocksdb.go:120            Options.writable_file_max_buffer_size: 1048576
I200416 17:38:23.849064 14 storage/engine/rocksdb.go:120              Options.delayed_write_rate : 16777216
I200416 17:38:23.849106 14 storage/engine/rocksdb.go:120              Options.max_total_wal_size: 0
I200416 17:38:23.849150 14 storage/engine/rocksdb.go:120              Options.delete_obsolete_files_period_micros: 21600000000
I200416 17:38:23.849192 14 storage/engine/rocksdb.go:120                    Options.stats_dump_period_sec: 0
I200416 17:38:23.849234 14 storage/engine/rocksdb.go:120                  Options.stats_persist_period_sec: 600
I200416 17:38:23.849276 14 storage/engine/rocksdb.go:120                  Options.stats_history_buffer_size: 1048576
I200416 17:38:23.849436 14 storage/engine/rocksdb.go:120                           Options.max_open_files: 1043576
I200416 17:38:23.849527 14 storage/engine/rocksdb.go:120                           Options.bytes_per_sync: 524288
I200416 17:38:23.849566 14 storage/engine/rocksdb.go:120                       Options.wal_bytes_per_sync: 0
I200416 17:38:23.849608 14 storage/engine/rocksdb.go:120                    Options.strict_bytes_per_sync: 1
I200416 17:38:23.849650 14 storage/engine/rocksdb.go:120        Options.compaction_readahead_size: 0
I200416 17:38:23.853732 14 storage/engine/rocksdb.go:120  Compression algorithms supported:
I200416 17:38:23.853754 14 storage/engine/rocksdb.go:120  	kZSTDNotFinalCompression supported: 0
I200416 17:38:23.854212 14 storage/engine/rocksdb.go:120  	kZSTD supported: 0
I200416 17:38:23.854257 14 storage/engine/rocksdb.go:120  	kXpressCompression supported: 0
I200416 17:38:23.854303 14 storage/engine/rocksdb.go:120  	kLZ4HCCompression supported: 0
I200416 17:38:23.854348 14 storage/engine/rocksdb.go:120  	kLZ4Compression supported: 0
I200416 17:38:23.854396 14 storage/engine/rocksdb.go:120  	kBZip2Compression supported: 0
I200416 17:38:23.854451 14 storage/engine/rocksdb.go:120  	kZlibCompression supported: 0
I200416 17:38:23.854516 14 storage/engine/rocksdb.go:120  	kSnappyCompression supported: 1
I200416 17:38:23.854579 14 storage/engine/rocksdb.go:120  Fast CRC32 supported: Supported on x86
I200416 17:38:23.891140 14 storage/engine/rocksdb.go:120  [db/version_set.cc:4072] Recovering from manifest file: /cockroach/cockroach-data/MANIFEST-000115
I200416 17:38:23.896353 14 storage/engine/rocksdb.go:120  [db/column_family.cc:488] --------------- Options for column family [default]:
I200416 17:38:23.896651 14 storage/engine/rocksdb.go:120                Options.comparator: cockroach_comparator
I200416 17:38:23.896701 14 storage/engine/rocksdb.go:120            Options.merge_operator: cockroach_merge_operator
I200416 17:38:23.896743 14 storage/engine/rocksdb.go:120         Options.compaction_filter: None
I200416 17:38:23.896785 14 storage/engine/rocksdb.go:120         Options.compaction_filter_factory: None
I200416 17:38:23.896837 14 storage/engine/rocksdb.go:120          Options.memtable_factory: SkipListFactory
I200416 17:38:23.896881 14 storage/engine/rocksdb.go:120             Options.table_factory: BlockBasedTable
I200416 17:38:23.896980 14 storage/engine/rocksdb.go:120             table_factory options:   flush_block_policy_factory: FlushBlockBySizePolicyFactory (0x7f76886240a0)
  cache_index_and_filter_blocks: 0
  cache_index_and_filter_blocks_with_high_priority: 0
  pin_l0_filter_and_index_blocks_in_cache: 0
  pin_top_level_index_and_filter: 1
  index_type: 0
  data_block_index_type: 0
  index_shortening: 1
  data_block_hash_table_util_ratio: 0.750000
  hash_index_allow_collision: 1
  checksum: 1
  no_block_cache: 0
  block_cache: 0x7f7688768390
  block_cache_name: LRUCache
  block_cache_options:
    capacity : 67108864
    num_shard_bits : 4
    strict_capacity_limit : 0
    memory_allocator : None
    high_pri_pool_ratio: 0.000
  block_cache_compressed: (nil)
  persistent_cache: (nil)
  block_size: 32768
  block_size_deviation: 10
  block_restart_interval: 16
  index_block_restart_interval: 1
  metadata_block_size: 4096
  partition_filters: 0
  use_delta_encoding: 1
  filter_policy: rocksdb.BuiltinBloomFilter
  whole_key_filtering: 0
  verify_compression: 0
  read_amp_bytes_per_bit: 0
  format_version: 2
  enable_index_compression: 1
  block_align: 0
I200416 17:38:23.897028 14 storage/engine/rocksdb.go:120         Options.write_buffer_size: 67108864
I200416 17:38:23.897074 14 storage/engine/rocksdb.go:120   Options.max_write_buffer_number: 4
I200416 17:38:23.897117 14 storage/engine/rocksdb.go:120           Options.compression: Snappy
I200416 17:38:23.897161 14 storage/engine/rocksdb.go:120                   Options.bottommost_compression: Disabled
I200416 17:38:23.897202 14 storage/engine/rocksdb.go:120        Options.prefix_extractor: cockroach_prefix_extractor
I200416 17:38:23.897247 14 storage/engine/rocksdb.go:120    Options.memtable_insert_with_hint_prefix_extractor: nullptr
I200416 17:38:23.897288 14 storage/engine/rocksdb.go:120              Options.num_levels: 7
I200416 17:38:23.897328 14 storage/engine/rocksdb.go:120         Options.min_write_buffer_number_to_merge: 1
I200416 17:38:23.897369 14 storage/engine/rocksdb.go:120      Options.max_write_buffer_number_to_maintain: 0
I200416 17:38:23.897411 14 storage/engine/rocksdb.go:120             Options.bottommost_compression_opts.window_bits: -14
I200416 17:38:23.897452 14 storage/engine/rocksdb.go:120                   Options.bottommost_compression_opts.level: 32767
I200416 17:38:23.897494 14 storage/engine/rocksdb.go:120                Options.bottommost_compression_opts.strategy: 0
I200416 17:38:23.897537 14 storage/engine/rocksdb.go:120          Options.bottommost_compression_opts.max_dict_bytes: 0
I200416 17:38:23.897579 14 storage/engine/rocksdb.go:120          Options.bottommost_compression_opts.zstd_max_train_bytes: 0
I200416 17:38:23.897748 14 storage/engine/rocksdb.go:120                   Options.bottommost_compression_opts.enabled: false
I200416 17:38:23.897794 14 storage/engine/rocksdb.go:120             Options.compression_opts.window_bits: -14
I200416 17:38:23.897847 14 storage/engine/rocksdb.go:120                   Options.compression_opts.level: 32767
I200416 17:38:23.897889 14 storage/engine/rocksdb.go:120                Options.compression_opts.strategy: 0
I200416 17:38:23.897931 14 storage/engine/rocksdb.go:120          Options.compression_opts.max_dict_bytes: 0
I200416 17:38:23.897975 14 storage/engine/rocksdb.go:120          Options.compression_opts.zstd_max_train_bytes: 0
I200416 17:38:23.898018 14 storage/engine/rocksdb.go:120                   Options.compression_opts.enabled: false
I200416 17:38:23.898059 14 storage/engine/rocksdb.go:120       Options.level0_file_num_compaction_trigger: 2
I200416 17:38:23.898101 14 storage/engine/rocksdb.go:120           Options.level0_slowdown_writes_trigger: 950
I200416 17:38:23.898144 14 storage/engine/rocksdb.go:120               Options.level0_stop_writes_trigger: 1000
I200416 17:38:23.898186 14 storage/engine/rocksdb.go:120                    Options.target_file_size_base: 4194304
I200416 17:38:23.898229 14 storage/engine/rocksdb.go:120              Options.target_file_size_multiplier: 2
I200416 17:38:23.898465 14 storage/engine/rocksdb.go:120                 Options.max_bytes_for_level_base: 67108864
I200416 17:38:23.898789 14 storage/engine/rocksdb.go:120  Options.level_compaction_dynamic_level_bytes: 1
I200416 17:38:23.899902 14 storage/engine/rocksdb.go:120           Options.max_bytes_for_level_multiplier: 10.000000
I200416 17:38:23.900069 14 storage/engine/rocksdb.go:120  Options.max_bytes_for_level_multiplier_addtl[0]: 1
I200416 17:38:23.900114 14 storage/engine/rocksdb.go:120  Options.max_bytes_for_level_multiplier_addtl[1]: 1
I200416 17:38:23.902093 14 storage/engine/rocksdb.go:120  Options.max_bytes_for_level_multiplier_addtl[2]: 1
I200416 17:38:23.905386 14 storage/engine/rocksdb.go:120  Options.max_bytes_for_level_multiplier_addtl[3]: 1
I200416 17:38:23.905429 14 storage/engine/rocksdb.go:120  Options.max_bytes_for_level_multiplier_addtl[4]: 1
I200416 17:38:23.905471 14 storage/engine/rocksdb.go:120  Options.max_bytes_for_level_multiplier_addtl[5]: 1
I200416 17:38:23.905512 14 storage/engine/rocksdb.go:120  Options.max_bytes_for_level_multiplier_addtl[6]: 1
I200416 17:38:23.905553 14 storage/engine/rocksdb.go:120        Options.max_sequential_skip_in_iterations: 8
I200416 17:38:23.905594 14 storage/engine/rocksdb.go:120                     Options.max_compaction_bytes: 104857600
I200416 17:38:23.905634 14 storage/engine/rocksdb.go:120                         Options.arena_block_size: 8388608
I200416 17:38:23.905675 14 storage/engine/rocksdb.go:120    Options.soft_pending_compaction_bytes_limit: 2199023255552
I200416 17:38:23.905719 14 storage/engine/rocksdb.go:120    Options.hard_pending_compaction_bytes_limit: 4400193994752
I200416 17:38:23.905760 14 storage/engine/rocksdb.go:120        Options.rate_limit_delay_max_milliseconds: 100
I200416 17:38:23.905802 14 storage/engine/rocksdb.go:120                 Options.disable_auto_compactions: 0
I200416 17:38:23.905857 14 storage/engine/rocksdb.go:120                         Options.compaction_style: kCompactionStyleLevel
I200416 17:38:23.905902 14 storage/engine/rocksdb.go:120                           Options.compaction_pri: kMinOverlappingRatio
I200416 17:38:23.905943 14 storage/engine/rocksdb.go:120  Options.compaction_options_universal.size_ratio: 1
I200416 17:38:23.905984 14 storage/engine/rocksdb.go:120  Options.compaction_options_universal.min_merge_width: 2
I200416 17:38:23.906027 14 storage/engine/rocksdb.go:120  Options.compaction_options_universal.max_merge_width: 4294967295
I200416 17:38:23.909530 14 storage/engine/rocksdb.go:120  Options.compaction_options_universal.max_size_amplification_percent: 200
I200416 17:38:23.909729 14 storage/engine/rocksdb.go:120  Options.compaction_options_universal.compression_size_percent: -1
I200416 17:38:23.909778 14 storage/engine/rocksdb.go:120  Options.compaction_options_universal.stop_style: kCompactionStopStyleTotalSize
I200416 17:38:23.909821 14 storage/engine/rocksdb.go:120  Options.compaction_options_fifo.max_table_files_size: 1073741824
I200416 17:38:23.910239 14 storage/engine/rocksdb.go:120  Options.compaction_options_fifo.allow_compaction: 0
I200416 17:38:23.910456 14 storage/engine/rocksdb.go:120                    Options.table_properties_collectors: TimeBoundTblPropCollectorFactory; DeleteRangeTblPropCollectorFactory; 
I200416 17:38:23.910505 14 storage/engine/rocksdb.go:120                    Options.inplace_update_support: 0
I200416 17:38:23.910546 14 storage/engine/rocksdb.go:120                  Options.inplace_update_num_locks: 10000
I200416 17:38:23.910591 14 storage/engine/rocksdb.go:120                Options.memtable_prefix_bloom_size_ratio: 0.000000
I200416 17:38:23.910632 14 storage/engine/rocksdb.go:120                Options.memtable_whole_key_filtering: 0
I200416 17:38:23.910673 14 storage/engine/rocksdb.go:120    Options.memtable_huge_page_size: 0
I200416 17:38:23.910714 14 storage/engine/rocksdb.go:120                            Options.bloom_locality: 0
I200416 17:38:23.910756 14 storage/engine/rocksdb.go:120                     Options.max_successive_merges: 0
I200416 17:38:23.910888 14 storage/engine/rocksdb.go:120                 Options.optimize_filters_for_hits: 1
I200416 17:38:23.910929 14 storage/engine/rocksdb.go:120                 Options.paranoid_file_checks: 0
I200416 17:38:23.910971 14 storage/engine/rocksdb.go:120                 Options.force_consistency_checks: 0
I200416 17:38:23.911449 14 storage/engine/rocksdb.go:120                 Options.report_bg_io_stats: 0
I200416 17:38:23.911494 14 storage/engine/rocksdb.go:120                                Options.ttl: 0
I200416 17:38:23.911743 14 storage/engine/rocksdb.go:120           Options.periodic_compaction_seconds: 0
I200416 17:38:23.963790 14 storage/engine/rocksdb.go:120  [db/version_set.cc:3086] More existing levels in DB than needed. max_bytes_for_level_multiplier may not be guaranteed.
I200416 17:38:23.963916 14 storage/engine/rocksdb.go:120  [db/version_set.cc:4286] Recovered from manifest file:/cockroach/cockroach-data/MANIFEST-000115 succeeded,manifest_file_number is 115, next_file_number is 117, last_sequence is 72305, log_number is 110,prev_log_number is 0,max_column_family is 0,min_log_number_to_keep is 0
I200416 17:38:23.963966 14 storage/engine/rocksdb.go:120  [db/version_set.cc:4295] Column family [default] (ID 0), log number is 110
I200416 17:38:23.991704 14 storage/engine/rocksdb.go:120  EVENT_LOG_v1 {"time_micros": 1587058703990890, "job": 1, "event": "recovery_started", "log_files": [116]}
I200416 17:38:23.991989 14 storage/engine/rocksdb.go:120  [db/db_impl_open.cc:598] Recovering log #116 mode 0
I200416 17:38:24.030585 14 storage/engine/rocksdb.go:120  EVENT_LOG_v1 {"time_micros": 1587058704030258, "cf_name": "default", "job": 1, "event": "table_file_creation", "file_number": 117, "file_size": 1181, "table_properties": {"data_size": 152, "index_size": 34, "index_partitions": 0, "top_level_index_size": 0, "index_key_is_user_key": 0, "index_value_is_delta_encoded": 0, "filter_size": 69, "raw_key_size": 45, "raw_average_key_size": 15, "raw_value_size": 116, "raw_average_value_size": 38, "num_data_blocks": 1, "num_entries": 3, "num_deletions": 0, "num_merge_operands": 0, "num_range_deletions": 0, "format_version": 0, "fixed_key_len": 0, "filter_policy": "rocksdb.BuiltinBloomFilter", "column_family_name": "default", "column_family_id": 0, "comparator": "cockroach_comparator", "merge_operator": "cockroach_merge_operator", "prefix_extractor_name": "cockroach_prefix_extractor", "property_collectors": "[TimeBoundTblPropCollectorFactory,DeleteRangeTblPropCollectorFactory]", "compression": "Snappy", "compression_options": "window_bits=-14; level=32767; strategy=0; max_dict_bytes=0; zstd_max_train_bytes=0; enabled=0; ", "creation_time": 1587058704, "oldest_key_time": 3, "file_creation_time": 0}}
I200416 17:38:24.031098 14 storage/engine/rocksdb.go:120  [db/version_set.cc:3560] Creating manifest 118
I200416 17:38:24.048555 14 storage/engine/rocksdb.go:120  [db/version_set.cc:3086] More existing levels in DB than needed. max_bytes_for_level_multiplier may not be guaranteed.
I200416 17:38:24.063619 14 storage/engine/rocksdb.go:120  EVENT_LOG_v1 {"time_micros": 1587058704063474, "job": 1, "event": "recovery_finished"}
I200416 17:38:24.135758 17 storage/engine/rocksdb.go:120  [db/compaction_job.cc:1647] [default] [JOB 3] Compacting 2@0 + 1@6 files to L6, score 1.00
I200416 17:38:24.140075 17 storage/engine/rocksdb.go:120  [db/compaction_job.cc:1651] [default] Compaction start summary: Base version 2 Base level 0, inputs: [117(1181B) 114(1181B)], [112(1121B)]
I200416 17:38:24.144992 17 storage/engine/rocksdb.go:120  EVENT_LOG_v1 {"time_micros": 1587058704140317, "job": 3, "event": "compaction_started", "compaction_reason": "LevelL0FilesNum", "files_L0": [117, 114], "files_L6": [112], "score": 1, "input_data_size": 3483}
I200416 17:38:24.173948 17 storage/engine/rocksdb.go:120  [db/compaction_job.cc:1334] [default] [JOB 3] Generated table #122: 4 keys, 1114 bytes
I200416 17:38:24.174360 17 storage/engine/rocksdb.go:120  EVENT_LOG_v1 {"time_micros": 1587058704174029, "cf_name": "default", "job": 3, "event": "table_file_creation", "file_number": 122, "file_size": 1114, "table_properties": {"data_size": 182, "index_size": 34, "index_partitions": 0, "top_level_index_size": 0, "index_key_is_user_key": 0, "index_value_is_delta_encoded": 0, "filter_size": 0, "raw_key_size": 60, "raw_average_key_size": 15, "raw_value_size": 157, "raw_average_value_size": 39, "num_data_blocks": 1, "num_entries": 4, "num_deletions": 0, "num_merge_operands": 0, "num_range_deletions": 0, "format_version": 0, "fixed_key_len": 0, "filter_policy": "rocksdb.BuiltinBloomFilter", "column_family_name": "default", "column_family_id": 0, "comparator": "cockroach_comparator", "merge_operator": "cockroach_merge_operator", "prefix_extractor_name": "cockroach_prefix_extractor", "property_collectors": "[TimeBoundTblPropCollectorFactory,DeleteRangeTblPropCollectorFactory]", "compression": "Snappy", "compression_options": "window_bits=-14; level=32767; strategy=0; max_dict_bytes=0; zstd_max_train_bytes=0; enabled=0; ", "creation_time": 1587058704, "oldest_key_time": 0, "file_creation_time": 1587058704}}
I200416 17:38:24.176966 14 storage/engine/rocksdb.go:120  DB pointer 0x7f76887d6000
I200416 17:38:24.191067 17 storage/engine/rocksdb.go:120  [db/compaction_job.cc:1397] [default] [JOB 3] Compacted 2@0 + 1@6 files to L6 => 1114 bytes
I200416 17:38:24.192259 17 storage/engine/rocksdb.go:120  [db/version_set.cc:3086] More existing levels in DB than needed. max_bytes_for_level_multiplier may not be guaranteed.
I200416 17:38:24.198173 17 storage/engine/rocksdb.go:120  (Original Log Time 2020/04/16-17:38:24.196481) [db/compaction_job.cc:770] [default] compacted to: base level 6 level multiplier 10.00 max bytes base 67108864 files[0 0 0 0 0 0 1] max score 0.00, MB/sec: 0.1 rd, 0.0 wr, level 6, files in(2, 1) out(1) MB in(0.0, 0.0) out(0.0), read-write-amplify(1.9) write-amplify(0.5) OK, records in: 10, records dropped: 6 output_compression: Snappy
I200416 17:38:24.199380 17 storage/engine/rocksdb.go:120  (Original Log Time 2020/04/16-17:38:24.196569) EVENT_LOG_v1 {"time_micros": 1587058704196528, "job": 3, "event": "compaction_finished", "compaction_time_micros": 39342, "compaction_time_cpu_micros": 3695, "output_level": 6, "num_output_files": 1, "total_output_size": 1114, "num_input_records": 10, "num_output_records": 4, "num_subcompactions": 1, "output_compression": "Snappy", "num_single_delete_mismatches": 0, "num_single_delete_fallthrough": 0, "lsm_state": [0, 0, 0, 0, 0, 0, 1]}
I200416 17:38:24.210524 17 storage/engine/rocksdb.go:120  EVENT_LOG_v1 {"time_micros": 1587058704207338, "job": 3, "event": "table_file_deletion", "file_number": 117}
I200416 17:38:24.264829 17 storage/engine/rocksdb.go:120  EVENT_LOG_v1 {"time_micros": 1587058704257203, "job": 3, "event": "table_file_deletion", "file_number": 114}
I200416 17:38:24.327463 17 storage/engine/rocksdb.go:120  EVENT_LOG_v1 {"time_micros": 1587058704311024, "job": 3, "event": "table_file_deletion", "file_number": 112}
I200420 07:39:48.427695 241569 storage/engine/rocksdb.go:120  bloom filter utility:    -nan%
I200420 07:39:48.433426 241569 storage/engine/rocksdb.go:120  [db/db_impl.cc:392] Shutdown: canceling all background work
I200420 07:39:49.282298 241569 storage/engine/rocksdb.go:120  [db/db_impl.cc:565] Shutdown complete
I200420 07:39:50.234945 241569 storage/engine/rocksdb.go:120  bloom filter utility:    -nan%
I200420 07:39:50.237115 241569 storage/engine/rocksdb.go:120  [db/db_impl.cc:392] Shutdown: canceling all background work
I200420 07:39:50.458196 241569 storage/engine/rocksdb.go:120  [db/db_impl.cc:565] Shutdown complete
