I200430 17:13:45.323901 12 util/log/clog.go:1196  [config] file created at: 2020/04/30 17:13:45
I200430 17:13:45.323901 12 util/log/clog.go:1196  [config] running on machine: c4ff208bedd9
I200430 17:13:45.323901 12 util/log/clog.go:1196  [config] binary: CockroachDB CCL v19.2.5 (x86_64-unknown-linux-gnu, built 2020/03/16 18:27:12, go1.12.12)
I200430 17:13:45.323901 12 util/log/clog.go:1196  [config] arguments: [/cockroach/cockroach start --insecure --join=database_1]
I200430 17:13:45.323901 12 util/log/clog.go:1196  line format: [IWEF]yymmdd hh:mm:ss.uuuuuu goid file:line msg utf8=✓
I200430 17:13:45.323899 12 storage/engine/rocksdb.go:120  RocksDB version: 6.2.1
I200430 17:13:45.469819 12 storage/engine/rocksdb.go:120  Git sha rocksdb_build_git_sha:@b7009236531fa784872f4823eabf393501e41bf2@
I200430 17:13:45.469834 12 storage/engine/rocksdb.go:120  Compile date Mar 16 2020
I200430 17:13:45.469844 12 storage/engine/rocksdb.go:120  DB SUMMARY
I200430 17:13:45.504228 12 storage/engine/rocksdb.go:120  SST files in /cockroach/cockroach-data/cockroach-temp274541519 dir, Total Num: 0, files: 
I200430 17:13:45.959703 12 storage/engine/rocksdb.go:120  Write Ahead Log file in /cockroach/cockroach-data/cockroach-temp274541519: 
I200430 17:13:45.959724 12 storage/engine/rocksdb.go:120                          Options.error_if_exists: 0
I200430 17:13:45.959737 12 storage/engine/rocksdb.go:120                        Options.create_if_missing: 1
I200430 17:13:45.959749 12 storage/engine/rocksdb.go:120                          Options.paranoid_checks: 1
I200430 17:13:45.959760 12 storage/engine/rocksdb.go:120                                      Options.env: 0x75757a0
I200430 17:13:45.959770 12 storage/engine/rocksdb.go:120                                 Options.info_log: 0x7f18a120d100
I200430 17:13:45.959780 12 storage/engine/rocksdb.go:120                 Options.max_file_opening_threads: 16
I200430 17:13:45.959790 12 storage/engine/rocksdb.go:120                               Options.statistics: 0x7f18a1234010
I200430 17:13:45.959799 12 storage/engine/rocksdb.go:120                                Options.use_fsync: 0
I200430 17:13:45.959809 12 storage/engine/rocksdb.go:120                        Options.max_log_file_size: 0
I200430 17:13:45.959820 12 storage/engine/rocksdb.go:120                   Options.max_manifest_file_size: 134217728
I200430 17:13:45.959844 12 storage/engine/rocksdb.go:120                    Options.log_file_time_to_roll: 0
I200430 17:13:45.959855 12 storage/engine/rocksdb.go:120                        Options.keep_log_file_num: 1000
I200430 17:13:45.959865 12 storage/engine/rocksdb.go:120                     Options.recycle_log_file_num: 1
I200430 17:13:45.959876 12 storage/engine/rocksdb.go:120                          Options.allow_fallocate: 1
I200430 17:13:45.959889 12 storage/engine/rocksdb.go:120                         Options.allow_mmap_reads: 0
I200430 17:13:45.959900 12 storage/engine/rocksdb.go:120                        Options.allow_mmap_writes: 0
I200430 17:13:45.959913 12 storage/engine/rocksdb.go:120                         Options.use_direct_reads: 0
I200430 17:13:45.959923 12 storage/engine/rocksdb.go:120                         Options.use_direct_io_for_flush_and_compaction: 0
I200430 17:13:45.959963 12 storage/engine/rocksdb.go:120           Options.create_missing_column_families: 0
I200430 17:13:45.959975 12 storage/engine/rocksdb.go:120                               Options.db_log_dir: 
I200430 17:13:45.959986 12 storage/engine/rocksdb.go:120                                  Options.wal_dir: /cockroach/cockroach-data/cockroach-temp274541519
I200430 17:13:45.960010 12 storage/engine/rocksdb.go:120                 Options.table_cache_numshardbits: 6
I200430 17:13:45.960022 12 storage/engine/rocksdb.go:120                       Options.max_subcompactions: 1
I200430 17:13:45.960033 12 storage/engine/rocksdb.go:120                   Options.max_background_flushes: -1
I200430 17:13:45.960044 12 storage/engine/rocksdb.go:120                          Options.WAL_ttl_seconds: 0
I200430 17:13:45.960054 12 storage/engine/rocksdb.go:120                        Options.WAL_size_limit_MB: 0
I200430 17:13:45.960066 12 storage/engine/rocksdb.go:120              Options.manifest_preallocation_size: 4194304
I200430 17:13:45.960077 12 storage/engine/rocksdb.go:120                      Options.is_fd_close_on_exec: 1
I200430 17:13:45.960085 12 storage/engine/rocksdb.go:120                    Options.advise_random_on_open: 1
I200430 17:13:45.960094 12 storage/engine/rocksdb.go:120                     Options.db_write_buffer_size: 0
I200430 17:13:45.960103 12 storage/engine/rocksdb.go:120                     Options.write_buffer_manager: 0x7f18a121f060
I200430 17:13:45.960113 12 storage/engine/rocksdb.go:120          Options.access_hint_on_compaction_start: 1
I200430 17:13:45.960122 12 storage/engine/rocksdb.go:120   Options.new_table_reader_for_compaction_inputs: 0
I200430 17:13:45.960132 12 storage/engine/rocksdb.go:120            Options.random_access_max_buffer_size: 1048576
I200430 17:13:45.960142 12 storage/engine/rocksdb.go:120                       Options.use_adaptive_mutex: 0
I200430 17:13:45.960153 12 storage/engine/rocksdb.go:120                             Options.rate_limiter: (nil)
I200430 17:13:45.960178 12 storage/engine/rocksdb.go:120      Options.sst_file_manager.rate_bytes_per_sec: 0
I200430 17:13:45.960190 12 storage/engine/rocksdb.go:120                        Options.wal_recovery_mode: 0
I200430 17:13:45.960199 12 storage/engine/rocksdb.go:120                   Options.enable_thread_tracking: 0
I200430 17:13:45.960208 12 storage/engine/rocksdb.go:120                   Options.enable_pipelined_write: 0
I200430 17:13:45.960230 12 storage/engine/rocksdb.go:120          Options.allow_concurrent_memtable_write: 1
I200430 17:13:45.960245 12 storage/engine/rocksdb.go:120       Options.enable_write_thread_adaptive_yield: 1
I200430 17:13:45.960258 12 storage/engine/rocksdb.go:120              Options.write_thread_max_yield_usec: 100
I200430 17:13:45.960268 12 storage/engine/rocksdb.go:120             Options.write_thread_slow_yield_usec: 3
I200430 17:13:45.960278 12 storage/engine/rocksdb.go:120                                Options.row_cache: None
I200430 17:13:45.960288 12 storage/engine/rocksdb.go:120                               Options.wal_filter: None
I200430 17:13:45.960298 12 storage/engine/rocksdb.go:120              Options.avoid_flush_during_recovery: 0
I200430 17:13:45.960308 12 storage/engine/rocksdb.go:120              Options.allow_ingest_behind: 0
I200430 17:13:45.960330 12 storage/engine/rocksdb.go:120              Options.preserve_deletes: 0
I200430 17:13:45.960343 12 storage/engine/rocksdb.go:120              Options.two_write_queues: 0
I200430 17:13:45.960355 12 storage/engine/rocksdb.go:120              Options.manual_wal_flush: 1
I200430 17:13:45.960365 12 storage/engine/rocksdb.go:120              Options.atomic_flush: 0
I200430 17:13:45.960377 12 storage/engine/rocksdb.go:120              Options.avoid_unnecessary_blocking_io: 0
I200430 17:13:45.960388 12 storage/engine/rocksdb.go:120              Options.max_background_jobs: 2
I200430 17:13:45.960398 12 storage/engine/rocksdb.go:120              Options.max_background_compactions: -1
I200430 17:13:45.960407 12 storage/engine/rocksdb.go:120              Options.avoid_flush_during_shutdown: 0
I200430 17:13:45.960417 12 storage/engine/rocksdb.go:120            Options.writable_file_max_buffer_size: 1048576
I200430 17:13:45.960433 12 storage/engine/rocksdb.go:120              Options.delayed_write_rate : 16777216
I200430 17:13:45.960444 12 storage/engine/rocksdb.go:120              Options.max_total_wal_size: 0
I200430 17:13:45.960454 12 storage/engine/rocksdb.go:120              Options.delete_obsolete_files_period_micros: 21600000000
I200430 17:13:45.960464 12 storage/engine/rocksdb.go:120                    Options.stats_dump_period_sec: 0
I200430 17:13:45.960474 12 storage/engine/rocksdb.go:120                  Options.stats_persist_period_sec: 600
I200430 17:13:45.960485 12 storage/engine/rocksdb.go:120                  Options.stats_history_buffer_size: 1048576
I200430 17:13:45.960553 12 storage/engine/rocksdb.go:120                           Options.max_open_files: 128
I200430 17:13:45.963141 12 storage/engine/rocksdb.go:120                           Options.bytes_per_sync: 524288
I200430 17:13:45.963256 12 storage/engine/rocksdb.go:120                       Options.wal_bytes_per_sync: 0
I200430 17:13:45.963269 12 storage/engine/rocksdb.go:120                    Options.strict_bytes_per_sync: 1
I200430 17:13:45.963280 12 storage/engine/rocksdb.go:120        Options.compaction_readahead_size: 0
I200430 17:13:45.963289 12 storage/engine/rocksdb.go:120  Compression algorithms supported:
I200430 17:13:45.963302 12 storage/engine/rocksdb.go:120  	kZSTDNotFinalCompression supported: 0
I200430 17:13:45.963312 12 storage/engine/rocksdb.go:120  	kZSTD supported: 0
I200430 17:13:45.963322 12 storage/engine/rocksdb.go:120  	kXpressCompression supported: 0
I200430 17:13:45.963332 12 storage/engine/rocksdb.go:120  	kLZ4HCCompression supported: 0
I200430 17:13:45.963341 12 storage/engine/rocksdb.go:120  	kLZ4Compression supported: 0
I200430 17:13:45.963351 12 storage/engine/rocksdb.go:120  	kBZip2Compression supported: 0
I200430 17:13:45.963361 12 storage/engine/rocksdb.go:120  	kZlibCompression supported: 0
I200430 17:13:45.963370 12 storage/engine/rocksdb.go:120  	kSnappyCompression supported: 1
I200430 17:13:45.963410 12 storage/engine/rocksdb.go:120  Fast CRC32 supported: Supported on x86
I200430 17:13:46.003866 12 storage/engine/rocksdb.go:120  [db/db_impl_open.cc:242] Creating manifest 1 
I200430 17:13:46.214251 12 storage/engine/rocksdb.go:120  [db/version_set.cc:4072] Recovering from manifest file: /cockroach/cockroach-data/cockroach-temp274541519/MANIFEST-000001
I200430 17:13:46.233124 12 storage/engine/rocksdb.go:120  [db/column_family.cc:488] --------------- Options for column family [default]:
I200430 17:13:46.233149 12 storage/engine/rocksdb.go:120                Options.comparator: cockroach_comparator
I200430 17:13:46.233159 12 storage/engine/rocksdb.go:120            Options.merge_operator: cockroach_merge_operator
I200430 17:13:46.233168 12 storage/engine/rocksdb.go:120         Options.compaction_filter: None
I200430 17:13:46.233176 12 storage/engine/rocksdb.go:120         Options.compaction_filter_factory: None
I200430 17:13:46.233187 12 storage/engine/rocksdb.go:120          Options.memtable_factory: SkipListFactory
I200430 17:13:46.233196 12 storage/engine/rocksdb.go:120             Options.table_factory: BlockBasedTable
I200430 17:13:46.233302 12 storage/engine/rocksdb.go:120             table_factory options:   flush_block_policy_factory: FlushBlockBySizePolicyFactory (0x7f18a122d030)
  cache_index_and_filter_blocks: 0
  cache_index_and_filter_blocks_with_high_priority: 0
  pin_l0_filter_and_index_blocks_in_cache: 0
  pin_top_level_index_and_filter: 1
  index_type: 0
  data_block_index_type: 0
  index_shortening: 1
  data_block_hash_table_util_ratio: 0.750000
  hash_index_allow_collision: 1
  checksum: 1
  no_block_cache: 0
  block_cache: 0x7f18a1222010
  block_cache_name: LRUCache
  block_cache_options:
    capacity : 1048576
    num_shard_bits : 4
    strict_capacity_limit : 0
    memory_allocator : None
    high_pri_pool_ratio: 0.000
  block_cache_compressed: (nil)
  persistent_cache: (nil)
  block_size: 32768
  block_size_deviation: 10
  block_restart_interval: 16
  index_block_restart_interval: 1
  metadata_block_size: 4096
  partition_filters: 0
  use_delta_encoding: 1
  filter_policy: rocksdb.BuiltinBloomFilter
  whole_key_filtering: 0
  verify_compression: 0
  read_amp_bytes_per_bit: 0
  format_version: 2
  enable_index_compression: 1
  block_align: 0
I200430 17:13:46.233550 12 storage/engine/rocksdb.go:120         Options.write_buffer_size: 67108864
I200430 17:13:46.233573 12 storage/engine/rocksdb.go:120   Options.max_write_buffer_number: 4
I200430 17:13:46.233583 12 storage/engine/rocksdb.go:120           Options.compression: Snappy
I200430 17:13:46.233592 12 storage/engine/rocksdb.go:120                   Options.bottommost_compression: Disabled
I200430 17:13:46.233600 12 storage/engine/rocksdb.go:120        Options.prefix_extractor: cockroach_prefix_extractor
I200430 17:13:46.233609 12 storage/engine/rocksdb.go:120    Options.memtable_insert_with_hint_prefix_extractor: nullptr
I200430 17:13:46.233618 12 storage/engine/rocksdb.go:120              Options.num_levels: 7
I200430 17:13:46.233626 12 storage/engine/rocksdb.go:120         Options.min_write_buffer_number_to_merge: 1
I200430 17:13:46.233634 12 storage/engine/rocksdb.go:120      Options.max_write_buffer_number_to_maintain: 0
I200430 17:13:46.233642 12 storage/engine/rocksdb.go:120             Options.bottommost_compression_opts.window_bits: -14
I200430 17:13:46.233652 12 storage/engine/rocksdb.go:120                   Options.bottommost_compression_opts.level: 32767
I200430 17:13:46.233660 12 storage/engine/rocksdb.go:120                Options.bottommost_compression_opts.strategy: 0
I200430 17:13:46.233668 12 storage/engine/rocksdb.go:120          Options.bottommost_compression_opts.max_dict_bytes: 0
I200430 17:13:46.233677 12 storage/engine/rocksdb.go:120          Options.bottommost_compression_opts.zstd_max_train_bytes: 0
I200430 17:13:46.233686 12 storage/engine/rocksdb.go:120                   Options.bottommost_compression_opts.enabled: false
I200430 17:13:46.233705 12 storage/engine/rocksdb.go:120             Options.compression_opts.window_bits: -14
I200430 17:13:46.233715 12 storage/engine/rocksdb.go:120                   Options.compression_opts.level: 32767
I200430 17:13:46.233725 12 storage/engine/rocksdb.go:120                Options.compression_opts.strategy: 0
I200430 17:13:46.233734 12 storage/engine/rocksdb.go:120          Options.compression_opts.max_dict_bytes: 0
I200430 17:13:46.233744 12 storage/engine/rocksdb.go:120          Options.compression_opts.zstd_max_train_bytes: 0
I200430 17:13:46.233755 12 storage/engine/rocksdb.go:120                   Options.compression_opts.enabled: false
I200430 17:13:46.233764 12 storage/engine/rocksdb.go:120       Options.level0_file_num_compaction_trigger: 2
I200430 17:13:46.233773 12 storage/engine/rocksdb.go:120           Options.level0_slowdown_writes_trigger: 950
I200430 17:13:46.233782 12 storage/engine/rocksdb.go:120               Options.level0_stop_writes_trigger: 1000
I200430 17:13:46.233791 12 storage/engine/rocksdb.go:120                    Options.target_file_size_base: 4194304
I200430 17:13:46.233800 12 storage/engine/rocksdb.go:120              Options.target_file_size_multiplier: 2
I200430 17:13:46.233808 12 storage/engine/rocksdb.go:120                 Options.max_bytes_for_level_base: 67108864
I200430 17:13:46.233816 12 storage/engine/rocksdb.go:120  Options.level_compaction_dynamic_level_bytes: 1
I200430 17:13:46.233830 12 storage/engine/rocksdb.go:120           Options.max_bytes_for_level_multiplier: 10.000000
I200430 17:13:46.233841 12 storage/engine/rocksdb.go:120  Options.max_bytes_for_level_multiplier_addtl[0]: 1
I200430 17:13:46.233850 12 storage/engine/rocksdb.go:120  Options.max_bytes_for_level_multiplier_addtl[1]: 1
I200430 17:13:46.233872 12 storage/engine/rocksdb.go:120  Options.max_bytes_for_level_multiplier_addtl[2]: 1
I200430 17:13:46.233883 12 storage/engine/rocksdb.go:120  Options.max_bytes_for_level_multiplier_addtl[3]: 1
I200430 17:13:46.234069 12 storage/engine/rocksdb.go:120  Options.max_bytes_for_level_multiplier_addtl[4]: 1
I200430 17:13:46.234086 12 storage/engine/rocksdb.go:120  Options.max_bytes_for_level_multiplier_addtl[5]: 1
I200430 17:13:46.234097 12 storage/engine/rocksdb.go:120  Options.max_bytes_for_level_multiplier_addtl[6]: 1
I200430 17:13:46.234107 12 storage/engine/rocksdb.go:120        Options.max_sequential_skip_in_iterations: 8
I200430 17:13:46.234116 12 storage/engine/rocksdb.go:120                     Options.max_compaction_bytes: 104857600
I200430 17:13:46.234127 12 storage/engine/rocksdb.go:120                         Options.arena_block_size: 8388608
I200430 17:13:46.234140 12 storage/engine/rocksdb.go:120    Options.soft_pending_compaction_bytes_limit: 2199023255552
I200430 17:13:46.234150 12 storage/engine/rocksdb.go:120    Options.hard_pending_compaction_bytes_limit: 4400193994752
I200430 17:13:46.234161 12 storage/engine/rocksdb.go:120        Options.rate_limit_delay_max_milliseconds: 100
I200430 17:13:46.234172 12 storage/engine/rocksdb.go:120                 Options.disable_auto_compactions: 0
I200430 17:13:46.241322 12 storage/engine/rocksdb.go:120                         Options.compaction_style: kCompactionStyleLevel
I200430 17:13:46.241347 12 storage/engine/rocksdb.go:120                           Options.compaction_pri: kMinOverlappingRatio
I200430 17:13:46.241361 12 storage/engine/rocksdb.go:120  Options.compaction_options_universal.size_ratio: 1
I200430 17:13:46.241372 12 storage/engine/rocksdb.go:120  Options.compaction_options_universal.min_merge_width: 2
I200430 17:13:46.241384 12 storage/engine/rocksdb.go:120  Options.compaction_options_universal.max_merge_width: 4294967295
I200430 17:13:46.241395 12 storage/engine/rocksdb.go:120  Options.compaction_options_universal.max_size_amplification_percent: 200
I200430 17:13:46.241831 12 storage/engine/rocksdb.go:120  Options.compaction_options_universal.compression_size_percent: -1
I200430 17:13:46.241846 12 storage/engine/rocksdb.go:120  Options.compaction_options_universal.stop_style: kCompactionStopStyleTotalSize
I200430 17:13:46.241858 12 storage/engine/rocksdb.go:120  Options.compaction_options_fifo.max_table_files_size: 1073741824
I200430 17:13:46.241870 12 storage/engine/rocksdb.go:120  Options.compaction_options_fifo.allow_compaction: 0
I200430 17:13:46.241888 12 storage/engine/rocksdb.go:120                    Options.table_properties_collectors: TimeBoundTblPropCollectorFactory; DeleteRangeTblPropCollectorFactory; 
I200430 17:13:46.241976 12 storage/engine/rocksdb.go:120                    Options.inplace_update_support: 0
I200430 17:13:46.241983 12 storage/engine/rocksdb.go:120                  Options.inplace_update_num_locks: 10000
I200430 17:13:46.241992 12 storage/engine/rocksdb.go:120                Options.memtable_prefix_bloom_size_ratio: 0.000000
I200430 17:13:46.241998 12 storage/engine/rocksdb.go:120                Options.memtable_whole_key_filtering: 0
I200430 17:13:46.242003 12 storage/engine/rocksdb.go:120    Options.memtable_huge_page_size: 0
I200430 17:13:46.242008 12 storage/engine/rocksdb.go:120                            Options.bloom_locality: 0
I200430 17:13:46.242014 12 storage/engine/rocksdb.go:120                     Options.max_successive_merges: 0
I200430 17:13:46.242110 12 storage/engine/rocksdb.go:120                 Options.optimize_filters_for_hits: 1
I200430 17:13:46.242125 12 storage/engine/rocksdb.go:120                 Options.paranoid_file_checks: 0
I200430 17:13:46.242134 12 storage/engine/rocksdb.go:120                 Options.force_consistency_checks: 0
I200430 17:13:46.242141 12 storage/engine/rocksdb.go:120                 Options.report_bg_io_stats: 0
I200430 17:13:46.242147 12 storage/engine/rocksdb.go:120                                Options.ttl: 0
I200430 17:13:46.242152 12 storage/engine/rocksdb.go:120           Options.periodic_compaction_seconds: 0
I200430 17:13:46.262023 12 storage/engine/rocksdb.go:120  [db/version_set.cc:4286] Recovered from manifest file:/cockroach/cockroach-data/cockroach-temp274541519/MANIFEST-000001 succeeded,manifest_file_number is 1, next_file_number is 3, last_sequence is 0, log_number is 0,prev_log_number is 0,max_column_family is 0,min_log_number_to_keep is 0
I200430 17:13:46.262037 12 storage/engine/rocksdb.go:120  [db/version_set.cc:4295] Column family [default] (ID 0), log number is 0
I200430 17:13:46.371971 12 storage/engine/rocksdb.go:120  DB pointer 0x7f18a12a1000
I200430 17:13:46.653232 12 storage/engine/rocksdb.go:120  RocksDB version: 6.2.1
I200430 17:13:46.653251 12 storage/engine/rocksdb.go:120  Git sha rocksdb_build_git_sha:@b7009236531fa784872f4823eabf393501e41bf2@
I200430 17:13:46.653258 12 storage/engine/rocksdb.go:120  Compile date Mar 16 2020
I200430 17:13:46.653265 12 storage/engine/rocksdb.go:120  DB SUMMARY
I200430 17:13:46.773281 12 storage/engine/rocksdb.go:120  CURRENT file:  CURRENT
I200430 17:13:46.773838 12 storage/engine/rocksdb.go:120  IDENTITY file:  IDENTITY
I200430 17:13:46.868188 12 storage/engine/rocksdb.go:120  MANIFEST file:  MANIFEST-000128 size: 246 Bytes
I200430 17:13:46.868212 12 storage/engine/rocksdb.go:120  SST files in /cockroach/cockroach-data dir, Total Num: 1, files: 000132.sst 
I200430 17:13:46.868218 12 storage/engine/rocksdb.go:120  Write Ahead Log file in /cockroach/cockroach-data: 000129.log size: 3174 ; 
I200430 17:13:46.868226 12 storage/engine/rocksdb.go:120                          Options.error_if_exists: 0
I200430 17:13:46.868232 12 storage/engine/rocksdb.go:120                        Options.create_if_missing: 1
I200430 17:13:46.868237 12 storage/engine/rocksdb.go:120                          Options.paranoid_checks: 1
I200430 17:13:46.868243 12 storage/engine/rocksdb.go:120                                      Options.env: 0x75757a0
I200430 17:13:46.868248 12 storage/engine/rocksdb.go:120                                 Options.info_log: 0x7f18a9487f20
I200430 17:13:46.868253 12 storage/engine/rocksdb.go:120                 Options.max_file_opening_threads: 16
I200430 17:13:46.868259 12 storage/engine/rocksdb.go:120                               Options.statistics: 0x7f18a941d8d0
I200430 17:13:46.868264 12 storage/engine/rocksdb.go:120                                Options.use_fsync: 0
I200430 17:13:46.868269 12 storage/engine/rocksdb.go:120                        Options.max_log_file_size: 0
I200430 17:13:46.868275 12 storage/engine/rocksdb.go:120                   Options.max_manifest_file_size: 134217728
I200430 17:13:46.868280 12 storage/engine/rocksdb.go:120                    Options.log_file_time_to_roll: 0
I200430 17:13:46.868285 12 storage/engine/rocksdb.go:120                        Options.keep_log_file_num: 1000
I200430 17:13:46.868290 12 storage/engine/rocksdb.go:120                     Options.recycle_log_file_num: 1
I200430 17:13:46.868296 12 storage/engine/rocksdb.go:120                          Options.allow_fallocate: 1
I200430 17:13:46.868301 12 storage/engine/rocksdb.go:120                         Options.allow_mmap_reads: 0
I200430 17:13:46.868306 12 storage/engine/rocksdb.go:120                        Options.allow_mmap_writes: 0
I200430 17:13:46.868311 12 storage/engine/rocksdb.go:120                         Options.use_direct_reads: 0
I200430 17:13:46.868316 12 storage/engine/rocksdb.go:120                         Options.use_direct_io_for_flush_and_compaction: 0
I200430 17:13:46.868323 12 storage/engine/rocksdb.go:120           Options.create_missing_column_families: 0
I200430 17:13:46.868329 12 storage/engine/rocksdb.go:120                               Options.db_log_dir: 
I200430 17:13:46.868334 12 storage/engine/rocksdb.go:120                                  Options.wal_dir: /cockroach/cockroach-data
I200430 17:13:46.868340 12 storage/engine/rocksdb.go:120                 Options.table_cache_numshardbits: 6
I200430 17:13:46.868345 12 storage/engine/rocksdb.go:120                       Options.max_subcompactions: 1
I200430 17:13:46.868352 12 storage/engine/rocksdb.go:120                   Options.max_background_flushes: -1
I200430 17:13:46.871034 12 storage/engine/rocksdb.go:120                          Options.WAL_ttl_seconds: 0
I200430 17:13:46.871073 12 storage/engine/rocksdb.go:120                        Options.WAL_size_limit_MB: 0
I200430 17:13:46.871080 12 storage/engine/rocksdb.go:120              Options.manifest_preallocation_size: 4194304
I200430 17:13:46.871166 12 storage/engine/rocksdb.go:120                      Options.is_fd_close_on_exec: 1
I200430 17:13:46.871175 12 storage/engine/rocksdb.go:120                    Options.advise_random_on_open: 1
I200430 17:13:46.871180 12 storage/engine/rocksdb.go:120                     Options.db_write_buffer_size: 0
I200430 17:13:46.871186 12 storage/engine/rocksdb.go:120                     Options.write_buffer_manager: 0x7f18a9460cb0
I200430 17:13:46.871192 12 storage/engine/rocksdb.go:120          Options.access_hint_on_compaction_start: 1
I200430 17:13:46.871197 12 storage/engine/rocksdb.go:120   Options.new_table_reader_for_compaction_inputs: 0
I200430 17:13:46.871202 12 storage/engine/rocksdb.go:120            Options.random_access_max_buffer_size: 1048576
I200430 17:13:46.871207 12 storage/engine/rocksdb.go:120                       Options.use_adaptive_mutex: 0
I200430 17:13:46.871213 12 storage/engine/rocksdb.go:120                             Options.rate_limiter: (nil)
I200430 17:13:46.871219 12 storage/engine/rocksdb.go:120      Options.sst_file_manager.rate_bytes_per_sec: 0
I200430 17:13:46.871225 12 storage/engine/rocksdb.go:120                        Options.wal_recovery_mode: 0
I200430 17:13:46.871230 12 storage/engine/rocksdb.go:120                   Options.enable_thread_tracking: 0
I200430 17:13:46.871316 12 storage/engine/rocksdb.go:120                   Options.enable_pipelined_write: 0
I200430 17:13:46.871323 12 storage/engine/rocksdb.go:120          Options.allow_concurrent_memtable_write: 1
I200430 17:13:46.871329 12 storage/engine/rocksdb.go:120       Options.enable_write_thread_adaptive_yield: 1
I200430 17:13:46.871621 12 storage/engine/rocksdb.go:120              Options.write_thread_max_yield_usec: 100
I200430 17:13:46.871639 12 storage/engine/rocksdb.go:120             Options.write_thread_slow_yield_usec: 3
I200430 17:13:46.871649 12 storage/engine/rocksdb.go:120                                Options.row_cache: None
I200430 17:13:46.871659 12 storage/engine/rocksdb.go:120                               Options.wal_filter: None
I200430 17:13:46.872611 12 storage/engine/rocksdb.go:120              Options.avoid_flush_during_recovery: 0
I200430 17:13:46.872697 12 storage/engine/rocksdb.go:120              Options.allow_ingest_behind: 0
I200430 17:13:46.872716 12 storage/engine/rocksdb.go:120              Options.preserve_deletes: 0
I200430 17:13:46.872727 12 storage/engine/rocksdb.go:120              Options.two_write_queues: 0
I200430 17:13:46.872791 12 storage/engine/rocksdb.go:120              Options.manual_wal_flush: 1
I200430 17:13:46.872803 12 storage/engine/rocksdb.go:120              Options.atomic_flush: 0
I200430 17:13:46.872814 12 storage/engine/rocksdb.go:120              Options.avoid_unnecessary_blocking_io: 0
I200430 17:13:46.872826 12 storage/engine/rocksdb.go:120              Options.max_background_jobs: 2
I200430 17:13:46.872836 12 storage/engine/rocksdb.go:120              Options.max_background_compactions: -1
I200430 17:13:46.872846 12 storage/engine/rocksdb.go:120              Options.avoid_flush_during_shutdown: 0
I200430 17:13:46.872857 12 storage/engine/rocksdb.go:120            Options.writable_file_max_buffer_size: 1048576
I200430 17:13:46.872868 12 storage/engine/rocksdb.go:120              Options.delayed_write_rate : 16777216
I200430 17:13:46.872878 12 storage/engine/rocksdb.go:120              Options.max_total_wal_size: 0
I200430 17:13:46.872889 12 storage/engine/rocksdb.go:120              Options.delete_obsolete_files_period_micros: 21600000000
I200430 17:13:46.872899 12 storage/engine/rocksdb.go:120                    Options.stats_dump_period_sec: 0
I200430 17:13:46.872909 12 storage/engine/rocksdb.go:120                  Options.stats_persist_period_sec: 600
I200430 17:13:46.872919 12 storage/engine/rocksdb.go:120                  Options.stats_history_buffer_size: 1048576
I200430 17:13:46.872930 12 storage/engine/rocksdb.go:120                           Options.max_open_files: 1043576
I200430 17:13:46.872942 12 storage/engine/rocksdb.go:120                           Options.bytes_per_sync: 524288
I200430 17:13:46.872953 12 storage/engine/rocksdb.go:120                       Options.wal_bytes_per_sync: 0
I200430 17:13:46.873192 12 storage/engine/rocksdb.go:120                    Options.strict_bytes_per_sync: 1
I200430 17:13:46.873213 12 storage/engine/rocksdb.go:120        Options.compaction_readahead_size: 0
I200430 17:13:46.873225 12 storage/engine/rocksdb.go:120  Compression algorithms supported:
I200430 17:13:46.873237 12 storage/engine/rocksdb.go:120  	kZSTDNotFinalCompression supported: 0
I200430 17:13:46.873249 12 storage/engine/rocksdb.go:120  	kZSTD supported: 0
I200430 17:13:46.873259 12 storage/engine/rocksdb.go:120  	kXpressCompression supported: 0
I200430 17:13:46.873270 12 storage/engine/rocksdb.go:120  	kLZ4HCCompression supported: 0
I200430 17:13:46.873281 12 storage/engine/rocksdb.go:120  	kLZ4Compression supported: 0
I200430 17:13:46.873292 12 storage/engine/rocksdb.go:120  	kBZip2Compression supported: 0
I200430 17:13:46.873303 12 storage/engine/rocksdb.go:120  	kZlibCompression supported: 0
I200430 17:13:46.873314 12 storage/engine/rocksdb.go:120  	kSnappyCompression supported: 1
I200430 17:13:46.873349 12 storage/engine/rocksdb.go:120  Fast CRC32 supported: Supported on x86
I200430 17:13:47.092092 12 storage/engine/rocksdb.go:120  [db/version_set.cc:4072] Recovering from manifest file: /cockroach/cockroach-data/MANIFEST-000128
I200430 17:13:47.183302 12 storage/engine/rocksdb.go:120  [db/column_family.cc:488] --------------- Options for column family [default]:
I200430 17:13:47.187394 12 storage/engine/rocksdb.go:120                Options.comparator: cockroach_comparator
I200430 17:13:47.187551 12 storage/engine/rocksdb.go:120            Options.merge_operator: cockroach_merge_operator
I200430 17:13:47.187577 12 storage/engine/rocksdb.go:120         Options.compaction_filter: None
I200430 17:13:47.187592 12 storage/engine/rocksdb.go:120         Options.compaction_filter_factory: None
I200430 17:13:47.187604 12 storage/engine/rocksdb.go:120          Options.memtable_factory: SkipListFactory
I200430 17:13:47.187689 12 storage/engine/rocksdb.go:120             Options.table_factory: BlockBasedTable
I200430 17:13:47.187858 12 storage/engine/rocksdb.go:120             table_factory options:   flush_block_policy_factory: FlushBlockBySizePolicyFactory (0x7f18a9424038)
  cache_index_and_filter_blocks: 0
  cache_index_and_filter_blocks_with_high_priority: 0
  pin_l0_filter_and_index_blocks_in_cache: 0
  pin_top_level_index_and_filter: 1
  index_type: 0
  data_block_index_type: 0
  index_shortening: 1
  data_block_hash_table_util_ratio: 0.750000
  hash_index_allow_collision: 1
  checksum: 1
  no_block_cache: 0
  block_cache: 0x7f18a947a190
  block_cache_name: LRUCache
  block_cache_options:
    capacity : 67108864
    num_shard_bits : 4
    strict_capacity_limit : 0
    memory_allocator : None
    high_pri_pool_ratio: 0.000
  block_cache_compressed: (nil)
  persistent_cache: (nil)
  block_size: 32768
  block_size_deviation: 10
  block_restart_interval: 16
  index_block_restart_interval: 1
  metadata_block_size: 4096
  partition_filters: 0
  use_delta_encoding: 1
  filter_policy: rocksdb.BuiltinBloomFilter
  whole_key_filtering: 0
  verify_compression: 0
  read_amp_bytes_per_bit: 0
  format_version: 2
  enable_index_compression: 1
  block_align: 0
I200430 17:13:47.187876 12 storage/engine/rocksdb.go:120         Options.write_buffer_size: 67108864
I200430 17:13:47.187892 12 storage/engine/rocksdb.go:120   Options.max_write_buffer_number: 4
I200430 17:13:47.187905 12 storage/engine/rocksdb.go:120           Options.compression: Snappy
I200430 17:13:47.187917 12 storage/engine/rocksdb.go:120                   Options.bottommost_compression: Disabled
I200430 17:13:47.188009 12 storage/engine/rocksdb.go:120        Options.prefix_extractor: cockroach_prefix_extractor
I200430 17:13:47.188023 12 storage/engine/rocksdb.go:120    Options.memtable_insert_with_hint_prefix_extractor: nullptr
I200430 17:13:47.188035 12 storage/engine/rocksdb.go:120              Options.num_levels: 7
I200430 17:13:47.188044 12 storage/engine/rocksdb.go:120         Options.min_write_buffer_number_to_merge: 1
I200430 17:13:47.188054 12 storage/engine/rocksdb.go:120      Options.max_write_buffer_number_to_maintain: 0
I200430 17:13:47.188077 12 storage/engine/rocksdb.go:120             Options.bottommost_compression_opts.window_bits: -14
I200430 17:13:47.188203 12 storage/engine/rocksdb.go:120                   Options.bottommost_compression_opts.level: 32767
I200430 17:13:47.188219 12 storage/engine/rocksdb.go:120                Options.bottommost_compression_opts.strategy: 0
I200430 17:13:47.188231 12 storage/engine/rocksdb.go:120          Options.bottommost_compression_opts.max_dict_bytes: 0
I200430 17:13:47.188388 12 storage/engine/rocksdb.go:120          Options.bottommost_compression_opts.zstd_max_train_bytes: 0
I200430 17:13:47.208204 12 storage/engine/rocksdb.go:120                   Options.bottommost_compression_opts.enabled: false
I200430 17:13:47.208235 12 storage/engine/rocksdb.go:120             Options.compression_opts.window_bits: -14
I200430 17:13:47.208246 12 storage/engine/rocksdb.go:120                   Options.compression_opts.level: 32767
I200430 17:13:47.208257 12 storage/engine/rocksdb.go:120                Options.compression_opts.strategy: 0
I200430 17:13:47.208266 12 storage/engine/rocksdb.go:120          Options.compression_opts.max_dict_bytes: 0
I200430 17:13:47.208276 12 storage/engine/rocksdb.go:120          Options.compression_opts.zstd_max_train_bytes: 0
I200430 17:13:47.208287 12 storage/engine/rocksdb.go:120                   Options.compression_opts.enabled: false
I200430 17:13:47.208296 12 storage/engine/rocksdb.go:120       Options.level0_file_num_compaction_trigger: 2
I200430 17:13:47.208305 12 storage/engine/rocksdb.go:120           Options.level0_slowdown_writes_trigger: 950
I200430 17:13:47.208316 12 storage/engine/rocksdb.go:120               Options.level0_stop_writes_trigger: 1000
I200430 17:13:47.208327 12 storage/engine/rocksdb.go:120                    Options.target_file_size_base: 4194304
I200430 17:13:47.208338 12 storage/engine/rocksdb.go:120              Options.target_file_size_multiplier: 2
I200430 17:13:47.208349 12 storage/engine/rocksdb.go:120                 Options.max_bytes_for_level_base: 67108864
I200430 17:13:47.208361 12 storage/engine/rocksdb.go:120  Options.level_compaction_dynamic_level_bytes: 1
I200430 17:13:47.208379 12 storage/engine/rocksdb.go:120           Options.max_bytes_for_level_multiplier: 10.000000
I200430 17:13:47.208390 12 storage/engine/rocksdb.go:120  Options.max_bytes_for_level_multiplier_addtl[0]: 1
I200430 17:13:47.208401 12 storage/engine/rocksdb.go:120  Options.max_bytes_for_level_multiplier_addtl[1]: 1
I200430 17:13:47.208411 12 storage/engine/rocksdb.go:120  Options.max_bytes_for_level_multiplier_addtl[2]: 1
I200430 17:13:47.208421 12 storage/engine/rocksdb.go:120  Options.max_bytes_for_level_multiplier_addtl[3]: 1
I200430 17:13:47.208431 12 storage/engine/rocksdb.go:120  Options.max_bytes_for_level_multiplier_addtl[4]: 1
I200430 17:13:47.208440 12 storage/engine/rocksdb.go:120  Options.max_bytes_for_level_multiplier_addtl[5]: 1
I200430 17:13:47.208450 12 storage/engine/rocksdb.go:120  Options.max_bytes_for_level_multiplier_addtl[6]: 1
I200430 17:13:47.208459 12 storage/engine/rocksdb.go:120        Options.max_sequential_skip_in_iterations: 8
I200430 17:13:47.208468 12 storage/engine/rocksdb.go:120                     Options.max_compaction_bytes: 104857600
I200430 17:13:47.208477 12 storage/engine/rocksdb.go:120                         Options.arena_block_size: 8388608
I200430 17:13:47.208486 12 storage/engine/rocksdb.go:120    Options.soft_pending_compaction_bytes_limit: 2199023255552
I200430 17:13:47.208496 12 storage/engine/rocksdb.go:120    Options.hard_pending_compaction_bytes_limit: 4400193994752
I200430 17:13:47.208506 12 storage/engine/rocksdb.go:120        Options.rate_limit_delay_max_milliseconds: 100
I200430 17:13:47.208516 12 storage/engine/rocksdb.go:120                 Options.disable_auto_compactions: 0
I200430 17:13:47.208534 12 storage/engine/rocksdb.go:120                         Options.compaction_style: kCompactionStyleLevel
I200430 17:13:47.208548 12 storage/engine/rocksdb.go:120                           Options.compaction_pri: kMinOverlappingRatio
I200430 17:13:47.208559 12 storage/engine/rocksdb.go:120  Options.compaction_options_universal.size_ratio: 1
I200430 17:13:47.208568 12 storage/engine/rocksdb.go:120  Options.compaction_options_universal.min_merge_width: 2
I200430 17:13:47.208577 12 storage/engine/rocksdb.go:120  Options.compaction_options_universal.max_merge_width: 4294967295
I200430 17:13:47.208586 12 storage/engine/rocksdb.go:120  Options.compaction_options_universal.max_size_amplification_percent: 200
I200430 17:13:47.208597 12 storage/engine/rocksdb.go:120  Options.compaction_options_universal.compression_size_percent: -1
I200430 17:13:47.208610 12 storage/engine/rocksdb.go:120  Options.compaction_options_universal.stop_style: kCompactionStopStyleTotalSize
I200430 17:13:47.219313 12 storage/engine/rocksdb.go:120  Options.compaction_options_fifo.max_table_files_size: 1073741824
I200430 17:13:47.219442 12 storage/engine/rocksdb.go:120  Options.compaction_options_fifo.allow_compaction: 0
I200430 17:13:47.219581 12 storage/engine/rocksdb.go:120                    Options.table_properties_collectors: TimeBoundTblPropCollectorFactory; DeleteRangeTblPropCollectorFactory; 
I200430 17:13:47.219950 12 storage/engine/rocksdb.go:120                    Options.inplace_update_support: 0
I200430 17:13:47.225080 12 storage/engine/rocksdb.go:120                  Options.inplace_update_num_locks: 10000
I200430 17:13:47.228410 12 storage/engine/rocksdb.go:120                Options.memtable_prefix_bloom_size_ratio: 0.000000
I200430 17:13:47.228433 12 storage/engine/rocksdb.go:120                Options.memtable_whole_key_filtering: 0
I200430 17:13:47.228544 12 storage/engine/rocksdb.go:120    Options.memtable_huge_page_size: 0
I200430 17:13:47.228572 12 storage/engine/rocksdb.go:120                            Options.bloom_locality: 0
I200430 17:13:47.228594 12 storage/engine/rocksdb.go:120                     Options.max_successive_merges: 0
I200430 17:13:47.228607 12 storage/engine/rocksdb.go:120                 Options.optimize_filters_for_hits: 1
I200430 17:13:47.228617 12 storage/engine/rocksdb.go:120                 Options.paranoid_file_checks: 0
I200430 17:13:47.228628 12 storage/engine/rocksdb.go:120                 Options.force_consistency_checks: 0
I200430 17:13:47.241093 12 storage/engine/rocksdb.go:120                 Options.report_bg_io_stats: 0
I200430 17:13:47.241109 12 storage/engine/rocksdb.go:120                                Options.ttl: 0
I200430 17:13:47.241120 12 storage/engine/rocksdb.go:120           Options.periodic_compaction_seconds: 0
I200430 17:13:47.385501 12 storage/engine/rocksdb.go:120  [db/version_set.cc:3086] More existing levels in DB than needed. max_bytes_for_level_multiplier may not be guaranteed.
I200430 17:13:47.385538 12 storage/engine/rocksdb.go:120  [db/version_set.cc:4286] Recovered from manifest file:/cockroach/cockroach-data/MANIFEST-000128 succeeded,manifest_file_number is 128, next_file_number is 134, last_sequence is 95273, log_number is 127,prev_log_number is 0,max_column_family is 0,min_log_number_to_keep is 0
I200430 17:13:47.385550 12 storage/engine/rocksdb.go:120  [db/version_set.cc:4295] Column family [default] (ID 0), log number is 127
I200430 17:13:47.475829 12 storage/engine/rocksdb.go:120  EVENT_LOG_v1 {"time_micros": 1588266827475783, "job": 1, "event": "recovery_started", "log_files": [129]}
I200430 17:13:47.475856 12 storage/engine/rocksdb.go:120  [db/db_impl_open.cc:598] Recovering log #129 mode 0
I200430 17:13:47.664765 12 storage/engine/rocksdb.go:120  EVENT_LOG_v1 {"time_micros": 1588266827657738, "cf_name": "default", "job": 1, "event": "table_file_creation", "file_number": 134, "file_size": 1180, "table_properties": {"data_size": 151, "index_size": 34, "index_partitions": 0, "top_level_index_size": 0, "index_key_is_user_key": 0, "index_value_is_delta_encoded": 0, "filter_size": 69, "raw_key_size": 45, "raw_average_key_size": 15, "raw_value_size": 116, "raw_average_value_size": 38, "num_data_blocks": 1, "num_entries": 3, "num_deletions": 0, "num_merge_operands": 0, "num_range_deletions": 0, "format_version": 0, "fixed_key_len": 0, "filter_policy": "rocksdb.BuiltinBloomFilter", "column_family_name": "default", "column_family_id": 0, "comparator": "cockroach_comparator", "merge_operator": "cockroach_merge_operator", "prefix_extractor_name": "cockroach_prefix_extractor", "property_collectors": "[TimeBoundTblPropCollectorFactory,DeleteRangeTblPropCollectorFactory]", "compression": "Snappy", "compression_options": "window_bits=-14; level=32767; strategy=0; max_dict_bytes=0; zstd_max_train_bytes=0; enabled=0; ", "creation_time": 1588266827, "oldest_key_time": 3, "file_creation_time": 0}}
I200430 17:13:47.668606 12 storage/engine/rocksdb.go:120  [db/version_set.cc:3560] Creating manifest 135
I200430 17:13:47.730392 12 storage/engine/rocksdb.go:120  [db/version_set.cc:3086] More existing levels in DB than needed. max_bytes_for_level_multiplier may not be guaranteed.
I200430 17:13:48.002195 12 storage/engine/rocksdb.go:120  EVENT_LOG_v1 {"time_micros": 1588266828002138, "job": 1, "event": "recovery_finished"}
I200430 17:13:48.305889 12 storage/engine/rocksdb.go:120  DB pointer 0x7f18a9569000
I200430 17:14:59.591173 589 storage/engine/rocksdb.go:120  bloom filter utility:    -nan%
I200430 17:14:59.609576 589 storage/engine/rocksdb.go:120  [db/db_impl.cc:392] Shutdown: canceling all background work
I200430 17:14:59.696855 589 storage/engine/rocksdb.go:120  [db/db_impl.cc:565] Shutdown complete
I200430 17:14:59.982306 589 storage/engine/rocksdb.go:120  bloom filter utility:    41.7%
I200430 17:14:59.987919 589 storage/engine/rocksdb.go:120  [db/db_impl.cc:392] Shutdown: canceling all background work
I200430 17:15:00.014002 589 storage/engine/rocksdb.go:120  [db/db_impl.cc:565] Shutdown complete
