I200407 19:15:15.473973 1 util/log/clog.go:1196  [config] file created at: 2020/04/07 19:15:15
I200407 19:15:15.473973 1 util/log/clog.go:1196  [config] running on machine: cbe2ed25d5be
I200407 19:15:15.473973 1 util/log/clog.go:1196  [config] binary: CockroachDB CCL v19.2.5 (x86_64-unknown-linux-gnu, built 2020/03/16 18:27:12, go1.12.12)
I200407 19:15:15.473973 1 util/log/clog.go:1196  [config] arguments: [/cockroach/cockroach start --insecure --join=database_1]
I200407 19:15:15.473973 1 util/log/clog.go:1196  line format: [IWEF]yymmdd hh:mm:ss.uuuuuu goid file:line msg utf8=✓
I200407 19:15:15.473951 1 cli/start.go:1144  logging to directory /cockroach/cockroach-data/logs
W200407 19:15:15.512633 1 cli/start.go:1182  RUNNING IN INSECURE MODE!

- Your cluster is open for any client that can access <all your IP addresses>.
- Any user, even root, can log in without providing a password.
- Any user, connecting as root, can read or write any data in your cluster.
- There is no network encryption nor authentication, and thus no confidentiality.

Check out how to secure your cluster: https://www.cockroachlabs.com/docs/v19.2/secure-a-cluster.html
I200407 19:15:15.590473 1 server/status/recorder.go:597  available memory from cgroups (8.0 EiB) is unsupported, using system memory 2.9 GiB instead: 
W200407 19:15:15.613714 1 cli/start.go:1052  Using the default setting for --cache (128 MiB).
  A significantly larger value is usually needed for good performance.
  If you have a dedicated server a reasonable setting is --cache=.25 (749 MiB).
I200407 19:15:15.700230 1 server/status/recorder.go:597  available memory from cgroups (8.0 EiB) is unsupported, using system memory 2.9 GiB instead: 
W200407 19:15:15.700385 1 cli/start.go:1065  Using the default setting for --max-sql-memory (128 MiB).
  A significantly larger value is usually needed in production.
  If you have a dedicated server a reasonable setting is --max-sql-memory=.25 (749 MiB).
I200407 19:15:15.701110 1 server/status/recorder.go:597  available memory from cgroups (8.0 EiB) is unsupported, using system memory 2.9 GiB instead: 
I200407 19:15:15.892456 1 cli/start.go:1196  CockroachDB CCL v19.2.5 (x86_64-unknown-linux-gnu, built 2020/03/16 18:27:12, go1.12.12)
I200407 19:15:16.821398 1 server/status/recorder.go:597  available memory from cgroups (8.0 EiB) is unsupported, using system memory 2.9 GiB instead: 
I200407 19:15:16.821566 1 server/config.go:394  system total memory: 2.9 GiB
I200407 19:15:16.821687 1 server/config.go:396  server configuration:
max offset             500000000
cache size             128 MiB
SQL memory pool size   128 MiB
scan interval          10m0s
scan min idle time     10ms
scan max idle time     1s
event log enabled      true
I200407 19:15:16.821767 1 cli/start.go:1030  using local environment variables: COCKROACH_CHANNEL=official-docker
I200407 19:15:16.821839 1 cli/start.go:1037  process identity: uid 0 euid 0 gid 0 egid 0
I200407 19:15:16.822338 1 cli/start.go:644  starting cockroach node
I200407 19:15:16.834420 26 storage/engine/rocksdb.go:622  opening rocksdb instance at "/cockroach/cockroach-data/cockroach-temp570333820"
I200407 19:15:17.801931 26 server/server.go:928  [n?] monitoring forward clock jumps based on server.clock.forward_jump_check_enabled
I200407 19:15:17.854662 26 storage/engine/rocksdb.go:622  opening rocksdb instance at "/cockroach/cockroach-data"
I200407 19:15:18.422766 26 server/config.go:502  [n?] 1 storage engine initialized
I200407 19:15:18.422827 26 server/config.go:505  [n?] RocksDB cache size: 128 MiB
I200407 19:15:18.423289 26 server/config.go:505  [n?] store 0: RocksDB, max size 0 B, max open file limit 1043576
W200407 19:15:18.483156 26 gossip/gossip.go:1517  [n?] no incoming or outgoing connections
W200407 19:15:18.493689 26 cli/start.go:996  neither --listen-addr nor --advertise-addr was specified.
The server will advertise "cbe2ed25d5be" to other nodes, is this routable?

Consider using:
- for local-only servers:  --listen-addr=localhost
- for multi-node clusters: --advertise-addr=<host/IP addr>
I200407 19:15:18.516579 26 gossip/gossip.go:394  [n2] NodeDescriptor set to node_id:2 address:<network_field:"tcp" address_field:"cbe2ed25d5be:26257" > attrs:<> locality:<> ServerVersion:<major_val:19 minor_val:2 patch:0 unstable:0 > build_tag:"v19.2.5" started_at:1586286918513854600 cluster_name:"" sql_address:<network_field:"tcp" address_field:"cbe2ed25d5be:26257" > 
W200407 19:15:18.671604 84 vendor/google.golang.org/grpc/clientconn.go:1206  grpc: addrConn.createTransport failed to connect to {database_1:26257 0  <nil>}. Err :connection error: desc = "transport: Error while dialing dial tcp 192.168.0.2:26257: connect: connection refused". Reconnecting...
I200407 19:15:18.708154 48 vendor/github.com/cockroachdb/circuitbreaker/circuitbreaker.go:322  [n2] circuitbreaker: gossip [::]:26257->database_1:26257 tripped: initial connection heartbeat failed: rpc error: code = Unavailable desc = all SubConns are in TransientFailure, latest connection error: connection error: desc = "transport: Error while dialing dial tcp 192.168.0.2:26257: connect: connection refused"
I200407 19:15:18.708360 48 vendor/github.com/cockroachdb/circuitbreaker/circuitbreaker.go:447  [n2] circuitbreaker: gossip [::]:26257->database_1:26257 event: BreakerTripped
W200407 19:15:18.708444 48 gossip/client.go:118  [n2] failed to start gossip client to database_1:26257: initial connection heartbeat failed: rpc error: code = Unavailable desc = all SubConns are in TransientFailure, latest connection error: connection error: desc = "transport: Error while dialing dial tcp 192.168.0.2:26257: connect: connection refused"
I200407 19:15:19.114989 26 server/node.go:431  [n2] initialized store [n2,s2]: disk (capacity=60 TiB, available=32 TiB, used=5.5 MiB, logicalBytes=0 B), ranges=0, leases=0, queries=0.00, writes=0.00, bytesPerReplica={p10=0.00 p25=0.00 p50=0.00 p75=0.00 p90=0.00 pMax=0.00}, writesPerReplica={p10=0.00 p25=0.00 p50=0.00 p75=0.00 p90=0.00 pMax=0.00}
I200407 19:15:19.116613 26 storage/stores.go:240  [n2] read 1 node addresses from persistent storage
I200407 19:15:19.143220 26 server/node.go:645  [n2] connecting to gossip network to verify cluster ID...
W200407 19:15:19.673378 84 vendor/google.golang.org/grpc/clientconn.go:1206  grpc: addrConn.createTransport failed to connect to {database_1:26257 0  <nil>}. Err :connection error: desc = "transport: Error while dialing cannot reuse client connection". Reconnecting...
W200407 19:15:20.527820 74 gossip/gossip.go:1300  [n2] invalid bootstrap address: &{typ:tcp addr:d7f4b7de5062:26257}, lookup d7f4b7de5062 on 127.0.0.11:53: no such host
I200407 19:15:20.690921 130 vendor/github.com/cockroachdb/circuitbreaker/circuitbreaker.go:447  [n2] circuitbreaker: gossip [::]:26257->database_1:26257 event: BreakerReset
I200407 19:15:20.691203 130 gossip/client.go:124  [n2] started gossip client to database_1:26257
I200407 19:15:20.737717 34 storage/stores.go:259  [n2] wrote 2 node addresses to persistent storage
I200407 19:15:20.747780 26 server/node.go:665  [n2] node connected via gossip and verified as part of cluster "ea35b6ad-0215-43e2-94d0-3ce953db1cc1"
I200407 19:15:20.749394 26 server/node.go:512  [n2] node=2: started with [<no-attributes>=/cockroach/cockroach-data] engine(s) and attributes []
I200407 19:15:20.884115 26 server/server.go:1514  [n2] starting http server at [::]:8080 (use: cbe2ed25d5be:8080)
I200407 19:15:20.890323 26 server/server.go:1521  [n2] starting grpc/postgres server at [::]:26257
I200407 19:15:20.890557 26 server/server.go:1522  [n2] advertising CockroachDB node at cbe2ed25d5be:26257
I200407 19:15:21.450299 130 gossip/client.go:129  [n2] closing client to n1 (database_1:26257): stopping outgoing client to n1 (database_1:26257); already have incoming
I200407 19:15:21.456285 75 gossip/gossip.go:1531  [n2] node has connected to cluster via gossip
I200407 19:15:21.456830 75 storage/stores.go:259  [n2] wrote 1 node addresses to persistent storage
W200407 19:15:21.979836 166 storage/node_liveness.go:559  [n2,liveness-hb] slow heartbeat took 1.0s
I200407 19:15:22.709981 26 server/server.go:1590  [n2] done ensuring all necessary migrations have run
I200407 19:15:22.716981 26 server/server.go:1841  [n2] serving sql connections
I200407 19:15:22.717345 26 cli/start.go:803  [config] clusterID: ea35b6ad-0215-43e2-94d0-3ce953db1cc1
I200407 19:15:22.717482 26 cli/start.go:812  node startup completed:
CockroachDB node starting at 2020-04-07 19:15:22.7171807 +0000 UTC (took 7.3s)
build:               CCL v19.2.5 @ 2020/03/16 18:27:12 (go1.12.12)
webui:               http://cbe2ed25d5be:8080
sql:                 postgresql://root@cbe2ed25d5be:26257?sslmode=disable
RPC client flags:    /cockroach/cockroach <client cmd> --host=cbe2ed25d5be:26257 --insecure
logs:                /cockroach/cockroach-data/logs
temp dir:            /cockroach/cockroach-data/cockroach-temp570333820
external I/O path:   /cockroach/cockroach-data/extern
store[0]:            path=/cockroach/cockroach-data
status:              restarted pre-existing node
clusterID:           ea35b6ad-0215-43e2-94d0-3ce953db1cc1
nodeID:              2
I200407 19:15:23.448499 222 sql/event_log.go:130  [n2] Event: "node_restart", target: 2, info: {Descriptor:{NodeID:2 Address:cbe2ed25d5be:26257 Attrs: Locality: ServerVersion:19.2 BuildTag:v19.2.5 StartedAt:1586286918513854600 LocalityAddress:[] ClusterName: SQLAddress:cbe2ed25d5be:26257} ClusterID:ea35b6ad-0215-43e2-94d0-3ce953db1cc1 StartedAt:1586286918513854600 LastUp:1586286885125845500}
I200407 19:15:23.497900 227 server/server_update.go:53  [n2] no need to upgrade, cluster already at the newest version
I200407 19:15:30.918267 141 server/status/runtime.go:498  [n2] runtime stats: 115 MiB RSS, 145 goroutines, 101 MiB/23 MiB/135 MiB GO alloc/idle/total, 3.0 MiB/4.6 MiB CGO alloc/total, 0.0 CGO/sec, 0.0/0.0 %(u/s)time, 0.0 %gc (8x), 158 KiB/75 KiB (r/w)net
I200407 19:15:40.879205 148 storage/store.go:2364  [n2,s2] sstables (read amplification = 1):
6 [ 1K 1 ]: 1K
I200407 19:15:40.879898 148 storage/store.go:2365  [n2,s2] 
** Compaction Stats [default] **
Level    Files   Size     Score Read(GB)  Rn(GB) Rnp1(GB) Write(GB) Wnew(GB) Moved(GB) W-Amp Rd(MB/s) Wr(MB/s) Comp(sec) CompMergeCPU(sec) Comp(cnt) Avg(sec) KeyIn KeyDrop
----------------------------------------------------------------------------------------------------------------------------------------------------------------------------
  L0      0/0    0.00 KB   0.0      0.0     0.0      0.0       0.0      0.0       0.0   1.0      0.0      0.1      0.02              0.00         1    0.022       0      0
  L6      1/0    1.09 KB   0.0      0.0     0.0      0.0       0.0      0.0       0.0   0.5      0.1      0.0      0.05              0.00         1    0.054      10      6
 Sum      1/0    1.09 KB   0.0      0.0     0.0      0.0       0.0      0.0       0.0   1.9      0.0      0.0      0.08              0.00         2    0.038      10      6
 Int      0/0    0.00 KB   0.0      0.0     0.0      0.0       0.0      0.0       0.0   1.9      0.0      0.0      0.08              0.00         2    0.038      10      6

** Compaction Stats [default] **
Priority    Files   Size     Score Read(GB)  Rn(GB) Rnp1(GB) Write(GB) Wnew(GB) Moved(GB) W-Amp Rd(MB/s) Wr(MB/s) Comp(sec) CompMergeCPU(sec) Comp(cnt) Avg(sec) KeyIn KeyDrop
-------------------------------------------------------------------------------------------------------------------------------------------------------------------------------
 Low      0/0    0.00 KB   0.0      0.0     0.0      0.0       0.0      0.0       0.0   0.0      0.1      0.0      0.05              0.00         1    0.054      10      6
User      0/0    0.00 KB   0.0      0.0     0.0      0.0       0.0      0.0       0.0   0.0      0.0      0.1      0.02              0.00         1    0.022       0      0
Uptime(secs): 22.8 total, 22.8 interval
Flush(GB): cumulative 0.000, interval 0.000
AddFile(GB): cumulative 0.000, interval 0.000
AddFile(Total Files): cumulative 0, interval 0
AddFile(L0 Files): cumulative 0, interval 0
AddFile(Keys): cumulative 0, interval 0
Cumulative compaction: 0.00 GB write, 0.00 MB/s write, 0.00 GB read, 0.00 MB/s read, 0.1 seconds
Interval compaction: 0.00 GB write, 0.00 MB/s write, 0.00 GB read, 0.00 MB/s read, 0.1 seconds
Stalls(count): 0 level0_slowdown, 0 level0_slowdown_with_compaction, 0 level0_numfiles, 0 level0_numfiles_with_compaction, 0 stop for pending_compaction_bytes, 0 slowdown for pending_compaction_bytes, 0 memtable_compaction, 0 memtable_slowdown, interval 0 total count
estimated_pending_compaction_bytes: 0 B
I200407 19:15:40.923364 141 server/status/runtime.go:498  [n2] runtime stats: 123 MiB RSS, 145 goroutines, 109 MiB/15 MiB/135 MiB GO alloc/idle/total, 3.2 MiB/4.9 MiB CGO alloc/total, 1.9 CGO/sec, 0.9/2.2 %(u/s)time, 0.0 %gc (0x), 16 KiB/30 KiB (r/w)net
I200407 19:15:50.924234 141 server/status/runtime.go:498  [n2] runtime stats: 130 MiB RSS, 145 goroutines, 116 MiB/7.9 MiB/135 MiB GO alloc/idle/total, 3.2 MiB/4.9 MiB CGO alloc/total, 1.1 CGO/sec, 1.6/3.2 %(u/s)time, 0.0 %gc (0x), 16 KiB/31 KiB (r/w)net
I200407 19:16:00.887350 141 server/status/runtime.go:498  [n2] runtime stats: 133 MiB RSS, 146 goroutines, 84 MiB/37 MiB/135 MiB GO alloc/idle/total, 3.2 MiB/4.9 MiB CGO alloc/total, 1.1 CGO/sec, 1.4/2.8 %(u/s)time, 0.0 %gc (1x), 18 KiB/33 KiB (r/w)net
I200407 19:16:10.888734 141 server/status/runtime.go:498  [n2] runtime stats: 133 MiB RSS, 146 goroutines, 90 MiB/32 MiB/135 MiB GO alloc/idle/total, 11 MiB/13 MiB CGO alloc/total, 1.2 CGO/sec, 0.7/1.7 %(u/s)time, 0.0 %gc (0x), 13 KiB/29 KiB (r/w)net
I200407 19:16:20.726147 149 gossip/gossip.go:566  [n2] gossip status (ok, 2 nodes)
gossip client (0/3 cur/max conns)
gossip server (1/3 cur/max conns, infos 40/201 sent/received, bytes 9549B/45444B sent/received)
  1: e27b7fe17789:26257 (59s)
gossip connectivity
  n1 [sentinel];
  n1 -> n2;
I200407 19:16:20.887085 141 server/status/runtime.go:498  [n2] runtime stats: 134 MiB RSS, 146 goroutines, 96 MiB/27 MiB/135 MiB GO alloc/idle/total, 11 MiB/13 MiB CGO alloc/total, 0.5 CGO/sec, 0.9/1.7 %(u/s)time, 0.0 %gc (0x), 12 KiB/29 KiB (r/w)net
I200407 19:16:30.856867 141 server/status/runtime.go:498  [n2] runtime stats: 135 MiB RSS, 145 goroutines, 103 MiB/20 MiB/135 MiB GO alloc/idle/total, 11 MiB/13 MiB CGO alloc/total, 1.7 CGO/sec, 0.6/1.5 %(u/s)time, 0.0 %gc (0x), 25 KiB/38 KiB (r/w)net
I200407 19:16:40.857296 141 server/status/runtime.go:498  [n2] runtime stats: 136 MiB RSS, 145 goroutines, 108 MiB/15 MiB/135 MiB GO alloc/idle/total, 11 MiB/13 MiB CGO alloc/total, 1.1 CGO/sec, 1.8/2.8 %(u/s)time, 0.0 %gc (0x), 11 KiB/28 KiB (r/w)net
I200407 19:16:50.859772 141 server/status/runtime.go:498  [n2] runtime stats: 136 MiB RSS, 145 goroutines, 114 MiB/9.2 MiB/135 MiB GO alloc/idle/total, 11 MiB/13 MiB CGO alloc/total, 1.2 CGO/sec, 0.5/1.0 %(u/s)time, 0.0 %gc (0x), 12 KiB/29 KiB (r/w)net
I200407 19:17:00.824166 141 server/status/runtime.go:498  [n2] runtime stats: 138 MiB RSS, 146 goroutines, 120 MiB/3.4 MiB/135 MiB GO alloc/idle/total, 11 MiB/13 MiB CGO alloc/total, 1.1 CGO/sec, 0.5/0.8 %(u/s)time, 0.0 %gc (0x), 15 KiB/32 KiB (r/w)net
I200407 19:17:10.827108 141 server/status/runtime.go:498  [n2] runtime stats: 146 MiB RSS, 146 goroutines, 128 MiB/60 MiB/201 MiB GO alloc/idle/total, 11 MiB/13 MiB CGO alloc/total, 1.1 CGO/sec, 0.5/1.1 %(u/s)time, 0.0 %gc (0x), 12 KiB/28 KiB (r/w)net
I200407 19:17:20.627872 149 gossip/gossip.go:566  [n2] gossip status (ok, 2 nodes)
gossip client (0/3 cur/max conns)
gossip server (1/3 cur/max conns, infos 71/345 sent/received, bytes 16280B/63721B sent/received)
  1: e27b7fe17789:26257 (1m59s)
I200407 19:17:20.869793 141 server/status/runtime.go:498  [n2] runtime stats: 153 MiB RSS, 146 goroutines, 79 MiB/106 MiB/201 MiB GO alloc/idle/total, 11 MiB/13 MiB CGO alloc/total, 0.5 CGO/sec, 1.2/1.7 %(u/s)time, 0.0 %gc (1x), 11 KiB/29 KiB (r/w)net
I200407 19:17:30.829331 141 server/status/runtime.go:498  [n2] runtime stats: 153 MiB RSS, 145 goroutines, 85 MiB/101 MiB/201 MiB GO alloc/idle/total, 11 MiB/13 MiB CGO alloc/total, 1.7 CGO/sec, 0.4/0.8 %(u/s)time, 0.0 %gc (0x), 15 KiB/32 KiB (r/w)net
I200407 19:17:40.863820 141 server/status/runtime.go:498  [n2] runtime stats: 153 MiB RSS, 145 goroutines, 90 MiB/96 MiB/201 MiB GO alloc/idle/total, 11 MiB/13 MiB CGO alloc/total, 0.6 CGO/sec, 0.8/1.2 %(u/s)time, 0.0 %gc (0x), 12 KiB/28 KiB (r/w)net
I200407 19:17:50.832330 141 server/status/runtime.go:498  [n2] runtime stats: 154 MiB RSS, 145 goroutines, 96 MiB/90 MiB/201 MiB GO alloc/idle/total, 11 MiB/13 MiB CGO alloc/total, 1.7 CGO/sec, 0.6/1.1 %(u/s)time, 0.0 %gc (0x), 11 KiB/28 KiB (r/w)net
I200407 19:18:00.798098 141 server/status/runtime.go:498  [n2] runtime stats: 154 MiB RSS, 146 goroutines, 102 MiB/85 MiB/201 MiB GO alloc/idle/total, 11 MiB/13 MiB CGO alloc/total, 1.1 CGO/sec, 0.7/1.2 %(u/s)time, 0.0 %gc (0x), 15 KiB/32 KiB (r/w)net
I200407 19:18:10.797476 141 server/status/runtime.go:498  [n2] runtime stats: 154 MiB RSS, 146 goroutines, 108 MiB/80 MiB/201 MiB GO alloc/idle/total, 11 MiB/13 MiB CGO alloc/total, 1.1 CGO/sec, 0.5/1.0 %(u/s)time, 0.0 %gc (0x), 11 KiB/28 KiB (r/w)net
I200407 19:18:20.557319 149 gossip/gossip.go:566  [n2] gossip status (ok, 2 nodes)
gossip client (0/3 cur/max conns)
gossip server (1/3 cur/max conns, infos 102/489 sent/received, bytes 22975B/81923B sent/received)
  1: e27b7fe17789:26257 (2m59s)
I200407 19:18:20.801274 141 server/status/runtime.go:498  [n2] runtime stats: 154 MiB RSS, 146 goroutines, 114 MiB/74 MiB/201 MiB GO alloc/idle/total, 11 MiB/13 MiB CGO alloc/total, 0.5 CGO/sec, 0.8/1.5 %(u/s)time, 0.0 %gc (0x), 12 KiB/29 KiB (r/w)net
I200407 19:18:30.766162 141 server/status/runtime.go:498  [n2] runtime stats: 154 MiB RSS, 145 goroutines, 120 MiB/68 MiB/201 MiB GO alloc/idle/total, 11 MiB/13 MiB CGO alloc/total, 1.8 CGO/sec, 0.5/0.9 %(u/s)time, 0.0 %gc (0x), 15 KiB/32 KiB (r/w)net
I200407 19:18:40.767135 141 server/status/runtime.go:498  [n2] runtime stats: 154 MiB RSS, 145 goroutines, 125 MiB/63 MiB/201 MiB GO alloc/idle/total, 11 MiB/13 MiB CGO alloc/total, 1.1 CGO/sec, 0.4/0.7 %(u/s)time, 0.0 %gc (0x), 12 KiB/28 KiB (r/w)net
I200407 19:18:50.770284 141 server/status/runtime.go:498  [n2] runtime stats: 154 MiB RSS, 145 goroutines, 131 MiB/57 MiB/202 MiB GO alloc/idle/total, 11 MiB/13 MiB CGO alloc/total, 1.1 CGO/sec, 0.6/1.0 %(u/s)time, 0.0 %gc (0x), 11 KiB/29 KiB (r/w)net
I200407 19:19:00.741127 141 server/status/runtime.go:498  [n2] runtime stats: 157 MiB RSS, 146 goroutines, 139 MiB/49 MiB/202 MiB GO alloc/idle/total, 11 MiB/13 MiB CGO alloc/total, 1.1 CGO/sec, 0.8/1.4 %(u/s)time, 0.0 %gc (0x), 14 KiB/31 KiB (r/w)net
I200407 19:19:10.737928 141 server/status/runtime.go:498  [n2] runtime stats: 163 MiB RSS, 146 goroutines, 80 MiB/103 MiB/202 MiB GO alloc/idle/total, 11 MiB/13 MiB CGO alloc/total, 1.2 CGO/sec, 0.9/1.8 %(u/s)time, 0.0 %gc (1x), 12 KiB/28 KiB (r/w)net
I200407 19:19:20.486230 149 gossip/gossip.go:566  [n2] gossip status (ok, 2 nodes)
gossip client (0/3 cur/max conns)
gossip server (1/3 cur/max conns, infos 133/632 sent/received, bytes 29598B/99892B sent/received)
  1: e27b7fe17789:26257 (3m59s)
I200407 19:19:20.737318 141 server/status/runtime.go:498  [n2] runtime stats: 163 MiB RSS, 146 goroutines, 86 MiB/99 MiB/202 MiB GO alloc/idle/total, 11 MiB/13 MiB CGO alloc/total, 1.1 CGO/sec, 0.6/1.3 %(u/s)time, 0.0 %gc (0x), 12 KiB/29 KiB (r/w)net
I200407 19:19:30.708553 141 server/status/runtime.go:498  [n2] runtime stats: 163 MiB RSS, 145 goroutines, 92 MiB/94 MiB/202 MiB GO alloc/idle/total, 11 MiB/13 MiB CGO alloc/total, 1.1 CGO/sec, 0.8/1.1 %(u/s)time, 0.0 %gc (0x), 14 KiB/31 KiB (r/w)net
I200407 19:19:40.707083 141 server/status/runtime.go:498  [n2] runtime stats: 163 MiB RSS, 145 goroutines, 98 MiB/88 MiB/202 MiB GO alloc/idle/total, 11 MiB/13 MiB CGO alloc/total, 1.1 CGO/sec, 0.4/0.9 %(u/s)time, 0.0 %gc (0x), 12 KiB/28 KiB (r/w)net
I200407 19:19:50.713941 141 server/status/runtime.go:498  [n2] runtime stats: 163 MiB RSS, 145 goroutines, 104 MiB/83 MiB/202 MiB GO alloc/idle/total, 11 MiB/13 MiB CGO alloc/total, 1.2 CGO/sec, 0.6/0.9 %(u/s)time, 0.0 %gc (0x), 12 KiB/29 KiB (r/w)net
I200407 19:20:00.673788 141 server/status/runtime.go:498  [n2] runtime stats: 163 MiB RSS, 146 goroutines, 110 MiB/78 MiB/202 MiB GO alloc/idle/total, 11 MiB/13 MiB CGO alloc/total, 1.1 CGO/sec, 0.7/1.1 %(u/s)time, 0.0 %gc (0x), 14 KiB/31 KiB (r/w)net
I200407 19:20:10.674262 141 server/status/runtime.go:498  [n2] runtime stats: 163 MiB RSS, 146 goroutines, 115 MiB/72 MiB/202 MiB GO alloc/idle/total, 11 MiB/13 MiB CGO alloc/total, 1.1 CGO/sec, 0.4/0.8 %(u/s)time, 0.0 %gc (0x), 12 KiB/29 KiB (r/w)net
I200407 19:20:20.417351 149 gossip/gossip.go:566  [n2] gossip status (ok, 2 nodes)
gossip client (0/3 cur/max conns)
gossip server (1/3 cur/max conns, infos 163/776 sent/received, bytes 36156B/118019B sent/received)
  1: e27b7fe17789:26257 (4m59s)
I200407 19:20:20.675633 141 server/status/runtime.go:498  [n2] runtime stats: 163 MiB RSS, 146 goroutines, 121 MiB/66 MiB/202 MiB GO alloc/idle/total, 11 MiB/13 MiB CGO alloc/total, 1.1 CGO/sec, 0.3/0.7 %(u/s)time, 0.0 %gc (0x), 12 KiB/28 KiB (r/w)net
I200407 19:20:30.642031 141 server/status/runtime.go:498  [n2] runtime stats: 163 MiB RSS, 145 goroutines, 127 MiB/61 MiB/202 MiB GO alloc/idle/total, 11 MiB/13 MiB CGO alloc/total, 1.1 CGO/sec, 0.5/0.8 %(u/s)time, 0.0 %gc (0x), 14 KiB/31 KiB (r/w)net
I200407 19:20:40.644305 141 server/status/runtime.go:498  [n2] runtime stats: 163 MiB RSS, 145 goroutines, 133 MiB/55 MiB/202 MiB GO alloc/idle/total, 11 MiB/13 MiB CGO alloc/total, 1.2 CGO/sec, 0.5/0.8 %(u/s)time, 0.0 %gc (0x), 12 KiB/29 KiB (r/w)net
I200407 19:20:50.644073 141 server/status/runtime.go:498  [n2] runtime stats: 163 MiB RSS, 145 goroutines, 138 MiB/50 MiB/202 MiB GO alloc/idle/total, 11 MiB/13 MiB CGO alloc/total, 1.1 CGO/sec, 0.5/0.9 %(u/s)time, 0.0 %gc (0x), 12 KiB/29 KiB (r/w)net
I200407 19:21:00.611367 141 server/status/runtime.go:498  [n2] runtime stats: 164 MiB RSS, 146 goroutines, 144 MiB/43 MiB/202 MiB GO alloc/idle/total, 11 MiB/13 MiB CGO alloc/total, 1.1 CGO/sec, 0.5/0.8 %(u/s)time, 0.0 %gc (0x), 14 KiB/31 KiB (r/w)net
I200407 19:21:10.612038 141 server/status/runtime.go:498  [n2] runtime stats: 169 MiB RSS, 146 goroutines, 81 MiB/103 MiB/202 MiB GO alloc/idle/total, 11 MiB/13 MiB CGO alloc/total, 1.1 CGO/sec, 0.9/1.4 %(u/s)time, 0.0 %gc (1x), 12 KiB/29 KiB (r/w)net
I200407 19:21:20.347036 149 gossip/gossip.go:566  [n2] gossip status (ok, 2 nodes)
gossip client (0/3 cur/max conns)
gossip server (1/3 cur/max conns, infos 194/920 sent/received, bytes 42815B/136146B sent/received)
  1: e27b7fe17789:26257 (5m59s)
I200407 19:21:20.613236 141 server/status/runtime.go:498  [n2] runtime stats: 169 MiB RSS, 146 goroutines, 87 MiB/98 MiB/202 MiB GO alloc/idle/total, 11 MiB/13 MiB CGO alloc/total, 1.2 CGO/sec, 0.5/1.0 %(u/s)time, 0.0 %gc (0x), 13 KiB/30 KiB (r/w)net
I200407 19:21:30.580635 141 server/status/runtime.go:498  [n2] runtime stats: 170 MiB RSS, 145 goroutines, 93 MiB/93 MiB/202 MiB GO alloc/idle/total, 11 MiB/13 MiB CGO alloc/total, 1.1 CGO/sec, 0.4/0.7 %(u/s)time, 0.0 %gc (0x), 14 KiB/31 KiB (r/w)net
I200407 19:21:38.628425 1 cli/start.go:865  received signal 'terminated'
I200407 19:21:38.629928 1 cli/start.go:930  initiating graceful shutdown of server
I200407 19:21:38.639136 1071 util/stop/stopper.go:542  [server drain process] quiescing; tasks left:
1      [async] intent_resolver_ir_batcher
1      [async] intent_resolver_gc_batcher
1      [async] closedts-subscription
1      [async] closedts-rangefeed-subscriber
I200407 19:21:38.662652 1071 storage/engine/rocksdb.go:762  closing rocksdb instance at "/cockroach/cockroach-data/cockroach-temp570333820"
I200407 19:21:38.741061 1071 storage/engine/rocksdb.go:762  closing rocksdb instance at "/cockroach/cockroach-data"
I200407 19:21:38.781316 1 cli/start.go:976  server drained and shutdown completed
