I200408 06:51:13.975487 1 util/log/clog.go:1196  [config] file created at: 2020/04/08 06:51:13
I200408 06:51:13.975487 1 util/log/clog.go:1196  [config] running on machine: 952fac406ab0
I200408 06:51:13.975487 1 util/log/clog.go:1196  [config] binary: CockroachDB CCL v19.2.5 (x86_64-unknown-linux-gnu, built 2020/03/16 18:27:12, go1.12.12)
I200408 06:51:13.975487 1 util/log/clog.go:1196  [config] arguments: [/cockroach/cockroach start --insecure --join=database_1]
I200408 06:51:13.975487 1 util/log/clog.go:1196  line format: [IWEF]yymmdd hh:mm:ss.uuuuuu goid file:line msg utf8=✓
I200408 06:51:13.975426 1 cli/start.go:1144  logging to directory /cockroach/cockroach-data/logs
W200408 06:51:14.010909 1 cli/start.go:1182  RUNNING IN INSECURE MODE!

- Your cluster is open for any client that can access <all your IP addresses>.
- Any user, even root, can log in without providing a password.
- Any user, connecting as root, can read or write any data in your cluster.
- There is no network encryption nor authentication, and thus no confidentiality.

Check out how to secure your cluster: https://www.cockroachlabs.com/docs/v19.2/secure-a-cluster.html
I200408 06:51:14.014287 1 server/status/recorder.go:597  available memory from cgroups (8.0 EiB) is unsupported, using system memory 2.9 GiB instead: 
W200408 06:51:14.015114 1 cli/start.go:1052  Using the default setting for --cache (128 MiB).
  A significantly larger value is usually needed for good performance.
  If you have a dedicated server a reasonable setting is --cache=.25 (749 MiB).
I200408 06:51:14.015918 1 server/status/recorder.go:597  available memory from cgroups (8.0 EiB) is unsupported, using system memory 2.9 GiB instead: 
W200408 06:51:14.016011 1 cli/start.go:1065  Using the default setting for --max-sql-memory (128 MiB).
  A significantly larger value is usually needed in production.
  If you have a dedicated server a reasonable setting is --max-sql-memory=.25 (749 MiB).
I200408 06:51:14.017062 1 server/status/recorder.go:597  available memory from cgroups (8.0 EiB) is unsupported, using system memory 2.9 GiB instead: 
I200408 06:51:14.017197 1 cli/start.go:1196  CockroachDB CCL v19.2.5 (x86_64-unknown-linux-gnu, built 2020/03/16 18:27:12, go1.12.12)
I200408 06:51:15.755345 1 server/status/recorder.go:597  available memory from cgroups (8.0 EiB) is unsupported, using system memory 2.9 GiB instead: 
I200408 06:51:15.755507 1 server/config.go:394  system total memory: 2.9 GiB
I200408 06:51:15.755680 1 server/config.go:396  server configuration:
max offset             500000000
cache size             128 MiB
SQL memory pool size   128 MiB
scan interval          10m0s
scan min idle time     10ms
scan max idle time     1s
event log enabled      true
I200408 06:51:15.755906 1 cli/start.go:1030  using local environment variables: COCKROACH_CHANNEL=official-docker
I200408 06:51:15.756014 1 cli/start.go:1037  process identity: uid 0 euid 0 gid 0 egid 0
I200408 06:51:15.756683 1 cli/start.go:644  starting cockroach node
I200408 06:51:15.789043 31 storage/engine/rocksdb.go:622  opening rocksdb instance at "/cockroach/cockroach-data/cockroach-temp347063340"
I200408 06:51:17.633063 31 server/server.go:928  [n?] monitoring forward clock jumps based on server.clock.forward_jump_check_enabled
I200408 06:51:17.667144 31 storage/engine/rocksdb.go:622  opening rocksdb instance at "/cockroach/cockroach-data"
I200408 06:51:18.483796 31 server/config.go:502  [n?] 1 storage engine initialized
I200408 06:51:18.484236 31 server/config.go:505  [n?] RocksDB cache size: 128 MiB
I200408 06:51:18.484305 31 server/config.go:505  [n?] store 0: RocksDB, max size 0 B, max open file limit 1043576
W200408 06:51:18.539248 31 gossip/gossip.go:1517  [n?] no incoming or outgoing connections
W200408 06:51:18.573442 31 cli/start.go:996  neither --listen-addr nor --advertise-addr was specified.
The server will advertise "952fac406ab0" to other nodes, is this routable?

Consider using:
- for local-only servers:  --listen-addr=localhost
- for multi-node clusters: --advertise-addr=<host/IP addr>
I200408 06:51:18.646759 31 gossip/gossip.go:394  [n2] NodeDescriptor set to node_id:2 address:<network_field:"tcp" address_field:"952fac406ab0:26257" > attrs:<> locality:<> ServerVersion:<major_val:19 minor_val:2 patch:0 unstable:0 > build_tag:"v19.2.5" started_at:1586328678627226500 cluster_name:"" sql_address:<network_field:"tcp" address_field:"952fac406ab0:26257" > 
I200408 06:51:19.561159 31 server/node.go:431  [n2] initialized store [n2,s2]: disk (capacity=60 TiB, available=32 TiB, used=6.0 MiB, logicalBytes=0 B), ranges=0, leases=0, queries=0.00, writes=0.00, bytesPerReplica={p10=0.00 p25=0.00 p50=0.00 p75=0.00 p90=0.00 pMax=0.00}, writesPerReplica={p10=0.00 p25=0.00 p50=0.00 p75=0.00 p90=0.00 pMax=0.00}
I200408 06:51:19.562018 31 storage/stores.go:240  [n2] read 1 node addresses from persistent storage
I200408 06:51:19.564015 31 server/node.go:645  [n2] connecting to gossip network to verify cluster ID...
W200408 06:51:19.631624 65 gossip/gossip.go:1300  [n2] invalid bootstrap address: &{typ:tcp addr:cb295c3a5cc4:26257}, lookup cb295c3a5cc4 on 127.0.0.11:53: no such host
I200408 06:51:23.891514 83 gossip/client.go:124  [n2] started gossip client to database_1:26257
I200408 06:51:23.911869 34 storage/stores.go:259  [n2] wrote 2 node addresses to persistent storage
I200408 06:51:24.586826 31 server/node.go:665  [n2] node connected via gossip and verified as part of cluster "ea35b6ad-0215-43e2-94d0-3ce953db1cc1"
I200408 06:51:24.587431 31 server/node.go:512  [n2] node=2: started with [<no-attributes>=/cockroach/cockroach-data] engine(s) and attributes []
I200408 06:51:24.618767 31 server/server.go:1514  [n2] starting http server at [::]:8080 (use: 952fac406ab0:8080)
I200408 06:51:24.618859 31 server/server.go:1521  [n2] starting grpc/postgres server at [::]:26257
I200408 06:51:24.618939 31 server/server.go:1522  [n2] advertising CockroachDB node at 952fac406ab0:26257
W200408 06:51:24.688185 87 storage/closedts/provider/provider.go:150  [ct-closer] unable to move closed timestamp forward: node not in the liveness table
github.com/cockroachdb/cockroach/pkg/storage.init.ializers
	/go/src/github.com/cockroachdb/cockroach/pkg/storage/node_liveness.go:44
runtime.main
	/usr/local/go/src/runtime/proc.go:188
runtime.goexit
	/usr/local/go/src/runtime/asm_amd64.s:1337
I200408 06:51:24.882980 82 gossip/gossip.go:1531  [n2] node has connected to cluster via gossip
I200408 06:51:24.887137 82 storage/stores.go:259  [n2] wrote 1 node addresses to persistent storage
I200408 06:51:24.966148 196 gossip/client.go:124  [n2] started gossip client to cc46f009c52a:26257
I200408 06:51:25.084660 196 gossip/client.go:129  [n2] closing client to n1 (cc46f009c52a:26257): rpc error: code = Unknown desc = duplicate connection from node at 952fac406ab0:26257
W200408 06:51:25.232671 31 server/node.go:826  [n2,summaries] health alerts detected: {Alerts:[{StoreID:0 Category:METRICS Description:round-trip-latency-p90 Value:5.368709119e+09}]}
I200408 06:51:25.456757 83 gossip/client.go:129  [n2] closing client to n1 (database_1:26257): stopping outgoing client to n1 (database_1:26257); already have incoming
W200408 06:51:26.646000 176 storage/node_liveness.go:559  [n2,liveness-hb] slow heartbeat took 2.0s
I200408 06:51:26.646153 176 storage/node_liveness.go:474  [n2,liveness-hb] heartbeat failed on epoch increment; retrying
I200408 06:51:27.095071 31 server/server.go:1590  [n2] done ensuring all necessary migrations have run
I200408 06:51:27.095516 31 server/server.go:1841  [n2] serving sql connections
I200408 06:51:27.096915 31 cli/start.go:803  [config] clusterID: ea35b6ad-0215-43e2-94d0-3ce953db1cc1
I200408 06:51:27.097252 31 cli/start.go:812  node startup completed:
CockroachDB node starting at 2020-04-08 06:51:27.0965431 +0000 UTC (took 13.1s)
build:               CCL v19.2.5 @ 2020/03/16 18:27:12 (go1.12.12)
webui:               http://952fac406ab0:8080
sql:                 postgresql://root@952fac406ab0:26257?sslmode=disable
RPC client flags:    /cockroach/cockroach <client cmd> --host=952fac406ab0:26257 --insecure
logs:                /cockroach/cockroach-data/logs
temp dir:            /cockroach/cockroach-data/cockroach-temp347063340
external I/O path:   /cockroach/cockroach-data/extern
store[0]:            path=/cockroach/cockroach-data
status:              restarted pre-existing node
clusterID:           ea35b6ad-0215-43e2-94d0-3ce953db1cc1
nodeID:              2
I200408 06:51:27.879452 262 server/server_update.go:53  [n2] no need to upgrade, cluster already at the newest version
I200408 06:51:28.414844 264 sql/event_log.go:130  [n2] Event: "node_restart", target: 2, info: {Descriptor:{NodeID:2 Address:952fac406ab0:26257 Attrs: Locality: ServerVersion:19.2 BuildTag:v19.2.5 StartedAt:1586328678627226500 LocalityAddress:[] ClusterName: SQLAddress:952fac406ab0:26257} ClusterID:ea35b6ad-0215-43e2-94d0-3ce953db1cc1 StartedAt:1586328678627226500 LastUp:1586291819616306300}
I200408 06:51:34.602607 170 server/status/runtime.go:498  [n2] runtime stats: 106 MiB RSS, 151 goroutines, 90 MiB/33 MiB/134 MiB GO alloc/idle/total, 2.8 MiB/4.9 MiB CGO alloc/total, 0.0 CGO/sec, 0.0/0.0 %(u/s)time, 0.0 %gc (9x), 126 KiB/73 KiB (r/w)net
W200408 06:51:37.594220 240 server/node.go:826  [n2,summaries] health alerts detected: {Alerts:[{StoreID:0 Category:METRICS Description:liveness.heartbeatfailures Value:1}]}
I200408 06:51:44.605431 170 server/status/runtime.go:498  [n2] runtime stats: 115 MiB RSS, 152 goroutines, 98 MiB/25 MiB/135 MiB GO alloc/idle/total, 2.8 MiB/4.9 MiB CGO alloc/total, 1.3 CGO/sec, 1.4/2.7 %(u/s)time, 0.0 %gc (0x), 32 KiB/40 KiB (r/w)net
I200408 06:51:44.812942 165 storage/store.go:2364  [n2,s2] sstables (read amplification = 2):
0 [ 1K 1 ]: 1K
6 [ 1K 1 ]: 1K
I200408 06:51:44.813983 165 storage/store.go:2365  [n2,s2] 
** Compaction Stats [default] **
Level    Files   Size     Score Read(GB)  Rn(GB) Rnp1(GB) Write(GB) Wnew(GB) Moved(GB) W-Amp Rd(MB/s) Wr(MB/s) Comp(sec) CompMergeCPU(sec) Comp(cnt) Avg(sec) KeyIn KeyDrop
----------------------------------------------------------------------------------------------------------------------------------------------------------------------------
  L0      1/0    1.15 KB   0.5      0.0     0.0      0.0       0.0      0.0       0.0   1.0      0.0      0.0      0.03              0.00         1    0.033       0      0
  L6      1/0    1.09 KB   0.0      0.0     0.0      0.0       0.0      0.0       0.0   0.0      0.0      0.0      0.00              0.00         0    0.000       0      0
 Sum      2/0    2.24 KB   0.0      0.0     0.0      0.0       0.0      0.0       0.0   1.0      0.0      0.0      0.03              0.00         1    0.033       0      0
 Int      0/0    0.00 KB   0.0      0.0     0.0      0.0       0.0      0.0       0.0   1.0      0.0      0.0      0.03              0.00         1    0.033       0      0

** Compaction Stats [default] **
Priority    Files   Size     Score Read(GB)  Rn(GB) Rnp1(GB) Write(GB) Wnew(GB) Moved(GB) W-Amp Rd(MB/s) Wr(MB/s) Comp(sec) CompMergeCPU(sec) Comp(cnt) Avg(sec) KeyIn KeyDrop
-------------------------------------------------------------------------------------------------------------------------------------------------------------------------------
User      0/0    0.00 KB   0.0      0.0     0.0      0.0       0.0      0.0       0.0   0.0      0.0      0.0      0.03              0.00         1    0.033       0      0
Uptime(secs): 26.9 total, 26.9 interval
Flush(GB): cumulative 0.000, interval 0.000
AddFile(GB): cumulative 0.000, interval 0.000
AddFile(Total Files): cumulative 0, interval 0
AddFile(L0 Files): cumulative 0, interval 0
AddFile(Keys): cumulative 0, interval 0
Cumulative compaction: 0.00 GB write, 0.00 MB/s write, 0.00 GB read, 0.00 MB/s read, 0.0 seconds
Interval compaction: 0.00 GB write, 0.00 MB/s write, 0.00 GB read, 0.00 MB/s read, 0.0 seconds
Stalls(count): 0 level0_slowdown, 0 level0_slowdown_with_compaction, 0 level0_numfiles, 0 level0_numfiles_with_compaction, 0 stop for pending_compaction_bytes, 0 slowdown for pending_compaction_bytes, 0 memtable_compaction, 0 memtable_slowdown, interval 0 total count
estimated_pending_compaction_bytes: 0 B
I200408 06:51:54.590546 170 server/status/runtime.go:498  [n2] runtime stats: 123 MiB RSS, 151 goroutines, 106 MiB/18 MiB/135 MiB GO alloc/idle/total, 3.0 MiB/4.9 MiB CGO alloc/total, 1.5 CGO/sec, 1.4/2.7 %(u/s)time, 0.0 %gc (0x), 17 KiB/31 KiB (r/w)net
I200408 06:52:04.592468 170 server/status/runtime.go:498  [n2] runtime stats: 131 MiB RSS, 152 goroutines, 114 MiB/10 MiB/135 MiB GO alloc/idle/total, 3.0 MiB/4.9 MiB CGO alloc/total, 1.3 CGO/sec, 3.6/5.7 %(u/s)time, 0.0 %gc (0x), 20 KiB/35 KiB (r/w)net
I200408 06:52:14.570534 170 server/status/runtime.go:498  [n2] runtime stats: 139 MiB RSS, 153 goroutines, 121 MiB/3.0 MiB/135 MiB GO alloc/idle/total, 11 MiB/13 MiB CGO alloc/total, 1.4 CGO/sec, 1.7/2.9 %(u/s)time, 0.0 %gc (0x), 13 KiB/30 KiB (r/w)net
I200408 06:52:24.518852 166 gossip/gossip.go:566  [n2] gossip status (ok, 2 nodes)
gossip client (0/3 cur/max conns)
gossip server (1/3 cur/max conns, infos 43/205 sent/received, bytes 10327B/46579B sent/received)
  1: cc46f009c52a:26257 (59s)
gossip connectivity
  n1 [sentinel];
  n1 -> n2;
I200408 06:52:24.536640 170 server/status/runtime.go:498  [n2] runtime stats: 142 MiB RSS, 152 goroutines, 85 MiB/36 MiB/135 MiB GO alloc/idle/total, 11 MiB/13 MiB CGO alloc/total, 1.3 CGO/sec, 2.1/3.3 %(u/s)time, 0.7 %gc (1x), 13 KiB/31 KiB (r/w)net
I200408 06:52:34.538631 170 server/status/runtime.go:498  [n2] runtime stats: 142 MiB RSS, 151 goroutines, 91 MiB/30 MiB/135 MiB GO alloc/idle/total, 11 MiB/13 MiB CGO alloc/total, 1.3 CGO/sec, 1.1/2.9 %(u/s)time, 0.0 %gc (0x), 25 KiB/39 KiB (r/w)net
I200408 06:52:44.542942 170 server/status/runtime.go:498  [n2] runtime stats: 142 MiB RSS, 151 goroutines, 97 MiB/25 MiB/135 MiB GO alloc/idle/total, 11 MiB/13 MiB CGO alloc/total, 1.3 CGO/sec, 0.7/1.2 %(u/s)time, 0.0 %gc (0x), 11 KiB/29 KiB (r/w)net
I200408 06:52:54.505901 170 server/status/runtime.go:498  [n2] runtime stats: 142 MiB RSS, 151 goroutines, 103 MiB/20 MiB/135 MiB GO alloc/idle/total, 11 MiB/13 MiB CGO alloc/total, 1.3 CGO/sec, 0.6/1.1 %(u/s)time, 0.0 %gc (0x), 13 KiB/30 KiB (r/w)net
I200408 06:53:04.508798 170 server/status/runtime.go:498  [n2] runtime stats: 142 MiB RSS, 152 goroutines, 109 MiB/14 MiB/135 MiB GO alloc/idle/total, 11 MiB/13 MiB CGO alloc/total, 1.4 CGO/sec, 0.9/0.9 %(u/s)time, 0.0 %gc (0x), 15 KiB/32 KiB (r/w)net
I200408 06:53:14.507695 170 server/status/runtime.go:498  [n2] runtime stats: 142 MiB RSS, 152 goroutines, 115 MiB/8.5 MiB/135 MiB GO alloc/idle/total, 11 MiB/13 MiB CGO alloc/total, 1.3 CGO/sec, 0.4/1.0 %(u/s)time, 0.0 %gc (0x), 12 KiB/29 KiB (r/w)net
I200408 06:53:24.450806 166 gossip/gossip.go:566  [n2] gossip status (ok, 2 nodes)
gossip client (0/3 cur/max conns)
gossip server (1/3 cur/max conns, infos 74/349 sent/received, bytes 17022B/64781B sent/received)
  1: cc46f009c52a:26257 (1m59s)
I200408 06:53:24.473068 170 server/status/runtime.go:498  [n2] runtime stats: 142 MiB RSS, 152 goroutines, 120 MiB/2.9 MiB/135 MiB GO alloc/idle/total, 11 MiB/13 MiB CGO alloc/total, 1.3 CGO/sec, 0.5/0.7 %(u/s)time, 0.0 %gc (0x), 12 KiB/29 KiB (r/w)net
I200408 06:53:34.474539 170 server/status/runtime.go:498  [n2] runtime stats: 144 MiB RSS, 151 goroutines, 126 MiB/61 MiB/201 MiB GO alloc/idle/total, 11 MiB/13 MiB CGO alloc/total, 1.3 CGO/sec, 0.6/1.5 %(u/s)time, 0.0 %gc (0x), 15 KiB/32 KiB (r/w)net
I200408 06:53:44.476698 170 server/status/runtime.go:498  [n2] runtime stats: 152 MiB RSS, 151 goroutines, 134 MiB/54 MiB/201 MiB GO alloc/idle/total, 11 MiB/13 MiB CGO alloc/total, 1.4 CGO/sec, 0.9/1.4 %(u/s)time, 0.0 %gc (0x), 12 KiB/30 KiB (r/w)net
I200408 06:53:54.442509 170 server/status/runtime.go:498  [n2] runtime stats: 160 MiB RSS, 155 goroutines, 83 MiB/102 MiB/201 MiB GO alloc/idle/total, 11 MiB/13 MiB CGO alloc/total, 1.3 CGO/sec, 2.1/2.7 %(u/s)time, 0.0 %gc (1x), 35 KiB/60 KiB (r/w)net
I200408 06:54:04.443924 170 server/status/runtime.go:498  [n2] runtime stats: 161 MiB RSS, 156 goroutines, 101 MiB/86 MiB/202 MiB GO alloc/idle/total, 11 MiB/13 MiB CGO alloc/total, 1.3 CGO/sec, 2.6/1.9 %(u/s)time, 0.0 %gc (0x), 63 KiB/72 KiB (r/w)net
I200408 06:54:14.441595 170 server/status/runtime.go:498  [n2] runtime stats: 161 MiB RSS, 156 goroutines, 106 MiB/81 MiB/202 MiB GO alloc/idle/total, 11 MiB/13 MiB CGO alloc/total, 1.3 CGO/sec, 1.0/1.0 %(u/s)time, 0.0 %gc (0x), 12 KiB/30 KiB (r/w)net
I200408 06:54:24.378259 166 gossip/gossip.go:566  [n2] gossip status (ok, 2 nodes)
gossip client (0/3 cur/max conns)
gossip server (1/3 cur/max conns, infos 105/493 sent/received, bytes 23645B/82833B sent/received)
  1: cc46f009c52a:26257 (2m59s)
I200408 06:54:24.407755 170 server/status/runtime.go:498  [n2] runtime stats: 161 MiB RSS, 156 goroutines, 112 MiB/75 MiB/202 MiB GO alloc/idle/total, 11 MiB/13 MiB CGO alloc/total, 1.3 CGO/sec, 0.6/0.7 %(u/s)time, 0.0 %gc (0x), 12 KiB/29 KiB (r/w)net
I200408 06:54:34.408125 170 server/status/runtime.go:498  [n2] runtime stats: 161 MiB RSS, 155 goroutines, 118 MiB/69 MiB/202 MiB GO alloc/idle/total, 11 MiB/13 MiB CGO alloc/total, 1.4 CGO/sec, 0.8/1.0 %(u/s)time, 0.0 %gc (0x), 16 KiB/34 KiB (r/w)net
I200408 06:54:44.409550 170 server/status/runtime.go:498  [n2] runtime stats: 161 MiB RSS, 155 goroutines, 124 MiB/63 MiB/202 MiB GO alloc/idle/total, 11 MiB/13 MiB CGO alloc/total, 1.3 CGO/sec, 0.7/0.7 %(u/s)time, 0.0 %gc (0x), 12 KiB/29 KiB (r/w)net
I200408 06:54:54.522892 170 server/status/runtime.go:498  [n2] runtime stats: 161 MiB RSS, 155 goroutines, 130 MiB/58 MiB/202 MiB GO alloc/idle/total, 11 MiB/13 MiB CGO alloc/total, 1.3 CGO/sec, 1.8/2.6 %(u/s)time, 0.0 %gc (0x), 12 KiB/29 KiB (r/w)net
I200408 06:55:04.509055 170 server/status/runtime.go:498  [n2] runtime stats: 161 MiB RSS, 156 goroutines, 136 MiB/52 MiB/202 MiB GO alloc/idle/total, 11 MiB/13 MiB CGO alloc/total, 2.1 CGO/sec, 1.6/2.8 %(u/s)time, 0.0 %gc (0x), 14 KiB/31 KiB (r/w)net
I200408 06:55:14.509724 170 server/status/runtime.go:498  [n2] runtime stats: 164 MiB RSS, 156 goroutines, 144 MiB/44 MiB/202 MiB GO alloc/idle/total, 11 MiB/13 MiB CGO alloc/total, 1.4 CGO/sec, 0.4/1.4 %(u/s)time, 0.0 %gc (0x), 12 KiB/30 KiB (r/w)net
I200408 06:55:24.307014 166 gossip/gossip.go:566  [n2] gossip status (ok, 2 nodes)
gossip client (0/3 cur/max conns)
gossip server (1/3 cur/max conns, infos 136/635 sent/received, bytes 30304B/100811B sent/received)
  1: cc46f009c52a:26257 (3m59s)
I200408 06:55:24.473847 170 server/status/runtime.go:498  [n2] runtime stats: 168 MiB RSS, 156 goroutines, 83 MiB/99 MiB/202 MiB GO alloc/idle/total, 11 MiB/13 MiB CGO alloc/total, 0.5 CGO/sec, 2.1/3.4 %(u/s)time, 0.0 %gc (1x), 12 KiB/29 KiB (r/w)net
I200408 06:55:34.478621 170 server/status/runtime.go:498  [n2] runtime stats: 168 MiB RSS, 155 goroutines, 89 MiB/94 MiB/202 MiB GO alloc/idle/total, 11 MiB/13 MiB CGO alloc/total, 2.1 CGO/sec, 0.5/0.7 %(u/s)time, 0.0 %gc (0x), 16 KiB/32 KiB (r/w)net
