I200407 20:14:29.302451 1 util/log/clog.go:1196  [config] file created at: 2020/04/07 20:14:29
I200407 20:14:29.302451 1 util/log/clog.go:1196  [config] running on machine: b3822c71d721
I200407 20:14:29.302451 1 util/log/clog.go:1196  [config] binary: CockroachDB CCL v19.2.5 (x86_64-unknown-linux-gnu, built 2020/03/16 18:27:12, go1.12.12)
I200407 20:14:29.302451 1 util/log/clog.go:1196  [config] arguments: [/cockroach/cockroach start --insecure --join=database_1]
I200407 20:14:29.302451 1 util/log/clog.go:1196  line format: [IWEF]yymmdd hh:mm:ss.uuuuuu goid file:line msg utf8=✓
I200407 20:14:29.302428 1 cli/start.go:1144  logging to directory /cockroach/cockroach-data/logs
W200407 20:14:29.375348 1 cli/start.go:1182  RUNNING IN INSECURE MODE!

- Your cluster is open for any client that can access <all your IP addresses>.
- Any user, even root, can log in without providing a password.
- Any user, connecting as root, can read or write any data in your cluster.
- There is no network encryption nor authentication, and thus no confidentiality.

Check out how to secure your cluster: https://www.cockroachlabs.com/docs/v19.2/secure-a-cluster.html
I200407 20:14:29.376964 1 server/status/recorder.go:597  available memory from cgroups (8.0 EiB) is unsupported, using system memory 2.9 GiB instead: 
W200407 20:14:29.377217 1 cli/start.go:1052  Using the default setting for --cache (128 MiB).
  A significantly larger value is usually needed for good performance.
  If you have a dedicated server a reasonable setting is --cache=.25 (749 MiB).
I200407 20:14:29.377814 1 server/status/recorder.go:597  available memory from cgroups (8.0 EiB) is unsupported, using system memory 2.9 GiB instead: 
W200407 20:14:29.377913 1 cli/start.go:1065  Using the default setting for --max-sql-memory (128 MiB).
  A significantly larger value is usually needed in production.
  If you have a dedicated server a reasonable setting is --max-sql-memory=.25 (749 MiB).
I200407 20:14:29.378551 1 server/status/recorder.go:597  available memory from cgroups (8.0 EiB) is unsupported, using system memory 2.9 GiB instead: 
I200407 20:14:29.378705 1 cli/start.go:1196  CockroachDB CCL v19.2.5 (x86_64-unknown-linux-gnu, built 2020/03/16 18:27:12, go1.12.12)
I200407 20:14:30.703076 1 server/status/recorder.go:597  available memory from cgroups (8.0 EiB) is unsupported, using system memory 2.9 GiB instead: 
I200407 20:14:30.703372 1 server/config.go:394  system total memory: 2.9 GiB
I200407 20:14:30.723480 1 server/config.go:396  server configuration:
max offset             500000000
cache size             128 MiB
SQL memory pool size   128 MiB
scan interval          10m0s
scan min idle time     10ms
scan max idle time     1s
event log enabled      true
I200407 20:14:30.723756 1 cli/start.go:1030  using local environment variables: COCKROACH_CHANNEL=official-docker
I200407 20:14:30.723851 1 cli/start.go:1037  process identity: uid 0 euid 0 gid 0 egid 0
I200407 20:14:30.728720 1 cli/start.go:644  starting cockroach node
I200407 20:14:30.917095 28 storage/engine/rocksdb.go:622  opening rocksdb instance at "/cockroach/cockroach-data/cockroach-temp739538444"
I200407 20:14:32.458333 28 server/server.go:928  [n?] monitoring forward clock jumps based on server.clock.forward_jump_check_enabled
I200407 20:14:32.491293 28 storage/engine/rocksdb.go:622  opening rocksdb instance at "/cockroach/cockroach-data"
I200407 20:14:33.257239 28 server/config.go:502  [n?] 1 storage engine initialized
I200407 20:14:33.257481 28 server/config.go:505  [n?] RocksDB cache size: 128 MiB
I200407 20:14:33.257633 28 server/config.go:505  [n?] store 0: RocksDB, max size 0 B, max open file limit 1043576
W200407 20:14:33.339334 28 gossip/gossip.go:1517  [n?] no incoming or outgoing connections
W200407 20:14:33.358372 28 cli/start.go:996  neither --listen-addr nor --advertise-addr was specified.
The server will advertise "b3822c71d721" to other nodes, is this routable?

Consider using:
- for local-only servers:  --listen-addr=localhost
- for multi-node clusters: --advertise-addr=<host/IP addr>
I200407 20:14:33.370564 28 gossip/gossip.go:394  [n2] NodeDescriptor set to node_id:2 address:<network_field:"tcp" address_field:"b3822c71d721:26257" > attrs:<> locality:<> ServerVersion:<major_val:19 minor_val:2 patch:0 unstable:0 > build_tag:"v19.2.5" started_at:1586290473364211300 cluster_name:"" sql_address:<network_field:"tcp" address_field:"b3822c71d721:26257" > 
I200407 20:14:33.566277 74 gossip/client.go:124  [n2] started gossip client to database_1:26257
I200407 20:14:34.035125 28 server/node.go:431  [n2] initialized store [n2,s2]: disk (capacity=60 TiB, available=32 TiB, used=5.8 MiB, logicalBytes=0 B), ranges=0, leases=0, queries=0.00, writes=0.00, bytesPerReplica={p10=0.00 p25=0.00 p50=0.00 p75=0.00 p90=0.00 pMax=0.00}, writesPerReplica={p10=0.00 p25=0.00 p50=0.00 p75=0.00 p90=0.00 pMax=0.00}
I200407 20:14:34.035515 28 storage/stores.go:240  [n2] read 1 node addresses from persistent storage
I200407 20:14:34.035887 28 server/node.go:645  [n2] connecting to gossip network to verify cluster ID...
I200407 20:14:34.407809 90 gossip/client.go:124  [n2] started gossip client to 7fccd0f05b67:26257
I200407 20:14:34.417012 90 gossip/client.go:129  [n2] closing client to n1 (7fccd0f05b67:26257): rpc error: code = Unknown desc = duplicate connection from node at b3822c71d721:26257
I200407 20:14:34.699139 28 server/node.go:665  [n2] node connected via gossip and verified as part of cluster "ea35b6ad-0215-43e2-94d0-3ce953db1cc1"
I200407 20:14:34.699562 28 server/node.go:512  [n2] node=2: started with [<no-attributes>=/cockroach/cockroach-data] engine(s) and attributes []
I200407 20:14:34.740238 28 server/server.go:1514  [n2] starting http server at [::]:8080 (use: b3822c71d721:8080)
I200407 20:14:34.740301 28 server/server.go:1521  [n2] starting grpc/postgres server at [::]:26257
I200407 20:14:34.740359 28 server/server.go:1522  [n2] advertising CockroachDB node at b3822c71d721:26257
I200407 20:14:34.899382 65 gossip/gossip.go:1531  [n2] node has connected to cluster via gossip
I200407 20:14:34.899901 65 storage/stores.go:259  [n2] wrote 1 node addresses to persistent storage
W200407 20:14:36.667040 165 storage/node_liveness.go:559  [n2,liveness-hb] slow heartbeat took 1.9s
I200407 20:14:36.667166 165 storage/node_liveness.go:474  [n2,liveness-hb] heartbeat failed on epoch increment; retrying
I200407 20:14:38.079261 28 server/server.go:1590  [n2] done ensuring all necessary migrations have run
I200407 20:14:38.079710 28 server/server.go:1841  [n2] serving sql connections
I200407 20:14:38.080164 28 cli/start.go:803  [config] clusterID: ea35b6ad-0215-43e2-94d0-3ce953db1cc1
I200407 20:14:38.080375 28 cli/start.go:812  node startup completed:
CockroachDB node starting at 2020-04-07 20:14:38.0800025 +0000 UTC (took 8.8s)
build:               CCL v19.2.5 @ 2020/03/16 18:27:12 (go1.12.12)
webui:               http://b3822c71d721:8080
sql:                 postgresql://root@b3822c71d721:26257?sslmode=disable
RPC client flags:    /cockroach/cockroach <client cmd> --host=b3822c71d721:26257 --insecure
logs:                /cockroach/cockroach-data/logs
temp dir:            /cockroach/cockroach-data/cockroach-temp739538444
external I/O path:   /cockroach/cockroach-data/extern
store[0]:            path=/cockroach/cockroach-data
status:              restarted pre-existing node
clusterID:           ea35b6ad-0215-43e2-94d0-3ce953db1cc1
nodeID:              2
I200407 20:14:39.609438 233 server/server_update.go:53  [n2] no need to upgrade, cluster already at the newest version
I200407 20:14:39.888239 235 sql/event_log.go:130  [n2] Event: "node_restart", target: 2, info: {Descriptor:{NodeID:2 Address:b3822c71d721:26257 Attrs: Locality: ServerVersion:19.2 BuildTag:v19.2.5 StartedAt:1586290473364211300 LocalityAddress:[] ClusterName: SQLAddress:b3822c71d721:26257} ClusterID:ea35b6ad-0215-43e2-94d0-3ce953db1cc1 StartedAt:1586290473364211300 LastUp:1586290448911835300}
I200407 20:14:44.756325 143 server/status/runtime.go:498  [n2] runtime stats: 108 MiB RSS, 152 goroutines, 94 MiB/30 MiB/135 MiB GO alloc/idle/total, 2.9 MiB/4.8 MiB CGO alloc/total, 0.0 CGO/sec, 0.0/0.0 %(u/s)time, 0.0 %gc (9x), 161 KiB/78 KiB (r/w)net
W200407 20:14:48.305490 226 server/node.go:826  [n2,summaries] health alerts detected: {Alerts:[{StoreID:0 Category:METRICS Description:liveness.heartbeatfailures Value:1}]}
I200407 20:14:54.731691 143 server/status/runtime.go:498  [n2] runtime stats: 116 MiB RSS, 152 goroutines, 101 MiB/23 MiB/135 MiB GO alloc/idle/total, 2.9 MiB/4.8 MiB CGO alloc/total, 1.3 CGO/sec, 1.0/2.4 %(u/s)time, 0.0 %gc (0x), 16 KiB/30 KiB (r/w)net
I200407 20:14:54.864678 138 storage/store.go:2364  [n2,s2] sstables (read amplification = 2):
0 [ 1K 1 ]: 1K
6 [ 1K 1 ]: 1K
I200407 20:14:54.865075 138 storage/store.go:2365  [n2,s2] 
** Compaction Stats [default] **
Level    Files   Size     Score Read(GB)  Rn(GB) Rnp1(GB) Write(GB) Wnew(GB) Moved(GB) W-Amp Rd(MB/s) Wr(MB/s) Comp(sec) CompMergeCPU(sec) Comp(cnt) Avg(sec) KeyIn KeyDrop
----------------------------------------------------------------------------------------------------------------------------------------------------------------------------
  L0      1/0    1.15 KB   0.5      0.0     0.0      0.0       0.0      0.0       0.0   1.0      0.0      0.0      0.09              0.00         1    0.087       0      0
  L6      1/0    1.09 KB   0.0      0.0     0.0      0.0       0.0      0.0       0.0   0.0      0.0      0.0      0.00              0.00         0    0.000       0      0
 Sum      2/0    2.24 KB   0.0      0.0     0.0      0.0       0.0      0.0       0.0   1.0      0.0      0.0      0.09              0.00         1    0.087       0      0
 Int      0/0    0.00 KB   0.0      0.0     0.0      0.0       0.0      0.0       0.0   1.0      0.0      0.0      0.09              0.00         1    0.087       0      0

** Compaction Stats [default] **
Priority    Files   Size     Score Read(GB)  Rn(GB) Rnp1(GB) Write(GB) Wnew(GB) Moved(GB) W-Amp Rd(MB/s) Wr(MB/s) Comp(sec) CompMergeCPU(sec) Comp(cnt) Avg(sec) KeyIn KeyDrop
-------------------------------------------------------------------------------------------------------------------------------------------------------------------------------
User      0/0    0.00 KB   0.0      0.0     0.0      0.0       0.0      0.0       0.0   0.0      0.0      0.0      0.09              0.00         1    0.087       0      0
Uptime(secs): 22.2 total, 22.2 interval
Flush(GB): cumulative 0.000, interval 0.000
AddFile(GB): cumulative 0.000, interval 0.000
AddFile(Total Files): cumulative 0, interval 0
AddFile(L0 Files): cumulative 0, interval 0
AddFile(Keys): cumulative 0, interval 0
Cumulative compaction: 0.00 GB write, 0.00 MB/s write, 0.00 GB read, 0.00 MB/s read, 0.1 seconds
Interval compaction: 0.00 GB write, 0.00 MB/s write, 0.00 GB read, 0.00 MB/s read, 0.1 seconds
Stalls(count): 0 level0_slowdown, 0 level0_slowdown_with_compaction, 0 level0_numfiles, 0 level0_numfiles_with_compaction, 0 stop for pending_compaction_bytes, 0 slowdown for pending_compaction_bytes, 0 memtable_compaction, 0 memtable_slowdown, interval 0 total count
estimated_pending_compaction_bytes: 0 B
I200407 20:15:04.729558 143 server/status/runtime.go:498  [n2] runtime stats: 124 MiB RSS, 152 goroutines, 108 MiB/16 MiB/135 MiB GO alloc/idle/total, 3.1 MiB/5.0 MiB CGO alloc/total, 1.5 CGO/sec, 0.9/2.0 %(u/s)time, 0.0 %gc (0x), 14 KiB/30 KiB (r/w)net
I200407 20:15:14.726776 143 server/status/runtime.go:498  [n2] runtime stats: 132 MiB RSS, 153 goroutines, 116 MiB/8.0 MiB/135 MiB GO alloc/idle/total, 3.1 MiB/5.1 MiB CGO alloc/total, 1.3 CGO/sec, 2.0/4.2 %(u/s)time, 0.0 %gc (0x), 17 KiB/33 KiB (r/w)net
I200407 20:15:24.690239 143 server/status/runtime.go:498  [n2] runtime stats: 136 MiB RSS, 153 goroutines, 81 MiB/40 MiB/135 MiB GO alloc/idle/total, 3.2 MiB/5.1 MiB CGO alloc/total, 1.4 CGO/sec, 1.8/3.4 %(u/s)time, 0.0 %gc (1x), 12 KiB/30 KiB (r/w)net
I200407 20:15:34.636484 139 gossip/gossip.go:566  [n2] gossip status (ok, 2 nodes)
gossip client (1/3 cur/max conns)
  1: database_1:26257 (1m1s: infos 39/210 sent/received, bytes 5799B/45072B sent/received)
gossip server (0/3 cur/max conns, infos 39/212 sent/received, bytes 5874B/45408B sent/received)
gossip connectivity
  n1 [sentinel];
  n2 -> n1;
I200407 20:15:34.702234 143 server/status/runtime.go:498  [n2] runtime stats: 136 MiB RSS, 153 goroutines, 87 MiB/35 MiB/135 MiB GO alloc/idle/total, 11 MiB/13 MiB CGO alloc/total, 1.3 CGO/sec, 0.8/1.5 %(u/s)time, 0.0 %gc (0x), 12 KiB/30 KiB (r/w)net
I200407 20:15:44.690351 143 server/status/runtime.go:498  [n2] runtime stats: 137 MiB RSS, 152 goroutines, 94 MiB/29 MiB/135 MiB GO alloc/idle/total, 11 MiB/13 MiB CGO alloc/total, 1.3 CGO/sec, 0.9/1.9 %(u/s)time, 0.0 %gc (0x), 25 KiB/39 KiB (r/w)net
I200407 20:15:54.655454 143 server/status/runtime.go:498  [n2] runtime stats: 137 MiB RSS, 152 goroutines, 100 MiB/24 MiB/135 MiB GO alloc/idle/total, 11 MiB/13 MiB CGO alloc/total, 1.3 CGO/sec, 0.4/0.8 %(u/s)time, 0.0 %gc (0x), 10 KiB/28 KiB (r/w)net
I200407 20:16:04.656688 143 server/status/runtime.go:498  [n2] runtime stats: 137 MiB RSS, 152 goroutines, 105 MiB/18 MiB/135 MiB GO alloc/idle/total, 11 MiB/13 MiB CGO alloc/total, 1.3 CGO/sec, 0.5/0.7 %(u/s)time, 0.0 %gc (0x), 11 KiB/29 KiB (r/w)net
I200407 20:16:14.658748 143 server/status/runtime.go:498  [n2] runtime stats: 137 MiB RSS, 153 goroutines, 111 MiB/12 MiB/135 MiB GO alloc/idle/total, 11 MiB/13 MiB CGO alloc/total, 1.4 CGO/sec, 0.5/1.0 %(u/s)time, 0.0 %gc (0x), 14 KiB/32 KiB (r/w)net
I200407 20:16:24.622599 143 server/status/runtime.go:498  [n2] runtime stats: 138 MiB RSS, 153 goroutines, 117 MiB/6.8 MiB/135 MiB GO alloc/idle/total, 11 MiB/13 MiB CGO alloc/total, 1.3 CGO/sec, 0.6/1.2 %(u/s)time, 0.0 %gc (0x), 11 KiB/28 KiB (r/w)net
I200407 20:16:34.559589 139 gossip/gossip.go:566  [n2] gossip status (ok, 2 nodes)
gossip client (1/3 cur/max conns)
  1: database_1:26257 (2m1s: infos 70/354 sent/received, bytes 10421B/60736B sent/received)
gossip server (0/3 cur/max conns, infos 70/356 sent/received, bytes 10496B/61072B sent/received)
I200407 20:16:34.623728 143 server/status/runtime.go:498  [n2] runtime stats: 143 MiB RSS, 153 goroutines, 125 MiB/63 MiB/201 MiB GO alloc/idle/total, 11 MiB/13 MiB CGO alloc/total, 1.3 CGO/sec, 0.6/0.8 %(u/s)time, 0.0 %gc (0x), 10 KiB/29 KiB (r/w)net
I200407 20:16:44.625423 143 server/status/runtime.go:498  [n2] runtime stats: 151 MiB RSS, 152 goroutines, 132 MiB/56 MiB/201 MiB GO alloc/idle/total, 11 MiB/13 MiB CGO alloc/total, 1.3 CGO/sec, 0.6/1.3 %(u/s)time, 0.0 %gc (0x), 14 KiB/31 KiB (r/w)net
I200407 20:16:54.589467 143 server/status/runtime.go:498  [n2] runtime stats: 155 MiB RSS, 152 goroutines, 81 MiB/104 MiB/201 MiB GO alloc/idle/total, 11 MiB/13 MiB CGO alloc/total, 1.4 CGO/sec, 0.7/0.9 %(u/s)time, 0.0 %gc (1x), 12 KiB/30 KiB (r/w)net
I200407 20:17:04.590085 143 server/status/runtime.go:498  [n2] runtime stats: 155 MiB RSS, 152 goroutines, 87 MiB/99 MiB/201 MiB GO alloc/idle/total, 11 MiB/13 MiB CGO alloc/total, 1.3 CGO/sec, 0.4/0.7 %(u/s)time, 0.0 %gc (0x), 11 KiB/29 KiB (r/w)net
I200407 20:17:14.591336 143 server/status/runtime.go:498  [n2] runtime stats: 155 MiB RSS, 153 goroutines, 93 MiB/94 MiB/201 MiB GO alloc/idle/total, 11 MiB/13 MiB CGO alloc/total, 1.3 CGO/sec, 0.8/1.1 %(u/s)time, 0.0 %gc (0x), 14 KiB/32 KiB (r/w)net
I200407 20:17:24.558115 143 server/status/runtime.go:498  [n2] runtime stats: 155 MiB RSS, 153 goroutines, 99 MiB/88 MiB/202 MiB GO alloc/idle/total, 11 MiB/13 MiB CGO alloc/total, 1.3 CGO/sec, 0.7/0.9 %(u/s)time, 0.0 %gc (0x), 10 KiB/28 KiB (r/w)net
I200407 20:17:34.489085 139 gossip/gossip.go:566  [n2] gossip status (ok, 2 nodes)
gossip client (1/3 cur/max conns)
  1: database_1:26257 (3m1s: infos 101/498 sent/received, bytes 15043B/76436B sent/received)
gossip server (0/3 cur/max conns, infos 101/500 sent/received, bytes 15118B/76772B sent/received)
I200407 20:17:34.576075 143 server/status/runtime.go:498  [n2] runtime stats: 155 MiB RSS, 153 goroutines, 104 MiB/83 MiB/202 MiB GO alloc/idle/total, 11 MiB/13 MiB CGO alloc/total, 1.3 CGO/sec, 0.6/1.1 %(u/s)time, 0.0 %gc (0x), 12 KiB/29 KiB (r/w)net
I200407 20:17:44.565550 143 server/status/runtime.go:498  [n2] runtime stats: 155 MiB RSS, 152 goroutines, 110 MiB/77 MiB/202 MiB GO alloc/idle/total, 11 MiB/13 MiB CGO alloc/total, 1.4 CGO/sec, 0.6/0.9 %(u/s)time, 0.0 %gc (0x), 14 KiB/32 KiB (r/w)net
I200407 20:17:54.530248 143 server/status/runtime.go:498  [n2] runtime stats: 155 MiB RSS, 152 goroutines, 116 MiB/72 MiB/202 MiB GO alloc/idle/total, 11 MiB/13 MiB CGO alloc/total, 1.3 CGO/sec, 0.7/1.1 %(u/s)time, 0.0 %gc (0x), 11 KiB/28 KiB (r/w)net
I200407 20:18:04.530476 143 server/status/runtime.go:498  [n2] runtime stats: 155 MiB RSS, 152 goroutines, 122 MiB/66 MiB/202 MiB GO alloc/idle/total, 11 MiB/13 MiB CGO alloc/total, 1.3 CGO/sec, 0.5/0.7 %(u/s)time, 0.0 %gc (0x), 11 KiB/29 KiB (r/w)net
I200407 20:18:14.532461 143 server/status/runtime.go:498  [n2] runtime stats: 155 MiB RSS, 153 goroutines, 128 MiB/60 MiB/202 MiB GO alloc/idle/total, 11 MiB/13 MiB CGO alloc/total, 1.3 CGO/sec, 0.7/1.0 %(u/s)time, 0.0 %gc (0x), 13 KiB/31 KiB (r/w)net
I200407 20:18:24.496891 143 server/status/runtime.go:498  [n2] runtime stats: 155 MiB RSS, 153 goroutines, 134 MiB/54 MiB/202 MiB GO alloc/idle/total, 11 MiB/13 MiB CGO alloc/total, 1.4 CGO/sec, 0.5/0.7 %(u/s)time, 0.0 %gc (0x), 11 KiB/29 KiB (r/w)net
I200407 20:18:34.418332 139 gossip/gossip.go:566  [n2] gossip status (ok, 2 nodes)
gossip client (1/3 cur/max conns)
  1: database_1:26257 (4m1s: infos 132/641 sent/received, bytes 19665B/92125B sent/received)
gossip server (0/3 cur/max conns, infos 132/643 sent/received, bytes 19740B/92461B sent/received)
I200407 20:18:34.500221 143 server/status/runtime.go:498  [n2] runtime stats: 160 MiB RSS, 153 goroutines, 141 MiB/47 MiB/202 MiB GO alloc/idle/total, 11 MiB/13 MiB CGO alloc/total, 1.3 CGO/sec, 0.5/1.0 %(u/s)time, 0.0 %gc (0x), 11 KiB/30 KiB (r/w)net
I200407 20:18:44.498940 143 server/status/runtime.go:498  [n2] runtime stats: 164 MiB RSS, 152 goroutines, 82 MiB/102 MiB/202 MiB GO alloc/idle/total, 11 MiB/13 MiB CGO alloc/total, 1.3 CGO/sec, 1.2/2.3 %(u/s)time, 0.0 %gc (1x), 14 KiB/32 KiB (r/w)net
I200407 20:18:54.464440 143 server/status/runtime.go:498  [n2] runtime stats: 164 MiB RSS, 152 goroutines, 88 MiB/98 MiB/202 MiB GO alloc/idle/total, 11 MiB/13 MiB CGO alloc/total, 1.3 CGO/sec, 0.6/0.9 %(u/s)time, 0.0 %gc (0x), 10 KiB/28 KiB (r/w)net
I200407 20:19:04.465274 143 server/status/runtime.go:498  [n2] runtime stats: 164 MiB RSS, 152 goroutines, 94 MiB/92 MiB/202 MiB GO alloc/idle/total, 11 MiB/13 MiB CGO alloc/total, 1.4 CGO/sec, 0.6/1.0 %(u/s)time, 0.0 %gc (0x), 12 KiB/29 KiB (r/w)net
I200407 20:19:14.465495 143 server/status/runtime.go:498  [n2] runtime stats: 164 MiB RSS, 153 goroutines, 100 MiB/87 MiB/202 MiB GO alloc/idle/total, 11 MiB/13 MiB CGO alloc/total, 1.3 CGO/sec, 0.4/0.8 %(u/s)time, 0.0 %gc (0x), 13 KiB/31 KiB (r/w)net
I200407 20:19:24.429991 143 server/status/runtime.go:498  [n2] runtime stats: 164 MiB RSS, 153 goroutines, 106 MiB/82 MiB/202 MiB GO alloc/idle/total, 11 MiB/13 MiB CGO alloc/total, 1.3 CGO/sec, 0.7/1.0 %(u/s)time, 0.0 %gc (0x), 11 KiB/28 KiB (r/w)net
I200407 20:19:34.349294 139 gossip/gossip.go:566  [n2] gossip status (ok, 2 nodes)
gossip client (1/3 cur/max conns)
  1: database_1:26257 (5m1s: infos 163/785 sent/received, bytes 24287B/107825B sent/received)
gossip server (0/3 cur/max conns, infos 163/787 sent/received, bytes 24362B/108161B sent/received)
I200407 20:19:34.432167 143 server/status/runtime.go:498  [n2] runtime stats: 164 MiB RSS, 153 goroutines, 111 MiB/76 MiB/202 MiB GO alloc/idle/total, 11 MiB/13 MiB CGO alloc/total, 1.3 CGO/sec, 0.6/0.9 %(u/s)time, 0.0 %gc (0x), 10 KiB/28 KiB (r/w)net
I200407 20:19:44.433582 143 server/status/runtime.go:498  [n2] runtime stats: 164 MiB RSS, 152 goroutines, 117 MiB/70 MiB/202 MiB GO alloc/idle/total, 11 MiB/13 MiB CGO alloc/total, 1.3 CGO/sec, 0.4/1.1 %(u/s)time, 0.0 %gc (0x), 14 KiB/32 KiB (r/w)net
I200407 20:19:54.397160 143 server/status/runtime.go:498  [n2] runtime stats: 164 MiB RSS, 152 goroutines, 123 MiB/65 MiB/202 MiB GO alloc/idle/total, 11 MiB/13 MiB CGO alloc/total, 1.4 CGO/sec, 0.6/0.9 %(u/s)time, 0.0 %gc (0x), 11 KiB/29 KiB (r/w)net
I200407 20:20:04.398217 143 server/status/runtime.go:498  [n2] runtime stats: 164 MiB RSS, 152 goroutines, 129 MiB/59 MiB/202 MiB GO alloc/idle/total, 11 MiB/13 MiB CGO alloc/total, 1.3 CGO/sec, 0.5/0.7 %(u/s)time, 0.0 %gc (0x), 11 KiB/28 KiB (r/w)net
I200407 20:20:14.398432 143 server/status/runtime.go:498  [n2] runtime stats: 164 MiB RSS, 153 goroutines, 135 MiB/53 MiB/202 MiB GO alloc/idle/total, 11 MiB/13 MiB CGO alloc/total, 1.3 CGO/sec, 0.6/0.9 %(u/s)time, 0.0 %gc (0x), 13 KiB/31 KiB (r/w)net
I200407 20:20:24.363912 143 server/status/runtime.go:498  [n2] runtime stats: 164 MiB RSS, 153 goroutines, 141 MiB/47 MiB/202 MiB GO alloc/idle/total, 11 MiB/13 MiB CGO alloc/total, 1.3 CGO/sec, 0.4/0.8 %(u/s)time, 0.0 %gc (0x), 10 KiB/28 KiB (r/w)net
I200407 20:20:34.278547 139 gossip/gossip.go:566  [n2] gossip status (ok, 2 nodes)
gossip client (1/3 cur/max conns)
  1: database_1:26257 (6m1s: infos 194/929 sent/received, bytes 28909B/123489B sent/received)
gossip server (0/3 cur/max conns, infos 194/931 sent/received, bytes 28984B/123825B sent/received)
I200407 20:20:34.370861 143 server/status/runtime.go:498  [n2] runtime stats: 166 MiB RSS, 153 goroutines, 146 MiB/41 MiB/202 MiB GO alloc/idle/total, 11 MiB/13 MiB CGO alloc/total, 1.4 CGO/sec, 0.5/1.1 %(u/s)time, 0.0 %gc (0x), 12 KiB/30 KiB (r/w)net
I200407 20:20:44.371919 143 server/status/runtime.go:498  [n2] runtime stats: 170 MiB RSS, 152 goroutines, 82 MiB/103 MiB/202 MiB GO alloc/idle/total, 11 MiB/13 MiB CGO alloc/total, 2.1 CGO/sec, 1.1/1.7 %(u/s)time, 0.0 %gc (1x), 14 KiB/32 KiB (r/w)net
I200407 20:20:54.335359 143 server/status/runtime.go:498  [n2] runtime stats: 170 MiB RSS, 152 goroutines, 88 MiB/98 MiB/202 MiB GO alloc/idle/total, 11 MiB/13 MiB CGO alloc/total, 0.5 CGO/sec, 0.4/0.5 %(u/s)time, 0.0 %gc (0x), 11 KiB/29 KiB (r/w)net
I200407 20:21:04.334970 143 server/status/runtime.go:498  [n2] runtime stats: 170 MiB RSS, 152 goroutines, 94 MiB/93 MiB/202 MiB GO alloc/idle/total, 11 MiB/13 MiB CGO alloc/total, 1.3 CGO/sec, 0.7/1.4 %(u/s)time, 0.0 %gc (0x), 10 KiB/28 KiB (r/w)net
I200407 20:21:14.336186 143 server/status/runtime.go:498  [n2] runtime stats: 170 MiB RSS, 153 goroutines, 99 MiB/87 MiB/202 MiB GO alloc/idle/total, 11 MiB/13 MiB CGO alloc/total, 1.3 CGO/sec, 1.0/1.4 %(u/s)time, 0.0 %gc (0x), 13 KiB/32 KiB (r/w)net
I200407 20:21:24.301636 143 server/status/runtime.go:498  [n2] runtime stats: 170 MiB RSS, 153 goroutines, 105 MiB/82 MiB/202 MiB GO alloc/idle/total, 11 MiB/13 MiB CGO alloc/total, 1.4 CGO/sec, 0.7/1.4 %(u/s)time, 0.0 %gc (0x), 11 KiB/29 KiB (r/w)net
I200407 20:21:34.214877 139 gossip/gossip.go:566  [n2] gossip status (ok, 2 nodes)
gossip client (1/3 cur/max conns)
  1: database_1:26257 (7m1s: infos 225/1072 sent/received, bytes 33531B/139142B sent/received)
gossip server (0/3 cur/max conns, infos 225/1074 sent/received, bytes 33606B/139478B sent/received)
I200407 20:21:34.301673 143 server/status/runtime.go:498  [n2] runtime stats: 170 MiB RSS, 153 goroutines, 111 MiB/76 MiB/202 MiB GO alloc/idle/total, 11 MiB/13 MiB CGO alloc/total, 1.3 CGO/sec, 0.5/0.8 %(u/s)time, 0.0 %gc (0x), 11 KiB/28 KiB (r/w)net
I200407 20:21:44.302244 143 server/status/runtime.go:498  [n2] runtime stats: 170 MiB RSS, 152 goroutines, 117 MiB/71 MiB/202 MiB GO alloc/idle/total, 11 MiB/13 MiB CGO alloc/total, 1.3 CGO/sec, 0.6/1.2 %(u/s)time, 0.0 %gc (0x), 14 KiB/31 KiB (r/w)net
I200407 20:21:54.267325 143 server/status/runtime.go:498  [n2] runtime stats: 170 MiB RSS, 152 goroutines, 123 MiB/65 MiB/202 MiB GO alloc/idle/total, 11 MiB/13 MiB CGO alloc/total, 1.3 CGO/sec, 0.3/0.7 %(u/s)time, 0.0 %gc (0x), 11 KiB/30 KiB (r/w)net
I200407 20:22:04.267255 143 server/status/runtime.go:498  [n2] runtime stats: 170 MiB RSS, 152 goroutines, 129 MiB/59 MiB/202 MiB GO alloc/idle/total, 11 MiB/13 MiB CGO alloc/total, 1.4 CGO/sec, 0.4/0.6 %(u/s)time, 0.0 %gc (0x), 11 KiB/29 KiB (r/w)net
I200407 20:22:14.267783 143 server/status/runtime.go:498  [n2] runtime stats: 170 MiB RSS, 153 goroutines, 135 MiB/53 MiB/202 MiB GO alloc/idle/total, 11 MiB/13 MiB CGO alloc/total, 1.3 CGO/sec, 0.5/1.1 %(u/s)time, 0.0 %gc (0x), 13 KiB/32 KiB (r/w)net
I200407 20:22:24.102029 1 cli/start.go:865  received signal 'terminated'
I200407 20:22:24.103824 1 cli/start.go:930  initiating graceful shutdown of server
I200407 20:22:24.120239 1215 util/stop/stopper.go:542  [server drain process] quiescing; tasks left:
1      [async] stats.Refresher: maybeRefreshStats
1      [async] intent_resolver_ir_batcher
1      [async] intent_resolver_gc_batcher
1      [async] closedts-subscription
1      [async] closedts-rangefeed-subscriber
W200407 20:22:24.134195 65 gossip/gossip.go:1517  [n2] no incoming or outgoing connections
I200407 20:22:24.154380 1215 util/stop/stopper.go:542  [server drain process] quiescing; tasks left:
1      [async] closedts-subscription
1      [async] closedts-rangefeed-subscriber
I200407 20:22:24.501772 1215 storage/engine/rocksdb.go:762  closing rocksdb instance at "/cockroach/cockroach-data/cockroach-temp739538444"
I200407 20:22:24.603796 1215 storage/engine/rocksdb.go:762  closing rocksdb instance at "/cockroach/cockroach-data"
I200407 20:22:24.641008 1 cli/start.go:976  server drained and shutdown completed
