I200407 19:13:35.976742 1 util/log/clog.go:1196  [config] file created at: 2020/04/07 19:13:35
I200407 19:13:35.976742 1 util/log/clog.go:1196  [config] running on machine: 0db9250acf58
I200407 19:13:35.976742 1 util/log/clog.go:1196  [config] binary: CockroachDB CCL v19.2.5 (x86_64-unknown-linux-gnu, built 2020/03/16 18:27:12, go1.12.12)
I200407 19:13:35.976742 1 util/log/clog.go:1196  [config] arguments: [/cockroach/cockroach start --insecure --join=database_1]
I200407 19:13:35.976742 1 util/log/clog.go:1196  line format: [IWEF]yymmdd hh:mm:ss.uuuuuu goid file:line msg utf8=✓
I200407 19:13:35.976722 1 cli/start.go:1144  logging to directory /cockroach/cockroach-data/logs
W200407 19:13:35.997330 1 cli/start.go:1182  RUNNING IN INSECURE MODE!

- Your cluster is open for any client that can access <all your IP addresses>.
- Any user, even root, can log in without providing a password.
- Any user, connecting as root, can read or write any data in your cluster.
- There is no network encryption nor authentication, and thus no confidentiality.

Check out how to secure your cluster: https://www.cockroachlabs.com/docs/v19.2/secure-a-cluster.html
I200407 19:13:35.997914 1 server/status/recorder.go:597  available memory from cgroups (8.0 EiB) is unsupported, using system memory 2.9 GiB instead: 
W200407 19:13:35.998089 1 cli/start.go:1052  Using the default setting for --cache (128 MiB).
  A significantly larger value is usually needed for good performance.
  If you have a dedicated server a reasonable setting is --cache=.25 (749 MiB).
I200407 19:13:35.999600 1 server/status/recorder.go:597  available memory from cgroups (8.0 EiB) is unsupported, using system memory 2.9 GiB instead: 
W200407 19:13:35.999794 1 cli/start.go:1065  Using the default setting for --max-sql-memory (128 MiB).
  A significantly larger value is usually needed in production.
  If you have a dedicated server a reasonable setting is --max-sql-memory=.25 (749 MiB).
I200407 19:13:36.005985 1 server/status/recorder.go:597  available memory from cgroups (8.0 EiB) is unsupported, using system memory 2.9 GiB instead: 
I200407 19:13:36.008380 1 cli/start.go:1196  CockroachDB CCL v19.2.5 (x86_64-unknown-linux-gnu, built 2020/03/16 18:27:12, go1.12.12)
I200407 19:13:36.741524 1 server/status/recorder.go:597  available memory from cgroups (8.0 EiB) is unsupported, using system memory 2.9 GiB instead: 
I200407 19:13:36.741585 1 server/config.go:394  system total memory: 2.9 GiB
I200407 19:13:36.741699 1 server/config.go:396  server configuration:
max offset             500000000
cache size             128 MiB
SQL memory pool size   128 MiB
scan interval          10m0s
scan min idle time     10ms
scan max idle time     1s
event log enabled      true
I200407 19:13:36.741773 1 cli/start.go:1030  using local environment variables: COCKROACH_CHANNEL=official-docker
I200407 19:13:36.741828 1 cli/start.go:1037  process identity: uid 0 euid 0 gid 0 egid 0
I200407 19:13:36.741983 1 cli/start.go:644  starting cockroach node
I200407 19:13:36.866728 26 storage/engine/rocksdb.go:622  opening rocksdb instance at "/cockroach/cockroach-data/cockroach-temp822359556"
I200407 19:13:37.722115 26 server/server.go:928  [n?] monitoring forward clock jumps based on server.clock.forward_jump_check_enabled
I200407 19:13:37.753460 26 storage/engine/rocksdb.go:622  opening rocksdb instance at "/cockroach/cockroach-data"
I200407 19:13:38.538136 26 server/config.go:502  [n?] 1 storage engine initialized
I200407 19:13:38.538423 26 server/config.go:505  [n?] RocksDB cache size: 128 MiB
I200407 19:13:38.538582 26 server/config.go:505  [n?] store 0: RocksDB, max size 0 B, max open file limit 1043576
W200407 19:13:38.565220 26 gossip/gossip.go:1517  [n?] no incoming or outgoing connections
W200407 19:13:38.584332 26 cli/start.go:996  neither --listen-addr nor --advertise-addr was specified.
The server will advertise "0db9250acf58" to other nodes, is this routable?

Consider using:
- for local-only servers:  --listen-addr=localhost
- for multi-node clusters: --advertise-addr=<host/IP addr>
I200407 19:13:38.586861 26 gossip/gossip.go:394  [n2] NodeDescriptor set to node_id:2 address:<network_field:"tcp" address_field:"0db9250acf58:26257" > attrs:<> locality:<> ServerVersion:<major_val:19 minor_val:2 patch:0 unstable:0 > build_tag:"v19.2.5" started_at:1586286818586556900 cluster_name:"" sql_address:<network_field:"tcp" address_field:"0db9250acf58:26257" > 
I200407 19:13:38.865782 84 gossip/client.go:124  [n2] started gossip client to database_1:26257
I200407 19:13:39.048108 26 server/node.go:431  [n2] initialized store [n2,s2]: disk (capacity=60 TiB, available=32 TiB, used=5.4 MiB, logicalBytes=0 B), ranges=0, leases=0, queries=0.00, writes=0.00, bytesPerReplica={p10=0.00 p25=0.00 p50=0.00 p75=0.00 p90=0.00 pMax=0.00}, writesPerReplica={p10=0.00 p25=0.00 p50=0.00 p75=0.00 p90=0.00 pMax=0.00}
I200407 19:13:39.048550 26 storage/stores.go:240  [n2] read 1 node addresses from persistent storage
I200407 19:13:39.048876 26 storage/stores.go:259  [n2] wrote 2 node addresses to persistent storage
I200407 19:13:39.049107 26 server/node.go:645  [n2] connecting to gossip network to verify cluster ID...
I200407 19:13:39.726574 133 gossip/client.go:124  [n2] started gossip client to d7f4b7de5062:26257
I200407 19:13:39.749601 133 gossip/client.go:129  [n2] closing client to n1 (d7f4b7de5062:26257): rpc error: code = Unknown desc = duplicate connection from node at 0db9250acf58:26257
I200407 19:13:39.848323 26 server/node.go:665  [n2] node connected via gossip and verified as part of cluster "ea35b6ad-0215-43e2-94d0-3ce953db1cc1"
I200407 19:13:39.848567 26 server/node.go:512  [n2] node=2: started with [<no-attributes>=/cockroach/cockroach-data] engine(s) and attributes []
I200407 19:13:39.905803 26 server/server.go:1514  [n2] starting http server at [::]:8080 (use: 0db9250acf58:8080)
I200407 19:13:39.905979 26 server/server.go:1521  [n2] starting grpc/postgres server at [::]:26257
I200407 19:13:39.915840 26 server/server.go:1522  [n2] advertising CockroachDB node at 0db9250acf58:26257
I200407 19:13:40.473305 84 gossip/client.go:129  [n2] closing client to n1 (database_1:26257): stopping outgoing client to n1 (database_1:26257); already have incoming
I200407 19:13:40.473586 55 gossip/gossip.go:1531  [n2] node has connected to cluster via gossip
I200407 19:13:40.473899 55 storage/stores.go:259  [n2] wrote 1 node addresses to persistent storage
I200407 19:13:40.614864 201 gossip/client.go:124  [n2] started gossip client to d7f4b7de5062:26257
I200407 19:13:40.739509 201 gossip/client.go:129  [n2] closing client to n1 (d7f4b7de5062:26257): stopping outgoing client to n1 (d7f4b7de5062:26257); already have incoming
W200407 19:13:41.669160 166 storage/node_liveness.go:559  [n2,liveness-hb] slow heartbeat took 1.7s
I200407 19:13:41.669324 166 storage/node_liveness.go:474  [n2,liveness-hb] heartbeat failed on epoch increment; retrying
I200407 19:13:42.067465 26 server/server.go:1590  [n2] done ensuring all necessary migrations have run
I200407 19:13:42.067609 26 server/server.go:1841  [n2] serving sql connections
I200407 19:13:42.071342 26 cli/start.go:803  [config] clusterID: ea35b6ad-0215-43e2-94d0-3ce953db1cc1
I200407 19:13:42.071658 26 cli/start.go:812  node startup completed:
CockroachDB node starting at 2020-04-07 19:13:42.067953 +0000 UTC (took 6.1s)
build:               CCL v19.2.5 @ 2020/03/16 18:27:12 (go1.12.12)
webui:               http://0db9250acf58:8080
sql:                 postgresql://root@0db9250acf58:26257?sslmode=disable
RPC client flags:    /cockroach/cockroach <client cmd> --host=0db9250acf58:26257 --insecure
logs:                /cockroach/cockroach-data/logs
temp dir:            /cockroach/cockroach-data/cockroach-temp822359556
external I/O path:   /cockroach/cockroach-data/extern
store[0]:            path=/cockroach/cockroach-data
status:              restarted pre-existing node
clusterID:           ea35b6ad-0215-43e2-94d0-3ce953db1cc1
nodeID:              2
I200407 19:13:42.914297 243 server/server_update.go:53  [n2] no need to upgrade, cluster already at the newest version
I200407 19:13:43.415499 245 sql/event_log.go:130  [n2] Event: "node_restart", target: 2, info: {Descriptor:{NodeID:2 Address:0db9250acf58:26257 Attrs: Locality: ServerVersion:19.2 BuildTag:v19.2.5 StartedAt:1586286818586556900 LocalityAddress:[] ClusterName: SQLAddress:0db9250acf58:26257} ClusterID:ea35b6ad-0215-43e2-94d0-3ce953db1cc1 StartedAt:1586286818586556900 LastUp:1586286774890530500}
I200407 19:13:49.861476 160 server/status/runtime.go:498  [n2] runtime stats: 115 MiB RSS, 151 goroutines, 102 MiB/22 MiB/135 MiB GO alloc/idle/total, 2.6 MiB/5.3 MiB CGO alloc/total, 0.0 CGO/sec, 0.0/0.0 %(u/s)time, 0.0 %gc (8x), 172 KiB/82 KiB (r/w)net
W200407 19:13:52.326327 221 server/node.go:826  [n2,summaries] health alerts detected: {Alerts:[{StoreID:0 Category:METRICS Description:liveness.heartbeatfailures Value:1}]}
I200407 19:13:59.830600 160 server/status/runtime.go:498  [n2] runtime stats: 124 MiB RSS, 151 goroutines, 109 MiB/14 MiB/135 MiB GO alloc/idle/total, 2.6 MiB/5.3 MiB CGO alloc/total, 1.3 CGO/sec, 1.3/2.5 %(u/s)time, 0.0 %gc (0x), 17 KiB/31 KiB (r/w)net
I200407 19:14:00.029270 155 storage/store.go:2364  [n2,s2] sstables (read amplification = 2):
0 [ 1K 1 ]: 1K
6 [ 1K 1 ]: 1K
I200407 19:14:00.029641 155 storage/store.go:2365  [n2,s2] 
** Compaction Stats [default] **
Level    Files   Size     Score Read(GB)  Rn(GB) Rnp1(GB) Write(GB) Wnew(GB) Moved(GB) W-Amp Rd(MB/s) Wr(MB/s) Comp(sec) CompMergeCPU(sec) Comp(cnt) Avg(sec) KeyIn KeyDrop
----------------------------------------------------------------------------------------------------------------------------------------------------------------------------
  L0      1/0    1.16 KB   0.5      0.0     0.0      0.0       0.0      0.0       0.0   1.0      0.0      0.1      0.02              0.00         1    0.021       0      0
  L6      1/0    1.09 KB   0.0      0.0     0.0      0.0       0.0      0.0       0.0   0.0      0.0      0.0      0.00              0.00         0    0.000       0      0
 Sum      2/0    2.24 KB   0.0      0.0     0.0      0.0       0.0      0.0       0.0   1.0      0.0      0.1      0.02              0.00         1    0.021       0      0
 Int      0/0    0.00 KB   0.0      0.0     0.0      0.0       0.0      0.0       0.0   1.0      0.0      0.1      0.02              0.00         1    0.021       0      0

** Compaction Stats [default] **
Priority    Files   Size     Score Read(GB)  Rn(GB) Rnp1(GB) Write(GB) Wnew(GB) Moved(GB) W-Amp Rd(MB/s) Wr(MB/s) Comp(sec) CompMergeCPU(sec) Comp(cnt) Avg(sec) KeyIn KeyDrop
-------------------------------------------------------------------------------------------------------------------------------------------------------------------------------
User      0/0    0.00 KB   0.0      0.0     0.0      0.0       0.0      0.0       0.0   0.0      0.0      0.1      0.02              0.00         1    0.021       0      0
Uptime(secs): 21.8 total, 21.8 interval
Flush(GB): cumulative 0.000, interval 0.000
AddFile(GB): cumulative 0.000, interval 0.000
AddFile(Total Files): cumulative 0, interval 0
AddFile(L0 Files): cumulative 0, interval 0
AddFile(Keys): cumulative 0, interval 0
Cumulative compaction: 0.00 GB write, 0.00 MB/s write, 0.00 GB read, 0.00 MB/s read, 0.0 seconds
Interval compaction: 0.00 GB write, 0.00 MB/s write, 0.00 GB read, 0.00 MB/s read, 0.0 seconds
Stalls(count): 0 level0_slowdown, 0 level0_slowdown_with_compaction, 0 level0_numfiles, 0 level0_numfiles_with_compaction, 0 stop for pending_compaction_bytes, 0 slowdown for pending_compaction_bytes, 0 memtable_compaction, 0 memtable_slowdown, interval 0 total count
estimated_pending_compaction_bytes: 0 B
I200407 19:14:09.836367 160 server/status/runtime.go:498  [n2] runtime stats: 127 MiB RSS, 151 goroutines, 83 MiB/38 MiB/135 MiB GO alloc/idle/total, 2.8 MiB/5.3 MiB CGO alloc/total, 1.5 CGO/sec, 1.4/2.7 %(u/s)time, 0.0 %gc (1x), 16 KiB/31 KiB (r/w)net
I200407 19:14:19.831683 160 server/status/runtime.go:498  [n2] runtime stats: 128 MiB RSS, 152 goroutines, 89 MiB/33 MiB/135 MiB GO alloc/idle/total, 2.8 MiB/5.4 MiB CGO alloc/total, 1.3 CGO/sec, 0.8/1.9 %(u/s)time, 0.0 %gc (0x), 17 KiB/33 KiB (r/w)net
I200407 19:14:29.796630 160 server/status/runtime.go:498  [n2] runtime stats: 128 MiB RSS, 152 goroutines, 95 MiB/28 MiB/135 MiB GO alloc/idle/total, 11 MiB/14 MiB CGO alloc/total, 1.4 CGO/sec, 1.0/1.1 %(u/s)time, 0.0 %gc (0x), 12 KiB/30 KiB (r/w)net
I200407 19:14:39.780071 156 gossip/gossip.go:566  [n2] gossip status (ok, 2 nodes)
gossip client (0/3 cur/max conns)
gossip server (1/3 cur/max conns, infos 43/221 sent/received, bytes 11074B/52630B sent/received)
  1: d7f4b7de5062:26257 (59s)
gossip connectivity
  n1 [sentinel];
  n1 -> n2;
I200407 19:14:39.798284 160 server/status/runtime.go:498  [n2] runtime stats: 128 MiB RSS, 152 goroutines, 100 MiB/22 MiB/135 MiB GO alloc/idle/total, 11 MiB/14 MiB CGO alloc/total, 1.3 CGO/sec, 0.5/0.9 %(u/s)time, 0.0 %gc (0x), 13 KiB/30 KiB (r/w)net
I200407 19:14:45.096896 1 cli/start.go:865  received signal 'terminated'
I200407 19:14:45.102868 1 cli/start.go:930  initiating graceful shutdown of server
I200407 19:14:45.126284 543 util/stop/stopper.go:542  [server drain process] quiescing; tasks left:
1      [async] intent_resolver_ir_batcher
1      [async] intent_resolver_gc_batcher
1      [async] closedts-subscription
1      [async] closedts-rangefeed-subscriber
I200407 19:14:45.140396 543 util/stop/stopper.go:542  [server drain process] quiescing; tasks left:
1      [async] intent_resolver_ir_batcher
1      [async] intent_resolver_gc_batcher
1      [async] closedts-rangefeed-subscriber
I200407 19:14:45.166137 543 storage/engine/rocksdb.go:762  closing rocksdb instance at "/cockroach/cockroach-data/cockroach-temp822359556"
I200407 19:14:45.230057 543 storage/engine/rocksdb.go:762  closing rocksdb instance at "/cockroach/cockroach-data"
I200407 19:14:45.244175 1 cli/start.go:976  server drained and shutdown completed
